--------------- Build Started: 05/09/2018 16:43:49 Project: Design01, Configuration: ARM GCC 5.4-2016-q2-update Debug ---------------
cydsfit.exe -.appdatapath "C:\Users\basile.berckmoes\AppData\Local\Cypress Semiconductor\PSoC Creator\4.2" -.fdsnotice -.fdswarpdepfile=warp_dependencies.txt -.fdselabdepfile=elab_dependencies.txt -.fdsbldfile=generated_files.txt -.fdsreffile=referenced_files.txt -p C:\Users\basile.berckmoes\Documents\GitHub\RobotComp2ELO\Software\PSoc\Ble\ProjectBle\Design01.cydsn\Design01.cyprj -d CY8C5688LTI-LP086 -s C:\Users\basile.berckmoes\Documents\GitHub\RobotComp2ELO\Software\PSoc\Ble\ProjectBle\Design01.cydsn\Generated_Source\PSoC5 -- -yv2 -q10 -ygs -o2 -v3 -.fftcfgtype=LE
Elaborating Design...
ADD: sdb.M0065: information: Analog terminal "vdac_ref" on ADC_SAR_SEQ_v2_10 is unconnected.
 * C:\Program Files (x86)\Cypress\PSoC Creator\4.2\PSoC Creator\psoc\content\CyComponentLibrary\CyComponentLibrary.cylib\ADC_SAR_SEQ_v2_10\PSoC5\ADC_SAR_SEQ_v2_10.cysch (Signal: vdac_ref)
 * C:\Program Files (x86)\Cypress\PSoC Creator\4.2\PSoC Creator\psoc\content\CyComponentLibrary\CyComponentLibrary.cylib\ADC_SAR_SEQ_v2_10\PSoC5\ADC_SAR_SEQ_v2_10.cysch (Shape_798)
 * C:\Program Files (x86)\Cypress\PSoC Creator\4.2\PSoC Creator\psoc\content\CyComponentLibrary\CyComponentLibrary.cylib\ADC_SAR_SEQ_v2_10\PSoC5\ADC_SAR_SEQ_v2_10.cysch (Shape_885)
HDL Generation...
Synthesis...
Tech Mapping...
Analog Placement...
Info: apr.M0002: Analog signal "Net_66" is connected to one terminal only. (App=cydsfit)
Info: apr.M0002: Analog signal "Net_67" is connected to one terminal only. (App=cydsfit)
Info: apr.M0002: Analog signal "Net_69" is connected to one terminal only. (App=cydsfit)
Info: apr.M0002: Analog signal "Net_71" is connected to one terminal only. (App=cydsfit)
Info: apr.M0002: Analog signal "Net_72" is connected to one terminal only. (App=cydsfit)
Info: apr.M0002: Analog signal "Net_74" is connected to one terminal only. (App=cydsfit)
Info: apr.M0002: Analog signal "Net_76" is connected to one terminal only. (App=cydsfit)
Info: apr.M0002: Analog signal "Net_77" is connected to one terminal only. (App=cydsfit)
Info: apr.M0002: Analog signal "Net_79" is connected to one terminal only. (App=cydsfit)
Info: apr.M0002: Analog signal "Net_81" is connected to one terminal only. (App=cydsfit)
Info: apr.M0002: Analog signal "Net_82" is connected to one terminal only. (App=cydsfit)
Info: apr.M0002: Analog signal "Net_84" is connected to one terminal only. (App=cydsfit)
Info: apr.M0002: Analog signal "Net_86" is connected to one terminal only. (App=cydsfit)
Info: apr.M0002: Analog signal "Net_87" is connected to one terminal only. (App=cydsfit)
Info: apr.M0002: Analog signal "Net_89" is connected to one terminal only. (App=cydsfit)
Info: apr.M0002: Analog signal "Net_91" is connected to one terminal only. (App=cydsfit)
Info: apr.M0002: Analog signal "Net_92" is connected to one terminal only. (App=cydsfit)
Info: apr.M0002: Analog signal "Net_94" is connected to one terminal only. (App=cydsfit)
Info: apr.M0002: Analog signal "Net_96" is connected to one terminal only. (App=cydsfit)
Info: apr.M0002: Analog signal "Net_97" is connected to one terminal only. (App=cydsfit)
Info: apr.M0002: Analog signal "Net_99" is connected to one terminal only. (App=cydsfit)
Info: apr.M0002: Analog signal "Net_101" is connected to one terminal only. (App=cydsfit)
Info: apr.M0002: Analog signal "Net_102" is connected to one terminal only. (App=cydsfit)
Info: apr.M0002: Analog signal "Net_104" is connected to one terminal only. (App=cydsfit)
Info: apr.M0002: Analog signal "Net_106" is connected to one terminal only. (App=cydsfit)
Info: apr.M0002: Analog signal "Net_107" is connected to one terminal only. (App=cydsfit)
Info: apr.M0002: Analog signal "Net_109" is connected to one terminal only. (App=cydsfit)
Info: apr.M0002: Analog signal "Net_111" is connected to one terminal only. (App=cydsfit)
Info: apr.M0002: Analog signal "Net_112" is connected to one terminal only. (App=cydsfit)
Info: apr.M0002: Analog signal "Net_114" is connected to one terminal only. (App=cydsfit)
Info: apr.M0002: Analog signal "Net_116" is connected to one terminal only. (App=cydsfit)
Info: apr.M0002: Analog signal "Net_117" is connected to one terminal only. (App=cydsfit)
Info: apr.M0002: Analog signal "Net_119" is connected to one terminal only. (App=cydsfit)
Info: apr.M0002: Analog signal "Net_121" is connected to one terminal only. (App=cydsfit)
Info: apr.M0002: Analog signal "Net_122" is connected to one terminal only. (App=cydsfit)
Info: apr.M0002: Analog signal "Net_124" is connected to one terminal only. (App=cydsfit)
Info: apr.M0002: Analog signal "Net_126" is connected to one terminal only. (App=cydsfit)
Info: apr.M0002: Analog signal "Net_127" is connected to one terminal only. (App=cydsfit)
Info: apr.M0002: Analog signal "Net_129" is connected to one terminal only. (App=cydsfit)
Info: apr.M0002: Analog signal "Net_131" is connected to one terminal only. (App=cydsfit)
Info: apr.M0002: Analog signal "Net_132" is connected to one terminal only. (App=cydsfit)
Info: apr.M0002: Analog signal "Net_134" is connected to one terminal only. (App=cydsfit)
Info: apr.M0002: Analog signal "Net_136" is connected to one terminal only. (App=cydsfit)
Info: apr.M0002: Analog signal "Net_137" is connected to one terminal only. (App=cydsfit)
Info: apr.M0002: Analog signal "Net_139" is connected to one terminal only. (App=cydsfit)
Info: apr.M0002: Analog signal "Net_141" is connected to one terminal only. (App=cydsfit)
Info: apr.M0002: Analog signal "Net_142" is connected to one terminal only. (App=cydsfit)
Info: apr.M0002: Analog signal "Net_143" is connected to one terminal only. (App=cydsfit)
Info: apr.M0002: Analog signal "Net_144" is connected to one terminal only. (App=cydsfit)
Info: apr.M0002: Analog signal "Net_145" is connected to one terminal only. (App=cydsfit)
Info: apr.M0002: Analog signal "Net_146" is connected to one terminal only. (App=cydsfit)
Info: apr.M0002: Analog signal "Net_147" is connected to one terminal only. (App=cydsfit)
Info: apr.M0002: Analog signal "Net_148" is connected to one terminal only. (App=cydsfit)
Info: apr.M0002: Analog signal "Net_149" is connected to one terminal only. (App=cydsfit)
Info: apr.M0002: Analog signal "Net_150" is connected to one terminal only. (App=cydsfit)
Info: apr.M0002: Analog signal "Net_151" is connected to one terminal only. (App=cydsfit)
Info: apr.M0002: Analog signal "Net_152" is connected to one terminal only. (App=cydsfit)
Info: apr.M0002: Analog signal "Net_153" is connected to one terminal only. (App=cydsfit)
Info: apr.M0002: Analog signal "Net_154" is connected to one terminal only. (App=cydsfit)
Info: apr.M0002: Analog signal "Net_155" is connected to one terminal only. (App=cydsfit)
Info: apr.M0002: Analog signal "Net_156" is connected to one terminal only. (App=cydsfit)
Info: apr.M0002: Analog signal "Net_157" is connected to one terminal only. (App=cydsfit)
Log: apr.M0058: The analog placement iterative improvement is 40% done. (App=cydsfit)
Analog Routing...
Analog Code Generation...
Digital Placement...
Digital Routing...
Bitstream Generation...
Bitstream Verification...
Static timing analysis...
API Generation...
Dependency Generation...
Cleanup...
arm-none-eabi-gcc.exe -mcpu=cortex-m3 -mthumb -I. -IGenerated_Source\PSoC5 -Wa,-alh=.\CortexM3\ARM_GCC_541\Debug/cyfitter_cfg.lst -g -D DEBUG -D CY_CORE_ID=0 -Wall -ffunction-sections -ffat-lto-objects -Og -c Generated_Source\PSoC5\cyfitter_cfg.c -o .\CortexM3\ARM_GCC_541\Debug\cyfitter_cfg.o
arm-none-eabi-ar.exe -rs .\CortexM3\ARM_GCC_541\Debug\Design01.a .\CortexM3\ARM_GCC_541\Debug\Opamp_1.o .\CortexM3\ARM_GCC_541\Debug\Opamp_1_PM.o .\CortexM3\ARM_GCC_541\Debug\CyDmac.o .\CortexM3\ARM_GCC_541\Debug\CyFlash.o .\CortexM3\ARM_GCC_541\Debug\CyLib.o .\CortexM3\ARM_GCC_541\Debug\cyPm.o .\CortexM3\ARM_GCC_541\Debug\CySpc.o .\CortexM3\ARM_GCC_541\Debug\cyutils.o .\CortexM3\ARM_GCC_541\Debug\VDAC.o .\CortexM3\ARM_GCC_541\Debug\VDAC_PM.o .\CortexM3\ARM_GCC_541\Debug\bleTx.o .\CortexM3\ARM_GCC_541\Debug\key.o .\CortexM3\ARM_GCC_541\Debug\bleUart1.o .\CortexM3\ARM_GCC_541\Debug\bleUart1_PM.o .\CortexM3\ARM_GCC_541\Debug\bleUart1_INT.o .\CortexM3\ARM_GCC_541\Debug\bleUart1_BOOT.o .\CortexM3\ARM_GCC_541\Debug\puttyUart1.o .\CortexM3\ARM_GCC_541\Debug\puttyUart1_PM.o .\CortexM3\ARM_GCC_541\Debug\puttyUart1_INT.o .\CortexM3\ARM_GCC_541\Debug\puttyUart1_BOOT.o .\CortexM3\ARM_GCC_541\Debug\bleUart1_IntClock.o .\CortexM3\ARM_GCC_541\Debug\puttyUart1_IntClock.o .\CortexM3\ARM_GCC_541\Debug\rxPuttyISR.o .\CortexM3\ARM_GCC_541\Debug\rxBleISR.o .\CortexM3\ARM_GCC_541\Debug\cy_em_eeprom.o .\CortexM3\ARM_GCC_541\Debug\LCDD.o .\CortexM3\ARM_GCC_541\Debug\LCDD_PM.o .\CortexM3\ARM_GCC_541\Debug\LCDD_CustChars.o .\CortexM3\ARM_GCC_541\Debug\LCDD_LCDPort.o .\CortexM3\ARM_GCC_541\Debug\JoyStickADC.o .\CortexM3\ARM_GCC_541\Debug\JoyStickADC_PM.o .\CortexM3\ARM_GCC_541\Debug\JoyStickADC_INT.o .\CortexM3\ARM_GCC_541\Debug\pinX.o .\CortexM3\ARM_GCC_541\Debug\pinY.o .\CortexM3\ARM_GCC_541\Debug\eocJoystickISR.o .\CortexM3\ARM_GCC_541\Debug\JoyStickADC_SAR.o .\CortexM3\ARM_GCC_541\Debug\JoyStickADC_SAR_INT.o .\CortexM3\ARM_GCC_541\Debug\JoyStickADC_SAR_PM.o .\CortexM3\ARM_GCC_541\Debug\JoyStickADC_IntClock.o .\CortexM3\ARM_GCC_541\Debug\JoyStickADC_TempBuf_dma.o .\CortexM3\ARM_GCC_541\Debug\JoyStickADC_FinalBuf_dma.o .\CortexM3\ARM_GCC_541\Debug\JoyStickADC_IRQ.o .\CortexM3\ARM_GCC_541\Debug\MotorEN.o .\CortexM3\ARM_GCC_541\Debug\motorControlISR.o .\CortexM3\ARM_GCC_541\Debug\LED.o .\CortexM3\ARM_GCC_541\Debug\timer_clock.o .\CortexM3\ARM_GCC_541\Debug\sendBleDataTimer.o .\CortexM3\ARM_GCC_541\Debug\sendBleDataTimer_PM.o .\CortexM3\ARM_GCC_541\Debug\sendBleDataISR.o .\CortexM3\ARM_GCC_541\Debug\DebClock.o .\CortexM3\ARM_GCC_541\Debug\SW.o .\CortexM3\ARM_GCC_541\Debug\CyBootAsmGnu.o
arm-none-eabi-ar.exe: creating .\CortexM3\ARM_GCC_541\Debug\Design01.a
arm-none-eabi-gcc.exe -Wl,--start-group -o C:\Users\basile.berckmoes\Documents\GitHub\RobotComp2ELO\Software\PSoc\Ble\ProjectBle\Design01.cydsn\CortexM3\ARM_GCC_541\Debug\Design01.elf .\CortexM3\ARM_GCC_541\Debug\main.o .\CortexM3\ARM_GCC_541\Debug\myUART.o .\CortexM3\ARM_GCC_541\Debug\BleCommunicatie.o .\CortexM3\ARM_GCC_541\Debug\cyfitter_cfg.o .\CortexM3\ARM_GCC_541\Debug\cymetadata.o .\CortexM3\ARM_GCC_541\Debug\Cm3Start.o .\CortexM3\ARM_GCC_541\Debug\Design01.a "C:\Program Files (x86)\Cypress\PSoC Creator\4.2\PSoC Creator\psoc\content\cycomponentlibrary\CyComponentLibrary.cylib\CortexM3\ARM_GCC_541\Debug\CyComponentLibrary.a" -mcpu=cortex-m3 -mthumb -L Generated_Source\PSoC5 -Wl,-Map,.\CortexM3\ARM_GCC_541\Debug/Design01.map -T Generated_Source\PSoC5\cm3gcc.ld -specs=nano.specs -Wl,--gc-sections -g -ffunction-sections -Og -ffat-lto-objects -Wl,--end-group
cyelftool.exe -C C:\Users\basile.berckmoes\Documents\GitHub\RobotComp2ELO\Software\PSoc\Ble\ProjectBle\Design01.cydsn\CortexM3\ARM_GCC_541\Debug\Design01.elf --flash_row_size 256 --flash_size 262144 --flash_offset 0x00000000
No ELF section .cychecksum found, creating one
Application checksum calculated and stored in ELF section .cychecksum
Checksum calculated and stored in ELF section .cymeta
cyelftool.exe -S C:\Users\basile.berckmoes\Documents\GitHub\RobotComp2ELO\Software\PSoc\Ble\ProjectBle\Design01.cydsn\CortexM3\ARM_GCC_541\Debug\Design01.elf
Flash used: 8336 of 262144 bytes (3,2%).
SRAM used: 2825 of 65536 bytes (4,3%). Stack: 2048 bytes. Heap: 128 bytes.
--------------- Build Succeeded: 05/09/2018 16:44:12 ---------------
