--------------- Rebuild Started: 04/01/2018 15:10:09 Project: Design01, Configuration: ARM GCC 5.4-2016-q2-update Debug ---------------
Deleting file ".\Design01.cycdx"
Deleting file ".\Design01.svd"
Deleting file ".\Design01.rpt"
Deleting file ".\Design01_timing.html"
cydsfit.exe -.appdatapath "C:\Users\BasileBerckmoes\AppData\Local\Cypress Semiconductor\PSoC Creator\4.2" -.fdsnotice -.fdswarpdepfile=warp_dependencies.txt -.fdselabdepfile=elab_dependencies.txt -.fdsbldfile=generated_files.txt -.fdsreffile=referenced_files.txt -p C:\Users\BasileBerckmoes\Documents\GitHub\RobotComp2ELO\Software\PSoc\Ble\ProjectBle\Design01.cydsn\Design01.cyprj -d CY8C5688LTI-LP086 -s C:\Users\BasileBerckmoes\Documents\GitHub\RobotComp2ELO\Software\PSoc\Ble\ProjectBle\Design01.cydsn\Generated_Source\PSoC5 -- -yv2 -q10 -ygs -o2 -v3 -.fftcfgtype=LE
Elaborating Design...
ADD: sdb.M0065: information: Analog terminal "vdac_ref" on ADC_SAR_SEQ_v2_10 is unconnected.
 * C:\Program Files (x86)\Cypress\PSoC Creator\4.2\PSoC Creator\psoc\content\CyComponentLibrary\CyComponentLibrary.cylib\ADC_SAR_SEQ_v2_10\PSoC5\ADC_SAR_SEQ_v2_10.cysch (Signal: vdac_ref)
 * C:\Program Files (x86)\Cypress\PSoC Creator\4.2\PSoC Creator\psoc\content\CyComponentLibrary\CyComponentLibrary.cylib\ADC_SAR_SEQ_v2_10\PSoC5\ADC_SAR_SEQ_v2_10.cysch (Shape_798)
 * C:\Program Files (x86)\Cypress\PSoC Creator\4.2\PSoC Creator\psoc\content\CyComponentLibrary\CyComponentLibrary.cylib\ADC_SAR_SEQ_v2_10\PSoC5\ADC_SAR_SEQ_v2_10.cysch (Shape_885)
HDL Generation...
Synthesis...
Tech Mapping...
ADD: pft.M0040: information: The following 2 pin(s) will be assigned a location by the fitter: \JoyStickADC:SAR:ExtVref(0)\, MotorEN(0)
Analog Placement...
Info: apr.M0002: Analog signal "Net_66" is connected to one terminal only. (App=cydsfit)
Info: apr.M0002: Analog signal "Net_67" is connected to one terminal only. (App=cydsfit)
Info: apr.M0002: Analog signal "Net_69" is connected to one terminal only. (App=cydsfit)
Info: apr.M0002: Analog signal "Net_71" is connected to one terminal only. (App=cydsfit)
Info: apr.M0002: Analog signal "Net_72" is connected to one terminal only. (App=cydsfit)
Info: apr.M0002: Analog signal "Net_74" is connected to one terminal only. (App=cydsfit)
Info: apr.M0002: Analog signal "Net_76" is connected to one terminal only. (App=cydsfit)
Info: apr.M0002: Analog signal "Net_77" is connected to one terminal only. (App=cydsfit)
Info: apr.M0002: Analog signal "Net_79" is connected to one terminal only. (App=cydsfit)
Info: apr.M0002: Analog signal "Net_81" is connected to one terminal only. (App=cydsfit)
Info: apr.M0002: Analog signal "Net_82" is connected to one terminal only. (App=cydsfit)
Info: apr.M0002: Analog signal "Net_84" is connected to one terminal only. (App=cydsfit)
Info: apr.M0002: Analog signal "Net_86" is connected to one terminal only. (App=cydsfit)
Info: apr.M0002: Analog signal "Net_87" is connected to one terminal only. (App=cydsfit)
Info: apr.M0002: Analog signal "Net_89" is connected to one terminal only. (App=cydsfit)
Info: apr.M0002: Analog signal "Net_91" is connected to one terminal only. (App=cydsfit)
Info: apr.M0002: Analog signal "Net_92" is connected to one terminal only. (App=cydsfit)
Info: apr.M0002: Analog signal "Net_94" is connected to one terminal only. (App=cydsfit)
Info: apr.M0002: Analog signal "Net_96" is connected to one terminal only. (App=cydsfit)
Info: apr.M0002: Analog signal "Net_97" is connected to one terminal only. (App=cydsfit)
Info: apr.M0002: Analog signal "Net_99" is connected to one terminal only. (App=cydsfit)
Info: apr.M0002: Analog signal "Net_101" is connected to one terminal only. (App=cydsfit)
Info: apr.M0002: Analog signal "Net_102" is connected to one terminal only. (App=cydsfit)
Info: apr.M0002: Analog signal "Net_104" is connected to one terminal only. (App=cydsfit)
Info: apr.M0002: Analog signal "Net_106" is connected to one terminal only. (App=cydsfit)
Info: apr.M0002: Analog signal "Net_107" is connected to one terminal only. (App=cydsfit)
Info: apr.M0002: Analog signal "Net_109" is connected to one terminal only. (App=cydsfit)
Info: apr.M0002: Analog signal "Net_111" is connected to one terminal only. (App=cydsfit)
Info: apr.M0002: Analog signal "Net_112" is connected to one terminal only. (App=cydsfit)
Info: apr.M0002: Analog signal "Net_114" is connected to one terminal only. (App=cydsfit)
Info: apr.M0002: Analog signal "Net_116" is connected to one terminal only. (App=cydsfit)
Info: apr.M0002: Analog signal "Net_117" is connected to one terminal only. (App=cydsfit)
Info: apr.M0002: Analog signal "Net_119" is connected to one terminal only. (App=cydsfit)
Info: apr.M0002: Analog signal "Net_121" is connected to one terminal only. (App=cydsfit)
Info: apr.M0002: Analog signal "Net_122" is connected to one terminal only. (App=cydsfit)
Info: apr.M0002: Analog signal "Net_124" is connected to one terminal only. (App=cydsfit)
Info: apr.M0002: Analog signal "Net_126" is connected to one terminal only. (App=cydsfit)
Info: apr.M0002: Analog signal "Net_127" is connected to one terminal only. (App=cydsfit)
Info: apr.M0002: Analog signal "Net_129" is connected to one terminal only. (App=cydsfit)
Info: apr.M0002: Analog signal "Net_131" is connected to one terminal only. (App=cydsfit)
Info: apr.M0002: Analog signal "Net_132" is connected to one terminal only. (App=cydsfit)
Info: apr.M0002: Analog signal "Net_134" is connected to one terminal only. (App=cydsfit)
Info: apr.M0002: Analog signal "Net_136" is connected to one terminal only. (App=cydsfit)
Info: apr.M0002: Analog signal "Net_137" is connected to one terminal only. (App=cydsfit)
Info: apr.M0002: Analog signal "Net_139" is connected to one terminal only. (App=cydsfit)
Info: apr.M0002: Analog signal "Net_141" is connected to one terminal only. (App=cydsfit)
Info: apr.M0002: Analog signal "Net_142" is connected to one terminal only. (App=cydsfit)
Info: apr.M0002: Analog signal "Net_143" is connected to one terminal only. (App=cydsfit)
Info: apr.M0002: Analog signal "Net_144" is connected to one terminal only. (App=cydsfit)
Info: apr.M0002: Analog signal "Net_145" is connected to one terminal only. (App=cydsfit)
Info: apr.M0002: Analog signal "Net_146" is connected to one terminal only. (App=cydsfit)
Info: apr.M0002: Analog signal "Net_147" is connected to one terminal only. (App=cydsfit)
Info: apr.M0002: Analog signal "Net_148" is connected to one terminal only. (App=cydsfit)
Info: apr.M0002: Analog signal "Net_149" is connected to one terminal only. (App=cydsfit)
Info: apr.M0002: Analog signal "Net_150" is connected to one terminal only. (App=cydsfit)
Info: apr.M0002: Analog signal "Net_151" is connected to one terminal only. (App=cydsfit)
Info: apr.M0002: Analog signal "Net_152" is connected to one terminal only. (App=cydsfit)
Info: apr.M0002: Analog signal "Net_153" is connected to one terminal only. (App=cydsfit)
Info: apr.M0002: Analog signal "Net_154" is connected to one terminal only. (App=cydsfit)
Info: apr.M0002: Analog signal "Net_155" is connected to one terminal only. (App=cydsfit)
Info: apr.M0002: Analog signal "Net_156" is connected to one terminal only. (App=cydsfit)
Info: apr.M0002: Analog signal "Net_157" is connected to one terminal only. (App=cydsfit)
Log: apr.M0058: The analog placement iterative improvement is 37% done. (App=cydsfit)
Log: apr.M0058: The analog placement iterative improvement is 91% done. (App=cydsfit)
Analog Routing...
Analog Code Generation...
Digital Placement...
Digital Routing...
Bitstream Generation...
Bitstream Verification...
Static timing analysis...
API Generation...
Dependency Generation...
Cleanup...
--------------- Rebuild Failed: 04/01/2018 15:10:27 ---------------
