ARM GAS  C:\Users\BASILE~1\AppData\Local\Temp\ccQfMNSn.s 			page 1


   1              		.syntax unified
   2              		.cpu cortex-m3
   3              		.fpu softvfp
   4              		.eabi_attribute 20, 1
   5              		.eabi_attribute 21, 1
   6              		.eabi_attribute 23, 3
   7              		.eabi_attribute 24, 1
   8              		.eabi_attribute 25, 1
   9              		.eabi_attribute 26, 1
  10              		.eabi_attribute 30, 1
  11              		.eabi_attribute 34, 1
  12              		.eabi_attribute 18, 4
  13              		.thumb
  14              		.syntax unified
  15              		.file	"cymetadata.c"
  16              		.text
  17              	.Ltext0:
  18              		.cfi_sections	.debug_frame
  19              		.global	cy_metadata
  20              		.global	cy_meta_flashprotect
  21              		.global	cy_meta_wonvl
  22              		.global	cy_meta_custnvl
  23              		.global	cy_meta_configecc
  24              		.section	.cyconfigecc,"a",%progbits
  25              		.align	2
  26              		.type	cy_meta_configecc, %object
  27              		.size	cy_meta_configecc, 1704
  28              	cy_meta_configecc:
  29 0000 02       		.byte	2
  30 0001 4F       		.byte	79
  31 0002 00       		.byte	0
  32 0003 40       		.byte	64
  33 0004 05       		.byte	5
  34 0005 52       		.byte	82
  35 0006 00       		.byte	0
  36 0007 40       		.byte	64
  37 0008 01       		.byte	1
  38 0009 5B       		.byte	91
  39 000a 00       		.byte	0
  40 000b 40       		.byte	64
  41 000c 01       		.byte	1
  42 000d 64       		.byte	100
  43 000e 00       		.byte	0
  44 000f 40       		.byte	64
  45 0010 01       		.byte	1
  46 0011 65       		.byte	101
  47 0012 00       		.byte	0
  48 0013 40       		.byte	64
  49 0014 0B       		.byte	11
  50 0015 00       		.byte	0
  51 0016 01       		.byte	1
  52 0017 40       		.byte	64
  53 0018 23       		.byte	35
  54 0019 01       		.byte	1
  55 001a 01       		.byte	1
  56 001b 40       		.byte	64
  57 001c 28       		.byte	40
ARM GAS  C:\Users\BASILE~1\AppData\Local\Temp\ccQfMNSn.s 			page 2


  58 001d 02       		.byte	2
  59 001e 01       		.byte	1
  60 001f 40       		.byte	64
  61 0020 35       		.byte	53
  62 0021 03       		.byte	3
  63 0022 01       		.byte	1
  64 0023 40       		.byte	64
  65 0024 1D       		.byte	29
  66 0025 04       		.byte	4
  67 0026 01       		.byte	1
  68 0027 40       		.byte	64
  69 0028 3D       		.byte	61
  70 0029 05       		.byte	5
  71 002a 01       		.byte	1
  72 002b 40       		.byte	64
  73 002c 20       		.byte	32
  74 002d 06       		.byte	6
  75 002e 01       		.byte	1
  76 002f 40       		.byte	64
  77 0030 46       		.byte	70
  78 0031 07       		.byte	7
  79 0032 01       		.byte	1
  80 0033 40       		.byte	64
  81 0034 04       		.byte	4
  82 0035 09       		.byte	9
  83 0036 01       		.byte	1
  84 0037 40       		.byte	64
  85 0038 0A       		.byte	10
  86 0039 0B       		.byte	11
  87 003a 01       		.byte	1
  88 003b 40       		.byte	64
  89 003c 08       		.byte	8
  90 003d 0C       		.byte	12
  91 003e 01       		.byte	1
  92 003f 40       		.byte	64
  93 0040 23       		.byte	35
  94 0041 0D       		.byte	13
  95 0042 01       		.byte	1
  96 0043 40       		.byte	64
  97 0044 3E       		.byte	62
  98 0045 14       		.byte	20
  99 0046 01       		.byte	1
 100 0047 40       		.byte	64
 101 0048 42       		.byte	66
 102 0049 15       		.byte	21
 103 004a 01       		.byte	1
 104 004b 40       		.byte	64
 105 004c 2B       		.byte	43
 106 004d 16       		.byte	22
 107 004e 01       		.byte	1
 108 004f 40       		.byte	64
 109 0050 44       		.byte	68
 110 0051 17       		.byte	23
 111 0052 01       		.byte	1
 112 0053 40       		.byte	64
 113 0054 04       		.byte	4
 114 0055 19       		.byte	25
ARM GAS  C:\Users\BASILE~1\AppData\Local\Temp\ccQfMNSn.s 			page 3


 115 0056 01       		.byte	1
 116 0057 40       		.byte	64
 117 0058 03       		.byte	3
 118 0059 1B       		.byte	27
 119 005a 01       		.byte	1
 120 005b 40       		.byte	64
 121 005c 0C       		.byte	12
 122 005d 40       		.byte	64
 123 005e 01       		.byte	1
 124 005f 40       		.byte	64
 125 0060 14       		.byte	20
 126 0061 41       		.byte	65
 127 0062 01       		.byte	1
 128 0063 40       		.byte	64
 129 0064 0E       		.byte	14
 130 0065 42       		.byte	66
 131 0066 01       		.byte	1
 132 0067 40       		.byte	64
 133 0068 07       		.byte	7
 134 0069 43       		.byte	67
 135 006a 01       		.byte	1
 136 006b 40       		.byte	64
 137 006c 06       		.byte	6
 138 006d 46       		.byte	70
 139 006e 01       		.byte	1
 140 006f 40       		.byte	64
 141 0070 03       		.byte	3
 142 0071 47       		.byte	71
 143 0072 01       		.byte	1
 144 0073 40       		.byte	64
 145 0074 05       		.byte	5
 146 0075 48       		.byte	72
 147 0076 01       		.byte	1
 148 0077 40       		.byte	64
 149 0078 12       		.byte	18
 150 0079 49       		.byte	73
 151 007a 01       		.byte	1
 152 007b 40       		.byte	64
 153 007c 0C       		.byte	12
 154 007d 4C       		.byte	76
 155 007e 01       		.byte	1
 156 007f 40       		.byte	64
 157 0080 04       		.byte	4
 158 0081 4D       		.byte	77
 159 0082 01       		.byte	1
 160 0083 40       		.byte	64
 161 0084 0A       		.byte	10
 162 0085 50       		.byte	80
 163 0086 01       		.byte	1
 164 0087 40       		.byte	64
 165 0088 03       		.byte	3
 166 0089 51       		.byte	81
 167 008a 01       		.byte	1
 168 008b 40       		.byte	64
 169 008c 01       		.byte	1
 170 008d 80       		.byte	-128
 171 008e 0A       		.byte	10
ARM GAS  C:\Users\BASILE~1\AppData\Local\Temp\ccQfMNSn.s 			page 4


 172 008f 72       		.byte	114
 173 0090 00       		.byte	0
 174 0091 59       		.byte	89
 175 0092 01       		.byte	1
 176 0093 9C       		.byte	-100
 177 0094 08       		.byte	8
 178 0095 28       		.byte	40
 179 0096 09       		.byte	9
 180 0097 08       		.byte	8
 181 0098 60       		.byte	96
 182 0099 02       		.byte	2
 183 009a 27       		.byte	39
 184 009b 84       		.byte	-124
 185 009c 87       		.byte	-121
 186 009d 07       		.byte	7
 187 009e 85       		.byte	-123
 188 009f 0F       		.byte	15
 189 00a0 56       		.byte	86
 190 00a1 08       		.byte	8
 191 00a2 58       		.byte	88
 192 00a3 04       		.byte	4
 193 00a4 59       		.byte	89
 194 00a5 04       		.byte	4
 195 00a6 5B       		.byte	91
 196 00a7 04       		.byte	4
 197 00a8 5C       		.byte	92
 198 00a9 11       		.byte	17
 199 00aa 5D       		.byte	93
 200 00ab 90       		.byte	-112
 201 00ac 5F       		.byte	95
 202 00ad 01       		.byte	1
 203 00ae D8       		.byte	-40
 204 00af 04       		.byte	4
 205 00b0 D9       		.byte	-39
 206 00b1 04       		.byte	4
 207 00b2 DC       		.byte	-36
 208 00b3 11       		.byte	17
 209 00b4 DF       		.byte	-33
 210 00b5 01       		.byte	1
 211 00b6 00       		.byte	0
 212 00b7 88       		.byte	-120
 213 00b8 01       		.byte	1
 214 00b9 20       		.byte	32
 215 00ba 02       		.byte	2
 216 00bb 01       		.byte	1
 217 00bc 03       		.byte	3
 218 00bd 03       		.byte	3
 219 00be 04       		.byte	4
 220 00bf 04       		.byte	4
 221 00c0 05       		.byte	5
 222 00c1 A0       		.byte	-96
 223 00c2 07       		.byte	7
 224 00c3 02       		.byte	2
 225 00c4 0B       		.byte	11
 226 00c5 40       		.byte	64
 227 00c6 0C       		.byte	12
 228 00c7 20       		.byte	32
ARM GAS  C:\Users\BASILE~1\AppData\Local\Temp\ccQfMNSn.s 			page 5


 229 00c8 0F       		.byte	15
 230 00c9 50       		.byte	80
 231 00ca 10       		.byte	16
 232 00cb 20       		.byte	32
 233 00cc 13       		.byte	19
 234 00cd 12       		.byte	18
 235 00ce 17       		.byte	23
 236 00cf 01       		.byte	1
 237 00d0 29       		.byte	41
 238 00d1 A0       		.byte	-96
 239 00d2 2C       		.byte	44
 240 00d3 20       		.byte	32
 241 00d4 2D       		.byte	45
 242 00d5 20       		.byte	32
 243 00d6 2F       		.byte	47
 244 00d7 02       		.byte	2
 245 00d8 30       		.byte	48
 246 00d9 20       		.byte	32
 247 00da 37       		.byte	55
 248 00db 02       		.byte	2
 249 00dc 38       		.byte	56
 250 00dd 04       		.byte	4
 251 00de 3A       		.byte	58
 252 00df 01       		.byte	1
 253 00e0 3B       		.byte	59
 254 00e1 50       		.byte	80
 255 00e2 3C       		.byte	60
 256 00e3 0C       		.byte	12
 257 00e4 3F       		.byte	63
 258 00e5 50       		.byte	80
 259 00e6 5B       		.byte	91
 260 00e7 80       		.byte	-128
 261 00e8 60       		.byte	96
 262 00e9 02       		.byte	2
 263 00ea 83       		.byte	-125
 264 00eb 80       		.byte	-128
 265 00ec C0       		.byte	-64
 266 00ed E7       		.byte	-25
 267 00ee C2       		.byte	-62
 268 00ef 78       		.byte	120
 269 00f0 C4       		.byte	-60
 270 00f1 1E       		.byte	30
 271 00f2 CA       		.byte	-54
 272 00f3 7C       		.byte	124
 273 00f4 CC       		.byte	-52
 274 00f5 84       		.byte	-124
 275 00f6 CE       		.byte	-50
 276 00f7 7F       		.byte	127
 277 00f8 D6       		.byte	-42
 278 00f9 08       		.byte	8
 279 00fa D8       		.byte	-40
 280 00fb 08       		.byte	8
 281 00fc 04       		.byte	4
 282 00fd 08       		.byte	8
 283 00fe 05       		.byte	5
 284 00ff 0D       		.byte	13
 285 0100 06       		.byte	6
ARM GAS  C:\Users\BASILE~1\AppData\Local\Temp\ccQfMNSn.s 			page 6


 286 0101 07       		.byte	7
 287 0102 07       		.byte	7
 288 0103 02       		.byte	2
 289 0104 09       		.byte	9
 290 0105 0F       		.byte	15
 291 0106 0A       		.byte	10
 292 0107 0F       		.byte	15
 293 0108 0C       		.byte	12
 294 0109 0F       		.byte	15
 295 010a 0D       		.byte	13
 296 010b 08       		.byte	8
 297 010c 0F       		.byte	15
 298 010d 07       		.byte	7
 299 010e 10       		.byte	16
 300 010f 0B       		.byte	11
 301 0110 11       		.byte	17
 302 0111 01       		.byte	1
 303 0112 12       		.byte	18
 304 0113 04       		.byte	4
 305 0114 13       		.byte	19
 306 0115 0E       		.byte	14
 307 0116 14       		.byte	20
 308 0117 0F       		.byte	15
 309 0118 20       		.byte	32
 310 0119 0D       		.byte	13
 311 011a 22       		.byte	34
 312 011b 02       		.byte	2
 313 011c 25       		.byte	37
 314 011d 0F       		.byte	15
 315 011e 28       		.byte	40
 316 011f 0F       		.byte	15
 317 0120 2B       		.byte	43
 318 0121 0F       		.byte	15
 319 0122 2D       		.byte	45
 320 0123 0F       		.byte	15
 321 0124 30       		.byte	48
 322 0125 01       		.byte	1
 323 0126 31       		.byte	49
 324 0127 01       		.byte	1
 325 0128 32       		.byte	50
 326 0129 04       		.byte	4
 327 012a 33       		.byte	51
 328 012b 02       		.byte	2
 329 012c 34       		.byte	52
 330 012d 08       		.byte	8
 331 012e 35       		.byte	53
 332 012f 08       		.byte	8
 333 0130 36       		.byte	54
 334 0131 02       		.byte	2
 335 0132 37       		.byte	55
 336 0133 04       		.byte	4
 337 0134 58       		.byte	88
 338 0135 04       		.byte	4
 339 0136 59       		.byte	89
 340 0137 04       		.byte	4
 341 0138 5C       		.byte	92
 342 0139 11       		.byte	17
ARM GAS  C:\Users\BASILE~1\AppData\Local\Temp\ccQfMNSn.s 			page 7


 343 013a 5F       		.byte	95
 344 013b 01       		.byte	1
 345 013c 9F       		.byte	-97
 346 013d 02       		.byte	2
 347 013e A3       		.byte	-93
 348 013f 01       		.byte	1
 349 0140 B1       		.byte	-79
 350 0141 02       		.byte	2
 351 0142 B3       		.byte	-77
 352 0143 01       		.byte	1
 353 0144 D8       		.byte	-40
 354 0145 04       		.byte	4
 355 0146 D9       		.byte	-39
 356 0147 04       		.byte	4
 357 0148 DC       		.byte	-36
 358 0149 11       		.byte	17
 359 014a DF       		.byte	-33
 360 014b 01       		.byte	1
 361 014c 00       		.byte	0
 362 014d 88       		.byte	-120
 363 014e 01       		.byte	1
 364 014f 20       		.byte	32
 365 0150 04       		.byte	4
 366 0151 04       		.byte	4
 367 0152 05       		.byte	5
 368 0153 20       		.byte	32
 369 0154 07       		.byte	7
 370 0155 01       		.byte	1
 371 0156 09       		.byte	9
 372 0157 08       		.byte	8
 373 0158 0B       		.byte	11
 374 0159 40       		.byte	64
 375 015a 0D       		.byte	13
 376 015b 08       		.byte	8
 377 015c 0F       		.byte	15
 378 015d 40       		.byte	64
 379 015e 13       		.byte	19
 380 015f 12       		.byte	18
 381 0160 16       		.byte	22
 382 0161 44       		.byte	68
 383 0162 17       		.byte	23
 384 0163 02       		.byte	2
 385 0164 1D       		.byte	29
 386 0165 04       		.byte	4
 387 0166 1E       		.byte	30
 388 0167 40       		.byte	64
 389 0168 1F       		.byte	31
 390 0169 A0       		.byte	-96
 391 016a 21       		.byte	33
 392 016b 08       		.byte	8
 393 016c 23       		.byte	35
 394 016d 40       		.byte	64
 395 016e 26       		.byte	38
 396 016f 44       		.byte	68
 397 0170 27       		.byte	39
 398 0171 48       		.byte	72
 399 0172 29       		.byte	41
ARM GAS  C:\Users\BASILE~1\AppData\Local\Temp\ccQfMNSn.s 			page 8


 400 0173 22       		.byte	34
 401 0174 2A       		.byte	42
 402 0175 40       		.byte	64
 403 0176 2C       		.byte	44
 404 0177 20       		.byte	32
 405 0178 2D       		.byte	45
 406 0179 20       		.byte	32
 407 017a 2F       		.byte	47
 408 017b 02       		.byte	2
 409 017c 31       		.byte	49
 410 017d 48       		.byte	72
 411 017e 37       		.byte	55
 412 017f 02       		.byte	2
 413 0180 38       		.byte	56
 414 0181 04       		.byte	4
 415 0182 3A       		.byte	58
 416 0183 01       		.byte	1
 417 0184 3B       		.byte	59
 418 0185 50       		.byte	80
 419 0186 3C       		.byte	60
 420 0187 0C       		.byte	12
 421 0188 3F       		.byte	63
 422 0189 50       		.byte	80
 423 018a 82       		.byte	-126
 424 018b 40       		.byte	64
 425 018c 86       		.byte	-122
 426 018d 40       		.byte	64
 427 018e 8B       		.byte	-117
 428 018f 40       		.byte	64
 429 0190 8C       		.byte	-116
 430 0191 20       		.byte	32
 431 0192 8D       		.byte	-115
 432 0193 08       		.byte	8
 433 0194 8E       		.byte	-114
 434 0195 04       		.byte	4
 435 0196 8F       		.byte	-113
 436 0197 40       		.byte	64
 437 0198 97       		.byte	-105
 438 0199 50       		.byte	80
 439 019a 98       		.byte	-104
 440 019b 02       		.byte	2
 441 019c 9A       		.byte	-102
 442 019d 01       		.byte	1
 443 019e 9B       		.byte	-101
 444 019f 01       		.byte	1
 445 01a0 9D       		.byte	-99
 446 01a1 20       		.byte	32
 447 01a2 9F       		.byte	-97
 448 01a3 02       		.byte	2
 449 01a4 A3       		.byte	-93
 450 01a5 02       		.byte	2
 451 01a6 A4       		.byte	-92
 452 01a7 64       		.byte	100
 453 01a8 C0       		.byte	-64
 454 01a9 E7       		.byte	-25
 455 01aa C2       		.byte	-62
 456 01ab 3C       		.byte	60
ARM GAS  C:\Users\BASILE~1\AppData\Local\Temp\ccQfMNSn.s 			page 9


 457 01ac C4       		.byte	-60
 458 01ad 5A       		.byte	90
 459 01ae CA       		.byte	-54
 460 01af 7D       		.byte	125
 461 01b0 CC       		.byte	-52
 462 01b1 8A       		.byte	-118
 463 01b2 CE       		.byte	-50
 464 01b3 7F       		.byte	127
 465 01b4 E2       		.byte	-30
 466 01b5 50       		.byte	80
 467 01b6 02       		.byte	2
 468 01b7 04       		.byte	4
 469 01b8 04       		.byte	4
 470 01b9 08       		.byte	8
 471 01ba 07       		.byte	7
 472 01bb 04       		.byte	4
 473 01bc 0A       		.byte	10
 474 01bd 08       		.byte	8
 475 01be 0C       		.byte	12
 476 01bf 02       		.byte	2
 477 01c0 12       		.byte	18
 478 01c1 10       		.byte	16
 479 01c2 14       		.byte	20
 480 01c3 04       		.byte	4
 481 01c4 1A       		.byte	26
 482 01c5 01       		.byte	1
 483 01c6 1B       		.byte	27
 484 01c7 01       		.byte	1
 485 01c8 26       		.byte	38
 486 01c9 02       		.byte	2
 487 01ca 28       		.byte	40
 488 01cb 01       		.byte	1
 489 01cc 2F       		.byte	47
 490 01cd 02       		.byte	2
 491 01ce 31       		.byte	49
 492 01cf 04       		.byte	4
 493 01d0 33       		.byte	51
 494 01d1 02       		.byte	2
 495 01d2 34       		.byte	52
 496 01d3 1F       		.byte	31
 497 01d4 35       		.byte	53
 498 01d5 01       		.byte	1
 499 01d6 38       		.byte	56
 500 01d7 20       		.byte	32
 501 01d8 3E       		.byte	62
 502 01d9 10       		.byte	16
 503 01da 54       		.byte	84
 504 01db 01       		.byte	1
 505 01dc 58       		.byte	88
 506 01dd 04       		.byte	4
 507 01de 59       		.byte	89
 508 01df 04       		.byte	4
 509 01e0 5B       		.byte	91
 510 01e1 0C       		.byte	12
 511 01e2 5C       		.byte	92
 512 01e3 11       		.byte	17
 513 01e4 5D       		.byte	93
ARM GAS  C:\Users\BASILE~1\AppData\Local\Temp\ccQfMNSn.s 			page 10


 514 01e5 10       		.byte	16
 515 01e6 5F       		.byte	95
 516 01e7 01       		.byte	1
 517 01e8 D8       		.byte	-40
 518 01e9 04       		.byte	4
 519 01ea D9       		.byte	-39
 520 01eb 04       		.byte	4
 521 01ec DC       		.byte	-36
 522 01ed 11       		.byte	17
 523 01ee DF       		.byte	-33
 524 01ef 01       		.byte	1
 525 01f0 00       		.byte	0
 526 01f1 A8       		.byte	-88
 527 01f2 01       		.byte	1
 528 01f3 03       		.byte	3
 529 01f4 05       		.byte	5
 530 01f5 20       		.byte	32
 531 01f6 08       		.byte	8
 532 01f7 80       		.byte	-128
 533 01f8 09       		.byte	9
 534 01f9 08       		.byte	8
 535 01fa 0A       		.byte	10
 536 01fb 44       		.byte	68
 537 01fc 0B       		.byte	11
 538 01fd 20       		.byte	32
 539 01fe 0D       		.byte	13
 540 01ff 08       		.byte	8
 541 0200 0F       		.byte	15
 542 0201 44       		.byte	68
 543 0202 10       		.byte	16
 544 0203 04       		.byte	4
 545 0204 11       		.byte	17
 546 0205 06       		.byte	6
 547 0206 12       		.byte	18
 548 0207 0C       		.byte	12
 549 0208 13       		.byte	19
 550 0209 48       		.byte	72
 551 020a 14       		.byte	20
 552 020b 80       		.byte	-128
 553 020c 16       		.byte	22
 554 020d 04       		.byte	4
 555 020e 17       		.byte	23
 556 020f 82       		.byte	-126
 557 0210 19       		.byte	25
 558 0211 20       		.byte	32
 559 0212 1B       		.byte	27
 560 0213 10       		.byte	16
 561 0214 20       		.byte	32
 562 0215 C8       		.byte	-56
 563 0216 21       		.byte	33
 564 0217 10       		.byte	16
 565 0218 22       		.byte	34
 566 0219 08       		.byte	8
 567 021a 23       		.byte	35
 568 021b 94       		.byte	-108
 569 021c 28       		.byte	40
 570 021d 84       		.byte	-124
ARM GAS  C:\Users\BASILE~1\AppData\Local\Temp\ccQfMNSn.s 			page 11


 571 021e 2A       		.byte	42
 572 021f 80       		.byte	-128
 573 0220 2B       		.byte	43
 574 0221 10       		.byte	16
 575 0222 2D       		.byte	45
 576 0223 20       		.byte	32
 577 0224 2F       		.byte	47
 578 0225 10       		.byte	16
 579 0226 30       		.byte	48
 580 0227 50       		.byte	80
 581 0228 31       		.byte	49
 582 0229 08       		.byte	8
 583 022a 36       		.byte	54
 584 022b 08       		.byte	8
 585 022c 37       		.byte	55
 586 022d 82       		.byte	-126
 587 022e 38       		.byte	56
 588 022f 40       		.byte	64
 589 0230 39       		.byte	57
 590 0231 24       		.byte	36
 591 0232 3C       		.byte	60
 592 0233 08       		.byte	8
 593 0234 3F       		.byte	63
 594 0235 40       		.byte	64
 595 0236 5A       		.byte	90
 596 0237 80       		.byte	-128
 597 0238 79       		.byte	121
 598 0239 40       		.byte	64
 599 023a 88       		.byte	-120
 600 023b 44       		.byte	68
 601 023c 93       		.byte	-109
 602 023d 40       		.byte	64
 603 023e 96       		.byte	-106
 604 023f 80       		.byte	-128
 605 0240 97       		.byte	-105
 606 0241 10       		.byte	16
 607 0242 98       		.byte	-104
 608 0243 02       		.byte	2
 609 0244 9D       		.byte	-99
 610 0245 62       		.byte	98
 611 0246 9E       		.byte	-98
 612 0247 04       		.byte	4
 613 0248 9F       		.byte	-97
 614 0249 02       		.byte	2
 615 024a A1       		.byte	-95
 616 024b 08       		.byte	8
 617 024c A4       		.byte	-92
 618 024d 44       		.byte	68
 619 024e A9       		.byte	-87
 620 024f 04       		.byte	4
 621 0250 AA       		.byte	-86
 622 0251 40       		.byte	64
 623 0252 AB       		.byte	-85
 624 0253 20       		.byte	32
 625 0254 B7       		.byte	-73
 626 0255 88       		.byte	-120
 627 0256 C0       		.byte	-64
ARM GAS  C:\Users\BASILE~1\AppData\Local\Temp\ccQfMNSn.s 			page 12


 628 0257 4F       		.byte	79
 629 0258 C2       		.byte	-62
 630 0259 7F       		.byte	127
 631 025a C4       		.byte	-60
 632 025b DF       		.byte	-33
 633 025c CA       		.byte	-54
 634 025d 6F       		.byte	111
 635 025e CC       		.byte	-52
 636 025f DE       		.byte	-34
 637 0260 CE       		.byte	-50
 638 0261 5E       		.byte	94
 639 0262 D6       		.byte	-42
 640 0263 08       		.byte	8
 641 0264 DE       		.byte	-34
 642 0265 08       		.byte	8
 643 0266 EA       		.byte	-22
 644 0267 48       		.byte	72
 645 0268 EE       		.byte	-18
 646 0269 40       		.byte	64
 647 026a 58       		.byte	88
 648 026b 04       		.byte	4
 649 026c 59       		.byte	89
 650 026d 04       		.byte	4
 651 026e 5C       		.byte	92
 652 026f 11       		.byte	17
 653 0270 5F       		.byte	95
 654 0271 01       		.byte	1
 655 0272 80       		.byte	-128
 656 0273 10       		.byte	16
 657 0274 82       		.byte	-126
 658 0275 20       		.byte	32
 659 0276 86       		.byte	-122
 660 0277 08       		.byte	8
 661 0278 8A       		.byte	-118
 662 0279 01       		.byte	1
 663 027a 8B       		.byte	-117
 664 027b 01       		.byte	1
 665 027c 8E       		.byte	-114
 666 027d 02       		.byte	2
 667 027e 90       		.byte	-112
 668 027f 40       		.byte	64
 669 0280 92       		.byte	-110
 670 0281 80       		.byte	-128
 671 0282 96       		.byte	-106
 672 0283 04       		.byte	4
 673 0284 98       		.byte	-104
 674 0285 01       		.byte	1
 675 0286 9C       		.byte	-100
 676 0287 02       		.byte	2
 677 0288 A0       		.byte	-96
 678 0289 04       		.byte	4
 679 028a A4       		.byte	-92
 680 028b 08       		.byte	8
 681 028c A8       		.byte	-88
 682 028d 20       		.byte	32
 683 028e AA       		.byte	-86
 684 028f 10       		.byte	16
ARM GAS  C:\Users\BASILE~1\AppData\Local\Temp\ccQfMNSn.s 			page 13


 685 0290 AC       		.byte	-84
 686 0291 80       		.byte	-128
 687 0292 AE       		.byte	-82
 688 0293 40       		.byte	64
 689 0294 B0       		.byte	-80
 690 0295 FF       		.byte	-1
 691 0296 B7       		.byte	-73
 692 0297 01       		.byte	1
 693 0298 BE       		.byte	-66
 694 0299 01       		.byte	1
 695 029a D6       		.byte	-42
 696 029b 02       		.byte	2
 697 029c D7       		.byte	-41
 698 029d 35       		.byte	53
 699 029e D8       		.byte	-40
 700 029f 04       		.byte	4
 701 02a0 D9       		.byte	-39
 702 02a1 04       		.byte	4
 703 02a2 DB       		.byte	-37
 704 02a3 0C       		.byte	12
 705 02a4 DC       		.byte	-36
 706 02a5 10       		.byte	16
 707 02a6 DD       		.byte	-35
 708 02a7 10       		.byte	16
 709 02a8 DF       		.byte	-33
 710 02a9 01       		.byte	1
 711 02aa 00       		.byte	0
 712 02ab 8A       		.byte	-118
 713 02ac 01       		.byte	1
 714 02ad 88       		.byte	-120
 715 02ae 02       		.byte	2
 716 02af 08       		.byte	8
 717 02b0 05       		.byte	5
 718 02b1 08       		.byte	8
 719 02b2 06       		.byte	6
 720 02b3 04       		.byte	4
 721 02b4 07       		.byte	7
 722 02b5 02       		.byte	2
 723 02b6 08       		.byte	8
 724 02b7 04       		.byte	4
 725 02b8 09       		.byte	9
 726 02b9 08       		.byte	8
 727 02ba 0A       		.byte	10
 728 02bb 05       		.byte	5
 729 02bc 0B       		.byte	11
 730 02bd E0       		.byte	-32
 731 02be 0C       		.byte	12
 732 02bf 40       		.byte	64
 733 02c0 0F       		.byte	15
 734 02c1 A0       		.byte	-96
 735 02c2 10       		.byte	16
 736 02c3 1A       		.byte	26
 737 02c4 11       		.byte	17
 738 02c5 05       		.byte	5
 739 02c6 14       		.byte	20
 740 02c7 04       		.byte	4
 741 02c8 1A       		.byte	26
ARM GAS  C:\Users\BASILE~1\AppData\Local\Temp\ccQfMNSn.s 			page 14


 742 02c9 40       		.byte	64
 743 02ca 20       		.byte	32
 744 02cb 02       		.byte	2
 745 02cc 22       		.byte	34
 746 02cd 80       		.byte	-128
 747 02ce 23       		.byte	35
 748 02cf 02       		.byte	2
 749 02d0 28       		.byte	40
 750 02d1 40       		.byte	64
 751 02d2 29       		.byte	41
 752 02d3 A8       		.byte	-88
 753 02d4 2C       		.byte	44
 754 02d5 40       		.byte	64
 755 02d6 2F       		.byte	47
 756 02d7 50       		.byte	80
 757 02d8 31       		.byte	49
 758 02d9 08       		.byte	8
 759 02da 32       		.byte	50
 760 02db 80       		.byte	-128
 761 02dc 36       		.byte	54
 762 02dd 88       		.byte	-120
 763 02de 39       		.byte	57
 764 02df 10       		.byte	16
 765 02e0 3A       		.byte	58
 766 02e1 04       		.byte	4
 767 02e2 3C       		.byte	60
 768 02e3 88       		.byte	-120
 769 02e4 3F       		.byte	63
 770 02e5 A0       		.byte	-96
 771 02e6 48       		.byte	72
 772 02e7 02       		.byte	2
 773 02e8 49       		.byte	73
 774 02e9 40       		.byte	64
 775 02ea 5A       		.byte	90
 776 02eb 20       		.byte	32
 777 02ec 60       		.byte	96
 778 02ed 04       		.byte	4
 779 02ee 68       		.byte	104
 780 02ef 1A       		.byte	26
 781 02f0 69       		.byte	105
 782 02f1 15       		.byte	21
 783 02f2 72       		.byte	114
 784 02f3 05       		.byte	5
 785 02f4 79       		.byte	121
 786 02f5 40       		.byte	64
 787 02f6 86       		.byte	-122
 788 02f7 01       		.byte	1
 789 02f8 87       		.byte	-121
 790 02f9 09       		.byte	9
 791 02fa 8C       		.byte	-116
 792 02fb 10       		.byte	16
 793 02fc 93       		.byte	-109
 794 02fd 40       		.byte	64
 795 02fe 95       		.byte	-107
 796 02ff 41       		.byte	65
 797 0300 96       		.byte	-106
 798 0301 C4       		.byte	-60
ARM GAS  C:\Users\BASILE~1\AppData\Local\Temp\ccQfMNSn.s 			page 15


 799 0302 98       		.byte	-104
 800 0303 02       		.byte	2
 801 0304 99       		.byte	-103
 802 0305 20       		.byte	32
 803 0306 9A       		.byte	-102
 804 0307 04       		.byte	4
 805 0308 9C       		.byte	-100
 806 0309 50       		.byte	80
 807 030a 9D       		.byte	-99
 808 030b 40       		.byte	64
 809 030c 9F       		.byte	-97
 810 030d 0A       		.byte	10
 811 030e A0       		.byte	-96
 812 030f 44       		.byte	68
 813 0310 A1       		.byte	-95
 814 0311 09       		.byte	9
 815 0312 A2       		.byte	-94
 816 0313 08       		.byte	8
 817 0314 A3       		.byte	-93
 818 0315 10       		.byte	16
 819 0316 A4       		.byte	-92
 820 0317 10       		.byte	16
 821 0318 A9       		.byte	-87
 822 0319 21       		.byte	33
 823 031a AD       		.byte	-83
 824 031b 20       		.byte	32
 825 031c AE       		.byte	-82
 826 031d 84       		.byte	-124
 827 031e B2       		.byte	-78
 828 031f 08       		.byte	8
 829 0320 C0       		.byte	-64
 830 0321 EF       		.byte	-17
 831 0322 C2       		.byte	-62
 832 0323 BF       		.byte	-65
 833 0324 C4       		.byte	-60
 834 0325 4F       		.byte	79
 835 0326 CA       		.byte	-54
 836 0327 CF       		.byte	-49
 837 0328 CC       		.byte	-52
 838 0329 5A       		.byte	90
 839 032a CE       		.byte	-50
 840 032b 76       		.byte	118
 841 032c D6       		.byte	-42
 842 032d 04       		.byte	4
 843 032e D8       		.byte	-40
 844 032f 04       		.byte	4
 845 0330 DE       		.byte	-34
 846 0331 08       		.byte	8
 847 0332 E2       		.byte	-30
 848 0333 10       		.byte	16
 849 0334 EC       		.byte	-20
 850 0335 02       		.byte	2
 851 0336 9C       		.byte	-100
 852 0337 08       		.byte	8
 853 0338 AD       		.byte	-83
 854 0339 04       		.byte	4
 855 033a B3       		.byte	-77
ARM GAS  C:\Users\BASILE~1\AppData\Local\Temp\ccQfMNSn.s 			page 16


 856 033b 08       		.byte	8
 857 033c EC       		.byte	-20
 858 033d 80       		.byte	-128
 859 033e 88       		.byte	-120
 860 033f 20       		.byte	32
 861 0340 89       		.byte	-119
 862 0341 80       		.byte	-128
 863 0342 95       		.byte	-107
 864 0343 04       		.byte	4
 865 0344 9C       		.byte	-100
 866 0345 08       		.byte	8
 867 0346 9F       		.byte	-97
 868 0347 08       		.byte	8
 869 0348 A4       		.byte	-92
 870 0349 20       		.byte	32
 871 034a A5       		.byte	-91
 872 034b 80       		.byte	-128
 873 034c E0       		.byte	-32
 874 034d 20       		.byte	32
 875 034e E4       		.byte	-28
 876 034f 20       		.byte	32
 877 0350 EA       		.byte	-22
 878 0351 08       		.byte	8
 879 0352 58       		.byte	88
 880 0353 04       		.byte	4
 881 0354 59       		.byte	89
 882 0355 04       		.byte	4
 883 0356 5C       		.byte	92
 884 0357 11       		.byte	17
 885 0358 5F       		.byte	95
 886 0359 01       		.byte	1
 887 035a D8       		.byte	-40
 888 035b 04       		.byte	4
 889 035c D9       		.byte	-39
 890 035d 04       		.byte	4
 891 035e DC       		.byte	-36
 892 035f 11       		.byte	17
 893 0360 DF       		.byte	-33
 894 0361 01       		.byte	1
 895 0362 01       		.byte	1
 896 0363 20       		.byte	32
 897 0364 03       		.byte	3
 898 0365 40       		.byte	64
 899 0366 05       		.byte	5
 900 0367 20       		.byte	32
 901 0368 07       		.byte	7
 902 0369 0E       		.byte	14
 903 036a 08       		.byte	8
 904 036b 98       		.byte	-104
 905 036c 0F       		.byte	15
 906 036d 05       		.byte	5
 907 036e 11       		.byte	17
 908 036f 04       		.byte	4
 909 0370 13       		.byte	19
 910 0371 05       		.byte	5
 911 0372 14       		.byte	20
 912 0373 18       		.byte	24
ARM GAS  C:\Users\BASILE~1\AppData\Local\Temp\ccQfMNSn.s 			page 17


 913 0374 17       		.byte	23
 914 0375 40       		.byte	64
 915 0376 28       		.byte	40
 916 0377 08       		.byte	8
 917 0378 2C       		.byte	44
 918 0379 30       		.byte	48
 919 037a 2D       		.byte	45
 920 037b 20       		.byte	32
 921 037c 30       		.byte	48
 922 037d 20       		.byte	32
 923 037e 31       		.byte	49
 924 037f 80       		.byte	-128
 925 0380 33       		.byte	51
 926 0381 44       		.byte	68
 927 0382 34       		.byte	52
 928 0383 08       		.byte	8
 929 0384 37       		.byte	55
 930 0385 42       		.byte	66
 931 0386 38       		.byte	56
 932 0387 80       		.byte	-128
 933 0388 39       		.byte	57
 934 0389 06       		.byte	6
 935 038a 3D       		.byte	61
 936 038b 04       		.byte	4
 937 038c 3F       		.byte	63
 938 038d 01       		.byte	1
 939 038e 88       		.byte	-120
 940 038f 80       		.byte	-128
 941 0390 89       		.byte	-119
 942 0391 01       		.byte	1
 943 0392 8B       		.byte	-117
 944 0393 02       		.byte	2
 945 0394 8C       		.byte	-116
 946 0395 40       		.byte	64
 947 0396 8F       		.byte	-113
 948 0397 01       		.byte	1
 949 0398 C0       		.byte	-64
 950 0399 CA       		.byte	-54
 951 039a C2       		.byte	-62
 952 039b C7       		.byte	-57
 953 039c C4       		.byte	-60
 954 039d EC       		.byte	-20
 955 039e CA       		.byte	-54
 956 039f 64       		.byte	100
 957 03a0 CC       		.byte	-52
 958 03a1 DE       		.byte	-34
 959 03a2 CE       		.byte	-50
 960 03a3 CB       		.byte	-53
 961 03a4 E0       		.byte	-32
 962 03a5 20       		.byte	32
 963 03a6 E4       		.byte	-28
 964 03a7 10       		.byte	16
 965 03a8 00       		.byte	0
 966 03a9 01       		.byte	1
 967 03aa 0A       		.byte	10
 968 03ab 01       		.byte	1
 969 03ac 12       		.byte	18
ARM GAS  C:\Users\BASILE~1\AppData\Local\Temp\ccQfMNSn.s 			page 18


 970 03ad 02       		.byte	2
 971 03ae 15       		.byte	21
 972 03af 01       		.byte	1
 973 03b0 27       		.byte	39
 974 03b1 03       		.byte	3
 975 03b2 32       		.byte	50
 976 03b3 03       		.byte	3
 977 03b4 33       		.byte	51
 978 03b5 02       		.byte	2
 979 03b6 37       		.byte	55
 980 03b7 01       		.byte	1
 981 03b8 58       		.byte	88
 982 03b9 04       		.byte	4
 983 03ba 59       		.byte	89
 984 03bb 0C       		.byte	12
 985 03bc 5B       		.byte	91
 986 03bd 04       		.byte	4
 987 03be 5C       		.byte	92
 988 03bf 19       		.byte	25
 989 03c0 5F       		.byte	95
 990 03c1 01       		.byte	1
 991 03c2 81       		.byte	-127
 992 03c3 01       		.byte	1
 993 03c4 82       		.byte	-126
 994 03c5 08       		.byte	8
 995 03c6 87       		.byte	-121
 996 03c7 01       		.byte	1
 997 03c8 90       		.byte	-112
 998 03c9 01       		.byte	1
 999 03ca 97       		.byte	-105
 1000 03cb 04       		.byte	4
 1001 03cc 9D       		.byte	-99
 1002 03cd 04       		.byte	4
 1003 03ce 9E       		.byte	-98
 1004 03cf 03       		.byte	3
 1005 03d0 A6       		.byte	-90
 1006 03d1 04       		.byte	4
 1007 03d2 A7       		.byte	-89
 1008 03d3 02       		.byte	2
 1009 03d4 AB       		.byte	-85
 1010 03d5 02       		.byte	2
 1011 03d6 AF       		.byte	-81
 1012 03d7 01       		.byte	1
 1013 03d8 B0       		.byte	-80
 1014 03d9 02       		.byte	2
 1015 03da B1       		.byte	-79
 1016 03db 04       		.byte	4
 1017 03dc B2       		.byte	-78
 1018 03dd 01       		.byte	1
 1019 03de B4       		.byte	-76
 1020 03df 08       		.byte	8
 1021 03e0 B5       		.byte	-75
 1022 03e1 02       		.byte	2
 1023 03e2 B6       		.byte	-74
 1024 03e3 04       		.byte	4
 1025 03e4 B7       		.byte	-73
 1026 03e5 01       		.byte	1
ARM GAS  C:\Users\BASILE~1\AppData\Local\Temp\ccQfMNSn.s 			page 19


 1027 03e6 BF       		.byte	-65
 1028 03e7 50       		.byte	80
 1029 03e8 C0       		.byte	-64
 1030 03e9 30       		.byte	48
 1031 03ea C1       		.byte	-63
 1032 03eb 02       		.byte	2
 1033 03ec C5       		.byte	-59
 1034 03ed D0       		.byte	-48
 1035 03ee C6       		.byte	-58
 1036 03ef 15       		.byte	21
 1037 03f0 C7       		.byte	-57
 1038 03f1 02       		.byte	2
 1039 03f2 C8       		.byte	-56
 1040 03f3 1E       		.byte	30
 1041 03f4 C9       		.byte	-55
 1042 03f5 FF       		.byte	-1
 1043 03f6 CA       		.byte	-54
 1044 03f7 FF       		.byte	-1
 1045 03f8 CB       		.byte	-53
 1046 03f9 FF       		.byte	-1
 1047 03fa CD       		.byte	-51
 1048 03fb A0       		.byte	-96
 1049 03fc CF       		.byte	-49
 1050 03fd 04       		.byte	4
 1051 03fe D0       		.byte	-48
 1052 03ff 18       		.byte	24
 1053 0400 D2       		.byte	-46
 1054 0401 80       		.byte	-128
 1055 0402 D4       		.byte	-44
 1056 0403 07       		.byte	7
 1057 0404 D8       		.byte	-40
 1058 0405 04       		.byte	4
 1059 0406 D9       		.byte	-39
 1060 0407 04       		.byte	4
 1061 0408 DA       		.byte	-38
 1062 0409 04       		.byte	4
 1063 040a DB       		.byte	-37
 1064 040b 04       		.byte	4
 1065 040c DC       		.byte	-36
 1066 040d 22       		.byte	34
 1067 040e DD       		.byte	-35
 1068 040f 22       		.byte	34
 1069 0410 DF       		.byte	-33
 1070 0411 01       		.byte	1
 1071 0412 E0       		.byte	-32
 1072 0413 40       		.byte	64
 1073 0414 E2       		.byte	-30
 1074 0415 C0       		.byte	-64
 1075 0416 E4       		.byte	-28
 1076 0417 40       		.byte	64
 1077 0418 E5       		.byte	-27
 1078 0419 40       		.byte	64
 1079 041a E6       		.byte	-26
 1080 041b C0       		.byte	-64
 1081 041c E8       		.byte	-24
 1082 041d C0       		.byte	-64
 1083 041e EA       		.byte	-22
ARM GAS  C:\Users\BASILE~1\AppData\Local\Temp\ccQfMNSn.s 			page 20


 1084 041f C0       		.byte	-64
 1085 0420 EC       		.byte	-20
 1086 0421 C0       		.byte	-64
 1087 0422 EE       		.byte	-18
 1088 0423 C0       		.byte	-64
 1089 0424 00       		.byte	0
 1090 0425 11       		.byte	17
 1091 0426 05       		.byte	5
 1092 0427 01       		.byte	1
 1093 0428 08       		.byte	8
 1094 0429 02       		.byte	2
 1095 042a 0C       		.byte	12
 1096 042b C0       		.byte	-64
 1097 042c 0E       		.byte	14
 1098 042d 80       		.byte	-128
 1099 042e 16       		.byte	22
 1100 042f 10       		.byte	16
 1101 0430 17       		.byte	23
 1102 0431 04       		.byte	4
 1103 0432 18       		.byte	24
 1104 0433 10       		.byte	16
 1105 0434 19       		.byte	25
 1106 0435 08       		.byte	8
 1107 0436 1D       		.byte	29
 1108 0437 40       		.byte	64
 1109 0438 1E       		.byte	30
 1110 0439 A0       		.byte	-96
 1111 043a 1F       		.byte	31
 1112 043b 20       		.byte	32
 1113 043c 20       		.byte	32
 1114 043d 01       		.byte	1
 1115 043e 21       		.byte	33
 1116 043f 08       		.byte	8
 1117 0440 22       		.byte	34
 1118 0441 40       		.byte	64
 1119 0442 24       		.byte	36
 1120 0443 42       		.byte	66
 1121 0444 27       		.byte	39
 1122 0445 08       		.byte	8
 1123 0446 29       		.byte	41
 1124 0447 08       		.byte	8
 1125 0448 2C       		.byte	44
 1126 0449 10       		.byte	16
 1127 044a 2E       		.byte	46
 1128 044b 80       		.byte	-128
 1129 044c 2F       		.byte	47
 1130 044d 28       		.byte	40
 1131 044e 31       		.byte	49
 1132 044f 08       		.byte	8
 1133 0450 35       		.byte	53
 1134 0451 40       		.byte	64
 1135 0452 37       		.byte	55
 1136 0453 04       		.byte	4
 1137 0454 3C       		.byte	60
 1138 0455 0A       		.byte	10
 1139 0456 44       		.byte	68
 1140 0457 10       		.byte	16
ARM GAS  C:\Users\BASILE~1\AppData\Local\Temp\ccQfMNSn.s 			page 21


 1141 0458 46       		.byte	70
 1142 0459 04       		.byte	4
 1143 045a 4F       		.byte	79
 1144 045b 01       		.byte	1
 1145 045c 54       		.byte	84
 1146 045d 80       		.byte	-128
 1147 045e 56       		.byte	86
 1148 045f 14       		.byte	20
 1149 0460 57       		.byte	87
 1150 0461 08       		.byte	8
 1151 0462 5C       		.byte	92
 1152 0463 40       		.byte	64
 1153 0464 5E       		.byte	94
 1154 0465 20       		.byte	32
 1155 0466 5F       		.byte	95
 1156 0467 09       		.byte	9
 1157 0468 68       		.byte	104
 1158 0469 05       		.byte	5
 1159 046a 69       		.byte	105
 1160 046b A0       		.byte	-96
 1161 046c 75       		.byte	117
 1162 046d 01       		.byte	1
 1163 046e 79       		.byte	121
 1164 046f 40       		.byte	64
 1165 0470 80       		.byte	-128
 1166 0471 01       		.byte	1
 1167 0472 86       		.byte	-122
 1168 0473 08       		.byte	8
 1169 0474 91       		.byte	-111
 1170 0475 40       		.byte	64
 1171 0476 95       		.byte	-107
 1172 0477 A0       		.byte	-96
 1173 0478 96       		.byte	-106
 1174 0479 80       		.byte	-128
 1175 047a 98       		.byte	-104
 1176 047b 02       		.byte	2
 1177 047c 9A       		.byte	-102
 1178 047d 80       		.byte	-128
 1179 047e 9C       		.byte	-100
 1180 047f 40       		.byte	64
 1181 0480 9E       		.byte	-98
 1182 0481 18       		.byte	24
 1183 0482 A7       		.byte	-89
 1184 0483 20       		.byte	32
 1185 0484 A8       		.byte	-88
 1186 0485 04       		.byte	4
 1187 0486 AD       		.byte	-83
 1188 0487 04       		.byte	4
 1189 0488 B0       		.byte	-80
 1190 0489 08       		.byte	8
 1191 048a B1       		.byte	-79
 1192 048b 80       		.byte	-128
 1193 048c B5       		.byte	-75
 1194 048d 01       		.byte	1
 1195 048e C0       		.byte	-64
 1196 048f 1A       		.byte	26
 1197 0490 C2       		.byte	-62
ARM GAS  C:\Users\BASILE~1\AppData\Local\Temp\ccQfMNSn.s 			page 22


 1198 0491 98       		.byte	-104
 1199 0492 C4       		.byte	-60
 1200 0493 20       		.byte	32
 1201 0494 CA       		.byte	-54
 1202 0495 72       		.byte	114
 1203 0496 CC       		.byte	-52
 1204 0497 52       		.byte	82
 1205 0498 CE       		.byte	-50
 1206 0499 C0       		.byte	-64
 1207 049a D0       		.byte	-48
 1208 049b 60       		.byte	96
 1209 049c D6       		.byte	-42
 1210 049d F0       		.byte	-16
 1211 049e DE       		.byte	-34
 1212 049f 08       		.byte	8
 1213 04a0 E8       		.byte	-24
 1214 04a1 88       		.byte	-120
 1215 04a2 EA       		.byte	-22
 1216 04a3 20       		.byte	32
 1217 04a4 EC       		.byte	-20
 1218 04a5 20       		.byte	32
 1219 04a6 EE       		.byte	-18
 1220 04a7 41       		.byte	65
 1221 04a8 02       		.byte	2
 1222 04a9 02       		.byte	2
 1223 04aa 13       		.byte	19
 1224 04ab 01       		.byte	1
 1225 04ac 18       		.byte	24
 1226 04ad 02       		.byte	2
 1227 04ae 19       		.byte	25
 1228 04af 05       		.byte	5
 1229 04b0 1B       		.byte	27
 1230 04b1 02       		.byte	2
 1231 04b2 21       		.byte	33
 1232 04b3 03       		.byte	3
 1233 04b4 23       		.byte	35
 1234 04b5 04       		.byte	4
 1235 04b6 27       		.byte	39
 1236 04b7 02       		.byte	2
 1237 04b8 2A       		.byte	42
 1238 04b9 01       		.byte	1
 1239 04ba 2C       		.byte	44
 1240 04bb 02       		.byte	2
 1241 04bc 2F       		.byte	47
 1242 04bd 04       		.byte	4
 1243 04be 30       		.byte	48
 1244 04bf 02       		.byte	2
 1245 04c0 32       		.byte	50
 1246 04c1 01       		.byte	1
 1247 04c2 37       		.byte	55
 1248 04c3 07       		.byte	7
 1249 04c4 3E       		.byte	62
 1250 04c5 01       		.byte	1
 1251 04c6 3F       		.byte	63
 1252 04c7 40       		.byte	64
 1253 04c8 58       		.byte	88
 1254 04c9 04       		.byte	4
ARM GAS  C:\Users\BASILE~1\AppData\Local\Temp\ccQfMNSn.s 			page 23


 1255 04ca 59       		.byte	89
 1256 04cb 04       		.byte	4
 1257 04cc 5B       		.byte	91
 1258 04cd 04       		.byte	4
 1259 04ce 5C       		.byte	92
 1260 04cf 10       		.byte	16
 1261 04d0 5F       		.byte	95
 1262 04d1 01       		.byte	1
 1263 04d2 85       		.byte	-123
 1264 04d3 01       		.byte	1
 1265 04d4 89       		.byte	-119
 1266 04d5 01       		.byte	1
 1267 04d6 8F       		.byte	-113
 1268 04d7 04       		.byte	4
 1269 04d8 99       		.byte	-103
 1270 04d9 04       		.byte	4
 1271 04da 9F       		.byte	-97
 1272 04db 04       		.byte	4
 1273 04dc A3       		.byte	-93
 1274 04dd 02       		.byte	2
 1275 04de A7       		.byte	-89
 1276 04df 0A       		.byte	10
 1277 04e0 AB       		.byte	-85
 1278 04e1 08       		.byte	8
 1279 04e2 B1       		.byte	-79
 1280 04e3 08       		.byte	8
 1281 04e4 B3       		.byte	-77
 1282 04e5 02       		.byte	2
 1283 04e6 B5       		.byte	-75
 1284 04e7 01       		.byte	1
 1285 04e8 B7       		.byte	-73
 1286 04e9 04       		.byte	4
 1287 04ea B9       		.byte	-71
 1288 04eb 20       		.byte	32
 1289 04ec BF       		.byte	-65
 1290 04ed 50       		.byte	80
 1291 04ee D2       		.byte	-46
 1292 04ef 03       		.byte	3
 1293 04f0 D3       		.byte	-45
 1294 04f1 02       		.byte	2
 1295 04f2 D8       		.byte	-40
 1296 04f3 04       		.byte	4
 1297 04f4 D9       		.byte	-39
 1298 04f5 04       		.byte	4
 1299 04f6 DB       		.byte	-37
 1300 04f7 04       		.byte	4
 1301 04f8 DC       		.byte	-36
 1302 04f9 21       		.byte	33
 1303 04fa DD       		.byte	-35
 1304 04fb 10       		.byte	16
 1305 04fc DF       		.byte	-33
 1306 04fd 01       		.byte	1
 1307 04fe 00       		.byte	0
 1308 04ff 08       		.byte	8
 1309 0500 01       		.byte	1
 1310 0501 80       		.byte	-128
 1311 0502 02       		.byte	2
ARM GAS  C:\Users\BASILE~1\AppData\Local\Temp\ccQfMNSn.s 			page 24


 1312 0503 88       		.byte	-120
 1313 0504 04       		.byte	4
 1314 0505 02       		.byte	2
 1315 0506 06       		.byte	6
 1316 0507 80       		.byte	-128
 1317 0508 0B       		.byte	11
 1318 0509 40       		.byte	64
 1319 050a 0C       		.byte	12
 1320 050b 10       		.byte	16
 1321 050c 0D       		.byte	13
 1322 050d 10       		.byte	16
 1323 050e 10       		.byte	16
 1324 050f 04       		.byte	4
 1325 0510 11       		.byte	17
 1326 0511 02       		.byte	2
 1327 0512 14       		.byte	20
 1328 0513 08       		.byte	8
 1329 0514 15       		.byte	21
 1330 0515 80       		.byte	-128
 1331 0516 16       		.byte	22
 1332 0517 02       		.byte	2
 1333 0518 17       		.byte	23
 1334 0519 40       		.byte	64
 1335 051a 1C       		.byte	28
 1336 051b 10       		.byte	16
 1337 051c 1D       		.byte	29
 1338 051d 01       		.byte	1
 1339 051e 20       		.byte	32
 1340 051f 06       		.byte	6
 1341 0520 21       		.byte	33
 1342 0521 04       		.byte	4
 1343 0522 23       		.byte	35
 1344 0523 80       		.byte	-128
 1345 0524 25       		.byte	37
 1346 0525 80       		.byte	-128
 1347 0526 26       		.byte	38
 1348 0527 40       		.byte	64
 1349 0528 28       		.byte	40
 1350 0529 40       		.byte	64
 1351 052a 2A       		.byte	42
 1352 052b 10       		.byte	16
 1353 052c 2B       		.byte	43
 1354 052d 20       		.byte	32
 1355 052e 2C       		.byte	44
 1356 052f 04       		.byte	4
 1357 0530 2E       		.byte	46
 1358 0531 4A       		.byte	74
 1359 0532 30       		.byte	48
 1360 0533 10       		.byte	16
 1361 0534 33       		.byte	51
 1362 0535 40       		.byte	64
 1363 0536 34       		.byte	52
 1364 0537 10       		.byte	16
 1365 0538 35       		.byte	53
 1366 0539 80       		.byte	-128
 1367 053a 36       		.byte	54
 1368 053b 08       		.byte	8
ARM GAS  C:\Users\BASILE~1\AppData\Local\Temp\ccQfMNSn.s 			page 25


 1369 053c 37       		.byte	55
 1370 053d 01       		.byte	1
 1371 053e 38       		.byte	56
 1372 053f 08       		.byte	8
 1373 0540 39       		.byte	57
 1374 0541 10       		.byte	16
 1375 0542 3A       		.byte	58
 1376 0543 80       		.byte	-128
 1377 0544 3C       		.byte	60
 1378 0545 08       		.byte	8
 1379 0546 3D       		.byte	61
 1380 0547 02       		.byte	2
 1381 0548 3F       		.byte	63
 1382 0549 60       		.byte	96
 1383 054a 5E       		.byte	94
 1384 054b 80       		.byte	-128
 1385 054c 69       		.byte	105
 1386 054d 50       		.byte	80
 1387 054e 6A       		.byte	106
 1388 054f 20       		.byte	32
 1389 0550 6C       		.byte	108
 1390 0551 01       		.byte	1
 1391 0552 82       		.byte	-126
 1392 0553 40       		.byte	64
 1393 0554 83       		.byte	-125
 1394 0555 80       		.byte	-128
 1395 0556 88       		.byte	-120
 1396 0557 01       		.byte	1
 1397 0558 8F       		.byte	-113
 1398 0559 12       		.byte	18
 1399 055a 93       		.byte	-109
 1400 055b 40       		.byte	64
 1401 055c 94       		.byte	-108
 1402 055d 16       		.byte	22
 1403 055e 95       		.byte	-107
 1404 055f 40       		.byte	64
 1405 0560 96       		.byte	-106
 1406 0561 A0       		.byte	-96
 1407 0562 98       		.byte	-104
 1408 0563 06       		.byte	6
 1409 0564 99       		.byte	-103
 1410 0565 80       		.byte	-128
 1411 0566 9B       		.byte	-101
 1412 0567 03       		.byte	3
 1413 0568 A0       		.byte	-96
 1414 0569 04       		.byte	4
 1415 056a A1       		.byte	-95
 1416 056b 01       		.byte	1
 1417 056c A2       		.byte	-94
 1418 056d 88       		.byte	-120
 1419 056e B0       		.byte	-80
 1420 056f 01       		.byte	1
 1421 0570 B4       		.byte	-76
 1422 0571 01       		.byte	1
 1423 0572 C0       		.byte	-64
 1424 0573 1F       		.byte	31
 1425 0574 C2       		.byte	-62
ARM GAS  C:\Users\BASILE~1\AppData\Local\Temp\ccQfMNSn.s 			page 26


 1426 0575 48       		.byte	72
 1427 0576 C4       		.byte	-60
 1428 0577 CA       		.byte	-54
 1429 0578 CA       		.byte	-54
 1430 0579 F7       		.byte	-9
 1431 057a CC       		.byte	-52
 1432 057b FC       		.byte	-4
 1433 057c CE       		.byte	-50
 1434 057d FE       		.byte	-2
 1435 057e D6       		.byte	-42
 1436 057f 10       		.byte	16
 1437 0580 E0       		.byte	-32
 1438 0581 01       		.byte	1
 1439 0582 E2       		.byte	-30
 1440 0583 04       		.byte	4
 1441 0584 EA       		.byte	-22
 1442 0585 40       		.byte	64
 1443 0586 B0       		.byte	-80
 1444 0587 08       		.byte	8
 1445 0588 E0       		.byte	-32
 1446 0589 81       		.byte	-127
 1447 058a E2       		.byte	-30
 1448 058b 04       		.byte	4
 1449 058c E8       		.byte	-24
 1450 058d 80       		.byte	-128
 1451 058e E8       		.byte	-24
 1452 058f 08       		.byte	8
 1453 0590 EC       		.byte	-20
 1454 0591 20       		.byte	32
 1455 0592 EE       		.byte	-18
 1456 0593 01       		.byte	1
 1457 0594 13       		.byte	19
 1458 0595 01       		.byte	1
 1459 0596 16       		.byte	22
 1460 0597 80       		.byte	-128
 1461 0598 32       		.byte	50
 1462 0599 40       		.byte	64
 1463 059a 33       		.byte	51
 1464 059b 08       		.byte	8
 1465 059c 37       		.byte	55
 1466 059d 40       		.byte	64
 1467 059e 39       		.byte	57
 1468 059f 08       		.byte	8
 1469 05a0 3E       		.byte	62
 1470 05a1 80       		.byte	-128
 1471 05a2 83       		.byte	-125
 1472 05a3 01       		.byte	1
 1473 05a4 C4       		.byte	-60
 1474 05a5 30       		.byte	48
 1475 05a6 CC       		.byte	-52
 1476 05a7 70       		.byte	112
 1477 05a8 CE       		.byte	-50
 1478 05a9 60       		.byte	96
 1479 05aa E0       		.byte	-32
 1480 05ab 80       		.byte	-128
 1481 05ac 50       		.byte	80
 1482 05ad 04       		.byte	4
ARM GAS  C:\Users\BASILE~1\AppData\Local\Temp\ccQfMNSn.s 			page 27


 1483 05ae 57       		.byte	87
 1484 05af 80       		.byte	-128
 1485 05b0 5A       		.byte	90
 1486 05b1 40       		.byte	64
 1487 05b2 5B       		.byte	91
 1488 05b3 02       		.byte	2
 1489 05b4 5C       		.byte	92
 1490 05b5 08       		.byte	8
 1491 05b6 5F       		.byte	95
 1492 05b7 40       		.byte	64
 1493 05b8 63       		.byte	99
 1494 05b9 08       		.byte	8
 1495 05ba 66       		.byte	102
 1496 05bb 01       		.byte	1
 1497 05bc 83       		.byte	-125
 1498 05bd 48       		.byte	72
 1499 05be 87       		.byte	-121
 1500 05bf 40       		.byte	64
 1501 05c0 8C       		.byte	-116
 1502 05c1 04       		.byte	4
 1503 05c2 8F       		.byte	-113
 1504 05c3 04       		.byte	4
 1505 05c4 95       		.byte	-107
 1506 05c5 08       		.byte	8
 1507 05c6 96       		.byte	-106
 1508 05c7 80       		.byte	-128
 1509 05c8 9F       		.byte	-97
 1510 05c9 40       		.byte	64
 1511 05ca A7       		.byte	-89
 1512 05cb 08       		.byte	8
 1513 05cc D4       		.byte	-44
 1514 05cd E0       		.byte	-32
 1515 05ce D6       		.byte	-42
 1516 05cf E0       		.byte	-32
 1517 05d0 D8       		.byte	-40
 1518 05d1 C0       		.byte	-64
 1519 05d2 E6       		.byte	-26
 1520 05d3 C0       		.byte	-64
 1521 05d4 02       		.byte	2
 1522 05d5 10       		.byte	16
 1523 05d6 1B       		.byte	27
 1524 05d7 04       		.byte	4
 1525 05d8 3F       		.byte	63
 1526 05d9 08       		.byte	8
 1527 05da 96       		.byte	-106
 1528 05db 80       		.byte	-128
 1529 05dc AA       		.byte	-86
 1530 05dd 01       		.byte	1
 1531 05de AB       		.byte	-85
 1532 05df 82       		.byte	-126
 1533 05e0 AD       		.byte	-83
 1534 05e1 04       		.byte	4
 1535 05e2 B4       		.byte	-76
 1536 05e3 08       		.byte	8
 1537 05e4 B6       		.byte	-74
 1538 05e5 40       		.byte	64
 1539 05e6 C0       		.byte	-64
ARM GAS  C:\Users\BASILE~1\AppData\Local\Temp\ccQfMNSn.s 			page 28


 1540 05e7 10       		.byte	16
 1541 05e8 C6       		.byte	-58
 1542 05e9 10       		.byte	16
 1543 05ea CE       		.byte	-50
 1544 05eb 80       		.byte	-128
 1545 05ec EA       		.byte	-22
 1546 05ed 30       		.byte	48
 1547 05ee EE       		.byte	-18
 1548 05ef A0       		.byte	-96
 1549 05f0 60       		.byte	96
 1550 05f1 40       		.byte	64
 1551 05f2 86       		.byte	-122
 1552 05f3 10       		.byte	16
 1553 05f4 8E       		.byte	-114
 1554 05f5 40       		.byte	64
 1555 05f6 96       		.byte	-106
 1556 05f7 80       		.byte	-128
 1557 05f8 9A       		.byte	-102
 1558 05f9 10       		.byte	16
 1559 05fa D8       		.byte	-40
 1560 05fb 40       		.byte	64
 1561 05fc E0       		.byte	-32
 1562 05fd 40       		.byte	64
 1563 05fe 1B       		.byte	27
 1564 05ff 02       		.byte	2
 1565 0600 25       		.byte	37
 1566 0601 01       		.byte	1
 1567 0602 A7       		.byte	-89
 1568 0603 02       		.byte	2
 1569 0604 AF       		.byte	-81
 1570 0605 02       		.byte	2
 1571 0606 C6       		.byte	-58
 1572 0607 08       		.byte	8
 1573 0608 C8       		.byte	-56
 1574 0609 01       		.byte	1
 1575 060a 44       		.byte	68
 1576 060b 01       		.byte	1
 1577 060c A1       		.byte	-95
 1578 060d 01       		.byte	1
 1579 060e D0       		.byte	-48
 1580 060f 04       		.byte	4
 1581 0610 20       		.byte	32
 1582 0611 80       		.byte	-128
 1583 0612 65       		.byte	101
 1584 0613 20       		.byte	32
 1585 0614 B4       		.byte	-76
 1586 0615 40       		.byte	64
 1587 0616 C8       		.byte	-56
 1588 0617 40       		.byte	64
 1589 0618 D8       		.byte	-40
 1590 0619 80       		.byte	-128
 1591 061a 0B       		.byte	11
 1592 061b 08       		.byte	8
 1593 061c 11       		.byte	17
 1594 061d 04       		.byte	4
 1595 061e 72       		.byte	114
 1596 061f 20       		.byte	32
ARM GAS  C:\Users\BASILE~1\AppData\Local\Temp\ccQfMNSn.s 			page 29


 1597 0620 75       		.byte	117
 1598 0621 02       		.byte	2
 1599 0622 81       		.byte	-127
 1600 0623 02       		.byte	2
 1601 0624 85       		.byte	-123
 1602 0625 04       		.byte	4
 1603 0626 97       		.byte	-105
 1604 0627 08       		.byte	8
 1605 0628 9A       		.byte	-102
 1606 0629 20       		.byte	32
 1607 062a B0       		.byte	-80
 1608 062b 40       		.byte	64
 1609 062c B1       		.byte	-79
 1610 062d 20       		.byte	32
 1611 062e B3       		.byte	-77
 1612 062f 04       		.byte	4
 1613 0630 B6       		.byte	-74
 1614 0631 20       		.byte	32
 1615 0632 C2       		.byte	-62
 1616 0633 40       		.byte	64
 1617 0634 C4       		.byte	-60
 1618 0635 10       		.byte	16
 1619 0636 DC       		.byte	-36
 1620 0637 80       		.byte	-128
 1621 0638 DE       		.byte	-34
 1622 0639 20       		.byte	32
 1623 063a E4       		.byte	-28
 1624 063b 40       		.byte	64
 1625 063c E6       		.byte	-26
 1626 063d 20       		.byte	32
 1627 063e 07       		.byte	7
 1628 063f 10       		.byte	16
 1629 0640 53       		.byte	83
 1630 0641 80       		.byte	-128
 1631 0642 5E       		.byte	94
 1632 0643 01       		.byte	1
 1633 0644 5F       		.byte	95
 1634 0645 80       		.byte	-128
 1635 0646 83       		.byte	-125
 1636 0647 90       		.byte	-112
 1637 0648 8B       		.byte	-117
 1638 0649 80       		.byte	-128
 1639 064a 9C       		.byte	-100
 1640 064b 01       		.byte	1
 1641 064c A1       		.byte	-95
 1642 064d 01       		.byte	1
 1643 064e C0       		.byte	-64
 1644 064f 04       		.byte	4
 1645 0650 D4       		.byte	-44
 1646 0651 04       		.byte	4
 1647 0652 D6       		.byte	-42
 1648 0653 05       		.byte	5
 1649 0654 E0       		.byte	-32
 1650 0655 01       		.byte	1
 1651 0656 A9       		.byte	-87
 1652 0657 01       		.byte	1
 1653 0658 AE       		.byte	-82
ARM GAS  C:\Users\BASILE~1\AppData\Local\Temp\ccQfMNSn.s 			page 30


 1654 0659 01       		.byte	1
 1655 065a B0       		.byte	-80
 1656 065b 01       		.byte	1
 1657 065c EC       		.byte	-20
 1658 065d 04       		.byte	4
 1659 065e 00       		.byte	0
 1660 065f 02       		.byte	2
 1661 0660 01       		.byte	1
 1662 0661 01       		.byte	1
 1663 0662 08       		.byte	8
 1664 0663 02       		.byte	2
 1665 0664 09       		.byte	9
 1666 0665 01       		.byte	1
 1667 0666 0A       		.byte	10
 1668 0667 02       		.byte	2
 1669 0668 0E       		.byte	14
 1670 0669 02       		.byte	2
 1671 066a 10       		.byte	16
 1672 066b 07       		.byte	7
 1673 066c 11       		.byte	17
 1674 066d 01       		.byte	1
 1675 066e 1A       		.byte	26
 1676 066f 07       		.byte	7
 1677 0670 1B       		.byte	27
 1678 0671 01       		.byte	1
 1679 0672 00       		.byte	0
 1680 0673 3F       		.byte	63
 1681 0674 04       		.byte	4
 1682 0675 0C       		.byte	12
 1683 0676 10       		.byte	16
 1684 0677 0A       		.byte	10
 1685 0678 00       		.byte	0
 1686 0679 00       		.byte	0
 1687 067a 00       		.byte	0
 1688 067b 00       		.byte	0
 1689 067c 00       		.byte	0
 1690 067d FF       		.byte	-1
 1691 067e FF       		.byte	-1
 1692 067f 00       		.byte	0
 1693 0680 05       		.byte	5
 1694 0681 0F       		.byte	15
 1695 0682 0A       		.byte	10
 1696 0683 00       		.byte	0
 1697 0684 0A       		.byte	10
 1698 0685 00       		.byte	0
 1699 0686 00       		.byte	0
 1700 0687 00       		.byte	0
 1701 0688 02       		.byte	2
 1702 0689 FF       		.byte	-1
 1703 068a FD       		.byte	-3
 1704 068b 00       		.byte	0
 1705 068c 79       		.byte	121
 1706 068d 00       		.byte	0
 1707 068e 00       		.byte	0
 1708 068f 00       		.byte	0
 1709 0690 00       		.byte	0
 1710 0691 7F       		.byte	127
ARM GAS  C:\Users\BASILE~1\AppData\Local\Temp\ccQfMNSn.s 			page 31


 1711 0692 7F       		.byte	127
 1712 0693 00       		.byte	0
 1713 0694 00       		.byte	0
 1714 0695 00       		.byte	0
 1715 0696 00       		.byte	0
 1716 0697 00       		.byte	0
 1717 0698 E0       		.byte	-32
 1718 0699 00       		.byte	0
 1719 069a 00       		.byte	0
 1720 069b FF       		.byte	-1
 1721 069c 9F       		.byte	-97
 1722 069d 00       		.byte	0
 1723 069e 00       		.byte	0
 1724 069f 00       		.byte	0
 1725 06a0 00       		.byte	0
 1726 06a1 00       		.byte	0
 1727 06a2 00       		.byte	0
 1728 06a3 00       		.byte	0
 1729 06a4 00       		.byte	0
 1730 06a5 01       		.byte	1
 1731 06a6 00       		.byte	0
 1732 06a7 00       		.byte	0
 1733              		.section	.cywolatch,"a",%progbits
 1734              		.align	2
 1735              		.type	cy_meta_wonvl, %object
 1736              		.size	cy_meta_wonvl, 4
 1737              	cy_meta_wonvl:
 1738 0000 BC       		.byte	-68
 1739 0001 90       		.byte	-112
 1740 0002 AC       		.byte	-84
 1741 0003 AF       		.byte	-81
 1742              		.section	.cycustnvl,"a",%progbits
 1743              		.align	2
 1744              		.type	cy_meta_custnvl, %object
 1745              		.size	cy_meta_custnvl, 4
 1746              	cy_meta_custnvl:
 1747 0000 00       		.byte	0
 1748 0001 00       		.byte	0
 1749 0002 40       		.byte	64
 1750 0003 07       		.byte	7
 1751              		.section	.cymeta,"a",%progbits
 1752              		.align	2
 1753              		.type	cy_metadata, %object
 1754              		.size	cy_metadata, 12
 1755              	cy_metadata:
 1756 0000 00       		.byte	0
 1757 0001 01       		.byte	1
 1758 0002 2E       		.byte	46
 1759 0003 15       		.byte	21
 1760 0004 A0       		.byte	-96
 1761 0005 69       		.byte	105
 1762 0006 00       		.byte	0
 1763 0007 01       		.byte	1
 1764 0008 00       		.byte	0
 1765 0009 00       		.byte	0
 1766 000a 00       		.byte	0
 1767 000b 00       		.byte	0
ARM GAS  C:\Users\BASILE~1\AppData\Local\Temp\ccQfMNSn.s 			page 32


 1768              		.section	.cyflashprotect,"a",%progbits
 1769              		.align	2
 1770              		.type	cy_meta_flashprotect, %object
 1771              		.size	cy_meta_flashprotect, 256
 1772              	cy_meta_flashprotect:
 1773 0000 00000000 		.space	256
 1773      00000000 
 1773      00000000 
 1773      00000000 
 1773      00000000 
 1774              		.text
 1775              	.Letext0:
 1776              		.file 1 "c:\\program files (x86)\\cypress\\psoc creator\\4.2\\psoc creator\\import\\gnu\\arm\\5.4.
 1777              		.file 2 "c:\\program files (x86)\\cypress\\psoc creator\\4.2\\psoc creator\\import\\gnu\\arm\\5.4.
 1778              		.file 3 "Generated_Source\\PSoC5\\cymetadata.c"
 1779              		.section	.debug_info,"",%progbits
 1780              	.Ldebug_info0:
 1781 0000 35010000 		.4byte	0x135
 1782 0004 0400     		.2byte	0x4
 1783 0006 00000000 		.4byte	.Ldebug_abbrev0
 1784 000a 04       		.byte	0x4
 1785 000b 01       		.uleb128 0x1
 1786 000c 24000000 		.4byte	.LASF17
 1787 0010 0C       		.byte	0xc
 1788 0011 E8010000 		.4byte	.LASF18
 1789 0015 F9000000 		.4byte	.LASF19
 1790 0019 00000000 		.4byte	.Ldebug_line0
 1791 001d 02       		.uleb128 0x2
 1792 001e 01       		.byte	0x1
 1793 001f 06       		.byte	0x6
 1794 0020 DC010000 		.4byte	.LASF0
 1795 0024 03       		.uleb128 0x3
 1796 0025 00000000 		.4byte	.LASF9
 1797 0029 01       		.byte	0x1
 1798 002a 1D       		.byte	0x1d
 1799 002b 2F000000 		.4byte	0x2f
 1800 002f 02       		.uleb128 0x2
 1801 0030 01       		.byte	0x1
 1802 0031 08       		.byte	0x8
 1803 0032 16000000 		.4byte	.LASF1
 1804 0036 02       		.uleb128 0x2
 1805 0037 02       		.byte	0x2
 1806 0038 05       		.byte	0x5
 1807 0039 C9010000 		.4byte	.LASF2
 1808 003d 02       		.uleb128 0x2
 1809 003e 02       		.byte	0x2
 1810 003f 07       		.byte	0x7
 1811 0040 C4000000 		.4byte	.LASF3
 1812 0044 02       		.uleb128 0x2
 1813 0045 04       		.byte	0x4
 1814 0046 05       		.byte	0x5
 1815 0047 D3010000 		.4byte	.LASF4
 1816 004b 02       		.uleb128 0x2
 1817 004c 04       		.byte	0x4
 1818 004d 07       		.byte	0x7
 1819 004e B2000000 		.4byte	.LASF5
 1820 0052 02       		.uleb128 0x2
ARM GAS  C:\Users\BASILE~1\AppData\Local\Temp\ccQfMNSn.s 			page 33


 1821 0053 08       		.byte	0x8
 1822 0054 05       		.byte	0x5
 1823 0055 BB010000 		.4byte	.LASF6
 1824 0059 02       		.uleb128 0x2
 1825 005a 08       		.byte	0x8
 1826 005b 07       		.byte	0x7
 1827 005c 70010000 		.4byte	.LASF7
 1828 0060 04       		.uleb128 0x4
 1829 0061 04       		.byte	0x4
 1830 0062 05       		.byte	0x5
 1831 0063 696E7400 		.ascii	"int\000"
 1832 0067 02       		.uleb128 0x2
 1833 0068 04       		.byte	0x4
 1834 0069 07       		.byte	0x7
 1835 006a 63010000 		.4byte	.LASF8
 1836 006e 03       		.uleb128 0x3
 1837 006f 87010000 		.4byte	.LASF10
 1838 0073 02       		.byte	0x2
 1839 0074 18       		.byte	0x18
 1840 0075 24000000 		.4byte	0x24
 1841 0079 05       		.uleb128 0x5
 1842 007a 91000000 		.4byte	0x91
 1843 007e 8A000000 		.4byte	0x8a
 1844 0082 06       		.uleb128 0x6
 1845 0083 8A000000 		.4byte	0x8a
 1846 0087 A706     		.2byte	0x6a7
 1847 0089 00       		.byte	0
 1848 008a 02       		.uleb128 0x2
 1849 008b 04       		.byte	0x4
 1850 008c 07       		.byte	0x7
 1851 008d B2010000 		.4byte	.LASF11
 1852 0091 07       		.uleb128 0x7
 1853 0092 6E000000 		.4byte	0x6e
 1854 0096 08       		.uleb128 0x8
 1855 0097 E7000000 		.4byte	.LASF12
 1856 009b 03       		.byte	0x3
 1857 009c 1F       		.byte	0x1f
 1858 009d A7000000 		.4byte	0xa7
 1859 00a1 05       		.uleb128 0x5
 1860 00a2 03       		.byte	0x3
 1861 00a3 00000000 		.4byte	cy_meta_configecc
 1862 00a7 07       		.uleb128 0x7
 1863 00a8 79000000 		.4byte	0x79
 1864 00ac 05       		.uleb128 0x5
 1865 00ad 91000000 		.4byte	0x91
 1866 00b1 BC000000 		.4byte	0xbc
 1867 00b5 09       		.uleb128 0x9
 1868 00b6 8A000000 		.4byte	0x8a
 1869 00ba 03       		.byte	0x3
 1870 00bb 00       		.byte	0
 1871 00bc 0A       		.uleb128 0xa
 1872 00bd D7000000 		.4byte	.LASF13
 1873 00c1 03       		.byte	0x3
 1874 00c2 0101     		.2byte	0x101
 1875 00c4 CE000000 		.4byte	0xce
 1876 00c8 05       		.uleb128 0x5
 1877 00c9 03       		.byte	0x3
ARM GAS  C:\Users\BASILE~1\AppData\Local\Temp\ccQfMNSn.s 			page 34


 1878 00ca 00000000 		.4byte	cy_meta_custnvl
 1879 00ce 07       		.uleb128 0x7
 1880 00cf AC000000 		.4byte	0xac
 1881 00d3 0A       		.uleb128 0xa
 1882 00d4 A4010000 		.4byte	.LASF14
 1883 00d8 03       		.byte	0x3
 1884 00d9 0F01     		.2byte	0x10f
 1885 00db E5000000 		.4byte	0xe5
 1886 00df 05       		.uleb128 0x5
 1887 00e0 03       		.byte	0x3
 1888 00e1 00000000 		.4byte	cy_meta_wonvl
 1889 00e5 07       		.uleb128 0x7
 1890 00e6 AC000000 		.4byte	0xac
 1891 00ea 05       		.uleb128 0x5
 1892 00eb 91000000 		.4byte	0x91
 1893 00ef FA000000 		.4byte	0xfa
 1894 00f3 09       		.uleb128 0x9
 1895 00f4 8A000000 		.4byte	0x8a
 1896 00f8 FF       		.byte	0xff
 1897 00f9 00       		.byte	0
 1898 00fa 0A       		.uleb128 0xa
 1899 00fb 8F010000 		.4byte	.LASF15
 1900 00ff 03       		.byte	0x3
 1901 0100 1D01     		.2byte	0x11d
 1902 0102 0C010000 		.4byte	0x10c
 1903 0106 05       		.uleb128 0x5
 1904 0107 03       		.byte	0x3
 1905 0108 00000000 		.4byte	cy_meta_flashprotect
 1906 010c 07       		.uleb128 0x7
 1907 010d EA000000 		.4byte	0xea
 1908 0111 05       		.uleb128 0x5
 1909 0112 91000000 		.4byte	0x91
 1910 0116 21010000 		.4byte	0x121
 1911 011a 09       		.uleb128 0x9
 1912 011b 8A000000 		.4byte	0x8a
 1913 011f 0B       		.byte	0xb
 1914 0120 00       		.byte	0
 1915 0121 0A       		.uleb128 0xa
 1916 0122 0A000000 		.4byte	.LASF16
 1917 0126 03       		.byte	0x3
 1918 0127 4A01     		.2byte	0x14a
 1919 0129 33010000 		.4byte	0x133
 1920 012d 05       		.uleb128 0x5
 1921 012e 03       		.byte	0x3
 1922 012f 00000000 		.4byte	cy_metadata
 1923 0133 07       		.uleb128 0x7
 1924 0134 11010000 		.4byte	0x111
 1925 0138 00       		.byte	0
 1926              		.section	.debug_abbrev,"",%progbits
 1927              	.Ldebug_abbrev0:
 1928 0000 01       		.uleb128 0x1
 1929 0001 11       		.uleb128 0x11
 1930 0002 01       		.byte	0x1
 1931 0003 25       		.uleb128 0x25
 1932 0004 0E       		.uleb128 0xe
 1933 0005 13       		.uleb128 0x13
 1934 0006 0B       		.uleb128 0xb
ARM GAS  C:\Users\BASILE~1\AppData\Local\Temp\ccQfMNSn.s 			page 35


 1935 0007 03       		.uleb128 0x3
 1936 0008 0E       		.uleb128 0xe
 1937 0009 1B       		.uleb128 0x1b
 1938 000a 0E       		.uleb128 0xe
 1939 000b 10       		.uleb128 0x10
 1940 000c 17       		.uleb128 0x17
 1941 000d 00       		.byte	0
 1942 000e 00       		.byte	0
 1943 000f 02       		.uleb128 0x2
 1944 0010 24       		.uleb128 0x24
 1945 0011 00       		.byte	0
 1946 0012 0B       		.uleb128 0xb
 1947 0013 0B       		.uleb128 0xb
 1948 0014 3E       		.uleb128 0x3e
 1949 0015 0B       		.uleb128 0xb
 1950 0016 03       		.uleb128 0x3
 1951 0017 0E       		.uleb128 0xe
 1952 0018 00       		.byte	0
 1953 0019 00       		.byte	0
 1954 001a 03       		.uleb128 0x3
 1955 001b 16       		.uleb128 0x16
 1956 001c 00       		.byte	0
 1957 001d 03       		.uleb128 0x3
 1958 001e 0E       		.uleb128 0xe
 1959 001f 3A       		.uleb128 0x3a
 1960 0020 0B       		.uleb128 0xb
 1961 0021 3B       		.uleb128 0x3b
 1962 0022 0B       		.uleb128 0xb
 1963 0023 49       		.uleb128 0x49
 1964 0024 13       		.uleb128 0x13
 1965 0025 00       		.byte	0
 1966 0026 00       		.byte	0
 1967 0027 04       		.uleb128 0x4
 1968 0028 24       		.uleb128 0x24
 1969 0029 00       		.byte	0
 1970 002a 0B       		.uleb128 0xb
 1971 002b 0B       		.uleb128 0xb
 1972 002c 3E       		.uleb128 0x3e
 1973 002d 0B       		.uleb128 0xb
 1974 002e 03       		.uleb128 0x3
 1975 002f 08       		.uleb128 0x8
 1976 0030 00       		.byte	0
 1977 0031 00       		.byte	0
 1978 0032 05       		.uleb128 0x5
 1979 0033 01       		.uleb128 0x1
 1980 0034 01       		.byte	0x1
 1981 0035 49       		.uleb128 0x49
 1982 0036 13       		.uleb128 0x13
 1983 0037 01       		.uleb128 0x1
 1984 0038 13       		.uleb128 0x13
 1985 0039 00       		.byte	0
 1986 003a 00       		.byte	0
 1987 003b 06       		.uleb128 0x6
 1988 003c 21       		.uleb128 0x21
 1989 003d 00       		.byte	0
 1990 003e 49       		.uleb128 0x49
 1991 003f 13       		.uleb128 0x13
ARM GAS  C:\Users\BASILE~1\AppData\Local\Temp\ccQfMNSn.s 			page 36


 1992 0040 2F       		.uleb128 0x2f
 1993 0041 05       		.uleb128 0x5
 1994 0042 00       		.byte	0
 1995 0043 00       		.byte	0
 1996 0044 07       		.uleb128 0x7
 1997 0045 26       		.uleb128 0x26
 1998 0046 00       		.byte	0
 1999 0047 49       		.uleb128 0x49
 2000 0048 13       		.uleb128 0x13
 2001 0049 00       		.byte	0
 2002 004a 00       		.byte	0
 2003 004b 08       		.uleb128 0x8
 2004 004c 34       		.uleb128 0x34
 2005 004d 00       		.byte	0
 2006 004e 03       		.uleb128 0x3
 2007 004f 0E       		.uleb128 0xe
 2008 0050 3A       		.uleb128 0x3a
 2009 0051 0B       		.uleb128 0xb
 2010 0052 3B       		.uleb128 0x3b
 2011 0053 0B       		.uleb128 0xb
 2012 0054 49       		.uleb128 0x49
 2013 0055 13       		.uleb128 0x13
 2014 0056 3F       		.uleb128 0x3f
 2015 0057 19       		.uleb128 0x19
 2016 0058 02       		.uleb128 0x2
 2017 0059 18       		.uleb128 0x18
 2018 005a 00       		.byte	0
 2019 005b 00       		.byte	0
 2020 005c 09       		.uleb128 0x9
 2021 005d 21       		.uleb128 0x21
 2022 005e 00       		.byte	0
 2023 005f 49       		.uleb128 0x49
 2024 0060 13       		.uleb128 0x13
 2025 0061 2F       		.uleb128 0x2f
 2026 0062 0B       		.uleb128 0xb
 2027 0063 00       		.byte	0
 2028 0064 00       		.byte	0
 2029 0065 0A       		.uleb128 0xa
 2030 0066 34       		.uleb128 0x34
 2031 0067 00       		.byte	0
 2032 0068 03       		.uleb128 0x3
 2033 0069 0E       		.uleb128 0xe
 2034 006a 3A       		.uleb128 0x3a
 2035 006b 0B       		.uleb128 0xb
 2036 006c 3B       		.uleb128 0x3b
 2037 006d 05       		.uleb128 0x5
 2038 006e 49       		.uleb128 0x49
 2039 006f 13       		.uleb128 0x13
 2040 0070 3F       		.uleb128 0x3f
 2041 0071 19       		.uleb128 0x19
 2042 0072 02       		.uleb128 0x2
 2043 0073 18       		.uleb128 0x18
 2044 0074 00       		.byte	0
 2045 0075 00       		.byte	0
 2046 0076 00       		.byte	0
 2047              		.section	.debug_aranges,"",%progbits
 2048 0000 14000000 		.4byte	0x14
ARM GAS  C:\Users\BASILE~1\AppData\Local\Temp\ccQfMNSn.s 			page 37


 2049 0004 0200     		.2byte	0x2
 2050 0006 00000000 		.4byte	.Ldebug_info0
 2051 000a 04       		.byte	0x4
 2052 000b 00       		.byte	0
 2053 000c 0000     		.2byte	0
 2054 000e 0000     		.2byte	0
 2055 0010 00000000 		.4byte	0
 2056 0014 00000000 		.4byte	0
 2057              		.section	.debug_line,"",%progbits
 2058              	.Ldebug_line0:
 2059 0000 3D010000 		.section	.debug_str,"MS",%progbits,1
 2059      02003701 
 2059      00000201 
 2059      FB0E0D00 
 2059      01010101 
 2060              	.LASF9:
 2061 0000 5F5F7569 		.ascii	"__uint8_t\000"
 2061      6E74385F 
 2061      7400
 2062              	.LASF16:
 2063 000a 63795F6D 		.ascii	"cy_metadata\000"
 2063      65746164 
 2063      61746100 
 2064              	.LASF1:
 2065 0016 756E7369 		.ascii	"unsigned char\000"
 2065      676E6564 
 2065      20636861 
 2065      7200
 2066              	.LASF17:
 2067 0024 474E5520 		.ascii	"GNU C11 5.4.1 20160609 (release) [ARM/embedded-5-br"
 2067      43313120 
 2067      352E342E 
 2067      31203230 
 2067      31363036 
 2068 0057 616E6368 		.ascii	"anch revision 237715] -mcpu=cortex-m3 -mthumb -g -O"
 2068      20726576 
 2068      6973696F 
 2068      6E203233 
 2068      37373135 
 2069 008a 67202D66 		.ascii	"g -ffunction-sections -ffat-lto-objects\000"
 2069      66756E63 
 2069      74696F6E 
 2069      2D736563 
 2069      74696F6E 
 2070              	.LASF5:
 2071 00b2 6C6F6E67 		.ascii	"long unsigned int\000"
 2071      20756E73 
 2071      69676E65 
 2071      6420696E 
 2071      7400
 2072              	.LASF3:
 2073 00c4 73686F72 		.ascii	"short unsigned int\000"
 2073      7420756E 
 2073      7369676E 
 2073      65642069 
 2073      6E7400
 2074              	.LASF13:
ARM GAS  C:\Users\BASILE~1\AppData\Local\Temp\ccQfMNSn.s 			page 38


 2075 00d7 63795F6D 		.ascii	"cy_meta_custnvl\000"
 2075      6574615F 
 2075      63757374 
 2075      6E766C00 
 2076              	.LASF12:
 2077 00e7 63795F6D 		.ascii	"cy_meta_configecc\000"
 2077      6574615F 
 2077      636F6E66 
 2077      69676563 
 2077      6300
 2078              	.LASF19:
 2079 00f9 433A5C55 		.ascii	"C:\\Users\\BasileBerckmoes\\Documents\\GitHub\\Robo"
 2079      73657273 
 2079      5C426173 
 2079      696C6542 
 2079      6572636B 
 2080 0127 74436F6D 		.ascii	"tComp2ELO\\Software\\PSoc\\Roadster\\Roadster\\Road"
 2080      7032454C 
 2080      4F5C536F 
 2080      66747761 
 2080      72655C50 
 2081 0155 73746572 		.ascii	"ster1.0.cydsn\000"
 2081      312E302E 
 2081      63796473 
 2081      6E00
 2082              	.LASF8:
 2083 0163 756E7369 		.ascii	"unsigned int\000"
 2083      676E6564 
 2083      20696E74 
 2083      00
 2084              	.LASF7:
 2085 0170 6C6F6E67 		.ascii	"long long unsigned int\000"
 2085      206C6F6E 
 2085      6720756E 
 2085      7369676E 
 2085      65642069 
 2086              	.LASF10:
 2087 0187 75696E74 		.ascii	"uint8_t\000"
 2087      385F7400 
 2088              	.LASF15:
 2089 018f 63795F6D 		.ascii	"cy_meta_flashprotect\000"
 2089      6574615F 
 2089      666C6173 
 2089      6870726F 
 2089      74656374 
 2090              	.LASF14:
 2091 01a4 63795F6D 		.ascii	"cy_meta_wonvl\000"
 2091      6574615F 
 2091      776F6E76 
 2091      6C00
 2092              	.LASF11:
 2093 01b2 73697A65 		.ascii	"sizetype\000"
 2093      74797065 
 2093      00
 2094              	.LASF6:
 2095 01bb 6C6F6E67 		.ascii	"long long int\000"
 2095      206C6F6E 
ARM GAS  C:\Users\BASILE~1\AppData\Local\Temp\ccQfMNSn.s 			page 39


 2095      6720696E 
 2095      7400
 2096              	.LASF2:
 2097 01c9 73686F72 		.ascii	"short int\000"
 2097      7420696E 
 2097      7400
 2098              	.LASF4:
 2099 01d3 6C6F6E67 		.ascii	"long int\000"
 2099      20696E74 
 2099      00
 2100              	.LASF0:
 2101 01dc 7369676E 		.ascii	"signed char\000"
 2101      65642063 
 2101      68617200 
 2102              	.LASF18:
 2103 01e8 47656E65 		.ascii	"Generated_Source\\PSoC5\\cymetadata.c\000"
 2103      72617465 
 2103      645F536F 
 2103      75726365 
 2103      5C50536F 
 2104              		.ident	"GCC: (GNU Tools for ARM Embedded Processors) 5.4.1 20160609 (release) [ARM/embedded-5-bran
