ARM GAS  C:\Users\Jona\AppData\Local\Temp\ccRi7dge.s 			page 1


   1              		.syntax unified
   2              		.cpu cortex-m3
   3              		.fpu softvfp
   4              		.eabi_attribute 20, 1
   5              		.eabi_attribute 21, 1
   6              		.eabi_attribute 23, 3
   7              		.eabi_attribute 24, 1
   8              		.eabi_attribute 25, 1
   9              		.eabi_attribute 26, 1
  10              		.eabi_attribute 30, 1
  11              		.eabi_attribute 34, 1
  12              		.eabi_attribute 18, 4
  13              		.thumb
  14              		.syntax unified
  15              		.file	"main.c"
  16              		.text
  17              	.Ltext0:
  18              		.cfi_sections	.debug_frame
  19              		.section	.text.SwitchMotorEN,"ax",%progbits
  20              		.align	2
  21              		.global	SwitchMotorEN
  22              		.thumb
  23              		.thumb_func
  24              		.type	SwitchMotorEN, %function
  25              	SwitchMotorEN:
  26              	.LFB64:
  27              		.file 1 "main.c"
   1:main.c        **** /* ========================================
   2:main.c        ****  *
   3:main.c        ****  * Copyright YOUR COMPANY, THE YEAR
   4:main.c        ****  * All Rights Reserved
   5:main.c        ****  * UNPUBLISHED, LICENSED SOFTWARE.
   6:main.c        ****  *
   7:main.c        ****  * CONFIDENTIAL AND PROPRIETARY INFORMATION
   8:main.c        ****  * WHICH IS THE PROPERTY OF your company.
   9:main.c        ****  *
  10:main.c        ****  * ========================================
  11:main.c        **** */
  12:main.c        **** 
  13:main.c        **** #include "projectMain.h"
  14:main.c        **** #include "project.h"
  15:main.c        **** #include <string.h>
  16:main.c        **** //#include <stdlib.h> //atoi
  17:main.c        **** #include <stdio.h> 
  18:main.c        **** #include <myUART.h>
  19:main.c        **** 
  20:main.c        **** 
  21:main.c        **** 
  22:main.c        **** CY_ISR(SwitchMotorEN)
  23:main.c        **** {
  28              		.loc 1 23 0
  29              		.cfi_startproc
  30              		@ args = 0, pretend = 0, frame = 0
  31              		@ frame_needed = 0, uses_anonymous_args = 0
  32              		@ link register save eliminated.
  33 0000 7047     		bx	lr
  34              		.cfi_endproc
ARM GAS  C:\Users\Jona\AppData\Local\Temp\ccRi7dge.s 			page 2


  35              	.LFE64:
  36              		.size	SwitchMotorEN, .-SwitchMotorEN
  37 0002 00BF     		.section	.text.initFirmwire,"ax",%progbits
  38              		.align	2
  39              		.global	initFirmwire
  40              		.thumb
  41              		.thumb_func
  42              		.type	initFirmwire, %function
  43              	initFirmwire:
  44              	.LFB65:
  24:main.c        **** }
  25:main.c        **** 
  26:main.c        **** 
  27:main.c        **** //Start alle firmwire blokken
  28:main.c        **** void initFirmwire()
  29:main.c        **** {
  45              		.loc 1 29 0
  46              		.cfi_startproc
  47              		@ args = 0, pretend = 0, frame = 0
  48              		@ frame_needed = 0, uses_anonymous_args = 0
  49              		.loc 1 29 0
  50 0000 08B5     		push	{r3, lr}
  51              		.cfi_def_cfa_offset 8
  52              		.cfi_offset 3, -8
  53              		.cfi_offset 14, -4
  30:main.c        **** 	ADC_IR_Start();
  54              		.loc 1 30 0
  55 0002 FFF7FEFF 		bl	ADC_IR_Start
  56              	.LVL0:
  31:main.c        **** 	ADC_IR_StartConvert();
  57              		.loc 1 31 0
  58 0006 FFF7FEFF 		bl	ADC_IR_StartConvert
  59              	.LVL1:
  32:main.c        ****     
  33:main.c        **** 	LCD_Start(); 
  60              		.loc 1 33 0
  61 000a FFF7FEFF 		bl	LCD_Start
  62              	.LVL2:
  34:main.c        **** 	
  35:main.c        **** 	MotorControl_Start();
  63              		.loc 1 35 0
  64 000e FFF7FEFF 		bl	MotorControl_Start
  65              	.LVL3:
  36:main.c        **** 	
  37:main.c        **** 	TimerUS_Start();
  66              		.loc 1 37 0
  67 0012 FFF7FEFF 		bl	TimerUS_Start
  68              	.LVL4:
  38:main.c        **** 
  39:main.c        **** 	BleVDAC_Start();
  69              		.loc 1 39 0
  70 0016 FFF7FEFF 		bl	BleVDAC_Start
  71              	.LVL5:
  40:main.c        **** 	BleBuffer_Start();
  72              		.loc 1 40 0
  73 001a FFF7FEFF 		bl	BleBuffer_Start
  74              	.LVL6:
ARM GAS  C:\Users\Jona\AppData\Local\Temp\ccRi7dge.s 			page 3


  41:main.c        **** 	BleUart_Start();
  75              		.loc 1 41 0
  76 001e FFF7FEFF 		bl	BleUart_Start
  77              	.LVL7:
  42:main.c        **** 	sendBleDataTimer_Start();
  78              		.loc 1 42 0
  79 0022 FFF7FEFF 		bl	sendBleDataTimer_Start
  80              	.LVL8:
  81 0026 08BD     		pop	{r3, pc}
  82              		.cfi_endproc
  83              	.LFE65:
  84              		.size	initFirmwire, .-initFirmwire
  85              		.section	.text.telTot,"ax",%progbits
  86              		.align	2
  87              		.global	telTot
  88              		.thumb
  89              		.thumb_func
  90              		.type	telTot, %function
  91              	telTot:
  92              	.LFB67:
  43:main.c        ****     
  44:main.c        ****     //pwmMotorLinks = 100; //150;//
  45:main.c        ****     //pwmMotorRechts = 100; //150;//
  46:main.c        **** } 
  47:main.c        **** 
  48:main.c        **** int main(void)
  49:main.c        **** {
  50:main.c        ****     CyGlobalIntEnable; /* Enable global interrupts. */
  51:main.c        ****     //drempelwaarde van de IR sensoren
  52:main.c        ****     IRDrempel = 100;
  53:main.c        **** 
  54:main.c        **** 	initFirmwire();
  55:main.c        **** 	
  56:main.c        **** 	//Interrupts
  57:main.c        **** 	readIRSensors_StartEx(IRSensoren);
  58:main.c        **** 	EnMotorISR_StartEx(SwitchMotorEN);
  59:main.c        **** 	BleRxISR_StartEx(MyRxInt);
  60:main.c        **** 	SendBleDataISR_StartEx(sendBleData);
  61:main.c        **** 	
  62:main.c        ****     //Print start text op lcd
  63:main.c        **** 	//LCD_Position(0u, 0u);
  64:main.c        **** 	//LCD_PrintString("Druk om te starten");
  65:main.c        **** 	
  66:main.c        ****     //schakel motoren uit 
  67:main.c        **** 	MotorControl_WriteCompare1(0);
  68:main.c        **** 	MotorControl_WriteCompare2(0);
  69:main.c        **** 	ENA_Write(0);
  70:main.c        **** 	ENB_Write(0);
  71:main.c        **** 	
  72:main.c        ****     //wacht om te starten tot knop SW1 is ingedrukt
  73:main.c        **** //---	while(SW1_Read() == 1) //Wait until press on SW1
  74:main.c        **** //---	{
  75:main.c        **** //---	}
  76:main.c        **** 	MotorControl_WriteCompare1(pwmMotorLinks);
  77:main.c        **** 	MotorControl_WriteCompare2(pwmMotorRechts);
  78:main.c        ****     //start de 5 LED Procedure
  79:main.c        **** 	telProcedure();
ARM GAS  C:\Users\Jona\AppData\Local\Temp\ccRi7dge.s 			page 4


  80:main.c        ****     
  81:main.c        ****     //Clear lcd zodat nieuwe waarden er op passen 
  82:main.c        **** 	//LCD_ClearDisplay();
  83:main.c        ****     
  84:main.c        ****     //Loop
  85:main.c        **** 	for(;;)
  86:main.c        **** 	{ 
  87:main.c        ****         //Kijk als er een string klaar is om te verwerken
  88:main.c        **** 		if (IsCharReady())
  89:main.c        **** 		{
  90:main.c        ****             //Zet de string in een buffer variable
  91:main.c        **** 			if(GetRxStr())
  92:main.c        **** 			{
  93:main.c        ****                 //Verwerk de string
  94:main.c        **** 				ProcessCommandMsg();
  95:main.c        **** 			}
  96:main.c        **** 		}
  97:main.c        ****         
  98:main.c        **** 		//US deel
  99:main.c        **** 		//===================================================================
 100:main.c        **** 		//Teller die door de mux loopt
 101:main.c        **** 		//selectUS = telTot(selectUS, 0, 2); //PAS DIT AAN INDIEN NIET ALE US SENSOREN ZIJN AANGESLOTEN!!
 102:main.c        **** 		//selectUS_Write(selectUS);
 103:main.c        **** 		
 104:main.c        **** 		//vraag afstand aan 1 van de 3 us sensoren
 105:main.c        **** 	    // uint16 counterValue = readUSValue();
 106:main.c        **** 		//schuif uitkomst timer in juiste array
 107:main.c        **** 		//if (selectUS == 0) schuifRegister(avgUS1, counterValue);
 108:main.c        **** 		//else if (selectUS == 1) schuifRegister(avgUS2, counterValue);
 109:main.c        **** 		//else if (selectUS == 2) schuifRegister(avgUS3, counterValue);
 110:main.c        **** 		
 111:main.c        **** 		//berekenen van de mediaan
 112:main.c        ****         
 113:main.c        **** 		//LCD deel   
 114:main.c        **** 		//===================================================================
 115:main.c        **** 	   // LCD_ClearDisplay();
 116:main.c        **** 	   // print text en een test variable op de lcd
 117:main.c        **** 		//printTextopLCD(pwmMotorLinks, pwmMotorRechts);
 118:main.c        **** 		//print de binaire waarde van de infrarood sensoren op de lcd
 119:main.c        **** 		//printBINopLCD(IRWaarden, 1);
 120:main.c        ****         
 121:main.c        ****         //Motoren met joystick
 122:main.c        ****         //HexToDec(hexaDecBuffer);
 123:main.c        ****         LCD_Position(0u,0u);
 124:main.c        ****         LCD_PrintInt16(pwmMotorLinks);
 125:main.c        ****         LCD_Position(1u,0u);
 126:main.c        ****         LCD_PrintInt16(pwmMotorRechts);
 127:main.c        ****         
 128:main.c        **** 	    CyDelay(10);
 129:main.c        **** 		//motordeel
 130:main.c        **** 		//===================================================================
 131:main.c        ****         //---AnalyseerData(IRWaarden);
 132:main.c        ****         
 133:main.c        ****         //Pas snelheid motoren aan
 134:main.c        **** 		MotorControl_WriteCompare1(pwmMotorLinks);
 135:main.c        ****         MotorControl_WriteCompare2(pwmMotorRechts);
 136:main.c        **** 	}
ARM GAS  C:\Users\Jona\AppData\Local\Temp\ccRi7dge.s 			page 5


 137:main.c        **** }
 138:main.c        **** 
 139:main.c        **** //methode die een text en een testgetal op een 
 140:main.c        **** //void printTextopLCD(int testValue1, int testValue2)
 141:main.c        **** //{
 142:main.c        **** //	LCD_CLEAR_DISPLAY; //Clear display
 143:main.c        **** //	LCD_Position(0u,0u); //Put cursor top left
 144:main.c        **** //	LCD_PrintString("sensor: "); //print something
 145:main.c        **** //	LCD_Position(0u,9u); //Replace cursor
 146:main.c        **** //	LCD_PrintDecUint16(testValue1); //Print the value of first ultrasoonsensor
 147:main.c        **** //	LCD_Position(1u,9u); //Replace cursor
 148:main.c        **** //	LCD_PrintDecUint16(testValue2);
 149:main.c        **** //}
 150:main.c        **** 
 151:main.c        **** //methode die van min tot max telt en de huidige tel waarde terug geeft
 152:main.c        **** uint8 telTot(uint8 getal, uint8 min, uint8 max)
 153:main.c        **** {
  93              		.loc 1 153 0
  94              		.cfi_startproc
  95              		@ args = 0, pretend = 0, frame = 0
  96              		@ frame_needed = 0, uses_anonymous_args = 0
  97              		@ link register save eliminated.
  98              	.LVL9:
 154:main.c        ****    if (getal >= min && getal <= max - 1)
  99              		.loc 1 154 0
 100 0000 8842     		cmp	r0, r1
 101 0002 05D3     		bcc	.L6
 102              		.loc 1 154 0 is_stmt 0 discriminator 1
 103 0004 013A     		subs	r2, r2, #1
 104              	.LVL10:
 105 0006 9042     		cmp	r0, r2
 106 0008 04DC     		bgt	.L7
 155:main.c        **** 		{
 156:main.c        **** 	        getal++;
 107              		.loc 1 156 0 is_stmt 1
 108 000a 411C     		adds	r1, r0, #1
 109              	.LVL11:
 110 000c C8B2     		uxtb	r0, r1
 111              	.LVL12:
 112 000e 7047     		bx	lr
 113              	.LVL13:
 114              	.L6:
 157:main.c        **** 		}   
 158:main.c        ****         else getal = min; 
 115              		.loc 1 158 0
 116 0010 0846     		mov	r0, r1
 117              	.LVL14:
 118 0012 7047     		bx	lr
 119              	.LVL15:
 120              	.L7:
 121 0014 0846     		mov	r0, r1
 122              	.LVL16:
 159:main.c        ****    return getal;
 160:main.c        **** }
 123              		.loc 1 160 0
 124 0016 7047     		bx	lr
 125              		.cfi_endproc
ARM GAS  C:\Users\Jona\AppData\Local\Temp\ccRi7dge.s 			page 6


 126              	.LFE67:
 127              		.size	telTot, .-telTot
 128              		.section	.text.printBINopLCD,"ax",%progbits
 129              		.align	2
 130              		.global	printBINopLCD
 131              		.thumb
 132              		.thumb_func
 133              		.type	printBINopLCD, %function
 134              	printBINopLCD:
 135              	.LFB68:
 161:main.c        **** 
 162:main.c        **** //methode die een binair getal op de LCD print
 163:main.c        **** void printBINopLCD(uint8 value, int row)
 164:main.c        **** {
 136              		.loc 1 164 0
 137              		.cfi_startproc
 138              		@ args = 0, pretend = 0, frame = 0
 139              		@ frame_needed = 0, uses_anonymous_args = 0
 140              		@ link register save eliminated.
 141              	.LVL17:
 142              	.LBB2:
 165:main.c        **** 	for(int i = 0; i < 8; i++)
 143              		.loc 1 165 0
 144 0000 0023     		movs	r3, #0
 145 0002 00E0     		b	.L9
 146              	.LVL18:
 147              	.L10:
 148 0004 0133     		adds	r3, r3, #1
 149              	.LVL19:
 150              	.L9:
 151              		.loc 1 165 0 is_stmt 0 discriminator 1
 152 0006 072B     		cmp	r3, #7
 153 0008 FCDD     		ble	.L10
 154              	.LBE2:
 166:main.c        **** 	{
 167:main.c        **** 		//LCD_Position(row,i);
 168:main.c        **** 		uint8 tmpWaarde =  exponent(2,i);
 169:main.c        **** 		if ((value & tmpWaarde) == tmpWaarde)
 170:main.c        **** 		{
 171:main.c        **** 			//LCD_PrintDecUint16(1);
 172:main.c        **** 		}
 173:main.c        **** 			else 
 174:main.c        **** 		{
 175:main.c        **** 			//LCD_PrintDecUint16(0);
 176:main.c        **** 		}  
 177:main.c        **** 	 }  
 178:main.c        **** }
 155              		.loc 1 178 0 is_stmt 1
 156 000a 7047     		bx	lr
 157              		.cfi_endproc
 158              	.LFE68:
 159              		.size	printBINopLCD, .-printBINopLCD
 160              		.section	.text.telProcedure,"ax",%progbits
 161              		.align	2
 162              		.global	telProcedure
 163              		.thumb
 164              		.thumb_func
ARM GAS  C:\Users\Jona\AppData\Local\Temp\ccRi7dge.s 			page 7


 165              		.type	telProcedure, %function
 166              	telProcedure:
 167              	.LFB69:
 179:main.c        **** 
 180:main.c        **** //methode met delays om af te tellen
 181:main.c        **** void telProcedure(void)
 182:main.c        **** {
 168              		.loc 1 182 0
 169              		.cfi_startproc
 170              		@ args = 0, pretend = 0, frame = 0
 171              		@ frame_needed = 0, uses_anonymous_args = 0
 172 0000 08B5     		push	{r3, lr}
 173              		.cfi_def_cfa_offset 8
 174              		.cfi_offset 3, -8
 175              		.cfi_offset 14, -4
 183:main.c        **** 	LED1_Write(1);
 176              		.loc 1 183 0
 177 0002 0120     		movs	r0, #1
 178 0004 FFF7FEFF 		bl	LED1_Write
 179              	.LVL20:
 184:main.c        **** 	CyDelay(1000);
 180              		.loc 1 184 0
 181 0008 4FF47A70 		mov	r0, #1000
 182 000c FFF7FEFF 		bl	CyDelay
 183              	.LVL21:
 185:main.c        **** 	LED2_Write(1);
 184              		.loc 1 185 0
 185 0010 0120     		movs	r0, #1
 186 0012 FFF7FEFF 		bl	LED2_Write
 187              	.LVL22:
 186:main.c        **** 	CyDelay(1000);
 188              		.loc 1 186 0
 189 0016 4FF47A70 		mov	r0, #1000
 190 001a FFF7FEFF 		bl	CyDelay
 191              	.LVL23:
 187:main.c        **** 	LED3_Write(1);
 192              		.loc 1 187 0
 193 001e 0120     		movs	r0, #1
 194 0020 FFF7FEFF 		bl	LED3_Write
 195              	.LVL24:
 188:main.c        **** 	CyDelay(1000);
 196              		.loc 1 188 0
 197 0024 4FF47A70 		mov	r0, #1000
 198 0028 FFF7FEFF 		bl	CyDelay
 199              	.LVL25:
 189:main.c        **** 	LED4_Write(1);
 200              		.loc 1 189 0
 201 002c 0120     		movs	r0, #1
 202 002e FFF7FEFF 		bl	LED4_Write
 203              	.LVL26:
 190:main.c        **** 	CyDelay(1000);
 204              		.loc 1 190 0
 205 0032 4FF47A70 		mov	r0, #1000
 206 0036 FFF7FEFF 		bl	CyDelay
 207              	.LVL27:
 191:main.c        **** 	LED5_Write(1);
 208              		.loc 1 191 0
ARM GAS  C:\Users\Jona\AppData\Local\Temp\ccRi7dge.s 			page 8


 209 003a 0120     		movs	r0, #1
 210 003c FFF7FEFF 		bl	LED5_Write
 211              	.LVL28:
 192:main.c        **** 	CyDelay(1000);
 212              		.loc 1 192 0
 213 0040 4FF47A70 		mov	r0, #1000
 214 0044 FFF7FEFF 		bl	CyDelay
 215              	.LVL29:
 216 0048 08BD     		pop	{r3, pc}
 217              		.cfi_endproc
 218              	.LFE69:
 219              		.size	telProcedure, .-telProcedure
 220 004a 00BF     		.section	.text.main,"ax",%progbits
 221              		.align	2
 222              		.global	main
 223              		.thumb
 224              		.thumb_func
 225              		.type	main, %function
 226              	main:
 227              	.LFB66:
  49:main.c        ****     CyGlobalIntEnable; /* Enable global interrupts. */
 228              		.loc 1 49 0
 229              		.cfi_startproc
 230              		@ Volatile: function does not return.
 231              		@ args = 0, pretend = 0, frame = 0
 232              		@ frame_needed = 0, uses_anonymous_args = 0
 233 0000 08B5     		push	{r3, lr}
 234              		.cfi_def_cfa_offset 8
 235              		.cfi_offset 3, -8
 236              		.cfi_offset 14, -4
  50:main.c        ****     //drempelwaarde van de IR sensoren
 237              		.loc 1 50 0
 238              		.syntax unified
 239              	@ 50 "main.c" 1
 240 0002 62B6     		CPSIE   i
 241              	@ 0 "" 2
  52:main.c        **** 
 242              		.loc 1 52 0
 243              		.thumb
 244              		.syntax unified
 245 0004 6422     		movs	r2, #100
 246 0006 244B     		ldr	r3, .L17
 247 0008 1A70     		strb	r2, [r3]
  54:main.c        **** 	
 248              		.loc 1 54 0
 249 000a FFF7FEFF 		bl	initFirmwire
 250              	.LVL30:
  57:main.c        **** 	EnMotorISR_StartEx(SwitchMotorEN);
 251              		.loc 1 57 0
 252 000e 2348     		ldr	r0, .L17+4
 253 0010 FFF7FEFF 		bl	readIRSensors_StartEx
 254              	.LVL31:
  58:main.c        **** 	BleRxISR_StartEx(MyRxInt);
 255              		.loc 1 58 0
 256 0014 2248     		ldr	r0, .L17+8
 257 0016 FFF7FEFF 		bl	EnMotorISR_StartEx
 258              	.LVL32:
ARM GAS  C:\Users\Jona\AppData\Local\Temp\ccRi7dge.s 			page 9


  59:main.c        **** 	SendBleDataISR_StartEx(sendBleData);
 259              		.loc 1 59 0
 260 001a 2248     		ldr	r0, .L17+12
 261 001c FFF7FEFF 		bl	BleRxISR_StartEx
 262              	.LVL33:
  60:main.c        **** 	
 263              		.loc 1 60 0
 264 0020 2148     		ldr	r0, .L17+16
 265 0022 FFF7FEFF 		bl	SendBleDataISR_StartEx
 266              	.LVL34:
  67:main.c        **** 	MotorControl_WriteCompare2(0);
 267              		.loc 1 67 0
 268 0026 0020     		movs	r0, #0
 269 0028 FFF7FEFF 		bl	MotorControl_WriteCompare1
 270              	.LVL35:
  68:main.c        **** 	ENA_Write(0);
 271              		.loc 1 68 0
 272 002c 0020     		movs	r0, #0
 273 002e FFF7FEFF 		bl	MotorControl_WriteCompare2
 274              	.LVL36:
  69:main.c        **** 	ENB_Write(0);
 275              		.loc 1 69 0
 276 0032 0020     		movs	r0, #0
 277 0034 FFF7FEFF 		bl	ENA_Write
 278              	.LVL37:
  70:main.c        **** 	
 279              		.loc 1 70 0
 280 0038 0020     		movs	r0, #0
 281 003a FFF7FEFF 		bl	ENB_Write
 282              	.LVL38:
  76:main.c        **** 	MotorControl_WriteCompare2(pwmMotorRechts);
 283              		.loc 1 76 0
 284 003e 1B4B     		ldr	r3, .L17+20
 285 0040 1878     		ldrb	r0, [r3]	@ zero_extendqisi2
 286 0042 FFF7FEFF 		bl	MotorControl_WriteCompare1
 287              	.LVL39:
  77:main.c        ****     //start de 5 LED Procedure
 288              		.loc 1 77 0
 289 0046 1A4B     		ldr	r3, .L17+24
 290 0048 1878     		ldrb	r0, [r3]	@ zero_extendqisi2
 291 004a FFF7FEFF 		bl	MotorControl_WriteCompare2
 292              	.LVL40:
  79:main.c        ****     
 293              		.loc 1 79 0
 294 004e FFF7FEFF 		bl	telProcedure
 295              	.LVL41:
 296              	.L15:
  88:main.c        **** 		{
 297              		.loc 1 88 0
 298 0052 FFF7FEFF 		bl	IsCharReady
 299              	.LVL42:
 300 0056 20B1     		cbz	r0, .L14
  91:main.c        **** 			{
 301              		.loc 1 91 0
 302 0058 FFF7FEFF 		bl	GetRxStr
 303              	.LVL43:
 304 005c 08B1     		cbz	r0, .L14
ARM GAS  C:\Users\Jona\AppData\Local\Temp\ccRi7dge.s 			page 10


  94:main.c        **** 			}
 305              		.loc 1 94 0
 306 005e FFF7FEFF 		bl	ProcessCommandMsg
 307              	.LVL44:
 308              	.L14:
 123:main.c        ****         LCD_PrintInt16(pwmMotorLinks);
 309              		.loc 1 123 0
 310 0062 0021     		movs	r1, #0
 311 0064 0846     		mov	r0, r1
 312 0066 FFF7FEFF 		bl	LCD_Position
 313              	.LVL45:
 124:main.c        ****         LCD_Position(1u,0u);
 314              		.loc 1 124 0
 315 006a 104D     		ldr	r5, .L17+20
 316 006c 2878     		ldrb	r0, [r5]	@ zero_extendqisi2
 317 006e FFF7FEFF 		bl	LCD_PrintInt16
 318              	.LVL46:
 125:main.c        ****         LCD_PrintInt16(pwmMotorRechts);
 319              		.loc 1 125 0
 320 0072 0021     		movs	r1, #0
 321 0074 0120     		movs	r0, #1
 322 0076 FFF7FEFF 		bl	LCD_Position
 323              	.LVL47:
 126:main.c        ****         
 324              		.loc 1 126 0
 325 007a 0D4C     		ldr	r4, .L17+24
 326 007c 2078     		ldrb	r0, [r4]	@ zero_extendqisi2
 327 007e FFF7FEFF 		bl	LCD_PrintInt16
 328              	.LVL48:
 128:main.c        **** 		//motordeel
 329              		.loc 1 128 0
 330 0082 0A20     		movs	r0, #10
 331 0084 FFF7FEFF 		bl	CyDelay
 332              	.LVL49:
 134:main.c        ****         MotorControl_WriteCompare2(pwmMotorRechts);
 333              		.loc 1 134 0
 334 0088 2878     		ldrb	r0, [r5]	@ zero_extendqisi2
 335 008a FFF7FEFF 		bl	MotorControl_WriteCompare1
 336              	.LVL50:
 135:main.c        **** 	}
 337              		.loc 1 135 0
 338 008e 2078     		ldrb	r0, [r4]	@ zero_extendqisi2
 339 0090 FFF7FEFF 		bl	MotorControl_WriteCompare2
 340              	.LVL51:
 136:main.c        **** }
 341              		.loc 1 136 0
 342 0094 DDE7     		b	.L15
 343              	.L18:
 344 0096 00BF     		.align	2
 345              	.L17:
 346 0098 00000000 		.word	IRDrempel
 347 009c 00000000 		.word	IRSensoren
 348 00a0 00000000 		.word	SwitchMotorEN
 349 00a4 00000000 		.word	MyRxInt
 350 00a8 00000000 		.word	sendBleData
 351 00ac 00000000 		.word	pwmMotorLinks
 352 00b0 00000000 		.word	pwmMotorRechts
ARM GAS  C:\Users\Jona\AppData\Local\Temp\ccRi7dge.s 			page 11


 353              		.cfi_endproc
 354              	.LFE66:
 355              		.size	main, .-main
 356              		.section	.text.exponent,"ax",%progbits
 357              		.align	2
 358              		.global	exponent
 359              		.thumb
 360              		.thumb_func
 361              		.type	exponent, %function
 362              	exponent:
 363              	.LFB70:
 193:main.c        **** }
 194:main.c        **** 
 195:main.c        **** //methode die een macht berekend
 196:main.c        **** int exponent(int grondgetal, int exponent)
 197:main.c        **** {
 364              		.loc 1 197 0
 365              		.cfi_startproc
 366              		@ args = 0, pretend = 0, frame = 0
 367              		@ frame_needed = 0, uses_anonymous_args = 0
 368              		@ link register save eliminated.
 369              	.LVL52:
 370 0000 0246     		mov	r2, r0
 371              	.LVL53:
 372              	.LBB3:
 198:main.c        **** 	uint8 tmpWaarde = 1;
 199:main.c        **** 	for (int i = 0; i < exponent ; i ++)
 373              		.loc 1 199 0
 374 0002 0023     		movs	r3, #0
 375              	.LBE3:
 198:main.c        **** 	uint8 tmpWaarde = 1;
 376              		.loc 1 198 0
 377 0004 0120     		movs	r0, #1
 378              	.LVL54:
 379              	.LBB4:
 380              		.loc 1 199 0
 381 0006 03E0     		b	.L20
 382              	.LVL55:
 383              	.L21:
 200:main.c        **** 	{
 201:main.c        **** 		tmpWaarde = tmpWaarde * grondgetal;
 384              		.loc 1 201 0 discriminator 3
 385 0008 02FB00F0 		mul	r0, r2, r0
 386              	.LVL56:
 387 000c C0B2     		uxtb	r0, r0
 388              	.LVL57:
 199:main.c        **** 	{
 389              		.loc 1 199 0 discriminator 3
 390 000e 0133     		adds	r3, r3, #1
 391              	.LVL58:
 392              	.L20:
 199:main.c        **** 	{
 393              		.loc 1 199 0 is_stmt 0 discriminator 1
 394 0010 8B42     		cmp	r3, r1
 395 0012 F9DB     		blt	.L21
 396              	.LBE4:
 202:main.c        **** 	}
ARM GAS  C:\Users\Jona\AppData\Local\Temp\ccRi7dge.s 			page 12


 203:main.c        **** 	return tmpWaarde;
 204:main.c        **** }
 397              		.loc 1 204 0 is_stmt 1
 398 0014 7047     		bx	lr
 399              		.cfi_endproc
 400              	.LFE70:
 401              		.size	exponent, .-exponent
 402              		.comm	RB,20,4
 403              		.comm	avgUS3,10,4
 404              		.comm	avgUS2,10,4
 405              		.comm	avgUS1,10,4
 406              		.comm	selectUS,1,1
 407              		.comm	mediaan,2,2
 408              		.comm	IRDrempel,1,1
 409              		.comm	IRWaarden,1,1
 410              		.comm	pwmMotorRechts,1,1
 411              		.comm	pwmMotorLinks,1,1
 412              		.comm	strMsg1,64,4
 413              		.comm	hexaDecBuffer,2,4
 414 0016 00BF     		.text
 415              	.Letext0:
 416              		.file 2 "c:\\program files (x86)\\cypress\\psoc creator\\4.1\\psoc creator\\import\\gnu\\arm\\5.4.
 417              		.file 3 "c:\\program files (x86)\\cypress\\psoc creator\\4.1\\psoc creator\\import\\gnu\\arm\\5.4.
 418              		.file 4 "Generated_Source\\PSoC5/cytypes.h"
 419              		.file 5 "projectMain.h"
 420              		.file 6 "Generated_Source\\PSoC5/core_cm3.h"
 421              		.file 7 "Generated_Source\\PSoC5/ADC_IR.h"
 422              		.file 8 "Generated_Source\\PSoC5/LCD.h"
 423              		.file 9 "Generated_Source\\PSoC5/MotorControl.h"
 424              		.file 10 "Generated_Source\\PSoC5/TimerUS.h"
 425              		.file 11 "Generated_Source\\PSoC5/BleVDAC.h"
 426              		.file 12 "Generated_Source\\PSoC5/BleBuffer.h"
 427              		.file 13 "Generated_Source\\PSoC5/BleUart.h"
 428              		.file 14 "Generated_Source\\PSoC5/sendBleDataTimer.h"
 429              		.file 15 "Generated_Source\\PSoC5/LED1.h"
 430              		.file 16 "Generated_Source\\PSoC5/CyLib.h"
 431              		.file 17 "Generated_Source\\PSoC5/LED2.h"
 432              		.file 18 "Generated_Source\\PSoC5/LED3.h"
 433              		.file 19 "Generated_Source\\PSoC5/LED4.h"
 434              		.file 20 "Generated_Source\\PSoC5/LED5.h"
 435              		.file 21 "Generated_Source\\PSoC5/readIRSensors.h"
 436              		.file 22 "Generated_Source\\PSoC5/EnMotorISR.h"
 437              		.file 23 "Generated_Source\\PSoC5/BleRxISR.h"
 438              		.file 24 "Generated_Source\\PSoC5/SendBleDataISR.h"
 439              		.file 25 "Generated_Source\\PSoC5/ENA.h"
 440              		.file 26 "Generated_Source\\PSoC5/ENB.h"
 441              		.file 27 "./myUART.h"
 442              		.section	.debug_info,"",%progbits
 443              	.Ldebug_info0:
 444 0000 CD060000 		.4byte	0x6cd
 445 0004 0400     		.2byte	0x4
 446 0006 00000000 		.4byte	.Ldebug_abbrev0
 447 000a 04       		.byte	0x4
 448 000b 01       		.uleb128 0x1
 449 000c A9030000 		.4byte	.LASF68
 450 0010 0C       		.byte	0xc
 451 0011 36030000 		.4byte	.LASF69
ARM GAS  C:\Users\Jona\AppData\Local\Temp\ccRi7dge.s 			page 13


 452 0015 D7020000 		.4byte	.LASF70
 453 0019 18000000 		.4byte	.Ldebug_ranges0+0x18
 454 001d 00000000 		.4byte	0
 455 0021 00000000 		.4byte	.Ldebug_line0
 456 0025 02       		.uleb128 0x2
 457 0026 01       		.byte	0x1
 458 0027 06       		.byte	0x6
 459 0028 09020000 		.4byte	.LASF0
 460 002c 02       		.uleb128 0x2
 461 002d 01       		.byte	0x1
 462 002e 08       		.byte	0x8
 463 002f B6010000 		.4byte	.LASF1
 464 0033 02       		.uleb128 0x2
 465 0034 02       		.byte	0x2
 466 0035 05       		.byte	0x5
 467 0036 BF000000 		.4byte	.LASF2
 468 003a 02       		.uleb128 0x2
 469 003b 02       		.byte	0x2
 470 003c 07       		.byte	0x7
 471 003d 67020000 		.4byte	.LASF3
 472 0041 03       		.uleb128 0x3
 473 0042 67030000 		.4byte	.LASF9
 474 0046 02       		.byte	0x2
 475 0047 3F       		.byte	0x3f
 476 0048 4C000000 		.4byte	0x4c
 477 004c 02       		.uleb128 0x2
 478 004d 04       		.byte	0x4
 479 004e 05       		.byte	0x5
 480 004f A2010000 		.4byte	.LASF4
 481 0053 02       		.uleb128 0x2
 482 0054 04       		.byte	0x4
 483 0055 07       		.byte	0x7
 484 0056 3D030000 		.4byte	.LASF5
 485 005a 02       		.uleb128 0x2
 486 005b 08       		.byte	0x8
 487 005c 05       		.byte	0x5
 488 005d 78010000 		.4byte	.LASF6
 489 0061 02       		.uleb128 0x2
 490 0062 08       		.byte	0x8
 491 0063 07       		.byte	0x7
 492 0064 15020000 		.4byte	.LASF7
 493 0068 04       		.uleb128 0x4
 494 0069 04       		.byte	0x4
 495 006a 05       		.byte	0x5
 496 006b 696E7400 		.ascii	"int\000"
 497 006f 02       		.uleb128 0x2
 498 0070 04       		.byte	0x4
 499 0071 07       		.byte	0x7
 500 0072 36020000 		.4byte	.LASF8
 501 0076 03       		.uleb128 0x3
 502 0077 9F020000 		.4byte	.LASF10
 503 007b 03       		.byte	0x3
 504 007c 2C       		.byte	0x2c
 505 007d 41000000 		.4byte	0x41
 506 0081 05       		.uleb128 0x5
 507 0082 FB000000 		.4byte	.LASF11
 508 0086 04       		.byte	0x4
ARM GAS  C:\Users\Jona\AppData\Local\Temp\ccRi7dge.s 			page 14


 509 0087 9201     		.2byte	0x192
 510 0089 2C000000 		.4byte	0x2c
 511 008d 05       		.uleb128 0x5
 512 008e DD000000 		.4byte	.LASF12
 513 0092 04       		.byte	0x4
 514 0093 9301     		.2byte	0x193
 515 0095 3A000000 		.4byte	0x3a
 516 0099 02       		.uleb128 0x2
 517 009a 04       		.byte	0x4
 518 009b 04       		.byte	0x4
 519 009c 00000000 		.4byte	.LASF13
 520 00a0 02       		.uleb128 0x2
 521 00a1 08       		.byte	0x8
 522 00a2 04       		.byte	0x4
 523 00a3 4F030000 		.4byte	.LASF14
 524 00a7 02       		.uleb128 0x2
 525 00a8 01       		.byte	0x1
 526 00a9 08       		.byte	0x8
 527 00aa 8F020000 		.4byte	.LASF15
 528 00ae 02       		.uleb128 0x2
 529 00af 08       		.byte	0x8
 530 00b0 04       		.byte	0x4
 531 00b1 D7010000 		.4byte	.LASF16
 532 00b5 02       		.uleb128 0x2
 533 00b6 04       		.byte	0x4
 534 00b7 07       		.byte	0x7
 535 00b8 6B000000 		.4byte	.LASF17
 536 00bc 06       		.uleb128 0x6
 537 00bd 14       		.byte	0x14
 538 00be 1B       		.byte	0x1b
 539 00bf 23       		.byte	0x23
 540 00c0 DD000000 		.4byte	0xdd
 541 00c4 07       		.uleb128 0x7
 542 00c5 636D6400 		.ascii	"cmd\000"
 543 00c9 1B       		.byte	0x1b
 544 00ca 24       		.byte	0x24
 545 00cb A7000000 		.4byte	0xa7
 546 00cf 00       		.byte	0
 547 00d0 08       		.uleb128 0x8
 548 00d1 88020000 		.4byte	.LASF18
 549 00d5 1B       		.byte	0x1b
 550 00d6 25       		.byte	0x25
 551 00d7 DD000000 		.4byte	0xdd
 552 00db 01       		.byte	0x1
 553 00dc 00       		.byte	0
 554 00dd 09       		.uleb128 0x9
 555 00de A7000000 		.4byte	0xa7
 556 00e2 ED000000 		.4byte	0xed
 557 00e6 0A       		.uleb128 0xa
 558 00e7 B5000000 		.4byte	0xb5
 559 00eb 12       		.byte	0x12
 560 00ec 00       		.byte	0
 561 00ed 0B       		.uleb128 0xb
 562 00ee 2C020000 		.4byte	.LASF71
 563 00f2 14       		.byte	0x14
 564 00f3 1B       		.byte	0x1b
 565 00f4 21       		.byte	0x21
ARM GAS  C:\Users\Jona\AppData\Local\Temp\ccRi7dge.s 			page 15


 566 00f5 0A010000 		.4byte	0x10a
 567 00f9 0C       		.uleb128 0xc
 568 00fa D1020000 		.4byte	.LASF72
 569 00fe 1B       		.byte	0x1b
 570 00ff 22       		.byte	0x22
 571 0100 0A010000 		.4byte	0x10a
 572 0104 0D       		.uleb128 0xd
 573 0105 BC000000 		.4byte	0xbc
 574 0109 00       		.byte	0
 575 010a 09       		.uleb128 0x9
 576 010b A7000000 		.4byte	0xa7
 577 010f 1A010000 		.4byte	0x11a
 578 0113 0A       		.uleb128 0xa
 579 0114 B5000000 		.4byte	0xb5
 580 0118 13       		.byte	0x13
 581 0119 00       		.byte	0
 582 011a 0E       		.uleb128 0xe
 583 011b 46000000 		.4byte	.LASF73
 584 011f 01       		.byte	0x1
 585 0120 16       		.byte	0x16
 586 0121 00000000 		.4byte	.LFB64
 587 0125 02000000 		.4byte	.LFE64-.LFB64
 588 0129 01       		.uleb128 0x1
 589 012a 9C       		.byte	0x9c
 590 012b 0F       		.uleb128 0xf
 591 012c 5A020000 		.4byte	.LASF20
 592 0130 01       		.byte	0x1
 593 0131 1C       		.byte	0x1c
 594 0132 00000000 		.4byte	.LFB65
 595 0136 28000000 		.4byte	.LFE65-.LFB65
 596 013a 01       		.uleb128 0x1
 597 013b 9C       		.byte	0x9c
 598 013c 92010000 		.4byte	0x192
 599 0140 10       		.uleb128 0x10
 600 0141 06000000 		.4byte	.LVL0
 601 0145 9C050000 		.4byte	0x59c
 602 0149 10       		.uleb128 0x10
 603 014a 0A000000 		.4byte	.LVL1
 604 014e A7050000 		.4byte	0x5a7
 605 0152 10       		.uleb128 0x10
 606 0153 0E000000 		.4byte	.LVL2
 607 0157 B2050000 		.4byte	0x5b2
 608 015b 10       		.uleb128 0x10
 609 015c 12000000 		.4byte	.LVL3
 610 0160 BD050000 		.4byte	0x5bd
 611 0164 10       		.uleb128 0x10
 612 0165 16000000 		.4byte	.LVL4
 613 0169 C8050000 		.4byte	0x5c8
 614 016d 10       		.uleb128 0x10
 615 016e 1A000000 		.4byte	.LVL5
 616 0172 D3050000 		.4byte	0x5d3
 617 0176 10       		.uleb128 0x10
 618 0177 1E000000 		.4byte	.LVL6
 619 017b DE050000 		.4byte	0x5de
 620 017f 10       		.uleb128 0x10
 621 0180 22000000 		.4byte	.LVL7
 622 0184 E9050000 		.4byte	0x5e9
ARM GAS  C:\Users\Jona\AppData\Local\Temp\ccRi7dge.s 			page 16


 623 0188 10       		.uleb128 0x10
 624 0189 26000000 		.4byte	.LVL8
 625 018d F4050000 		.4byte	0x5f4
 626 0191 00       		.byte	0
 627 0192 11       		.uleb128 0x11
 628 0193 60030000 		.4byte	.LASF24
 629 0197 01       		.byte	0x1
 630 0198 98       		.byte	0x98
 631 0199 81000000 		.4byte	0x81
 632 019d 00000000 		.4byte	.LFB67
 633 01a1 18000000 		.4byte	.LFE67-.LFB67
 634 01a5 01       		.uleb128 0x1
 635 01a6 9C       		.byte	0x9c
 636 01a7 D9010000 		.4byte	0x1d9
 637 01ab 12       		.uleb128 0x12
 638 01ac 21000000 		.4byte	.LASF19
 639 01b0 01       		.byte	0x1
 640 01b1 98       		.byte	0x98
 641 01b2 81000000 		.4byte	0x81
 642 01b6 00000000 		.4byte	.LLST0
 643 01ba 13       		.uleb128 0x13
 644 01bb 6D696E00 		.ascii	"min\000"
 645 01bf 01       		.byte	0x1
 646 01c0 98       		.byte	0x98
 647 01c1 81000000 		.4byte	0x81
 648 01c5 37000000 		.4byte	.LLST1
 649 01c9 13       		.uleb128 0x13
 650 01ca 6D617800 		.ascii	"max\000"
 651 01ce 01       		.byte	0x1
 652 01cf 98       		.byte	0x98
 653 01d0 81000000 		.4byte	0x81
 654 01d4 63000000 		.4byte	.LLST2
 655 01d8 00       		.byte	0
 656 01d9 0F       		.uleb128 0xf
 657 01da B1000000 		.4byte	.LASF21
 658 01de 01       		.byte	0x1
 659 01df A3       		.byte	0xa3
 660 01e0 00000000 		.4byte	.LFB68
 661 01e4 0C000000 		.4byte	.LFE68-.LFB68
 662 01e8 01       		.uleb128 0x1
 663 01e9 9C       		.byte	0x9c
 664 01ea 20020000 		.4byte	0x220
 665 01ee 14       		.uleb128 0x14
 666 01ef C9000000 		.4byte	.LASF22
 667 01f3 01       		.byte	0x1
 668 01f4 A3       		.byte	0xa3
 669 01f5 81000000 		.4byte	0x81
 670 01f9 01       		.uleb128 0x1
 671 01fa 50       		.byte	0x50
 672 01fb 15       		.uleb128 0x15
 673 01fc 726F7700 		.ascii	"row\000"
 674 0200 01       		.byte	0x1
 675 0201 A3       		.byte	0xa3
 676 0202 68000000 		.4byte	0x68
 677 0206 01       		.uleb128 0x1
 678 0207 51       		.byte	0x51
 679 0208 16       		.uleb128 0x16
ARM GAS  C:\Users\Jona\AppData\Local\Temp\ccRi7dge.s 			page 17


 680 0209 00000000 		.4byte	.LBB2
 681 020d 0A000000 		.4byte	.LBE2-.LBB2
 682 0211 17       		.uleb128 0x17
 683 0212 6900     		.ascii	"i\000"
 684 0214 01       		.byte	0x1
 685 0215 A5       		.byte	0xa5
 686 0216 68000000 		.4byte	0x68
 687 021a 9D000000 		.4byte	.LLST3
 688 021e 00       		.byte	0
 689 021f 00       		.byte	0
 690 0220 0F       		.uleb128 0xf
 691 0221 39000000 		.4byte	.LASF23
 692 0225 01       		.byte	0x1
 693 0226 B5       		.byte	0xb5
 694 0227 00000000 		.4byte	.LFB69
 695 022b 4A000000 		.4byte	.LFE69-.LFB69
 696 022f 01       		.uleb128 0x1
 697 0230 9C       		.byte	0x9c
 698 0231 FA020000 		.4byte	0x2fa
 699 0235 18       		.uleb128 0x18
 700 0236 08000000 		.4byte	.LVL20
 701 023a FF050000 		.4byte	0x5ff
 702 023e 48020000 		.4byte	0x248
 703 0242 19       		.uleb128 0x19
 704 0243 01       		.uleb128 0x1
 705 0244 50       		.byte	0x50
 706 0245 01       		.uleb128 0x1
 707 0246 31       		.byte	0x31
 708 0247 00       		.byte	0
 709 0248 18       		.uleb128 0x18
 710 0249 10000000 		.4byte	.LVL21
 711 024d 0A060000 		.4byte	0x60a
 712 0251 5D020000 		.4byte	0x25d
 713 0255 19       		.uleb128 0x19
 714 0256 01       		.uleb128 0x1
 715 0257 50       		.byte	0x50
 716 0258 03       		.uleb128 0x3
 717 0259 0A       		.byte	0xa
 718 025a E803     		.2byte	0x3e8
 719 025c 00       		.byte	0
 720 025d 18       		.uleb128 0x18
 721 025e 16000000 		.4byte	.LVL22
 722 0262 15060000 		.4byte	0x615
 723 0266 70020000 		.4byte	0x270
 724 026a 19       		.uleb128 0x19
 725 026b 01       		.uleb128 0x1
 726 026c 50       		.byte	0x50
 727 026d 01       		.uleb128 0x1
 728 026e 31       		.byte	0x31
 729 026f 00       		.byte	0
 730 0270 18       		.uleb128 0x18
 731 0271 1E000000 		.4byte	.LVL23
 732 0275 0A060000 		.4byte	0x60a
 733 0279 85020000 		.4byte	0x285
 734 027d 19       		.uleb128 0x19
 735 027e 01       		.uleb128 0x1
 736 027f 50       		.byte	0x50
ARM GAS  C:\Users\Jona\AppData\Local\Temp\ccRi7dge.s 			page 18


 737 0280 03       		.uleb128 0x3
 738 0281 0A       		.byte	0xa
 739 0282 E803     		.2byte	0x3e8
 740 0284 00       		.byte	0
 741 0285 18       		.uleb128 0x18
 742 0286 24000000 		.4byte	.LVL24
 743 028a 20060000 		.4byte	0x620
 744 028e 98020000 		.4byte	0x298
 745 0292 19       		.uleb128 0x19
 746 0293 01       		.uleb128 0x1
 747 0294 50       		.byte	0x50
 748 0295 01       		.uleb128 0x1
 749 0296 31       		.byte	0x31
 750 0297 00       		.byte	0
 751 0298 18       		.uleb128 0x18
 752 0299 2C000000 		.4byte	.LVL25
 753 029d 0A060000 		.4byte	0x60a
 754 02a1 AD020000 		.4byte	0x2ad
 755 02a5 19       		.uleb128 0x19
 756 02a6 01       		.uleb128 0x1
 757 02a7 50       		.byte	0x50
 758 02a8 03       		.uleb128 0x3
 759 02a9 0A       		.byte	0xa
 760 02aa E803     		.2byte	0x3e8
 761 02ac 00       		.byte	0
 762 02ad 18       		.uleb128 0x18
 763 02ae 32000000 		.4byte	.LVL26
 764 02b2 2B060000 		.4byte	0x62b
 765 02b6 C0020000 		.4byte	0x2c0
 766 02ba 19       		.uleb128 0x19
 767 02bb 01       		.uleb128 0x1
 768 02bc 50       		.byte	0x50
 769 02bd 01       		.uleb128 0x1
 770 02be 31       		.byte	0x31
 771 02bf 00       		.byte	0
 772 02c0 18       		.uleb128 0x18
 773 02c1 3A000000 		.4byte	.LVL27
 774 02c5 0A060000 		.4byte	0x60a
 775 02c9 D5020000 		.4byte	0x2d5
 776 02cd 19       		.uleb128 0x19
 777 02ce 01       		.uleb128 0x1
 778 02cf 50       		.byte	0x50
 779 02d0 03       		.uleb128 0x3
 780 02d1 0A       		.byte	0xa
 781 02d2 E803     		.2byte	0x3e8
 782 02d4 00       		.byte	0
 783 02d5 18       		.uleb128 0x18
 784 02d6 40000000 		.4byte	.LVL28
 785 02da 36060000 		.4byte	0x636
 786 02de E8020000 		.4byte	0x2e8
 787 02e2 19       		.uleb128 0x19
 788 02e3 01       		.uleb128 0x1
 789 02e4 50       		.byte	0x50
 790 02e5 01       		.uleb128 0x1
 791 02e6 31       		.byte	0x31
 792 02e7 00       		.byte	0
 793 02e8 1A       		.uleb128 0x1a
ARM GAS  C:\Users\Jona\AppData\Local\Temp\ccRi7dge.s 			page 19


 794 02e9 48000000 		.4byte	.LVL29
 795 02ed 0A060000 		.4byte	0x60a
 796 02f1 19       		.uleb128 0x19
 797 02f2 01       		.uleb128 0x1
 798 02f3 50       		.byte	0x50
 799 02f4 03       		.uleb128 0x3
 800 02f5 0A       		.byte	0xa
 801 02f6 E803     		.2byte	0x3e8
 802 02f8 00       		.byte	0
 803 02f9 00       		.byte	0
 804 02fa 1B       		.uleb128 0x1b
 805 02fb AC000000 		.4byte	.LASF74
 806 02ff 01       		.byte	0x1
 807 0300 30       		.byte	0x30
 808 0301 68000000 		.4byte	0x68
 809 0305 00000000 		.4byte	.LFB66
 810 0309 B4000000 		.4byte	.LFE66-.LFB66
 811 030d 01       		.uleb128 0x1
 812 030e 9C       		.byte	0x9c
 813 030f 38040000 		.4byte	0x438
 814 0313 10       		.uleb128 0x10
 815 0314 0E000000 		.4byte	.LVL30
 816 0318 2B010000 		.4byte	0x12b
 817 031c 10       		.uleb128 0x10
 818 031d 14000000 		.4byte	.LVL31
 819 0321 41060000 		.4byte	0x641
 820 0325 18       		.uleb128 0x18
 821 0326 1A000000 		.4byte	.LVL32
 822 032a 4C060000 		.4byte	0x64c
 823 032e 3C030000 		.4byte	0x33c
 824 0332 19       		.uleb128 0x19
 825 0333 01       		.uleb128 0x1
 826 0334 50       		.byte	0x50
 827 0335 05       		.uleb128 0x5
 828 0336 03       		.byte	0x3
 829 0337 00000000 		.4byte	SwitchMotorEN
 830 033b 00       		.byte	0
 831 033c 10       		.uleb128 0x10
 832 033d 20000000 		.4byte	.LVL33
 833 0341 57060000 		.4byte	0x657
 834 0345 10       		.uleb128 0x10
 835 0346 26000000 		.4byte	.LVL34
 836 034a 62060000 		.4byte	0x662
 837 034e 18       		.uleb128 0x18
 838 034f 2C000000 		.4byte	.LVL35
 839 0353 6D060000 		.4byte	0x66d
 840 0357 61030000 		.4byte	0x361
 841 035b 19       		.uleb128 0x19
 842 035c 01       		.uleb128 0x1
 843 035d 50       		.byte	0x50
 844 035e 01       		.uleb128 0x1
 845 035f 30       		.byte	0x30
 846 0360 00       		.byte	0
 847 0361 18       		.uleb128 0x18
 848 0362 32000000 		.4byte	.LVL36
 849 0366 78060000 		.4byte	0x678
 850 036a 74030000 		.4byte	0x374
ARM GAS  C:\Users\Jona\AppData\Local\Temp\ccRi7dge.s 			page 20


 851 036e 19       		.uleb128 0x19
 852 036f 01       		.uleb128 0x1
 853 0370 50       		.byte	0x50
 854 0371 01       		.uleb128 0x1
 855 0372 30       		.byte	0x30
 856 0373 00       		.byte	0
 857 0374 18       		.uleb128 0x18
 858 0375 38000000 		.4byte	.LVL37
 859 0379 83060000 		.4byte	0x683
 860 037d 87030000 		.4byte	0x387
 861 0381 19       		.uleb128 0x19
 862 0382 01       		.uleb128 0x1
 863 0383 50       		.byte	0x50
 864 0384 01       		.uleb128 0x1
 865 0385 30       		.byte	0x30
 866 0386 00       		.byte	0
 867 0387 18       		.uleb128 0x18
 868 0388 3E000000 		.4byte	.LVL38
 869 038c 8E060000 		.4byte	0x68e
 870 0390 9A030000 		.4byte	0x39a
 871 0394 19       		.uleb128 0x19
 872 0395 01       		.uleb128 0x1
 873 0396 50       		.byte	0x50
 874 0397 01       		.uleb128 0x1
 875 0398 30       		.byte	0x30
 876 0399 00       		.byte	0
 877 039a 10       		.uleb128 0x10
 878 039b 46000000 		.4byte	.LVL39
 879 039f 6D060000 		.4byte	0x66d
 880 03a3 10       		.uleb128 0x10
 881 03a4 4E000000 		.4byte	.LVL40
 882 03a8 78060000 		.4byte	0x678
 883 03ac 10       		.uleb128 0x10
 884 03ad 52000000 		.4byte	.LVL41
 885 03b1 20020000 		.4byte	0x220
 886 03b5 10       		.uleb128 0x10
 887 03b6 56000000 		.4byte	.LVL42
 888 03ba 99060000 		.4byte	0x699
 889 03be 10       		.uleb128 0x10
 890 03bf 5C000000 		.4byte	.LVL43
 891 03c3 A4060000 		.4byte	0x6a4
 892 03c7 10       		.uleb128 0x10
 893 03c8 62000000 		.4byte	.LVL44
 894 03cc AF060000 		.4byte	0x6af
 895 03d0 18       		.uleb128 0x18
 896 03d1 6A000000 		.4byte	.LVL45
 897 03d5 BA060000 		.4byte	0x6ba
 898 03d9 E8030000 		.4byte	0x3e8
 899 03dd 19       		.uleb128 0x19
 900 03de 01       		.uleb128 0x1
 901 03df 50       		.byte	0x50
 902 03e0 01       		.uleb128 0x1
 903 03e1 30       		.byte	0x30
 904 03e2 19       		.uleb128 0x19
 905 03e3 01       		.uleb128 0x1
 906 03e4 51       		.byte	0x51
 907 03e5 01       		.uleb128 0x1
ARM GAS  C:\Users\Jona\AppData\Local\Temp\ccRi7dge.s 			page 21


 908 03e6 30       		.byte	0x30
 909 03e7 00       		.byte	0
 910 03e8 10       		.uleb128 0x10
 911 03e9 72000000 		.4byte	.LVL46
 912 03ed C5060000 		.4byte	0x6c5
 913 03f1 18       		.uleb128 0x18
 914 03f2 7A000000 		.4byte	.LVL47
 915 03f6 BA060000 		.4byte	0x6ba
 916 03fa 09040000 		.4byte	0x409
 917 03fe 19       		.uleb128 0x19
 918 03ff 01       		.uleb128 0x1
 919 0400 50       		.byte	0x50
 920 0401 01       		.uleb128 0x1
 921 0402 31       		.byte	0x31
 922 0403 19       		.uleb128 0x19
 923 0404 01       		.uleb128 0x1
 924 0405 51       		.byte	0x51
 925 0406 01       		.uleb128 0x1
 926 0407 30       		.byte	0x30
 927 0408 00       		.byte	0
 928 0409 10       		.uleb128 0x10
 929 040a 82000000 		.4byte	.LVL48
 930 040e C5060000 		.4byte	0x6c5
 931 0412 18       		.uleb128 0x18
 932 0413 88000000 		.4byte	.LVL49
 933 0417 0A060000 		.4byte	0x60a
 934 041b 25040000 		.4byte	0x425
 935 041f 19       		.uleb128 0x19
 936 0420 01       		.uleb128 0x1
 937 0421 50       		.byte	0x50
 938 0422 01       		.uleb128 0x1
 939 0423 3A       		.byte	0x3a
 940 0424 00       		.byte	0
 941 0425 10       		.uleb128 0x10
 942 0426 8E000000 		.4byte	.LVL50
 943 042a 6D060000 		.4byte	0x66d
 944 042e 10       		.uleb128 0x10
 945 042f 94000000 		.4byte	.LVL51
 946 0433 78060000 		.4byte	0x678
 947 0437 00       		.byte	0
 948 0438 11       		.uleb128 0x11
 949 0439 10010000 		.4byte	.LASF25
 950 043d 01       		.byte	0x1
 951 043e C4       		.byte	0xc4
 952 043f 68000000 		.4byte	0x68
 953 0443 00000000 		.4byte	.LFB70
 954 0447 16000000 		.4byte	.LFE70-.LFB70
 955 044b 01       		.uleb128 0x1
 956 044c 9C       		.byte	0x9c
 957 044d 90040000 		.4byte	0x490
 958 0451 12       		.uleb128 0x12
 959 0452 94020000 		.4byte	.LASF26
 960 0456 01       		.byte	0x1
 961 0457 C4       		.byte	0xc4
 962 0458 68000000 		.4byte	0x68
 963 045c BC000000 		.4byte	.LLST4
 964 0460 14       		.uleb128 0x14
ARM GAS  C:\Users\Jona\AppData\Local\Temp\ccRi7dge.s 			page 22


 965 0461 10010000 		.4byte	.LASF25
 966 0465 01       		.byte	0x1
 967 0466 C4       		.byte	0xc4
 968 0467 68000000 		.4byte	0x68
 969 046b 01       		.uleb128 0x1
 970 046c 51       		.byte	0x51
 971 046d 1C       		.uleb128 0x1c
 972 046e E3010000 		.4byte	.LASF27
 973 0472 01       		.byte	0x1
 974 0473 C6       		.byte	0xc6
 975 0474 81000000 		.4byte	0x81
 976 0478 DA000000 		.4byte	.LLST5
 977 047c 1D       		.uleb128 0x1d
 978 047d 00000000 		.4byte	.Ldebug_ranges0+0
 979 0481 17       		.uleb128 0x17
 980 0482 6900     		.ascii	"i\000"
 981 0484 01       		.byte	0x1
 982 0485 C7       		.byte	0xc7
 983 0486 68000000 		.4byte	0x68
 984 048a 04010000 		.4byte	.LLST6
 985 048e 00       		.byte	0
 986 048f 00       		.byte	0
 987 0490 09       		.uleb128 0x9
 988 0491 A7000000 		.4byte	0xa7
 989 0495 A0040000 		.4byte	0x4a0
 990 0499 0A       		.uleb128 0xa
 991 049a B5000000 		.4byte	0xb5
 992 049e 01       		.byte	0x1
 993 049f 00       		.byte	0
 994 04a0 1E       		.uleb128 0x1e
 995 04a1 C3020000 		.4byte	.LASF28
 996 04a5 05       		.byte	0x5
 997 04a6 14       		.byte	0x14
 998 04a7 90040000 		.4byte	0x490
 999 04ab 05       		.uleb128 0x5
 1000 04ac 03       		.byte	0x3
 1001 04ad 00000000 		.4byte	hexaDecBuffer
 1002 04b1 09       		.uleb128 0x9
 1003 04b2 A7000000 		.4byte	0xa7
 1004 04b6 C1040000 		.4byte	0x4c1
 1005 04ba 0A       		.uleb128 0xa
 1006 04bb B5000000 		.4byte	0xb5
 1007 04bf 3F       		.byte	0x3f
 1008 04c0 00       		.byte	0
 1009 04c1 1E       		.uleb128 0x1e
 1010 04c2 19010000 		.4byte	.LASF29
 1011 04c6 05       		.byte	0x5
 1012 04c7 15       		.byte	0x15
 1013 04c8 B1040000 		.4byte	0x4b1
 1014 04cc 05       		.uleb128 0x5
 1015 04cd 03       		.byte	0x3
 1016 04ce 00000000 		.4byte	strMsg1
 1017 04d2 1E       		.uleb128 0x1e
 1018 04d3 37040000 		.4byte	.LASF30
 1019 04d7 05       		.byte	0x5
 1020 04d8 20       		.byte	0x20
 1021 04d9 81000000 		.4byte	0x81
ARM GAS  C:\Users\Jona\AppData\Local\Temp\ccRi7dge.s 			page 23


 1022 04dd 05       		.uleb128 0x5
 1023 04de 03       		.byte	0x3
 1024 04df 00000000 		.4byte	pwmMotorLinks
 1025 04e3 1E       		.uleb128 0x1e
 1026 04e4 58040000 		.4byte	.LASF31
 1027 04e8 05       		.byte	0x5
 1028 04e9 21       		.byte	0x21
 1029 04ea 81000000 		.4byte	0x81
 1030 04ee 05       		.uleb128 0x5
 1031 04ef 03       		.byte	0x3
 1032 04f0 00000000 		.4byte	pwmMotorRechts
 1033 04f4 1E       		.uleb128 0x1e
 1034 04f5 98010000 		.4byte	.LASF32
 1035 04f9 05       		.byte	0x5
 1036 04fa 2A       		.byte	0x2a
 1037 04fb 81000000 		.4byte	0x81
 1038 04ff 05       		.uleb128 0x5
 1039 0500 03       		.byte	0x3
 1040 0501 00000000 		.4byte	IRWaarden
 1041 0505 1E       		.uleb128 0x1e
 1042 0506 8F000000 		.4byte	.LASF33
 1043 050a 05       		.byte	0x5
 1044 050b 2B       		.byte	0x2b
 1045 050c 81000000 		.4byte	0x81
 1046 0510 05       		.uleb128 0x5
 1047 0511 03       		.byte	0x3
 1048 0512 00000000 		.4byte	IRDrempel
 1049 0516 1E       		.uleb128 0x1e
 1050 0517 90010000 		.4byte	.LASF34
 1051 051b 05       		.byte	0x5
 1052 051c 31       		.byte	0x31
 1053 051d 8D000000 		.4byte	0x8d
 1054 0521 05       		.uleb128 0x5
 1055 0522 03       		.byte	0x3
 1056 0523 00000000 		.4byte	mediaan
 1057 0527 1E       		.uleb128 0x1e
 1058 0528 C4010000 		.4byte	.LASF35
 1059 052c 05       		.byte	0x5
 1060 052d 32       		.byte	0x32
 1061 052e 81000000 		.4byte	0x81
 1062 0532 05       		.uleb128 0x5
 1063 0533 03       		.byte	0x3
 1064 0534 00000000 		.4byte	selectUS
 1065 0538 09       		.uleb128 0x9
 1066 0539 8D000000 		.4byte	0x8d
 1067 053d 48050000 		.4byte	0x548
 1068 0541 0A       		.uleb128 0xa
 1069 0542 B5000000 		.4byte	0xb5
 1070 0546 04       		.byte	0x4
 1071 0547 00       		.byte	0
 1072 0548 1E       		.uleb128 0x1e
 1073 0549 E4000000 		.4byte	.LASF36
 1074 054d 05       		.byte	0x5
 1075 054e 34       		.byte	0x34
 1076 054f 38050000 		.4byte	0x538
 1077 0553 05       		.uleb128 0x5
 1078 0554 03       		.byte	0x3
ARM GAS  C:\Users\Jona\AppData\Local\Temp\ccRi7dge.s 			page 24


 1079 0555 00000000 		.4byte	avgUS1
 1080 0559 1E       		.uleb128 0x1e
 1081 055a EB000000 		.4byte	.LASF37
 1082 055e 05       		.byte	0x5
 1083 055f 35       		.byte	0x35
 1084 0560 38050000 		.4byte	0x538
 1085 0564 05       		.uleb128 0x5
 1086 0565 03       		.byte	0x3
 1087 0566 00000000 		.4byte	avgUS2
 1088 056a 1E       		.uleb128 0x1e
 1089 056b 74000000 		.4byte	.LASF38
 1090 056f 05       		.byte	0x5
 1091 0570 36       		.byte	0x36
 1092 0571 38050000 		.4byte	0x538
 1093 0575 05       		.uleb128 0x5
 1094 0576 03       		.byte	0x3
 1095 0577 00000000 		.4byte	avgUS3
 1096 057b 1F       		.uleb128 0x1f
 1097 057c 9C030000 		.4byte	.LASF39
 1098 0580 06       		.byte	0x6
 1099 0581 1207     		.2byte	0x712
 1100 0583 87050000 		.4byte	0x587
 1101 0587 20       		.uleb128 0x20
 1102 0588 76000000 		.4byte	0x76
 1103 058c 21       		.uleb128 0x21
 1104 058d 524200   		.ascii	"RB\000"
 1105 0590 1B       		.byte	0x1b
 1106 0591 27       		.byte	0x27
 1107 0592 ED000000 		.4byte	0xed
 1108 0596 05       		.uleb128 0x5
 1109 0597 03       		.byte	0x3
 1110 0598 00000000 		.4byte	RB
 1111 059c 22       		.uleb128 0x22
 1112 059d 06000000 		.4byte	.LASF40
 1113 05a1 06000000 		.4byte	.LASF40
 1114 05a5 07       		.byte	0x7
 1115 05a6 31       		.byte	0x31
 1116 05a7 22       		.uleb128 0x22
 1117 05a8 7B000000 		.4byte	.LASF41
 1118 05ac 7B000000 		.4byte	.LASF41
 1119 05b0 07       		.byte	0x7
 1120 05b1 A1       		.byte	0xa1
 1121 05b2 22       		.uleb128 0x22
 1122 05b3 CD010000 		.4byte	.LASF42
 1123 05b7 CD010000 		.4byte	.LASF42
 1124 05bb 08       		.byte	0x8
 1125 05bc 38       		.byte	0x38
 1126 05bd 22       		.uleb128 0x22
 1127 05be 99000000 		.4byte	.LASF43
 1128 05c2 99000000 		.4byte	.LASF43
 1129 05c6 09       		.byte	0x9
 1130 05c7 92       		.byte	0x92
 1131 05c8 22       		.uleb128 0x22
 1132 05c9 CF000000 		.4byte	.LASF44
 1133 05cd CF000000 		.4byte	.LASF44
 1134 05d1 0A       		.byte	0xa
 1135 05d2 5A       		.byte	0x5a
ARM GAS  C:\Users\Jona\AppData\Local\Temp\ccRi7dge.s 			page 25


 1136 05d3 22       		.uleb128 0x22
 1137 05d4 13000000 		.4byte	.LASF45
 1138 05d8 13000000 		.4byte	.LASF45
 1139 05dc 0B       		.byte	0xb
 1140 05dd 33       		.byte	0x33
 1141 05de 22       		.uleb128 0x22
 1142 05df B3020000 		.4byte	.LASF46
 1143 05e3 B3020000 		.4byte	.LASF46
 1144 05e7 0C       		.byte	0xc
 1145 05e8 33       		.byte	0x33
 1146 05e9 22       		.uleb128 0x22
 1147 05ea 7A020000 		.4byte	.LASF47
 1148 05ee 7A020000 		.4byte	.LASF47
 1149 05f2 0D       		.byte	0xd
 1150 05f3 54       		.byte	0x54
 1151 05f4 22       		.uleb128 0x22
 1152 05f5 43020000 		.4byte	.LASF48
 1153 05f9 43020000 		.4byte	.LASF48
 1154 05fd 0E       		.byte	0xe
 1155 05fe 5A       		.byte	0x5a
 1156 05ff 22       		.uleb128 0x22
 1157 0600 6D010000 		.4byte	.LASF49
 1158 0604 6D010000 		.4byte	.LASF49
 1159 0608 0F       		.byte	0xf
 1160 0609 26       		.byte	0x26
 1161 060a 22       		.uleb128 0x22
 1162 060b 45040000 		.4byte	.LASF50
 1163 060f 45040000 		.4byte	.LASF50
 1164 0613 10       		.byte	0x10
 1165 0614 76       		.byte	0x76
 1166 0615 22       		.uleb128 0x22
 1167 0616 71030000 		.4byte	.LASF51
 1168 061a 71030000 		.4byte	.LASF51
 1169 061e 11       		.byte	0x11
 1170 061f 26       		.byte	0x26
 1171 0620 22       		.uleb128 0x22
 1172 0621 AB010000 		.4byte	.LASF52
 1173 0625 AB010000 		.4byte	.LASF52
 1174 0629 12       		.byte	0x12
 1175 062a 26       		.byte	0x26
 1176 062b 22       		.uleb128 0x22
 1177 062c 4D040000 		.4byte	.LASF53
 1178 0630 4D040000 		.4byte	.LASF53
 1179 0634 13       		.byte	0x13
 1180 0635 26       		.byte	0x26
 1181 0636 22       		.uleb128 0x22
 1182 0637 ED010000 		.4byte	.LASF54
 1183 063b ED010000 		.4byte	.LASF54
 1184 063f 14       		.byte	0x14
 1185 0640 26       		.byte	0x26
 1186 0641 22       		.uleb128 0x22
 1187 0642 57010000 		.4byte	.LASF55
 1188 0646 57010000 		.4byte	.LASF55
 1189 064a 15       		.byte	0x15
 1190 064b 18       		.byte	0x18
 1191 064c 22       		.uleb128 0x22
 1192 064d 89030000 		.4byte	.LASF56
ARM GAS  C:\Users\Jona\AppData\Local\Temp\ccRi7dge.s 			page 26


 1193 0651 89030000 		.4byte	.LASF56
 1194 0655 16       		.byte	0x16
 1195 0656 18       		.byte	0x18
 1196 0657 22       		.uleb128 0x22
 1197 0658 F8010000 		.4byte	.LASF57
 1198 065c F8010000 		.4byte	.LASF57
 1199 0660 17       		.byte	0x17
 1200 0661 18       		.byte	0x18
 1201 0662 22       		.uleb128 0x22
 1202 0663 54000000 		.4byte	.LASF58
 1203 0667 54000000 		.4byte	.LASF58
 1204 066b 18       		.byte	0x18
 1205 066c 18       		.byte	0x18
 1206 066d 22       		.uleb128 0x22
 1207 066e 21010000 		.4byte	.LASF59
 1208 0672 21010000 		.4byte	.LASF59
 1209 0676 09       		.byte	0x9
 1210 0677 C7       		.byte	0xc7
 1211 0678 22       		.uleb128 0x22
 1212 0679 3C010000 		.4byte	.LASF60
 1213 067d 3C010000 		.4byte	.LASF60
 1214 0681 09       		.byte	0x9
 1215 0682 CA       		.byte	0xca
 1216 0683 22       		.uleb128 0x22
 1217 0684 56030000 		.4byte	.LASF61
 1218 0688 56030000 		.4byte	.LASF61
 1219 068c 19       		.byte	0x19
 1220 068d 26       		.byte	0x26
 1221 068e 22       		.uleb128 0x22
 1222 068f 86010000 		.4byte	.LASF62
 1223 0693 86010000 		.4byte	.LASF62
 1224 0697 1A       		.byte	0x1a
 1225 0698 26       		.byte	0x26
 1226 0699 22       		.uleb128 0x22
 1227 069a A7020000 		.4byte	.LASF63
 1228 069e A7020000 		.4byte	.LASF63
 1229 06a2 1B       		.byte	0x1b
 1230 06a3 30       		.byte	0x30
 1231 06a4 22       		.uleb128 0x22
 1232 06a5 F2000000 		.4byte	.LASF64
 1233 06a9 F2000000 		.4byte	.LASF64
 1234 06ad 1B       		.byte	0x1b
 1235 06ae 31       		.byte	0x31
 1236 06af 22       		.uleb128 0x22
 1237 06b0 27000000 		.4byte	.LASF65
 1238 06b4 27000000 		.4byte	.LASF65
 1239 06b8 05       		.byte	0x5
 1240 06b9 19       		.byte	0x19
 1241 06ba 22       		.uleb128 0x22
 1242 06bb 7C030000 		.4byte	.LASF66
 1243 06bf 7C030000 		.4byte	.LASF66
 1244 06c3 08       		.byte	0x8
 1245 06c4 3D       		.byte	0x3d
 1246 06c5 22       		.uleb128 0x22
 1247 06c6 01010000 		.4byte	.LASF67
 1248 06ca 01010000 		.4byte	.LASF67
 1249 06ce 08       		.byte	0x8
ARM GAS  C:\Users\Jona\AppData\Local\Temp\ccRi7dge.s 			page 27


 1250 06cf 5E       		.byte	0x5e
 1251 06d0 00       		.byte	0
 1252              		.section	.debug_abbrev,"",%progbits
 1253              	.Ldebug_abbrev0:
 1254 0000 01       		.uleb128 0x1
 1255 0001 11       		.uleb128 0x11
 1256 0002 01       		.byte	0x1
 1257 0003 25       		.uleb128 0x25
 1258 0004 0E       		.uleb128 0xe
 1259 0005 13       		.uleb128 0x13
 1260 0006 0B       		.uleb128 0xb
 1261 0007 03       		.uleb128 0x3
 1262 0008 0E       		.uleb128 0xe
 1263 0009 1B       		.uleb128 0x1b
 1264 000a 0E       		.uleb128 0xe
 1265 000b 55       		.uleb128 0x55
 1266 000c 17       		.uleb128 0x17
 1267 000d 11       		.uleb128 0x11
 1268 000e 01       		.uleb128 0x1
 1269 000f 10       		.uleb128 0x10
 1270 0010 17       		.uleb128 0x17
 1271 0011 00       		.byte	0
 1272 0012 00       		.byte	0
 1273 0013 02       		.uleb128 0x2
 1274 0014 24       		.uleb128 0x24
 1275 0015 00       		.byte	0
 1276 0016 0B       		.uleb128 0xb
 1277 0017 0B       		.uleb128 0xb
 1278 0018 3E       		.uleb128 0x3e
 1279 0019 0B       		.uleb128 0xb
 1280 001a 03       		.uleb128 0x3
 1281 001b 0E       		.uleb128 0xe
 1282 001c 00       		.byte	0
 1283 001d 00       		.byte	0
 1284 001e 03       		.uleb128 0x3
 1285 001f 16       		.uleb128 0x16
 1286 0020 00       		.byte	0
 1287 0021 03       		.uleb128 0x3
 1288 0022 0E       		.uleb128 0xe
 1289 0023 3A       		.uleb128 0x3a
 1290 0024 0B       		.uleb128 0xb
 1291 0025 3B       		.uleb128 0x3b
 1292 0026 0B       		.uleb128 0xb
 1293 0027 49       		.uleb128 0x49
 1294 0028 13       		.uleb128 0x13
 1295 0029 00       		.byte	0
 1296 002a 00       		.byte	0
 1297 002b 04       		.uleb128 0x4
 1298 002c 24       		.uleb128 0x24
 1299 002d 00       		.byte	0
 1300 002e 0B       		.uleb128 0xb
 1301 002f 0B       		.uleb128 0xb
 1302 0030 3E       		.uleb128 0x3e
 1303 0031 0B       		.uleb128 0xb
 1304 0032 03       		.uleb128 0x3
 1305 0033 08       		.uleb128 0x8
 1306 0034 00       		.byte	0
ARM GAS  C:\Users\Jona\AppData\Local\Temp\ccRi7dge.s 			page 28


 1307 0035 00       		.byte	0
 1308 0036 05       		.uleb128 0x5
 1309 0037 16       		.uleb128 0x16
 1310 0038 00       		.byte	0
 1311 0039 03       		.uleb128 0x3
 1312 003a 0E       		.uleb128 0xe
 1313 003b 3A       		.uleb128 0x3a
 1314 003c 0B       		.uleb128 0xb
 1315 003d 3B       		.uleb128 0x3b
 1316 003e 05       		.uleb128 0x5
 1317 003f 49       		.uleb128 0x49
 1318 0040 13       		.uleb128 0x13
 1319 0041 00       		.byte	0
 1320 0042 00       		.byte	0
 1321 0043 06       		.uleb128 0x6
 1322 0044 13       		.uleb128 0x13
 1323 0045 01       		.byte	0x1
 1324 0046 0B       		.uleb128 0xb
 1325 0047 0B       		.uleb128 0xb
 1326 0048 3A       		.uleb128 0x3a
 1327 0049 0B       		.uleb128 0xb
 1328 004a 3B       		.uleb128 0x3b
 1329 004b 0B       		.uleb128 0xb
 1330 004c 01       		.uleb128 0x1
 1331 004d 13       		.uleb128 0x13
 1332 004e 00       		.byte	0
 1333 004f 00       		.byte	0
 1334 0050 07       		.uleb128 0x7
 1335 0051 0D       		.uleb128 0xd
 1336 0052 00       		.byte	0
 1337 0053 03       		.uleb128 0x3
 1338 0054 08       		.uleb128 0x8
 1339 0055 3A       		.uleb128 0x3a
 1340 0056 0B       		.uleb128 0xb
 1341 0057 3B       		.uleb128 0x3b
 1342 0058 0B       		.uleb128 0xb
 1343 0059 49       		.uleb128 0x49
 1344 005a 13       		.uleb128 0x13
 1345 005b 38       		.uleb128 0x38
 1346 005c 0B       		.uleb128 0xb
 1347 005d 00       		.byte	0
 1348 005e 00       		.byte	0
 1349 005f 08       		.uleb128 0x8
 1350 0060 0D       		.uleb128 0xd
 1351 0061 00       		.byte	0
 1352 0062 03       		.uleb128 0x3
 1353 0063 0E       		.uleb128 0xe
 1354 0064 3A       		.uleb128 0x3a
 1355 0065 0B       		.uleb128 0xb
 1356 0066 3B       		.uleb128 0x3b
 1357 0067 0B       		.uleb128 0xb
 1358 0068 49       		.uleb128 0x49
 1359 0069 13       		.uleb128 0x13
 1360 006a 38       		.uleb128 0x38
 1361 006b 0B       		.uleb128 0xb
 1362 006c 00       		.byte	0
 1363 006d 00       		.byte	0
ARM GAS  C:\Users\Jona\AppData\Local\Temp\ccRi7dge.s 			page 29


 1364 006e 09       		.uleb128 0x9
 1365 006f 01       		.uleb128 0x1
 1366 0070 01       		.byte	0x1
 1367 0071 49       		.uleb128 0x49
 1368 0072 13       		.uleb128 0x13
 1369 0073 01       		.uleb128 0x1
 1370 0074 13       		.uleb128 0x13
 1371 0075 00       		.byte	0
 1372 0076 00       		.byte	0
 1373 0077 0A       		.uleb128 0xa
 1374 0078 21       		.uleb128 0x21
 1375 0079 00       		.byte	0
 1376 007a 49       		.uleb128 0x49
 1377 007b 13       		.uleb128 0x13
 1378 007c 2F       		.uleb128 0x2f
 1379 007d 0B       		.uleb128 0xb
 1380 007e 00       		.byte	0
 1381 007f 00       		.byte	0
 1382 0080 0B       		.uleb128 0xb
 1383 0081 17       		.uleb128 0x17
 1384 0082 01       		.byte	0x1
 1385 0083 03       		.uleb128 0x3
 1386 0084 0E       		.uleb128 0xe
 1387 0085 0B       		.uleb128 0xb
 1388 0086 0B       		.uleb128 0xb
 1389 0087 3A       		.uleb128 0x3a
 1390 0088 0B       		.uleb128 0xb
 1391 0089 3B       		.uleb128 0x3b
 1392 008a 0B       		.uleb128 0xb
 1393 008b 01       		.uleb128 0x1
 1394 008c 13       		.uleb128 0x13
 1395 008d 00       		.byte	0
 1396 008e 00       		.byte	0
 1397 008f 0C       		.uleb128 0xc
 1398 0090 0D       		.uleb128 0xd
 1399 0091 00       		.byte	0
 1400 0092 03       		.uleb128 0x3
 1401 0093 0E       		.uleb128 0xe
 1402 0094 3A       		.uleb128 0x3a
 1403 0095 0B       		.uleb128 0xb
 1404 0096 3B       		.uleb128 0x3b
 1405 0097 0B       		.uleb128 0xb
 1406 0098 49       		.uleb128 0x49
 1407 0099 13       		.uleb128 0x13
 1408 009a 00       		.byte	0
 1409 009b 00       		.byte	0
 1410 009c 0D       		.uleb128 0xd
 1411 009d 0D       		.uleb128 0xd
 1412 009e 00       		.byte	0
 1413 009f 49       		.uleb128 0x49
 1414 00a0 13       		.uleb128 0x13
 1415 00a1 00       		.byte	0
 1416 00a2 00       		.byte	0
 1417 00a3 0E       		.uleb128 0xe
 1418 00a4 2E       		.uleb128 0x2e
 1419 00a5 00       		.byte	0
 1420 00a6 3F       		.uleb128 0x3f
ARM GAS  C:\Users\Jona\AppData\Local\Temp\ccRi7dge.s 			page 30


 1421 00a7 19       		.uleb128 0x19
 1422 00a8 03       		.uleb128 0x3
 1423 00a9 0E       		.uleb128 0xe
 1424 00aa 3A       		.uleb128 0x3a
 1425 00ab 0B       		.uleb128 0xb
 1426 00ac 3B       		.uleb128 0x3b
 1427 00ad 0B       		.uleb128 0xb
 1428 00ae 27       		.uleb128 0x27
 1429 00af 19       		.uleb128 0x19
 1430 00b0 11       		.uleb128 0x11
 1431 00b1 01       		.uleb128 0x1
 1432 00b2 12       		.uleb128 0x12
 1433 00b3 06       		.uleb128 0x6
 1434 00b4 40       		.uleb128 0x40
 1435 00b5 18       		.uleb128 0x18
 1436 00b6 9742     		.uleb128 0x2117
 1437 00b8 19       		.uleb128 0x19
 1438 00b9 00       		.byte	0
 1439 00ba 00       		.byte	0
 1440 00bb 0F       		.uleb128 0xf
 1441 00bc 2E       		.uleb128 0x2e
 1442 00bd 01       		.byte	0x1
 1443 00be 3F       		.uleb128 0x3f
 1444 00bf 19       		.uleb128 0x19
 1445 00c0 03       		.uleb128 0x3
 1446 00c1 0E       		.uleb128 0xe
 1447 00c2 3A       		.uleb128 0x3a
 1448 00c3 0B       		.uleb128 0xb
 1449 00c4 3B       		.uleb128 0x3b
 1450 00c5 0B       		.uleb128 0xb
 1451 00c6 27       		.uleb128 0x27
 1452 00c7 19       		.uleb128 0x19
 1453 00c8 11       		.uleb128 0x11
 1454 00c9 01       		.uleb128 0x1
 1455 00ca 12       		.uleb128 0x12
 1456 00cb 06       		.uleb128 0x6
 1457 00cc 40       		.uleb128 0x40
 1458 00cd 18       		.uleb128 0x18
 1459 00ce 9742     		.uleb128 0x2117
 1460 00d0 19       		.uleb128 0x19
 1461 00d1 01       		.uleb128 0x1
 1462 00d2 13       		.uleb128 0x13
 1463 00d3 00       		.byte	0
 1464 00d4 00       		.byte	0
 1465 00d5 10       		.uleb128 0x10
 1466 00d6 898201   		.uleb128 0x4109
 1467 00d9 00       		.byte	0
 1468 00da 11       		.uleb128 0x11
 1469 00db 01       		.uleb128 0x1
 1470 00dc 31       		.uleb128 0x31
 1471 00dd 13       		.uleb128 0x13
 1472 00de 00       		.byte	0
 1473 00df 00       		.byte	0
 1474 00e0 11       		.uleb128 0x11
 1475 00e1 2E       		.uleb128 0x2e
 1476 00e2 01       		.byte	0x1
 1477 00e3 3F       		.uleb128 0x3f
ARM GAS  C:\Users\Jona\AppData\Local\Temp\ccRi7dge.s 			page 31


 1478 00e4 19       		.uleb128 0x19
 1479 00e5 03       		.uleb128 0x3
 1480 00e6 0E       		.uleb128 0xe
 1481 00e7 3A       		.uleb128 0x3a
 1482 00e8 0B       		.uleb128 0xb
 1483 00e9 3B       		.uleb128 0x3b
 1484 00ea 0B       		.uleb128 0xb
 1485 00eb 27       		.uleb128 0x27
 1486 00ec 19       		.uleb128 0x19
 1487 00ed 49       		.uleb128 0x49
 1488 00ee 13       		.uleb128 0x13
 1489 00ef 11       		.uleb128 0x11
 1490 00f0 01       		.uleb128 0x1
 1491 00f1 12       		.uleb128 0x12
 1492 00f2 06       		.uleb128 0x6
 1493 00f3 40       		.uleb128 0x40
 1494 00f4 18       		.uleb128 0x18
 1495 00f5 9742     		.uleb128 0x2117
 1496 00f7 19       		.uleb128 0x19
 1497 00f8 01       		.uleb128 0x1
 1498 00f9 13       		.uleb128 0x13
 1499 00fa 00       		.byte	0
 1500 00fb 00       		.byte	0
 1501 00fc 12       		.uleb128 0x12
 1502 00fd 05       		.uleb128 0x5
 1503 00fe 00       		.byte	0
 1504 00ff 03       		.uleb128 0x3
 1505 0100 0E       		.uleb128 0xe
 1506 0101 3A       		.uleb128 0x3a
 1507 0102 0B       		.uleb128 0xb
 1508 0103 3B       		.uleb128 0x3b
 1509 0104 0B       		.uleb128 0xb
 1510 0105 49       		.uleb128 0x49
 1511 0106 13       		.uleb128 0x13
 1512 0107 02       		.uleb128 0x2
 1513 0108 17       		.uleb128 0x17
 1514 0109 00       		.byte	0
 1515 010a 00       		.byte	0
 1516 010b 13       		.uleb128 0x13
 1517 010c 05       		.uleb128 0x5
 1518 010d 00       		.byte	0
 1519 010e 03       		.uleb128 0x3
 1520 010f 08       		.uleb128 0x8
 1521 0110 3A       		.uleb128 0x3a
 1522 0111 0B       		.uleb128 0xb
 1523 0112 3B       		.uleb128 0x3b
 1524 0113 0B       		.uleb128 0xb
 1525 0114 49       		.uleb128 0x49
 1526 0115 13       		.uleb128 0x13
 1527 0116 02       		.uleb128 0x2
 1528 0117 17       		.uleb128 0x17
 1529 0118 00       		.byte	0
 1530 0119 00       		.byte	0
 1531 011a 14       		.uleb128 0x14
 1532 011b 05       		.uleb128 0x5
 1533 011c 00       		.byte	0
 1534 011d 03       		.uleb128 0x3
ARM GAS  C:\Users\Jona\AppData\Local\Temp\ccRi7dge.s 			page 32


 1535 011e 0E       		.uleb128 0xe
 1536 011f 3A       		.uleb128 0x3a
 1537 0120 0B       		.uleb128 0xb
 1538 0121 3B       		.uleb128 0x3b
 1539 0122 0B       		.uleb128 0xb
 1540 0123 49       		.uleb128 0x49
 1541 0124 13       		.uleb128 0x13
 1542 0125 02       		.uleb128 0x2
 1543 0126 18       		.uleb128 0x18
 1544 0127 00       		.byte	0
 1545 0128 00       		.byte	0
 1546 0129 15       		.uleb128 0x15
 1547 012a 05       		.uleb128 0x5
 1548 012b 00       		.byte	0
 1549 012c 03       		.uleb128 0x3
 1550 012d 08       		.uleb128 0x8
 1551 012e 3A       		.uleb128 0x3a
 1552 012f 0B       		.uleb128 0xb
 1553 0130 3B       		.uleb128 0x3b
 1554 0131 0B       		.uleb128 0xb
 1555 0132 49       		.uleb128 0x49
 1556 0133 13       		.uleb128 0x13
 1557 0134 02       		.uleb128 0x2
 1558 0135 18       		.uleb128 0x18
 1559 0136 00       		.byte	0
 1560 0137 00       		.byte	0
 1561 0138 16       		.uleb128 0x16
 1562 0139 0B       		.uleb128 0xb
 1563 013a 01       		.byte	0x1
 1564 013b 11       		.uleb128 0x11
 1565 013c 01       		.uleb128 0x1
 1566 013d 12       		.uleb128 0x12
 1567 013e 06       		.uleb128 0x6
 1568 013f 00       		.byte	0
 1569 0140 00       		.byte	0
 1570 0141 17       		.uleb128 0x17
 1571 0142 34       		.uleb128 0x34
 1572 0143 00       		.byte	0
 1573 0144 03       		.uleb128 0x3
 1574 0145 08       		.uleb128 0x8
 1575 0146 3A       		.uleb128 0x3a
 1576 0147 0B       		.uleb128 0xb
 1577 0148 3B       		.uleb128 0x3b
 1578 0149 0B       		.uleb128 0xb
 1579 014a 49       		.uleb128 0x49
 1580 014b 13       		.uleb128 0x13
 1581 014c 02       		.uleb128 0x2
 1582 014d 17       		.uleb128 0x17
 1583 014e 00       		.byte	0
 1584 014f 00       		.byte	0
 1585 0150 18       		.uleb128 0x18
 1586 0151 898201   		.uleb128 0x4109
 1587 0154 01       		.byte	0x1
 1588 0155 11       		.uleb128 0x11
 1589 0156 01       		.uleb128 0x1
 1590 0157 31       		.uleb128 0x31
 1591 0158 13       		.uleb128 0x13
ARM GAS  C:\Users\Jona\AppData\Local\Temp\ccRi7dge.s 			page 33


 1592 0159 01       		.uleb128 0x1
 1593 015a 13       		.uleb128 0x13
 1594 015b 00       		.byte	0
 1595 015c 00       		.byte	0
 1596 015d 19       		.uleb128 0x19
 1597 015e 8A8201   		.uleb128 0x410a
 1598 0161 00       		.byte	0
 1599 0162 02       		.uleb128 0x2
 1600 0163 18       		.uleb128 0x18
 1601 0164 9142     		.uleb128 0x2111
 1602 0166 18       		.uleb128 0x18
 1603 0167 00       		.byte	0
 1604 0168 00       		.byte	0
 1605 0169 1A       		.uleb128 0x1a
 1606 016a 898201   		.uleb128 0x4109
 1607 016d 01       		.byte	0x1
 1608 016e 11       		.uleb128 0x11
 1609 016f 01       		.uleb128 0x1
 1610 0170 31       		.uleb128 0x31
 1611 0171 13       		.uleb128 0x13
 1612 0172 00       		.byte	0
 1613 0173 00       		.byte	0
 1614 0174 1B       		.uleb128 0x1b
 1615 0175 2E       		.uleb128 0x2e
 1616 0176 01       		.byte	0x1
 1617 0177 3F       		.uleb128 0x3f
 1618 0178 19       		.uleb128 0x19
 1619 0179 03       		.uleb128 0x3
 1620 017a 0E       		.uleb128 0xe
 1621 017b 3A       		.uleb128 0x3a
 1622 017c 0B       		.uleb128 0xb
 1623 017d 3B       		.uleb128 0x3b
 1624 017e 0B       		.uleb128 0xb
 1625 017f 27       		.uleb128 0x27
 1626 0180 19       		.uleb128 0x19
 1627 0181 49       		.uleb128 0x49
 1628 0182 13       		.uleb128 0x13
 1629 0183 8701     		.uleb128 0x87
 1630 0185 19       		.uleb128 0x19
 1631 0186 11       		.uleb128 0x11
 1632 0187 01       		.uleb128 0x1
 1633 0188 12       		.uleb128 0x12
 1634 0189 06       		.uleb128 0x6
 1635 018a 40       		.uleb128 0x40
 1636 018b 18       		.uleb128 0x18
 1637 018c 9742     		.uleb128 0x2117
 1638 018e 19       		.uleb128 0x19
 1639 018f 01       		.uleb128 0x1
 1640 0190 13       		.uleb128 0x13
 1641 0191 00       		.byte	0
 1642 0192 00       		.byte	0
 1643 0193 1C       		.uleb128 0x1c
 1644 0194 34       		.uleb128 0x34
 1645 0195 00       		.byte	0
 1646 0196 03       		.uleb128 0x3
 1647 0197 0E       		.uleb128 0xe
 1648 0198 3A       		.uleb128 0x3a
ARM GAS  C:\Users\Jona\AppData\Local\Temp\ccRi7dge.s 			page 34


 1649 0199 0B       		.uleb128 0xb
 1650 019a 3B       		.uleb128 0x3b
 1651 019b 0B       		.uleb128 0xb
 1652 019c 49       		.uleb128 0x49
 1653 019d 13       		.uleb128 0x13
 1654 019e 02       		.uleb128 0x2
 1655 019f 17       		.uleb128 0x17
 1656 01a0 00       		.byte	0
 1657 01a1 00       		.byte	0
 1658 01a2 1D       		.uleb128 0x1d
 1659 01a3 0B       		.uleb128 0xb
 1660 01a4 01       		.byte	0x1
 1661 01a5 55       		.uleb128 0x55
 1662 01a6 17       		.uleb128 0x17
 1663 01a7 00       		.byte	0
 1664 01a8 00       		.byte	0
 1665 01a9 1E       		.uleb128 0x1e
 1666 01aa 34       		.uleb128 0x34
 1667 01ab 00       		.byte	0
 1668 01ac 03       		.uleb128 0x3
 1669 01ad 0E       		.uleb128 0xe
 1670 01ae 3A       		.uleb128 0x3a
 1671 01af 0B       		.uleb128 0xb
 1672 01b0 3B       		.uleb128 0x3b
 1673 01b1 0B       		.uleb128 0xb
 1674 01b2 49       		.uleb128 0x49
 1675 01b3 13       		.uleb128 0x13
 1676 01b4 3F       		.uleb128 0x3f
 1677 01b5 19       		.uleb128 0x19
 1678 01b6 02       		.uleb128 0x2
 1679 01b7 18       		.uleb128 0x18
 1680 01b8 00       		.byte	0
 1681 01b9 00       		.byte	0
 1682 01ba 1F       		.uleb128 0x1f
 1683 01bb 34       		.uleb128 0x34
 1684 01bc 00       		.byte	0
 1685 01bd 03       		.uleb128 0x3
 1686 01be 0E       		.uleb128 0xe
 1687 01bf 3A       		.uleb128 0x3a
 1688 01c0 0B       		.uleb128 0xb
 1689 01c1 3B       		.uleb128 0x3b
 1690 01c2 05       		.uleb128 0x5
 1691 01c3 49       		.uleb128 0x49
 1692 01c4 13       		.uleb128 0x13
 1693 01c5 3F       		.uleb128 0x3f
 1694 01c6 19       		.uleb128 0x19
 1695 01c7 3C       		.uleb128 0x3c
 1696 01c8 19       		.uleb128 0x19
 1697 01c9 00       		.byte	0
 1698 01ca 00       		.byte	0
 1699 01cb 20       		.uleb128 0x20
 1700 01cc 35       		.uleb128 0x35
 1701 01cd 00       		.byte	0
 1702 01ce 49       		.uleb128 0x49
 1703 01cf 13       		.uleb128 0x13
 1704 01d0 00       		.byte	0
 1705 01d1 00       		.byte	0
ARM GAS  C:\Users\Jona\AppData\Local\Temp\ccRi7dge.s 			page 35


 1706 01d2 21       		.uleb128 0x21
 1707 01d3 34       		.uleb128 0x34
 1708 01d4 00       		.byte	0
 1709 01d5 03       		.uleb128 0x3
 1710 01d6 08       		.uleb128 0x8
 1711 01d7 3A       		.uleb128 0x3a
 1712 01d8 0B       		.uleb128 0xb
 1713 01d9 3B       		.uleb128 0x3b
 1714 01da 0B       		.uleb128 0xb
 1715 01db 49       		.uleb128 0x49
 1716 01dc 13       		.uleb128 0x13
 1717 01dd 3F       		.uleb128 0x3f
 1718 01de 19       		.uleb128 0x19
 1719 01df 02       		.uleb128 0x2
 1720 01e0 18       		.uleb128 0x18
 1721 01e1 00       		.byte	0
 1722 01e2 00       		.byte	0
 1723 01e3 22       		.uleb128 0x22
 1724 01e4 2E       		.uleb128 0x2e
 1725 01e5 00       		.byte	0
 1726 01e6 3F       		.uleb128 0x3f
 1727 01e7 19       		.uleb128 0x19
 1728 01e8 3C       		.uleb128 0x3c
 1729 01e9 19       		.uleb128 0x19
 1730 01ea 6E       		.uleb128 0x6e
 1731 01eb 0E       		.uleb128 0xe
 1732 01ec 03       		.uleb128 0x3
 1733 01ed 0E       		.uleb128 0xe
 1734 01ee 3A       		.uleb128 0x3a
 1735 01ef 0B       		.uleb128 0xb
 1736 01f0 3B       		.uleb128 0x3b
 1737 01f1 0B       		.uleb128 0xb
 1738 01f2 00       		.byte	0
 1739 01f3 00       		.byte	0
 1740 01f4 00       		.byte	0
 1741              		.section	.debug_loc,"",%progbits
 1742              	.Ldebug_loc0:
 1743              	.LLST0:
 1744 0000 00000000 		.4byte	.LVL9
 1745 0004 0E000000 		.4byte	.LVL12
 1746 0008 0100     		.2byte	0x1
 1747 000a 50       		.byte	0x50
 1748 000b 0E000000 		.4byte	.LVL12
 1749 000f 12000000 		.4byte	.LVL14
 1750 0013 0100     		.2byte	0x1
 1751 0015 50       		.byte	0x50
 1752 0016 12000000 		.4byte	.LVL14
 1753 001a 14000000 		.4byte	.LVL15
 1754 001e 0400     		.2byte	0x4
 1755 0020 F3       		.byte	0xf3
 1756 0021 01       		.uleb128 0x1
 1757 0022 50       		.byte	0x50
 1758 0023 9F       		.byte	0x9f
 1759 0024 14000000 		.4byte	.LVL15
 1760 0028 18000000 		.4byte	.LFE67
 1761 002c 0100     		.2byte	0x1
 1762 002e 50       		.byte	0x50
ARM GAS  C:\Users\Jona\AppData\Local\Temp\ccRi7dge.s 			page 36


 1763 002f 00000000 		.4byte	0
 1764 0033 00000000 		.4byte	0
 1765              	.LLST1:
 1766 0037 00000000 		.4byte	.LVL9
 1767 003b 0C000000 		.4byte	.LVL11
 1768 003f 0100     		.2byte	0x1
 1769 0041 51       		.byte	0x51
 1770 0042 0C000000 		.4byte	.LVL11
 1771 0046 10000000 		.4byte	.LVL13
 1772 004a 0400     		.2byte	0x4
 1773 004c F3       		.byte	0xf3
 1774 004d 01       		.uleb128 0x1
 1775 004e 51       		.byte	0x51
 1776 004f 9F       		.byte	0x9f
 1777 0050 10000000 		.4byte	.LVL13
 1778 0054 18000000 		.4byte	.LFE67
 1779 0058 0100     		.2byte	0x1
 1780 005a 51       		.byte	0x51
 1781 005b 00000000 		.4byte	0
 1782 005f 00000000 		.4byte	0
 1783              	.LLST2:
 1784 0063 00000000 		.4byte	.LVL9
 1785 0067 06000000 		.4byte	.LVL10
 1786 006b 0100     		.2byte	0x1
 1787 006d 52       		.byte	0x52
 1788 006e 06000000 		.4byte	.LVL10
 1789 0072 10000000 		.4byte	.LVL13
 1790 0076 0400     		.2byte	0x4
 1791 0078 F3       		.byte	0xf3
 1792 0079 01       		.uleb128 0x1
 1793 007a 52       		.byte	0x52
 1794 007b 9F       		.byte	0x9f
 1795 007c 10000000 		.4byte	.LVL13
 1796 0080 14000000 		.4byte	.LVL15
 1797 0084 0100     		.2byte	0x1
 1798 0086 52       		.byte	0x52
 1799 0087 14000000 		.4byte	.LVL15
 1800 008b 18000000 		.4byte	.LFE67
 1801 008f 0400     		.2byte	0x4
 1802 0091 F3       		.byte	0xf3
 1803 0092 01       		.uleb128 0x1
 1804 0093 52       		.byte	0x52
 1805 0094 9F       		.byte	0x9f
 1806 0095 00000000 		.4byte	0
 1807 0099 00000000 		.4byte	0
 1808              	.LLST3:
 1809 009d 00000000 		.4byte	.LVL17
 1810 00a1 04000000 		.4byte	.LVL18
 1811 00a5 0200     		.2byte	0x2
 1812 00a7 30       		.byte	0x30
 1813 00a8 9F       		.byte	0x9f
 1814 00a9 04000000 		.4byte	.LVL18
 1815 00ad 0C000000 		.4byte	.LFE68
 1816 00b1 0100     		.2byte	0x1
 1817 00b3 53       		.byte	0x53
 1818 00b4 00000000 		.4byte	0
 1819 00b8 00000000 		.4byte	0
ARM GAS  C:\Users\Jona\AppData\Local\Temp\ccRi7dge.s 			page 37


 1820              	.LLST4:
 1821 00bc 00000000 		.4byte	.LVL52
 1822 00c0 06000000 		.4byte	.LVL54
 1823 00c4 0100     		.2byte	0x1
 1824 00c6 50       		.byte	0x50
 1825 00c7 06000000 		.4byte	.LVL54
 1826 00cb 16000000 		.4byte	.LFE70
 1827 00cf 0100     		.2byte	0x1
 1828 00d1 52       		.byte	0x52
 1829 00d2 00000000 		.4byte	0
 1830 00d6 00000000 		.4byte	0
 1831              	.LLST5:
 1832 00da 02000000 		.4byte	.LVL53
 1833 00de 08000000 		.4byte	.LVL55
 1834 00e2 0200     		.2byte	0x2
 1835 00e4 31       		.byte	0x31
 1836 00e5 9F       		.byte	0x9f
 1837 00e6 08000000 		.4byte	.LVL55
 1838 00ea 0C000000 		.4byte	.LVL56
 1839 00ee 0100     		.2byte	0x1
 1840 00f0 50       		.byte	0x50
 1841 00f1 0E000000 		.4byte	.LVL57
 1842 00f5 16000000 		.4byte	.LFE70
 1843 00f9 0100     		.2byte	0x1
 1844 00fb 50       		.byte	0x50
 1845 00fc 00000000 		.4byte	0
 1846 0100 00000000 		.4byte	0
 1847              	.LLST6:
 1848 0104 02000000 		.4byte	.LVL53
 1849 0108 08000000 		.4byte	.LVL55
 1850 010c 0200     		.2byte	0x2
 1851 010e 30       		.byte	0x30
 1852 010f 9F       		.byte	0x9f
 1853 0110 08000000 		.4byte	.LVL55
 1854 0114 16000000 		.4byte	.LFE70
 1855 0118 0100     		.2byte	0x1
 1856 011a 53       		.byte	0x53
 1857 011b 00000000 		.4byte	0
 1858 011f 00000000 		.4byte	0
 1859              		.section	.debug_aranges,"",%progbits
 1860 0000 4C000000 		.4byte	0x4c
 1861 0004 0200     		.2byte	0x2
 1862 0006 00000000 		.4byte	.Ldebug_info0
 1863 000a 04       		.byte	0x4
 1864 000b 00       		.byte	0
 1865 000c 0000     		.2byte	0
 1866 000e 0000     		.2byte	0
 1867 0010 00000000 		.4byte	.LFB64
 1868 0014 02000000 		.4byte	.LFE64-.LFB64
 1869 0018 00000000 		.4byte	.LFB65
 1870 001c 28000000 		.4byte	.LFE65-.LFB65
 1871 0020 00000000 		.4byte	.LFB67
 1872 0024 18000000 		.4byte	.LFE67-.LFB67
 1873 0028 00000000 		.4byte	.LFB68
 1874 002c 0C000000 		.4byte	.LFE68-.LFB68
 1875 0030 00000000 		.4byte	.LFB69
 1876 0034 4A000000 		.4byte	.LFE69-.LFB69
ARM GAS  C:\Users\Jona\AppData\Local\Temp\ccRi7dge.s 			page 38


 1877 0038 00000000 		.4byte	.LFB66
 1878 003c B4000000 		.4byte	.LFE66-.LFB66
 1879 0040 00000000 		.4byte	.LFB70
 1880 0044 16000000 		.4byte	.LFE70-.LFB70
 1881 0048 00000000 		.4byte	0
 1882 004c 00000000 		.4byte	0
 1883              		.section	.debug_ranges,"",%progbits
 1884              	.Ldebug_ranges0:
 1885 0000 02000000 		.4byte	.LBB3
 1886 0004 04000000 		.4byte	.LBE3
 1887 0008 06000000 		.4byte	.LBB4
 1888 000c 14000000 		.4byte	.LBE4
 1889 0010 00000000 		.4byte	0
 1890 0014 00000000 		.4byte	0
 1891 0018 00000000 		.4byte	.LFB64
 1892 001c 02000000 		.4byte	.LFE64
 1893 0020 00000000 		.4byte	.LFB65
 1894 0024 28000000 		.4byte	.LFE65
 1895 0028 00000000 		.4byte	.LFB67
 1896 002c 18000000 		.4byte	.LFE67
 1897 0030 00000000 		.4byte	.LFB68
 1898 0034 0C000000 		.4byte	.LFE68
 1899 0038 00000000 		.4byte	.LFB69
 1900 003c 4A000000 		.4byte	.LFE69
 1901 0040 00000000 		.4byte	.LFB66
 1902 0044 B4000000 		.4byte	.LFE66
 1903 0048 00000000 		.4byte	.LFB70
 1904 004c 16000000 		.4byte	.LFE70
 1905 0050 00000000 		.4byte	0
 1906 0054 00000000 		.4byte	0
 1907              		.section	.debug_line,"",%progbits
 1908              	.Ldebug_line0:
 1909 0000 41030000 		.section	.debug_str,"MS",%progbits,1
 1909      02007202 
 1909      00000201 
 1909      FB0E0D00 
 1909      01010101 
 1910              	.LASF13:
 1911 0000 666C6F61 		.ascii	"float\000"
 1911      7400
 1912              	.LASF40:
 1913 0006 4144435F 		.ascii	"ADC_IR_Start\000"
 1913      49525F53 
 1913      74617274 
 1913      00
 1914              	.LASF45:
 1915 0013 426C6556 		.ascii	"BleVDAC_Start\000"
 1915      4441435F 
 1915      53746172 
 1915      7400
 1916              	.LASF19:
 1917 0021 67657461 		.ascii	"getal\000"
 1917      6C00
 1918              	.LASF65:
 1919 0027 50726F63 		.ascii	"ProcessCommandMsg\000"
 1919      65737343 
 1919      6F6D6D61 
ARM GAS  C:\Users\Jona\AppData\Local\Temp\ccRi7dge.s 			page 39


 1919      6E644D73 
 1919      6700
 1920              	.LASF23:
 1921 0039 74656C50 		.ascii	"telProcedure\000"
 1921      726F6365 
 1921      64757265 
 1921      00
 1922              	.LASF73:
 1923 0046 53776974 		.ascii	"SwitchMotorEN\000"
 1923      63684D6F 
 1923      746F7245 
 1923      4E00
 1924              	.LASF58:
 1925 0054 53656E64 		.ascii	"SendBleDataISR_StartEx\000"
 1925      426C6544 
 1925      61746149 
 1925      53525F53 
 1925      74617274 
 1926              	.LASF17:
 1927 006b 73697A65 		.ascii	"sizetype\000"
 1927      74797065 
 1927      00
 1928              	.LASF38:
 1929 0074 61766755 		.ascii	"avgUS3\000"
 1929      533300
 1930              	.LASF41:
 1931 007b 4144435F 		.ascii	"ADC_IR_StartConvert\000"
 1931      49525F53 
 1931      74617274 
 1931      436F6E76 
 1931      65727400 
 1932              	.LASF33:
 1933 008f 49524472 		.ascii	"IRDrempel\000"
 1933      656D7065 
 1933      6C00
 1934              	.LASF43:
 1935 0099 4D6F746F 		.ascii	"MotorControl_Start\000"
 1935      72436F6E 
 1935      74726F6C 
 1935      5F537461 
 1935      727400
 1936              	.LASF74:
 1937 00ac 6D61696E 		.ascii	"main\000"
 1937      00
 1938              	.LASF21:
 1939 00b1 7072696E 		.ascii	"printBINopLCD\000"
 1939      7442494E 
 1939      6F704C43 
 1939      4400
 1940              	.LASF2:
 1941 00bf 73686F72 		.ascii	"short int\000"
 1941      7420696E 
 1941      7400
 1942              	.LASF22:
 1943 00c9 76616C75 		.ascii	"value\000"
 1943      6500
 1944              	.LASF44:
ARM GAS  C:\Users\Jona\AppData\Local\Temp\ccRi7dge.s 			page 40


 1945 00cf 54696D65 		.ascii	"TimerUS_Start\000"
 1945      7255535F 
 1945      53746172 
 1945      7400
 1946              	.LASF12:
 1947 00dd 75696E74 		.ascii	"uint16\000"
 1947      313600
 1948              	.LASF36:
 1949 00e4 61766755 		.ascii	"avgUS1\000"
 1949      533100
 1950              	.LASF37:
 1951 00eb 61766755 		.ascii	"avgUS2\000"
 1951      533200
 1952              	.LASF64:
 1953 00f2 47657452 		.ascii	"GetRxStr\000"
 1953      78537472 
 1953      00
 1954              	.LASF11:
 1955 00fb 75696E74 		.ascii	"uint8\000"
 1955      3800
 1956              	.LASF67:
 1957 0101 4C43445F 		.ascii	"LCD_PrintInt16\000"
 1957      5072696E 
 1957      74496E74 
 1957      313600
 1958              	.LASF25:
 1959 0110 6578706F 		.ascii	"exponent\000"
 1959      6E656E74 
 1959      00
 1960              	.LASF29:
 1961 0119 7374724D 		.ascii	"strMsg1\000"
 1961      73673100 
 1962              	.LASF59:
 1963 0121 4D6F746F 		.ascii	"MotorControl_WriteCompare1\000"
 1963      72436F6E 
 1963      74726F6C 
 1963      5F577269 
 1963      7465436F 
 1964              	.LASF60:
 1965 013c 4D6F746F 		.ascii	"MotorControl_WriteCompare2\000"
 1965      72436F6E 
 1965      74726F6C 
 1965      5F577269 
 1965      7465436F 
 1966              	.LASF55:
 1967 0157 72656164 		.ascii	"readIRSensors_StartEx\000"
 1967      49525365 
 1967      6E736F72 
 1967      735F5374 
 1967      61727445 
 1968              	.LASF49:
 1969 016d 4C454431 		.ascii	"LED1_Write\000"
 1969      5F577269 
 1969      746500
 1970              	.LASF6:
 1971 0178 6C6F6E67 		.ascii	"long long int\000"
 1971      206C6F6E 
ARM GAS  C:\Users\Jona\AppData\Local\Temp\ccRi7dge.s 			page 41


 1971      6720696E 
 1971      7400
 1972              	.LASF62:
 1973 0186 454E425F 		.ascii	"ENB_Write\000"
 1973      57726974 
 1973      6500
 1974              	.LASF34:
 1975 0190 6D656469 		.ascii	"mediaan\000"
 1975      61616E00 
 1976              	.LASF32:
 1977 0198 49525761 		.ascii	"IRWaarden\000"
 1977      61726465 
 1977      6E00
 1978              	.LASF4:
 1979 01a2 6C6F6E67 		.ascii	"long int\000"
 1979      20696E74 
 1979      00
 1980              	.LASF52:
 1981 01ab 4C454433 		.ascii	"LED3_Write\000"
 1981      5F577269 
 1981      746500
 1982              	.LASF1:
 1983 01b6 756E7369 		.ascii	"unsigned char\000"
 1983      676E6564 
 1983      20636861 
 1983      7200
 1984              	.LASF35:
 1985 01c4 73656C65 		.ascii	"selectUS\000"
 1985      63745553 
 1985      00
 1986              	.LASF42:
 1987 01cd 4C43445F 		.ascii	"LCD_Start\000"
 1987      53746172 
 1987      7400
 1988              	.LASF16:
 1989 01d7 6C6F6E67 		.ascii	"long double\000"
 1989      20646F75 
 1989      626C6500 
 1990              	.LASF27:
 1991 01e3 746D7057 		.ascii	"tmpWaarde\000"
 1991      61617264 
 1991      6500
 1992              	.LASF54:
 1993 01ed 4C454435 		.ascii	"LED5_Write\000"
 1993      5F577269 
 1993      746500
 1994              	.LASF57:
 1995 01f8 426C6552 		.ascii	"BleRxISR_StartEx\000"
 1995      78495352 
 1995      5F537461 
 1995      72744578 
 1995      00
 1996              	.LASF0:
 1997 0209 7369676E 		.ascii	"signed char\000"
 1997      65642063 
 1997      68617200 
 1998              	.LASF7:
ARM GAS  C:\Users\Jona\AppData\Local\Temp\ccRi7dge.s 			page 42


 1999 0215 6C6F6E67 		.ascii	"long long unsigned int\000"
 1999      206C6F6E 
 1999      6720756E 
 1999      7369676E 
 1999      65642069 
 2000              	.LASF71:
 2001 022c 54527842 		.ascii	"TRxBuffer\000"
 2001      75666665 
 2001      7200
 2002              	.LASF8:
 2003 0236 756E7369 		.ascii	"unsigned int\000"
 2003      676E6564 
 2003      20696E74 
 2003      00
 2004              	.LASF48:
 2005 0243 73656E64 		.ascii	"sendBleDataTimer_Start\000"
 2005      426C6544 
 2005      61746154 
 2005      696D6572 
 2005      5F537461 
 2006              	.LASF20:
 2007 025a 696E6974 		.ascii	"initFirmwire\000"
 2007      4669726D 
 2007      77697265 
 2007      00
 2008              	.LASF3:
 2009 0267 73686F72 		.ascii	"short unsigned int\000"
 2009      7420756E 
 2009      7369676E 
 2009      65642069 
 2009      6E7400
 2010              	.LASF47:
 2011 027a 426C6555 		.ascii	"BleUart_Start\000"
 2011      6172745F 
 2011      53746172 
 2011      7400
 2012              	.LASF18:
 2013 0288 76616C73 		.ascii	"valstr\000"
 2013      747200
 2014              	.LASF15:
 2015 028f 63686172 		.ascii	"char\000"
 2015      00
 2016              	.LASF26:
 2017 0294 67726F6E 		.ascii	"grondgetal\000"
 2017      64676574 
 2017      616C00
 2018              	.LASF10:
 2019 029f 696E7433 		.ascii	"int32_t\000"
 2019      325F7400 
 2020              	.LASF63:
 2021 02a7 49734368 		.ascii	"IsCharReady\000"
 2021      61725265 
 2021      61647900 
 2022              	.LASF46:
 2023 02b3 426C6542 		.ascii	"BleBuffer_Start\000"
 2023      75666665 
 2023      725F5374 
ARM GAS  C:\Users\Jona\AppData\Local\Temp\ccRi7dge.s 			page 43


 2023      61727400 
 2024              	.LASF28:
 2025 02c3 68657861 		.ascii	"hexaDecBuffer\000"
 2025      44656342 
 2025      75666665 
 2025      7200
 2026              	.LASF72:
 2027 02d1 52785374 		.ascii	"RxStr\000"
 2027      7200
 2028              	.LASF70:
 2029 02d7 433A5C55 		.ascii	"C:\\Users\\Jona\\Documents\\GitHub\\RobotComp2ELO\\"
 2029      73657273 
 2029      5C4A6F6E 
 2029      615C446F 
 2029      63756D65 
 2030 0304 536F6674 		.ascii	"Software\\PSoc\\Roadster\\Roadster\\Roadster1.0.cyd"
 2030      77617265 
 2030      5C50536F 
 2030      635C526F 
 2030      61647374 
 2031 0333 736E00   		.ascii	"sn\000"
 2032              	.LASF69:
 2033 0336 6D61696E 		.ascii	"main.c\000"
 2033      2E6300
 2034              	.LASF5:
 2035 033d 6C6F6E67 		.ascii	"long unsigned int\000"
 2035      20756E73 
 2035      69676E65 
 2035      6420696E 
 2035      7400
 2036              	.LASF14:
 2037 034f 646F7562 		.ascii	"double\000"
 2037      6C6500
 2038              	.LASF61:
 2039 0356 454E415F 		.ascii	"ENA_Write\000"
 2039      57726974 
 2039      6500
 2040              	.LASF24:
 2041 0360 74656C54 		.ascii	"telTot\000"
 2041      6F7400
 2042              	.LASF9:
 2043 0367 5F5F696E 		.ascii	"__int32_t\000"
 2043      7433325F 
 2043      7400
 2044              	.LASF51:
 2045 0371 4C454432 		.ascii	"LED2_Write\000"
 2045      5F577269 
 2045      746500
 2046              	.LASF66:
 2047 037c 4C43445F 		.ascii	"LCD_Position\000"
 2047      506F7369 
 2047      74696F6E 
 2047      00
 2048              	.LASF56:
 2049 0389 456E4D6F 		.ascii	"EnMotorISR_StartEx\000"
 2049      746F7249 
 2049      53525F53 
ARM GAS  C:\Users\Jona\AppData\Local\Temp\ccRi7dge.s 			page 44


 2049      74617274 
 2049      457800
 2050              	.LASF39:
 2051 039c 49544D5F 		.ascii	"ITM_RxBuffer\000"
 2051      52784275 
 2051      66666572 
 2051      00
 2052              	.LASF68:
 2053 03a9 474E5520 		.ascii	"GNU C11 5.4.1 20160609 (release) [ARM/embedded-5-br"
 2053      43313120 
 2053      352E342E 
 2053      31203230 
 2053      31363036 
 2054 03dc 616E6368 		.ascii	"anch revision 237715] -mcpu=cortex-m3 -mthumb -g -O"
 2054      20726576 
 2054      6973696F 
 2054      6E203233 
 2054      37373135 
 2055 040f 67202D66 		.ascii	"g -ffunction-sections -ffat-lto-objects\000"
 2055      66756E63 
 2055      74696F6E 
 2055      2D736563 
 2055      74696F6E 
 2056              	.LASF30:
 2057 0437 70776D4D 		.ascii	"pwmMotorLinks\000"
 2057      6F746F72 
 2057      4C696E6B 
 2057      7300
 2058              	.LASF50:
 2059 0445 43794465 		.ascii	"CyDelay\000"
 2059      6C617900 
 2060              	.LASF53:
 2061 044d 4C454434 		.ascii	"LED4_Write\000"
 2061      5F577269 
 2061      746500
 2062              	.LASF31:
 2063 0458 70776D4D 		.ascii	"pwmMotorRechts\000"
 2063      6F746F72 
 2063      52656368 
 2063      747300
 2064              		.ident	"GCC: (GNU Tools for ARM Embedded Processors) 5.4.1 20160609 (release) [ARM/embedded-5-bran
