ARM GAS  C:\Users\BASILE~1.BER\AppData\Local\Temp\ccCtg7HF.s 			page 1


   1              		.syntax unified
   2              		.cpu cortex-m3
   3              		.fpu softvfp
   4              		.eabi_attribute 20, 1
   5              		.eabi_attribute 21, 1
   6              		.eabi_attribute 23, 3
   7              		.eabi_attribute 24, 1
   8              		.eabi_attribute 25, 1
   9              		.eabi_attribute 26, 1
  10              		.eabi_attribute 30, 1
  11              		.eabi_attribute 34, 1
  12              		.eabi_attribute 18, 4
  13              		.thumb
  14              		.syntax unified
  15              		.file	"myUART.c"
  16              		.text
  17              	.Ltext0:
  18              		.cfi_sections	.debug_frame
  19              		.section	.text.MyRxInt,"ax",%progbits
  20              		.align	2
  21              		.global	MyRxInt
  22              		.thumb
  23              		.thumb_func
  24              		.type	MyRxInt, %function
  25              	MyRxInt:
  26              	.LFB63:
  27              		.file 1 "myUART.c"
   1:myUART.c      **** /* ==================================================
   2:myUART.c      ****  * Followed by project posted by 
   3:myUART.c      ****  * Bob Marlowe TxRx20
   4:myUART.c      ****  * http://www.cypress.com/?app=forum&id=2233&rID=63901
   5:myUART.c      **** 
   6:myUART.c      ****  * Provided As-is, without any warranties to perform
   7:myUART.c      ****  * under license terms CREATIVE COMMONS - SHARE ALIKE
   8:myUART.c      ****  *
   9:myUART.c      ****  * ==================================================
  10:myUART.c      **** */
  11:myUART.c      **** 
  12:myUART.c      ****     
  13:myUART.c      **** #include "myUART.h"
  14:myUART.c      **** 
  15:myUART.c      **** 
  16:myUART.c      **** // defines ==================================================================
  17:myUART.c      **** 
  18:myUART.c      **** 
  19:myUART.c      **** uint8	RxBuffer[RxBufferSize];     // Rx circular buffer to hold all incoming command
  20:myUART.c      **** uint8  *RxReadIndex	 = RxBuffer;    // pointer to position in RxBuffer to write incoming Rx bytes
  21:myUART.c      **** uint8  *RxWriteIndex = RxBuffer;    // pointer to position in RxBuffer to read and process bytes
  22:myUART.c      **** 
  23:myUART.c      **** 
  24:myUART.c      **** char   *RxStrIndex = RB.RxStr;      // pointer to command string buffer (processed messages)
  25:myUART.c      ****                                     // each Rx command consists of: <byte command><string value><CR
  26:myUART.c      **** 
  27:myUART.c      **** //===========================================================================
  28:myUART.c      **** 
  29:myUART.c      **** CY_ISR(MyRxInt) //interrupt on Rx byte received
  30:myUART.c      **** {   
ARM GAS  C:\Users\BASILE~1.BER\AppData\Local\Temp\ccCtg7HF.s 			page 2


  28              		.loc 1 30 0
  29              		.cfi_startproc
  30              		@ args = 0, pretend = 0, frame = 0
  31              		@ frame_needed = 0, uses_anonymous_args = 0
  32 0000 08B5     		push	{r3, lr}
  33              		.cfi_def_cfa_offset 8
  34              		.cfi_offset 3, -8
  35              		.cfi_offset 14, -4
  31:myUART.c      ****     //move all available characters from Rx queue to RxBuffer
  32:myUART.c      ****     while(BleUart_ReadRxStatus() & BleUart_RX_STS_FIFO_NOTEMPTY)
  36              		.loc 1 32 0
  37 0002 0EE0     		b	.L3
  38              	.L4:
  39              	.LBB2:
  33:myUART.c      **** 	{
  34:myUART.c      ****         char readData =  BleUart_ReadRxData();
  40              		.loc 1 34 0
  41 0004 FFF7FEFF 		bl	BleUart_ReadRxData
  42              	.LVL0:
  35:myUART.c      ****         
  36:myUART.c      **** 		*RxWriteIndex++ = readData;
  43              		.loc 1 36 0
  44 0008 094B     		ldr	r3, .L6
  45 000a 1A68     		ldr	r2, [r3]
  46 000c 511C     		adds	r1, r2, #1
  47 000e 1960     		str	r1, [r3]
  48 0010 1070     		strb	r0, [r2]
  37:myUART.c      **** 		if (RxWriteIndex >= RxBuffer + RxBufferSize) RxWriteIndex = RxBuffer;      
  49              		.loc 1 37 0
  50 0012 1A68     		ldr	r2, [r3]
  51 0014 074B     		ldr	r3, .L6+4
  52 0016 9A42     		cmp	r2, r3
  53 0018 03D3     		bcc	.L3
  54              		.loc 1 37 0 is_stmt 0 discriminator 1
  55 001a A3F18002 		sub	r2, r3, #128
  56 001e 044B     		ldr	r3, .L6
  57 0020 1A60     		str	r2, [r3]
  58              	.LVL1:
  59              	.L3:
  60              	.LBE2:
  32:myUART.c      **** 	{
  61              		.loc 1 32 0 is_stmt 1
  62 0022 FFF7FEFF 		bl	BleUart_ReadRxStatus
  63              	.LVL2:
  64 0026 10F0200F 		tst	r0, #32
  65 002a EBD1     		bne	.L4
  38:myUART.c      **** 	}   
  39:myUART.c      **** }
  66              		.loc 1 39 0
  67 002c 08BD     		pop	{r3, pc}
  68              	.L7:
  69 002e 00BF     		.align	2
  70              	.L6:
  71 0030 00000000 		.word	.LANCHOR0
  72 0034 80000000 		.word	RxBuffer+128
  73              		.cfi_endproc
  74              	.LFE63:
ARM GAS  C:\Users\BASILE~1.BER\AppData\Local\Temp\ccCtg7HF.s 			page 3


  75              		.size	MyRxInt, .-MyRxInt
  76              		.section	.text.IsCharReady,"ax",%progbits
  77              		.align	2
  78              		.global	IsCharReady
  79              		.thumb
  80              		.thumb_func
  81              		.type	IsCharReady, %function
  82              	IsCharReady:
  83              	.LFB64:
  40:myUART.c      **** 
  41:myUART.c      **** //===========================================================================
  42:myUART.c      **** uint8 IsCharReady(void) 
  43:myUART.c      **** {
  84              		.loc 1 43 0
  85              		.cfi_startproc
  86              		@ args = 0, pretend = 0, frame = 0
  87              		@ frame_needed = 0, uses_anonymous_args = 0
  88              		@ link register save eliminated.
  44:myUART.c      **** 	return !(RxWriteIndex == RxReadIndex);
  89              		.loc 1 44 0
  90 0000 034B     		ldr	r3, .L9
  91 0002 1868     		ldr	r0, [r3]
  92 0004 5B68     		ldr	r3, [r3, #4]
  45:myUART.c      **** }
  93              		.loc 1 45 0
  94 0006 C01A     		subs	r0, r0, r3
  95 0008 18BF     		it	ne
  96 000a 0120     		movne	r0, #1
  97 000c 7047     		bx	lr
  98              	.L10:
  99 000e 00BF     		.align	2
 100              	.L9:
 101 0010 00000000 		.word	.LANCHOR0
 102              		.cfi_endproc
 103              	.LFE64:
 104              		.size	IsCharReady, .-IsCharReady
 105              		.section	.text.GetRxStr,"ax",%progbits
 106              		.align	2
 107              		.global	GetRxStr
 108              		.thumb
 109              		.thumb_func
 110              		.type	GetRxStr, %function
 111              	GetRxStr:
 112              	.LFB65:
  46:myUART.c      **** 
  47:myUART.c      **** //===========================================================================
  48:myUART.c      **** 
  49:myUART.c      **** uint8 GetRxStr(void)
  50:myUART.c      **** {
 113              		.loc 1 50 0
 114              		.cfi_startproc
 115              		@ args = 0, pretend = 0, frame = 0
 116              		@ frame_needed = 0, uses_anonymous_args = 0
 117              		@ link register save eliminated.
 118              	.LVL3:
  51:myUART.c      ****     uint8 RxStr_flag = 0;
  52:myUART.c      ****     static uint8 Ch;//static?
ARM GAS  C:\Users\BASILE~1.BER\AppData\Local\Temp\ccCtg7HF.s 			page 4


  53:myUART.c      ****    
  54:myUART.c      **** 	Ch = *RxReadIndex++;       //read next char in buffer
 119              		.loc 1 54 0
 120 0000 1049     		ldr	r1, .L17
 121 0002 4B68     		ldr	r3, [r1, #4]
 122 0004 5A1C     		adds	r2, r3, #1
 123 0006 4A60     		str	r2, [r1, #4]
 124 0008 1B78     		ldrb	r3, [r3]	@ zero_extendqisi2
  55:myUART.c      ****     if (RxReadIndex >= RxBuffer + RxBufferSize) RxReadIndex = RxBuffer;
 125              		.loc 1 55 0
 126 000a 0F49     		ldr	r1, .L17+4
 127 000c 8A42     		cmp	r2, r1
 128 000e 02D3     		bcc	.L12
 129              		.loc 1 55 0 is_stmt 0 discriminator 1
 130 0010 8039     		subs	r1, r1, #128
 131 0012 0C4A     		ldr	r2, .L17
 132 0014 5160     		str	r1, [r2, #4]
 133              	.L12:
  56:myUART.c      ****             
  57:myUART.c      ****     //if (Ch == EOM_char)
  58:myUART.c      ****     if ( (Ch == EOM_CR) || (Ch == EOM_LF) ) //any standard terminator
 134              		.loc 1 58 0 is_stmt 1
 135 0016 0D2B     		cmp	r3, #13
 136 0018 01D0     		beq	.L13
 137              		.loc 1 58 0 is_stmt 0 discriminator 1
 138 001a 0A2B     		cmp	r3, #10
 139 001c 09D1     		bne	.L14
 140              	.L13:
  59:myUART.c      ****     {
  60:myUART.c      ****         *RxStrIndex = 0;        //terminate string excluding EOM_char
 141              		.loc 1 60 0 is_stmt 1
 142 001e 094A     		ldr	r2, .L17
 143 0020 9368     		ldr	r3, [r2, #8]
 144 0022 0021     		movs	r1, #0
 145 0024 1970     		strb	r1, [r3]
  61:myUART.c      ****         RxStrIndex = RB.RxStr;  //reset pointer
 146              		.loc 1 61 0
 147 0026 094B     		ldr	r3, .L17+8
 148 0028 9360     		str	r3, [r2, #8]
  62:myUART.c      ****         if (strlen(RB.RxStr) > 0)//non-empty message received
 149              		.loc 1 62 0
 150 002a 1B78     		ldrb	r3, [r3]	@ zero_extendqisi2
 151 002c 43B9     		cbnz	r3, .L16
  51:myUART.c      ****     static uint8 Ch;//static?
 152              		.loc 1 51 0
 153 002e 0846     		mov	r0, r1
 154 0030 7047     		bx	lr
 155              	.L14:
  63:myUART.c      ****         {
  64:myUART.c      ****             RxStr_flag  = 1;    //set flag to process message
  65:myUART.c      ****         }   
  66:myUART.c      ****     }
  67:myUART.c      ****     else                        //string body char received
  68:myUART.c      ****     {
  69:myUART.c      ****         *RxStrIndex++ = Ch;     //build command message   
 156              		.loc 1 69 0
 157 0032 0449     		ldr	r1, .L17
ARM GAS  C:\Users\BASILE~1.BER\AppData\Local\Temp\ccCtg7HF.s 			page 5


 158 0034 8A68     		ldr	r2, [r1, #8]
 159 0036 501C     		adds	r0, r2, #1
 160 0038 8860     		str	r0, [r1, #8]
 161 003a 1370     		strb	r3, [r2]
  51:myUART.c      ****     static uint8 Ch;//static?
 162              		.loc 1 51 0
 163 003c 0020     		movs	r0, #0
 164 003e 7047     		bx	lr
 165              	.L16:
  64:myUART.c      ****         }   
 166              		.loc 1 64 0
 167 0040 0120     		movs	r0, #1
 168              	.LVL4:
  70:myUART.c      ****         //todo: problem if first char is empty space
  71:myUART.c      ****     }   
  72:myUART.c      **** 
  73:myUART.c      ****     return RxStr_flag;        
  74:myUART.c      **** }
 169              		.loc 1 74 0
 170 0042 7047     		bx	lr
 171              	.L18:
 172              		.align	2
 173              	.L17:
 174 0044 00000000 		.word	.LANCHOR0
 175 0048 80000000 		.word	RxBuffer+128
 176 004c 00000000 		.word	RB
 177              		.cfi_endproc
 178              	.LFE65:
 179              		.size	GetRxStr, .-GetRxStr
 180              		.global	RxStrIndex
 181              		.global	RxWriteIndex
 182              		.global	RxReadIndex
 183              		.comm	RxBuffer,128,4
 184              		.comm	RB,20,4
 185              		.data
 186              		.align	2
 187              		.set	.LANCHOR0,. + 0
 188              		.type	RxWriteIndex, %object
 189              		.size	RxWriteIndex, 4
 190              	RxWriteIndex:
 191 0000 00000000 		.word	RxBuffer
 192              		.type	RxReadIndex, %object
 193              		.size	RxReadIndex, 4
 194              	RxReadIndex:
 195 0004 00000000 		.word	RxBuffer
 196              		.type	RxStrIndex, %object
 197              		.size	RxStrIndex, 4
 198              	RxStrIndex:
 199 0008 00000000 		.word	RB
 200              		.text
 201              	.Letext0:
 202              		.file 2 "c:\\program files (x86)\\cypress\\psoc creator\\4.2\\psoc creator\\import\\gnu\\arm\\5.4.
 203              		.file 3 "c:\\program files (x86)\\cypress\\psoc creator\\4.2\\psoc creator\\import\\gnu\\arm\\5.4.
 204              		.file 4 "Generated_Source\\PSoC5/cytypes.h"
 205              		.file 5 "Generated_Source\\PSoC5/core_cm3.h"
 206              		.file 6 "Generated_Source\\PSoC5/BleUart.h"
 207              		.file 7 "myUART.h"
ARM GAS  C:\Users\BASILE~1.BER\AppData\Local\Temp\ccCtg7HF.s 			page 6


 208              		.section	.debug_info,"",%progbits
 209              	.Ldebug_info0:
 210 0000 2F020000 		.4byte	0x22f
 211 0004 0400     		.2byte	0x4
 212 0006 00000000 		.4byte	.Ldebug_abbrev0
 213 000a 04       		.byte	0x4
 214 000b 01       		.uleb128 0x1
 215 000c 42010000 		.4byte	.LASF27
 216 0010 0C       		.byte	0xc
 217 0011 66020000 		.4byte	.LASF28
 218 0015 93000000 		.4byte	.LASF29
 219 0019 00000000 		.4byte	.Ldebug_ranges0+0
 220 001d 00000000 		.4byte	0
 221 0021 00000000 		.4byte	.Ldebug_line0
 222 0025 02       		.uleb128 0x2
 223 0026 01       		.byte	0x1
 224 0027 06       		.byte	0x6
 225 0028 39020000 		.4byte	.LASF0
 226 002c 02       		.uleb128 0x2
 227 002d 01       		.byte	0x1
 228 002e 08       		.byte	0x8
 229 002f 55000000 		.4byte	.LASF1
 230 0033 02       		.uleb128 0x2
 231 0034 02       		.byte	0x2
 232 0035 05       		.byte	0x5
 233 0036 14020000 		.4byte	.LASF2
 234 003a 02       		.uleb128 0x2
 235 003b 02       		.byte	0x2
 236 003c 07       		.byte	0x7
 237 003d 80000000 		.4byte	.LASF3
 238 0041 03       		.uleb128 0x3
 239 0042 0D000000 		.4byte	.LASF9
 240 0046 02       		.byte	0x2
 241 0047 3F       		.byte	0x3f
 242 0048 4C000000 		.4byte	0x4c
 243 004c 02       		.uleb128 0x2
 244 004d 04       		.byte	0x4
 245 004e 05       		.byte	0x5
 246 004f 24020000 		.4byte	.LASF4
 247 0053 02       		.uleb128 0x2
 248 0054 04       		.byte	0x4
 249 0055 07       		.byte	0x7
 250 0056 6E000000 		.4byte	.LASF5
 251 005a 02       		.uleb128 0x2
 252 005b 08       		.byte	0x8
 253 005c 05       		.byte	0x5
 254 005d 01020000 		.4byte	.LASF6
 255 0061 02       		.uleb128 0x2
 256 0062 08       		.byte	0x8
 257 0063 07       		.byte	0x7
 258 0064 2B010000 		.4byte	.LASF7
 259 0068 04       		.uleb128 0x4
 260 0069 04       		.byte	0x4
 261 006a 05       		.byte	0x5
 262 006b 696E7400 		.ascii	"int\000"
 263 006f 02       		.uleb128 0x2
 264 0070 04       		.byte	0x4
ARM GAS  C:\Users\BASILE~1.BER\AppData\Local\Temp\ccCtg7HF.s 			page 7


 265 0071 07       		.byte	0x7
 266 0072 1E010000 		.4byte	.LASF8
 267 0076 03       		.uleb128 0x3
 268 0077 2E000000 		.4byte	.LASF10
 269 007b 03       		.byte	0x3
 270 007c 2C       		.byte	0x2c
 271 007d 41000000 		.4byte	0x41
 272 0081 05       		.uleb128 0x5
 273 0082 1E020000 		.4byte	.LASF11
 274 0086 04       		.byte	0x4
 275 0087 E401     		.2byte	0x1e4
 276 0089 2C000000 		.4byte	0x2c
 277 008d 02       		.uleb128 0x2
 278 008e 04       		.byte	0x4
 279 008f 04       		.byte	0x4
 280 0090 46000000 		.4byte	.LASF12
 281 0094 02       		.uleb128 0x2
 282 0095 08       		.byte	0x8
 283 0096 04       		.byte	0x4
 284 0097 0B010000 		.4byte	.LASF13
 285 009b 02       		.uleb128 0x2
 286 009c 01       		.byte	0x1
 287 009d 08       		.byte	0x8
 288 009e 0F020000 		.4byte	.LASF14
 289 00a2 02       		.uleb128 0x2
 290 00a3 08       		.byte	0x8
 291 00a4 04       		.byte	0x4
 292 00a5 2D020000 		.4byte	.LASF15
 293 00a9 02       		.uleb128 0x2
 294 00aa 04       		.byte	0x4
 295 00ab 07       		.byte	0x7
 296 00ac E3010000 		.4byte	.LASF16
 297 00b0 06       		.uleb128 0x6
 298 00b1 04       		.byte	0x4
 299 00b2 9B000000 		.4byte	0x9b
 300 00b6 07       		.uleb128 0x7
 301 00b7 14       		.byte	0x14
 302 00b8 07       		.byte	0x7
 303 00b9 23       		.byte	0x23
 304 00ba D7000000 		.4byte	0xd7
 305 00be 08       		.uleb128 0x8
 306 00bf 636D6400 		.ascii	"cmd\000"
 307 00c3 07       		.byte	0x7
 308 00c4 24       		.byte	0x24
 309 00c5 9B000000 		.4byte	0x9b
 310 00c9 00       		.byte	0
 311 00ca 09       		.uleb128 0x9
 312 00cb 5F020000 		.4byte	.LASF17
 313 00cf 07       		.byte	0x7
 314 00d0 25       		.byte	0x25
 315 00d1 D7000000 		.4byte	0xd7
 316 00d5 01       		.byte	0x1
 317 00d6 00       		.byte	0
 318 00d7 0A       		.uleb128 0xa
 319 00d8 9B000000 		.4byte	0x9b
 320 00dc E7000000 		.4byte	0xe7
 321 00e0 0B       		.uleb128 0xb
ARM GAS  C:\Users\BASILE~1.BER\AppData\Local\Temp\ccCtg7HF.s 			page 8


 322 00e1 A9000000 		.4byte	0xa9
 323 00e5 12       		.byte	0x12
 324 00e6 00       		.byte	0
 325 00e7 0C       		.uleb128 0xc
 326 00e8 3C000000 		.4byte	.LASF30
 327 00ec 14       		.byte	0x14
 328 00ed 07       		.byte	0x7
 329 00ee 21       		.byte	0x21
 330 00ef 04010000 		.4byte	0x104
 331 00f3 0D       		.uleb128 0xd
 332 00f4 36000000 		.4byte	.LASF31
 333 00f8 07       		.byte	0x7
 334 00f9 22       		.byte	0x22
 335 00fa 04010000 		.4byte	0x104
 336 00fe 0E       		.uleb128 0xe
 337 00ff B6000000 		.4byte	0xb6
 338 0103 00       		.byte	0
 339 0104 0A       		.uleb128 0xa
 340 0105 9B000000 		.4byte	0x9b
 341 0109 14010000 		.4byte	0x114
 342 010d 0B       		.uleb128 0xb
 343 010e A9000000 		.4byte	0xa9
 344 0112 13       		.byte	0x13
 345 0113 00       		.byte	0
 346 0114 0F       		.uleb128 0xf
 347 0115 4E020000 		.4byte	.LASF32
 348 0119 01       		.byte	0x1
 349 011a 1D       		.byte	0x1d
 350 011b 00000000 		.4byte	.LFB63
 351 011f 38000000 		.4byte	.LFE63-.LFB63
 352 0123 01       		.uleb128 0x1
 353 0124 9C       		.byte	0x9c
 354 0125 59010000 		.4byte	0x159
 355 0129 10       		.uleb128 0x10
 356 012a 04000000 		.4byte	.LBB2
 357 012e 1E000000 		.4byte	.LBE2-.LBB2
 358 0132 4F010000 		.4byte	0x14f
 359 0136 11       		.uleb128 0x11
 360 0137 45020000 		.4byte	.LASF18
 361 013b 01       		.byte	0x1
 362 013c 22       		.byte	0x22
 363 013d 9B000000 		.4byte	0x9b
 364 0141 00000000 		.4byte	.LLST0
 365 0145 12       		.uleb128 0x12
 366 0146 08000000 		.4byte	.LVL0
 367 014a 1C020000 		.4byte	0x21c
 368 014e 00       		.byte	0
 369 014f 12       		.uleb128 0x12
 370 0150 26000000 		.4byte	.LVL2
 371 0154 27020000 		.4byte	0x227
 372 0158 00       		.byte	0
 373 0159 13       		.uleb128 0x13
 374 015a 12010000 		.4byte	.LASF33
 375 015e 01       		.byte	0x1
 376 015f 2A       		.byte	0x2a
 377 0160 81000000 		.4byte	0x81
 378 0164 00000000 		.4byte	.LFB64
ARM GAS  C:\Users\BASILE~1.BER\AppData\Local\Temp\ccCtg7HF.s 			page 9


 379 0168 14000000 		.4byte	.LFE64-.LFB64
 380 016c 01       		.uleb128 0x1
 381 016d 9C       		.byte	0x9c
 382 016e 14       		.uleb128 0x14
 383 016f 56020000 		.4byte	.LASF34
 384 0173 01       		.byte	0x1
 385 0174 31       		.byte	0x31
 386 0175 81000000 		.4byte	0x81
 387 0179 00000000 		.4byte	.LFB65
 388 017d 50000000 		.4byte	.LFE65-.LFB65
 389 0181 01       		.uleb128 0x1
 390 0182 9C       		.byte	0x9c
 391 0183 A1010000 		.4byte	0x1a1
 392 0187 11       		.uleb128 0x11
 393 0188 63000000 		.4byte	.LASF19
 394 018c 01       		.byte	0x1
 395 018d 33       		.byte	0x33
 396 018e 81000000 		.4byte	0x81
 397 0192 13000000 		.4byte	.LLST1
 398 0196 15       		.uleb128 0x15
 399 0197 436800   		.ascii	"Ch\000"
 400 019a 01       		.byte	0x1
 401 019b 34       		.byte	0x34
 402 019c 81000000 		.4byte	0x81
 403 01a0 00       		.byte	0
 404 01a1 16       		.uleb128 0x16
 405 01a2 FE000000 		.4byte	.LASF20
 406 01a6 05       		.byte	0x5
 407 01a7 1207     		.2byte	0x712
 408 01a9 AD010000 		.4byte	0x1ad
 409 01ad 17       		.uleb128 0x17
 410 01ae 76000000 		.4byte	0x76
 411 01b2 18       		.uleb128 0x18
 412 01b3 524200   		.ascii	"RB\000"
 413 01b6 07       		.byte	0x7
 414 01b7 27       		.byte	0x27
 415 01b8 E7000000 		.4byte	0xe7
 416 01bc 05       		.uleb128 0x5
 417 01bd 03       		.byte	0x3
 418 01be 00000000 		.4byte	RB
 419 01c2 0A       		.uleb128 0xa
 420 01c3 81000000 		.4byte	0x81
 421 01c7 D2010000 		.4byte	0x1d2
 422 01cb 0B       		.uleb128 0xb
 423 01cc A9000000 		.4byte	0xa9
 424 01d0 7F       		.byte	0x7f
 425 01d1 00       		.byte	0
 426 01d2 19       		.uleb128 0x19
 427 01d3 4C000000 		.4byte	.LASF21
 428 01d7 01       		.byte	0x1
 429 01d8 13       		.byte	0x13
 430 01d9 C2010000 		.4byte	0x1c2
 431 01dd 05       		.uleb128 0x5
 432 01de 03       		.byte	0x3
 433 01df 00000000 		.4byte	RxBuffer
 434 01e3 19       		.uleb128 0x19
 435 01e4 22000000 		.4byte	.LASF22
ARM GAS  C:\Users\BASILE~1.BER\AppData\Local\Temp\ccCtg7HF.s 			page 10


 436 01e8 01       		.byte	0x1
 437 01e9 14       		.byte	0x14
 438 01ea F4010000 		.4byte	0x1f4
 439 01ee 05       		.uleb128 0x5
 440 01ef 03       		.byte	0x3
 441 01f0 00000000 		.4byte	RxReadIndex
 442 01f4 06       		.uleb128 0x6
 443 01f5 04       		.byte	0x4
 444 01f6 81000000 		.4byte	0x81
 445 01fa 19       		.uleb128 0x19
 446 01fb 00000000 		.4byte	.LASF23
 447 01ff 01       		.byte	0x1
 448 0200 15       		.byte	0x15
 449 0201 F4010000 		.4byte	0x1f4
 450 0205 05       		.uleb128 0x5
 451 0206 03       		.byte	0x3
 452 0207 00000000 		.4byte	RxWriteIndex
 453 020b 19       		.uleb128 0x19
 454 020c 17000000 		.4byte	.LASF24
 455 0210 01       		.byte	0x1
 456 0211 18       		.byte	0x18
 457 0212 B0000000 		.4byte	0xb0
 458 0216 05       		.uleb128 0x5
 459 0217 03       		.byte	0x3
 460 0218 00000000 		.4byte	RxStrIndex
 461 021c 1A       		.uleb128 0x1a
 462 021d D0010000 		.4byte	.LASF25
 463 0221 D0010000 		.4byte	.LASF25
 464 0225 06       		.byte	0x6
 465 0226 6F       		.byte	0x6f
 466 0227 1A       		.uleb128 0x1a
 467 0228 EC010000 		.4byte	.LASF26
 468 022c EC010000 		.4byte	.LASF26
 469 0230 06       		.byte	0x6
 470 0231 70       		.byte	0x70
 471 0232 00       		.byte	0
 472              		.section	.debug_abbrev,"",%progbits
 473              	.Ldebug_abbrev0:
 474 0000 01       		.uleb128 0x1
 475 0001 11       		.uleb128 0x11
 476 0002 01       		.byte	0x1
 477 0003 25       		.uleb128 0x25
 478 0004 0E       		.uleb128 0xe
 479 0005 13       		.uleb128 0x13
 480 0006 0B       		.uleb128 0xb
 481 0007 03       		.uleb128 0x3
 482 0008 0E       		.uleb128 0xe
 483 0009 1B       		.uleb128 0x1b
 484 000a 0E       		.uleb128 0xe
 485 000b 55       		.uleb128 0x55
 486 000c 17       		.uleb128 0x17
 487 000d 11       		.uleb128 0x11
 488 000e 01       		.uleb128 0x1
 489 000f 10       		.uleb128 0x10
 490 0010 17       		.uleb128 0x17
 491 0011 00       		.byte	0
 492 0012 00       		.byte	0
ARM GAS  C:\Users\BASILE~1.BER\AppData\Local\Temp\ccCtg7HF.s 			page 11


 493 0013 02       		.uleb128 0x2
 494 0014 24       		.uleb128 0x24
 495 0015 00       		.byte	0
 496 0016 0B       		.uleb128 0xb
 497 0017 0B       		.uleb128 0xb
 498 0018 3E       		.uleb128 0x3e
 499 0019 0B       		.uleb128 0xb
 500 001a 03       		.uleb128 0x3
 501 001b 0E       		.uleb128 0xe
 502 001c 00       		.byte	0
 503 001d 00       		.byte	0
 504 001e 03       		.uleb128 0x3
 505 001f 16       		.uleb128 0x16
 506 0020 00       		.byte	0
 507 0021 03       		.uleb128 0x3
 508 0022 0E       		.uleb128 0xe
 509 0023 3A       		.uleb128 0x3a
 510 0024 0B       		.uleb128 0xb
 511 0025 3B       		.uleb128 0x3b
 512 0026 0B       		.uleb128 0xb
 513 0027 49       		.uleb128 0x49
 514 0028 13       		.uleb128 0x13
 515 0029 00       		.byte	0
 516 002a 00       		.byte	0
 517 002b 04       		.uleb128 0x4
 518 002c 24       		.uleb128 0x24
 519 002d 00       		.byte	0
 520 002e 0B       		.uleb128 0xb
 521 002f 0B       		.uleb128 0xb
 522 0030 3E       		.uleb128 0x3e
 523 0031 0B       		.uleb128 0xb
 524 0032 03       		.uleb128 0x3
 525 0033 08       		.uleb128 0x8
 526 0034 00       		.byte	0
 527 0035 00       		.byte	0
 528 0036 05       		.uleb128 0x5
 529 0037 16       		.uleb128 0x16
 530 0038 00       		.byte	0
 531 0039 03       		.uleb128 0x3
 532 003a 0E       		.uleb128 0xe
 533 003b 3A       		.uleb128 0x3a
 534 003c 0B       		.uleb128 0xb
 535 003d 3B       		.uleb128 0x3b
 536 003e 05       		.uleb128 0x5
 537 003f 49       		.uleb128 0x49
 538 0040 13       		.uleb128 0x13
 539 0041 00       		.byte	0
 540 0042 00       		.byte	0
 541 0043 06       		.uleb128 0x6
 542 0044 0F       		.uleb128 0xf
 543 0045 00       		.byte	0
 544 0046 0B       		.uleb128 0xb
 545 0047 0B       		.uleb128 0xb
 546 0048 49       		.uleb128 0x49
 547 0049 13       		.uleb128 0x13
 548 004a 00       		.byte	0
 549 004b 00       		.byte	0
ARM GAS  C:\Users\BASILE~1.BER\AppData\Local\Temp\ccCtg7HF.s 			page 12


 550 004c 07       		.uleb128 0x7
 551 004d 13       		.uleb128 0x13
 552 004e 01       		.byte	0x1
 553 004f 0B       		.uleb128 0xb
 554 0050 0B       		.uleb128 0xb
 555 0051 3A       		.uleb128 0x3a
 556 0052 0B       		.uleb128 0xb
 557 0053 3B       		.uleb128 0x3b
 558 0054 0B       		.uleb128 0xb
 559 0055 01       		.uleb128 0x1
 560 0056 13       		.uleb128 0x13
 561 0057 00       		.byte	0
 562 0058 00       		.byte	0
 563 0059 08       		.uleb128 0x8
 564 005a 0D       		.uleb128 0xd
 565 005b 00       		.byte	0
 566 005c 03       		.uleb128 0x3
 567 005d 08       		.uleb128 0x8
 568 005e 3A       		.uleb128 0x3a
 569 005f 0B       		.uleb128 0xb
 570 0060 3B       		.uleb128 0x3b
 571 0061 0B       		.uleb128 0xb
 572 0062 49       		.uleb128 0x49
 573 0063 13       		.uleb128 0x13
 574 0064 38       		.uleb128 0x38
 575 0065 0B       		.uleb128 0xb
 576 0066 00       		.byte	0
 577 0067 00       		.byte	0
 578 0068 09       		.uleb128 0x9
 579 0069 0D       		.uleb128 0xd
 580 006a 00       		.byte	0
 581 006b 03       		.uleb128 0x3
 582 006c 0E       		.uleb128 0xe
 583 006d 3A       		.uleb128 0x3a
 584 006e 0B       		.uleb128 0xb
 585 006f 3B       		.uleb128 0x3b
 586 0070 0B       		.uleb128 0xb
 587 0071 49       		.uleb128 0x49
 588 0072 13       		.uleb128 0x13
 589 0073 38       		.uleb128 0x38
 590 0074 0B       		.uleb128 0xb
 591 0075 00       		.byte	0
 592 0076 00       		.byte	0
 593 0077 0A       		.uleb128 0xa
 594 0078 01       		.uleb128 0x1
 595 0079 01       		.byte	0x1
 596 007a 49       		.uleb128 0x49
 597 007b 13       		.uleb128 0x13
 598 007c 01       		.uleb128 0x1
 599 007d 13       		.uleb128 0x13
 600 007e 00       		.byte	0
 601 007f 00       		.byte	0
 602 0080 0B       		.uleb128 0xb
 603 0081 21       		.uleb128 0x21
 604 0082 00       		.byte	0
 605 0083 49       		.uleb128 0x49
 606 0084 13       		.uleb128 0x13
ARM GAS  C:\Users\BASILE~1.BER\AppData\Local\Temp\ccCtg7HF.s 			page 13


 607 0085 2F       		.uleb128 0x2f
 608 0086 0B       		.uleb128 0xb
 609 0087 00       		.byte	0
 610 0088 00       		.byte	0
 611 0089 0C       		.uleb128 0xc
 612 008a 17       		.uleb128 0x17
 613 008b 01       		.byte	0x1
 614 008c 03       		.uleb128 0x3
 615 008d 0E       		.uleb128 0xe
 616 008e 0B       		.uleb128 0xb
 617 008f 0B       		.uleb128 0xb
 618 0090 3A       		.uleb128 0x3a
 619 0091 0B       		.uleb128 0xb
 620 0092 3B       		.uleb128 0x3b
 621 0093 0B       		.uleb128 0xb
 622 0094 01       		.uleb128 0x1
 623 0095 13       		.uleb128 0x13
 624 0096 00       		.byte	0
 625 0097 00       		.byte	0
 626 0098 0D       		.uleb128 0xd
 627 0099 0D       		.uleb128 0xd
 628 009a 00       		.byte	0
 629 009b 03       		.uleb128 0x3
 630 009c 0E       		.uleb128 0xe
 631 009d 3A       		.uleb128 0x3a
 632 009e 0B       		.uleb128 0xb
 633 009f 3B       		.uleb128 0x3b
 634 00a0 0B       		.uleb128 0xb
 635 00a1 49       		.uleb128 0x49
 636 00a2 13       		.uleb128 0x13
 637 00a3 00       		.byte	0
 638 00a4 00       		.byte	0
 639 00a5 0E       		.uleb128 0xe
 640 00a6 0D       		.uleb128 0xd
 641 00a7 00       		.byte	0
 642 00a8 49       		.uleb128 0x49
 643 00a9 13       		.uleb128 0x13
 644 00aa 00       		.byte	0
 645 00ab 00       		.byte	0
 646 00ac 0F       		.uleb128 0xf
 647 00ad 2E       		.uleb128 0x2e
 648 00ae 01       		.byte	0x1
 649 00af 3F       		.uleb128 0x3f
 650 00b0 19       		.uleb128 0x19
 651 00b1 03       		.uleb128 0x3
 652 00b2 0E       		.uleb128 0xe
 653 00b3 3A       		.uleb128 0x3a
 654 00b4 0B       		.uleb128 0xb
 655 00b5 3B       		.uleb128 0x3b
 656 00b6 0B       		.uleb128 0xb
 657 00b7 27       		.uleb128 0x27
 658 00b8 19       		.uleb128 0x19
 659 00b9 11       		.uleb128 0x11
 660 00ba 01       		.uleb128 0x1
 661 00bb 12       		.uleb128 0x12
 662 00bc 06       		.uleb128 0x6
 663 00bd 40       		.uleb128 0x40
ARM GAS  C:\Users\BASILE~1.BER\AppData\Local\Temp\ccCtg7HF.s 			page 14


 664 00be 18       		.uleb128 0x18
 665 00bf 9742     		.uleb128 0x2117
 666 00c1 19       		.uleb128 0x19
 667 00c2 01       		.uleb128 0x1
 668 00c3 13       		.uleb128 0x13
 669 00c4 00       		.byte	0
 670 00c5 00       		.byte	0
 671 00c6 10       		.uleb128 0x10
 672 00c7 0B       		.uleb128 0xb
 673 00c8 01       		.byte	0x1
 674 00c9 11       		.uleb128 0x11
 675 00ca 01       		.uleb128 0x1
 676 00cb 12       		.uleb128 0x12
 677 00cc 06       		.uleb128 0x6
 678 00cd 01       		.uleb128 0x1
 679 00ce 13       		.uleb128 0x13
 680 00cf 00       		.byte	0
 681 00d0 00       		.byte	0
 682 00d1 11       		.uleb128 0x11
 683 00d2 34       		.uleb128 0x34
 684 00d3 00       		.byte	0
 685 00d4 03       		.uleb128 0x3
 686 00d5 0E       		.uleb128 0xe
 687 00d6 3A       		.uleb128 0x3a
 688 00d7 0B       		.uleb128 0xb
 689 00d8 3B       		.uleb128 0x3b
 690 00d9 0B       		.uleb128 0xb
 691 00da 49       		.uleb128 0x49
 692 00db 13       		.uleb128 0x13
 693 00dc 02       		.uleb128 0x2
 694 00dd 17       		.uleb128 0x17
 695 00de 00       		.byte	0
 696 00df 00       		.byte	0
 697 00e0 12       		.uleb128 0x12
 698 00e1 898201   		.uleb128 0x4109
 699 00e4 00       		.byte	0
 700 00e5 11       		.uleb128 0x11
 701 00e6 01       		.uleb128 0x1
 702 00e7 31       		.uleb128 0x31
 703 00e8 13       		.uleb128 0x13
 704 00e9 00       		.byte	0
 705 00ea 00       		.byte	0
 706 00eb 13       		.uleb128 0x13
 707 00ec 2E       		.uleb128 0x2e
 708 00ed 00       		.byte	0
 709 00ee 3F       		.uleb128 0x3f
 710 00ef 19       		.uleb128 0x19
 711 00f0 03       		.uleb128 0x3
 712 00f1 0E       		.uleb128 0xe
 713 00f2 3A       		.uleb128 0x3a
 714 00f3 0B       		.uleb128 0xb
 715 00f4 3B       		.uleb128 0x3b
 716 00f5 0B       		.uleb128 0xb
 717 00f6 27       		.uleb128 0x27
 718 00f7 19       		.uleb128 0x19
 719 00f8 49       		.uleb128 0x49
 720 00f9 13       		.uleb128 0x13
ARM GAS  C:\Users\BASILE~1.BER\AppData\Local\Temp\ccCtg7HF.s 			page 15


 721 00fa 11       		.uleb128 0x11
 722 00fb 01       		.uleb128 0x1
 723 00fc 12       		.uleb128 0x12
 724 00fd 06       		.uleb128 0x6
 725 00fe 40       		.uleb128 0x40
 726 00ff 18       		.uleb128 0x18
 727 0100 9742     		.uleb128 0x2117
 728 0102 19       		.uleb128 0x19
 729 0103 00       		.byte	0
 730 0104 00       		.byte	0
 731 0105 14       		.uleb128 0x14
 732 0106 2E       		.uleb128 0x2e
 733 0107 01       		.byte	0x1
 734 0108 3F       		.uleb128 0x3f
 735 0109 19       		.uleb128 0x19
 736 010a 03       		.uleb128 0x3
 737 010b 0E       		.uleb128 0xe
 738 010c 3A       		.uleb128 0x3a
 739 010d 0B       		.uleb128 0xb
 740 010e 3B       		.uleb128 0x3b
 741 010f 0B       		.uleb128 0xb
 742 0110 27       		.uleb128 0x27
 743 0111 19       		.uleb128 0x19
 744 0112 49       		.uleb128 0x49
 745 0113 13       		.uleb128 0x13
 746 0114 11       		.uleb128 0x11
 747 0115 01       		.uleb128 0x1
 748 0116 12       		.uleb128 0x12
 749 0117 06       		.uleb128 0x6
 750 0118 40       		.uleb128 0x40
 751 0119 18       		.uleb128 0x18
 752 011a 9742     		.uleb128 0x2117
 753 011c 19       		.uleb128 0x19
 754 011d 01       		.uleb128 0x1
 755 011e 13       		.uleb128 0x13
 756 011f 00       		.byte	0
 757 0120 00       		.byte	0
 758 0121 15       		.uleb128 0x15
 759 0122 34       		.uleb128 0x34
 760 0123 00       		.byte	0
 761 0124 03       		.uleb128 0x3
 762 0125 08       		.uleb128 0x8
 763 0126 3A       		.uleb128 0x3a
 764 0127 0B       		.uleb128 0xb
 765 0128 3B       		.uleb128 0x3b
 766 0129 0B       		.uleb128 0xb
 767 012a 49       		.uleb128 0x49
 768 012b 13       		.uleb128 0x13
 769 012c 00       		.byte	0
 770 012d 00       		.byte	0
 771 012e 16       		.uleb128 0x16
 772 012f 34       		.uleb128 0x34
 773 0130 00       		.byte	0
 774 0131 03       		.uleb128 0x3
 775 0132 0E       		.uleb128 0xe
 776 0133 3A       		.uleb128 0x3a
 777 0134 0B       		.uleb128 0xb
ARM GAS  C:\Users\BASILE~1.BER\AppData\Local\Temp\ccCtg7HF.s 			page 16


 778 0135 3B       		.uleb128 0x3b
 779 0136 05       		.uleb128 0x5
 780 0137 49       		.uleb128 0x49
 781 0138 13       		.uleb128 0x13
 782 0139 3F       		.uleb128 0x3f
 783 013a 19       		.uleb128 0x19
 784 013b 3C       		.uleb128 0x3c
 785 013c 19       		.uleb128 0x19
 786 013d 00       		.byte	0
 787 013e 00       		.byte	0
 788 013f 17       		.uleb128 0x17
 789 0140 35       		.uleb128 0x35
 790 0141 00       		.byte	0
 791 0142 49       		.uleb128 0x49
 792 0143 13       		.uleb128 0x13
 793 0144 00       		.byte	0
 794 0145 00       		.byte	0
 795 0146 18       		.uleb128 0x18
 796 0147 34       		.uleb128 0x34
 797 0148 00       		.byte	0
 798 0149 03       		.uleb128 0x3
 799 014a 08       		.uleb128 0x8
 800 014b 3A       		.uleb128 0x3a
 801 014c 0B       		.uleb128 0xb
 802 014d 3B       		.uleb128 0x3b
 803 014e 0B       		.uleb128 0xb
 804 014f 49       		.uleb128 0x49
 805 0150 13       		.uleb128 0x13
 806 0151 3F       		.uleb128 0x3f
 807 0152 19       		.uleb128 0x19
 808 0153 02       		.uleb128 0x2
 809 0154 18       		.uleb128 0x18
 810 0155 00       		.byte	0
 811 0156 00       		.byte	0
 812 0157 19       		.uleb128 0x19
 813 0158 34       		.uleb128 0x34
 814 0159 00       		.byte	0
 815 015a 03       		.uleb128 0x3
 816 015b 0E       		.uleb128 0xe
 817 015c 3A       		.uleb128 0x3a
 818 015d 0B       		.uleb128 0xb
 819 015e 3B       		.uleb128 0x3b
 820 015f 0B       		.uleb128 0xb
 821 0160 49       		.uleb128 0x49
 822 0161 13       		.uleb128 0x13
 823 0162 3F       		.uleb128 0x3f
 824 0163 19       		.uleb128 0x19
 825 0164 02       		.uleb128 0x2
 826 0165 18       		.uleb128 0x18
 827 0166 00       		.byte	0
 828 0167 00       		.byte	0
 829 0168 1A       		.uleb128 0x1a
 830 0169 2E       		.uleb128 0x2e
 831 016a 00       		.byte	0
 832 016b 3F       		.uleb128 0x3f
 833 016c 19       		.uleb128 0x19
 834 016d 3C       		.uleb128 0x3c
ARM GAS  C:\Users\BASILE~1.BER\AppData\Local\Temp\ccCtg7HF.s 			page 17


 835 016e 19       		.uleb128 0x19
 836 016f 6E       		.uleb128 0x6e
 837 0170 0E       		.uleb128 0xe
 838 0171 03       		.uleb128 0x3
 839 0172 0E       		.uleb128 0xe
 840 0173 3A       		.uleb128 0x3a
 841 0174 0B       		.uleb128 0xb
 842 0175 3B       		.uleb128 0x3b
 843 0176 0B       		.uleb128 0xb
 844 0177 00       		.byte	0
 845 0178 00       		.byte	0
 846 0179 00       		.byte	0
 847              		.section	.debug_loc,"",%progbits
 848              	.Ldebug_loc0:
 849              	.LLST0:
 850 0000 08000000 		.4byte	.LVL0
 851 0004 22000000 		.4byte	.LVL1
 852 0008 0100     		.2byte	0x1
 853 000a 50       		.byte	0x50
 854 000b 00000000 		.4byte	0
 855 000f 00000000 		.4byte	0
 856              	.LLST1:
 857 0013 00000000 		.4byte	.LVL3
 858 0017 42000000 		.4byte	.LVL4
 859 001b 0200     		.2byte	0x2
 860 001d 30       		.byte	0x30
 861 001e 9F       		.byte	0x9f
 862 001f 42000000 		.4byte	.LVL4
 863 0023 50000000 		.4byte	.LFE65
 864 0027 0100     		.2byte	0x1
 865 0029 50       		.byte	0x50
 866 002a 00000000 		.4byte	0
 867 002e 00000000 		.4byte	0
 868              		.section	.debug_aranges,"",%progbits
 869 0000 2C000000 		.4byte	0x2c
 870 0004 0200     		.2byte	0x2
 871 0006 00000000 		.4byte	.Ldebug_info0
 872 000a 04       		.byte	0x4
 873 000b 00       		.byte	0
 874 000c 0000     		.2byte	0
 875 000e 0000     		.2byte	0
 876 0010 00000000 		.4byte	.LFB63
 877 0014 38000000 		.4byte	.LFE63-.LFB63
 878 0018 00000000 		.4byte	.LFB64
 879 001c 14000000 		.4byte	.LFE64-.LFB64
 880 0020 00000000 		.4byte	.LFB65
 881 0024 50000000 		.4byte	.LFE65-.LFB65
 882 0028 00000000 		.4byte	0
 883 002c 00000000 		.4byte	0
 884              		.section	.debug_ranges,"",%progbits
 885              	.Ldebug_ranges0:
 886 0000 00000000 		.4byte	.LFB63
 887 0004 38000000 		.4byte	.LFE63
 888 0008 00000000 		.4byte	.LFB64
 889 000c 14000000 		.4byte	.LFE64
 890 0010 00000000 		.4byte	.LFB65
 891 0014 50000000 		.4byte	.LFE65
ARM GAS  C:\Users\BASILE~1.BER\AppData\Local\Temp\ccCtg7HF.s 			page 18


 892 0018 00000000 		.4byte	0
 893 001c 00000000 		.4byte	0
 894              		.section	.debug_line,"",%progbits
 895              	.Ldebug_line0:
 896 0000 CC010000 		.section	.debug_str,"MS",%progbits,1
 896      02006701 
 896      00000201 
 896      FB0E0D00 
 896      01010101 
 897              	.LASF23:
 898 0000 52785772 		.ascii	"RxWriteIndex\000"
 898      69746549 
 898      6E646578 
 898      00
 899              	.LASF9:
 900 000d 5F5F696E 		.ascii	"__int32_t\000"
 900      7433325F 
 900      7400
 901              	.LASF24:
 902 0017 52785374 		.ascii	"RxStrIndex\000"
 902      72496E64 
 902      657800
 903              	.LASF22:
 904 0022 52785265 		.ascii	"RxReadIndex\000"
 904      6164496E 
 904      64657800 
 905              	.LASF10:
 906 002e 696E7433 		.ascii	"int32_t\000"
 906      325F7400 
 907              	.LASF31:
 908 0036 52785374 		.ascii	"RxStr\000"
 908      7200
 909              	.LASF30:
 910 003c 54527842 		.ascii	"TRxBuffer\000"
 910      75666665 
 910      7200
 911              	.LASF12:
 912 0046 666C6F61 		.ascii	"float\000"
 912      7400
 913              	.LASF21:
 914 004c 52784275 		.ascii	"RxBuffer\000"
 914      66666572 
 914      00
 915              	.LASF1:
 916 0055 756E7369 		.ascii	"unsigned char\000"
 916      676E6564 
 916      20636861 
 916      7200
 917              	.LASF19:
 918 0063 52785374 		.ascii	"RxStr_flag\000"
 918      725F666C 
 918      616700
 919              	.LASF5:
 920 006e 6C6F6E67 		.ascii	"long unsigned int\000"
 920      20756E73 
 920      69676E65 
 920      6420696E 
ARM GAS  C:\Users\BASILE~1.BER\AppData\Local\Temp\ccCtg7HF.s 			page 19


 920      7400
 921              	.LASF3:
 922 0080 73686F72 		.ascii	"short unsigned int\000"
 922      7420756E 
 922      7369676E 
 922      65642069 
 922      6E7400
 923              	.LASF29:
 924 0093 433A5C55 		.ascii	"C:\\Users\\basile.berckmoes\\Documents\\GitHub\\Rob"
 924      73657273 
 924      5C626173 
 924      696C652E 
 924      62657263 
 925 00c1 6F74436F 		.ascii	"otComp2ELO\\Software\\PSoc\\Roadster\\Roadster\\Roa"
 925      6D703245 
 925      4C4F5C53 
 925      6F667477 
 925      6172655C 
 926 00ef 64737465 		.ascii	"dster1.0.cydsn\000"
 926      72312E30 
 926      2E637964 
 926      736E00
 927              	.LASF20:
 928 00fe 49544D5F 		.ascii	"ITM_RxBuffer\000"
 928      52784275 
 928      66666572 
 928      00
 929              	.LASF13:
 930 010b 646F7562 		.ascii	"double\000"
 930      6C6500
 931              	.LASF33:
 932 0112 49734368 		.ascii	"IsCharReady\000"
 932      61725265 
 932      61647900 
 933              	.LASF8:
 934 011e 756E7369 		.ascii	"unsigned int\000"
 934      676E6564 
 934      20696E74 
 934      00
 935              	.LASF7:
 936 012b 6C6F6E67 		.ascii	"long long unsigned int\000"
 936      206C6F6E 
 936      6720756E 
 936      7369676E 
 936      65642069 
 937              	.LASF27:
 938 0142 474E5520 		.ascii	"GNU C11 5.4.1 20160609 (release) [ARM/embedded-5-br"
 938      43313120 
 938      352E342E 
 938      31203230 
 938      31363036 
 939 0175 616E6368 		.ascii	"anch revision 237715] -mcpu=cortex-m3 -mthumb -g -O"
 939      20726576 
 939      6973696F 
 939      6E203233 
 939      37373135 
 940 01a8 67202D66 		.ascii	"g -ffunction-sections -ffat-lto-objects\000"
ARM GAS  C:\Users\BASILE~1.BER\AppData\Local\Temp\ccCtg7HF.s 			page 20


 940      66756E63 
 940      74696F6E 
 940      2D736563 
 940      74696F6E 
 941              	.LASF25:
 942 01d0 426C6555 		.ascii	"BleUart_ReadRxData\000"
 942      6172745F 
 942      52656164 
 942      52784461 
 942      746100
 943              	.LASF16:
 944 01e3 73697A65 		.ascii	"sizetype\000"
 944      74797065 
 944      00
 945              	.LASF26:
 946 01ec 426C6555 		.ascii	"BleUart_ReadRxStatus\000"
 946      6172745F 
 946      52656164 
 946      52785374 
 946      61747573 
 947              	.LASF6:
 948 0201 6C6F6E67 		.ascii	"long long int\000"
 948      206C6F6E 
 948      6720696E 
 948      7400
 949              	.LASF14:
 950 020f 63686172 		.ascii	"char\000"
 950      00
 951              	.LASF2:
 952 0214 73686F72 		.ascii	"short int\000"
 952      7420696E 
 952      7400
 953              	.LASF11:
 954 021e 75696E74 		.ascii	"uint8\000"
 954      3800
 955              	.LASF4:
 956 0224 6C6F6E67 		.ascii	"long int\000"
 956      20696E74 
 956      00
 957              	.LASF15:
 958 022d 6C6F6E67 		.ascii	"long double\000"
 958      20646F75 
 958      626C6500 
 959              	.LASF0:
 960 0239 7369676E 		.ascii	"signed char\000"
 960      65642063 
 960      68617200 
 961              	.LASF18:
 962 0245 72656164 		.ascii	"readData\000"
 962      44617461 
 962      00
 963              	.LASF32:
 964 024e 4D795278 		.ascii	"MyRxInt\000"
 964      496E7400 
 965              	.LASF34:
 966 0256 47657452 		.ascii	"GetRxStr\000"
 966      78537472 
ARM GAS  C:\Users\BASILE~1.BER\AppData\Local\Temp\ccCtg7HF.s 			page 21


 966      00
 967              	.LASF17:
 968 025f 76616C73 		.ascii	"valstr\000"
 968      747200
 969              	.LASF28:
 970 0266 6D795541 		.ascii	"myUART.c\000"
 970      52542E63 
 970      00
 971              		.ident	"GCC: (GNU Tools for ARM Embedded Processors) 5.4.1 20160609 (release) [ARM/embedded-5-bran
