ARM GAS  C:\Users\Jona\AppData\Local\Temp\ccy2roXH.s 			page 1


   1              		.syntax unified
   2              		.cpu cortex-m3
   3              		.fpu softvfp
   4              		.eabi_attribute 20, 1
   5              		.eabi_attribute 21, 1
   6              		.eabi_attribute 23, 3
   7              		.eabi_attribute 24, 1
   8              		.eabi_attribute 25, 1
   9              		.eabi_attribute 26, 1
  10              		.eabi_attribute 30, 1
  11              		.eabi_attribute 34, 1
  12              		.eabi_attribute 18, 4
  13              		.thumb
  14              		.syntax unified
  15              		.file	"Sensoren.c"
  16              		.text
  17              	.Ltext0:
  18              		.cfi_sections	.debug_frame
  19              		.section	.text.IRSensoren,"ax",%progbits
  20              		.align	2
  21              		.global	IRSensoren
  22              		.thumb
  23              		.thumb_func
  24              		.type	IRSensoren, %function
  25              	IRSensoren:
  26              	.LFB63:
  27              		.file 1 "Sensoren.c"
   1:Sensoren.c    **** /* ========================================
   2:Sensoren.c    ****  *
   3:Sensoren.c    ****  * Copyright YOUR COMPANY, THE YEAR
   4:Sensoren.c    ****  * All Rights Reserved
   5:Sensoren.c    ****  * UNPUBLISHED, LICENSED SOFTWARE.
   6:Sensoren.c    ****  *
   7:Sensoren.c    ****  * CONFIDENTIAL AND PROPRIETARY INFORMATION
   8:Sensoren.c    ****  * WHICH IS THE PROPERTY OF your company.
   9:Sensoren.c    ****  *
  10:Sensoren.c    ****  * ========================================
  11:Sensoren.c    **** */
  12:Sensoren.c    **** #include "projectMain.h"
  13:Sensoren.c    **** #include "project.h"
  14:Sensoren.c    **** 
  15:Sensoren.c    **** //Interupt "end of conversion" van SAR_ADC 
  16:Sensoren.c    **** CY_ISR(IRSensoren)
  17:Sensoren.c    **** {
  28              		.loc 1 17 0
  29              		.cfi_startproc
  30              		@ args = 0, pretend = 0, frame = 0
  31              		@ frame_needed = 0, uses_anonymous_args = 0
  32 0000 10B5     		push	{r4, lr}
  33              		.cfi_def_cfa_offset 8
  34              		.cfi_offset 4, -8
  35              		.cfi_offset 14, -4
  18:Sensoren.c    **** 	//uint8 tmpWaarden = IRWaarden;
  19:Sensoren.c    **** 	IRWaarden = 0;
  36              		.loc 1 19 0
  37 0002 0024     		movs	r4, #0
  38 0004 0B4B     		ldr	r3, .L6
ARM GAS  C:\Users\Jona\AppData\Local\Temp\ccy2roXH.s 			page 2


  39 0006 1C70     		strb	r4, [r3]
  40              	.LVL0:
  41              	.LBB2:
  20:Sensoren.c    ****     for(int i = 0; i < 8; i++)
  42              		.loc 1 20 0
  43 0008 10E0     		b	.L2
  44              	.LVL1:
  45              	.L4:
  21:Sensoren.c    ****     {
  22:Sensoren.c    **** 	    if (ADC_IR_GetResult16(i) > IRDrempel)
  46              		.loc 1 22 0
  47 000a A0B2     		uxth	r0, r4
  48 000c FFF7FEFF 		bl	ADC_IR_GetResult16
  49              	.LVL2:
  50 0010 094B     		ldr	r3, .L6+4
  51 0012 1B78     		ldrb	r3, [r3]	@ zero_extendqisi2
  52 0014 9842     		cmp	r0, r3
  53 0016 08DD     		ble	.L3
  54              	.LBB3:
  23:Sensoren.c    **** 	    {
  24:Sensoren.c    **** 	        uint8 tmpWaarde = exponent(2,i); 
  55              		.loc 1 24 0
  56 0018 2146     		mov	r1, r4
  57 001a 0220     		movs	r0, #2
  58 001c FFF7FEFF 		bl	exponent
  59              	.LVL3:
  60 0020 C0B2     		uxtb	r0, r0
  61              	.LVL4:
  25:Sensoren.c    **** 	        IRWaarden = IRWaarden | tmpWaarde;
  62              		.loc 1 25 0
  63 0022 044A     		ldr	r2, .L6
  64 0024 1378     		ldrb	r3, [r2]	@ zero_extendqisi2
  65 0026 1843     		orrs	r0, r0, r3
  66              	.LVL5:
  67 0028 1070     		strb	r0, [r2]
  68              	.L3:
  69              	.LBE3:
  20:Sensoren.c    ****     {
  70              		.loc 1 20 0 discriminator 2
  71 002a 0134     		adds	r4, r4, #1
  72              	.LVL6:
  73              	.L2:
  20:Sensoren.c    ****     {
  74              		.loc 1 20 0 is_stmt 0 discriminator 1
  75 002c 072C     		cmp	r4, #7
  76 002e ECDD     		ble	.L4
  77              	.LBE2:
  26:Sensoren.c    **** 	    }   
  27:Sensoren.c    ****     }
  28:Sensoren.c    ****     //IRWaarden =~IRWaarden;
  29:Sensoren.c    **** }
  78              		.loc 1 29 0 is_stmt 1
  79 0030 10BD     		pop	{r4, pc}
  80              	.LVL7:
  81              	.L7:
  82 0032 00BF     		.align	2
  83              	.L6:
ARM GAS  C:\Users\Jona\AppData\Local\Temp\ccy2roXH.s 			page 3


  84 0034 00000000 		.word	IRWaarden
  85 0038 00000000 		.word	IRDrempel
  86              		.cfi_endproc
  87              	.LFE63:
  88              		.size	IRSensoren, .-IRSensoren
  89              		.section	.text.readUSValue,"ax",%progbits
  90              		.align	2
  91              		.global	readUSValue
  92              		.thumb
  93              		.thumb_func
  94              		.type	readUSValue, %function
  95              	readUSValue:
  96              	.LFB64:
  30:Sensoren.c    **** 
  31:Sensoren.c    **** uint16 readUSValue(void)
  32:Sensoren.c    **** {
  97              		.loc 1 32 0
  98              		.cfi_startproc
  99              		@ args = 0, pretend = 0, frame = 0
 100              		@ frame_needed = 0, uses_anonymous_args = 0
 101 0000 08B5     		push	{r3, lr}
 102              		.cfi_def_cfa_offset 8
 103              		.cfi_offset 3, -8
 104              		.cfi_offset 14, -4
  33:Sensoren.c    **** 	while(statusEcho_Read() == 0)
 105              		.loc 1 33 0
 106 0002 08E0     		b	.L9
 107              	.L10:
  34:Sensoren.c    **** 		{
  35:Sensoren.c    **** 			TriggerReg_Write(1);
 108              		.loc 1 35 0
 109 0004 0120     		movs	r0, #1
 110 0006 FFF7FEFF 		bl	TriggerReg_Write
 111              	.LVL8:
  36:Sensoren.c    **** 			CyDelayUs(10);
 112              		.loc 1 36 0
 113 000a 0A20     		movs	r0, #10
 114 000c FFF7FEFF 		bl	CyDelayUs
 115              	.LVL9:
  37:Sensoren.c    **** 			TriggerReg_Write(0);
 116              		.loc 1 37 0
 117 0010 0020     		movs	r0, #0
 118 0012 FFF7FEFF 		bl	TriggerReg_Write
 119              	.LVL10:
 120              	.L9:
  33:Sensoren.c    **** 		{
 121              		.loc 1 33 0
 122 0016 FFF7FEFF 		bl	statusEcho_Read
 123              	.LVL11:
 124 001a 0028     		cmp	r0, #0
 125 001c F2D0     		beq	.L10
 126              	.L11:
  38:Sensoren.c    **** 		}
  39:Sensoren.c    **** 	while(statusEcho_Read() == 1){}
 127              		.loc 1 39 0 discriminator 1
 128 001e FFF7FEFF 		bl	statusEcho_Read
 129              	.LVL12:
ARM GAS  C:\Users\Jona\AppData\Local\Temp\ccy2roXH.s 			page 4


 130 0022 0128     		cmp	r0, #1
 131 0024 FBD0     		beq	.L11
  40:Sensoren.c    **** 	return TimerUS_ReadCounter();
 132              		.loc 1 40 0
 133 0026 FFF7FEFF 		bl	TimerUS_ReadCounter
 134              	.LVL13:
  41:Sensoren.c    **** }
 135              		.loc 1 41 0
 136 002a 08BD     		pop	{r3, pc}
 137              		.cfi_endproc
 138              	.LFE64:
 139              		.size	readUSValue, .-readUSValue
 140              		.section	.text.schuifRegister,"ax",%progbits
 141              		.align	2
 142              		.global	schuifRegister
 143              		.thumb
 144              		.thumb_func
 145              		.type	schuifRegister, %function
 146              	schuifRegister:
 147              	.LFB65:
  42:Sensoren.c    **** 
  43:Sensoren.c    **** void schuifRegister(uint16 array[], uint16 newValue)
  44:Sensoren.c    **** {
 148              		.loc 1 44 0
 149              		.cfi_startproc
 150              		@ args = 0, pretend = 0, frame = 0
 151              		@ frame_needed = 0, uses_anonymous_args = 0
 152              		@ link register save eliminated.
 153              	.LVL14:
 154 0000 10B4     		push	{r4}
 155              		.cfi_def_cfa_offset 4
 156              		.cfi_offset 4, -4
 157              	.LVL15:
 158              	.LBB4:
  45:Sensoren.c    **** 	for(int i = 3; i >= 0; i--)
 159              		.loc 1 45 0
 160 0002 0323     		movs	r3, #3
 161 0004 06E0     		b	.L14
 162              	.LVL16:
 163              	.L15:
 164              	.LBB5:
  46:Sensoren.c    **** 	{
  47:Sensoren.c    **** 		uint16 tmpvalue = avgUS1[i];
 165              		.loc 1 47 0 discriminator 3
 166 0006 064A     		ldr	r2, .L17
 167 0008 32F81340 		ldrh	r4, [r2, r3, lsl #1]
 168              	.LVL17:
  48:Sensoren.c    **** 		array[i + 1] = tmpvalue;
 169              		.loc 1 48 0 discriminator 3
 170 000c 5A1C     		adds	r2, r3, #1
 171 000e 20F81240 		strh	r4, [r0, r2, lsl #1]	@ movhi
 172              	.LBE5:
  45:Sensoren.c    **** 	for(int i = 3; i >= 0; i--)
 173              		.loc 1 45 0 discriminator 3
 174 0012 013B     		subs	r3, r3, #1
 175              	.LVL18:
 176              	.L14:
ARM GAS  C:\Users\Jona\AppData\Local\Temp\ccy2roXH.s 			page 5


  45:Sensoren.c    **** 	for(int i = 3; i >= 0; i--)
 177              		.loc 1 45 0 is_stmt 0 discriminator 1
 178 0014 002B     		cmp	r3, #0
 179 0016 F6DA     		bge	.L15
 180              	.LBE4:
  49:Sensoren.c    **** 	}
  50:Sensoren.c    **** 	array[0] = newValue;
 181              		.loc 1 50 0 is_stmt 1
 182 0018 0180     		strh	r1, [r0]	@ movhi
  51:Sensoren.c    **** }
 183              		.loc 1 51 0
 184 001a 10BC     		pop	{r4}
 185              		.cfi_restore 4
 186              		.cfi_def_cfa_offset 0
 187 001c 7047     		bx	lr
 188              	.L18:
 189 001e 00BF     		.align	2
 190              	.L17:
 191 0020 00000000 		.word	avgUS1
 192              		.cfi_endproc
 193              	.LFE65:
 194              		.size	schuifRegister, .-schuifRegister
 195              		.section	.text.berekenMediaan,"ax",%progbits
 196              		.align	2
 197              		.global	berekenMediaan
 198              		.thumb
 199              		.thumb_func
 200              		.type	berekenMediaan, %function
 201              	berekenMediaan:
 202              	.LFB66:
  52:Sensoren.c    **** 
  53:Sensoren.c    **** void berekenMediaan(uint16 array[]) 
  54:Sensoren.c    **** { 
 203              		.loc 1 54 0
 204              		.cfi_startproc
 205              		@ args = 0, pretend = 0, frame = 16
 206              		@ frame_needed = 0, uses_anonymous_args = 0
 207              		@ link register save eliminated.
 208              	.LVL19:
 209 0000 10B4     		push	{r4}
 210              		.cfi_def_cfa_offset 4
 211              		.cfi_offset 4, -4
 212 0002 85B0     		sub	sp, sp, #20
 213              		.cfi_def_cfa_offset 24
 214 0004 0446     		mov	r4, r0
  55:Sensoren.c    **** 	//uint16 tmp = 0;
  56:Sensoren.c    **** 	uint16 tmpArray[] = {UINT16_MAX,UINT16_MAX,UINT16_MAX,UINT16_MAX,UINT16_MAX};
 215              		.loc 1 56 0
 216 0006 134A     		ldr	r2, .L26
 217 0008 01AB     		add	r3, sp, #4
 218 000a 1068     		ldr	r0, [r2]	@ unaligned
 219              	.LVL20:
 220 000c 5168     		ldr	r1, [r2, #4]	@ unaligned
 221 000e 03C3     		stmia	r3!, {r0, r1}
 222 0010 1289     		ldrh	r2, [r2, #8]	@ unaligned
 223 0012 1A80     		strh	r2, [r3]	@ unaligned
 224              	.LVL21:
ARM GAS  C:\Users\Jona\AppData\Local\Temp\ccy2roXH.s 			page 6


 225              	.LBB6:
  57:Sensoren.c    **** 	for(int i = 0; i < 5; i++)
 226              		.loc 1 57 0
 227 0014 0021     		movs	r1, #0
 228 0016 13E0     		b	.L20
 229              	.LVL22:
 230              	.L22:
 231              	.LBB7:
  58:Sensoren.c    **** 	{
  59:Sensoren.c    **** 		for(int j = 0; j < 5; j++) 
  60:Sensoren.c    **** 		{
  61:Sensoren.c    **** 			if (array[j] < tmpArray[i]) tmpArray[i] = array[j];
 232              		.loc 1 61 0
 233 0018 34F81320 		ldrh	r2, [r4, r3, lsl #1]
 234 001c 04A8     		add	r0, sp, #16
 235 001e 00EB4100 		add	r0, r0, r1, lsl #1
 236 0022 30F80C0C 		ldrh	r0, [r0, #-12]
 237 0026 8242     		cmp	r2, r0
 238 0028 04D2     		bcs	.L21
 239              		.loc 1 61 0 is_stmt 0 discriminator 1
 240 002a 04A8     		add	r0, sp, #16
 241 002c 00EB4100 		add	r0, r0, r1, lsl #1
 242 0030 20F80C2C 		strh	r2, [r0, #-12]	@ movhi
 243              	.L21:
  59:Sensoren.c    **** 		{
 244              		.loc 1 59 0 is_stmt 1 discriminator 2
 245 0034 0133     		adds	r3, r3, #1
 246              	.LVL23:
 247 0036 00E0     		b	.L23
 248              	.LVL24:
 249              	.L24:
 250              	.LBE7:
 251 0038 0023     		movs	r3, #0
 252              	.L23:
 253              	.LVL25:
 254              	.LBB8:
  59:Sensoren.c    **** 		{
 255              		.loc 1 59 0 is_stmt 0 discriminator 1
 256 003a 042B     		cmp	r3, #4
 257 003c ECDD     		ble	.L22
 258              	.LBE8:
  57:Sensoren.c    **** 	for(int i = 0; i < 5; i++)
 259              		.loc 1 57 0 is_stmt 1 discriminator 2
 260 003e 0131     		adds	r1, r1, #1
 261              	.LVL26:
 262              	.L20:
  57:Sensoren.c    **** 	for(int i = 0; i < 5; i++)
 263              		.loc 1 57 0 is_stmt 0 discriminator 1
 264 0040 0429     		cmp	r1, #4
 265 0042 F9DD     		ble	.L24
 266              	.LBE6:
  62:Sensoren.c    **** 		}
  63:Sensoren.c    **** 	}
  64:Sensoren.c    **** 	mediaan = tmpArray[3];
 267              		.loc 1 64 0 is_stmt 1
 268 0044 BDF80A20 		ldrh	r2, [sp, #10]
 269 0048 034B     		ldr	r3, .L26+4
ARM GAS  C:\Users\Jona\AppData\Local\Temp\ccy2roXH.s 			page 7


 270 004a 1A80     		strh	r2, [r3]	@ movhi
  65:Sensoren.c    **** }  
 271              		.loc 1 65 0
 272 004c 05B0     		add	sp, sp, #20
 273              		.cfi_def_cfa_offset 4
 274              		@ sp needed
 275 004e 10BC     		pop	{r4}
 276              		.cfi_restore 4
 277              		.cfi_def_cfa_offset 0
 278              	.LVL27:
 279 0050 7047     		bx	lr
 280              	.L27:
 281 0052 00BF     		.align	2
 282              	.L26:
 283 0054 00000000 		.word	.LANCHOR0
 284 0058 00000000 		.word	mediaan
 285              		.cfi_endproc
 286              	.LFE66:
 287              		.size	berekenMediaan, .-berekenMediaan
 288              		.comm	boolSelect,1,1
 289              		.comm	avgUS3,10,4
 290              		.comm	avgUS2,10,4
 291              		.comm	avgUS1,10,4
 292              		.comm	selectUS,1,1
 293              		.comm	mediaan,2,2
 294              		.comm	IRDrempel,1,1
 295              		.comm	IRWaarden,1,1
 296              		.comm	pwmMotorRechts,1,1
 297              		.comm	pwmMotorLinks,1,1
 298              		.comm	strMsg1,64,4
 299              		.comm	hexaDecBuffer,2,4
 300              		.section	.rodata
 301              		.align	2
 302              		.set	.LANCHOR0,. + 0
 303              	.LC0:
 304 0000 FFFF     		.short	-1
 305 0002 FFFF     		.short	-1
 306 0004 FFFF     		.short	-1
 307 0006 FFFF     		.short	-1
 308 0008 FFFF     		.short	-1
 309              		.text
 310              	.Letext0:
 311              		.file 2 "c:\\program files (x86)\\cypress\\psoc creator\\4.1\\psoc creator\\import\\gnu\\arm\\5.4.
 312              		.file 3 "c:\\program files (x86)\\cypress\\psoc creator\\4.1\\psoc creator\\import\\gnu\\arm\\5.4.
 313              		.file 4 "Generated_Source\\PSoC5/cytypes.h"
 314              		.file 5 "projectMain.h"
 315              		.file 6 "Generated_Source\\PSoC5/core_cm3.h"
 316              		.file 7 "Generated_Source\\PSoC5/ADC_IR.h"
 317              		.file 8 "Generated_Source\\PSoC5/TriggerReg.h"
 318              		.file 9 "Generated_Source\\PSoC5/CyLib.h"
 319              		.file 10 "Generated_Source\\PSoC5/statusEcho.h"
 320              		.file 11 "Generated_Source\\PSoC5/TimerUS.h"
 321              		.section	.debug_info,"",%progbits
 322              	.Ldebug_info0:
 323 0000 A8030000 		.4byte	0x3a8
 324 0004 0400     		.2byte	0x4
 325 0006 00000000 		.4byte	.Ldebug_abbrev0
ARM GAS  C:\Users\Jona\AppData\Local\Temp\ccy2roXH.s 			page 8


 326 000a 04       		.byte	0x4
 327 000b 01       		.uleb128 0x1
 328 000c 93000000 		.4byte	.LASF45
 329 0010 0C       		.byte	0xc
 330 0011 E3020000 		.4byte	.LASF46
 331 0015 8F010000 		.4byte	.LASF47
 332 0019 18000000 		.4byte	.Ldebug_ranges0+0x18
 333 001d 00000000 		.4byte	0
 334 0021 00000000 		.4byte	.Ldebug_line0
 335 0025 02       		.uleb128 0x2
 336 0026 01       		.byte	0x1
 337 0027 06       		.byte	0x6
 338 0028 D7020000 		.4byte	.LASF0
 339 002c 02       		.uleb128 0x2
 340 002d 01       		.byte	0x1
 341 002e 08       		.byte	0x8
 342 002f 85000000 		.4byte	.LASF1
 343 0033 02       		.uleb128 0x2
 344 0034 02       		.byte	0x2
 345 0035 05       		.byte	0x5
 346 0036 85010000 		.4byte	.LASF2
 347 003a 02       		.uleb128 0x2
 348 003b 02       		.byte	0x2
 349 003c 07       		.byte	0x7
 350 003d 47010000 		.4byte	.LASF3
 351 0041 03       		.uleb128 0x3
 352 0042 0F000000 		.4byte	.LASF9
 353 0046 02       		.byte	0x2
 354 0047 3F       		.byte	0x3f
 355 0048 4C000000 		.4byte	0x4c
 356 004c 02       		.uleb128 0x2
 357 004d 04       		.byte	0x4
 358 004e 05       		.byte	0x5
 359 004f C2020000 		.4byte	.LASF4
 360 0053 02       		.uleb128 0x2
 361 0054 04       		.byte	0x4
 362 0055 07       		.byte	0x7
 363 0056 35010000 		.4byte	.LASF5
 364 005a 02       		.uleb128 0x2
 365 005b 08       		.byte	0x8
 366 005c 05       		.byte	0x5
 367 005d 8D020000 		.4byte	.LASF6
 368 0061 02       		.uleb128 0x2
 369 0062 08       		.byte	0x8
 370 0063 07       		.byte	0x7
 371 0064 2E020000 		.4byte	.LASF7
 372 0068 04       		.uleb128 0x4
 373 0069 04       		.byte	0x4
 374 006a 05       		.byte	0x5
 375 006b 696E7400 		.ascii	"int\000"
 376 006f 02       		.uleb128 0x2
 377 0070 04       		.byte	0x4
 378 0071 07       		.byte	0x7
 379 0072 21020000 		.4byte	.LASF8
 380 0076 03       		.uleb128 0x3
 381 0077 6B020000 		.4byte	.LASF10
 382 007b 03       		.byte	0x3
ARM GAS  C:\Users\Jona\AppData\Local\Temp\ccy2roXH.s 			page 9


 383 007c 2C       		.byte	0x2c
 384 007d 41000000 		.4byte	0x41
 385 0081 05       		.uleb128 0x5
 386 0082 BC020000 		.4byte	.LASF11
 387 0086 04       		.byte	0x4
 388 0087 9201     		.2byte	0x192
 389 0089 2C000000 		.4byte	0x2c
 390 008d 05       		.uleb128 0x5
 391 008e 7E010000 		.4byte	.LASF12
 392 0092 04       		.byte	0x4
 393 0093 9301     		.2byte	0x193
 394 0095 3A000000 		.4byte	0x3a
 395 0099 02       		.uleb128 0x2
 396 009a 04       		.byte	0x4
 397 009b 04       		.byte	0x4
 398 009c 7F000000 		.4byte	.LASF13
 399 00a0 02       		.uleb128 0x2
 400 00a1 08       		.byte	0x8
 401 00a2 04       		.byte	0x4
 402 00a3 77010000 		.4byte	.LASF14
 403 00a7 02       		.uleb128 0x2
 404 00a8 01       		.byte	0x1
 405 00a9 08       		.byte	0x8
 406 00aa 9B020000 		.4byte	.LASF15
 407 00ae 02       		.uleb128 0x2
 408 00af 08       		.byte	0x8
 409 00b0 04       		.byte	0x4
 410 00b1 CB020000 		.4byte	.LASF16
 411 00b5 02       		.uleb128 0x2
 412 00b6 04       		.byte	0x4
 413 00b7 07       		.byte	0x7
 414 00b8 73020000 		.4byte	.LASF17
 415 00bc 06       		.uleb128 0x6
 416 00bd 21010000 		.4byte	.LASF19
 417 00c1 01       		.byte	0x1
 418 00c2 10       		.byte	0x10
 419 00c3 00000000 		.4byte	.LFB63
 420 00c7 3C000000 		.4byte	.LFE63-.LFB63
 421 00cb 01       		.uleb128 0x1
 422 00cc 9C       		.byte	0x9c
 423 00cd 2B010000 		.4byte	0x12b
 424 00d1 07       		.uleb128 0x7
 425 00d2 08000000 		.4byte	.LBB2
 426 00d6 28000000 		.4byte	.LBE2-.LBB2
 427 00da 08       		.uleb128 0x8
 428 00db 6900     		.ascii	"i\000"
 429 00dd 01       		.byte	0x1
 430 00de 14       		.byte	0x14
 431 00df 68000000 		.4byte	0x68
 432 00e3 00000000 		.4byte	.LLST0
 433 00e7 09       		.uleb128 0x9
 434 00e8 18000000 		.4byte	.LBB3
 435 00ec 12000000 		.4byte	.LBE3-.LBB3
 436 00f0 19010000 		.4byte	0x119
 437 00f4 0A       		.uleb128 0xa
 438 00f5 A0020000 		.4byte	.LASF18
 439 00f9 01       		.byte	0x1
ARM GAS  C:\Users\Jona\AppData\Local\Temp\ccy2roXH.s 			page 10


 440 00fa 18       		.byte	0x18
 441 00fb 81000000 		.4byte	0x81
 442 00ff 1F000000 		.4byte	.LLST1
 443 0103 0B       		.uleb128 0xb
 444 0104 20000000 		.4byte	.LVL3
 445 0108 69030000 		.4byte	0x369
 446 010c 0C       		.uleb128 0xc
 447 010d 01       		.uleb128 0x1
 448 010e 50       		.byte	0x50
 449 010f 01       		.uleb128 0x1
 450 0110 32       		.byte	0x32
 451 0111 0C       		.uleb128 0xc
 452 0112 01       		.uleb128 0x1
 453 0113 51       		.byte	0x51
 454 0114 02       		.uleb128 0x2
 455 0115 74       		.byte	0x74
 456 0116 00       		.sleb128 0
 457 0117 00       		.byte	0
 458 0118 00       		.byte	0
 459 0119 0B       		.uleb128 0xb
 460 011a 10000000 		.4byte	.LVL2
 461 011e 74030000 		.4byte	0x374
 462 0122 0C       		.uleb128 0xc
 463 0123 01       		.uleb128 0x1
 464 0124 50       		.byte	0x50
 465 0125 02       		.uleb128 0x2
 466 0126 74       		.byte	0x74
 467 0127 00       		.sleb128 0
 468 0128 00       		.byte	0
 469 0129 00       		.byte	0
 470 012a 00       		.byte	0
 471 012b 0D       		.uleb128 0xd
 472 012c 2F000000 		.4byte	.LASF48
 473 0130 01       		.byte	0x1
 474 0131 1F       		.byte	0x1f
 475 0132 8D000000 		.4byte	0x8d
 476 0136 00000000 		.4byte	.LFB64
 477 013a 2C000000 		.4byte	.LFE64-.LFB64
 478 013e 01       		.uleb128 0x1
 479 013f 9C       		.byte	0x9c
 480 0140 99010000 		.4byte	0x199
 481 0144 0E       		.uleb128 0xe
 482 0145 0A000000 		.4byte	.LVL8
 483 0149 7F030000 		.4byte	0x37f
 484 014d 57010000 		.4byte	0x157
 485 0151 0C       		.uleb128 0xc
 486 0152 01       		.uleb128 0x1
 487 0153 50       		.byte	0x50
 488 0154 01       		.uleb128 0x1
 489 0155 31       		.byte	0x31
 490 0156 00       		.byte	0
 491 0157 0E       		.uleb128 0xe
 492 0158 10000000 		.4byte	.LVL9
 493 015c 8A030000 		.4byte	0x38a
 494 0160 6A010000 		.4byte	0x16a
 495 0164 0C       		.uleb128 0xc
 496 0165 01       		.uleb128 0x1
ARM GAS  C:\Users\Jona\AppData\Local\Temp\ccy2roXH.s 			page 11


 497 0166 50       		.byte	0x50
 498 0167 01       		.uleb128 0x1
 499 0168 3A       		.byte	0x3a
 500 0169 00       		.byte	0
 501 016a 0E       		.uleb128 0xe
 502 016b 16000000 		.4byte	.LVL10
 503 016f 7F030000 		.4byte	0x37f
 504 0173 7D010000 		.4byte	0x17d
 505 0177 0C       		.uleb128 0xc
 506 0178 01       		.uleb128 0x1
 507 0179 50       		.byte	0x50
 508 017a 01       		.uleb128 0x1
 509 017b 30       		.byte	0x30
 510 017c 00       		.byte	0
 511 017d 0F       		.uleb128 0xf
 512 017e 1A000000 		.4byte	.LVL11
 513 0182 95030000 		.4byte	0x395
 514 0186 0F       		.uleb128 0xf
 515 0187 22000000 		.4byte	.LVL12
 516 018b 95030000 		.4byte	0x395
 517 018f 0F       		.uleb128 0xf
 518 0190 2A000000 		.4byte	.LVL13
 519 0194 A0030000 		.4byte	0x3a0
 520 0198 00       		.byte	0
 521 0199 06       		.uleb128 0x6
 522 019a 67000000 		.4byte	.LASF20
 523 019e 01       		.byte	0x1
 524 019f 2B       		.byte	0x2b
 525 01a0 00000000 		.4byte	.LFB65
 526 01a4 24000000 		.4byte	.LFE65-.LFB65
 527 01a8 01       		.uleb128 0x1
 528 01a9 9C       		.byte	0x9c
 529 01aa F9010000 		.4byte	0x1f9
 530 01ae 10       		.uleb128 0x10
 531 01af 5A010000 		.4byte	.LASF21
 532 01b3 01       		.byte	0x1
 533 01b4 2B       		.byte	0x2b
 534 01b5 F9010000 		.4byte	0x1f9
 535 01b9 01       		.uleb128 0x1
 536 01ba 50       		.byte	0x50
 537 01bb 10       		.uleb128 0x10
 538 01bc B3020000 		.4byte	.LASF22
 539 01c0 01       		.byte	0x1
 540 01c1 2B       		.byte	0x2b
 541 01c2 8D000000 		.4byte	0x8d
 542 01c6 01       		.uleb128 0x1
 543 01c7 51       		.byte	0x51
 544 01c8 07       		.uleb128 0x7
 545 01c9 02000000 		.4byte	.LBB4
 546 01cd 16000000 		.4byte	.LBE4-.LBB4
 547 01d1 08       		.uleb128 0x8
 548 01d2 6900     		.ascii	"i\000"
 549 01d4 01       		.byte	0x1
 550 01d5 2D       		.byte	0x2d
 551 01d6 68000000 		.4byte	0x68
 552 01da 32000000 		.4byte	.LLST2
 553 01de 07       		.uleb128 0x7
ARM GAS  C:\Users\Jona\AppData\Local\Temp\ccy2roXH.s 			page 12


 554 01df 06000000 		.4byte	.LBB5
 555 01e3 0C000000 		.4byte	.LBE5-.LBB5
 556 01e7 0A       		.uleb128 0xa
 557 01e8 F9020000 		.4byte	.LASF23
 558 01ec 01       		.byte	0x1
 559 01ed 2F       		.byte	0x2f
 560 01ee 8D000000 		.4byte	0x8d
 561 01f2 51000000 		.4byte	.LLST3
 562 01f6 00       		.byte	0
 563 01f7 00       		.byte	0
 564 01f8 00       		.byte	0
 565 01f9 11       		.uleb128 0x11
 566 01fa 04       		.byte	0x4
 567 01fb 8D000000 		.4byte	0x8d
 568 01ff 06       		.uleb128 0x6
 569 0200 00000000 		.4byte	.LASF24
 570 0204 01       		.byte	0x1
 571 0205 35       		.byte	0x35
 572 0206 00000000 		.4byte	.LFB66
 573 020a 5C000000 		.4byte	.LFE66-.LFB66
 574 020e 01       		.uleb128 0x1
 575 020f 9C       		.byte	0x9c
 576 0210 5C020000 		.4byte	0x25c
 577 0214 12       		.uleb128 0x12
 578 0215 5A010000 		.4byte	.LASF21
 579 0219 01       		.byte	0x1
 580 021a 35       		.byte	0x35
 581 021b F9010000 		.4byte	0x1f9
 582 021f 64000000 		.4byte	.LLST4
 583 0223 13       		.uleb128 0x13
 584 0224 2C010000 		.4byte	.LASF25
 585 0228 01       		.byte	0x1
 586 0229 38       		.byte	0x38
 587 022a 5C020000 		.4byte	0x25c
 588 022e 02       		.uleb128 0x2
 589 022f 91       		.byte	0x91
 590 0230 6C       		.sleb128 -20
 591 0231 07       		.uleb128 0x7
 592 0232 14000000 		.4byte	.LBB6
 593 0236 30000000 		.4byte	.LBE6-.LBB6
 594 023a 08       		.uleb128 0x8
 595 023b 6900     		.ascii	"i\000"
 596 023d 01       		.byte	0x1
 597 023e 39       		.byte	0x39
 598 023f 68000000 		.4byte	0x68
 599 0243 90000000 		.4byte	.LLST5
 600 0247 14       		.uleb128 0x14
 601 0248 00000000 		.4byte	.Ldebug_ranges0+0
 602 024c 08       		.uleb128 0x8
 603 024d 6A00     		.ascii	"j\000"
 604 024f 01       		.byte	0x1
 605 0250 3B       		.byte	0x3b
 606 0251 68000000 		.4byte	0x68
 607 0255 AF000000 		.4byte	.LLST6
 608 0259 00       		.byte	0
 609 025a 00       		.byte	0
 610 025b 00       		.byte	0
ARM GAS  C:\Users\Jona\AppData\Local\Temp\ccy2roXH.s 			page 13


 611 025c 15       		.uleb128 0x15
 612 025d 8D000000 		.4byte	0x8d
 613 0261 6C020000 		.4byte	0x26c
 614 0265 16       		.uleb128 0x16
 615 0266 B5000000 		.4byte	0xb5
 616 026a 04       		.byte	0x4
 617 026b 00       		.byte	0
 618 026c 15       		.uleb128 0x15
 619 026d A7000000 		.4byte	0xa7
 620 0271 7C020000 		.4byte	0x27c
 621 0275 16       		.uleb128 0x16
 622 0276 B5000000 		.4byte	0xb5
 623 027a 01       		.byte	0x1
 624 027b 00       		.byte	0
 625 027c 17       		.uleb128 0x17
 626 027d 21000000 		.4byte	.LASF26
 627 0281 05       		.byte	0x5
 628 0282 14       		.byte	0x14
 629 0283 6C020000 		.4byte	0x26c
 630 0287 05       		.uleb128 0x5
 631 0288 03       		.byte	0x3
 632 0289 00000000 		.4byte	hexaDecBuffer
 633 028d 15       		.uleb128 0x15
 634 028e A7000000 		.4byte	0xa7
 635 0292 9D020000 		.4byte	0x29d
 636 0296 16       		.uleb128 0x16
 637 0297 B5000000 		.4byte	0xb5
 638 029b 3F       		.byte	0x3f
 639 029c 00       		.byte	0
 640 029d 17       		.uleb128 0x17
 641 029e 45020000 		.4byte	.LASF27
 642 02a2 05       		.byte	0x5
 643 02a3 15       		.byte	0x15
 644 02a4 8D020000 		.4byte	0x28d
 645 02a8 05       		.uleb128 0x5
 646 02a9 03       		.byte	0x3
 647 02aa 00000000 		.4byte	strMsg1
 648 02ae 17       		.uleb128 0x17
 649 02af 59000000 		.4byte	.LASF28
 650 02b3 05       		.byte	0x5
 651 02b4 20       		.byte	0x20
 652 02b5 81000000 		.4byte	0x81
 653 02b9 05       		.uleb128 0x5
 654 02ba 03       		.byte	0x3
 655 02bb 00000000 		.4byte	pwmMotorLinks
 656 02bf 17       		.uleb128 0x17
 657 02c0 12020000 		.4byte	.LASF29
 658 02c4 05       		.byte	0x5
 659 02c5 21       		.byte	0x21
 660 02c6 81000000 		.4byte	0x81
 661 02ca 05       		.uleb128 0x5
 662 02cb 03       		.byte	0x3
 663 02cc 00000000 		.4byte	pwmMotorRechts
 664 02d0 17       		.uleb128 0x17
 665 02d1 4D020000 		.4byte	.LASF30
 666 02d5 05       		.byte	0x5
 667 02d6 2A       		.byte	0x2a
ARM GAS  C:\Users\Jona\AppData\Local\Temp\ccy2roXH.s 			page 14


 668 02d7 81000000 		.4byte	0x81
 669 02db 05       		.uleb128 0x5
 670 02dc 03       		.byte	0x3
 671 02dd 00000000 		.4byte	IRWaarden
 672 02e1 17       		.uleb128 0x17
 673 02e2 6D010000 		.4byte	.LASF31
 674 02e6 05       		.byte	0x5
 675 02e7 2B       		.byte	0x2b
 676 02e8 81000000 		.4byte	0x81
 677 02ec 05       		.uleb128 0x5
 678 02ed 03       		.byte	0x3
 679 02ee 00000000 		.4byte	IRDrempel
 680 02f2 17       		.uleb128 0x17
 681 02f3 19000000 		.4byte	.LASF32
 682 02f7 05       		.byte	0x5
 683 02f8 31       		.byte	0x31
 684 02f9 8D000000 		.4byte	0x8d
 685 02fd 05       		.uleb128 0x5
 686 02fe 03       		.byte	0x3
 687 02ff 00000000 		.4byte	mediaan
 688 0303 17       		.uleb128 0x17
 689 0304 76000000 		.4byte	.LASF33
 690 0308 05       		.byte	0x5
 691 0309 32       		.byte	0x32
 692 030a 81000000 		.4byte	0x81
 693 030e 05       		.uleb128 0x5
 694 030f 03       		.byte	0x3
 695 0310 00000000 		.4byte	selectUS
 696 0314 17       		.uleb128 0x17
 697 0315 F8010000 		.4byte	.LASF34
 698 0319 05       		.byte	0x5
 699 031a 34       		.byte	0x34
 700 031b 5C020000 		.4byte	0x25c
 701 031f 05       		.uleb128 0x5
 702 0320 03       		.byte	0x3
 703 0321 00000000 		.4byte	avgUS1
 704 0325 17       		.uleb128 0x17
 705 0326 4B000000 		.4byte	.LASF35
 706 032a 05       		.byte	0x5
 707 032b 35       		.byte	0x35
 708 032c 5C020000 		.4byte	0x25c
 709 0330 05       		.uleb128 0x5
 710 0331 03       		.byte	0x3
 711 0332 00000000 		.4byte	avgUS2
 712 0336 17       		.uleb128 0x17
 713 0337 52000000 		.4byte	.LASF36
 714 033b 05       		.byte	0x5
 715 033c 36       		.byte	0x36
 716 033d 5C020000 		.4byte	0x25c
 717 0341 05       		.uleb128 0x5
 718 0342 03       		.byte	0x3
 719 0343 00000000 		.4byte	avgUS3
 720 0347 17       		.uleb128 0x17
 721 0348 EE020000 		.4byte	.LASF37
 722 034c 05       		.byte	0x5
 723 034d 48       		.byte	0x48
 724 034e 81000000 		.4byte	0x81
ARM GAS  C:\Users\Jona\AppData\Local\Temp\ccy2roXH.s 			page 15


 725 0352 05       		.uleb128 0x5
 726 0353 03       		.byte	0x3
 727 0354 00000000 		.4byte	boolSelect
 728 0358 18       		.uleb128 0x18
 729 0359 60010000 		.4byte	.LASF38
 730 035d 06       		.byte	0x6
 731 035e 1207     		.2byte	0x712
 732 0360 64030000 		.4byte	0x364
 733 0364 19       		.uleb128 0x19
 734 0365 76000000 		.4byte	0x76
 735 0369 1A       		.uleb128 0x1a
 736 036a AA020000 		.4byte	.LASF39
 737 036e AA020000 		.4byte	.LASF39
 738 0372 05       		.byte	0x5
 739 0373 43       		.byte	0x43
 740 0374 1A       		.uleb128 0x1a
 741 0375 FF010000 		.4byte	.LASF40
 742 0379 FF010000 		.4byte	.LASF40
 743 037d 07       		.byte	0x7
 744 037e 35       		.byte	0x35
 745 037f 1A       		.uleb128 0x1a
 746 0380 7C020000 		.4byte	.LASF41
 747 0384 7C020000 		.4byte	.LASF41
 748 0388 08       		.byte	0x8
 749 0389 2F       		.byte	0x2f
 750 038a 1A       		.uleb128 0x1a
 751 038b EE010000 		.4byte	.LASF42
 752 038f EE010000 		.4byte	.LASF42
 753 0393 09       		.byte	0x9
 754 0394 77       		.byte	0x77
 755 0395 1A       		.uleb128 0x1a
 756 0396 3B000000 		.4byte	.LASF43
 757 039a 3B000000 		.4byte	.LASF43
 758 039e 0A       		.byte	0xa
 759 039f 30       		.byte	0x30
 760 03a0 1A       		.uleb128 0x1a
 761 03a1 57020000 		.4byte	.LASF44
 762 03a5 57020000 		.4byte	.LASF44
 763 03a9 0B       		.byte	0xb
 764 03aa 69       		.byte	0x69
 765 03ab 00       		.byte	0
 766              		.section	.debug_abbrev,"",%progbits
 767              	.Ldebug_abbrev0:
 768 0000 01       		.uleb128 0x1
 769 0001 11       		.uleb128 0x11
 770 0002 01       		.byte	0x1
 771 0003 25       		.uleb128 0x25
 772 0004 0E       		.uleb128 0xe
 773 0005 13       		.uleb128 0x13
 774 0006 0B       		.uleb128 0xb
 775 0007 03       		.uleb128 0x3
 776 0008 0E       		.uleb128 0xe
 777 0009 1B       		.uleb128 0x1b
 778 000a 0E       		.uleb128 0xe
 779 000b 55       		.uleb128 0x55
 780 000c 17       		.uleb128 0x17
 781 000d 11       		.uleb128 0x11
ARM GAS  C:\Users\Jona\AppData\Local\Temp\ccy2roXH.s 			page 16


 782 000e 01       		.uleb128 0x1
 783 000f 10       		.uleb128 0x10
 784 0010 17       		.uleb128 0x17
 785 0011 00       		.byte	0
 786 0012 00       		.byte	0
 787 0013 02       		.uleb128 0x2
 788 0014 24       		.uleb128 0x24
 789 0015 00       		.byte	0
 790 0016 0B       		.uleb128 0xb
 791 0017 0B       		.uleb128 0xb
 792 0018 3E       		.uleb128 0x3e
 793 0019 0B       		.uleb128 0xb
 794 001a 03       		.uleb128 0x3
 795 001b 0E       		.uleb128 0xe
 796 001c 00       		.byte	0
 797 001d 00       		.byte	0
 798 001e 03       		.uleb128 0x3
 799 001f 16       		.uleb128 0x16
 800 0020 00       		.byte	0
 801 0021 03       		.uleb128 0x3
 802 0022 0E       		.uleb128 0xe
 803 0023 3A       		.uleb128 0x3a
 804 0024 0B       		.uleb128 0xb
 805 0025 3B       		.uleb128 0x3b
 806 0026 0B       		.uleb128 0xb
 807 0027 49       		.uleb128 0x49
 808 0028 13       		.uleb128 0x13
 809 0029 00       		.byte	0
 810 002a 00       		.byte	0
 811 002b 04       		.uleb128 0x4
 812 002c 24       		.uleb128 0x24
 813 002d 00       		.byte	0
 814 002e 0B       		.uleb128 0xb
 815 002f 0B       		.uleb128 0xb
 816 0030 3E       		.uleb128 0x3e
 817 0031 0B       		.uleb128 0xb
 818 0032 03       		.uleb128 0x3
 819 0033 08       		.uleb128 0x8
 820 0034 00       		.byte	0
 821 0035 00       		.byte	0
 822 0036 05       		.uleb128 0x5
 823 0037 16       		.uleb128 0x16
 824 0038 00       		.byte	0
 825 0039 03       		.uleb128 0x3
 826 003a 0E       		.uleb128 0xe
 827 003b 3A       		.uleb128 0x3a
 828 003c 0B       		.uleb128 0xb
 829 003d 3B       		.uleb128 0x3b
 830 003e 05       		.uleb128 0x5
 831 003f 49       		.uleb128 0x49
 832 0040 13       		.uleb128 0x13
 833 0041 00       		.byte	0
 834 0042 00       		.byte	0
 835 0043 06       		.uleb128 0x6
 836 0044 2E       		.uleb128 0x2e
 837 0045 01       		.byte	0x1
 838 0046 3F       		.uleb128 0x3f
ARM GAS  C:\Users\Jona\AppData\Local\Temp\ccy2roXH.s 			page 17


 839 0047 19       		.uleb128 0x19
 840 0048 03       		.uleb128 0x3
 841 0049 0E       		.uleb128 0xe
 842 004a 3A       		.uleb128 0x3a
 843 004b 0B       		.uleb128 0xb
 844 004c 3B       		.uleb128 0x3b
 845 004d 0B       		.uleb128 0xb
 846 004e 27       		.uleb128 0x27
 847 004f 19       		.uleb128 0x19
 848 0050 11       		.uleb128 0x11
 849 0051 01       		.uleb128 0x1
 850 0052 12       		.uleb128 0x12
 851 0053 06       		.uleb128 0x6
 852 0054 40       		.uleb128 0x40
 853 0055 18       		.uleb128 0x18
 854 0056 9742     		.uleb128 0x2117
 855 0058 19       		.uleb128 0x19
 856 0059 01       		.uleb128 0x1
 857 005a 13       		.uleb128 0x13
 858 005b 00       		.byte	0
 859 005c 00       		.byte	0
 860 005d 07       		.uleb128 0x7
 861 005e 0B       		.uleb128 0xb
 862 005f 01       		.byte	0x1
 863 0060 11       		.uleb128 0x11
 864 0061 01       		.uleb128 0x1
 865 0062 12       		.uleb128 0x12
 866 0063 06       		.uleb128 0x6
 867 0064 00       		.byte	0
 868 0065 00       		.byte	0
 869 0066 08       		.uleb128 0x8
 870 0067 34       		.uleb128 0x34
 871 0068 00       		.byte	0
 872 0069 03       		.uleb128 0x3
 873 006a 08       		.uleb128 0x8
 874 006b 3A       		.uleb128 0x3a
 875 006c 0B       		.uleb128 0xb
 876 006d 3B       		.uleb128 0x3b
 877 006e 0B       		.uleb128 0xb
 878 006f 49       		.uleb128 0x49
 879 0070 13       		.uleb128 0x13
 880 0071 02       		.uleb128 0x2
 881 0072 17       		.uleb128 0x17
 882 0073 00       		.byte	0
 883 0074 00       		.byte	0
 884 0075 09       		.uleb128 0x9
 885 0076 0B       		.uleb128 0xb
 886 0077 01       		.byte	0x1
 887 0078 11       		.uleb128 0x11
 888 0079 01       		.uleb128 0x1
 889 007a 12       		.uleb128 0x12
 890 007b 06       		.uleb128 0x6
 891 007c 01       		.uleb128 0x1
 892 007d 13       		.uleb128 0x13
 893 007e 00       		.byte	0
 894 007f 00       		.byte	0
 895 0080 0A       		.uleb128 0xa
ARM GAS  C:\Users\Jona\AppData\Local\Temp\ccy2roXH.s 			page 18


 896 0081 34       		.uleb128 0x34
 897 0082 00       		.byte	0
 898 0083 03       		.uleb128 0x3
 899 0084 0E       		.uleb128 0xe
 900 0085 3A       		.uleb128 0x3a
 901 0086 0B       		.uleb128 0xb
 902 0087 3B       		.uleb128 0x3b
 903 0088 0B       		.uleb128 0xb
 904 0089 49       		.uleb128 0x49
 905 008a 13       		.uleb128 0x13
 906 008b 02       		.uleb128 0x2
 907 008c 17       		.uleb128 0x17
 908 008d 00       		.byte	0
 909 008e 00       		.byte	0
 910 008f 0B       		.uleb128 0xb
 911 0090 898201   		.uleb128 0x4109
 912 0093 01       		.byte	0x1
 913 0094 11       		.uleb128 0x11
 914 0095 01       		.uleb128 0x1
 915 0096 31       		.uleb128 0x31
 916 0097 13       		.uleb128 0x13
 917 0098 00       		.byte	0
 918 0099 00       		.byte	0
 919 009a 0C       		.uleb128 0xc
 920 009b 8A8201   		.uleb128 0x410a
 921 009e 00       		.byte	0
 922 009f 02       		.uleb128 0x2
 923 00a0 18       		.uleb128 0x18
 924 00a1 9142     		.uleb128 0x2111
 925 00a3 18       		.uleb128 0x18
 926 00a4 00       		.byte	0
 927 00a5 00       		.byte	0
 928 00a6 0D       		.uleb128 0xd
 929 00a7 2E       		.uleb128 0x2e
 930 00a8 01       		.byte	0x1
 931 00a9 3F       		.uleb128 0x3f
 932 00aa 19       		.uleb128 0x19
 933 00ab 03       		.uleb128 0x3
 934 00ac 0E       		.uleb128 0xe
 935 00ad 3A       		.uleb128 0x3a
 936 00ae 0B       		.uleb128 0xb
 937 00af 3B       		.uleb128 0x3b
 938 00b0 0B       		.uleb128 0xb
 939 00b1 27       		.uleb128 0x27
 940 00b2 19       		.uleb128 0x19
 941 00b3 49       		.uleb128 0x49
 942 00b4 13       		.uleb128 0x13
 943 00b5 11       		.uleb128 0x11
 944 00b6 01       		.uleb128 0x1
 945 00b7 12       		.uleb128 0x12
 946 00b8 06       		.uleb128 0x6
 947 00b9 40       		.uleb128 0x40
 948 00ba 18       		.uleb128 0x18
 949 00bb 9742     		.uleb128 0x2117
 950 00bd 19       		.uleb128 0x19
 951 00be 01       		.uleb128 0x1
 952 00bf 13       		.uleb128 0x13
ARM GAS  C:\Users\Jona\AppData\Local\Temp\ccy2roXH.s 			page 19


 953 00c0 00       		.byte	0
 954 00c1 00       		.byte	0
 955 00c2 0E       		.uleb128 0xe
 956 00c3 898201   		.uleb128 0x4109
 957 00c6 01       		.byte	0x1
 958 00c7 11       		.uleb128 0x11
 959 00c8 01       		.uleb128 0x1
 960 00c9 31       		.uleb128 0x31
 961 00ca 13       		.uleb128 0x13
 962 00cb 01       		.uleb128 0x1
 963 00cc 13       		.uleb128 0x13
 964 00cd 00       		.byte	0
 965 00ce 00       		.byte	0
 966 00cf 0F       		.uleb128 0xf
 967 00d0 898201   		.uleb128 0x4109
 968 00d3 00       		.byte	0
 969 00d4 11       		.uleb128 0x11
 970 00d5 01       		.uleb128 0x1
 971 00d6 31       		.uleb128 0x31
 972 00d7 13       		.uleb128 0x13
 973 00d8 00       		.byte	0
 974 00d9 00       		.byte	0
 975 00da 10       		.uleb128 0x10
 976 00db 05       		.uleb128 0x5
 977 00dc 00       		.byte	0
 978 00dd 03       		.uleb128 0x3
 979 00de 0E       		.uleb128 0xe
 980 00df 3A       		.uleb128 0x3a
 981 00e0 0B       		.uleb128 0xb
 982 00e1 3B       		.uleb128 0x3b
 983 00e2 0B       		.uleb128 0xb
 984 00e3 49       		.uleb128 0x49
 985 00e4 13       		.uleb128 0x13
 986 00e5 02       		.uleb128 0x2
 987 00e6 18       		.uleb128 0x18
 988 00e7 00       		.byte	0
 989 00e8 00       		.byte	0
 990 00e9 11       		.uleb128 0x11
 991 00ea 0F       		.uleb128 0xf
 992 00eb 00       		.byte	0
 993 00ec 0B       		.uleb128 0xb
 994 00ed 0B       		.uleb128 0xb
 995 00ee 49       		.uleb128 0x49
 996 00ef 13       		.uleb128 0x13
 997 00f0 00       		.byte	0
 998 00f1 00       		.byte	0
 999 00f2 12       		.uleb128 0x12
 1000 00f3 05       		.uleb128 0x5
 1001 00f4 00       		.byte	0
 1002 00f5 03       		.uleb128 0x3
 1003 00f6 0E       		.uleb128 0xe
 1004 00f7 3A       		.uleb128 0x3a
 1005 00f8 0B       		.uleb128 0xb
 1006 00f9 3B       		.uleb128 0x3b
 1007 00fa 0B       		.uleb128 0xb
 1008 00fb 49       		.uleb128 0x49
 1009 00fc 13       		.uleb128 0x13
ARM GAS  C:\Users\Jona\AppData\Local\Temp\ccy2roXH.s 			page 20


 1010 00fd 02       		.uleb128 0x2
 1011 00fe 17       		.uleb128 0x17
 1012 00ff 00       		.byte	0
 1013 0100 00       		.byte	0
 1014 0101 13       		.uleb128 0x13
 1015 0102 34       		.uleb128 0x34
 1016 0103 00       		.byte	0
 1017 0104 03       		.uleb128 0x3
 1018 0105 0E       		.uleb128 0xe
 1019 0106 3A       		.uleb128 0x3a
 1020 0107 0B       		.uleb128 0xb
 1021 0108 3B       		.uleb128 0x3b
 1022 0109 0B       		.uleb128 0xb
 1023 010a 49       		.uleb128 0x49
 1024 010b 13       		.uleb128 0x13
 1025 010c 02       		.uleb128 0x2
 1026 010d 18       		.uleb128 0x18
 1027 010e 00       		.byte	0
 1028 010f 00       		.byte	0
 1029 0110 14       		.uleb128 0x14
 1030 0111 0B       		.uleb128 0xb
 1031 0112 01       		.byte	0x1
 1032 0113 55       		.uleb128 0x55
 1033 0114 17       		.uleb128 0x17
 1034 0115 00       		.byte	0
 1035 0116 00       		.byte	0
 1036 0117 15       		.uleb128 0x15
 1037 0118 01       		.uleb128 0x1
 1038 0119 01       		.byte	0x1
 1039 011a 49       		.uleb128 0x49
 1040 011b 13       		.uleb128 0x13
 1041 011c 01       		.uleb128 0x1
 1042 011d 13       		.uleb128 0x13
 1043 011e 00       		.byte	0
 1044 011f 00       		.byte	0
 1045 0120 16       		.uleb128 0x16
 1046 0121 21       		.uleb128 0x21
 1047 0122 00       		.byte	0
 1048 0123 49       		.uleb128 0x49
 1049 0124 13       		.uleb128 0x13
 1050 0125 2F       		.uleb128 0x2f
 1051 0126 0B       		.uleb128 0xb
 1052 0127 00       		.byte	0
 1053 0128 00       		.byte	0
 1054 0129 17       		.uleb128 0x17
 1055 012a 34       		.uleb128 0x34
 1056 012b 00       		.byte	0
 1057 012c 03       		.uleb128 0x3
 1058 012d 0E       		.uleb128 0xe
 1059 012e 3A       		.uleb128 0x3a
 1060 012f 0B       		.uleb128 0xb
 1061 0130 3B       		.uleb128 0x3b
 1062 0131 0B       		.uleb128 0xb
 1063 0132 49       		.uleb128 0x49
 1064 0133 13       		.uleb128 0x13
 1065 0134 3F       		.uleb128 0x3f
 1066 0135 19       		.uleb128 0x19
ARM GAS  C:\Users\Jona\AppData\Local\Temp\ccy2roXH.s 			page 21


 1067 0136 02       		.uleb128 0x2
 1068 0137 18       		.uleb128 0x18
 1069 0138 00       		.byte	0
 1070 0139 00       		.byte	0
 1071 013a 18       		.uleb128 0x18
 1072 013b 34       		.uleb128 0x34
 1073 013c 00       		.byte	0
 1074 013d 03       		.uleb128 0x3
 1075 013e 0E       		.uleb128 0xe
 1076 013f 3A       		.uleb128 0x3a
 1077 0140 0B       		.uleb128 0xb
 1078 0141 3B       		.uleb128 0x3b
 1079 0142 05       		.uleb128 0x5
 1080 0143 49       		.uleb128 0x49
 1081 0144 13       		.uleb128 0x13
 1082 0145 3F       		.uleb128 0x3f
 1083 0146 19       		.uleb128 0x19
 1084 0147 3C       		.uleb128 0x3c
 1085 0148 19       		.uleb128 0x19
 1086 0149 00       		.byte	0
 1087 014a 00       		.byte	0
 1088 014b 19       		.uleb128 0x19
 1089 014c 35       		.uleb128 0x35
 1090 014d 00       		.byte	0
 1091 014e 49       		.uleb128 0x49
 1092 014f 13       		.uleb128 0x13
 1093 0150 00       		.byte	0
 1094 0151 00       		.byte	0
 1095 0152 1A       		.uleb128 0x1a
 1096 0153 2E       		.uleb128 0x2e
 1097 0154 00       		.byte	0
 1098 0155 3F       		.uleb128 0x3f
 1099 0156 19       		.uleb128 0x19
 1100 0157 3C       		.uleb128 0x3c
 1101 0158 19       		.uleb128 0x19
 1102 0159 6E       		.uleb128 0x6e
 1103 015a 0E       		.uleb128 0xe
 1104 015b 03       		.uleb128 0x3
 1105 015c 0E       		.uleb128 0xe
 1106 015d 3A       		.uleb128 0x3a
 1107 015e 0B       		.uleb128 0xb
 1108 015f 3B       		.uleb128 0x3b
 1109 0160 0B       		.uleb128 0xb
 1110 0161 00       		.byte	0
 1111 0162 00       		.byte	0
 1112 0163 00       		.byte	0
 1113              		.section	.debug_loc,"",%progbits
 1114              	.Ldebug_loc0:
 1115              	.LLST0:
 1116 0000 08000000 		.4byte	.LVL0
 1117 0004 0A000000 		.4byte	.LVL1
 1118 0008 0200     		.2byte	0x2
 1119 000a 30       		.byte	0x30
 1120 000b 9F       		.byte	0x9f
 1121 000c 0A000000 		.4byte	.LVL1
 1122 0010 32000000 		.4byte	.LVL7
 1123 0014 0100     		.2byte	0x1
ARM GAS  C:\Users\Jona\AppData\Local\Temp\ccy2roXH.s 			page 22


 1124 0016 54       		.byte	0x54
 1125 0017 00000000 		.4byte	0
 1126 001b 00000000 		.4byte	0
 1127              	.LLST1:
 1128 001f 22000000 		.4byte	.LVL4
 1129 0023 28000000 		.4byte	.LVL5
 1130 0027 0100     		.2byte	0x1
 1131 0029 50       		.byte	0x50
 1132 002a 00000000 		.4byte	0
 1133 002e 00000000 		.4byte	0
 1134              	.LLST2:
 1135 0032 02000000 		.4byte	.LVL15
 1136 0036 06000000 		.4byte	.LVL16
 1137 003a 0200     		.2byte	0x2
 1138 003c 33       		.byte	0x33
 1139 003d 9F       		.byte	0x9f
 1140 003e 06000000 		.4byte	.LVL16
 1141 0042 24000000 		.4byte	.LFE65
 1142 0046 0100     		.2byte	0x1
 1143 0048 53       		.byte	0x53
 1144 0049 00000000 		.4byte	0
 1145 004d 00000000 		.4byte	0
 1146              	.LLST3:
 1147 0051 0C000000 		.4byte	.LVL17
 1148 0055 14000000 		.4byte	.LVL18
 1149 0059 0100     		.2byte	0x1
 1150 005b 54       		.byte	0x54
 1151 005c 00000000 		.4byte	0
 1152 0060 00000000 		.4byte	0
 1153              	.LLST4:
 1154 0064 00000000 		.4byte	.LVL19
 1155 0068 0C000000 		.4byte	.LVL20
 1156 006c 0100     		.2byte	0x1
 1157 006e 50       		.byte	0x50
 1158 006f 0C000000 		.4byte	.LVL20
 1159 0073 50000000 		.4byte	.LVL27
 1160 0077 0100     		.2byte	0x1
 1161 0079 54       		.byte	0x54
 1162 007a 50000000 		.4byte	.LVL27
 1163 007e 5C000000 		.4byte	.LFE66
 1164 0082 0400     		.2byte	0x4
 1165 0084 F3       		.byte	0xf3
 1166 0085 01       		.uleb128 0x1
 1167 0086 50       		.byte	0x50
 1168 0087 9F       		.byte	0x9f
 1169 0088 00000000 		.4byte	0
 1170 008c 00000000 		.4byte	0
 1171              	.LLST5:
 1172 0090 14000000 		.4byte	.LVL21
 1173 0094 18000000 		.4byte	.LVL22
 1174 0098 0200     		.2byte	0x2
 1175 009a 30       		.byte	0x30
 1176 009b 9F       		.byte	0x9f
 1177 009c 18000000 		.4byte	.LVL22
 1178 00a0 5C000000 		.4byte	.LFE66
 1179 00a4 0100     		.2byte	0x1
 1180 00a6 51       		.byte	0x51
ARM GAS  C:\Users\Jona\AppData\Local\Temp\ccy2roXH.s 			page 23


 1181 00a7 00000000 		.4byte	0
 1182 00ab 00000000 		.4byte	0
 1183              	.LLST6:
 1184 00af 18000000 		.4byte	.LVL22
 1185 00b3 38000000 		.4byte	.LVL24
 1186 00b7 0100     		.2byte	0x1
 1187 00b9 53       		.byte	0x53
 1188 00ba 3A000000 		.4byte	.LVL25
 1189 00be 40000000 		.4byte	.LVL26
 1190 00c2 0100     		.2byte	0x1
 1191 00c4 53       		.byte	0x53
 1192 00c5 00000000 		.4byte	0
 1193 00c9 00000000 		.4byte	0
 1194              		.section	.debug_aranges,"",%progbits
 1195 0000 34000000 		.4byte	0x34
 1196 0004 0200     		.2byte	0x2
 1197 0006 00000000 		.4byte	.Ldebug_info0
 1198 000a 04       		.byte	0x4
 1199 000b 00       		.byte	0
 1200 000c 0000     		.2byte	0
 1201 000e 0000     		.2byte	0
 1202 0010 00000000 		.4byte	.LFB63
 1203 0014 3C000000 		.4byte	.LFE63-.LFB63
 1204 0018 00000000 		.4byte	.LFB64
 1205 001c 2C000000 		.4byte	.LFE64-.LFB64
 1206 0020 00000000 		.4byte	.LFB65
 1207 0024 24000000 		.4byte	.LFE65-.LFB65
 1208 0028 00000000 		.4byte	.LFB66
 1209 002c 5C000000 		.4byte	.LFE66-.LFB66
 1210 0030 00000000 		.4byte	0
 1211 0034 00000000 		.4byte	0
 1212              		.section	.debug_ranges,"",%progbits
 1213              	.Ldebug_ranges0:
 1214 0000 18000000 		.4byte	.LBB7
 1215 0004 38000000 		.4byte	.LBE7
 1216 0008 3A000000 		.4byte	.LBB8
 1217 000c 3E000000 		.4byte	.LBE8
 1218 0010 00000000 		.4byte	0
 1219 0014 00000000 		.4byte	0
 1220 0018 00000000 		.4byte	.LFB63
 1221 001c 3C000000 		.4byte	.LFE63
 1222 0020 00000000 		.4byte	.LFB64
 1223 0024 2C000000 		.4byte	.LFE64
 1224 0028 00000000 		.4byte	.LFB65
 1225 002c 24000000 		.4byte	.LFE65
 1226 0030 00000000 		.4byte	.LFB66
 1227 0034 5C000000 		.4byte	.LFE66
 1228 0038 00000000 		.4byte	0
 1229 003c 00000000 		.4byte	0
 1230              		.section	.debug_line,"",%progbits
 1231              	.Ldebug_line0:
 1232 0000 44020000 		.section	.debug_str,"MS",%progbits,1
 1232      0200A501 
 1232      00000201 
 1232      FB0E0D00 
 1232      01010101 
 1233              	.LASF24:
ARM GAS  C:\Users\Jona\AppData\Local\Temp\ccy2roXH.s 			page 24


 1234 0000 62657265 		.ascii	"berekenMediaan\000"
 1234      6B656E4D 
 1234      65646961 
 1234      616E00
 1235              	.LASF9:
 1236 000f 5F5F696E 		.ascii	"__int32_t\000"
 1236      7433325F 
 1236      7400
 1237              	.LASF32:
 1238 0019 6D656469 		.ascii	"mediaan\000"
 1238      61616E00 
 1239              	.LASF26:
 1240 0021 68657861 		.ascii	"hexaDecBuffer\000"
 1240      44656342 
 1240      75666665 
 1240      7200
 1241              	.LASF48:
 1242 002f 72656164 		.ascii	"readUSValue\000"
 1242      55535661 
 1242      6C756500 
 1243              	.LASF43:
 1244 003b 73746174 		.ascii	"statusEcho_Read\000"
 1244      75734563 
 1244      686F5F52 
 1244      65616400 
 1245              	.LASF35:
 1246 004b 61766755 		.ascii	"avgUS2\000"
 1246      533200
 1247              	.LASF36:
 1248 0052 61766755 		.ascii	"avgUS3\000"
 1248      533300
 1249              	.LASF28:
 1250 0059 70776D4D 		.ascii	"pwmMotorLinks\000"
 1250      6F746F72 
 1250      4C696E6B 
 1250      7300
 1251              	.LASF20:
 1252 0067 73636875 		.ascii	"schuifRegister\000"
 1252      69665265 
 1252      67697374 
 1252      657200
 1253              	.LASF33:
 1254 0076 73656C65 		.ascii	"selectUS\000"
 1254      63745553 
 1254      00
 1255              	.LASF13:
 1256 007f 666C6F61 		.ascii	"float\000"
 1256      7400
 1257              	.LASF1:
 1258 0085 756E7369 		.ascii	"unsigned char\000"
 1258      676E6564 
 1258      20636861 
 1258      7200
 1259              	.LASF45:
 1260 0093 474E5520 		.ascii	"GNU C11 5.4.1 20160609 (release) [ARM/embedded-5-br"
 1260      43313120 
 1260      352E342E 
ARM GAS  C:\Users\Jona\AppData\Local\Temp\ccy2roXH.s 			page 25


 1260      31203230 
 1260      31363036 
 1261 00c6 616E6368 		.ascii	"anch revision 237715] -mcpu=cortex-m3 -mthumb -g -O"
 1261      20726576 
 1261      6973696F 
 1261      6E203233 
 1261      37373135 
 1262 00f9 67202D66 		.ascii	"g -ffunction-sections -ffat-lto-objects\000"
 1262      66756E63 
 1262      74696F6E 
 1262      2D736563 
 1262      74696F6E 
 1263              	.LASF19:
 1264 0121 49525365 		.ascii	"IRSensoren\000"
 1264      6E736F72 
 1264      656E00
 1265              	.LASF25:
 1266 012c 746D7041 		.ascii	"tmpArray\000"
 1266      72726179 
 1266      00
 1267              	.LASF5:
 1268 0135 6C6F6E67 		.ascii	"long unsigned int\000"
 1268      20756E73 
 1268      69676E65 
 1268      6420696E 
 1268      7400
 1269              	.LASF3:
 1270 0147 73686F72 		.ascii	"short unsigned int\000"
 1270      7420756E 
 1270      7369676E 
 1270      65642069 
 1270      6E7400
 1271              	.LASF21:
 1272 015a 61727261 		.ascii	"array\000"
 1272      7900
 1273              	.LASF38:
 1274 0160 49544D5F 		.ascii	"ITM_RxBuffer\000"
 1274      52784275 
 1274      66666572 
 1274      00
 1275              	.LASF31:
 1276 016d 49524472 		.ascii	"IRDrempel\000"
 1276      656D7065 
 1276      6C00
 1277              	.LASF14:
 1278 0177 646F7562 		.ascii	"double\000"
 1278      6C6500
 1279              	.LASF12:
 1280 017e 75696E74 		.ascii	"uint16\000"
 1280      313600
 1281              	.LASF2:
 1282 0185 73686F72 		.ascii	"short int\000"
 1282      7420696E 
 1282      7400
 1283              	.LASF47:
 1284 018f 433A5C55 		.ascii	"C:\\Users\\Jona\\Documents\\GitHub\\RobotComp2ELO\\"
 1284      73657273 
ARM GAS  C:\Users\Jona\AppData\Local\Temp\ccy2roXH.s 			page 26


 1284      5C4A6F6E 
 1284      615C446F 
 1284      63756D65 
 1285 01bc 536F6674 		.ascii	"Software\\PSoc\\Roadster\\Roadster\\Roadster1.0.cyd"
 1285      77617265 
 1285      5C50536F 
 1285      635C526F 
 1285      61647374 
 1286 01eb 736E00   		.ascii	"sn\000"
 1287              	.LASF42:
 1288 01ee 43794465 		.ascii	"CyDelayUs\000"
 1288      6C617955 
 1288      7300
 1289              	.LASF34:
 1290 01f8 61766755 		.ascii	"avgUS1\000"
 1290      533100
 1291              	.LASF40:
 1292 01ff 4144435F 		.ascii	"ADC_IR_GetResult16\000"
 1292      49525F47 
 1292      65745265 
 1292      73756C74 
 1292      313600
 1293              	.LASF29:
 1294 0212 70776D4D 		.ascii	"pwmMotorRechts\000"
 1294      6F746F72 
 1294      52656368 
 1294      747300
 1295              	.LASF8:
 1296 0221 756E7369 		.ascii	"unsigned int\000"
 1296      676E6564 
 1296      20696E74 
 1296      00
 1297              	.LASF7:
 1298 022e 6C6F6E67 		.ascii	"long long unsigned int\000"
 1298      206C6F6E 
 1298      6720756E 
 1298      7369676E 
 1298      65642069 
 1299              	.LASF27:
 1300 0245 7374724D 		.ascii	"strMsg1\000"
 1300      73673100 
 1301              	.LASF30:
 1302 024d 49525761 		.ascii	"IRWaarden\000"
 1302      61726465 
 1302      6E00
 1303              	.LASF44:
 1304 0257 54696D65 		.ascii	"TimerUS_ReadCounter\000"
 1304      7255535F 
 1304      52656164 
 1304      436F756E 
 1304      74657200 
 1305              	.LASF10:
 1306 026b 696E7433 		.ascii	"int32_t\000"
 1306      325F7400 
 1307              	.LASF17:
 1308 0273 73697A65 		.ascii	"sizetype\000"
 1308      74797065 
ARM GAS  C:\Users\Jona\AppData\Local\Temp\ccy2roXH.s 			page 27


 1308      00
 1309              	.LASF41:
 1310 027c 54726967 		.ascii	"TriggerReg_Write\000"
 1310      67657252 
 1310      65675F57 
 1310      72697465 
 1310      00
 1311              	.LASF6:
 1312 028d 6C6F6E67 		.ascii	"long long int\000"
 1312      206C6F6E 
 1312      6720696E 
 1312      7400
 1313              	.LASF15:
 1314 029b 63686172 		.ascii	"char\000"
 1314      00
 1315              	.LASF18:
 1316 02a0 746D7057 		.ascii	"tmpWaarde\000"
 1316      61617264 
 1316      6500
 1317              	.LASF39:
 1318 02aa 6578706F 		.ascii	"exponent\000"
 1318      6E656E74 
 1318      00
 1319              	.LASF22:
 1320 02b3 6E657756 		.ascii	"newValue\000"
 1320      616C7565 
 1320      00
 1321              	.LASF11:
 1322 02bc 75696E74 		.ascii	"uint8\000"
 1322      3800
 1323              	.LASF4:
 1324 02c2 6C6F6E67 		.ascii	"long int\000"
 1324      20696E74 
 1324      00
 1325              	.LASF16:
 1326 02cb 6C6F6E67 		.ascii	"long double\000"
 1326      20646F75 
 1326      626C6500 
 1327              	.LASF0:
 1328 02d7 7369676E 		.ascii	"signed char\000"
 1328      65642063 
 1328      68617200 
 1329              	.LASF46:
 1330 02e3 53656E73 		.ascii	"Sensoren.c\000"
 1330      6F72656E 
 1330      2E6300
 1331              	.LASF37:
 1332 02ee 626F6F6C 		.ascii	"boolSelect\000"
 1332      53656C65 
 1332      637400
 1333              	.LASF23:
 1334 02f9 746D7076 		.ascii	"tmpvalue\000"
 1334      616C7565 
 1334      00
 1335              		.ident	"GCC: (GNU Tools for ARM Embedded Processors) 5.4.1 20160609 (release) [ARM/embedded-5-bran
