--------------- Rebuild Started: 04/27/2018 15:38:29 Project: Roadster1.0, Configuration: ARM GCC 5.4-2016-q2-update Debug ---------------
Deleting file ".\CortexM3\ARM_GCC_541\Debug\main.o"
Deleting file ".\CortexM3\ARM_GCC_541\Debug\Sensoren.o"
Deleting file ".\CortexM3\ARM_GCC_541\Debug\RaceLogica.o"
Deleting file ".\CortexM3\ARM_GCC_541\Debug\cyfitter_cfg.o"
Deleting file ".\CortexM3\ARM_GCC_541\Debug\cymetadata.o"
Deleting file ".\CortexM3\ARM_GCC_541\Debug\IR1.o"
Deleting file ".\CortexM3\ARM_GCC_541\Debug\IR2.o"
Deleting file ".\CortexM3\ARM_GCC_541\Debug\IR3.o"
Deleting file ".\CortexM3\ARM_GCC_541\Debug\IR4.o"
Deleting file ".\CortexM3\ARM_GCC_541\Debug\IR5.o"
Deleting file ".\CortexM3\ARM_GCC_541\Debug\IR6.o"
Deleting file ".\CortexM3\ARM_GCC_541\Debug\IR7.o"
Deleting file ".\CortexM3\ARM_GCC_541\Debug\IR8.o"
Deleting file ".\CortexM3\ARM_GCC_541\Debug\ADC_IR.o"
Deleting file ".\CortexM3\ARM_GCC_541\Debug\ADC_IR_PM.o"
Deleting file ".\CortexM3\ARM_GCC_541\Debug\ADC_IR_INT.o"
Deleting file ".\CortexM3\ARM_GCC_541\Debug\LED5.o"
Deleting file ".\CortexM3\ARM_GCC_541\Debug\LED4.o"
Deleting file ".\CortexM3\ARM_GCC_541\Debug\LED3.o"
Deleting file ".\CortexM3\ARM_GCC_541\Debug\LED2.o"
Deleting file ".\CortexM3\ARM_GCC_541\Debug\LED1.o"
Deleting file ".\CortexM3\ARM_GCC_541\Debug\SW1.o"
Deleting file ".\CortexM3\ARM_GCC_541\Debug\SW2.o"
Deleting file ".\CortexM3\ARM_GCC_541\Debug\IN3.o"
Deleting file ".\CortexM3\ARM_GCC_541\Debug\IN2.o"
Deleting file ".\CortexM3\ARM_GCC_541\Debug\LCD.o"
Deleting file ".\CortexM3\ARM_GCC_541\Debug\LCD_PM.o"
Deleting file ".\CortexM3\ARM_GCC_541\Debug\LCD_CustChars.o"
Deleting file ".\CortexM3\ARM_GCC_541\Debug\readIRSensors.o"
Deleting file ".\CortexM3\ARM_GCC_541\Debug\isrUltraSonen.o"
Deleting file ".\CortexM3\ARM_GCC_541\Debug\Echo1.o"
Deleting file ".\CortexM3\ARM_GCC_541\Debug\Echo2.o"
Deleting file ".\CortexM3\ARM_GCC_541\Debug\Echo3.o"
Deleting file ".\CortexM3\ARM_GCC_541\Debug\TriggerReg.o"
Deleting file ".\CortexM3\ARM_GCC_541\Debug\TriggerReg_PM.o"
Deleting file ".\CortexM3\ARM_GCC_541\Debug\Trigger1.o"
Deleting file ".\CortexM3\ARM_GCC_541\Debug\TimerUS.o"
Deleting file ".\CortexM3\ARM_GCC_541\Debug\TimerUS_PM.o"
Deleting file ".\CortexM3\ARM_GCC_541\Debug\Trigger2.o"
Deleting file ".\CortexM3\ARM_GCC_541\Debug\Trigger3.o"
Deleting file ".\CortexM3\ARM_GCC_541\Debug\selectUS.o"
Deleting file ".\CortexM3\ARM_GCC_541\Debug\selectUS_PM.o"
Deleting file ".\CortexM3\ARM_GCC_541\Debug\statusEcho.o"
Deleting file ".\CortexM3\ARM_GCC_541\Debug\IN1.o"
Deleting file ".\CortexM3\ARM_GCC_541\Debug\ENB.o"
Deleting file ".\CortexM3\ARM_GCC_541\Debug\ENA.o"
Deleting file ".\CortexM3\ARM_GCC_541\Debug\Clock_1.o"
Deleting file ".\CortexM3\ARM_GCC_541\Debug\MotorControl.o"
Deleting file ".\CortexM3\ARM_GCC_541\Debug\MotorControl_PM.o"
Deleting file ".\CortexM3\ARM_GCC_541\Debug\IN4.o"
Deleting file ".\CortexM3\ARM_GCC_541\Debug\Clock_3.o"
Deleting file ".\CortexM3\ARM_GCC_541\Debug\isr_1.o"
Deleting file ".\CortexM3\ARM_GCC_541\Debug\ADC_IR_SAR.o"
Deleting file ".\CortexM3\ARM_GCC_541\Debug\ADC_IR_SAR_INT.o"
Deleting file ".\CortexM3\ARM_GCC_541\Debug\ADC_IR_SAR_PM.o"
Deleting file ".\CortexM3\ARM_GCC_541\Debug\ADC_IR_IntClock.o"
Deleting file ".\CortexM3\ARM_GCC_541\Debug\ADC_IR_TempBuf_dma.o"
Deleting file ".\CortexM3\ARM_GCC_541\Debug\ADC_IR_FinalBuf_dma.o"
Deleting file ".\CortexM3\ARM_GCC_541\Debug\ADC_IR_IRQ.o"
Deleting file ".\CortexM3\ARM_GCC_541\Debug\LCD_LCDPort.o"
Deleting file ".\CortexM3\ARM_GCC_541\Debug\Cm3Start.o"
Deleting file ".\CortexM3\ARM_GCC_541\Debug\CyBootAsmGnu.o"
Deleting file ".\CortexM3\ARM_GCC_541\Debug\CyDmac.o"
Deleting file ".\CortexM3\ARM_GCC_541\Debug\CyFlash.o"
Deleting file ".\CortexM3\ARM_GCC_541\Debug\CyLib.o"
Deleting file ".\CortexM3\ARM_GCC_541\Debug\cyPm.o"
Deleting file ".\CortexM3\ARM_GCC_541\Debug\CySpc.o"
Deleting file ".\CortexM3\ARM_GCC_541\Debug\cyutils.o"
Deleting file ".\CortexM3\ARM_GCC_541\Debug\Roadster1.0.hex"
Deleting file ".\CortexM3\ARM_GCC_541\Debug\Roadster1.0.elf"
Deleting file ".\CortexM3\ARM_GCC_541\Debug\Roadster1.0.map"
Deleting file ".\Roadster1.0.cycdx"
Deleting file ".\Roadster1.0.svd"
Deleting file ".\Roadster1.0.rpt"
Deleting file ".\Roadster1.0_timing.html"
Deleting file ".\CortexM3\ARM_GCC_541\Debug\.deps\SOURCE_C__ARM_GCC_GENERIC.P"
Deleting file ".\CortexM3\ARM_GCC_541\Debug\.deps\SOURCE_ASM__ARM_GCC_GENERIC.P"
cydsfit.exe -.appdatapath "C:\Users\basile.berckmoes\AppData\Local\Cypress Semiconductor\PSoC Creator\4.1" -.fdsnotice -.fdswarpdepfile=warp_dependencies.txt -.fdselabdepfile=elab_dependencies.txt -.fdsbldfile=generated_files.txt -.fdsreffile=referenced_files.txt -p C:\Users\basile.berckmoes\Documents\GitHub\RobotComp2ELO\Software\PSoc\Roadster\RoadsterRACEMODE\Roadster1.0.cydsn\Roadster1.0.cyprj -d CY8C5888LTI-LP097 -s C:\Users\basile.berckmoes\Documents\GitHub\RobotComp2ELO\Software\PSoc\Roadster\RoadsterRACEMODE\Roadster1.0.cydsn\Generated_Source\PSoC5 -- -yv2 -q10 -ygs -o2 -v3 -.fftcfgtype=LE
Elaborating Design...
ADD: sdb.M0065: information: Analog terminal "vdac_ref" on ADC_SAR_SEQ_v2_10 is unconnected.
 * C:\Users\basile.berckmoes\Documents\PSoC Creator\4.1\Downloads ( 4.1).cylib\ADC_SAR_SEQ_v2_10\PSoC5\ADC_SAR_SEQ_v2_10.cysch (Signal: vdac_ref)
 * C:\Users\basile.berckmoes\Documents\PSoC Creator\4.1\Downloads ( 4.1).cylib\ADC_SAR_SEQ_v2_10\PSoC5\ADC_SAR_SEQ_v2_10.cysch (Shape_798)
 * C:\Users\basile.berckmoes\Documents\PSoC Creator\4.1\Downloads ( 4.1).cylib\ADC_SAR_SEQ_v2_10\PSoC5\ADC_SAR_SEQ_v2_10.cysch (Shape_885)
HDL Generation...
Synthesis...
Tech Mapping...
Analog Placement...
Info: apr.M0002: Analog signal "Net_535" is connected to one terminal only. (App=cydsfit)
Info: apr.M0002: Analog signal "Net_536" is connected to one terminal only. (App=cydsfit)
Info: apr.M0002: Analog signal "Net_538" is connected to one terminal only. (App=cydsfit)
Info: apr.M0002: Analog signal "Net_540" is connected to one terminal only. (App=cydsfit)
Info: apr.M0002: Analog signal "Net_541" is connected to one terminal only. (App=cydsfit)
Info: apr.M0002: Analog signal "Net_543" is connected to one terminal only. (App=cydsfit)
Info: apr.M0002: Analog signal "Net_545" is connected to one terminal only. (App=cydsfit)
Info: apr.M0002: Analog signal "Net_546" is connected to one terminal only. (App=cydsfit)
Info: apr.M0002: Analog signal "Net_548" is connected to one terminal only. (App=cydsfit)
Info: apr.M0002: Analog signal "Net_550" is connected to one terminal only. (App=cydsfit)
Info: apr.M0002: Analog signal "Net_551" is connected to one terminal only. (App=cydsfit)
Info: apr.M0002: Analog signal "Net_553" is connected to one terminal only. (App=cydsfit)
Info: apr.M0002: Analog signal "Net_555" is connected to one terminal only. (App=cydsfit)
Info: apr.M0002: Analog signal "Net_556" is connected to one terminal only. (App=cydsfit)
Info: apr.M0002: Analog signal "Net_558" is connected to one terminal only. (App=cydsfit)
Info: apr.M0002: Analog signal "Net_560" is connected to one terminal only. (App=cydsfit)
Info: apr.M0002: Analog signal "Net_561" is connected to one terminal only. (App=cydsfit)
Info: apr.M0002: Analog signal "Net_563" is connected to one terminal only. (App=cydsfit)
Info: apr.M0002: Analog signal "Net_565" is connected to one terminal only. (App=cydsfit)
Info: apr.M0002: Analog signal "Net_566" is connected to one terminal only. (App=cydsfit)
Info: apr.M0002: Analog signal "Net_568" is connected to one terminal only. (App=cydsfit)
Info: apr.M0002: Analog signal "Net_570" is connected to one terminal only. (App=cydsfit)
Info: apr.M0002: Analog signal "Net_571" is connected to one terminal only. (App=cydsfit)
Info: apr.M0002: Analog signal "Net_573" is connected to one terminal only. (App=cydsfit)
Info: apr.M0002: Analog signal "Net_575" is connected to one terminal only. (App=cydsfit)
Info: apr.M0002: Analog signal "Net_576" is connected to one terminal only. (App=cydsfit)
Info: apr.M0002: Analog signal "Net_578" is connected to one terminal only. (App=cydsfit)
Info: apr.M0002: Analog signal "Net_580" is connected to one terminal only. (App=cydsfit)
Info: apr.M0002: Analog signal "Net_581" is connected to one terminal only. (App=cydsfit)
Info: apr.M0002: Analog signal "Net_583" is connected to one terminal only. (App=cydsfit)
Info: apr.M0002: Analog signal "Net_585" is connected to one terminal only. (App=cydsfit)
Info: apr.M0002: Analog signal "Net_586" is connected to one terminal only. (App=cydsfit)
Info: apr.M0002: Analog signal "Net_588" is connected to one terminal only. (App=cydsfit)
Info: apr.M0002: Analog signal "Net_590" is connected to one terminal only. (App=cydsfit)
Info: apr.M0002: Analog signal "Net_591" is connected to one terminal only. (App=cydsfit)
Info: apr.M0002: Analog signal "Net_593" is connected to one terminal only. (App=cydsfit)
Info: apr.M0002: Analog signal "Net_595" is connected to one terminal only. (App=cydsfit)
Info: apr.M0002: Analog signal "Net_596" is connected to one terminal only. (App=cydsfit)
Info: apr.M0002: Analog signal "Net_598" is connected to one terminal only. (App=cydsfit)
Info: apr.M0002: Analog signal "Net_600" is connected to one terminal only. (App=cydsfit)
Info: apr.M0002: Analog signal "Net_601" is connected to one terminal only. (App=cydsfit)
Info: apr.M0002: Analog signal "Net_602" is connected to one terminal only. (App=cydsfit)
Info: apr.M0002: Analog signal "Net_603" is connected to one terminal only. (App=cydsfit)
Info: apr.M0002: Analog signal "Net_604" is connected to one terminal only. (App=cydsfit)
Info: apr.M0002: Analog signal "Net_605" is connected to one terminal only. (App=cydsfit)
Info: apr.M0002: Analog signal "Net_606" is connected to one terminal only. (App=cydsfit)
Info: apr.M0002: Analog signal "Net_607" is connected to one terminal only. (App=cydsfit)
Info: apr.M0002: Analog signal "Net_608" is connected to one terminal only. (App=cydsfit)
Info: apr.M0002: Analog signal "Net_609" is connected to one terminal only. (App=cydsfit)
Info: apr.M0002: Analog signal "Net_610" is connected to one terminal only. (App=cydsfit)
Info: apr.M0002: Analog signal "Net_611" is connected to one terminal only. (App=cydsfit)
Info: apr.M0002: Analog signal "Net_612" is connected to one terminal only. (App=cydsfit)
Info: apr.M0002: Analog signal "Net_613" is connected to one terminal only. (App=cydsfit)
Info: apr.M0002: Analog signal "Net_614" is connected to one terminal only. (App=cydsfit)
Info: apr.M0002: Analog signal "Net_615" is connected to one terminal only. (App=cydsfit)
Info: apr.M0002: Analog signal "Net_616" is connected to one terminal only. (App=cydsfit)
Log: apr.M0058: The analog placement iterative improvement is 46% done. (App=cydsfit)
Analog Routing...
Analog Code Generation...
Digital Placement...
Digital Routing...
Bitstream Generation...
Bitstream Verification...
Static timing analysis...
API Generation...
Dependency Generation...
Cleanup...
arm-none-eabi-gcc.exe -mcpu=cortex-m3 -mthumb -I. -IGenerated_Source\PSoC5 -Wa,-alh=.\CortexM3\ARM_GCC_541\Debug/main.lst -g -D DEBUG -D CY_CORE_ID=0 -Wall -ffunction-sections -ffat-lto-objects -Og -c main.c -o .\CortexM3\ARM_GCC_541\Debug\main.o
arm-none-eabi-gcc.exe -mcpu=cortex-m3 -mthumb -I. -IGenerated_Source\PSoC5 -Wa,-alh=.\CortexM3\ARM_GCC_541\Debug/Sensoren.lst -g -D DEBUG -D CY_CORE_ID=0 -Wall -ffunction-sections -ffat-lto-objects -Og -c Sensoren.c -o .\CortexM3\ARM_GCC_541\Debug\Sensoren.o
arm-none-eabi-gcc.exe -mcpu=cortex-m3 -mthumb -I. -IGenerated_Source\PSoC5 -Wa,-alh=.\CortexM3\ARM_GCC_541\Debug/RaceLogica.lst -g -D DEBUG -D CY_CORE_ID=0 -Wall -ffunction-sections -ffat-lto-objects -Og -c RaceLogica.c -o .\CortexM3\ARM_GCC_541\Debug\RaceLogica.o
arm-none-eabi-gcc.exe -mcpu=cortex-m3 -mthumb -I. -IGenerated_Source\PSoC5 -Wa,-alh=.\CortexM3\ARM_GCC_541\Debug/cyfitter_cfg.lst -g -D DEBUG -D CY_CORE_ID=0 -Wall -ffunction-sections -ffat-lto-objects -Og -c Generated_Source\PSoC5\cyfitter_cfg.c -o .\CortexM3\ARM_GCC_541\Debug\cyfitter_cfg.o
arm-none-eabi-gcc.exe -mcpu=cortex-m3 -mthumb -I. -IGenerated_Source\PSoC5 -Wa,-alh=.\CortexM3\ARM_GCC_541\Debug/cymetadata.lst -g -D DEBUG -D CY_CORE_ID=0 -Wall -ffunction-sections -ffat-lto-objects -Og -c Generated_Source\PSoC5\cymetadata.c -o .\CortexM3\ARM_GCC_541\Debug\cymetadata.o
arm-none-eabi-gcc.exe -mcpu=cortex-m3 -mthumb -I. -IGenerated_Source\PSoC5 -Wa,-alh=.\CortexM3\ARM_GCC_541\Debug/IR1.lst -g -D DEBUG -D CY_CORE_ID=0 -Wall -ffunction-sections -ffat-lto-objects -Og -c Generated_Source\PSoC5\IR1.c -o .\CortexM3\ARM_GCC_541\Debug\IR1.o
arm-none-eabi-gcc.exe -mcpu=cortex-m3 -mthumb -I. -IGenerated_Source\PSoC5 -Wa,-alh=.\CortexM3\ARM_GCC_541\Debug/IR2.lst -g -D DEBUG -D CY_CORE_ID=0 -Wall -ffunction-sections -ffat-lto-objects -Og -c Generated_Source\PSoC5\IR2.c -o .\CortexM3\ARM_GCC_541\Debug\IR2.o
arm-none-eabi-gcc.exe -mcpu=cortex-m3 -mthumb -I. -IGenerated_Source\PSoC5 -Wa,-alh=.\CortexM3\ARM_GCC_541\Debug/IR3.lst -g -D DEBUG -D CY_CORE_ID=0 -Wall -ffunction-sections -ffat-lto-objects -Og -c Generated_Source\PSoC5\IR3.c -o .\CortexM3\ARM_GCC_541\Debug\IR3.o
arm-none-eabi-gcc.exe -mcpu=cortex-m3 -mthumb -I. -IGenerated_Source\PSoC5 -Wa,-alh=.\CortexM3\ARM_GCC_541\Debug/IR4.lst -g -D DEBUG -D CY_CORE_ID=0 -Wall -ffunction-sections -ffat-lto-objects -Og -c Generated_Source\PSoC5\IR4.c -o .\CortexM3\ARM_GCC_541\Debug\IR4.o
arm-none-eabi-gcc.exe -mcpu=cortex-m3 -mthumb -I. -IGenerated_Source\PSoC5 -Wa,-alh=.\CortexM3\ARM_GCC_541\Debug/IR5.lst -g -D DEBUG -D CY_CORE_ID=0 -Wall -ffunction-sections -ffat-lto-objects -Og -c Generated_Source\PSoC5\IR5.c -o .\CortexM3\ARM_GCC_541\Debug\IR5.o
arm-none-eabi-gcc.exe -mcpu=cortex-m3 -mthumb -I. -IGenerated_Source\PSoC5 -Wa,-alh=.\CortexM3\ARM_GCC_541\Debug/IR6.lst -g -D DEBUG -D CY_CORE_ID=0 -Wall -ffunction-sections -ffat-lto-objects -Og -c Generated_Source\PSoC5\IR6.c -o .\CortexM3\ARM_GCC_541\Debug\IR6.o
arm-none-eabi-gcc.exe -mcpu=cortex-m3 -mthumb -I. -IGenerated_Source\PSoC5 -Wa,-alh=.\CortexM3\ARM_GCC_541\Debug/IR7.lst -g -D DEBUG -D CY_CORE_ID=0 -Wall -ffunction-sections -ffat-lto-objects -Og -c Generated_Source\PSoC5\IR7.c -o .\CortexM3\ARM_GCC_541\Debug\IR7.o
arm-none-eabi-gcc.exe -mcpu=cortex-m3 -mthumb -I. -IGenerated_Source\PSoC5 -Wa,-alh=.\CortexM3\ARM_GCC_541\Debug/IR8.lst -g -D DEBUG -D CY_CORE_ID=0 -Wall -ffunction-sections -ffat-lto-objects -Og -c Generated_Source\PSoC5\IR8.c -o .\CortexM3\ARM_GCC_541\Debug\IR8.o
arm-none-eabi-gcc.exe -mcpu=cortex-m3 -mthumb -I. -IGenerated_Source\PSoC5 -Wa,-alh=.\CortexM3\ARM_GCC_541\Debug/ADC_IR.lst -g -D DEBUG -D CY_CORE_ID=0 -Wall -ffunction-sections -ffat-lto-objects -Og -c Generated_Source\PSoC5\ADC_IR.c -o .\CortexM3\ARM_GCC_541\Debug\ADC_IR.o
arm-none-eabi-gcc.exe -mcpu=cortex-m3 -mthumb -I. -IGenerated_Source\PSoC5 -Wa,-alh=.\CortexM3\ARM_GCC_541\Debug/ADC_IR_PM.lst -g -D DEBUG -D CY_CORE_ID=0 -Wall -ffunction-sections -ffat-lto-objects -Og -c Generated_Source\PSoC5\ADC_IR_PM.c -o .\CortexM3\ARM_GCC_541\Debug\ADC_IR_PM.o
arm-none-eabi-gcc.exe -mcpu=cortex-m3 -mthumb -I. -IGenerated_Source\PSoC5 -Wa,-alh=.\CortexM3\ARM_GCC_541\Debug/ADC_IR_INT.lst -g -D DEBUG -D CY_CORE_ID=0 -Wall -ffunction-sections -ffat-lto-objects -Og -c Generated_Source\PSoC5\ADC_IR_INT.c -o .\CortexM3\ARM_GCC_541\Debug\ADC_IR_INT.o
arm-none-eabi-gcc.exe -mcpu=cortex-m3 -mthumb -I. -IGenerated_Source\PSoC5 -Wa,-alh=.\CortexM3\ARM_GCC_541\Debug/LED5.lst -g -D DEBUG -D CY_CORE_ID=0 -Wall -ffunction-sections -ffat-lto-objects -Og -c Generated_Source\PSoC5\LED5.c -o .\CortexM3\ARM_GCC_541\Debug\LED5.o
arm-none-eabi-gcc.exe -mcpu=cortex-m3 -mthumb -I. -IGenerated_Source\PSoC5 -Wa,-alh=.\CortexM3\ARM_GCC_541\Debug/LED4.lst -g -D DEBUG -D CY_CORE_ID=0 -Wall -ffunction-sections -ffat-lto-objects -Og -c Generated_Source\PSoC5\LED4.c -o .\CortexM3\ARM_GCC_541\Debug\LED4.o
arm-none-eabi-gcc.exe -mcpu=cortex-m3 -mthumb -I. -IGenerated_Source\PSoC5 -Wa,-alh=.\CortexM3\ARM_GCC_541\Debug/LED3.lst -g -D DEBUG -D CY_CORE_ID=0 -Wall -ffunction-sections -ffat-lto-objects -Og -c Generated_Source\PSoC5\LED3.c -o .\CortexM3\ARM_GCC_541\Debug\LED3.o
arm-none-eabi-gcc.exe -mcpu=cortex-m3 -mthumb -I. -IGenerated_Source\PSoC5 -Wa,-alh=.\CortexM3\ARM_GCC_541\Debug/LED2.lst -g -D DEBUG -D CY_CORE_ID=0 -Wall -ffunction-sections -ffat-lto-objects -Og -c Generated_Source\PSoC5\LED2.c -o .\CortexM3\ARM_GCC_541\Debug\LED2.o
arm-none-eabi-gcc.exe -mcpu=cortex-m3 -mthumb -I. -IGenerated_Source\PSoC5 -Wa,-alh=.\CortexM3\ARM_GCC_541\Debug/LED1.lst -g -D DEBUG -D CY_CORE_ID=0 -Wall -ffunction-sections -ffat-lto-objects -Og -c Generated_Source\PSoC5\LED1.c -o .\CortexM3\ARM_GCC_541\Debug\LED1.o
arm-none-eabi-gcc.exe -mcpu=cortex-m3 -mthumb -I. -IGenerated_Source\PSoC5 -Wa,-alh=.\CortexM3\ARM_GCC_541\Debug/SW1.lst -g -D DEBUG -D CY_CORE_ID=0 -Wall -ffunction-sections -ffat-lto-objects -Og -c Generated_Source\PSoC5\SW1.c -o .\CortexM3\ARM_GCC_541\Debug\SW1.o
arm-none-eabi-gcc.exe -mcpu=cortex-m3 -mthumb -I. -IGenerated_Source\PSoC5 -Wa,-alh=.\CortexM3\ARM_GCC_541\Debug/SW2.lst -g -D DEBUG -D CY_CORE_ID=0 -Wall -ffunction-sections -ffat-lto-objects -Og -c Generated_Source\PSoC5\SW2.c -o .\CortexM3\ARM_GCC_541\Debug\SW2.o
arm-none-eabi-gcc.exe -mcpu=cortex-m3 -mthumb -I. -IGenerated_Source\PSoC5 -Wa,-alh=.\CortexM3\ARM_GCC_541\Debug/IN3.lst -g -D DEBUG -D CY_CORE_ID=0 -Wall -ffunction-sections -ffat-lto-objects -Og -c Generated_Source\PSoC5\IN3.c -o .\CortexM3\ARM_GCC_541\Debug\IN3.o
arm-none-eabi-gcc.exe -mcpu=cortex-m3 -mthumb -I. -IGenerated_Source\PSoC5 -Wa,-alh=.\CortexM3\ARM_GCC_541\Debug/IN2.lst -g -D DEBUG -D CY_CORE_ID=0 -Wall -ffunction-sections -ffat-lto-objects -Og -c Generated_Source\PSoC5\IN2.c -o .\CortexM3\ARM_GCC_541\Debug\IN2.o
arm-none-eabi-gcc.exe -mcpu=cortex-m3 -mthumb -I. -IGenerated_Source\PSoC5 -Wa,-alh=.\CortexM3\ARM_GCC_541\Debug/LCD.lst -g -D DEBUG -D CY_CORE_ID=0 -Wall -ffunction-sections -ffat-lto-objects -Og -c Generated_Source\PSoC5\LCD.c -o .\CortexM3\ARM_GCC_541\Debug\LCD.o
arm-none-eabi-gcc.exe -mcpu=cortex-m3 -mthumb -I. -IGenerated_Source\PSoC5 -Wa,-alh=.\CortexM3\ARM_GCC_541\Debug/LCD_PM.lst -g -D DEBUG -D CY_CORE_ID=0 -Wall -ffunction-sections -ffat-lto-objects -Og -c Generated_Source\PSoC5\LCD_PM.c -o .\CortexM3\ARM_GCC_541\Debug\LCD_PM.o
arm-none-eabi-gcc.exe -mcpu=cortex-m3 -mthumb -I. -IGenerated_Source\PSoC5 -Wa,-alh=.\CortexM3\ARM_GCC_541\Debug/LCD_CustChars.lst -g -D DEBUG -D CY_CORE_ID=0 -Wall -ffunction-sections -ffat-lto-objects -Og -c Generated_Source\PSoC5\LCD_CustChars.c -o .\CortexM3\ARM_GCC_541\Debug\LCD_CustChars.o
arm-none-eabi-gcc.exe -mcpu=cortex-m3 -mthumb -I. -IGenerated_Source\PSoC5 -Wa,-alh=.\CortexM3\ARM_GCC_541\Debug/readIRSensors.lst -g -D DEBUG -D CY_CORE_ID=0 -Wall -ffunction-sections -ffat-lto-objects -Og -c Generated_Source\PSoC5\readIRSensors.c -o .\CortexM3\ARM_GCC_541\Debug\readIRSensors.o
arm-none-eabi-gcc.exe -mcpu=cortex-m3 -mthumb -I. -IGenerated_Source\PSoC5 -Wa,-alh=.\CortexM3\ARM_GCC_541\Debug/isrUltraSonen.lst -g -D DEBUG -D CY_CORE_ID=0 -Wall -ffunction-sections -ffat-lto-objects -Og -c Generated_Source\PSoC5\isrUltraSonen.c -o .\CortexM3\ARM_GCC_541\Debug\isrUltraSonen.o
arm-none-eabi-gcc.exe -mcpu=cortex-m3 -mthumb -I. -IGenerated_Source\PSoC5 -Wa,-alh=.\CortexM3\ARM_GCC_541\Debug/Echo1.lst -g -D DEBUG -D CY_CORE_ID=0 -Wall -ffunction-sections -ffat-lto-objects -Og -c Generated_Source\PSoC5\Echo1.c -o .\CortexM3\ARM_GCC_541\Debug\Echo1.o
arm-none-eabi-gcc.exe -mcpu=cortex-m3 -mthumb -I. -IGenerated_Source\PSoC5 -Wa,-alh=.\CortexM3\ARM_GCC_541\Debug/Echo2.lst -g -D DEBUG -D CY_CORE_ID=0 -Wall -ffunction-sections -ffat-lto-objects -Og -c Generated_Source\PSoC5\Echo2.c -o .\CortexM3\ARM_GCC_541\Debug\Echo2.o
arm-none-eabi-gcc.exe -mcpu=cortex-m3 -mthumb -I. -IGenerated_Source\PSoC5 -Wa,-alh=.\CortexM3\ARM_GCC_541\Debug/Echo3.lst -g -D DEBUG -D CY_CORE_ID=0 -Wall -ffunction-sections -ffat-lto-objects -Og -c Generated_Source\PSoC5\Echo3.c -o .\CortexM3\ARM_GCC_541\Debug\Echo3.o
arm-none-eabi-gcc.exe -mcpu=cortex-m3 -mthumb -I. -IGenerated_Source\PSoC5 -Wa,-alh=.\CortexM3\ARM_GCC_541\Debug/TriggerReg.lst -g -D DEBUG -D CY_CORE_ID=0 -Wall -ffunction-sections -ffat-lto-objects -Og -c Generated_Source\PSoC5\TriggerReg.c -o .\CortexM3\ARM_GCC_541\Debug\TriggerReg.o
arm-none-eabi-gcc.exe -mcpu=cortex-m3 -mthumb -I. -IGenerated_Source\PSoC5 -Wa,-alh=.\CortexM3\ARM_GCC_541\Debug/TriggerReg_PM.lst -g -D DEBUG -D CY_CORE_ID=0 -Wall -ffunction-sections -ffat-lto-objects -Og -c Generated_Source\PSoC5\TriggerReg_PM.c -o .\CortexM3\ARM_GCC_541\Debug\TriggerReg_PM.o
arm-none-eabi-gcc.exe -mcpu=cortex-m3 -mthumb -I. -IGenerated_Source\PSoC5 -Wa,-alh=.\CortexM3\ARM_GCC_541\Debug/Trigger1.lst -g -D DEBUG -D CY_CORE_ID=0 -Wall -ffunction-sections -ffat-lto-objects -Og -c Generated_Source\PSoC5\Trigger1.c -o .\CortexM3\ARM_GCC_541\Debug\Trigger1.o
arm-none-eabi-gcc.exe -mcpu=cortex-m3 -mthumb -I. -IGenerated_Source\PSoC5 -Wa,-alh=.\CortexM3\ARM_GCC_541\Debug/TimerUS.lst -g -D DEBUG -D CY_CORE_ID=0 -Wall -ffunction-sections -ffat-lto-objects -Og -c Generated_Source\PSoC5\TimerUS.c -o .\CortexM3\ARM_GCC_541\Debug\TimerUS.o
arm-none-eabi-gcc.exe -mcpu=cortex-m3 -mthumb -I. -IGenerated_Source\PSoC5 -Wa,-alh=.\CortexM3\ARM_GCC_541\Debug/TimerUS_PM.lst -g -D DEBUG -D CY_CORE_ID=0 -Wall -ffunction-sections -ffat-lto-objects -Og -c Generated_Source\PSoC5\TimerUS_PM.c -o .\CortexM3\ARM_GCC_541\Debug\TimerUS_PM.o
arm-none-eabi-gcc.exe -mcpu=cortex-m3 -mthumb -I. -IGenerated_Source\PSoC5 -Wa,-alh=.\CortexM3\ARM_GCC_541\Debug/Trigger2.lst -g -D DEBUG -D CY_CORE_ID=0 -Wall -ffunction-sections -ffat-lto-objects -Og -c Generated_Source\PSoC5\Trigger2.c -o .\CortexM3\ARM_GCC_541\Debug\Trigger2.o
arm-none-eabi-gcc.exe -mcpu=cortex-m3 -mthumb -I. -IGenerated_Source\PSoC5 -Wa,-alh=.\CortexM3\ARM_GCC_541\Debug/Trigger3.lst -g -D DEBUG -D CY_CORE_ID=0 -Wall -ffunction-sections -ffat-lto-objects -Og -c Generated_Source\PSoC5\Trigger3.c -o .\CortexM3\ARM_GCC_541\Debug\Trigger3.o
arm-none-eabi-gcc.exe -mcpu=cortex-m3 -mthumb -I. -IGenerated_Source\PSoC5 -Wa,-alh=.\CortexM3\ARM_GCC_541\Debug/selectUS.lst -g -D DEBUG -D CY_CORE_ID=0 -Wall -ffunction-sections -ffat-lto-objects -Og -c Generated_Source\PSoC5\selectUS.c -o .\CortexM3\ARM_GCC_541\Debug\selectUS.o
arm-none-eabi-gcc.exe -mcpu=cortex-m3 -mthumb -I. -IGenerated_Source\PSoC5 -Wa,-alh=.\CortexM3\ARM_GCC_541\Debug/selectUS_PM.lst -g -D DEBUG -D CY_CORE_ID=0 -Wall -ffunction-sections -ffat-lto-objects -Og -c Generated_Source\PSoC5\selectUS_PM.c -o .\CortexM3\ARM_GCC_541\Debug\selectUS_PM.o
arm-none-eabi-gcc.exe -mcpu=cortex-m3 -mthumb -I. -IGenerated_Source\PSoC5 -Wa,-alh=.\CortexM3\ARM_GCC_541\Debug/statusEcho.lst -g -D DEBUG -D CY_CORE_ID=0 -Wall -ffunction-sections -ffat-lto-objects -Og -c Generated_Source\PSoC5\statusEcho.c -o .\CortexM3\ARM_GCC_541\Debug\statusEcho.o
arm-none-eabi-gcc.exe -mcpu=cortex-m3 -mthumb -I. -IGenerated_Source\PSoC5 -Wa,-alh=.\CortexM3\ARM_GCC_541\Debug/IN1.lst -g -D DEBUG -D CY_CORE_ID=0 -Wall -ffunction-sections -ffat-lto-objects -Og -c Generated_Source\PSoC5\IN1.c -o .\CortexM3\ARM_GCC_541\Debug\IN1.o
arm-none-eabi-gcc.exe -mcpu=cortex-m3 -mthumb -I. -IGenerated_Source\PSoC5 -Wa,-alh=.\CortexM3\ARM_GCC_541\Debug/ENB.lst -g -D DEBUG -D CY_CORE_ID=0 -Wall -ffunction-sections -ffat-lto-objects -Og -c Generated_Source\PSoC5\ENB.c -o .\CortexM3\ARM_GCC_541\Debug\ENB.o
arm-none-eabi-gcc.exe -mcpu=cortex-m3 -mthumb -I. -IGenerated_Source\PSoC5 -Wa,-alh=.\CortexM3\ARM_GCC_541\Debug/ENA.lst -g -D DEBUG -D CY_CORE_ID=0 -Wall -ffunction-sections -ffat-lto-objects -Og -c Generated_Source\PSoC5\ENA.c -o .\CortexM3\ARM_GCC_541\Debug\ENA.o
arm-none-eabi-gcc.exe -mcpu=cortex-m3 -mthumb -I. -IGenerated_Source\PSoC5 -Wa,-alh=.\CortexM3\ARM_GCC_541\Debug/Clock_1.lst -g -D DEBUG -D CY_CORE_ID=0 -Wall -ffunction-sections -ffat-lto-objects -Og -c Generated_Source\PSoC5\Clock_1.c -o .\CortexM3\ARM_GCC_541\Debug\Clock_1.o
arm-none-eabi-gcc.exe -mcpu=cortex-m3 -mthumb -I. -IGenerated_Source\PSoC5 -Wa,-alh=.\CortexM3\ARM_GCC_541\Debug/MotorControl.lst -g -D DEBUG -D CY_CORE_ID=0 -Wall -ffunction-sections -ffat-lto-objects -Og -c Generated_Source\PSoC5\MotorControl.c -o .\CortexM3\ARM_GCC_541\Debug\MotorControl.o
arm-none-eabi-gcc.exe -mcpu=cortex-m3 -mthumb -I. -IGenerated_Source\PSoC5 -Wa,-alh=.\CortexM3\ARM_GCC_541\Debug/MotorControl_PM.lst -g -D DEBUG -D CY_CORE_ID=0 -Wall -ffunction-sections -ffat-lto-objects -Og -c Generated_Source\PSoC5\MotorControl_PM.c -o .\CortexM3\ARM_GCC_541\Debug\MotorControl_PM.o
arm-none-eabi-gcc.exe -mcpu=cortex-m3 -mthumb -I. -IGenerated_Source\PSoC5 -Wa,-alh=.\CortexM3\ARM_GCC_541\Debug/IN4.lst -g -D DEBUG -D CY_CORE_ID=0 -Wall -ffunction-sections -ffat-lto-objects -Og -c Generated_Source\PSoC5\IN4.c -o .\CortexM3\ARM_GCC_541\Debug\IN4.o
arm-none-eabi-gcc.exe -mcpu=cortex-m3 -mthumb -I. -IGenerated_Source\PSoC5 -Wa,-alh=.\CortexM3\ARM_GCC_541\Debug/Clock_3.lst -g -D DEBUG -D CY_CORE_ID=0 -Wall -ffunction-sections -ffat-lto-objects -Og -c Generated_Source\PSoC5\Clock_3.c -o .\CortexM3\ARM_GCC_541\Debug\Clock_3.o
arm-none-eabi-gcc.exe -mcpu=cortex-m3 -mthumb -I. -IGenerated_Source\PSoC5 -Wa,-alh=.\CortexM3\ARM_GCC_541\Debug/ADC_IR_SAR.lst -g -D DEBUG -D CY_CORE_ID=0 -Wall -ffunction-sections -ffat-lto-objects -Og -c Generated_Source\PSoC5\ADC_IR_SAR.c -o .\CortexM3\ARM_GCC_541\Debug\ADC_IR_SAR.o
arm-none-eabi-gcc.exe -mcpu=cortex-m3 -mthumb -I. -IGenerated_Source\PSoC5 -Wa,-alh=.\CortexM3\ARM_GCC_541\Debug/ADC_IR_SAR_INT.lst -g -D DEBUG -D CY_CORE_ID=0 -Wall -ffunction-sections -ffat-lto-objects -Og -c Generated_Source\PSoC5\ADC_IR_SAR_INT.c -o .\CortexM3\ARM_GCC_541\Debug\ADC_IR_SAR_INT.o
arm-none-eabi-gcc.exe -mcpu=cortex-m3 -mthumb -I. -IGenerated_Source\PSoC5 -Wa,-alh=.\CortexM3\ARM_GCC_541\Debug/ADC_IR_SAR_PM.lst -g -D DEBUG -D CY_CORE_ID=0 -Wall -ffunction-sections -ffat-lto-objects -Og -c Generated_Source\PSoC5\ADC_IR_SAR_PM.c -o .\CortexM3\ARM_GCC_541\Debug\ADC_IR_SAR_PM.o
arm-none-eabi-gcc.exe -mcpu=cortex-m3 -mthumb -I. -IGenerated_Source\PSoC5 -Wa,-alh=.\CortexM3\ARM_GCC_541\Debug/ADC_IR_IntClock.lst -g -D DEBUG -D CY_CORE_ID=0 -Wall -ffunction-sections -ffat-lto-objects -Og -c Generated_Source\PSoC5\ADC_IR_IntClock.c -o .\CortexM3\ARM_GCC_541\Debug\ADC_IR_IntClock.o
arm-none-eabi-gcc.exe -mcpu=cortex-m3 -mthumb -I. -IGenerated_Source\PSoC5 -Wa,-alh=.\CortexM3\ARM_GCC_541\Debug/ADC_IR_TempBuf_dma.lst -g -D DEBUG -D CY_CORE_ID=0 -Wall -ffunction-sections -ffat-lto-objects -Og -c Generated_Source\PSoC5\ADC_IR_TempBuf_dma.c -o .\CortexM3\ARM_GCC_541\Debug\ADC_IR_TempBuf_dma.o
arm-none-eabi-gcc.exe -mcpu=cortex-m3 -mthumb -I. -IGenerated_Source\PSoC5 -Wa,-alh=.\CortexM3\ARM_GCC_541\Debug/ADC_IR_FinalBuf_dma.lst -g -D DEBUG -D CY_CORE_ID=0 -Wall -ffunction-sections -ffat-lto-objects -Og -c Generated_Source\PSoC5\ADC_IR_FinalBuf_dma.c -o .\CortexM3\ARM_GCC_541\Debug\ADC_IR_FinalBuf_dma.o
arm-none-eabi-gcc.exe -mcpu=cortex-m3 -mthumb -I. -IGenerated_Source\PSoC5 -Wa,-alh=.\CortexM3\ARM_GCC_541\Debug/ADC_IR_IRQ.lst -g -D DEBUG -D CY_CORE_ID=0 -Wall -ffunction-sections -ffat-lto-objects -Og -c Generated_Source\PSoC5\ADC_IR_IRQ.c -o .\CortexM3\ARM_GCC_541\Debug\ADC_IR_IRQ.o
arm-none-eabi-gcc.exe -mcpu=cortex-m3 -mthumb -I. -IGenerated_Source\PSoC5 -Wa,-alh=.\CortexM3\ARM_GCC_541\Debug/LCD_LCDPort.lst -g -D DEBUG -D CY_CORE_ID=0 -Wall -ffunction-sections -ffat-lto-objects -Og -c Generated_Source\PSoC5\LCD_LCDPort.c -o .\CortexM3\ARM_GCC_541\Debug\LCD_LCDPort.o
arm-none-eabi-gcc.exe -mcpu=cortex-m3 -mthumb -I. -IGenerated_Source\PSoC5 -Wa,-alh=.\CortexM3\ARM_GCC_541\Debug/Cm3Start.lst -g -D DEBUG -D CY_CORE_ID=0 -Wall -ffunction-sections -ffat-lto-objects -Og -c Generated_Source\PSoC5\Cm3Start.c -o .\CortexM3\ARM_GCC_541\Debug\Cm3Start.o
arm-none-eabi-gcc.exe -mcpu=cortex-m3 -mthumb -I. -IGenerated_Source\PSoC5 -Wa,-alh=.\CortexM3\ARM_GCC_541\Debug/CyDmac.lst -g -D DEBUG -D CY_CORE_ID=0 -Wall -ffunction-sections -ffat-lto-objects -Og -c Generated_Source\PSoC5\CyDmac.c -o .\CortexM3\ARM_GCC_541\Debug\CyDmac.o
arm-none-eabi-gcc.exe -mcpu=cortex-m3 -mthumb -I. -IGenerated_Source\PSoC5 -Wa,-alh=.\CortexM3\ARM_GCC_541\Debug/CyFlash.lst -g -D DEBUG -D CY_CORE_ID=0 -Wall -ffunction-sections -ffat-lto-objects -Og -c Generated_Source\PSoC5\CyFlash.c -o .\CortexM3\ARM_GCC_541\Debug\CyFlash.o
arm-none-eabi-gcc.exe -mcpu=cortex-m3 -mthumb -I. -IGenerated_Source\PSoC5 -Wa,-alh=.\CortexM3\ARM_GCC_541\Debug/CyLib.lst -g -D DEBUG -D CY_CORE_ID=0 -Wall -ffunction-sections -ffat-lto-objects -Og -c Generated_Source\PSoC5\CyLib.c -o .\CortexM3\ARM_GCC_541\Debug\CyLib.o
arm-none-eabi-gcc.exe -mcpu=cortex-m3 -mthumb -I. -IGenerated_Source\PSoC5 -Wa,-alh=.\CortexM3\ARM_GCC_541\Debug/cyPm.lst -g -D DEBUG -D CY_CORE_ID=0 -Wall -ffunction-sections -ffat-lto-objects -Og -c Generated_Source\PSoC5\cyPm.c -o .\CortexM3\ARM_GCC_541\Debug\cyPm.o
arm-none-eabi-gcc.exe -mcpu=cortex-m3 -mthumb -I. -IGenerated_Source\PSoC5 -Wa,-alh=.\CortexM3\ARM_GCC_541\Debug/CySpc.lst -g -D DEBUG -D CY_CORE_ID=0 -Wall -ffunction-sections -ffat-lto-objects -Og -c Generated_Source\PSoC5\CySpc.c -o .\CortexM3\ARM_GCC_541\Debug\CySpc.o
arm-none-eabi-gcc.exe -mcpu=cortex-m3 -mthumb -I. -IGenerated_Source\PSoC5 -Wa,-alh=.\CortexM3\ARM_GCC_541\Debug/cyutils.lst -g -D DEBUG -D CY_CORE_ID=0 -Wall -ffunction-sections -ffat-lto-objects -Og -c Generated_Source\PSoC5\cyutils.c -o .\CortexM3\ARM_GCC_541\Debug\cyutils.o
arm-none-eabi-gcc.exe -mcpu=cortex-m3 -mthumb -I. -IGenerated_Source\PSoC5 -Wa,-alh=.\CortexM3\ARM_GCC_541\Debug/DraaiRichtingISR.lst -g -D DEBUG -D CY_CORE_ID=0 -Wall -ffunction-sections -ffat-lto-objects -Og -c Generated_Source\PSoC5\DraaiRichtingISR.c -o .\CortexM3\ARM_GCC_541\Debug\DraaiRichtingISR.o
arm-none-eabi-as.exe -mcpu=cortex-m3 -mthumb -I. -IGenerated_Source\PSoC5 -alh=.\CortexM3\ARM_GCC_541\Debug/CyBootAsmGnu.lst -g -W -o .\CortexM3\ARM_GCC_541\Debug\CyBootAsmGnu.o Generated_Source\PSoC5\CyBootAsmGnu.s
arm-none-eabi-ar.exe -rs .\CortexM3\ARM_GCC_541\Debug\Roadster1.0.a .\CortexM3\ARM_GCC_541\Debug\IR1.o .\CortexM3\ARM_GCC_541\Debug\IR2.o .\CortexM3\ARM_GCC_541\Debug\IR3.o .\CortexM3\ARM_GCC_541\Debug\IR4.o .\CortexM3\ARM_GCC_541\Debug\IR5.o .\CortexM3\ARM_GCC_541\Debug\IR6.o .\CortexM3\ARM_GCC_541\Debug\IR7.o .\CortexM3\ARM_GCC_541\Debug\IR8.o .\CortexM3\ARM_GCC_541\Debug\ADC_IR.o .\CortexM3\ARM_GCC_541\Debug\ADC_IR_PM.o .\CortexM3\ARM_GCC_541\Debug\ADC_IR_INT.o .\CortexM3\ARM_GCC_541\Debug\LED5.o .\CortexM3\ARM_GCC_541\Debug\LED4.o .\CortexM3\ARM_GCC_541\Debug\LED3.o .\CortexM3\ARM_GCC_541\Debug\LED2.o .\CortexM3\ARM_GCC_541\Debug\LED1.o .\CortexM3\ARM_GCC_541\Debug\SW1.o .\CortexM3\ARM_GCC_541\Debug\SW2.o .\CortexM3\ARM_GCC_541\Debug\IN3.o .\CortexM3\ARM_GCC_541\Debug\IN2.o .\CortexM3\ARM_GCC_541\Debug\LCD.o .\CortexM3\ARM_GCC_541\Debug\LCD_PM.o .\CortexM3\ARM_GCC_541\Debug\LCD_CustChars.o .\CortexM3\ARM_GCC_541\Debug\readIRSensors.o .\CortexM3\ARM_GCC_541\Debug\isrUltraSonen.o .\CortexM3\ARM_GCC_541\Debug\Echo1.o .\CortexM3\ARM_GCC_541\Debug\Echo2.o .\CortexM3\ARM_GCC_541\Debug\Echo3.o .\CortexM3\ARM_GCC_541\Debug\TriggerReg.o .\CortexM3\ARM_GCC_541\Debug\TriggerReg_PM.o .\CortexM3\ARM_GCC_541\Debug\Trigger1.o .\CortexM3\ARM_GCC_541\Debug\TimerUS.o .\CortexM3\ARM_GCC_541\Debug\TimerUS_PM.o .\CortexM3\ARM_GCC_541\Debug\Trigger2.o .\CortexM3\ARM_GCC_541\Debug\Trigger3.o .\CortexM3\ARM_GCC_541\Debug\selectUS.o .\CortexM3\ARM_GCC_541\Debug\selectUS_PM.o .\CortexM3\ARM_GCC_541\Debug\statusEcho.o .\CortexM3\ARM_GCC_541\Debug\IN1.o .\CortexM3\ARM_GCC_541\Debug\ENB.o .\CortexM3\ARM_GCC_541\Debug\ENA.o .\CortexM3\ARM_GCC_541\Debug\Clock_1.o .\CortexM3\ARM_GCC_541\Debug\MotorControl.o .\CortexM3\ARM_GCC_541\Debug\MotorControl_PM.o .\CortexM3\ARM_GCC_541\Debug\IN4.o .\CortexM3\ARM_GCC_541\Debug\Clock_3.o .\CortexM3\ARM_GCC_541\Debug\ADC_IR_SAR.o .\CortexM3\ARM_GCC_541\Debug\ADC_IR_SAR_INT.o .\CortexM3\ARM_GCC_541\Debug\ADC_IR_SAR_PM.o .\CortexM3\ARM_GCC_541\Debug\ADC_IR_IntClock.o .\CortexM3\ARM_GCC_541\Debug\ADC_IR_TempBuf_dma.o .\CortexM3\ARM_GCC_541\Debug\ADC_IR_FinalBuf_dma.o .\CortexM3\ARM_GCC_541\Debug\ADC_IR_IRQ.o .\CortexM3\ARM_GCC_541\Debug\LCD_LCDPort.o .\CortexM3\ARM_GCC_541\Debug\CyDmac.o .\CortexM3\ARM_GCC_541\Debug\CyFlash.o .\CortexM3\ARM_GCC_541\Debug\CyLib.o .\CortexM3\ARM_GCC_541\Debug\cyPm.o .\CortexM3\ARM_GCC_541\Debug\CySpc.o .\CortexM3\ARM_GCC_541\Debug\cyutils.o .\CortexM3\ARM_GCC_541\Debug\DraaiRichtingISR.o .\CortexM3\ARM_GCC_541\Debug\CyBootAsmGnu.o
arm-none-eabi-ar.exe: creating .\CortexM3\ARM_GCC_541\Debug\Roadster1.0.a
arm-none-eabi-gcc.exe -Wl,--start-group -o C:\Users\basile.berckmoes\Documents\GitHub\RobotComp2ELO\Software\PSoc\Roadster\RoadsterRACEMODE\Roadster1.0.cydsn\CortexM3\ARM_GCC_541\Debug\Roadster1.0.elf .\CortexM3\ARM_GCC_541\Debug\main.o .\CortexM3\ARM_GCC_541\Debug\Sensoren.o .\CortexM3\ARM_GCC_541\Debug\RaceLogica.o .\CortexM3\ARM_GCC_541\Debug\cyfitter_cfg.o .\CortexM3\ARM_GCC_541\Debug\cymetadata.o .\CortexM3\ARM_GCC_541\Debug\Cm3Start.o .\CortexM3\ARM_GCC_541\Debug\Roadster1.0.a "C:\Program Files (x86)\Cypress\PSoC Creator\4.1\PSoC Creator\psoc\content\cycomponentlibrary\CyComponentLibrary.cylib\CortexM3\ARM_GCC_541\Debug\CyComponentLibrary.a" -mcpu=cortex-m3 -mthumb -L Generated_Source\PSoC5 -Wl,-Map,.\CortexM3\ARM_GCC_541\Debug/Roadster1.0.map -T Generated_Source\PSoC5\cm3gcc.ld -specs=nano.specs -Wl,--gc-sections -g -ffunction-sections -Og -ffat-lto-objects -Wl,--end-group
cyelftool.exe -C C:\Users\basile.berckmoes\Documents\GitHub\RobotComp2ELO\Software\PSoc\Roadster\RoadsterRACEMODE\Roadster1.0.cydsn\CortexM3\ARM_GCC_541\Debug\Roadster1.0.elf --flash_row_size 256 --flash_size 262144 --flash_offset 0x00000000
cyelftool.exe -S C:\Users\basile.berckmoes\Documents\GitHub\RobotComp2ELO\Software\PSoc\Roadster\RoadsterRACEMODE\Roadster1.0.cydsn\CortexM3\ARM_GCC_541\Debug\Roadster1.0.elf
Flash used: 5318 of 262144 bytes (2,0%).
SRAM used: 2689 of 65536 bytes (4,1%). Stack: 2048 bytes. Heap: 128 bytes.
--------------- Rebuild Succeeded: 04/27/2018 15:39:01 ---------------
