ARM GAS  C:\Users\Jona\AppData\Local\Temp\ccvznqDI.s 			page 1


   1              		.syntax unified
   2              		.cpu cortex-m3
   3              		.fpu softvfp
   4              		.eabi_attribute 20, 1
   5              		.eabi_attribute 21, 1
   6              		.eabi_attribute 23, 3
   7              		.eabi_attribute 24, 1
   8              		.eabi_attribute 25, 1
   9              		.eabi_attribute 26, 1
  10              		.eabi_attribute 30, 1
  11              		.eabi_attribute 34, 1
  12              		.eabi_attribute 18, 4
  13              		.thumb
  14              		.syntax unified
  15              		.file	"cymetadata.c"
  16              		.text
  17              	.Ltext0:
  18              		.cfi_sections	.debug_frame
  19              		.global	cy_metadata
  20              		.global	cy_meta_flashprotect
  21              		.global	cy_meta_wonvl
  22              		.global	cy_meta_custnvl
  23              		.global	cy_meta_configecc
  24              		.section	.cyconfigecc,"a",%progbits
  25              		.align	2
  26              		.type	cy_meta_configecc, %object
  27              		.size	cy_meta_configecc, 1664
  28              	cy_meta_configecc:
  29 0000 02       		.byte	2
  30 0001 4F       		.byte	79
  31 0002 00       		.byte	0
  32 0003 40       		.byte	64
  33 0004 06       		.byte	6
  34 0005 52       		.byte	82
  35 0006 00       		.byte	0
  36 0007 40       		.byte	64
  37 0008 01       		.byte	1
  38 0009 5B       		.byte	91
  39 000a 00       		.byte	0
  40 000b 40       		.byte	64
  41 000c 01       		.byte	1
  42 000d 64       		.byte	100
  43 000e 00       		.byte	0
  44 000f 40       		.byte	64
  45 0010 01       		.byte	1
  46 0011 65       		.byte	101
  47 0012 00       		.byte	0
  48 0013 40       		.byte	64
  49 0014 18       		.byte	24
  50 0015 00       		.byte	0
  51 0016 01       		.byte	1
  52 0017 40       		.byte	64
  53 0018 26       		.byte	38
  54 0019 01       		.byte	1
  55 001a 01       		.byte	1
  56 001b 40       		.byte	64
  57 001c 34       		.byte	52
ARM GAS  C:\Users\Jona\AppData\Local\Temp\ccvznqDI.s 			page 2


  58 001d 02       		.byte	2
  59 001e 01       		.byte	1
  60 001f 40       		.byte	64
  61 0020 39       		.byte	57
  62 0021 03       		.byte	3
  63 0022 01       		.byte	1
  64 0023 40       		.byte	64
  65 0024 0F       		.byte	15
  66 0025 04       		.byte	4
  67 0026 01       		.byte	1
  68 0027 40       		.byte	64
  69 0028 46       		.byte	70
  70 0029 05       		.byte	5
  71 002a 01       		.byte	1
  72 002b 40       		.byte	64
  73 002c 13       		.byte	19
  74 002d 06       		.byte	6
  75 002e 01       		.byte	1
  76 002f 40       		.byte	64
  77 0030 33       		.byte	51
  78 0031 07       		.byte	7
  79 0032 01       		.byte	1
  80 0033 40       		.byte	64
  81 0034 01       		.byte	1
  82 0035 09       		.byte	9
  83 0036 01       		.byte	1
  84 0037 40       		.byte	64
  85 0038 03       		.byte	3
  86 0039 0B       		.byte	11
  87 003a 01       		.byte	1
  88 003b 40       		.byte	64
  89 003c 01       		.byte	1
  90 003d 0D       		.byte	13
  91 003e 01       		.byte	1
  92 003f 40       		.byte	64
  93 0040 01       		.byte	1
  94 0041 0F       		.byte	15
  95 0042 01       		.byte	1
  96 0043 40       		.byte	64
  97 0044 0C       		.byte	12
  98 0045 14       		.byte	20
  99 0046 01       		.byte	1
 100 0047 40       		.byte	64
 101 0048 3C       		.byte	60
 102 0049 15       		.byte	21
 103 004a 01       		.byte	1
 104 004b 40       		.byte	64
 105 004c 27       		.byte	39
 106 004d 16       		.byte	22
 107 004e 01       		.byte	1
 108 004f 40       		.byte	64
 109 0050 3B       		.byte	59
 110 0051 17       		.byte	23
 111 0052 01       		.byte	1
 112 0053 40       		.byte	64
 113 0054 37       		.byte	55
 114 0055 18       		.byte	24
ARM GAS  C:\Users\Jona\AppData\Local\Temp\ccvznqDI.s 			page 3


 115 0056 01       		.byte	1
 116 0057 40       		.byte	64
 117 0058 29       		.byte	41
 118 0059 19       		.byte	25
 119 005a 01       		.byte	1
 120 005b 40       		.byte	64
 121 005c 06       		.byte	6
 122 005d 1B       		.byte	27
 123 005e 01       		.byte	1
 124 005f 40       		.byte	64
 125 0060 0C       		.byte	12
 126 0061 40       		.byte	64
 127 0062 01       		.byte	1
 128 0063 40       		.byte	64
 129 0064 13       		.byte	19
 130 0065 41       		.byte	65
 131 0066 01       		.byte	1
 132 0067 40       		.byte	64
 133 0068 14       		.byte	20
 134 0069 42       		.byte	66
 135 006a 01       		.byte	1
 136 006b 40       		.byte	64
 137 006c 05       		.byte	5
 138 006d 43       		.byte	67
 139 006e 01       		.byte	1
 140 006f 40       		.byte	64
 141 0070 06       		.byte	6
 142 0071 46       		.byte	70
 143 0072 01       		.byte	1
 144 0073 40       		.byte	64
 145 0074 02       		.byte	2
 146 0075 47       		.byte	71
 147 0076 01       		.byte	1
 148 0077 40       		.byte	64
 149 0078 0A       		.byte	10
 150 0079 48       		.byte	72
 151 007a 01       		.byte	1
 152 007b 40       		.byte	64
 153 007c 11       		.byte	17
 154 007d 49       		.byte	73
 155 007e 01       		.byte	1
 156 007f 40       		.byte	64
 157 0080 0B       		.byte	11
 158 0081 4C       		.byte	76
 159 0082 01       		.byte	1
 160 0083 40       		.byte	64
 161 0084 04       		.byte	4
 162 0085 4D       		.byte	77
 163 0086 01       		.byte	1
 164 0087 40       		.byte	64
 165 0088 09       		.byte	9
 166 0089 50       		.byte	80
 167 008a 01       		.byte	1
 168 008b 40       		.byte	64
 169 008c 03       		.byte	3
 170 008d 51       		.byte	81
 171 008e 01       		.byte	1
ARM GAS  C:\Users\Jona\AppData\Local\Temp\ccvznqDI.s 			page 4


 172 008f 40       		.byte	64
 173 0090 01       		.byte	1
 174 0091 80       		.byte	-128
 175 0092 0A       		.byte	10
 176 0093 72       		.byte	114
 177 0094 00       		.byte	0
 178 0095 6C       		.byte	108
 179 0096 01       		.byte	1
 180 0097 C9       		.byte	-55
 181 0098 08       		.byte	8
 182 0099 20       		.byte	32
 183 009a 09       		.byte	9
 184 009b 08       		.byte	8
 185 009c 60       		.byte	96
 186 009d 02       		.byte	2
 187 009e 61       		.byte	97
 188 009f 08       		.byte	8
 189 00a0 27       		.byte	39
 190 00a1 84       		.byte	-124
 191 00a2 84       		.byte	-124
 192 00a3 07       		.byte	7
 193 00a4 88       		.byte	-120
 194 00a5 0F       		.byte	15
 195 00a6 05       		.byte	5
 196 00a7 08       		.byte	8
 197 00a8 06       		.byte	6
 198 00a9 02       		.byte	2
 199 00aa 0B       		.byte	11
 200 00ab 10       		.byte	16
 201 00ac 0D       		.byte	13
 202 00ad 02       		.byte	2
 203 00ae 15       		.byte	21
 204 00af 04       		.byte	4
 205 00b0 1B       		.byte	27
 206 00b1 08       		.byte	8
 207 00b2 1F       		.byte	31
 208 00b3 02       		.byte	2
 209 00b4 22       		.byte	34
 210 00b5 01       		.byte	1
 211 00b6 26       		.byte	38
 212 00b7 04       		.byte	4
 213 00b8 27       		.byte	39
 214 00b9 01       		.byte	1
 215 00ba 29       		.byte	41
 216 00bb 01       		.byte	1
 217 00bc 2F       		.byte	47
 218 00bd 04       		.byte	4
 219 00be 30       		.byte	48
 220 00bf 01       		.byte	1
 221 00c0 32       		.byte	50
 222 00c1 04       		.byte	4
 223 00c2 34       		.byte	52
 224 00c3 02       		.byte	2
 225 00c4 35       		.byte	53
 226 00c5 1F       		.byte	31
 227 00c6 39       		.byte	57
 228 00c7 20       		.byte	32
ARM GAS  C:\Users\Jona\AppData\Local\Temp\ccvznqDI.s 			page 5


 229 00c8 3F       		.byte	63
 230 00c9 10       		.byte	16
 231 00ca 58       		.byte	88
 232 00cb 04       		.byte	4
 233 00cc 59       		.byte	89
 234 00cd 04       		.byte	4
 235 00ce 5F       		.byte	95
 236 00cf 01       		.byte	1
 237 00d0 D8       		.byte	-40
 238 00d1 04       		.byte	4
 239 00d2 D9       		.byte	-39
 240 00d3 04       		.byte	4
 241 00d4 DF       		.byte	-33
 242 00d5 01       		.byte	1
 243 00d6 00       		.byte	0
 244 00d7 40       		.byte	64
 245 00d8 03       		.byte	3
 246 00d9 18       		.byte	24
 247 00da 04       		.byte	4
 248 00db 44       		.byte	68
 249 00dc 07       		.byte	7
 250 00dd 08       		.byte	8
 251 00de 08       		.byte	8
 252 00df 40       		.byte	64
 253 00e0 09       		.byte	9
 254 00e1 08       		.byte	8
 255 00e2 0B       		.byte	11
 256 00e3 40       		.byte	64
 257 00e4 0D       		.byte	13
 258 00e5 09       		.byte	9
 259 00e6 0F       		.byte	15
 260 00e7 48       		.byte	72
 261 00e8 10       		.byte	16
 262 00e9 92       		.byte	-110
 263 00ea 12       		.byte	18
 264 00eb 04       		.byte	4
 265 00ec 14       		.byte	20
 266 00ed 40       		.byte	64
 267 00ee 18       		.byte	24
 268 00ef 44       		.byte	68
 269 00f0 19       		.byte	25
 270 00f1 02       		.byte	2
 271 00f2 1B       		.byte	27
 272 00f3 0C       		.byte	12
 273 00f4 23       		.byte	35
 274 00f5 08       		.byte	8
 275 00f6 28       		.byte	40
 276 00f7 50       		.byte	80
 277 00f8 2B       		.byte	43
 278 00f9 0A       		.byte	10
 279 00fa 2C       		.byte	44
 280 00fb 40       		.byte	64
 281 00fc 2F       		.byte	47
 282 00fd 08       		.byte	8
 283 00fe 30       		.byte	48
 284 00ff A2       		.byte	-94
 285 0100 31       		.byte	49
ARM GAS  C:\Users\Jona\AppData\Local\Temp\ccvznqDI.s 			page 6


 286 0101 08       		.byte	8
 287 0102 33       		.byte	51
 288 0103 14       		.byte	20
 289 0104 35       		.byte	53
 290 0105 02       		.byte	2
 291 0106 37       		.byte	55
 292 0107 04       		.byte	4
 293 0108 38       		.byte	56
 294 0109 64       		.byte	100
 295 010a 39       		.byte	57
 296 010b 02       		.byte	2
 297 010c 3A       		.byte	58
 298 010d 04       		.byte	4
 299 010e 3C       		.byte	60
 300 010f 04       		.byte	4
 301 0110 3E       		.byte	62
 302 0111 20       		.byte	32
 303 0112 3F       		.byte	63
 304 0113 40       		.byte	64
 305 0114 C0       		.byte	-64
 306 0115 E7       		.byte	-25
 307 0116 C2       		.byte	-62
 308 0117 7D       		.byte	125
 309 0118 C4       		.byte	-60
 310 0119 1F       		.byte	31
 311 011a CA       		.byte	-54
 312 011b AF       		.byte	-81
 313 011c CC       		.byte	-52
 314 011d CF       		.byte	-49
 315 011e CE       		.byte	-50
 316 011f 7F       		.byte	127
 317 0120 E0       		.byte	-32
 318 0121 04       		.byte	4
 319 0122 00       		.byte	0
 320 0123 0F       		.byte	15
 321 0124 04       		.byte	4
 322 0125 0D       		.byte	13
 323 0126 05       		.byte	5
 324 0127 01       		.byte	1
 325 0128 06       		.byte	6
 326 0129 02       		.byte	2
 327 012a 07       		.byte	7
 328 012b 0E       		.byte	14
 329 012c 09       		.byte	9
 330 012d 0F       		.byte	15
 331 012e 0A       		.byte	10
 332 012f 0F       		.byte	15
 333 0130 0D       		.byte	13
 334 0131 02       		.byte	2
 335 0132 0F       		.byte	15
 336 0133 0D       		.byte	13
 337 0134 10       		.byte	16
 338 0135 0E       		.byte	14
 339 0136 11       		.byte	17
 340 0137 0F       		.byte	15
 341 0138 12       		.byte	18
 342 0139 01       		.byte	1
ARM GAS  C:\Users\Jona\AppData\Local\Temp\ccvznqDI.s 			page 7


 343 013a 14       		.byte	20
 344 013b 0F       		.byte	15
 345 013c 17       		.byte	23
 346 013d 0F       		.byte	15
 347 013e 20       		.byte	32
 348 013f 0B       		.byte	11
 349 0140 21       		.byte	33
 350 0141 08       		.byte	8
 351 0142 22       		.byte	34
 352 0143 04       		.byte	4
 353 0144 23       		.byte	35
 354 0145 07       		.byte	7
 355 0146 28       		.byte	40
 356 0147 0F       		.byte	15
 357 0148 29       		.byte	41
 358 0149 0F       		.byte	15
 359 014a 30       		.byte	48
 360 014b 01       		.byte	1
 361 014c 31       		.byte	49
 362 014d 01       		.byte	1
 363 014e 32       		.byte	50
 364 014f 08       		.byte	8
 365 0150 33       		.byte	51
 366 0151 04       		.byte	4
 367 0152 34       		.byte	52
 368 0153 04       		.byte	4
 369 0154 35       		.byte	53
 370 0155 02       		.byte	2
 371 0156 36       		.byte	54
 372 0157 02       		.byte	2
 373 0158 37       		.byte	55
 374 0159 08       		.byte	8
 375 015a 58       		.byte	88
 376 015b 04       		.byte	4
 377 015c 59       		.byte	89
 378 015d 04       		.byte	4
 379 015e 5F       		.byte	95
 380 015f 01       		.byte	1
 381 0160 82       		.byte	-126
 382 0161 02       		.byte	2
 383 0162 86       		.byte	-122
 384 0163 08       		.byte	8
 385 0164 8A       		.byte	-118
 386 0165 01       		.byte	1
 387 0166 8C       		.byte	-116
 388 0167 04       		.byte	4
 389 0168 90       		.byte	-112
 390 0169 40       		.byte	64
 391 016a 92       		.byte	-110
 392 016b 80       		.byte	-128
 393 016c 96       		.byte	-106
 394 016d 04       		.byte	4
 395 016e 98       		.byte	-104
 396 016f 01       		.byte	1
 397 0170 9C       		.byte	-100
 398 0171 10       		.byte	16
 399 0172 9E       		.byte	-98
ARM GAS  C:\Users\Jona\AppData\Local\Temp\ccvznqDI.s 			page 8


 400 0173 20       		.byte	32
 401 0174 A0       		.byte	-96
 402 0175 02       		.byte	2
 403 0176 A4       		.byte	-92
 404 0177 08       		.byte	8
 405 0178 A8       		.byte	-88
 406 0179 20       		.byte	32
 407 017a AA       		.byte	-86
 408 017b 10       		.byte	16
 409 017c AC       		.byte	-84
 410 017d 80       		.byte	-128
 411 017e AE       		.byte	-82
 412 017f 40       		.byte	64
 413 0180 B2       		.byte	-78
 414 0181 FF       		.byte	-1
 415 0182 BE       		.byte	-66
 416 0183 04       		.byte	4
 417 0184 D8       		.byte	-40
 418 0185 04       		.byte	4
 419 0186 D9       		.byte	-39
 420 0187 04       		.byte	4
 421 0188 DF       		.byte	-33
 422 0189 01       		.byte	1
 423 018a 00       		.byte	0
 424 018b 84       		.byte	-124
 425 018c 01       		.byte	1
 426 018d 02       		.byte	2
 427 018e 02       		.byte	2
 428 018f 44       		.byte	68
 429 0190 03       		.byte	3
 430 0191 0A       		.byte	10
 431 0192 04       		.byte	4
 432 0193 04       		.byte	4
 433 0194 05       		.byte	5
 434 0195 02       		.byte	2
 435 0196 07       		.byte	7
 436 0197 08       		.byte	8
 437 0198 08       		.byte	8
 438 0199 50       		.byte	80
 439 019a 09       		.byte	9
 440 019b 08       		.byte	8
 441 019c 0A       		.byte	10
 442 019d 86       		.byte	-122
 443 019e 0B       		.byte	11
 444 019f 50       		.byte	80
 445 01a0 0D       		.byte	13
 446 01a1 08       		.byte	8
 447 01a2 0F       		.byte	15
 448 01a3 40       		.byte	64
 449 01a4 10       		.byte	16
 450 01a5 AA       		.byte	-86
 451 01a6 14       		.byte	20
 452 01a7 40       		.byte	64
 453 01a8 16       		.byte	22
 454 01a9 04       		.byte	4
 455 01aa 18       		.byte	24
 456 01ab 20       		.byte	32
ARM GAS  C:\Users\Jona\AppData\Local\Temp\ccvznqDI.s 			page 9


 457 01ac 1E       		.byte	30
 458 01ad 90       		.byte	-112
 459 01ae 1F       		.byte	31
 460 01af 90       		.byte	-112
 461 01b0 24       		.byte	36
 462 01b1 08       		.byte	8
 463 01b2 26       		.byte	38
 464 01b3 02       		.byte	2
 465 01b4 27       		.byte	39
 466 01b5 11       		.byte	17
 467 01b6 28       		.byte	40
 468 01b7 40       		.byte	64
 469 01b8 2B       		.byte	43
 470 01b9 08       		.byte	8
 471 01ba 2C       		.byte	44
 472 01bb 40       		.byte	64
 473 01bc 2F       		.byte	47
 474 01bd 08       		.byte	8
 475 01be 31       		.byte	49
 476 01bf 08       		.byte	8
 477 01c0 32       		.byte	50
 478 01c1 40       		.byte	64
 479 01c2 35       		.byte	53
 480 01c3 02       		.byte	2
 481 01c4 37       		.byte	55
 482 01c5 08       		.byte	8
 483 01c6 38       		.byte	56
 484 01c7 04       		.byte	4
 485 01c8 3A       		.byte	58
 486 01c9 60       		.byte	96
 487 01ca 3C       		.byte	60
 488 01cb 04       		.byte	4
 489 01cc 3F       		.byte	63
 490 01cd 50       		.byte	80
 491 01ce 87       		.byte	-121
 492 01cf 10       		.byte	16
 493 01d0 8E       		.byte	-114
 494 01d1 04       		.byte	4
 495 01d2 90       		.byte	-112
 496 01d3 04       		.byte	4
 497 01d4 94       		.byte	-108
 498 01d5 20       		.byte	32
 499 01d6 97       		.byte	-105
 500 01d7 40       		.byte	64
 501 01d8 99       		.byte	-103
 502 01d9 02       		.byte	2
 503 01da 9A       		.byte	-102
 504 01db 20       		.byte	32
 505 01dc 9B       		.byte	-101
 506 01dd 08       		.byte	8
 507 01de 9C       		.byte	-100
 508 01df 50       		.byte	80
 509 01e0 A3       		.byte	-93
 510 01e1 08       		.byte	8
 511 01e2 A4       		.byte	-92
 512 01e3 A0       		.byte	-96
 513 01e4 A5       		.byte	-91
ARM GAS  C:\Users\Jona\AppData\Local\Temp\ccvznqDI.s 			page 10


 514 01e5 08       		.byte	8
 515 01e6 A7       		.byte	-89
 516 01e7 02       		.byte	2
 517 01e8 AC       		.byte	-84
 518 01e9 02       		.byte	2
 519 01ea AE       		.byte	-82
 520 01eb 20       		.byte	32
 521 01ec AF       		.byte	-81
 522 01ed 08       		.byte	8
 523 01ee C0       		.byte	-64
 524 01ef 7F       		.byte	127
 525 01f0 C2       		.byte	-62
 526 01f1 3F       		.byte	63
 527 01f2 C4       		.byte	-60
 528 01f3 5F       		.byte	95
 529 01f4 CA       		.byte	-54
 530 01f5 A5       		.byte	-91
 531 01f6 CC       		.byte	-52
 532 01f7 CA       		.byte	-54
 533 01f8 CE       		.byte	-50
 534 01f9 7E       		.byte	126
 535 01fa E2       		.byte	-30
 536 01fb 40       		.byte	64
 537 01fc 03       		.byte	3
 538 01fd 02       		.byte	2
 539 01fe 13       		.byte	19
 540 01ff 01       		.byte	1
 541 0200 2A       		.byte	42
 542 0201 01       		.byte	1
 543 0202 33       		.byte	51
 544 0203 02       		.byte	2
 545 0204 36       		.byte	54
 546 0205 01       		.byte	1
 547 0206 37       		.byte	55
 548 0207 01       		.byte	1
 549 0208 56       		.byte	86
 550 0209 02       		.byte	2
 551 020a 57       		.byte	87
 552 020b 3D       		.byte	61
 553 020c 58       		.byte	88
 554 020d 04       		.byte	4
 555 020e 59       		.byte	89
 556 020f 04       		.byte	4
 557 0210 5B       		.byte	91
 558 0211 0C       		.byte	12
 559 0212 5F       		.byte	95
 560 0213 01       		.byte	1
 561 0214 D8       		.byte	-40
 562 0215 04       		.byte	4
 563 0216 D9       		.byte	-39
 564 0217 04       		.byte	4
 565 0218 DF       		.byte	-33
 566 0219 01       		.byte	1
 567 021a 00       		.byte	0
 568 021b 04       		.byte	4
 569 021c 01       		.byte	1
 570 021d 82       		.byte	-126
ARM GAS  C:\Users\Jona\AppData\Local\Temp\ccvznqDI.s 			page 11


 571 021e 02       		.byte	2
 572 021f 04       		.byte	4
 573 0220 04       		.byte	4
 574 0221 04       		.byte	4
 575 0222 05       		.byte	5
 576 0223 02       		.byte	2
 577 0224 06       		.byte	6
 578 0225 04       		.byte	4
 579 0226 09       		.byte	9
 580 0227 08       		.byte	8
 581 0228 0C       		.byte	12
 582 0229 04       		.byte	4
 583 022a 0F       		.byte	15
 584 022b 80       		.byte	-128
 585 022c 10       		.byte	16
 586 022d 08       		.byte	8
 587 022e 12       		.byte	18
 588 022f 80       		.byte	-128
 589 0230 13       		.byte	19
 590 0231 08       		.byte	8
 591 0232 17       		.byte	23
 592 0233 22       		.byte	34
 593 0234 19       		.byte	25
 594 0235 80       		.byte	-128
 595 0236 1A       		.byte	26
 596 0237 02       		.byte	2
 597 0238 1B       		.byte	27
 598 0239 40       		.byte	64
 599 023a 21       		.byte	33
 600 023b 08       		.byte	8
 601 023c 22       		.byte	34
 602 023d C0       		.byte	-64
 603 023e 23       		.byte	35
 604 023f 32       		.byte	50
 605 0240 29       		.byte	41
 606 0241 80       		.byte	-128
 607 0242 2A       		.byte	42
 608 0243 04       		.byte	4
 609 0244 2D       		.byte	45
 610 0245 82       		.byte	-126
 611 0246 2F       		.byte	47
 612 0247 08       		.byte	8
 613 0248 30       		.byte	48
 614 0249 06       		.byte	6
 615 024a 32       		.byte	50
 616 024b 40       		.byte	64
 617 024c 34       		.byte	52
 618 024d 04       		.byte	4
 619 024e 36       		.byte	54
 620 024f 80       		.byte	-128
 621 0250 37       		.byte	55
 622 0251 08       		.byte	8
 623 0252 38       		.byte	56
 624 0253 04       		.byte	4
 625 0254 39       		.byte	57
 626 0255 02       		.byte	2
 627 0256 3A       		.byte	58
ARM GAS  C:\Users\Jona\AppData\Local\Temp\ccvznqDI.s 			page 12


 628 0257 40       		.byte	64
 629 0258 3B       		.byte	59
 630 0259 10       		.byte	16
 631 025a 3C       		.byte	60
 632 025b 04       		.byte	4
 633 025c 3F       		.byte	63
 634 025d 10       		.byte	16
 635 025e 5A       		.byte	90
 636 025f 10       		.byte	16
 637 0260 60       		.byte	96
 638 0261 40       		.byte	64
 639 0262 68       		.byte	104
 640 0263 6A       		.byte	106
 641 0264 69       		.byte	105
 642 0265 02       		.byte	2
 643 0266 70       		.byte	112
 644 0267 80       		.byte	-128
 645 0268 72       		.byte	114
 646 0269 04       		.byte	4
 647 026a 79       		.byte	121
 648 026b 40       		.byte	64
 649 026c 84       		.byte	-124
 650 026d 01       		.byte	1
 651 026e 90       		.byte	-112
 652 026f 04       		.byte	4
 653 0270 96       		.byte	-106
 654 0271 86       		.byte	-122
 655 0272 99       		.byte	-103
 656 0273 02       		.byte	2
 657 0274 9A       		.byte	-102
 658 0275 44       		.byte	68
 659 0276 9B       		.byte	-101
 660 0277 08       		.byte	8
 661 0278 A3       		.byte	-93
 662 0279 08       		.byte	8
 663 027a A4       		.byte	-92
 664 027b EA       		.byte	-22
 665 027c A5       		.byte	-91
 666 027d 08       		.byte	8
 667 027e A6       		.byte	-90
 668 027f 04       		.byte	4
 669 0280 AA       		.byte	-86
 670 0281 10       		.byte	16
 671 0282 AB       		.byte	-85
 672 0283 10       		.byte	16
 673 0284 AE       		.byte	-82
 674 0285 02       		.byte	2
 675 0286 B2       		.byte	-78
 676 0287 40       		.byte	64
 677 0288 B3       		.byte	-77
 678 0289 81       		.byte	-127
 679 028a B4       		.byte	-76
 680 028b 04       		.byte	4
 681 028c C0       		.byte	-64
 682 028d 7F       		.byte	127
 683 028e C2       		.byte	-62
 684 028f 34       		.byte	52
ARM GAS  C:\Users\Jona\AppData\Local\Temp\ccvznqDI.s 			page 13


 685 0290 C4       		.byte	-60
 686 0291 5E       		.byte	94
 687 0292 CA       		.byte	-54
 688 0293 BA       		.byte	-70
 689 0294 CC       		.byte	-52
 690 0295 5B       		.byte	91
 691 0296 CE       		.byte	-50
 692 0297 6F       		.byte	111
 693 0298 D6       		.byte	-42
 694 0299 04       		.byte	4
 695 029a D8       		.byte	-40
 696 029b 01       		.byte	1
 697 029c DE       		.byte	-34
 698 029d 08       		.byte	8
 699 029e E2       		.byte	-30
 700 029f 02       		.byte	2
 701 02a0 E6       		.byte	-26
 702 02a1 01       		.byte	1
 703 02a2 EA       		.byte	-22
 704 02a3 B0       		.byte	-80
 705 02a4 EE       		.byte	-18
 706 02a5 20       		.byte	32
 707 02a6 02       		.byte	2
 708 02a7 01       		.byte	1
 709 02a8 04       		.byte	4
 710 02a9 01       		.byte	1
 711 02aa 0C       		.byte	12
 712 02ab 01       		.byte	1
 713 02ac 34       		.byte	52
 714 02ad 01       		.byte	1
 715 02ae 3E       		.byte	62
 716 02af 10       		.byte	16
 717 02b0 58       		.byte	88
 718 02b1 04       		.byte	4
 719 02b2 59       		.byte	89
 720 02b3 04       		.byte	4
 721 02b4 5F       		.byte	95
 722 02b5 01       		.byte	1
 723 02b6 89       		.byte	-119
 724 02b7 01       		.byte	1
 725 02b8 91       		.byte	-111
 726 02b9 01       		.byte	1
 727 02ba B1       		.byte	-79
 728 02bb 01       		.byte	1
 729 02bc B9       		.byte	-71
 730 02bd 02       		.byte	2
 731 02be BF       		.byte	-65
 732 02bf 01       		.byte	1
 733 02c0 D2       		.byte	-46
 734 02c1 03       		.byte	3
 735 02c2 D3       		.byte	-45
 736 02c3 02       		.byte	2
 737 02c4 D8       		.byte	-40
 738 02c5 04       		.byte	4
 739 02c6 D9       		.byte	-39
 740 02c7 04       		.byte	4
 741 02c8 DB       		.byte	-37
ARM GAS  C:\Users\Jona\AppData\Local\Temp\ccvznqDI.s 			page 14


 742 02c9 04       		.byte	4
 743 02ca DF       		.byte	-33
 744 02cb 01       		.byte	1
 745 02cc 00       		.byte	0
 746 02cd 04       		.byte	4
 747 02ce 01       		.byte	1
 748 02cf 80       		.byte	-128
 749 02d0 02       		.byte	2
 750 02d1 50       		.byte	80
 751 02d2 04       		.byte	4
 752 02d3 0A       		.byte	10
 753 02d4 05       		.byte	5
 754 02d5 10       		.byte	16
 755 02d6 06       		.byte	6
 756 02d7 04       		.byte	4
 757 02d8 07       		.byte	7
 758 02d9 01       		.byte	1
 759 02da 09       		.byte	9
 760 02db 08       		.byte	8
 761 02dc 0C       		.byte	12
 762 02dd 04       		.byte	4
 763 02de 0F       		.byte	15
 764 02df 80       		.byte	-128
 765 02e0 12       		.byte	18
 766 02e1 84       		.byte	-124
 767 02e2 13       		.byte	19
 768 02e3 0A       		.byte	10
 769 02e4 16       		.byte	22
 770 02e5 1A       		.byte	26
 771 02e6 17       		.byte	23
 772 02e7 32       		.byte	50
 773 02e8 1F       		.byte	31
 774 02e9 20       		.byte	32
 775 02ea 20       		.byte	32
 776 02eb 40       		.byte	64
 777 02ec 29       		.byte	41
 778 02ed 94       		.byte	-108
 779 02ee 2E       		.byte	46
 780 02ef 0A       		.byte	10
 781 02f0 2F       		.byte	47
 782 02f1 40       		.byte	64
 783 02f2 30       		.byte	48
 784 02f3 01       		.byte	1
 785 02f4 32       		.byte	50
 786 02f5 80       		.byte	-128
 787 02f6 33       		.byte	51
 788 02f7 10       		.byte	16
 789 02f8 35       		.byte	53
 790 02f9 14       		.byte	20
 791 02fa 36       		.byte	54
 792 02fb 80       		.byte	-128
 793 02fc 37       		.byte	55
 794 02fd 08       		.byte	8
 795 02fe 38       		.byte	56
 796 02ff 04       		.byte	4
 797 0300 39       		.byte	57
 798 0301 10       		.byte	16
ARM GAS  C:\Users\Jona\AppData\Local\Temp\ccvznqDI.s 			page 15


 799 0302 3A       		.byte	58
 800 0303 40       		.byte	64
 801 0304 3B       		.byte	59
 802 0305 80       		.byte	-128
 803 0306 3C       		.byte	60
 804 0307 04       		.byte	4
 805 0308 3F       		.byte	63
 806 0309 80       		.byte	-128
 807 030a 69       		.byte	105
 808 030b 50       		.byte	80
 809 030c 6A       		.byte	106
 810 030d 10       		.byte	16
 811 030e 90       		.byte	-112
 812 030f 04       		.byte	4
 813 0310 94       		.byte	-108
 814 0311 40       		.byte	64
 815 0312 95       		.byte	-107
 816 0313 40       		.byte	64
 817 0314 96       		.byte	-106
 818 0315 10       		.byte	16
 819 0316 98       		.byte	-104
 820 0317 05       		.byte	5
 821 0318 99       		.byte	-103
 822 0319 80       		.byte	-128
 823 031a 9A       		.byte	-102
 824 031b 44       		.byte	68
 825 031c 9B       		.byte	-101
 826 031d 28       		.byte	40
 827 031e A1       		.byte	-95
 828 031f 08       		.byte	8
 829 0320 A2       		.byte	-94
 830 0321 80       		.byte	-128
 831 0322 A3       		.byte	-93
 832 0323 40       		.byte	64
 833 0324 A6       		.byte	-90
 834 0325 04       		.byte	4
 835 0326 C0       		.byte	-64
 836 0327 FD       		.byte	-3
 837 0328 C2       		.byte	-62
 838 0329 34       		.byte	52
 839 032a C4       		.byte	-60
 840 032b FE       		.byte	-2
 841 032c CA       		.byte	-54
 842 032d CE       		.byte	-50
 843 032e CC       		.byte	-52
 844 032f 7D       		.byte	125
 845 0330 CE       		.byte	-50
 846 0331 5E       		.byte	94
 847 0332 99       		.byte	-103
 848 0333 80       		.byte	-128
 849 0334 99       		.byte	-103
 850 0335 80       		.byte	-128
 851 0336 E2       		.byte	-30
 852 0337 02       		.byte	2
 853 0338 E6       		.byte	-26
 854 0339 01       		.byte	1
 855 033a 99       		.byte	-103
ARM GAS  C:\Users\Jona\AppData\Local\Temp\ccvznqDI.s 			page 16


 856 033b 80       		.byte	-128
 857 033c 81       		.byte	-127
 858 033d 80       		.byte	-128
 859 033e 58       		.byte	88
 860 033f 04       		.byte	4
 861 0340 59       		.byte	89
 862 0341 04       		.byte	4
 863 0342 5F       		.byte	95
 864 0343 01       		.byte	1
 865 0344 8F       		.byte	-113
 866 0345 01       		.byte	1
 867 0346 91       		.byte	-111
 868 0347 01       		.byte	1
 869 0348 AB       		.byte	-85
 870 0349 01       		.byte	1
 871 034a B7       		.byte	-73
 872 034b 01       		.byte	1
 873 034c BF       		.byte	-65
 874 034d 40       		.byte	64
 875 034e D8       		.byte	-40
 876 034f 04       		.byte	4
 877 0350 D9       		.byte	-39
 878 0351 04       		.byte	4
 879 0352 DB       		.byte	-37
 880 0353 04       		.byte	4
 881 0354 DF       		.byte	-33
 882 0355 01       		.byte	1
 883 0356 00       		.byte	0
 884 0357 04       		.byte	4
 885 0358 01       		.byte	1
 886 0359 80       		.byte	-128
 887 035a 02       		.byte	2
 888 035b 40       		.byte	64
 889 035c 04       		.byte	4
 890 035d 04       		.byte	4
 891 035e 05       		.byte	5
 892 035f 90       		.byte	-112
 893 0360 06       		.byte	6
 894 0361 40       		.byte	64
 895 0362 08       		.byte	8
 896 0363 04       		.byte	4
 897 0364 0E       		.byte	14
 898 0365 80       		.byte	-128
 899 0366 10       		.byte	16
 900 0367 10       		.byte	16
 901 0368 12       		.byte	18
 902 0369 84       		.byte	-124
 903 036a 16       		.byte	22
 904 036b 0C       		.byte	12
 905 036c 17       		.byte	23
 906 036d 08       		.byte	8
 907 036e 24       		.byte	36
 908 036f 02       		.byte	2
 909 0370 29       		.byte	41
 910 0371 80       		.byte	-128
 911 0372 2A       		.byte	42
 912 0373 04       		.byte	4
ARM GAS  C:\Users\Jona\AppData\Local\Temp\ccvznqDI.s 			page 17


 913 0374 2D       		.byte	45
 914 0375 80       		.byte	-128
 915 0376 2E       		.byte	46
 916 0377 08       		.byte	8
 917 0378 2F       		.byte	47
 918 0379 48       		.byte	72
 919 037a 30       		.byte	48
 920 037b 04       		.byte	4
 921 037c 31       		.byte	49
 922 037d 10       		.byte	16
 923 037e 32       		.byte	50
 924 037f 80       		.byte	-128
 925 0380 34       		.byte	52
 926 0381 14       		.byte	20
 927 0382 35       		.byte	53
 928 0383 10       		.byte	16
 929 0384 36       		.byte	54
 930 0385 C0       		.byte	-64
 931 0386 37       		.byte	55
 932 0387 29       		.byte	41
 933 0388 38       		.byte	56
 934 0389 04       		.byte	4
 935 038a 3A       		.byte	58
 936 038b 40       		.byte	64
 937 038c 3B       		.byte	59
 938 038d 80       		.byte	-128
 939 038e 3C       		.byte	60
 940 038f 04       		.byte	4
 941 0390 3E       		.byte	62
 942 0391 40       		.byte	64
 943 0392 6C       		.byte	108
 944 0393 04       		.byte	4
 945 0394 6F       		.byte	111
 946 0395 09       		.byte	9
 947 0396 80       		.byte	-128
 948 0397 01       		.byte	1
 949 0398 83       		.byte	-125
 950 0399 40       		.byte	64
 951 039a 90       		.byte	-112
 952 039b 04       		.byte	4
 953 039c 92       		.byte	-110
 954 039d 40       		.byte	64
 955 039e 94       		.byte	-108
 956 039f 08       		.byte	8
 957 03a0 99       		.byte	-103
 958 03a1 80       		.byte	-128
 959 03a2 9A       		.byte	-102
 960 03a3 44       		.byte	68
 961 03a4 9B       		.byte	-101
 962 03a5 28       		.byte	40
 963 03a6 9F       		.byte	-97
 964 03a7 01       		.byte	1
 965 03a8 A2       		.byte	-94
 966 03a9 80       		.byte	-128
 967 03aa A7       		.byte	-89
 968 03ab 48       		.byte	72
 969 03ac AA       		.byte	-86
ARM GAS  C:\Users\Jona\AppData\Local\Temp\ccvznqDI.s 			page 18


 970 03ad 04       		.byte	4
 971 03ae AB       		.byte	-85
 972 03af 01       		.byte	1
 973 03b0 AC       		.byte	-84
 974 03b1 94       		.byte	-108
 975 03b2 AE       		.byte	-82
 976 03b3 04       		.byte	4
 977 03b4 AF       		.byte	-81
 978 03b5 08       		.byte	8
 979 03b6 B1       		.byte	-79
 980 03b7 01       		.byte	1
 981 03b8 B2       		.byte	-78
 982 03b9 20       		.byte	32
 983 03ba B3       		.byte	-77
 984 03bb 40       		.byte	64
 985 03bc B5       		.byte	-75
 986 03bd 10       		.byte	16
 987 03be C0       		.byte	-64
 988 03bf FD       		.byte	-3
 989 03c0 C2       		.byte	-62
 990 03c1 14       		.byte	20
 991 03c2 C4       		.byte	-60
 992 03c3 6E       		.byte	110
 993 03c4 CA       		.byte	-54
 994 03c5 FA       		.byte	-6
 995 03c6 CC       		.byte	-52
 996 03c7 FE       		.byte	-2
 997 03c8 CE       		.byte	-50
 998 03c9 5A       		.byte	90
 999 03ca E8       		.byte	-24
 1000 03cb 10       		.byte	16
 1001 03cc EA       		.byte	-22
 1002 03cd 20       		.byte	32
 1003 03ce 02       		.byte	2
 1004 03cf 02       		.byte	2
 1005 03d0 04       		.byte	4
 1006 03d1 02       		.byte	2
 1007 03d2 0E       		.byte	14
 1008 03d3 02       		.byte	2
 1009 03d4 0F       		.byte	15
 1010 03d5 01       		.byte	1
 1011 03d6 11       		.byte	17
 1012 03d7 03       		.byte	3
 1013 03d8 12       		.byte	18
 1014 03d9 01       		.byte	1
 1015 03da 13       		.byte	19
 1016 03db 04       		.byte	4
 1017 03dc 23       		.byte	35
 1018 03dd 04       		.byte	4
 1019 03de 27       		.byte	39
 1020 03df 02       		.byte	2
 1021 03e0 29       		.byte	41
 1022 03e1 05       		.byte	5
 1023 03e2 2B       		.byte	43
 1024 03e3 02       		.byte	2
 1025 03e4 34       		.byte	52
 1026 03e5 01       		.byte	1
ARM GAS  C:\Users\Jona\AppData\Local\Temp\ccvznqDI.s 			page 19


 1027 03e6 35       		.byte	53
 1028 03e7 07       		.byte	7
 1029 03e8 36       		.byte	54
 1030 03e9 02       		.byte	2
 1031 03ea 3E       		.byte	62
 1032 03eb 40       		.byte	64
 1033 03ec 3F       		.byte	63
 1034 03ed 10       		.byte	16
 1035 03ee 58       		.byte	88
 1036 03ef 04       		.byte	4
 1037 03f0 59       		.byte	89
 1038 03f1 04       		.byte	4
 1039 03f2 5B       		.byte	91
 1040 03f3 04       		.byte	4
 1041 03f4 5C       		.byte	92
 1042 03f5 02       		.byte	2
 1043 03f6 5F       		.byte	95
 1044 03f7 01       		.byte	1
 1045 03f8 82       		.byte	-126
 1046 03f9 04       		.byte	4
 1047 03fa 84       		.byte	-124
 1048 03fb 01       		.byte	1
 1049 03fc 8E       		.byte	-114
 1050 03fd 01       		.byte	1
 1051 03fe 91       		.byte	-111
 1052 03ff 01       		.byte	1
 1053 0400 92       		.byte	-110
 1054 0401 04       		.byte	4
 1055 0402 A3       		.byte	-93
 1056 0403 03       		.byte	3
 1057 0404 A6       		.byte	-90
 1058 0405 02       		.byte	2
 1059 0406 B0       		.byte	-80
 1060 0407 03       		.byte	3
 1061 0408 B1       		.byte	-79
 1062 0409 02       		.byte	2
 1063 040a B4       		.byte	-76
 1064 040b 04       		.byte	4
 1065 040c B5       		.byte	-75
 1066 040d 01       		.byte	1
 1067 040e BE       		.byte	-66
 1068 040f 10       		.byte	16
 1069 0410 D4       		.byte	-44
 1070 0411 01       		.byte	1
 1071 0412 D8       		.byte	-40
 1072 0413 04       		.byte	4
 1073 0414 D9       		.byte	-39
 1074 0415 0C       		.byte	12
 1075 0416 DB       		.byte	-37
 1076 0417 0C       		.byte	12
 1077 0418 DC       		.byte	-36
 1078 0419 09       		.byte	9
 1079 041a DF       		.byte	-33
 1080 041b 01       		.byte	1
 1081 041c 00       		.byte	0
 1082 041d 48       		.byte	72
 1083 041e 01       		.byte	1
ARM GAS  C:\Users\Jona\AppData\Local\Temp\ccvznqDI.s 			page 20


 1084 041f 01       		.byte	1
 1085 0420 04       		.byte	4
 1086 0421 0A       		.byte	10
 1087 0422 07       		.byte	7
 1088 0423 01       		.byte	1
 1089 0424 08       		.byte	8
 1090 0425 02       		.byte	2
 1091 0426 0F       		.byte	15
 1092 0427 80       		.byte	-128
 1093 0428 10       		.byte	16
 1094 0429 20       		.byte	32
 1095 042a 18       		.byte	24
 1096 042b 40       		.byte	64
 1097 042c 19       		.byte	25
 1098 042d 11       		.byte	17
 1099 042e 1C       		.byte	28
 1100 042f 02       		.byte	2
 1101 0430 1E       		.byte	30
 1102 0431 08       		.byte	8
 1103 0432 20       		.byte	32
 1104 0433 08       		.byte	8
 1105 0434 21       		.byte	33
 1106 0435 02       		.byte	2
 1107 0436 26       		.byte	38
 1108 0437 20       		.byte	32
 1109 0438 29       		.byte	41
 1110 0439 01       		.byte	1
 1111 043a 2C       		.byte	44
 1112 043b 81       		.byte	-127
 1113 043c 2E       		.byte	46
 1114 043d 04       		.byte	4
 1115 043e 2F       		.byte	47
 1116 043f 08       		.byte	8
 1117 0440 31       		.byte	49
 1118 0441 02       		.byte	2
 1119 0442 35       		.byte	53
 1120 0443 80       		.byte	-128
 1121 0444 36       		.byte	54
 1122 0445 08       		.byte	8
 1123 0446 37       		.byte	55
 1124 0447 21       		.byte	33
 1125 0448 3C       		.byte	60
 1126 0449 24       		.byte	36
 1127 044a 3E       		.byte	62
 1128 044b 80       		.byte	-128
 1129 044c 3F       		.byte	63
 1130 044d 01       		.byte	1
 1131 044e 58       		.byte	88
 1132 044f 80       		.byte	-128
 1133 0450 5F       		.byte	95
 1134 0451 40       		.byte	64
 1135 0452 6C       		.byte	108
 1136 0453 01       		.byte	1
 1137 0454 6E       		.byte	110
 1138 0455 40       		.byte	64
 1139 0456 78       		.byte	120
 1140 0457 01       		.byte	1
ARM GAS  C:\Users\Jona\AppData\Local\Temp\ccvznqDI.s 			page 21


 1141 0458 79       		.byte	121
 1142 0459 40       		.byte	64
 1143 045a 7A       		.byte	122
 1144 045b 80       		.byte	-128
 1145 045c 80       		.byte	-128
 1146 045d A2       		.byte	-94
 1147 045e 86       		.byte	-122
 1148 045f 48       		.byte	72
 1149 0460 88       		.byte	-120
 1150 0461 01       		.byte	1
 1151 0462 8E       		.byte	-114
 1152 0463 80       		.byte	-128
 1153 0464 90       		.byte	-112
 1154 0465 04       		.byte	4
 1155 0466 91       		.byte	-111
 1156 0467 40       		.byte	64
 1157 0468 94       		.byte	-108
 1158 0469 0A       		.byte	10
 1159 046a 99       		.byte	-103
 1160 046b 80       		.byte	-128
 1161 046c 9A       		.byte	-102
 1162 046d 44       		.byte	68
 1163 046e 9B       		.byte	-101
 1164 046f 28       		.byte	40
 1165 0470 9F       		.byte	-97
 1166 0471 01       		.byte	1
 1167 0472 A2       		.byte	-94
 1168 0473 80       		.byte	-128
 1169 0474 A6       		.byte	-90
 1170 0475 04       		.byte	4
 1171 0476 AF       		.byte	-81
 1172 0477 20       		.byte	32
 1173 0478 B4       		.byte	-76
 1174 0479 01       		.byte	1
 1175 047a C0       		.byte	-64
 1176 047b BD       		.byte	-67
 1177 047c C2       		.byte	-62
 1178 047d 18       		.byte	24
 1179 047e C4       		.byte	-60
 1180 047f 04       		.byte	4
 1181 0480 CA       		.byte	-54
 1182 0481 F1       		.byte	-15
 1183 0482 CC       		.byte	-52
 1184 0483 F1       		.byte	-15
 1185 0484 CE       		.byte	-50
 1186 0485 F0       		.byte	-16
 1187 0486 D6       		.byte	-42
 1188 0487 18       		.byte	24
 1189 0488 DE       		.byte	-34
 1190 0489 08       		.byte	8
 1191 048a E2       		.byte	-30
 1192 048b 05       		.byte	5
 1193 048c E4       		.byte	-28
 1194 048d 10       		.byte	16
 1195 048e E6       		.byte	-26
 1196 048f 01       		.byte	1
 1197 0490 EA       		.byte	-22
ARM GAS  C:\Users\Jona\AppData\Local\Temp\ccvznqDI.s 			page 22


 1198 0491 40       		.byte	64
 1199 0492 03       		.byte	3
 1200 0493 01       		.byte	1
 1201 0494 0B       		.byte	11
 1202 0495 02       		.byte	2
 1203 0496 16       		.byte	22
 1204 0497 01       		.byte	1
 1205 0498 1E       		.byte	30
 1206 0499 04       		.byte	4
 1207 049a 25       		.byte	37
 1208 049b 01       		.byte	1
 1209 049c 2D       		.byte	45
 1210 049d 02       		.byte	2
 1211 049e 2E       		.byte	46
 1212 049f 02       		.byte	2
 1213 04a0 30       		.byte	48
 1214 04a1 01       		.byte	1
 1215 04a2 32       		.byte	50
 1216 04a3 02       		.byte	2
 1217 04a4 33       		.byte	51
 1218 04a5 02       		.byte	2
 1219 04a6 34       		.byte	52
 1220 04a7 04       		.byte	4
 1221 04a8 37       		.byte	55
 1222 04a9 01       		.byte	1
 1223 04aa 40       		.byte	64
 1224 04ab 30       		.byte	48
 1225 04ac 41       		.byte	65
 1226 04ad 02       		.byte	2
 1227 04ae 45       		.byte	69
 1228 04af D0       		.byte	-48
 1229 04b0 46       		.byte	70
 1230 04b1 50       		.byte	80
 1231 04b2 47       		.byte	71
 1232 04b3 12       		.byte	18
 1233 04b4 48       		.byte	72
 1234 04b5 3A       		.byte	58
 1235 04b6 49       		.byte	73
 1236 04b7 FF       		.byte	-1
 1237 04b8 4A       		.byte	74
 1238 04b9 FF       		.byte	-1
 1239 04ba 4B       		.byte	75
 1240 04bb FF       		.byte	-1
 1241 04bc 4D       		.byte	77
 1242 04bd A0       		.byte	-96
 1243 04be 4F       		.byte	79
 1244 04bf 04       		.byte	4
 1245 04c0 50       		.byte	80
 1246 04c1 18       		.byte	24
 1247 04c2 52       		.byte	82
 1248 04c3 80       		.byte	-128
 1249 04c4 54       		.byte	84
 1250 04c5 07       		.byte	7
 1251 04c6 58       		.byte	88
 1252 04c7 04       		.byte	4
 1253 04c8 59       		.byte	89
 1254 04c9 04       		.byte	4
ARM GAS  C:\Users\Jona\AppData\Local\Temp\ccvznqDI.s 			page 23


 1255 04ca 5A       		.byte	90
 1256 04cb 04       		.byte	4
 1257 04cc 5B       		.byte	91
 1258 04cd 04       		.byte	4
 1259 04ce 5C       		.byte	92
 1260 04cf 11       		.byte	17
 1261 04d0 5D       		.byte	93
 1262 04d1 11       		.byte	17
 1263 04d2 5F       		.byte	95
 1264 04d3 01       		.byte	1
 1265 04d4 60       		.byte	96
 1266 04d5 40       		.byte	64
 1267 04d6 62       		.byte	98
 1268 04d7 C0       		.byte	-64
 1269 04d8 64       		.byte	100
 1270 04d9 40       		.byte	64
 1271 04da 65       		.byte	101
 1272 04db 40       		.byte	64
 1273 04dc 66       		.byte	102
 1274 04dd C0       		.byte	-64
 1275 04de 68       		.byte	104
 1276 04df C0       		.byte	-64
 1277 04e0 6A       		.byte	106
 1278 04e1 C0       		.byte	-64
 1279 04e2 6C       		.byte	108
 1280 04e3 C0       		.byte	-64
 1281 04e4 6E       		.byte	110
 1282 04e5 C0       		.byte	-64
 1283 04e6 96       		.byte	-106
 1284 04e7 01       		.byte	1
 1285 04e8 97       		.byte	-105
 1286 04e9 01       		.byte	1
 1287 04ea 9A       		.byte	-102
 1288 04eb 01       		.byte	1
 1289 04ec AF       		.byte	-81
 1290 04ed 01       		.byte	1
 1291 04ee B4       		.byte	-76
 1292 04ef 01       		.byte	1
 1293 04f0 B7       		.byte	-73
 1294 04f1 01       		.byte	1
 1295 04f2 D6       		.byte	-42
 1296 04f3 08       		.byte	8
 1297 04f4 D8       		.byte	-40
 1298 04f5 04       		.byte	4
 1299 04f6 D9       		.byte	-39
 1300 04f7 04       		.byte	4
 1301 04f8 DB       		.byte	-37
 1302 04f9 04       		.byte	4
 1303 04fa DC       		.byte	-36
 1304 04fb 11       		.byte	17
 1305 04fc DD       		.byte	-35
 1306 04fd 90       		.byte	-112
 1307 04fe DF       		.byte	-33
 1308 04ff 01       		.byte	1
 1309 0500 09       		.byte	9
 1310 0501 28       		.byte	40
 1311 0502 0F       		.byte	15
ARM GAS  C:\Users\Jona\AppData\Local\Temp\ccvznqDI.s 			page 24


 1312 0503 22       		.byte	34
 1313 0504 17       		.byte	23
 1314 0505 40       		.byte	64
 1315 0506 1A       		.byte	26
 1316 0507 08       		.byte	8
 1317 0508 1C       		.byte	28
 1318 0509 20       		.byte	32
 1319 050a 1D       		.byte	29
 1320 050b 08       		.byte	8
 1321 050c 1E       		.byte	30
 1322 050d 40       		.byte	64
 1323 050e 1F       		.byte	31
 1324 050f 20       		.byte	32
 1325 0510 20       		.byte	32
 1326 0511 02       		.byte	2
 1327 0512 26       		.byte	38
 1328 0513 40       		.byte	64
 1329 0514 27       		.byte	39
 1330 0515 20       		.byte	32
 1331 0516 2B       		.byte	43
 1332 0517 01       		.byte	1
 1333 0518 2E       		.byte	46
 1334 0519 40       		.byte	64
 1335 051a 2F       		.byte	47
 1336 051b 20       		.byte	32
 1337 051c 31       		.byte	49
 1338 051d 08       		.byte	8
 1339 051e 3F       		.byte	63
 1340 051f 22       		.byte	34
 1341 0520 45       		.byte	69
 1342 0521 08       		.byte	8
 1343 0522 46       		.byte	70
 1344 0523 08       		.byte	8
 1345 0524 4D       		.byte	77
 1346 0525 01       		.byte	1
 1347 0526 55       		.byte	85
 1348 0527 20       		.byte	32
 1349 0528 56       		.byte	86
 1350 0529 08       		.byte	8
 1351 052a 57       		.byte	87
 1352 052b 11       		.byte	17
 1353 052c 59       		.byte	89
 1354 052d 80       		.byte	-128
 1355 052e 5D       		.byte	93
 1356 052f 09       		.byte	9
 1357 0530 5E       		.byte	94
 1358 0531 80       		.byte	-128
 1359 0532 5F       		.byte	95
 1360 0533 20       		.byte	32
 1361 0534 63       		.byte	99
 1362 0535 01       		.byte	1
 1363 0536 77       		.byte	119
 1364 0537 40       		.byte	64
 1365 0538 82       		.byte	-126
 1366 0539 08       		.byte	8
 1367 053a 83       		.byte	-125
 1368 053b 01       		.byte	1
ARM GAS  C:\Users\Jona\AppData\Local\Temp\ccvznqDI.s 			page 25


 1369 053c 99       		.byte	-103
 1370 053d 80       		.byte	-128
 1371 053e C2       		.byte	-62
 1372 053f A6       		.byte	-90
 1373 0540 C4       		.byte	-60
 1374 0541 80       		.byte	-128
 1375 0542 CA       		.byte	-54
 1376 0543 58       		.byte	88
 1377 0544 CC       		.byte	-52
 1378 0545 02       		.byte	2
 1379 0546 CE       		.byte	-50
 1380 0547 A0       		.byte	-96
 1381 0548 D0       		.byte	-48
 1382 0549 60       		.byte	96
 1383 054a D6       		.byte	-42
 1384 054b F8       		.byte	-8
 1385 054c D8       		.byte	-40
 1386 054d 08       		.byte	8
 1387 054e E0       		.byte	-32
 1388 054f 80       		.byte	-128
 1389 0550 E2       		.byte	-30
 1390 0551 04       		.byte	4
 1391 0552 AE       		.byte	-82
 1392 0553 04       		.byte	4
 1393 0554 B0       		.byte	-80
 1394 0555 11       		.byte	17
 1395 0556 B5       		.byte	-75
 1396 0557 08       		.byte	8
 1397 0558 E8       		.byte	-24
 1398 0559 50       		.byte	80
 1399 055a EC       		.byte	-20
 1400 055b 08       		.byte	8
 1401 055c EE       		.byte	-18
 1402 055d 80       		.byte	-128
 1403 055e 13       		.byte	19
 1404 055f 08       		.byte	8
 1405 0560 16       		.byte	22
 1406 0561 80       		.byte	-128
 1407 0562 32       		.byte	50
 1408 0563 10       		.byte	16
 1409 0564 33       		.byte	51
 1410 0565 08       		.byte	8
 1411 0566 34       		.byte	52
 1412 0567 10       		.byte	16
 1413 0568 38       		.byte	56
 1414 0569 08       		.byte	8
 1415 056a 3E       		.byte	62
 1416 056b 80       		.byte	-128
 1417 056c 83       		.byte	-125
 1418 056d 08       		.byte	8
 1419 056e C4       		.byte	-60
 1420 056f 30       		.byte	48
 1421 0570 CC       		.byte	-52
 1422 0571 70       		.byte	112
 1423 0572 CE       		.byte	-50
 1424 0573 60       		.byte	96
 1425 0574 E0       		.byte	-32
ARM GAS  C:\Users\Jona\AppData\Local\Temp\ccvznqDI.s 			page 26


 1426 0575 20       		.byte	32
 1427 0576 51       		.byte	81
 1428 0577 02       		.byte	2
 1429 0578 52       		.byte	82
 1430 0579 20       		.byte	32
 1431 057a 57       		.byte	87
 1432 057b 08       		.byte	8
 1433 057c 5F       		.byte	95
 1434 057d 20       		.byte	32
 1435 057e 62       		.byte	98
 1436 057f 01       		.byte	1
 1437 0580 63       		.byte	99
 1438 0581 02       		.byte	2
 1439 0582 64       		.byte	100
 1440 0583 01       		.byte	1
 1441 0584 65       		.byte	101
 1442 0585 04       		.byte	4
 1443 0586 87       		.byte	-121
 1444 0587 08       		.byte	8
 1445 0588 8E       		.byte	-114
 1446 0589 10       		.byte	16
 1447 058a 94       		.byte	-108
 1448 058b 08       		.byte	8
 1449 058c 96       		.byte	-106
 1450 058d 20       		.byte	32
 1451 058e 9C       		.byte	-100
 1452 058f 10       		.byte	16
 1453 0590 AC       		.byte	-84
 1454 0591 10       		.byte	16
 1455 0592 AF       		.byte	-81
 1456 0593 08       		.byte	8
 1457 0594 D4       		.byte	-44
 1458 0595 E0       		.byte	-32
 1459 0596 D6       		.byte	-42
 1460 0597 E0       		.byte	-32
 1461 0598 D8       		.byte	-40
 1462 0599 C0       		.byte	-64
 1463 059a E6       		.byte	-26
 1464 059b 40       		.byte	64
 1465 059c 00       		.byte	0
 1466 059d 01       		.byte	1
 1467 059e 1B       		.byte	27
 1468 059f 04       		.byte	4
 1469 05a0 3F       		.byte	63
 1470 05a1 08       		.byte	8
 1471 05a2 53       		.byte	83
 1472 05a3 80       		.byte	-128
 1473 05a4 80       		.byte	-128
 1474 05a5 04       		.byte	4
 1475 05a6 94       		.byte	-108
 1476 05a7 08       		.byte	8
 1477 05a8 9C       		.byte	-100
 1478 05a9 10       		.byte	16
 1479 05aa A9       		.byte	-87
 1480 05ab 02       		.byte	2
 1481 05ac AA       		.byte	-86
 1482 05ad 01       		.byte	1
ARM GAS  C:\Users\Jona\AppData\Local\Temp\ccvznqDI.s 			page 27


 1483 05ae AF       		.byte	-81
 1484 05af 20       		.byte	32
 1485 05b0 B0       		.byte	-80
 1486 05b1 01       		.byte	1
 1487 05b2 B2       		.byte	-78
 1488 05b3 20       		.byte	32
 1489 05b4 B3       		.byte	-77
 1490 05b5 01       		.byte	1
 1491 05b6 B5       		.byte	-75
 1492 05b7 04       		.byte	4
 1493 05b8 C0       		.byte	-64
 1494 05b9 10       		.byte	16
 1495 05ba C6       		.byte	-58
 1496 05bb 10       		.byte	16
 1497 05bc CE       		.byte	-50
 1498 05bd 80       		.byte	-128
 1499 05be D4       		.byte	-44
 1500 05bf 20       		.byte	32
 1501 05c0 E6       		.byte	-26
 1502 05c1 80       		.byte	-128
 1503 05c2 EA       		.byte	-22
 1504 05c3 E0       		.byte	-32
 1505 05c4 60       		.byte	96
 1506 05c5 40       		.byte	64
 1507 05c6 90       		.byte	-112
 1508 05c7 01       		.byte	1
 1509 05c8 9C       		.byte	-100
 1510 05c9 10       		.byte	16
 1511 05ca A7       		.byte	-89
 1512 05cb 80       		.byte	-128
 1513 05cc D8       		.byte	-40
 1514 05cd 40       		.byte	64
 1515 05ce 1B       		.byte	27
 1516 05cf 08       		.byte	8
 1517 05d0 27       		.byte	39
 1518 05d1 80       		.byte	-128
 1519 05d2 83       		.byte	-125
 1520 05d3 08       		.byte	8
 1521 05d4 87       		.byte	-121
 1522 05d5 80       		.byte	-128
 1523 05d6 C6       		.byte	-58
 1524 05d7 08       		.byte	8
 1525 05d8 C8       		.byte	-56
 1526 05d9 01       		.byte	1
 1527 05da 44       		.byte	68
 1528 05db 02       		.byte	2
 1529 05dc D0       		.byte	-48
 1530 05dd 04       		.byte	4
 1531 05de 24       		.byte	36
 1532 05df 08       		.byte	8
 1533 05e0 65       		.byte	101
 1534 05e1 20       		.byte	32
 1535 05e2 8C       		.byte	-116
 1536 05e3 01       		.byte	1
 1537 05e4 90       		.byte	-112
 1538 05e5 01       		.byte	1
 1539 05e6 9C       		.byte	-100
ARM GAS  C:\Users\Jona\AppData\Local\Temp\ccvznqDI.s 			page 28


 1540 05e7 10       		.byte	16
 1541 05e8 AF       		.byte	-81
 1542 05e9 80       		.byte	-128
 1543 05ea B4       		.byte	-76
 1544 05eb 40       		.byte	64
 1545 05ec C8       		.byte	-56
 1546 05ed 20       		.byte	32
 1547 05ee D8       		.byte	-40
 1548 05ef 80       		.byte	-128
 1549 05f0 EE       		.byte	-18
 1550 05f1 10       		.byte	16
 1551 05f2 0E       		.byte	14
 1552 05f3 40       		.byte	64
 1553 05f4 12       		.byte	18
 1554 05f5 10       		.byte	16
 1555 05f6 75       		.byte	117
 1556 05f7 02       		.byte	2
 1557 05f8 81       		.byte	-127
 1558 05f9 02       		.byte	2
 1559 05fa 82       		.byte	-126
 1560 05fb 40       		.byte	64
 1561 05fc 9E       		.byte	-98
 1562 05fd 10       		.byte	16
 1563 05fe AC       		.byte	-84
 1564 05ff 10       		.byte	16
 1565 0600 AE       		.byte	-82
 1566 0601 10       		.byte	16
 1567 0602 B1       		.byte	-79
 1568 0603 20       		.byte	32
 1569 0604 B4       		.byte	-76
 1570 0605 04       		.byte	4
 1571 0606 C2       		.byte	-62
 1572 0607 20       		.byte	32
 1573 0608 C4       		.byte	-60
 1574 0609 10       		.byte	16
 1575 060a DE       		.byte	-34
 1576 060b 20       		.byte	32
 1577 060c E0       		.byte	-32
 1578 060d 20       		.byte	32
 1579 060e E6       		.byte	-26
 1580 060f 20       		.byte	32
 1581 0610 E8       		.byte	-24
 1582 0611 40       		.byte	64
 1583 0612 EE       		.byte	-18
 1584 0613 40       		.byte	64
 1585 0614 04       		.byte	4
 1586 0615 04       		.byte	4
 1587 0616 53       		.byte	83
 1588 0617 04       		.byte	4
 1589 0618 58       		.byte	88
 1590 0619 40       		.byte	64
 1591 061a 65       		.byte	101
 1592 061b 40       		.byte	64
 1593 061c 80       		.byte	-128
 1594 061d 04       		.byte	4
 1595 061e 8B       		.byte	-117
 1596 061f 04       		.byte	4
ARM GAS  C:\Users\Jona\AppData\Local\Temp\ccvznqDI.s 			page 29


 1597 0620 9C       		.byte	-100
 1598 0621 02       		.byte	2
 1599 0622 C0       		.byte	-64
 1600 0623 04       		.byte	4
 1601 0624 D4       		.byte	-44
 1602 0625 05       		.byte	5
 1603 0626 D6       		.byte	-42
 1604 0627 01       		.byte	1
 1605 0628 E0       		.byte	-32
 1606 0629 01       		.byte	1
 1607 062a AD       		.byte	-83
 1608 062b 40       		.byte	64
 1609 062c B0       		.byte	-80
 1610 062d 40       		.byte	64
 1611 062e B4       		.byte	-76
 1612 062f 02       		.byte	2
 1613 0630 E8       		.byte	-24
 1614 0631 09       		.byte	9
 1615 0632 00       		.byte	0
 1616 0633 01       		.byte	1
 1617 0634 08       		.byte	8
 1618 0635 01       		.byte	1
 1619 0636 0A       		.byte	10
 1620 0637 01       		.byte	1
 1621 0638 10       		.byte	16
 1622 0639 07       		.byte	7
 1623 063a 11       		.byte	17
 1624 063b 01       		.byte	1
 1625 063c 1A       		.byte	26
 1626 063d 05       		.byte	5
 1627 063e 1B       		.byte	27
 1628 063f 01       		.byte	1
 1629 0640 1C       		.byte	28
 1630 0641 02       		.byte	2
 1631 0642 1D       		.byte	29
 1632 0643 01       		.byte	1
 1633 0644 00       		.byte	0
 1634 0645 3F       		.byte	63
 1635 0646 04       		.byte	4
 1636 0647 0C       		.byte	12
 1637 0648 10       		.byte	16
 1638 0649 0A       		.byte	10
 1639 064a 00       		.byte	0
 1640 064b 00       		.byte	0
 1641 064c 00       		.byte	0
 1642 064d 00       		.byte	0
 1643 064e 00       		.byte	0
 1644 064f 00       		.byte	0
 1645 0650 00       		.byte	0
 1646 0651 FF       		.byte	-1
 1647 0652 FF       		.byte	-1
 1648 0653 00       		.byte	0
 1649 0654 05       		.byte	5
 1650 0655 0F       		.byte	15
 1651 0656 0A       		.byte	10
 1652 0657 00       		.byte	0
 1653 0658 0A       		.byte	10
ARM GAS  C:\Users\Jona\AppData\Local\Temp\ccvznqDI.s 			page 30


 1654 0659 00       		.byte	0
 1655 065a 00       		.byte	0
 1656 065b 00       		.byte	0
 1657 065c 84       		.byte	-124
 1658 065d 00       		.byte	0
 1659 065e 02       		.byte	2
 1660 065f FF       		.byte	-1
 1661 0660 FD       		.byte	-3
 1662 0661 00       		.byte	0
 1663 0662 29       		.byte	41
 1664 0663 00       		.byte	0
 1665 0664 00       		.byte	0
 1666 0665 00       		.byte	0
 1667 0666 00       		.byte	0
 1668 0667 00       		.byte	0
 1669 0668 00       		.byte	0
 1670 0669 7F       		.byte	127
 1671 066a 7F       		.byte	127
 1672 066b 00       		.byte	0
 1673 066c 00       		.byte	0
 1674 066d 00       		.byte	0
 1675 066e 00       		.byte	0
 1676 066f 00       		.byte	0
 1677 0670 60       		.byte	96
 1678 0671 00       		.byte	0
 1679 0672 00       		.byte	0
 1680 0673 7F       		.byte	127
 1681 0674 1F       		.byte	31
 1682 0675 00       		.byte	0
 1683 0676 00       		.byte	0
 1684 0677 00       		.byte	0
 1685 0678 00       		.byte	0
 1686 0679 00       		.byte	0
 1687 067a 00       		.byte	0
 1688 067b 00       		.byte	0
 1689 067c 00       		.byte	0
 1690 067d 01       		.byte	1
 1691 067e 00       		.byte	0
 1692 067f 00       		.byte	0
 1693              		.section	.cywolatch,"a",%progbits
 1694              		.align	2
 1695              		.type	cy_meta_wonvl, %object
 1696              		.size	cy_meta_wonvl, 4
 1697              	cy_meta_wonvl:
 1698 0000 BC       		.byte	-68
 1699 0001 90       		.byte	-112
 1700 0002 AC       		.byte	-84
 1701 0003 AF       		.byte	-81
 1702              		.section	.cycustnvl,"a",%progbits
 1703              		.align	2
 1704              		.type	cy_meta_custnvl, %object
 1705              		.size	cy_meta_custnvl, 4
 1706              	cy_meta_custnvl:
 1707 0000 00       		.byte	0
 1708 0001 00       		.byte	0
 1709 0002 40       		.byte	64
 1710 0003 07       		.byte	7
ARM GAS  C:\Users\Jona\AppData\Local\Temp\ccvznqDI.s 			page 31


 1711              		.section	.cymeta,"a",%progbits
 1712              		.align	2
 1713              		.type	cy_metadata, %object
 1714              		.size	cy_metadata, 12
 1715              	cy_metadata:
 1716 0000 00       		.byte	0
 1717 0001 01       		.byte	1
 1718 0002 2E       		.byte	46
 1719 0003 16       		.byte	22
 1720 0004 10       		.byte	16
 1721 0005 69       		.byte	105
 1722 0006 00       		.byte	0
 1723 0007 01       		.byte	1
 1724 0008 00       		.byte	0
 1725 0009 00       		.byte	0
 1726 000a 00       		.byte	0
 1727 000b 00       		.byte	0
 1728              		.section	.cyflashprotect,"a",%progbits
 1729              		.align	2
 1730              		.type	cy_meta_flashprotect, %object
 1731              		.size	cy_meta_flashprotect, 256
 1732              	cy_meta_flashprotect:
 1733 0000 00000000 		.space	256
 1733      00000000 
 1733      00000000 
 1733      00000000 
 1733      00000000 
 1734              		.text
 1735              	.Letext0:
 1736              		.file 1 "c:\\program files (x86)\\cypress\\psoc creator\\4.1\\psoc creator\\import\\gnu\\arm\\5.4.
 1737              		.file 2 "c:\\program files (x86)\\cypress\\psoc creator\\4.1\\psoc creator\\import\\gnu\\arm\\5.4.
 1738              		.file 3 "Generated_Source\\PSoC5\\cymetadata.c"
 1739              		.section	.debug_info,"",%progbits
 1740              	.Ldebug_info0:
 1741 0000 34010000 		.4byte	0x134
 1742 0004 0400     		.2byte	0x4
 1743 0006 00000000 		.4byte	.Ldebug_abbrev0
 1744 000a 04       		.byte	0x4
 1745 000b 01       		.uleb128 0x1
 1746 000c 8B000000 		.4byte	.LASF17
 1747 0010 0C       		.byte	0xc
 1748 0011 E5010000 		.4byte	.LASF18
 1749 0015 16000000 		.4byte	.LASF19
 1750 0019 00000000 		.4byte	.Ldebug_line0
 1751 001d 02       		.uleb128 0x2
 1752 001e 01       		.byte	0x1
 1753 001f 06       		.byte	0x6
 1754 0020 D9010000 		.4byte	.LASF0
 1755 0024 03       		.uleb128 0x3
 1756 0025 00000000 		.4byte	.LASF9
 1757 0029 01       		.byte	0x1
 1758 002a 1D       		.byte	0x1d
 1759 002b 2F000000 		.4byte	0x2f
 1760 002f 02       		.uleb128 0x2
 1761 0030 01       		.byte	0x1
 1762 0031 08       		.byte	0x8
 1763 0032 7D000000 		.4byte	.LASF1
ARM GAS  C:\Users\Jona\AppData\Local\Temp\ccvznqDI.s 			page 32


 1764 0036 02       		.uleb128 0x2
 1765 0037 02       		.byte	0x2
 1766 0038 05       		.byte	0x5
 1767 0039 C6010000 		.4byte	.LASF2
 1768 003d 02       		.uleb128 0x2
 1769 003e 02       		.byte	0x2
 1770 003f 07       		.byte	0x7
 1771 0040 2B010000 		.4byte	.LASF3
 1772 0044 02       		.uleb128 0x2
 1773 0045 04       		.byte	0x4
 1774 0046 05       		.byte	0x5
 1775 0047 D0010000 		.4byte	.LASF4
 1776 004b 02       		.uleb128 0x2
 1777 004c 04       		.byte	0x4
 1778 004d 07       		.byte	0x7
 1779 004e 19010000 		.4byte	.LASF5
 1780 0052 02       		.uleb128 0x2
 1781 0053 08       		.byte	0x8
 1782 0054 05       		.byte	0x5
 1783 0055 B8010000 		.4byte	.LASF6
 1784 0059 02       		.uleb128 0x2
 1785 005a 08       		.byte	0x8
 1786 005b 07       		.byte	0x7
 1787 005c 6D010000 		.4byte	.LASF7
 1788 0060 04       		.uleb128 0x4
 1789 0061 04       		.byte	0x4
 1790 0062 05       		.byte	0x5
 1791 0063 696E7400 		.ascii	"int\000"
 1792 0067 02       		.uleb128 0x2
 1793 0068 04       		.byte	0x4
 1794 0069 07       		.byte	0x7
 1795 006a 60010000 		.4byte	.LASF8
 1796 006e 03       		.uleb128 0x3
 1797 006f 84010000 		.4byte	.LASF10
 1798 0073 02       		.byte	0x2
 1799 0074 18       		.byte	0x18
 1800 0075 24000000 		.4byte	0x24
 1801 0079 05       		.uleb128 0x5
 1802 007a 91000000 		.4byte	0x91
 1803 007e 8A000000 		.4byte	0x8a
 1804 0082 06       		.uleb128 0x6
 1805 0083 8A000000 		.4byte	0x8a
 1806 0087 7F06     		.2byte	0x67f
 1807 0089 00       		.byte	0
 1808 008a 02       		.uleb128 0x2
 1809 008b 04       		.byte	0x4
 1810 008c 07       		.byte	0x7
 1811 008d AF010000 		.4byte	.LASF11
 1812 0091 07       		.uleb128 0x7
 1813 0092 6E000000 		.4byte	0x6e
 1814 0096 08       		.uleb128 0x8
 1815 0097 4E010000 		.4byte	.LASF12
 1816 009b 03       		.byte	0x3
 1817 009c 1F       		.byte	0x1f
 1818 009d A7000000 		.4byte	0xa7
 1819 00a1 05       		.uleb128 0x5
 1820 00a2 03       		.byte	0x3
ARM GAS  C:\Users\Jona\AppData\Local\Temp\ccvznqDI.s 			page 33


 1821 00a3 00000000 		.4byte	cy_meta_configecc
 1822 00a7 07       		.uleb128 0x7
 1823 00a8 79000000 		.4byte	0x79
 1824 00ac 05       		.uleb128 0x5
 1825 00ad 91000000 		.4byte	0x91
 1826 00b1 BC000000 		.4byte	0xbc
 1827 00b5 09       		.uleb128 0x9
 1828 00b6 8A000000 		.4byte	0x8a
 1829 00ba 03       		.byte	0x3
 1830 00bb 00       		.byte	0
 1831 00bc 08       		.uleb128 0x8
 1832 00bd 3E010000 		.4byte	.LASF13
 1833 00c1 03       		.byte	0x3
 1834 00c2 FC       		.byte	0xfc
 1835 00c3 CD000000 		.4byte	0xcd
 1836 00c7 05       		.uleb128 0x5
 1837 00c8 03       		.byte	0x3
 1838 00c9 00000000 		.4byte	cy_meta_custnvl
 1839 00cd 07       		.uleb128 0x7
 1840 00ce AC000000 		.4byte	0xac
 1841 00d2 0A       		.uleb128 0xa
 1842 00d3 A1010000 		.4byte	.LASF14
 1843 00d7 03       		.byte	0x3
 1844 00d8 0A01     		.2byte	0x10a
 1845 00da E4000000 		.4byte	0xe4
 1846 00de 05       		.uleb128 0x5
 1847 00df 03       		.byte	0x3
 1848 00e0 00000000 		.4byte	cy_meta_wonvl
 1849 00e4 07       		.uleb128 0x7
 1850 00e5 AC000000 		.4byte	0xac
 1851 00e9 05       		.uleb128 0x5
 1852 00ea 91000000 		.4byte	0x91
 1853 00ee F9000000 		.4byte	0xf9
 1854 00f2 09       		.uleb128 0x9
 1855 00f3 8A000000 		.4byte	0x8a
 1856 00f7 FF       		.byte	0xff
 1857 00f8 00       		.byte	0
 1858 00f9 0A       		.uleb128 0xa
 1859 00fa 8C010000 		.4byte	.LASF15
 1860 00fe 03       		.byte	0x3
 1861 00ff 1801     		.2byte	0x118
 1862 0101 0B010000 		.4byte	0x10b
 1863 0105 05       		.uleb128 0x5
 1864 0106 03       		.byte	0x3
 1865 0107 00000000 		.4byte	cy_meta_flashprotect
 1866 010b 07       		.uleb128 0x7
 1867 010c E9000000 		.4byte	0xe9
 1868 0110 05       		.uleb128 0x5
 1869 0111 91000000 		.4byte	0x91
 1870 0115 20010000 		.4byte	0x120
 1871 0119 09       		.uleb128 0x9
 1872 011a 8A000000 		.4byte	0x8a
 1873 011e 0B       		.byte	0xb
 1874 011f 00       		.byte	0
 1875 0120 0A       		.uleb128 0xa
 1876 0121 0A000000 		.4byte	.LASF16
 1877 0125 03       		.byte	0x3
ARM GAS  C:\Users\Jona\AppData\Local\Temp\ccvznqDI.s 			page 34


 1878 0126 4501     		.2byte	0x145
 1879 0128 32010000 		.4byte	0x132
 1880 012c 05       		.uleb128 0x5
 1881 012d 03       		.byte	0x3
 1882 012e 00000000 		.4byte	cy_metadata
 1883 0132 07       		.uleb128 0x7
 1884 0133 10010000 		.4byte	0x110
 1885 0137 00       		.byte	0
 1886              		.section	.debug_abbrev,"",%progbits
 1887              	.Ldebug_abbrev0:
 1888 0000 01       		.uleb128 0x1
 1889 0001 11       		.uleb128 0x11
 1890 0002 01       		.byte	0x1
 1891 0003 25       		.uleb128 0x25
 1892 0004 0E       		.uleb128 0xe
 1893 0005 13       		.uleb128 0x13
 1894 0006 0B       		.uleb128 0xb
 1895 0007 03       		.uleb128 0x3
 1896 0008 0E       		.uleb128 0xe
 1897 0009 1B       		.uleb128 0x1b
 1898 000a 0E       		.uleb128 0xe
 1899 000b 10       		.uleb128 0x10
 1900 000c 17       		.uleb128 0x17
 1901 000d 00       		.byte	0
 1902 000e 00       		.byte	0
 1903 000f 02       		.uleb128 0x2
 1904 0010 24       		.uleb128 0x24
 1905 0011 00       		.byte	0
 1906 0012 0B       		.uleb128 0xb
 1907 0013 0B       		.uleb128 0xb
 1908 0014 3E       		.uleb128 0x3e
 1909 0015 0B       		.uleb128 0xb
 1910 0016 03       		.uleb128 0x3
 1911 0017 0E       		.uleb128 0xe
 1912 0018 00       		.byte	0
 1913 0019 00       		.byte	0
 1914 001a 03       		.uleb128 0x3
 1915 001b 16       		.uleb128 0x16
 1916 001c 00       		.byte	0
 1917 001d 03       		.uleb128 0x3
 1918 001e 0E       		.uleb128 0xe
 1919 001f 3A       		.uleb128 0x3a
 1920 0020 0B       		.uleb128 0xb
 1921 0021 3B       		.uleb128 0x3b
 1922 0022 0B       		.uleb128 0xb
 1923 0023 49       		.uleb128 0x49
 1924 0024 13       		.uleb128 0x13
 1925 0025 00       		.byte	0
 1926 0026 00       		.byte	0
 1927 0027 04       		.uleb128 0x4
 1928 0028 24       		.uleb128 0x24
 1929 0029 00       		.byte	0
 1930 002a 0B       		.uleb128 0xb
 1931 002b 0B       		.uleb128 0xb
 1932 002c 3E       		.uleb128 0x3e
 1933 002d 0B       		.uleb128 0xb
 1934 002e 03       		.uleb128 0x3
ARM GAS  C:\Users\Jona\AppData\Local\Temp\ccvznqDI.s 			page 35


 1935 002f 08       		.uleb128 0x8
 1936 0030 00       		.byte	0
 1937 0031 00       		.byte	0
 1938 0032 05       		.uleb128 0x5
 1939 0033 01       		.uleb128 0x1
 1940 0034 01       		.byte	0x1
 1941 0035 49       		.uleb128 0x49
 1942 0036 13       		.uleb128 0x13
 1943 0037 01       		.uleb128 0x1
 1944 0038 13       		.uleb128 0x13
 1945 0039 00       		.byte	0
 1946 003a 00       		.byte	0
 1947 003b 06       		.uleb128 0x6
 1948 003c 21       		.uleb128 0x21
 1949 003d 00       		.byte	0
 1950 003e 49       		.uleb128 0x49
 1951 003f 13       		.uleb128 0x13
 1952 0040 2F       		.uleb128 0x2f
 1953 0041 05       		.uleb128 0x5
 1954 0042 00       		.byte	0
 1955 0043 00       		.byte	0
 1956 0044 07       		.uleb128 0x7
 1957 0045 26       		.uleb128 0x26
 1958 0046 00       		.byte	0
 1959 0047 49       		.uleb128 0x49
 1960 0048 13       		.uleb128 0x13
 1961 0049 00       		.byte	0
 1962 004a 00       		.byte	0
 1963 004b 08       		.uleb128 0x8
 1964 004c 34       		.uleb128 0x34
 1965 004d 00       		.byte	0
 1966 004e 03       		.uleb128 0x3
 1967 004f 0E       		.uleb128 0xe
 1968 0050 3A       		.uleb128 0x3a
 1969 0051 0B       		.uleb128 0xb
 1970 0052 3B       		.uleb128 0x3b
 1971 0053 0B       		.uleb128 0xb
 1972 0054 49       		.uleb128 0x49
 1973 0055 13       		.uleb128 0x13
 1974 0056 3F       		.uleb128 0x3f
 1975 0057 19       		.uleb128 0x19
 1976 0058 02       		.uleb128 0x2
 1977 0059 18       		.uleb128 0x18
 1978 005a 00       		.byte	0
 1979 005b 00       		.byte	0
 1980 005c 09       		.uleb128 0x9
 1981 005d 21       		.uleb128 0x21
 1982 005e 00       		.byte	0
 1983 005f 49       		.uleb128 0x49
 1984 0060 13       		.uleb128 0x13
 1985 0061 2F       		.uleb128 0x2f
 1986 0062 0B       		.uleb128 0xb
 1987 0063 00       		.byte	0
 1988 0064 00       		.byte	0
 1989 0065 0A       		.uleb128 0xa
 1990 0066 34       		.uleb128 0x34
 1991 0067 00       		.byte	0
ARM GAS  C:\Users\Jona\AppData\Local\Temp\ccvznqDI.s 			page 36


 1992 0068 03       		.uleb128 0x3
 1993 0069 0E       		.uleb128 0xe
 1994 006a 3A       		.uleb128 0x3a
 1995 006b 0B       		.uleb128 0xb
 1996 006c 3B       		.uleb128 0x3b
 1997 006d 05       		.uleb128 0x5
 1998 006e 49       		.uleb128 0x49
 1999 006f 13       		.uleb128 0x13
 2000 0070 3F       		.uleb128 0x3f
 2001 0071 19       		.uleb128 0x19
 2002 0072 02       		.uleb128 0x2
 2003 0073 18       		.uleb128 0x18
 2004 0074 00       		.byte	0
 2005 0075 00       		.byte	0
 2006 0076 00       		.byte	0
 2007              		.section	.debug_aranges,"",%progbits
 2008 0000 14000000 		.4byte	0x14
 2009 0004 0200     		.2byte	0x2
 2010 0006 00000000 		.4byte	.Ldebug_info0
 2011 000a 04       		.byte	0x4
 2012 000b 00       		.byte	0
 2013 000c 0000     		.2byte	0
 2014 000e 0000     		.2byte	0
 2015 0010 00000000 		.4byte	0
 2016 0014 00000000 		.4byte	0
 2017              		.section	.debug_line,"",%progbits
 2018              	.Ldebug_line0:
 2019 0000 3D010000 		.section	.debug_str,"MS",%progbits,1
 2019      02003701 
 2019      00000201 
 2019      FB0E0D00 
 2019      01010101 
 2020              	.LASF9:
 2021 0000 5F5F7569 		.ascii	"__uint8_t\000"
 2021      6E74385F 
 2021      7400
 2022              	.LASF16:
 2023 000a 63795F6D 		.ascii	"cy_metadata\000"
 2023      65746164 
 2023      61746100 
 2024              	.LASF19:
 2025 0016 433A5C55 		.ascii	"C:\\Users\\Jona\\Documents\\GitHub\\RobotComp2ELO\\"
 2025      73657273 
 2025      5C4A6F6E 
 2025      615C446F 
 2025      63756D65 
 2026 0043 536F6674 		.ascii	"Software\\PSoc\\Roadster\\RoadsterRACEMODE\\Roadste"
 2026      77617265 
 2026      5C50536F 
 2026      635C526F 
 2026      61647374 
 2027 0072 72312E30 		.ascii	"r1.0.cydsn\000"
 2027      2E637964 
 2027      736E00
 2028              	.LASF1:
 2029 007d 756E7369 		.ascii	"unsigned char\000"
 2029      676E6564 
ARM GAS  C:\Users\Jona\AppData\Local\Temp\ccvznqDI.s 			page 37


 2029      20636861 
 2029      7200
 2030              	.LASF17:
 2031 008b 474E5520 		.ascii	"GNU C11 5.4.1 20160609 (release) [ARM/embedded-5-br"
 2031      43313120 
 2031      352E342E 
 2031      31203230 
 2031      31363036 
 2032 00be 616E6368 		.ascii	"anch revision 237715] -mcpu=cortex-m3 -mthumb -g -O"
 2032      20726576 
 2032      6973696F 
 2032      6E203233 
 2032      37373135 
 2033 00f1 67202D66 		.ascii	"g -ffunction-sections -ffat-lto-objects\000"
 2033      66756E63 
 2033      74696F6E 
 2033      2D736563 
 2033      74696F6E 
 2034              	.LASF5:
 2035 0119 6C6F6E67 		.ascii	"long unsigned int\000"
 2035      20756E73 
 2035      69676E65 
 2035      6420696E 
 2035      7400
 2036              	.LASF3:
 2037 012b 73686F72 		.ascii	"short unsigned int\000"
 2037      7420756E 
 2037      7369676E 
 2037      65642069 
 2037      6E7400
 2038              	.LASF13:
 2039 013e 63795F6D 		.ascii	"cy_meta_custnvl\000"
 2039      6574615F 
 2039      63757374 
 2039      6E766C00 
 2040              	.LASF12:
 2041 014e 63795F6D 		.ascii	"cy_meta_configecc\000"
 2041      6574615F 
 2041      636F6E66 
 2041      69676563 
 2041      6300
 2042              	.LASF8:
 2043 0160 756E7369 		.ascii	"unsigned int\000"
 2043      676E6564 
 2043      20696E74 
 2043      00
 2044              	.LASF7:
 2045 016d 6C6F6E67 		.ascii	"long long unsigned int\000"
 2045      206C6F6E 
 2045      6720756E 
 2045      7369676E 
 2045      65642069 
 2046              	.LASF10:
 2047 0184 75696E74 		.ascii	"uint8_t\000"
 2047      385F7400 
 2048              	.LASF15:
 2049 018c 63795F6D 		.ascii	"cy_meta_flashprotect\000"
ARM GAS  C:\Users\Jona\AppData\Local\Temp\ccvznqDI.s 			page 38


 2049      6574615F 
 2049      666C6173 
 2049      6870726F 
 2049      74656374 
 2050              	.LASF14:
 2051 01a1 63795F6D 		.ascii	"cy_meta_wonvl\000"
 2051      6574615F 
 2051      776F6E76 
 2051      6C00
 2052              	.LASF11:
 2053 01af 73697A65 		.ascii	"sizetype\000"
 2053      74797065 
 2053      00
 2054              	.LASF6:
 2055 01b8 6C6F6E67 		.ascii	"long long int\000"
 2055      206C6F6E 
 2055      6720696E 
 2055      7400
 2056              	.LASF2:
 2057 01c6 73686F72 		.ascii	"short int\000"
 2057      7420696E 
 2057      7400
 2058              	.LASF4:
 2059 01d0 6C6F6E67 		.ascii	"long int\000"
 2059      20696E74 
 2059      00
 2060              	.LASF0:
 2061 01d9 7369676E 		.ascii	"signed char\000"
 2061      65642063 
 2061      68617200 
 2062              	.LASF18:
 2063 01e5 47656E65 		.ascii	"Generated_Source\\PSoC5\\cymetadata.c\000"
 2063      72617465 
 2063      645F536F 
 2063      75726365 
 2063      5C50536F 
 2064              		.ident	"GCC: (GNU Tools for ARM Embedded Processors) 5.4.1 20160609 (release) [ARM/embedded-5-bran
