<<<<<<< HEAD
ARM GAS  C:\Users\Jona\AppData\Local\Temp\ccZNDSqi.s 			page 1
=======
ARM GAS  C:\Users\BASILE~1.BER\AppData\Local\Temp\ccBv3HE3.s 			page 1
>>>>>>> 0d9966f82f736fc259921368420d58d37d6db2a4


   1              		.syntax unified
   2              		.cpu cortex-m3
   3              		.fpu softvfp
   4              		.eabi_attribute 20, 1
   5              		.eabi_attribute 21, 1
   6              		.eabi_attribute 23, 3
   7              		.eabi_attribute 24, 1
   8              		.eabi_attribute 25, 1
   9              		.eabi_attribute 26, 1
  10              		.eabi_attribute 30, 1
  11              		.eabi_attribute 34, 1
  12              		.eabi_attribute 18, 4
  13              		.thumb
  14              		.syntax unified
  15              		.file	"Sensoren.c"
  16              		.text
  17              	.Ltext0:
  18              		.cfi_sections	.debug_frame
  19              		.section	.text.IRSensoren,"ax",%progbits
  20              		.align	2
  21              		.global	IRSensoren
  22              		.thumb
  23              		.thumb_func
  24              		.type	IRSensoren, %function
  25              	IRSensoren:
  26              	.LFB63:
  27              		.file 1 "Sensoren.c"
   1:Sensoren.c    **** /* ========================================
   2:Sensoren.c    ****  *
   3:Sensoren.c    ****  * Copyright YOUR COMPANY, THE YEAR
   4:Sensoren.c    ****  * All Rights Reserved
   5:Sensoren.c    ****  * UNPUBLISHED, LICENSED SOFTWARE.
   6:Sensoren.c    ****  *
   7:Sensoren.c    ****  * CONFIDENTIAL AND PROPRIETARY INFORMATION
   8:Sensoren.c    ****  * WHICH IS THE PROPERTY OF your company.
   9:Sensoren.c    ****  *
  10:Sensoren.c    ****  * ========================================
  11:Sensoren.c    **** */
  12:Sensoren.c    **** #include "projectMain.h"
  13:Sensoren.c    **** #include "project.h"
  14:Sensoren.c    **** 
  15:Sensoren.c    **** //Interupt "end of conversion" van SAR_ADC 
  16:Sensoren.c    **** CY_ISR(IRSensoren)
  17:Sensoren.c    **** {
  28              		.loc 1 17 0
  29              		.cfi_startproc
  30              		@ args = 0, pretend = 0, frame = 0
  31              		@ frame_needed = 0, uses_anonymous_args = 0
  32 0000 10B5     		push	{r4, lr}
  33              		.cfi_def_cfa_offset 8
  34              		.cfi_offset 4, -8
  35              		.cfi_offset 14, -4
  18:Sensoren.c    **** 	//uint8 tmpWaarden = IRWaarden;
  19:Sensoren.c    **** 	IRWaarden = 0;
  36              		.loc 1 19 0
  37 0002 0024     		movs	r4, #0
  38 0004 0B4B     		ldr	r3, .L6
<<<<<<< HEAD
ARM GAS  C:\Users\Jona\AppData\Local\Temp\ccZNDSqi.s 			page 2
=======
ARM GAS  C:\Users\BASILE~1.BER\AppData\Local\Temp\ccBv3HE3.s 			page 2
>>>>>>> 0d9966f82f736fc259921368420d58d37d6db2a4


  39 0006 1C70     		strb	r4, [r3]
  40              	.LVL0:
  41              	.LBB2:
  20:Sensoren.c    ****     for(int i = 0; i < 8; i++)
  42              		.loc 1 20 0
  43 0008 10E0     		b	.L2
  44              	.LVL1:
  45              	.L4:
  21:Sensoren.c    ****     {
  22:Sensoren.c    **** 	    if (ADC_IR_GetResult16(i) > IRDrempel)
  46              		.loc 1 22 0
  47 000a A0B2     		uxth	r0, r4
  48 000c FFF7FEFF 		bl	ADC_IR_GetResult16
  49              	.LVL2:
  50 0010 094B     		ldr	r3, .L6+4
  51 0012 1B78     		ldrb	r3, [r3]	@ zero_extendqisi2
  52 0014 9842     		cmp	r0, r3
  53 0016 08DD     		ble	.L3
  54              	.LBB3:
  23:Sensoren.c    **** 	    {
  24:Sensoren.c    **** 	        uint8 tmpWaarde = exponent(2,i); 
  55              		.loc 1 24 0
  56 0018 2146     		mov	r1, r4
  57 001a 0220     		movs	r0, #2
  58 001c FFF7FEFF 		bl	exponent
  59              	.LVL3:
  60 0020 C0B2     		uxtb	r0, r0
  61              	.LVL4:
  25:Sensoren.c    **** 	        IRWaarden = IRWaarden | tmpWaarde;
  62              		.loc 1 25 0
  63 0022 044A     		ldr	r2, .L6
  64 0024 1378     		ldrb	r3, [r2]	@ zero_extendqisi2
  65 0026 1843     		orrs	r0, r0, r3
  66              	.LVL5:
  67 0028 1070     		strb	r0, [r2]
  68              	.L3:
  69              	.LBE3:
  20:Sensoren.c    ****     {
  70              		.loc 1 20 0 discriminator 2
  71 002a 0134     		adds	r4, r4, #1
  72              	.LVL6:
  73              	.L2:
  20:Sensoren.c    ****     {
  74              		.loc 1 20 0 is_stmt 0 discriminator 1
  75 002c 072C     		cmp	r4, #7
  76 002e ECDD     		ble	.L4
  77              	.LBE2:
  26:Sensoren.c    **** 	    }   
  27:Sensoren.c    ****     }
  28:Sensoren.c    ****     //IRWaarden =~IRWaarden;
  29:Sensoren.c    **** }
  78              		.loc 1 29 0 is_stmt 1
  79 0030 10BD     		pop	{r4, pc}
  80              	.LVL7:
  81              	.L7:
  82 0032 00BF     		.align	2
  83              	.L6:
<<<<<<< HEAD
ARM GAS  C:\Users\Jona\AppData\Local\Temp\ccZNDSqi.s 			page 3
=======
ARM GAS  C:\Users\BASILE~1.BER\AppData\Local\Temp\ccBv3HE3.s 			page 3
>>>>>>> 0d9966f82f736fc259921368420d58d37d6db2a4


  84 0034 00000000 		.word	IRWaarden
  85 0038 00000000 		.word	IRDrempel
  86              		.cfi_endproc
  87              	.LFE63:
  88              		.size	IRSensoren, .-IRSensoren
  89              		.section	.text.readUSValue,"ax",%progbits
  90              		.align	2
  91              		.global	readUSValue
  92              		.thumb
  93              		.thumb_func
  94              		.type	readUSValue, %function
  95              	readUSValue:
  96              	.LFB64:
  30:Sensoren.c    **** 
  31:Sensoren.c    **** uint16 readUSValue(void)
  32:Sensoren.c    **** {
  97              		.loc 1 32 0
  98              		.cfi_startproc
  99              		@ args = 0, pretend = 0, frame = 0
 100              		@ frame_needed = 0, uses_anonymous_args = 0
 101 0000 08B5     		push	{r3, lr}
 102              		.cfi_def_cfa_offset 8
 103              		.cfi_offset 3, -8
 104              		.cfi_offset 14, -4
  33:Sensoren.c    **** 	while(statusEcho_Read() == 0)
 105              		.loc 1 33 0
 106 0002 08E0     		b	.L9
 107              	.L10:
  34:Sensoren.c    **** 		{
  35:Sensoren.c    **** 			TriggerReg_Write(1);
 108              		.loc 1 35 0
 109 0004 0120     		movs	r0, #1
 110 0006 FFF7FEFF 		bl	TriggerReg_Write
 111              	.LVL8:
  36:Sensoren.c    **** 			CyDelayUs(10);
 112              		.loc 1 36 0
 113 000a 0A20     		movs	r0, #10
 114 000c FFF7FEFF 		bl	CyDelayUs
 115              	.LVL9:
  37:Sensoren.c    **** 			TriggerReg_Write(0);
 116              		.loc 1 37 0
 117 0010 0020     		movs	r0, #0
 118 0012 FFF7FEFF 		bl	TriggerReg_Write
 119              	.LVL10:
 120              	.L9:
  33:Sensoren.c    **** 		{
 121              		.loc 1 33 0
 122 0016 FFF7FEFF 		bl	statusEcho_Read
 123              	.LVL11:
 124 001a 0028     		cmp	r0, #0
 125 001c F2D0     		beq	.L10
 126              	.L11:
  38:Sensoren.c    **** 		}
  39:Sensoren.c    **** 	while(statusEcho_Read() == 1){}
 127              		.loc 1 39 0 discriminator 1
 128 001e FFF7FEFF 		bl	statusEcho_Read
 129              	.LVL12:
<<<<<<< HEAD
ARM GAS  C:\Users\Jona\AppData\Local\Temp\ccZNDSqi.s 			page 4
=======
ARM GAS  C:\Users\BASILE~1.BER\AppData\Local\Temp\ccBv3HE3.s 			page 4
>>>>>>> 0d9966f82f736fc259921368420d58d37d6db2a4


 130 0022 0128     		cmp	r0, #1
 131 0024 FBD0     		beq	.L11
  40:Sensoren.c    **** 	return TimerUS_ReadCounter();
 132              		.loc 1 40 0
 133 0026 FFF7FEFF 		bl	TimerUS_ReadCounter
 134              	.LVL13:
  41:Sensoren.c    **** }
 135              		.loc 1 41 0
 136 002a 08BD     		pop	{r3, pc}
 137              		.cfi_endproc
 138              	.LFE64:
 139              		.size	readUSValue, .-readUSValue
 140              		.section	.text.schuifRegister,"ax",%progbits
 141              		.align	2
 142              		.global	schuifRegister
 143              		.thumb
 144              		.thumb_func
 145              		.type	schuifRegister, %function
 146              	schuifRegister:
 147              	.LFB65:
  42:Sensoren.c    **** 
  43:Sensoren.c    **** void schuifRegister(uint8 array[], uint16 newValue)
  44:Sensoren.c    **** {
 148              		.loc 1 44 0
 149              		.cfi_startproc
 150              		@ args = 0, pretend = 0, frame = 0
 151              		@ frame_needed = 0, uses_anonymous_args = 0
 152              		@ link register save eliminated.
 153              	.LVL14:
 154 0000 10B4     		push	{r4}
 155              		.cfi_def_cfa_offset 4
 156              		.cfi_offset 4, -4
 157              	.LVL15:
 158              	.LBB4:
  45:Sensoren.c    **** 	for(int i = 3; i >= 0; i--)
 159              		.loc 1 45 0
 160 0002 0323     		movs	r3, #3
 161 0004 05E0     		b	.L14
 162              	.LVL16:
 163              	.L15:
 164              	.LBB5:
  46:Sensoren.c    **** 	{
  47:Sensoren.c    **** 		uint16 tmpvalue = avgUS1[i];
 165              		.loc 1 47 0 discriminator 3
 166 0006 054A     		ldr	r2, .L17
 167 0008 32F81340 		ldrh	r4, [r2, r3, lsl #1]
 168              	.LVL17:
  48:Sensoren.c    **** 		array[i + 1] = tmpvalue;
 169              		.loc 1 48 0 discriminator 3
 170 000c 5A1C     		adds	r2, r3, #1
 171 000e 8454     		strb	r4, [r0, r2]
 172              	.LBE5:
  45:Sensoren.c    **** 	for(int i = 3; i >= 0; i--)
 173              		.loc 1 45 0 discriminator 3
 174 0010 013B     		subs	r3, r3, #1
 175              	.LVL18:
 176              	.L14:
<<<<<<< HEAD
ARM GAS  C:\Users\Jona\AppData\Local\Temp\ccZNDSqi.s 			page 5
=======
ARM GAS  C:\Users\BASILE~1.BER\AppData\Local\Temp\ccBv3HE3.s 			page 5
>>>>>>> 0d9966f82f736fc259921368420d58d37d6db2a4


  45:Sensoren.c    **** 	for(int i = 3; i >= 0; i--)
 177              		.loc 1 45 0 is_stmt 0 discriminator 1
 178 0012 002B     		cmp	r3, #0
 179 0014 F7DA     		bge	.L15
 180              	.LBE4:
  49:Sensoren.c    **** 	}
  50:Sensoren.c    **** 	array[0] = newValue;
 181              		.loc 1 50 0 is_stmt 1
 182 0016 0170     		strb	r1, [r0]
  51:Sensoren.c    **** }
 183              		.loc 1 51 0
 184 0018 10BC     		pop	{r4}
 185              		.cfi_restore 4
 186              		.cfi_def_cfa_offset 0
 187 001a 7047     		bx	lr
 188              	.L18:
 189              		.align	2
 190              	.L17:
 191 001c 00000000 		.word	avgUS1
 192              		.cfi_endproc
 193              	.LFE65:
 194              		.size	schuifRegister, .-schuifRegister
 195              		.section	.text.berekenMediaan,"ax",%progbits
 196              		.align	2
 197              		.global	berekenMediaan
 198              		.thumb
 199              		.thumb_func
 200              		.type	berekenMediaan, %function
 201              	berekenMediaan:
 202              	.LFB66:
  52:Sensoren.c    **** 
  53:Sensoren.c    **** void berekenMediaan(uint16 array[]) 
  54:Sensoren.c    **** { 
 203              		.loc 1 54 0
 204              		.cfi_startproc
 205              		@ args = 0, pretend = 0, frame = 16
 206              		@ frame_needed = 0, uses_anonymous_args = 0
 207              		@ link register save eliminated.
 208              	.LVL19:
 209 0000 10B4     		push	{r4}
 210              		.cfi_def_cfa_offset 4
 211              		.cfi_offset 4, -4
 212 0002 85B0     		sub	sp, sp, #20
 213              		.cfi_def_cfa_offset 24
 214 0004 0446     		mov	r4, r0
  55:Sensoren.c    **** 	//uint16 tmp = 0;
  56:Sensoren.c    **** 	uint16 tmpArray[] = {UINT16_MAX,UINT16_MAX,UINT16_MAX,UINT16_MAX,UINT16_MAX};
 215              		.loc 1 56 0
 216 0006 134A     		ldr	r2, .L26
 217 0008 01AB     		add	r3, sp, #4
 218 000a 1068     		ldr	r0, [r2]	@ unaligned
 219              	.LVL20:
 220 000c 5168     		ldr	r1, [r2, #4]	@ unaligned
 221 000e 03C3     		stmia	r3!, {r0, r1}
 222 0010 1289     		ldrh	r2, [r2, #8]	@ unaligned
 223 0012 1A80     		strh	r2, [r3]	@ unaligned
 224              	.LVL21:
<<<<<<< HEAD
ARM GAS  C:\Users\Jona\AppData\Local\Temp\ccZNDSqi.s 			page 6
=======
ARM GAS  C:\Users\BASILE~1.BER\AppData\Local\Temp\ccBv3HE3.s 			page 6
>>>>>>> 0d9966f82f736fc259921368420d58d37d6db2a4


 225              	.LBB6:
  57:Sensoren.c    **** 	for(int i = 0; i < 5; i++)
 226              		.loc 1 57 0
 227 0014 0021     		movs	r1, #0
 228 0016 13E0     		b	.L20
 229              	.LVL22:
 230              	.L22:
 231              	.LBB7:
  58:Sensoren.c    **** 	{
  59:Sensoren.c    **** 		for(int j = 0; j < 5; j++) 
  60:Sensoren.c    **** 		{
  61:Sensoren.c    **** 			if (array[j] < tmpArray[i]) tmpArray[i] = array[j];
 232              		.loc 1 61 0
 233 0018 34F81320 		ldrh	r2, [r4, r3, lsl #1]
 234 001c 04A8     		add	r0, sp, #16
 235 001e 00EB4100 		add	r0, r0, r1, lsl #1
 236 0022 30F80C0C 		ldrh	r0, [r0, #-12]
 237 0026 8242     		cmp	r2, r0
 238 0028 04D2     		bcs	.L21
 239              		.loc 1 61 0 is_stmt 0 discriminator 1
 240 002a 04A8     		add	r0, sp, #16
 241 002c 00EB4100 		add	r0, r0, r1, lsl #1
 242 0030 20F80C2C 		strh	r2, [r0, #-12]	@ movhi
 243              	.L21:
  59:Sensoren.c    **** 		{
 244              		.loc 1 59 0 is_stmt 1 discriminator 2
 245 0034 0133     		adds	r3, r3, #1
 246              	.LVL23:
 247 0036 00E0     		b	.L23
 248              	.LVL24:
 249              	.L24:
 250              	.LBE7:
 251 0038 0023     		movs	r3, #0
 252              	.L23:
 253              	.LVL25:
 254              	.LBB8:
  59:Sensoren.c    **** 		{
 255              		.loc 1 59 0 is_stmt 0 discriminator 1
 256 003a 042B     		cmp	r3, #4
 257 003c ECDD     		ble	.L22
 258              	.LBE8:
  57:Sensoren.c    **** 	for(int i = 0; i < 5; i++)
 259              		.loc 1 57 0 is_stmt 1 discriminator 2
 260 003e 0131     		adds	r1, r1, #1
 261              	.LVL26:
 262              	.L20:
  57:Sensoren.c    **** 	for(int i = 0; i < 5; i++)
 263              		.loc 1 57 0 is_stmt 0 discriminator 1
 264 0040 0429     		cmp	r1, #4
 265 0042 F9DD     		ble	.L24
 266              	.LBE6:
  62:Sensoren.c    **** 		}
  63:Sensoren.c    **** 	}
  64:Sensoren.c    **** 	mediaan = tmpArray[3];
 267              		.loc 1 64 0 is_stmt 1
 268 0044 BDF80A20 		ldrh	r2, [sp, #10]
 269 0048 034B     		ldr	r3, .L26+4
<<<<<<< HEAD
ARM GAS  C:\Users\Jona\AppData\Local\Temp\ccZNDSqi.s 			page 7
=======
ARM GAS  C:\Users\BASILE~1.BER\AppData\Local\Temp\ccBv3HE3.s 			page 7
>>>>>>> 0d9966f82f736fc259921368420d58d37d6db2a4


 270 004a 1A80     		strh	r2, [r3]	@ movhi
  65:Sensoren.c    **** }  
 271              		.loc 1 65 0
 272 004c 05B0     		add	sp, sp, #20
 273              		.cfi_def_cfa_offset 4
 274              		@ sp needed
 275 004e 10BC     		pop	{r4}
 276              		.cfi_restore 4
 277              		.cfi_def_cfa_offset 0
 278              	.LVL27:
 279 0050 7047     		bx	lr
 280              	.L27:
 281 0052 00BF     		.align	2
 282              	.L26:
 283 0054 00000000 		.word	.LANCHOR0
 284 0058 00000000 		.word	mediaan
 285              		.cfi_endproc
 286              	.LFE66:
 287              		.size	berekenMediaan, .-berekenMediaan
 288              		.comm	boolSelect,1,1
 289              		.comm	avgUS3,10,4
 290              		.comm	avgUS2,10,4
 291              		.comm	avgUS1,10,4
 292              		.comm	selectUS,1,1
 293              		.comm	mediaan,2,2
 294              		.comm	TestGetal,1,1
 295              		.comm	IRDrempel,1,1
 296              		.comm	IRWaarden,1,1
 297              		.comm	richting,1,1
 298              		.comm	pwmMotorRechts,1,1
 299              		.comm	pwmMotorLinks,1,1
 300              		.section	.rodata
 301              		.align	2
 302              		.set	.LANCHOR0,. + 0
 303              	.LC0:
 304 0000 FFFF     		.short	-1
 305 0002 FFFF     		.short	-1
 306 0004 FFFF     		.short	-1
 307 0006 FFFF     		.short	-1
 308 0008 FFFF     		.short	-1
 309              		.text
 310              	.Letext0:
 311              		.file 2 "c:\\program files (x86)\\cypress\\psoc creator\\4.1\\psoc creator\\import\\gnu\\arm\\5.4.
 312              		.file 3 "c:\\program files (x86)\\cypress\\psoc creator\\4.1\\psoc creator\\import\\gnu\\arm\\5.4.
 313              		.file 4 "Generated_Source\\PSoC5/cytypes.h"
 314              		.file 5 "projectMain.h"
 315              		.file 6 "Generated_Source\\PSoC5/core_cm3.h"
 316              		.file 7 "Generated_Source\\PSoC5/ADC_IR.h"
 317              		.file 8 "Generated_Source\\PSoC5/TriggerReg.h"
 318              		.file 9 "Generated_Source\\PSoC5/CyLib.h"
 319              		.file 10 "Generated_Source\\PSoC5/statusEcho.h"
 320              		.file 11 "Generated_Source\\PSoC5/TimerUS.h"
 321              		.section	.debug_info,"",%progbits
 322              	.Ldebug_info0:
 323 0000 8E030000 		.4byte	0x38e
 324 0004 0400     		.2byte	0x4
 325 0006 00000000 		.4byte	.Ldebug_abbrev0
<<<<<<< HEAD
ARM GAS  C:\Users\Jona\AppData\Local\Temp\ccZNDSqi.s 			page 8
=======
ARM GAS  C:\Users\BASILE~1.BER\AppData\Local\Temp\ccBv3HE3.s 			page 8
>>>>>>> 0d9966f82f736fc259921368420d58d37d6db2a4


 326 000a 04       		.byte	0x4
 327 000b 01       		.uleb128 0x1
 328 000c 8D000000 		.4byte	.LASF45
 329 0010 0C       		.byte	0xc
 330 0011 E8020000 		.4byte	.LASF46
 331 0015 0A020000 		.4byte	.LASF47
 332 0019 18000000 		.4byte	.Ldebug_ranges0+0x18
 333 001d 00000000 		.4byte	0
 334 0021 00000000 		.4byte	.Ldebug_line0
 335 0025 02       		.uleb128 0x2
 336 0026 01       		.byte	0x1
 337 0027 06       		.byte	0x6
 338 0028 EA010000 		.4byte	.LASF0
 339 002c 02       		.uleb128 0x2
 340 002d 01       		.byte	0x1
 341 002e 08       		.byte	0x8
 342 002f 7F000000 		.4byte	.LASF1
 343 0033 02       		.uleb128 0x2
 344 0034 02       		.byte	0x2
 345 0035 05       		.byte	0x5
 346 0036 7F010000 		.4byte	.LASF2
 347 003a 02       		.uleb128 0x2
 348 003b 02       		.byte	0x2
 349 003c 07       		.byte	0x7
 350 003d 41010000 		.4byte	.LASF3
 351 0041 03       		.uleb128 0x3
 352 0042 0F000000 		.4byte	.LASF9
 353 0046 02       		.byte	0x2
 354 0047 3F       		.byte	0x3f
 355 0048 4C000000 		.4byte	0x4c
 356 004c 02       		.uleb128 0x2
 357 004d 04       		.byte	0x4
 358 004e 05       		.byte	0x5
 359 004f C9020000 		.4byte	.LASF4
 360 0053 02       		.uleb128 0x2
 361 0054 04       		.byte	0x4
 362 0055 07       		.byte	0x7
 363 0056 2F010000 		.4byte	.LASF5
 364 005a 02       		.uleb128 0x2
 365 005b 08       		.byte	0x8
 366 005c 05       		.byte	0x5
 367 005d 8B020000 		.4byte	.LASF6
 368 0061 02       		.uleb128 0x2
 369 0062 08       		.byte	0x8
 370 0063 07       		.byte	0x7
 371 0064 C9010000 		.4byte	.LASF7
 372 0068 04       		.uleb128 0x4
 373 0069 04       		.byte	0x4
 374 006a 05       		.byte	0x5
 375 006b 696E7400 		.ascii	"int\000"
 376 006f 02       		.uleb128 0x2
 377 0070 04       		.byte	0x4
 378 0071 07       		.byte	0x7
 379 0072 BC010000 		.4byte	.LASF8
 380 0076 03       		.uleb128 0x3
 381 0077 68000000 		.4byte	.LASF10
 382 007b 03       		.byte	0x3
<<<<<<< HEAD
ARM GAS  C:\Users\Jona\AppData\Local\Temp\ccZNDSqi.s 			page 9
=======
ARM GAS  C:\Users\BASILE~1.BER\AppData\Local\Temp\ccBv3HE3.s 			page 9
>>>>>>> 0d9966f82f736fc259921368420d58d37d6db2a4


 383 007c 2C       		.byte	0x2c
 384 007d 41000000 		.4byte	0x41
 385 0081 05       		.uleb128 0x5
 386 0082 C3020000 		.4byte	.LASF11
 387 0086 04       		.byte	0x4
 388 0087 9201     		.2byte	0x192
 389 0089 2C000000 		.4byte	0x2c
 390 008d 05       		.uleb128 0x5
 391 008e 78010000 		.4byte	.LASF12
 392 0092 04       		.byte	0x4
 393 0093 9301     		.2byte	0x193
 394 0095 3A000000 		.4byte	0x3a
 395 0099 02       		.uleb128 0x2
 396 009a 04       		.byte	0x4
 397 009b 04       		.byte	0x4
 398 009c 79000000 		.4byte	.LASF13
 399 00a0 02       		.uleb128 0x2
 400 00a1 08       		.byte	0x8
 401 00a2 04       		.byte	0x4
 402 00a3 71010000 		.4byte	.LASF14
 403 00a7 02       		.uleb128 0x2
 404 00a8 01       		.byte	0x1
 405 00a9 08       		.byte	0x8
 406 00aa 99020000 		.4byte	.LASF15
 407 00ae 02       		.uleb128 0x2
 408 00af 08       		.byte	0x8
 409 00b0 04       		.byte	0x4
 410 00b1 D2020000 		.4byte	.LASF16
 411 00b5 02       		.uleb128 0x2
 412 00b6 04       		.byte	0x4
 413 00b7 07       		.byte	0x7
 414 00b8 71020000 		.4byte	.LASF17
 415 00bc 06       		.uleb128 0x6
 416 00bd 1B010000 		.4byte	.LASF19
 417 00c1 01       		.byte	0x1
 418 00c2 10       		.byte	0x10
 419 00c3 00000000 		.4byte	.LFB63
 420 00c7 3C000000 		.4byte	.LFE63-.LFB63
 421 00cb 01       		.uleb128 0x1
 422 00cc 9C       		.byte	0x9c
 423 00cd 2B010000 		.4byte	0x12b
 424 00d1 07       		.uleb128 0x7
 425 00d2 08000000 		.4byte	.LBB2
 426 00d6 28000000 		.4byte	.LBE2-.LBB2
 427 00da 08       		.uleb128 0x8
 428 00db 6900     		.ascii	"i\000"
 429 00dd 01       		.byte	0x1
 430 00de 14       		.byte	0x14
 431 00df 68000000 		.4byte	0x68
 432 00e3 00000000 		.4byte	.LLST0
 433 00e7 09       		.uleb128 0x9
 434 00e8 18000000 		.4byte	.LBB3
 435 00ec 12000000 		.4byte	.LBE3-.LBB3
 436 00f0 19010000 		.4byte	0x119
 437 00f4 0A       		.uleb128 0xa
 438 00f5 A7020000 		.4byte	.LASF18
 439 00f9 01       		.byte	0x1
<<<<<<< HEAD
ARM GAS  C:\Users\Jona\AppData\Local\Temp\ccZNDSqi.s 			page 10
=======
ARM GAS  C:\Users\BASILE~1.BER\AppData\Local\Temp\ccBv3HE3.s 			page 10
>>>>>>> 0d9966f82f736fc259921368420d58d37d6db2a4


 440 00fa 18       		.byte	0x18
 441 00fb 81000000 		.4byte	0x81
 442 00ff 1F000000 		.4byte	.LLST1
 443 0103 0B       		.uleb128 0xb
 444 0104 20000000 		.4byte	.LVL3
 445 0108 4F030000 		.4byte	0x34f
 446 010c 0C       		.uleb128 0xc
 447 010d 01       		.uleb128 0x1
 448 010e 50       		.byte	0x50
 449 010f 01       		.uleb128 0x1
 450 0110 32       		.byte	0x32
 451 0111 0C       		.uleb128 0xc
 452 0112 01       		.uleb128 0x1
 453 0113 51       		.byte	0x51
 454 0114 02       		.uleb128 0x2
 455 0115 74       		.byte	0x74
 456 0116 00       		.sleb128 0
 457 0117 00       		.byte	0
 458 0118 00       		.byte	0
 459 0119 0B       		.uleb128 0xb
 460 011a 10000000 		.4byte	.LVL2
 461 011e 5A030000 		.4byte	0x35a
 462 0122 0C       		.uleb128 0xc
 463 0123 01       		.uleb128 0x1
 464 0124 50       		.byte	0x50
 465 0125 02       		.uleb128 0x2
 466 0126 74       		.byte	0x74
 467 0127 00       		.sleb128 0
 468 0128 00       		.byte	0
 469 0129 00       		.byte	0
 470 012a 00       		.byte	0
 471 012b 0D       		.uleb128 0xd
 472 012c 21000000 		.4byte	.LASF48
 473 0130 01       		.byte	0x1
 474 0131 1F       		.byte	0x1f
 475 0132 8D000000 		.4byte	0x8d
 476 0136 00000000 		.4byte	.LFB64
 477 013a 2C000000 		.4byte	.LFE64-.LFB64
 478 013e 01       		.uleb128 0x1
 479 013f 9C       		.byte	0x9c
 480 0140 99010000 		.4byte	0x199
 481 0144 0E       		.uleb128 0xe
 482 0145 0A000000 		.4byte	.LVL8
 483 0149 65030000 		.4byte	0x365
 484 014d 57010000 		.4byte	0x157
 485 0151 0C       		.uleb128 0xc
 486 0152 01       		.uleb128 0x1
 487 0153 50       		.byte	0x50
 488 0154 01       		.uleb128 0x1
 489 0155 31       		.byte	0x31
 490 0156 00       		.byte	0
 491 0157 0E       		.uleb128 0xe
 492 0158 10000000 		.4byte	.LVL9
 493 015c 70030000 		.4byte	0x370
 494 0160 6A010000 		.4byte	0x16a
 495 0164 0C       		.uleb128 0xc
 496 0165 01       		.uleb128 0x1
<<<<<<< HEAD
ARM GAS  C:\Users\Jona\AppData\Local\Temp\ccZNDSqi.s 			page 11
=======
ARM GAS  C:\Users\BASILE~1.BER\AppData\Local\Temp\ccBv3HE3.s 			page 11
>>>>>>> 0d9966f82f736fc259921368420d58d37d6db2a4


 497 0166 50       		.byte	0x50
 498 0167 01       		.uleb128 0x1
 499 0168 3A       		.byte	0x3a
 500 0169 00       		.byte	0
 501 016a 0E       		.uleb128 0xe
 502 016b 16000000 		.4byte	.LVL10
 503 016f 65030000 		.4byte	0x365
 504 0173 7D010000 		.4byte	0x17d
 505 0177 0C       		.uleb128 0xc
 506 0178 01       		.uleb128 0x1
 507 0179 50       		.byte	0x50
 508 017a 01       		.uleb128 0x1
 509 017b 30       		.byte	0x30
 510 017c 00       		.byte	0
 511 017d 0F       		.uleb128 0xf
 512 017e 1A000000 		.4byte	.LVL11
 513 0182 7B030000 		.4byte	0x37b
 514 0186 0F       		.uleb128 0xf
 515 0187 22000000 		.4byte	.LVL12
 516 018b 7B030000 		.4byte	0x37b
 517 018f 0F       		.uleb128 0xf
 518 0190 2A000000 		.4byte	.LVL13
 519 0194 86030000 		.4byte	0x386
 520 0198 00       		.byte	0
 521 0199 06       		.uleb128 0x6
 522 019a 59000000 		.4byte	.LASF20
 523 019e 01       		.byte	0x1
 524 019f 2B       		.byte	0x2b
 525 01a0 00000000 		.4byte	.LFB65
 526 01a4 20000000 		.4byte	.LFE65-.LFB65
 527 01a8 01       		.uleb128 0x1
 528 01a9 9C       		.byte	0x9c
 529 01aa F9010000 		.4byte	0x1f9
 530 01ae 10       		.uleb128 0x10
 531 01af 54010000 		.4byte	.LASF21
 532 01b3 01       		.byte	0x1
 533 01b4 2B       		.byte	0x2b
 534 01b5 F9010000 		.4byte	0x1f9
 535 01b9 01       		.uleb128 0x1
 536 01ba 50       		.byte	0x50
 537 01bb 10       		.uleb128 0x10
 538 01bc BA020000 		.4byte	.LASF22
 539 01c0 01       		.byte	0x1
 540 01c1 2B       		.byte	0x2b
 541 01c2 8D000000 		.4byte	0x8d
 542 01c6 01       		.uleb128 0x1
 543 01c7 51       		.byte	0x51
 544 01c8 07       		.uleb128 0x7
 545 01c9 02000000 		.4byte	.LBB4
 546 01cd 14000000 		.4byte	.LBE4-.LBB4
 547 01d1 08       		.uleb128 0x8
 548 01d2 6900     		.ascii	"i\000"
 549 01d4 01       		.byte	0x1
 550 01d5 2D       		.byte	0x2d
 551 01d6 68000000 		.4byte	0x68
 552 01da 32000000 		.4byte	.LLST2
 553 01de 07       		.uleb128 0x7
<<<<<<< HEAD
ARM GAS  C:\Users\Jona\AppData\Local\Temp\ccZNDSqi.s 			page 12
=======
ARM GAS  C:\Users\BASILE~1.BER\AppData\Local\Temp\ccBv3HE3.s 			page 12
>>>>>>> 0d9966f82f736fc259921368420d58d37d6db2a4


 554 01df 06000000 		.4byte	.LBB5
 555 01e3 0A000000 		.4byte	.LBE5-.LBB5
 556 01e7 0A       		.uleb128 0xa
 557 01e8 FE020000 		.4byte	.LASF23
 558 01ec 01       		.byte	0x1
 559 01ed 2F       		.byte	0x2f
 560 01ee 8D000000 		.4byte	0x8d
 561 01f2 51000000 		.4byte	.LLST3
 562 01f6 00       		.byte	0
 563 01f7 00       		.byte	0
 564 01f8 00       		.byte	0
 565 01f9 11       		.uleb128 0x11
 566 01fa 04       		.byte	0x4
 567 01fb 81000000 		.4byte	0x81
 568 01ff 06       		.uleb128 0x6
 569 0200 00000000 		.4byte	.LASF24
 570 0204 01       		.byte	0x1
 571 0205 35       		.byte	0x35
 572 0206 00000000 		.4byte	.LFB66
 573 020a 5C000000 		.4byte	.LFE66-.LFB66
 574 020e 01       		.uleb128 0x1
 575 020f 9C       		.byte	0x9c
 576 0210 5C020000 		.4byte	0x25c
 577 0214 12       		.uleb128 0x12
 578 0215 54010000 		.4byte	.LASF21
 579 0219 01       		.byte	0x1
 580 021a 35       		.byte	0x35
 581 021b 5C020000 		.4byte	0x25c
 582 021f 64000000 		.4byte	.LLST4
 583 0223 13       		.uleb128 0x13
 584 0224 26010000 		.4byte	.LASF25
 585 0228 01       		.byte	0x1
 586 0229 38       		.byte	0x38
 587 022a 62020000 		.4byte	0x262
 588 022e 02       		.uleb128 0x2
 589 022f 91       		.byte	0x91
 590 0230 6C       		.sleb128 -20
 591 0231 07       		.uleb128 0x7
 592 0232 14000000 		.4byte	.LBB6
 593 0236 30000000 		.4byte	.LBE6-.LBB6
 594 023a 08       		.uleb128 0x8
 595 023b 6900     		.ascii	"i\000"
 596 023d 01       		.byte	0x1
 597 023e 39       		.byte	0x39
 598 023f 68000000 		.4byte	0x68
 599 0243 90000000 		.4byte	.LLST5
 600 0247 14       		.uleb128 0x14
 601 0248 00000000 		.4byte	.Ldebug_ranges0+0
 602 024c 08       		.uleb128 0x8
 603 024d 6A00     		.ascii	"j\000"
 604 024f 01       		.byte	0x1
 605 0250 3B       		.byte	0x3b
 606 0251 68000000 		.4byte	0x68
 607 0255 AF000000 		.4byte	.LLST6
 608 0259 00       		.byte	0
 609 025a 00       		.byte	0
 610 025b 00       		.byte	0
<<<<<<< HEAD
ARM GAS  C:\Users\Jona\AppData\Local\Temp\ccZNDSqi.s 			page 13


 611 025c 15       		.uleb128 0x15
 612 025d 8D000000 		.4byte	0x8d
 613 0261 6C020000 		.4byte	0x26c
 614 0265 16       		.uleb128 0x16
 615 0266 B5000000 		.4byte	0xb5
 616 026a 04       		.byte	0x4
 617 026b 00       		.byte	0
 618 026c 17       		.uleb128 0x17
 619 026d 4B000000 		.4byte	.LASF26
 620 0271 05       		.byte	0x5
 621 0272 18       		.byte	0x18
 622 0273 81000000 		.4byte	0x81
 623 0277 05       		.uleb128 0x5
 624 0278 03       		.byte	0x3
 625 0279 00000000 		.4byte	pwmMotorLinks
 626 027d 17       		.uleb128 0x17
 627 027e AD010000 		.4byte	.LASF27
 628 0282 05       		.byte	0x5
 629 0283 19       		.byte	0x19
 630 0284 81000000 		.4byte	0x81
 631 0288 05       		.uleb128 0x5
 632 0289 03       		.byte	0x3
 633 028a 00000000 		.4byte	pwmMotorRechts
 634 028e 17       		.uleb128 0x17
 635 028f 9E020000 		.4byte	.LASF28
 636 0293 05       		.byte	0x5
 637 0294 1A       		.byte	0x1a
 638 0295 81000000 		.4byte	0x81
 639 0299 05       		.uleb128 0x5
 640 029a 03       		.byte	0x3
 641 029b 00000000 		.4byte	richting
 642 029f 17       		.uleb128 0x17
 643 02a0 E0010000 		.4byte	.LASF29
 644 02a4 05       		.byte	0x5
 645 02a5 23       		.byte	0x23
 646 02a6 81000000 		.4byte	0x81
 647 02aa 05       		.uleb128 0x5
 648 02ab 03       		.byte	0x3
 649 02ac 00000000 		.4byte	IRWaarden
 650 02b0 17       		.uleb128 0x17
 651 02b1 67010000 		.4byte	.LASF30
 652 02b5 05       		.byte	0x5
 653 02b6 24       		.byte	0x24
 654 02b7 81000000 		.4byte	0x81
 655 02bb 05       		.uleb128 0x5
 656 02bc 03       		.byte	0x3
 657 02bd 00000000 		.4byte	IRDrempel
 658 02c1 17       		.uleb128 0x17
 659 02c2 DE020000 		.4byte	.LASF31
 660 02c6 05       		.byte	0x5
 661 02c7 29       		.byte	0x29
 662 02c8 81000000 		.4byte	0x81
 663 02cc 05       		.uleb128 0x5
 664 02cd 03       		.byte	0x3
 665 02ce 00000000 		.4byte	TestGetal
 666 02d2 17       		.uleb128 0x17
 667 02d3 19000000 		.4byte	.LASF32
ARM GAS  C:\Users\Jona\AppData\Local\Temp\ccZNDSqi.s 			page 14


 668 02d7 05       		.byte	0x5
 669 02d8 2C       		.byte	0x2c
 670 02d9 8D000000 		.4byte	0x8d
 671 02dd 05       		.uleb128 0x5
 672 02de 03       		.byte	0x3
 673 02df 00000000 		.4byte	mediaan
 674 02e3 17       		.uleb128 0x17
 675 02e4 70000000 		.4byte	.LASF33
 676 02e8 05       		.byte	0x5
 677 02e9 2D       		.byte	0x2d
 678 02ea 81000000 		.4byte	0x81
 679 02ee 05       		.uleb128 0x5
 680 02ef 03       		.byte	0x3
 681 02f0 00000000 		.4byte	selectUS
 682 02f4 17       		.uleb128 0x17
 683 02f5 93010000 		.4byte	.LASF34
 684 02f9 05       		.byte	0x5
 685 02fa 2F       		.byte	0x2f
 686 02fb 5C020000 		.4byte	0x25c
 687 02ff 05       		.uleb128 0x5
 688 0300 03       		.byte	0x3
 689 0301 00000000 		.4byte	avgUS1
 690 0305 17       		.uleb128 0x17
 691 0306 3D000000 		.4byte	.LASF35
 692 030a 05       		.byte	0x5
 693 030b 30       		.byte	0x30
 694 030c 5C020000 		.4byte	0x25c
 695 0310 05       		.uleb128 0x5
 696 0311 03       		.byte	0x3
 697 0312 00000000 		.4byte	avgUS2
 698 0316 17       		.uleb128 0x17
 699 0317 44000000 		.4byte	.LASF36
 700 031b 05       		.byte	0x5
 701 031c 31       		.byte	0x31
 702 031d 5C020000 		.4byte	0x25c
 703 0321 05       		.uleb128 0x5
 704 0322 03       		.byte	0x3
 705 0323 00000000 		.4byte	avgUS3
 706 0327 17       		.uleb128 0x17
 707 0328 F3020000 		.4byte	.LASF37
 708 032c 05       		.byte	0x5
 709 032d 46       		.byte	0x46
 710 032e 81000000 		.4byte	0x81
 711 0332 05       		.uleb128 0x5
 712 0333 03       		.byte	0x3
 713 0334 00000000 		.4byte	boolSelect
 714 0338 18       		.uleb128 0x18
 715 0339 5A010000 		.4byte	.LASF38
 716 033d 06       		.byte	0x6
 717 033e 1207     		.2byte	0x712
 718 0340 44030000 		.4byte	0x344
 719 0344 19       		.uleb128 0x19
 720 0345 76000000 		.4byte	0x76
 721 0349 1A       		.uleb128 0x1a
 722 034a B1020000 		.4byte	.LASF39
 723 034e B1020000 		.4byte	.LASF39
 724 0352 05       		.byte	0x5
ARM GAS  C:\Users\Jona\AppData\Local\Temp\ccZNDSqi.s 			page 15


 725 0353 41       		.byte	0x41
 726 0354 1A       		.uleb128 0x1a
 727 0355 9A010000 		.4byte	.LASF40
 728 0359 9A010000 		.4byte	.LASF40
 729 035d 07       		.byte	0x7
 730 035e 35       		.byte	0x35
 731 035f 1A       		.uleb128 0x1a
 732 0360 7A020000 		.4byte	.LASF41
 733 0364 7A020000 		.4byte	.LASF41
 734 0368 08       		.byte	0x8
 735 0369 2F       		.byte	0x2f
 736 036a 1A       		.uleb128 0x1a
 737 036b 89010000 		.4byte	.LASF42
 738 036f 89010000 		.4byte	.LASF42
 739 0373 09       		.byte	0x9
 740 0374 77       		.byte	0x77
 741 0375 1A       		.uleb128 0x1a
 742 0376 2D000000 		.4byte	.LASF43
 743 037a 2D000000 		.4byte	.LASF43
 744 037e 0A       		.byte	0xa
 745 037f 30       		.byte	0x30
 746 0380 1A       		.uleb128 0x1a
 747 0381 F6010000 		.4byte	.LASF44
 748 0385 F6010000 		.4byte	.LASF44
 749 0389 0B       		.byte	0xb
 750 038a 69       		.byte	0x69
 751 038b 00       		.byte	0
 752              		.section	.debug_abbrev,"",%progbits
 753              	.Ldebug_abbrev0:
 754 0000 01       		.uleb128 0x1
 755 0001 11       		.uleb128 0x11
 756 0002 01       		.byte	0x1
 757 0003 25       		.uleb128 0x25
 758 0004 0E       		.uleb128 0xe
 759 0005 13       		.uleb128 0x13
 760 0006 0B       		.uleb128 0xb
 761 0007 03       		.uleb128 0x3
 762 0008 0E       		.uleb128 0xe
 763 0009 1B       		.uleb128 0x1b
 764 000a 0E       		.uleb128 0xe
 765 000b 55       		.uleb128 0x55
 766 000c 17       		.uleb128 0x17
 767 000d 11       		.uleb128 0x11
 768 000e 01       		.uleb128 0x1
 769 000f 10       		.uleb128 0x10
 770 0010 17       		.uleb128 0x17
 771 0011 00       		.byte	0
 772 0012 00       		.byte	0
 773 0013 02       		.uleb128 0x2
 774 0014 24       		.uleb128 0x24
 775 0015 00       		.byte	0
 776 0016 0B       		.uleb128 0xb
 777 0017 0B       		.uleb128 0xb
 778 0018 3E       		.uleb128 0x3e
 779 0019 0B       		.uleb128 0xb
 780 001a 03       		.uleb128 0x3
 781 001b 0E       		.uleb128 0xe
ARM GAS  C:\Users\Jona\AppData\Local\Temp\ccZNDSqi.s 			page 16


 782 001c 00       		.byte	0
 783 001d 00       		.byte	0
 784 001e 03       		.uleb128 0x3
 785 001f 16       		.uleb128 0x16
 786 0020 00       		.byte	0
 787 0021 03       		.uleb128 0x3
 788 0022 0E       		.uleb128 0xe
 789 0023 3A       		.uleb128 0x3a
 790 0024 0B       		.uleb128 0xb
 791 0025 3B       		.uleb128 0x3b
 792 0026 0B       		.uleb128 0xb
 793 0027 49       		.uleb128 0x49
 794 0028 13       		.uleb128 0x13
 795 0029 00       		.byte	0
 796 002a 00       		.byte	0
 797 002b 04       		.uleb128 0x4
 798 002c 24       		.uleb128 0x24
 799 002d 00       		.byte	0
 800 002e 0B       		.uleb128 0xb
 801 002f 0B       		.uleb128 0xb
 802 0030 3E       		.uleb128 0x3e
 803 0031 0B       		.uleb128 0xb
 804 0032 03       		.uleb128 0x3
 805 0033 08       		.uleb128 0x8
 806 0034 00       		.byte	0
 807 0035 00       		.byte	0
 808 0036 05       		.uleb128 0x5
 809 0037 16       		.uleb128 0x16
 810 0038 00       		.byte	0
 811 0039 03       		.uleb128 0x3
 812 003a 0E       		.uleb128 0xe
 813 003b 3A       		.uleb128 0x3a
 814 003c 0B       		.uleb128 0xb
 815 003d 3B       		.uleb128 0x3b
 816 003e 05       		.uleb128 0x5
 817 003f 49       		.uleb128 0x49
 818 0040 13       		.uleb128 0x13
 819 0041 00       		.byte	0
 820 0042 00       		.byte	0
 821 0043 06       		.uleb128 0x6
 822 0044 2E       		.uleb128 0x2e
 823 0045 01       		.byte	0x1
 824 0046 3F       		.uleb128 0x3f
 825 0047 19       		.uleb128 0x19
 826 0048 03       		.uleb128 0x3
 827 0049 0E       		.uleb128 0xe
 828 004a 3A       		.uleb128 0x3a
 829 004b 0B       		.uleb128 0xb
 830 004c 3B       		.uleb128 0x3b
 831 004d 0B       		.uleb128 0xb
 832 004e 27       		.uleb128 0x27
 833 004f 19       		.uleb128 0x19
 834 0050 11       		.uleb128 0x11
 835 0051 01       		.uleb128 0x1
 836 0052 12       		.uleb128 0x12
 837 0053 06       		.uleb128 0x6
 838 0054 40       		.uleb128 0x40
ARM GAS  C:\Users\Jona\AppData\Local\Temp\ccZNDSqi.s 			page 17


 839 0055 18       		.uleb128 0x18
 840 0056 9742     		.uleb128 0x2117
 841 0058 19       		.uleb128 0x19
 842 0059 01       		.uleb128 0x1
 843 005a 13       		.uleb128 0x13
 844 005b 00       		.byte	0
 845 005c 00       		.byte	0
 846 005d 07       		.uleb128 0x7
 847 005e 0B       		.uleb128 0xb
 848 005f 01       		.byte	0x1
 849 0060 11       		.uleb128 0x11
 850 0061 01       		.uleb128 0x1
 851 0062 12       		.uleb128 0x12
 852 0063 06       		.uleb128 0x6
 853 0064 00       		.byte	0
 854 0065 00       		.byte	0
 855 0066 08       		.uleb128 0x8
 856 0067 34       		.uleb128 0x34
 857 0068 00       		.byte	0
 858 0069 03       		.uleb128 0x3
 859 006a 08       		.uleb128 0x8
 860 006b 3A       		.uleb128 0x3a
 861 006c 0B       		.uleb128 0xb
 862 006d 3B       		.uleb128 0x3b
 863 006e 0B       		.uleb128 0xb
 864 006f 49       		.uleb128 0x49
 865 0070 13       		.uleb128 0x13
 866 0071 02       		.uleb128 0x2
 867 0072 17       		.uleb128 0x17
 868 0073 00       		.byte	0
 869 0074 00       		.byte	0
 870 0075 09       		.uleb128 0x9
 871 0076 0B       		.uleb128 0xb
 872 0077 01       		.byte	0x1
 873 0078 11       		.uleb128 0x11
 874 0079 01       		.uleb128 0x1
 875 007a 12       		.uleb128 0x12
 876 007b 06       		.uleb128 0x6
 877 007c 01       		.uleb128 0x1
 878 007d 13       		.uleb128 0x13
 879 007e 00       		.byte	0
 880 007f 00       		.byte	0
 881 0080 0A       		.uleb128 0xa
 882 0081 34       		.uleb128 0x34
 883 0082 00       		.byte	0
 884 0083 03       		.uleb128 0x3
 885 0084 0E       		.uleb128 0xe
 886 0085 3A       		.uleb128 0x3a
 887 0086 0B       		.uleb128 0xb
 888 0087 3B       		.uleb128 0x3b
 889 0088 0B       		.uleb128 0xb
 890 0089 49       		.uleb128 0x49
 891 008a 13       		.uleb128 0x13
 892 008b 02       		.uleb128 0x2
 893 008c 17       		.uleb128 0x17
 894 008d 00       		.byte	0
 895 008e 00       		.byte	0
ARM GAS  C:\Users\Jona\AppData\Local\Temp\ccZNDSqi.s 			page 18


 896 008f 0B       		.uleb128 0xb
 897 0090 898201   		.uleb128 0x4109
 898 0093 01       		.byte	0x1
 899 0094 11       		.uleb128 0x11
 900 0095 01       		.uleb128 0x1
 901 0096 31       		.uleb128 0x31
 902 0097 13       		.uleb128 0x13
 903 0098 00       		.byte	0
 904 0099 00       		.byte	0
 905 009a 0C       		.uleb128 0xc
 906 009b 8A8201   		.uleb128 0x410a
 907 009e 00       		.byte	0
 908 009f 02       		.uleb128 0x2
 909 00a0 18       		.uleb128 0x18
 910 00a1 9142     		.uleb128 0x2111
 911 00a3 18       		.uleb128 0x18
 912 00a4 00       		.byte	0
 913 00a5 00       		.byte	0
 914 00a6 0D       		.uleb128 0xd
 915 00a7 2E       		.uleb128 0x2e
 916 00a8 01       		.byte	0x1
 917 00a9 3F       		.uleb128 0x3f
 918 00aa 19       		.uleb128 0x19
 919 00ab 03       		.uleb128 0x3
 920 00ac 0E       		.uleb128 0xe
 921 00ad 3A       		.uleb128 0x3a
 922 00ae 0B       		.uleb128 0xb
 923 00af 3B       		.uleb128 0x3b
 924 00b0 0B       		.uleb128 0xb
 925 00b1 27       		.uleb128 0x27
 926 00b2 19       		.uleb128 0x19
 927 00b3 49       		.uleb128 0x49
 928 00b4 13       		.uleb128 0x13
 929 00b5 11       		.uleb128 0x11
 930 00b6 01       		.uleb128 0x1
 931 00b7 12       		.uleb128 0x12
 932 00b8 06       		.uleb128 0x6
 933 00b9 40       		.uleb128 0x40
 934 00ba 18       		.uleb128 0x18
 935 00bb 9742     		.uleb128 0x2117
 936 00bd 19       		.uleb128 0x19
 937 00be 01       		.uleb128 0x1
 938 00bf 13       		.uleb128 0x13
 939 00c0 00       		.byte	0
 940 00c1 00       		.byte	0
 941 00c2 0E       		.uleb128 0xe
 942 00c3 898201   		.uleb128 0x4109
 943 00c6 01       		.byte	0x1
 944 00c7 11       		.uleb128 0x11
 945 00c8 01       		.uleb128 0x1
 946 00c9 31       		.uleb128 0x31
 947 00ca 13       		.uleb128 0x13
 948 00cb 01       		.uleb128 0x1
 949 00cc 13       		.uleb128 0x13
 950 00cd 00       		.byte	0
 951 00ce 00       		.byte	0
 952 00cf 0F       		.uleb128 0xf
ARM GAS  C:\Users\Jona\AppData\Local\Temp\ccZNDSqi.s 			page 19


 953 00d0 898201   		.uleb128 0x4109
 954 00d3 00       		.byte	0
 955 00d4 11       		.uleb128 0x11
 956 00d5 01       		.uleb128 0x1
 957 00d6 31       		.uleb128 0x31
 958 00d7 13       		.uleb128 0x13
 959 00d8 00       		.byte	0
 960 00d9 00       		.byte	0
 961 00da 10       		.uleb128 0x10
 962 00db 05       		.uleb128 0x5
 963 00dc 00       		.byte	0
 964 00dd 03       		.uleb128 0x3
 965 00de 0E       		.uleb128 0xe
 966 00df 3A       		.uleb128 0x3a
 967 00e0 0B       		.uleb128 0xb
 968 00e1 3B       		.uleb128 0x3b
 969 00e2 0B       		.uleb128 0xb
 970 00e3 49       		.uleb128 0x49
 971 00e4 13       		.uleb128 0x13
 972 00e5 02       		.uleb128 0x2
 973 00e6 18       		.uleb128 0x18
 974 00e7 00       		.byte	0
 975 00e8 00       		.byte	0
 976 00e9 11       		.uleb128 0x11
 977 00ea 0F       		.uleb128 0xf
 978 00eb 00       		.byte	0
 979 00ec 0B       		.uleb128 0xb
 980 00ed 0B       		.uleb128 0xb
 981 00ee 49       		.uleb128 0x49
 982 00ef 13       		.uleb128 0x13
 983 00f0 00       		.byte	0
 984 00f1 00       		.byte	0
 985 00f2 12       		.uleb128 0x12
 986 00f3 05       		.uleb128 0x5
 987 00f4 00       		.byte	0
 988 00f5 03       		.uleb128 0x3
 989 00f6 0E       		.uleb128 0xe
 990 00f7 3A       		.uleb128 0x3a
 991 00f8 0B       		.uleb128 0xb
 992 00f9 3B       		.uleb128 0x3b
 993 00fa 0B       		.uleb128 0xb
 994 00fb 49       		.uleb128 0x49
 995 00fc 13       		.uleb128 0x13
 996 00fd 02       		.uleb128 0x2
 997 00fe 17       		.uleb128 0x17
 998 00ff 00       		.byte	0
 999 0100 00       		.byte	0
 1000 0101 13       		.uleb128 0x13
 1001 0102 34       		.uleb128 0x34
 1002 0103 00       		.byte	0
 1003 0104 03       		.uleb128 0x3
 1004 0105 0E       		.uleb128 0xe
 1005 0106 3A       		.uleb128 0x3a
 1006 0107 0B       		.uleb128 0xb
 1007 0108 3B       		.uleb128 0x3b
 1008 0109 0B       		.uleb128 0xb
 1009 010a 49       		.uleb128 0x49
ARM GAS  C:\Users\Jona\AppData\Local\Temp\ccZNDSqi.s 			page 20


 1010 010b 13       		.uleb128 0x13
 1011 010c 02       		.uleb128 0x2
 1012 010d 18       		.uleb128 0x18
 1013 010e 00       		.byte	0
 1014 010f 00       		.byte	0
 1015 0110 14       		.uleb128 0x14
 1016 0111 0B       		.uleb128 0xb
 1017 0112 01       		.byte	0x1
 1018 0113 55       		.uleb128 0x55
 1019 0114 17       		.uleb128 0x17
 1020 0115 00       		.byte	0
 1021 0116 00       		.byte	0
 1022 0117 15       		.uleb128 0x15
 1023 0118 01       		.uleb128 0x1
 1024 0119 01       		.byte	0x1
 1025 011a 49       		.uleb128 0x49
 1026 011b 13       		.uleb128 0x13
 1027 011c 01       		.uleb128 0x1
 1028 011d 13       		.uleb128 0x13
 1029 011e 00       		.byte	0
 1030 011f 00       		.byte	0
 1031 0120 16       		.uleb128 0x16
 1032 0121 21       		.uleb128 0x21
 1033 0122 00       		.byte	0
 1034 0123 49       		.uleb128 0x49
 1035 0124 13       		.uleb128 0x13
 1036 0125 2F       		.uleb128 0x2f
 1037 0126 0B       		.uleb128 0xb
 1038 0127 00       		.byte	0
 1039 0128 00       		.byte	0
 1040 0129 17       		.uleb128 0x17
 1041 012a 34       		.uleb128 0x34
 1042 012b 00       		.byte	0
 1043 012c 03       		.uleb128 0x3
 1044 012d 0E       		.uleb128 0xe
 1045 012e 3A       		.uleb128 0x3a
 1046 012f 0B       		.uleb128 0xb
 1047 0130 3B       		.uleb128 0x3b
 1048 0131 0B       		.uleb128 0xb
 1049 0132 49       		.uleb128 0x49
 1050 0133 13       		.uleb128 0x13
 1051 0134 3F       		.uleb128 0x3f
 1052 0135 19       		.uleb128 0x19
 1053 0136 02       		.uleb128 0x2
 1054 0137 18       		.uleb128 0x18
 1055 0138 00       		.byte	0
 1056 0139 00       		.byte	0
 1057 013a 18       		.uleb128 0x18
 1058 013b 34       		.uleb128 0x34
 1059 013c 00       		.byte	0
 1060 013d 03       		.uleb128 0x3
 1061 013e 0E       		.uleb128 0xe
 1062 013f 3A       		.uleb128 0x3a
 1063 0140 0B       		.uleb128 0xb
 1064 0141 3B       		.uleb128 0x3b
 1065 0142 05       		.uleb128 0x5
 1066 0143 49       		.uleb128 0x49
ARM GAS  C:\Users\Jona\AppData\Local\Temp\ccZNDSqi.s 			page 21


 1067 0144 13       		.uleb128 0x13
 1068 0145 3F       		.uleb128 0x3f
 1069 0146 19       		.uleb128 0x19
 1070 0147 3C       		.uleb128 0x3c
 1071 0148 19       		.uleb128 0x19
 1072 0149 00       		.byte	0
 1073 014a 00       		.byte	0
 1074 014b 19       		.uleb128 0x19
 1075 014c 35       		.uleb128 0x35
 1076 014d 00       		.byte	0
 1077 014e 49       		.uleb128 0x49
 1078 014f 13       		.uleb128 0x13
 1079 0150 00       		.byte	0
 1080 0151 00       		.byte	0
 1081 0152 1A       		.uleb128 0x1a
 1082 0153 2E       		.uleb128 0x2e
 1083 0154 00       		.byte	0
 1084 0155 3F       		.uleb128 0x3f
 1085 0156 19       		.uleb128 0x19
 1086 0157 3C       		.uleb128 0x3c
 1087 0158 19       		.uleb128 0x19
 1088 0159 6E       		.uleb128 0x6e
 1089 015a 0E       		.uleb128 0xe
 1090 015b 03       		.uleb128 0x3
 1091 015c 0E       		.uleb128 0xe
 1092 015d 3A       		.uleb128 0x3a
 1093 015e 0B       		.uleb128 0xb
 1094 015f 3B       		.uleb128 0x3b
 1095 0160 0B       		.uleb128 0xb
 1096 0161 00       		.byte	0
 1097 0162 00       		.byte	0
 1098 0163 00       		.byte	0
 1099              		.section	.debug_loc,"",%progbits
 1100              	.Ldebug_loc0:
 1101              	.LLST0:
 1102 0000 08000000 		.4byte	.LVL0
 1103 0004 0A000000 		.4byte	.LVL1
 1104 0008 0200     		.2byte	0x2
 1105 000a 30       		.byte	0x30
 1106 000b 9F       		.byte	0x9f
 1107 000c 0A000000 		.4byte	.LVL1
 1108 0010 32000000 		.4byte	.LVL7
 1109 0014 0100     		.2byte	0x1
 1110 0016 54       		.byte	0x54
 1111 0017 00000000 		.4byte	0
 1112 001b 00000000 		.4byte	0
 1113              	.LLST1:
 1114 001f 22000000 		.4byte	.LVL4
 1115 0023 28000000 		.4byte	.LVL5
 1116 0027 0100     		.2byte	0x1
 1117 0029 50       		.byte	0x50
 1118 002a 00000000 		.4byte	0
 1119 002e 00000000 		.4byte	0
 1120              	.LLST2:
 1121 0032 02000000 		.4byte	.LVL15
 1122 0036 06000000 		.4byte	.LVL16
 1123 003a 0200     		.2byte	0x2
ARM GAS  C:\Users\Jona\AppData\Local\Temp\ccZNDSqi.s 			page 22


 1124 003c 33       		.byte	0x33
 1125 003d 9F       		.byte	0x9f
 1126 003e 06000000 		.4byte	.LVL16
 1127 0042 24000000 		.4byte	.LFE65
 1128 0046 0100     		.2byte	0x1
 1129 0048 53       		.byte	0x53
 1130 0049 00000000 		.4byte	0
 1131 004d 00000000 		.4byte	0
 1132              	.LLST3:
 1133 0051 0C000000 		.4byte	.LVL17
 1134 0055 14000000 		.4byte	.LVL18
 1135 0059 0100     		.2byte	0x1
 1136 005b 54       		.byte	0x54
 1137 005c 00000000 		.4byte	0
 1138 0060 00000000 		.4byte	0
 1139              	.LLST4:
 1140 0064 00000000 		.4byte	.LVL19
 1141 0068 0C000000 		.4byte	.LVL20
 1142 006c 0100     		.2byte	0x1
 1143 006e 50       		.byte	0x50
 1144 006f 0C000000 		.4byte	.LVL20
 1145 0073 50000000 		.4byte	.LVL27
 1146 0077 0100     		.2byte	0x1
 1147 0079 54       		.byte	0x54
 1148 007a 50000000 		.4byte	.LVL27
 1149 007e 5C000000 		.4byte	.LFE66
 1150 0082 0400     		.2byte	0x4
 1151 0084 F3       		.byte	0xf3
 1152 0085 01       		.uleb128 0x1
 1153 0086 50       		.byte	0x50
 1154 0087 9F       		.byte	0x9f
 1155 0088 00000000 		.4byte	0
 1156 008c 00000000 		.4byte	0
 1157              	.LLST5:
 1158 0090 14000000 		.4byte	.LVL21
 1159 0094 18000000 		.4byte	.LVL22
 1160 0098 0200     		.2byte	0x2
 1161 009a 30       		.byte	0x30
 1162 009b 9F       		.byte	0x9f
 1163 009c 18000000 		.4byte	.LVL22
 1164 00a0 5C000000 		.4byte	.LFE66
 1165 00a4 0100     		.2byte	0x1
 1166 00a6 51       		.byte	0x51
 1167 00a7 00000000 		.4byte	0
 1168 00ab 00000000 		.4byte	0
 1169              	.LLST6:
 1170 00af 18000000 		.4byte	.LVL22
 1171 00b3 38000000 		.4byte	.LVL24
 1172 00b7 0100     		.2byte	0x1
 1173 00b9 53       		.byte	0x53
 1174 00ba 3A000000 		.4byte	.LVL25
 1175 00be 40000000 		.4byte	.LVL26
 1176 00c2 0100     		.2byte	0x1
 1177 00c4 53       		.byte	0x53
 1178 00c5 00000000 		.4byte	0
 1179 00c9 00000000 		.4byte	0
 1180              		.section	.debug_aranges,"",%progbits
ARM GAS  C:\Users\Jona\AppData\Local\Temp\ccZNDSqi.s 			page 23


 1181 0000 34000000 		.4byte	0x34
 1182 0004 0200     		.2byte	0x2
 1183 0006 00000000 		.4byte	.Ldebug_info0
 1184 000a 04       		.byte	0x4
 1185 000b 00       		.byte	0
 1186 000c 0000     		.2byte	0
 1187 000e 0000     		.2byte	0
 1188 0010 00000000 		.4byte	.LFB63
 1189 0014 3C000000 		.4byte	.LFE63-.LFB63
 1190 0018 00000000 		.4byte	.LFB64
 1191 001c 2C000000 		.4byte	.LFE64-.LFB64
 1192 0020 00000000 		.4byte	.LFB65
 1193 0024 24000000 		.4byte	.LFE65-.LFB65
 1194 0028 00000000 		.4byte	.LFB66
 1195 002c 5C000000 		.4byte	.LFE66-.LFB66
 1196 0030 00000000 		.4byte	0
 1197 0034 00000000 		.4byte	0
 1198              		.section	.debug_ranges,"",%progbits
 1199              	.Ldebug_ranges0:
 1200 0000 18000000 		.4byte	.LBB7
 1201 0004 38000000 		.4byte	.LBE7
 1202 0008 3A000000 		.4byte	.LBB8
 1203 000c 3E000000 		.4byte	.LBE8
 1204 0010 00000000 		.4byte	0
 1205 0014 00000000 		.4byte	0
 1206 0018 00000000 		.4byte	.LFB63
 1207 001c 3C000000 		.4byte	.LFE63
 1208 0020 00000000 		.4byte	.LFB64
 1209 0024 2C000000 		.4byte	.LFE64
 1210 0028 00000000 		.4byte	.LFB65
 1211 002c 24000000 		.4byte	.LFE65
 1212 0030 00000000 		.4byte	.LFB66
 1213 0034 5C000000 		.4byte	.LFE66
 1214 0038 00000000 		.4byte	0
 1215 003c 00000000 		.4byte	0
 1216              		.section	.debug_line,"",%progbits
 1217              	.Ldebug_line0:
 1218 0000 44020000 		.section	.debug_str,"MS",%progbits,1
 1218      0200A501 
 1218      00000201 
 1218      FB0E0D00 
 1218      01010101 
 1219              	.LASF24:
 1220 0000 62657265 		.ascii	"berekenMediaan\000"
 1220      6B656E4D 
 1220      65646961 
 1220      616E00
 1221              	.LASF9:
 1222 000f 5F5F696E 		.ascii	"__int32_t\000"
 1222      7433325F 
 1222      7400
 1223              	.LASF32:
 1224 0019 6D656469 		.ascii	"mediaan\000"
 1224      61616E00 
 1225              	.LASF48:
 1226 0021 72656164 		.ascii	"readUSValue\000"
 1226      55535661 
ARM GAS  C:\Users\Jona\AppData\Local\Temp\ccZNDSqi.s 			page 24


 1226      6C756500 
 1227              	.LASF43:
 1228 002d 73746174 		.ascii	"statusEcho_Read\000"
 1228      75734563 
 1228      686F5F52 
 1228      65616400 
 1229              	.LASF35:
 1230 003d 61766755 		.ascii	"avgUS2\000"
 1230      533200
 1231              	.LASF36:
 1232 0044 61766755 		.ascii	"avgUS3\000"
 1232      533300
 1233              	.LASF26:
 1234 004b 70776D4D 		.ascii	"pwmMotorLinks\000"
 1234      6F746F72 
 1234      4C696E6B 
 1234      7300
 1235              	.LASF20:
 1236 0059 73636875 		.ascii	"schuifRegister\000"
 1236      69665265 
 1236      67697374 
 1236      657200
 1237              	.LASF10:
 1238 0068 696E7433 		.ascii	"int32_t\000"
 1238      325F7400 
 1239              	.LASF33:
 1240 0070 73656C65 		.ascii	"selectUS\000"
 1240      63745553 
 1240      00
 1241              	.LASF13:
 1242 0079 666C6F61 		.ascii	"float\000"
 1242      7400
 1243              	.LASF1:
 1244 007f 756E7369 		.ascii	"unsigned char\000"
 1244      676E6564 
 1244      20636861 
 1244      7200
 1245              	.LASF45:
 1246 008d 474E5520 		.ascii	"GNU C11 5.4.1 20160609 (release) [ARM/embedded-5-br"
 1246      43313120 
 1246      352E342E 
 1246      31203230 
 1246      31363036 
 1247 00c0 616E6368 		.ascii	"anch revision 237715] -mcpu=cortex-m3 -mthumb -g -O"
 1247      20726576 
 1247      6973696F 
 1247      6E203233 
 1247      37373135 
 1248 00f3 67202D66 		.ascii	"g -ffunction-sections -ffat-lto-objects\000"
 1248      66756E63 
 1248      74696F6E 
 1248      2D736563 
 1248      74696F6E 
 1249              	.LASF19:
 1250 011b 49525365 		.ascii	"IRSensoren\000"
 1250      6E736F72 
 1250      656E00
ARM GAS  C:\Users\Jona\AppData\Local\Temp\ccZNDSqi.s 			page 25


 1251              	.LASF25:
 1252 0126 746D7041 		.ascii	"tmpArray\000"
 1252      72726179 
 1252      00
 1253              	.LASF5:
 1254 012f 6C6F6E67 		.ascii	"long unsigned int\000"
 1254      20756E73 
 1254      69676E65 
 1254      6420696E 
 1254      7400
 1255              	.LASF3:
 1256 0141 73686F72 		.ascii	"short unsigned int\000"
 1256      7420756E 
 1256      7369676E 
 1256      65642069 
 1256      6E7400
 1257              	.LASF21:
 1258 0154 61727261 		.ascii	"array\000"
 1258      7900
 1259              	.LASF38:
 1260 015a 49544D5F 		.ascii	"ITM_RxBuffer\000"
 1260      52784275 
 1260      66666572 
 1260      00
 1261              	.LASF30:
 1262 0167 49524472 		.ascii	"IRDrempel\000"
 1262      656D7065 
 1262      6C00
 1263              	.LASF14:
 1264 0171 646F7562 		.ascii	"double\000"
 1264      6C6500
 1265              	.LASF12:
 1266 0178 75696E74 		.ascii	"uint16\000"
 1266      313600
 1267              	.LASF2:
 1268 017f 73686F72 		.ascii	"short int\000"
 1268      7420696E 
 1268      7400
 1269              	.LASF42:
 1270 0189 43794465 		.ascii	"CyDelayUs\000"
 1270      6C617955 
 1270      7300
 1271              	.LASF34:
 1272 0193 61766755 		.ascii	"avgUS1\000"
 1272      533100
 1273              	.LASF40:
 1274 019a 4144435F 		.ascii	"ADC_IR_GetResult16\000"
 1274      49525F47 
 1274      65745265 
 1274      73756C74 
 1274      313600
 1275              	.LASF27:
 1276 01ad 70776D4D 		.ascii	"pwmMotorRechts\000"
 1276      6F746F72 
 1276      52656368 
 1276      747300
 1277              	.LASF8:
ARM GAS  C:\Users\Jona\AppData\Local\Temp\ccZNDSqi.s 			page 26


 1278 01bc 756E7369 		.ascii	"unsigned int\000"
 1278      676E6564 
 1278      20696E74 
 1278      00
 1279              	.LASF7:
 1280 01c9 6C6F6E67 		.ascii	"long long unsigned int\000"
 1280      206C6F6E 
 1280      6720756E 
 1280      7369676E 
 1280      65642069 
 1281              	.LASF29:
 1282 01e0 49525761 		.ascii	"IRWaarden\000"
 1282      61726465 
 1282      6E00
 1283              	.LASF0:
 1284 01ea 7369676E 		.ascii	"signed char\000"
 1284      65642063 
 1284      68617200 
 1285              	.LASF44:
 1286 01f6 54696D65 		.ascii	"TimerUS_ReadCounter\000"
 1286      7255535F 
 1286      52656164 
 1286      436F756E 
 1286      74657200 
 1287              	.LASF47:
 1288 020a 433A5C55 		.ascii	"C:\\Users\\Jona\\Documents\\GitHub\\RobotComp2ELO\\"
 1288      73657273 
 1288      5C4A6F6E 
 1288      615C446F 
 1288      63756D65 
 1289 0237 536F6674 		.ascii	"Software\\PSoc\\Roadster\\RoadsterRACEMODE\\Roadste"
 1289      77617265 
 1289      5C50536F 
 1289      635C526F 
 1289      61647374 
 1290 0266 72312E30 		.ascii	"r1.0.cydsn\000"
 1290      2E637964 
 1290      736E00
 1291              	.LASF17:
 1292 0271 73697A65 		.ascii	"sizetype\000"
 1292      74797065 
 1292      00
 1293              	.LASF41:
 1294 027a 54726967 		.ascii	"TriggerReg_Write\000"
 1294      67657252 
 1294      65675F57 
 1294      72697465 
 1294      00
 1295              	.LASF6:
 1296 028b 6C6F6E67 		.ascii	"long long int\000"
 1296      206C6F6E 
 1296      6720696E 
 1296      7400
 1297              	.LASF15:
 1298 0299 63686172 		.ascii	"char\000"
 1298      00
 1299              	.LASF28:
ARM GAS  C:\Users\Jona\AppData\Local\Temp\ccZNDSqi.s 			page 27


 1300 029e 72696368 		.ascii	"richting\000"
 1300      74696E67 
 1300      00
 1301              	.LASF18:
 1302 02a7 746D7057 		.ascii	"tmpWaarde\000"
 1302      61617264 
 1302      6500
 1303              	.LASF39:
 1304 02b1 6578706F 		.ascii	"exponent\000"
 1304      6E656E74 
 1304      00
 1305              	.LASF22:
 1306 02ba 6E657756 		.ascii	"newValue\000"
 1306      616C7565 
 1306      00
 1307              	.LASF11:
 1308 02c3 75696E74 		.ascii	"uint8\000"
 1308      3800
 1309              	.LASF4:
 1310 02c9 6C6F6E67 		.ascii	"long int\000"
 1310      20696E74 
 1310      00
 1311              	.LASF16:
 1312 02d2 6C6F6E67 		.ascii	"long double\000"
 1312      20646F75 
 1312      626C6500 
 1313              	.LASF31:
 1314 02de 54657374 		.ascii	"TestGetal\000"
 1314      47657461 
 1314      6C00
 1315              	.LASF46:
 1316 02e8 53656E73 		.ascii	"Sensoren.c\000"
 1316      6F72656E 
 1316      2E6300
 1317              	.LASF37:
 1318 02f3 626F6F6C 		.ascii	"boolSelect\000"
 1318      53656C65 
 1318      637400
 1319              	.LASF23:
 1320 02fe 746D7076 		.ascii	"tmpvalue\000"
 1320      616C7565 
 1320      00
 1321              		.ident	"GCC: (GNU Tools for ARM Embedded Processors) 5.4.1 20160609 (release) [ARM/embedded-5-bran
=======
ARM GAS  C:\Users\BASILE~1.BER\AppData\Local\Temp\ccBv3HE3.s 			page 13


 611 025c 11       		.uleb128 0x11
 612 025d 04       		.byte	0x4
 613 025e 8D000000 		.4byte	0x8d
 614 0262 15       		.uleb128 0x15
 615 0263 8D000000 		.4byte	0x8d
 616 0267 72020000 		.4byte	0x272
 617 026b 16       		.uleb128 0x16
 618 026c B5000000 		.4byte	0xb5
 619 0270 04       		.byte	0x4
 620 0271 00       		.byte	0
 621 0272 17       		.uleb128 0x17
 622 0273 4B000000 		.4byte	.LASF26
 623 0277 05       		.byte	0x5
 624 0278 18       		.byte	0x18
 625 0279 81000000 		.4byte	0x81
 626 027d 05       		.uleb128 0x5
 627 027e 03       		.byte	0x3
 628 027f 00000000 		.4byte	pwmMotorLinks
 629 0283 17       		.uleb128 0x17
 630 0284 A5010000 		.4byte	.LASF27
 631 0288 05       		.byte	0x5
 632 0289 19       		.byte	0x19
 633 028a 81000000 		.4byte	0x81
 634 028e 05       		.uleb128 0x5
 635 028f 03       		.byte	0x3
 636 0290 00000000 		.4byte	pwmMotorRechts
 637 0294 17       		.uleb128 0x17
 638 0295 37020000 		.4byte	.LASF28
 639 0299 05       		.byte	0x5
 640 029a 1A       		.byte	0x1a
 641 029b 81000000 		.4byte	0x81
 642 029f 05       		.uleb128 0x5
 643 02a0 03       		.byte	0x3
 644 02a1 00000000 		.4byte	richting
 645 02a5 17       		.uleb128 0x17
 646 02a6 D8010000 		.4byte	.LASF29
 647 02aa 05       		.byte	0x5
 648 02ab 23       		.byte	0x23
 649 02ac 81000000 		.4byte	0x81
 650 02b0 05       		.uleb128 0x5
 651 02b1 03       		.byte	0x3
 652 02b2 00000000 		.4byte	IRWaarden
 653 02b6 17       		.uleb128 0x17
 654 02b7 5F010000 		.4byte	.LASF30
 655 02bb 05       		.byte	0x5
 656 02bc 24       		.byte	0x24
 657 02bd 81000000 		.4byte	0x81
 658 02c1 05       		.uleb128 0x5
 659 02c2 03       		.byte	0x3
 660 02c3 00000000 		.4byte	IRDrempel
 661 02c7 17       		.uleb128 0x17
 662 02c8 77020000 		.4byte	.LASF31
 663 02cc 05       		.byte	0x5
 664 02cd 29       		.byte	0x29
 665 02ce 81000000 		.4byte	0x81
 666 02d2 05       		.uleb128 0x5
 667 02d3 03       		.byte	0x3
ARM GAS  C:\Users\BASILE~1.BER\AppData\Local\Temp\ccBv3HE3.s 			page 14


 668 02d4 00000000 		.4byte	TestGetal
 669 02d8 17       		.uleb128 0x17
 670 02d9 19000000 		.4byte	.LASF32
 671 02dd 05       		.byte	0x5
 672 02de 2C       		.byte	0x2c
 673 02df 8D000000 		.4byte	0x8d
 674 02e3 05       		.uleb128 0x5
 675 02e4 03       		.byte	0x3
 676 02e5 00000000 		.4byte	mediaan
 677 02e9 17       		.uleb128 0x17
 678 02ea 68000000 		.4byte	.LASF33
 679 02ee 05       		.byte	0x5
 680 02ef 2D       		.byte	0x2d
 681 02f0 81000000 		.4byte	0x81
 682 02f4 05       		.uleb128 0x5
 683 02f5 03       		.byte	0x3
 684 02f6 00000000 		.4byte	selectUS
 685 02fa 17       		.uleb128 0x17
 686 02fb 8B010000 		.4byte	.LASF34
 687 02ff 05       		.byte	0x5
 688 0300 2F       		.byte	0x2f
 689 0301 62020000 		.4byte	0x262
 690 0305 05       		.uleb128 0x5
 691 0306 03       		.byte	0x3
 692 0307 00000000 		.4byte	avgUS1
 693 030b 17       		.uleb128 0x17
 694 030c 3D000000 		.4byte	.LASF35
 695 0310 05       		.byte	0x5
 696 0311 30       		.byte	0x30
 697 0312 62020000 		.4byte	0x262
 698 0316 05       		.uleb128 0x5
 699 0317 03       		.byte	0x3
 700 0318 00000000 		.4byte	avgUS2
 701 031c 17       		.uleb128 0x17
 702 031d 44000000 		.4byte	.LASF36
 703 0321 05       		.byte	0x5
 704 0322 31       		.byte	0x31
 705 0323 62020000 		.4byte	0x262
 706 0327 05       		.uleb128 0x5
 707 0328 03       		.byte	0x3
 708 0329 00000000 		.4byte	avgUS3
 709 032d 17       		.uleb128 0x17
 710 032e 8C020000 		.4byte	.LASF37
 711 0332 05       		.byte	0x5
 712 0333 47       		.byte	0x47
 713 0334 81000000 		.4byte	0x81
 714 0338 05       		.uleb128 0x5
 715 0339 03       		.byte	0x3
 716 033a 00000000 		.4byte	boolSelect
 717 033e 18       		.uleb128 0x18
 718 033f 52010000 		.4byte	.LASF38
 719 0343 06       		.byte	0x6
 720 0344 1207     		.2byte	0x712
 721 0346 4A030000 		.4byte	0x34a
 722 034a 19       		.uleb128 0x19
 723 034b 76000000 		.4byte	0x76
 724 034f 1A       		.uleb128 0x1a
ARM GAS  C:\Users\BASILE~1.BER\AppData\Local\Temp\ccBv3HE3.s 			page 15


 725 0350 4A020000 		.4byte	.LASF39
 726 0354 4A020000 		.4byte	.LASF39
 727 0358 05       		.byte	0x5
 728 0359 42       		.byte	0x42
 729 035a 1A       		.uleb128 0x1a
 730 035b 92010000 		.4byte	.LASF40
 731 035f 92010000 		.4byte	.LASF40
 732 0363 07       		.byte	0x7
 733 0364 35       		.byte	0x35
 734 0365 1A       		.uleb128 0x1a
 735 0366 13020000 		.4byte	.LASF41
 736 036a 13020000 		.4byte	.LASF41
 737 036e 08       		.byte	0x8
 738 036f 2F       		.byte	0x2f
 739 0370 1A       		.uleb128 0x1a
 740 0371 81010000 		.4byte	.LASF42
 741 0375 81010000 		.4byte	.LASF42
 742 0379 09       		.byte	0x9
 743 037a 77       		.byte	0x77
 744 037b 1A       		.uleb128 0x1a
 745 037c 2D000000 		.4byte	.LASF43
 746 0380 2D000000 		.4byte	.LASF43
 747 0384 0A       		.byte	0xa
 748 0385 30       		.byte	0x30
 749 0386 1A       		.uleb128 0x1a
 750 0387 EE010000 		.4byte	.LASF44
 751 038b EE010000 		.4byte	.LASF44
 752 038f 0B       		.byte	0xb
 753 0390 69       		.byte	0x69
 754 0391 00       		.byte	0
 755              		.section	.debug_abbrev,"",%progbits
 756              	.Ldebug_abbrev0:
 757 0000 01       		.uleb128 0x1
 758 0001 11       		.uleb128 0x11
 759 0002 01       		.byte	0x1
 760 0003 25       		.uleb128 0x25
 761 0004 0E       		.uleb128 0xe
 762 0005 13       		.uleb128 0x13
 763 0006 0B       		.uleb128 0xb
 764 0007 03       		.uleb128 0x3
 765 0008 0E       		.uleb128 0xe
 766 0009 1B       		.uleb128 0x1b
 767 000a 0E       		.uleb128 0xe
 768 000b 55       		.uleb128 0x55
 769 000c 17       		.uleb128 0x17
 770 000d 11       		.uleb128 0x11
 771 000e 01       		.uleb128 0x1
 772 000f 10       		.uleb128 0x10
 773 0010 17       		.uleb128 0x17
 774 0011 00       		.byte	0
 775 0012 00       		.byte	0
 776 0013 02       		.uleb128 0x2
 777 0014 24       		.uleb128 0x24
 778 0015 00       		.byte	0
 779 0016 0B       		.uleb128 0xb
 780 0017 0B       		.uleb128 0xb
 781 0018 3E       		.uleb128 0x3e
ARM GAS  C:\Users\BASILE~1.BER\AppData\Local\Temp\ccBv3HE3.s 			page 16


 782 0019 0B       		.uleb128 0xb
 783 001a 03       		.uleb128 0x3
 784 001b 0E       		.uleb128 0xe
 785 001c 00       		.byte	0
 786 001d 00       		.byte	0
 787 001e 03       		.uleb128 0x3
 788 001f 16       		.uleb128 0x16
 789 0020 00       		.byte	0
 790 0021 03       		.uleb128 0x3
 791 0022 0E       		.uleb128 0xe
 792 0023 3A       		.uleb128 0x3a
 793 0024 0B       		.uleb128 0xb
 794 0025 3B       		.uleb128 0x3b
 795 0026 0B       		.uleb128 0xb
 796 0027 49       		.uleb128 0x49
 797 0028 13       		.uleb128 0x13
 798 0029 00       		.byte	0
 799 002a 00       		.byte	0
 800 002b 04       		.uleb128 0x4
 801 002c 24       		.uleb128 0x24
 802 002d 00       		.byte	0
 803 002e 0B       		.uleb128 0xb
 804 002f 0B       		.uleb128 0xb
 805 0030 3E       		.uleb128 0x3e
 806 0031 0B       		.uleb128 0xb
 807 0032 03       		.uleb128 0x3
 808 0033 08       		.uleb128 0x8
 809 0034 00       		.byte	0
 810 0035 00       		.byte	0
 811 0036 05       		.uleb128 0x5
 812 0037 16       		.uleb128 0x16
 813 0038 00       		.byte	0
 814 0039 03       		.uleb128 0x3
 815 003a 0E       		.uleb128 0xe
 816 003b 3A       		.uleb128 0x3a
 817 003c 0B       		.uleb128 0xb
 818 003d 3B       		.uleb128 0x3b
 819 003e 05       		.uleb128 0x5
 820 003f 49       		.uleb128 0x49
 821 0040 13       		.uleb128 0x13
 822 0041 00       		.byte	0
 823 0042 00       		.byte	0
 824 0043 06       		.uleb128 0x6
 825 0044 2E       		.uleb128 0x2e
 826 0045 01       		.byte	0x1
 827 0046 3F       		.uleb128 0x3f
 828 0047 19       		.uleb128 0x19
 829 0048 03       		.uleb128 0x3
 830 0049 0E       		.uleb128 0xe
 831 004a 3A       		.uleb128 0x3a
 832 004b 0B       		.uleb128 0xb
 833 004c 3B       		.uleb128 0x3b
 834 004d 0B       		.uleb128 0xb
 835 004e 27       		.uleb128 0x27
 836 004f 19       		.uleb128 0x19
 837 0050 11       		.uleb128 0x11
 838 0051 01       		.uleb128 0x1
ARM GAS  C:\Users\BASILE~1.BER\AppData\Local\Temp\ccBv3HE3.s 			page 17


 839 0052 12       		.uleb128 0x12
 840 0053 06       		.uleb128 0x6
 841 0054 40       		.uleb128 0x40
 842 0055 18       		.uleb128 0x18
 843 0056 9742     		.uleb128 0x2117
 844 0058 19       		.uleb128 0x19
 845 0059 01       		.uleb128 0x1
 846 005a 13       		.uleb128 0x13
 847 005b 00       		.byte	0
 848 005c 00       		.byte	0
 849 005d 07       		.uleb128 0x7
 850 005e 0B       		.uleb128 0xb
 851 005f 01       		.byte	0x1
 852 0060 11       		.uleb128 0x11
 853 0061 01       		.uleb128 0x1
 854 0062 12       		.uleb128 0x12
 855 0063 06       		.uleb128 0x6
 856 0064 00       		.byte	0
 857 0065 00       		.byte	0
 858 0066 08       		.uleb128 0x8
 859 0067 34       		.uleb128 0x34
 860 0068 00       		.byte	0
 861 0069 03       		.uleb128 0x3
 862 006a 08       		.uleb128 0x8
 863 006b 3A       		.uleb128 0x3a
 864 006c 0B       		.uleb128 0xb
 865 006d 3B       		.uleb128 0x3b
 866 006e 0B       		.uleb128 0xb
 867 006f 49       		.uleb128 0x49
 868 0070 13       		.uleb128 0x13
 869 0071 02       		.uleb128 0x2
 870 0072 17       		.uleb128 0x17
 871 0073 00       		.byte	0
 872 0074 00       		.byte	0
 873 0075 09       		.uleb128 0x9
 874 0076 0B       		.uleb128 0xb
 875 0077 01       		.byte	0x1
 876 0078 11       		.uleb128 0x11
 877 0079 01       		.uleb128 0x1
 878 007a 12       		.uleb128 0x12
 879 007b 06       		.uleb128 0x6
 880 007c 01       		.uleb128 0x1
 881 007d 13       		.uleb128 0x13
 882 007e 00       		.byte	0
 883 007f 00       		.byte	0
 884 0080 0A       		.uleb128 0xa
 885 0081 34       		.uleb128 0x34
 886 0082 00       		.byte	0
 887 0083 03       		.uleb128 0x3
 888 0084 0E       		.uleb128 0xe
 889 0085 3A       		.uleb128 0x3a
 890 0086 0B       		.uleb128 0xb
 891 0087 3B       		.uleb128 0x3b
 892 0088 0B       		.uleb128 0xb
 893 0089 49       		.uleb128 0x49
 894 008a 13       		.uleb128 0x13
 895 008b 02       		.uleb128 0x2
ARM GAS  C:\Users\BASILE~1.BER\AppData\Local\Temp\ccBv3HE3.s 			page 18


 896 008c 17       		.uleb128 0x17
 897 008d 00       		.byte	0
 898 008e 00       		.byte	0
 899 008f 0B       		.uleb128 0xb
 900 0090 898201   		.uleb128 0x4109
 901 0093 01       		.byte	0x1
 902 0094 11       		.uleb128 0x11
 903 0095 01       		.uleb128 0x1
 904 0096 31       		.uleb128 0x31
 905 0097 13       		.uleb128 0x13
 906 0098 00       		.byte	0
 907 0099 00       		.byte	0
 908 009a 0C       		.uleb128 0xc
 909 009b 8A8201   		.uleb128 0x410a
 910 009e 00       		.byte	0
 911 009f 02       		.uleb128 0x2
 912 00a0 18       		.uleb128 0x18
 913 00a1 9142     		.uleb128 0x2111
 914 00a3 18       		.uleb128 0x18
 915 00a4 00       		.byte	0
 916 00a5 00       		.byte	0
 917 00a6 0D       		.uleb128 0xd
 918 00a7 2E       		.uleb128 0x2e
 919 00a8 01       		.byte	0x1
 920 00a9 3F       		.uleb128 0x3f
 921 00aa 19       		.uleb128 0x19
 922 00ab 03       		.uleb128 0x3
 923 00ac 0E       		.uleb128 0xe
 924 00ad 3A       		.uleb128 0x3a
 925 00ae 0B       		.uleb128 0xb
 926 00af 3B       		.uleb128 0x3b
 927 00b0 0B       		.uleb128 0xb
 928 00b1 27       		.uleb128 0x27
 929 00b2 19       		.uleb128 0x19
 930 00b3 49       		.uleb128 0x49
 931 00b4 13       		.uleb128 0x13
 932 00b5 11       		.uleb128 0x11
 933 00b6 01       		.uleb128 0x1
 934 00b7 12       		.uleb128 0x12
 935 00b8 06       		.uleb128 0x6
 936 00b9 40       		.uleb128 0x40
 937 00ba 18       		.uleb128 0x18
 938 00bb 9742     		.uleb128 0x2117
 939 00bd 19       		.uleb128 0x19
 940 00be 01       		.uleb128 0x1
 941 00bf 13       		.uleb128 0x13
 942 00c0 00       		.byte	0
 943 00c1 00       		.byte	0
 944 00c2 0E       		.uleb128 0xe
 945 00c3 898201   		.uleb128 0x4109
 946 00c6 01       		.byte	0x1
 947 00c7 11       		.uleb128 0x11
 948 00c8 01       		.uleb128 0x1
 949 00c9 31       		.uleb128 0x31
 950 00ca 13       		.uleb128 0x13
 951 00cb 01       		.uleb128 0x1
 952 00cc 13       		.uleb128 0x13
ARM GAS  C:\Users\BASILE~1.BER\AppData\Local\Temp\ccBv3HE3.s 			page 19


 953 00cd 00       		.byte	0
 954 00ce 00       		.byte	0
 955 00cf 0F       		.uleb128 0xf
 956 00d0 898201   		.uleb128 0x4109
 957 00d3 00       		.byte	0
 958 00d4 11       		.uleb128 0x11
 959 00d5 01       		.uleb128 0x1
 960 00d6 31       		.uleb128 0x31
 961 00d7 13       		.uleb128 0x13
 962 00d8 00       		.byte	0
 963 00d9 00       		.byte	0
 964 00da 10       		.uleb128 0x10
 965 00db 05       		.uleb128 0x5
 966 00dc 00       		.byte	0
 967 00dd 03       		.uleb128 0x3
 968 00de 0E       		.uleb128 0xe
 969 00df 3A       		.uleb128 0x3a
 970 00e0 0B       		.uleb128 0xb
 971 00e1 3B       		.uleb128 0x3b
 972 00e2 0B       		.uleb128 0xb
 973 00e3 49       		.uleb128 0x49
 974 00e4 13       		.uleb128 0x13
 975 00e5 02       		.uleb128 0x2
 976 00e6 18       		.uleb128 0x18
 977 00e7 00       		.byte	0
 978 00e8 00       		.byte	0
 979 00e9 11       		.uleb128 0x11
 980 00ea 0F       		.uleb128 0xf
 981 00eb 00       		.byte	0
 982 00ec 0B       		.uleb128 0xb
 983 00ed 0B       		.uleb128 0xb
 984 00ee 49       		.uleb128 0x49
 985 00ef 13       		.uleb128 0x13
 986 00f0 00       		.byte	0
 987 00f1 00       		.byte	0
 988 00f2 12       		.uleb128 0x12
 989 00f3 05       		.uleb128 0x5
 990 00f4 00       		.byte	0
 991 00f5 03       		.uleb128 0x3
 992 00f6 0E       		.uleb128 0xe
 993 00f7 3A       		.uleb128 0x3a
 994 00f8 0B       		.uleb128 0xb
 995 00f9 3B       		.uleb128 0x3b
 996 00fa 0B       		.uleb128 0xb
 997 00fb 49       		.uleb128 0x49
 998 00fc 13       		.uleb128 0x13
 999 00fd 02       		.uleb128 0x2
 1000 00fe 17       		.uleb128 0x17
 1001 00ff 00       		.byte	0
 1002 0100 00       		.byte	0
 1003 0101 13       		.uleb128 0x13
 1004 0102 34       		.uleb128 0x34
 1005 0103 00       		.byte	0
 1006 0104 03       		.uleb128 0x3
 1007 0105 0E       		.uleb128 0xe
 1008 0106 3A       		.uleb128 0x3a
 1009 0107 0B       		.uleb128 0xb
ARM GAS  C:\Users\BASILE~1.BER\AppData\Local\Temp\ccBv3HE3.s 			page 20


 1010 0108 3B       		.uleb128 0x3b
 1011 0109 0B       		.uleb128 0xb
 1012 010a 49       		.uleb128 0x49
 1013 010b 13       		.uleb128 0x13
 1014 010c 02       		.uleb128 0x2
 1015 010d 18       		.uleb128 0x18
 1016 010e 00       		.byte	0
 1017 010f 00       		.byte	0
 1018 0110 14       		.uleb128 0x14
 1019 0111 0B       		.uleb128 0xb
 1020 0112 01       		.byte	0x1
 1021 0113 55       		.uleb128 0x55
 1022 0114 17       		.uleb128 0x17
 1023 0115 00       		.byte	0
 1024 0116 00       		.byte	0
 1025 0117 15       		.uleb128 0x15
 1026 0118 01       		.uleb128 0x1
 1027 0119 01       		.byte	0x1
 1028 011a 49       		.uleb128 0x49
 1029 011b 13       		.uleb128 0x13
 1030 011c 01       		.uleb128 0x1
 1031 011d 13       		.uleb128 0x13
 1032 011e 00       		.byte	0
 1033 011f 00       		.byte	0
 1034 0120 16       		.uleb128 0x16
 1035 0121 21       		.uleb128 0x21
 1036 0122 00       		.byte	0
 1037 0123 49       		.uleb128 0x49
 1038 0124 13       		.uleb128 0x13
 1039 0125 2F       		.uleb128 0x2f
 1040 0126 0B       		.uleb128 0xb
 1041 0127 00       		.byte	0
 1042 0128 00       		.byte	0
 1043 0129 17       		.uleb128 0x17
 1044 012a 34       		.uleb128 0x34
 1045 012b 00       		.byte	0
 1046 012c 03       		.uleb128 0x3
 1047 012d 0E       		.uleb128 0xe
 1048 012e 3A       		.uleb128 0x3a
 1049 012f 0B       		.uleb128 0xb
 1050 0130 3B       		.uleb128 0x3b
 1051 0131 0B       		.uleb128 0xb
 1052 0132 49       		.uleb128 0x49
 1053 0133 13       		.uleb128 0x13
 1054 0134 3F       		.uleb128 0x3f
 1055 0135 19       		.uleb128 0x19
 1056 0136 02       		.uleb128 0x2
 1057 0137 18       		.uleb128 0x18
 1058 0138 00       		.byte	0
 1059 0139 00       		.byte	0
 1060 013a 18       		.uleb128 0x18
 1061 013b 34       		.uleb128 0x34
 1062 013c 00       		.byte	0
 1063 013d 03       		.uleb128 0x3
 1064 013e 0E       		.uleb128 0xe
 1065 013f 3A       		.uleb128 0x3a
 1066 0140 0B       		.uleb128 0xb
ARM GAS  C:\Users\BASILE~1.BER\AppData\Local\Temp\ccBv3HE3.s 			page 21


 1067 0141 3B       		.uleb128 0x3b
 1068 0142 05       		.uleb128 0x5
 1069 0143 49       		.uleb128 0x49
 1070 0144 13       		.uleb128 0x13
 1071 0145 3F       		.uleb128 0x3f
 1072 0146 19       		.uleb128 0x19
 1073 0147 3C       		.uleb128 0x3c
 1074 0148 19       		.uleb128 0x19
 1075 0149 00       		.byte	0
 1076 014a 00       		.byte	0
 1077 014b 19       		.uleb128 0x19
 1078 014c 35       		.uleb128 0x35
 1079 014d 00       		.byte	0
 1080 014e 49       		.uleb128 0x49
 1081 014f 13       		.uleb128 0x13
 1082 0150 00       		.byte	0
 1083 0151 00       		.byte	0
 1084 0152 1A       		.uleb128 0x1a
 1085 0153 2E       		.uleb128 0x2e
 1086 0154 00       		.byte	0
 1087 0155 3F       		.uleb128 0x3f
 1088 0156 19       		.uleb128 0x19
 1089 0157 3C       		.uleb128 0x3c
 1090 0158 19       		.uleb128 0x19
 1091 0159 6E       		.uleb128 0x6e
 1092 015a 0E       		.uleb128 0xe
 1093 015b 03       		.uleb128 0x3
 1094 015c 0E       		.uleb128 0xe
 1095 015d 3A       		.uleb128 0x3a
 1096 015e 0B       		.uleb128 0xb
 1097 015f 3B       		.uleb128 0x3b
 1098 0160 0B       		.uleb128 0xb
 1099 0161 00       		.byte	0
 1100 0162 00       		.byte	0
 1101 0163 00       		.byte	0
 1102              		.section	.debug_loc,"",%progbits
 1103              	.Ldebug_loc0:
 1104              	.LLST0:
 1105 0000 08000000 		.4byte	.LVL0
 1106 0004 0A000000 		.4byte	.LVL1
 1107 0008 0200     		.2byte	0x2
 1108 000a 30       		.byte	0x30
 1109 000b 9F       		.byte	0x9f
 1110 000c 0A000000 		.4byte	.LVL1
 1111 0010 32000000 		.4byte	.LVL7
 1112 0014 0100     		.2byte	0x1
 1113 0016 54       		.byte	0x54
 1114 0017 00000000 		.4byte	0
 1115 001b 00000000 		.4byte	0
 1116              	.LLST1:
 1117 001f 22000000 		.4byte	.LVL4
 1118 0023 28000000 		.4byte	.LVL5
 1119 0027 0100     		.2byte	0x1
 1120 0029 50       		.byte	0x50
 1121 002a 00000000 		.4byte	0
 1122 002e 00000000 		.4byte	0
 1123              	.LLST2:
ARM GAS  C:\Users\BASILE~1.BER\AppData\Local\Temp\ccBv3HE3.s 			page 22


 1124 0032 02000000 		.4byte	.LVL15
 1125 0036 06000000 		.4byte	.LVL16
 1126 003a 0200     		.2byte	0x2
 1127 003c 33       		.byte	0x33
 1128 003d 9F       		.byte	0x9f
 1129 003e 06000000 		.4byte	.LVL16
 1130 0042 20000000 		.4byte	.LFE65
 1131 0046 0100     		.2byte	0x1
 1132 0048 53       		.byte	0x53
 1133 0049 00000000 		.4byte	0
 1134 004d 00000000 		.4byte	0
 1135              	.LLST3:
 1136 0051 0C000000 		.4byte	.LVL17
 1137 0055 12000000 		.4byte	.LVL18
 1138 0059 0100     		.2byte	0x1
 1139 005b 54       		.byte	0x54
 1140 005c 00000000 		.4byte	0
 1141 0060 00000000 		.4byte	0
 1142              	.LLST4:
 1143 0064 00000000 		.4byte	.LVL19
 1144 0068 0C000000 		.4byte	.LVL20
 1145 006c 0100     		.2byte	0x1
 1146 006e 50       		.byte	0x50
 1147 006f 0C000000 		.4byte	.LVL20
 1148 0073 50000000 		.4byte	.LVL27
 1149 0077 0100     		.2byte	0x1
 1150 0079 54       		.byte	0x54
 1151 007a 50000000 		.4byte	.LVL27
 1152 007e 5C000000 		.4byte	.LFE66
 1153 0082 0400     		.2byte	0x4
 1154 0084 F3       		.byte	0xf3
 1155 0085 01       		.uleb128 0x1
 1156 0086 50       		.byte	0x50
 1157 0087 9F       		.byte	0x9f
 1158 0088 00000000 		.4byte	0
 1159 008c 00000000 		.4byte	0
 1160              	.LLST5:
 1161 0090 14000000 		.4byte	.LVL21
 1162 0094 18000000 		.4byte	.LVL22
 1163 0098 0200     		.2byte	0x2
 1164 009a 30       		.byte	0x30
 1165 009b 9F       		.byte	0x9f
 1166 009c 18000000 		.4byte	.LVL22
 1167 00a0 5C000000 		.4byte	.LFE66
 1168 00a4 0100     		.2byte	0x1
 1169 00a6 51       		.byte	0x51
 1170 00a7 00000000 		.4byte	0
 1171 00ab 00000000 		.4byte	0
 1172              	.LLST6:
 1173 00af 18000000 		.4byte	.LVL22
 1174 00b3 38000000 		.4byte	.LVL24
 1175 00b7 0100     		.2byte	0x1
 1176 00b9 53       		.byte	0x53
 1177 00ba 3A000000 		.4byte	.LVL25
 1178 00be 40000000 		.4byte	.LVL26
 1179 00c2 0100     		.2byte	0x1
 1180 00c4 53       		.byte	0x53
ARM GAS  C:\Users\BASILE~1.BER\AppData\Local\Temp\ccBv3HE3.s 			page 23


 1181 00c5 00000000 		.4byte	0
 1182 00c9 00000000 		.4byte	0
 1183              		.section	.debug_aranges,"",%progbits
 1184 0000 34000000 		.4byte	0x34
 1185 0004 0200     		.2byte	0x2
 1186 0006 00000000 		.4byte	.Ldebug_info0
 1187 000a 04       		.byte	0x4
 1188 000b 00       		.byte	0
 1189 000c 0000     		.2byte	0
 1190 000e 0000     		.2byte	0
 1191 0010 00000000 		.4byte	.LFB63
 1192 0014 3C000000 		.4byte	.LFE63-.LFB63
 1193 0018 00000000 		.4byte	.LFB64
 1194 001c 2C000000 		.4byte	.LFE64-.LFB64
 1195 0020 00000000 		.4byte	.LFB65
 1196 0024 20000000 		.4byte	.LFE65-.LFB65
 1197 0028 00000000 		.4byte	.LFB66
 1198 002c 5C000000 		.4byte	.LFE66-.LFB66
 1199 0030 00000000 		.4byte	0
 1200 0034 00000000 		.4byte	0
 1201              		.section	.debug_ranges,"",%progbits
 1202              	.Ldebug_ranges0:
 1203 0000 18000000 		.4byte	.LBB7
 1204 0004 38000000 		.4byte	.LBE7
 1205 0008 3A000000 		.4byte	.LBB8
 1206 000c 3E000000 		.4byte	.LBE8
 1207 0010 00000000 		.4byte	0
 1208 0014 00000000 		.4byte	0
 1209 0018 00000000 		.4byte	.LFB63
 1210 001c 3C000000 		.4byte	.LFE63
 1211 0020 00000000 		.4byte	.LFB64
 1212 0024 2C000000 		.4byte	.LFE64
 1213 0028 00000000 		.4byte	.LFB65
 1214 002c 20000000 		.4byte	.LFE65
 1215 0030 00000000 		.4byte	.LFB66
 1216 0034 5C000000 		.4byte	.LFE66
 1217 0038 00000000 		.4byte	0
 1218 003c 00000000 		.4byte	0
 1219              		.section	.debug_line,"",%progbits
 1220              	.Ldebug_line0:
 1221 0000 44020000 		.section	.debug_str,"MS",%progbits,1
 1221      0200A501 
 1221      00000201 
 1221      FB0E0D00 
 1221      01010101 
 1222              	.LASF24:
 1223 0000 62657265 		.ascii	"berekenMediaan\000"
 1223      6B656E4D 
 1223      65646961 
 1223      616E00
 1224              	.LASF9:
 1225 000f 5F5F696E 		.ascii	"__int32_t\000"
 1225      7433325F 
 1225      7400
 1226              	.LASF32:
 1227 0019 6D656469 		.ascii	"mediaan\000"
 1227      61616E00 
ARM GAS  C:\Users\BASILE~1.BER\AppData\Local\Temp\ccBv3HE3.s 			page 24


 1228              	.LASF48:
 1229 0021 72656164 		.ascii	"readUSValue\000"
 1229      55535661 
 1229      6C756500 
 1230              	.LASF43:
 1231 002d 73746174 		.ascii	"statusEcho_Read\000"
 1231      75734563 
 1231      686F5F52 
 1231      65616400 
 1232              	.LASF35:
 1233 003d 61766755 		.ascii	"avgUS2\000"
 1233      533200
 1234              	.LASF36:
 1235 0044 61766755 		.ascii	"avgUS3\000"
 1235      533300
 1236              	.LASF26:
 1237 004b 70776D4D 		.ascii	"pwmMotorLinks\000"
 1237      6F746F72 
 1237      4C696E6B 
 1237      7300
 1238              	.LASF20:
 1239 0059 73636875 		.ascii	"schuifRegister\000"
 1239      69665265 
 1239      67697374 
 1239      657200
 1240              	.LASF33:
 1241 0068 73656C65 		.ascii	"selectUS\000"
 1241      63745553 
 1241      00
 1242              	.LASF13:
 1243 0071 666C6F61 		.ascii	"float\000"
 1243      7400
 1244              	.LASF1:
 1245 0077 756E7369 		.ascii	"unsigned char\000"
 1245      676E6564 
 1245      20636861 
 1245      7200
 1246              	.LASF45:
 1247 0085 474E5520 		.ascii	"GNU C11 5.4.1 20160609 (release) [ARM/embedded-5-br"
 1247      43313120 
 1247      352E342E 
 1247      31203230 
 1247      31363036 
 1248 00b8 616E6368 		.ascii	"anch revision 237715] -mcpu=cortex-m3 -mthumb -g -O"
 1248      20726576 
 1248      6973696F 
 1248      6E203233 
 1248      37373135 
 1249 00eb 67202D66 		.ascii	"g -ffunction-sections -ffat-lto-objects\000"
 1249      66756E63 
 1249      74696F6E 
 1249      2D736563 
 1249      74696F6E 
 1250              	.LASF19:
 1251 0113 49525365 		.ascii	"IRSensoren\000"
 1251      6E736F72 
 1251      656E00
ARM GAS  C:\Users\BASILE~1.BER\AppData\Local\Temp\ccBv3HE3.s 			page 25


 1252              	.LASF25:
 1253 011e 746D7041 		.ascii	"tmpArray\000"
 1253      72726179 
 1253      00
 1254              	.LASF5:
 1255 0127 6C6F6E67 		.ascii	"long unsigned int\000"
 1255      20756E73 
 1255      69676E65 
 1255      6420696E 
 1255      7400
 1256              	.LASF3:
 1257 0139 73686F72 		.ascii	"short unsigned int\000"
 1257      7420756E 
 1257      7369676E 
 1257      65642069 
 1257      6E7400
 1258              	.LASF21:
 1259 014c 61727261 		.ascii	"array\000"
 1259      7900
 1260              	.LASF38:
 1261 0152 49544D5F 		.ascii	"ITM_RxBuffer\000"
 1261      52784275 
 1261      66666572 
 1261      00
 1262              	.LASF30:
 1263 015f 49524472 		.ascii	"IRDrempel\000"
 1263      656D7065 
 1263      6C00
 1264              	.LASF14:
 1265 0169 646F7562 		.ascii	"double\000"
 1265      6C6500
 1266              	.LASF12:
 1267 0170 75696E74 		.ascii	"uint16\000"
 1267      313600
 1268              	.LASF2:
 1269 0177 73686F72 		.ascii	"short int\000"
 1269      7420696E 
 1269      7400
 1270              	.LASF42:
 1271 0181 43794465 		.ascii	"CyDelayUs\000"
 1271      6C617955 
 1271      7300
 1272              	.LASF34:
 1273 018b 61766755 		.ascii	"avgUS1\000"
 1273      533100
 1274              	.LASF40:
 1275 0192 4144435F 		.ascii	"ADC_IR_GetResult16\000"
 1275      49525F47 
 1275      65745265 
 1275      73756C74 
 1275      313600
 1276              	.LASF27:
 1277 01a5 70776D4D 		.ascii	"pwmMotorRechts\000"
 1277      6F746F72 
 1277      52656368 
 1277      747300
 1278              	.LASF8:
ARM GAS  C:\Users\BASILE~1.BER\AppData\Local\Temp\ccBv3HE3.s 			page 26


 1279 01b4 756E7369 		.ascii	"unsigned int\000"
 1279      676E6564 
 1279      20696E74 
 1279      00
 1280              	.LASF7:
 1281 01c1 6C6F6E67 		.ascii	"long long unsigned int\000"
 1281      206C6F6E 
 1281      6720756E 
 1281      7369676E 
 1281      65642069 
 1282              	.LASF29:
 1283 01d8 49525761 		.ascii	"IRWaarden\000"
 1283      61726465 
 1283      6E00
 1284              	.LASF0:
 1285 01e2 7369676E 		.ascii	"signed char\000"
 1285      65642063 
 1285      68617200 
 1286              	.LASF44:
 1287 01ee 54696D65 		.ascii	"TimerUS_ReadCounter\000"
 1287      7255535F 
 1287      52656164 
 1287      436F756E 
 1287      74657200 
 1288              	.LASF10:
 1289 0202 696E7433 		.ascii	"int32_t\000"
 1289      325F7400 
 1290              	.LASF17:
 1291 020a 73697A65 		.ascii	"sizetype\000"
 1291      74797065 
 1291      00
 1292              	.LASF41:
 1293 0213 54726967 		.ascii	"TriggerReg_Write\000"
 1293      67657252 
 1293      65675F57 
 1293      72697465 
 1293      00
 1294              	.LASF6:
 1295 0224 6C6F6E67 		.ascii	"long long int\000"
 1295      206C6F6E 
 1295      6720696E 
 1295      7400
 1296              	.LASF15:
 1297 0232 63686172 		.ascii	"char\000"
 1297      00
 1298              	.LASF28:
 1299 0237 72696368 		.ascii	"richting\000"
 1299      74696E67 
 1299      00
 1300              	.LASF18:
 1301 0240 746D7057 		.ascii	"tmpWaarde\000"
 1301      61617264 
 1301      6500
 1302              	.LASF39:
 1303 024a 6578706F 		.ascii	"exponent\000"
 1303      6E656E74 
 1303      00
ARM GAS  C:\Users\BASILE~1.BER\AppData\Local\Temp\ccBv3HE3.s 			page 27


 1304              	.LASF22:
 1305 0253 6E657756 		.ascii	"newValue\000"
 1305      616C7565 
 1305      00
 1306              	.LASF11:
 1307 025c 75696E74 		.ascii	"uint8\000"
 1307      3800
 1308              	.LASF4:
 1309 0262 6C6F6E67 		.ascii	"long int\000"
 1309      20696E74 
 1309      00
 1310              	.LASF16:
 1311 026b 6C6F6E67 		.ascii	"long double\000"
 1311      20646F75 
 1311      626C6500 
 1312              	.LASF31:
 1313 0277 54657374 		.ascii	"TestGetal\000"
 1313      47657461 
 1313      6C00
 1314              	.LASF46:
 1315 0281 53656E73 		.ascii	"Sensoren.c\000"
 1315      6F72656E 
 1315      2E6300
 1316              	.LASF37:
 1317 028c 626F6F6C 		.ascii	"boolSelect\000"
 1317      53656C65 
 1317      637400
 1318              	.LASF23:
 1319 0297 746D7076 		.ascii	"tmpvalue\000"
 1319      616C7565 
 1319      00
 1320              	.LASF47:
 1321 02a0 433A5C55 		.ascii	"C:\\Users\\basile.berckmoes\\Documents\\GitHub\\Rob"
 1321      73657273 
 1321      5C626173 
 1321      696C652E 
 1321      62657263 
 1322 02ce 6F74436F 		.ascii	"otComp2ELO\\Software\\PSoc\\Roadster\\RoadsterRACEM"
 1322      6D703245 
 1322      4C4F5C53 
 1322      6F667477 
 1322      6172655C 
 1323 02fd 4F44455C 		.ascii	"ODE\\Roadster1.0.cydsn\000"
 1323      526F6164 
 1323      73746572 
 1323      312E302E 
 1323      63796473 
 1324              		.ident	"GCC: (GNU Tools for ARM Embedded Processors) 5.4.1 20160609 (release) [ARM/embedded-5-bran
>>>>>>> 0d9966f82f736fc259921368420d58d37d6db2a4
