ARM GAS  C:\Users\BASILE~1.BER\AppData\Local\Temp\ccrOGN7V.s 			page 1


   1              		.syntax unified
   2              		.cpu cortex-m3
   3              		.fpu softvfp
   4              		.eabi_attribute 20, 1
   5              		.eabi_attribute 21, 1
   6              		.eabi_attribute 23, 3
   7              		.eabi_attribute 24, 1
   8              		.eabi_attribute 25, 1
   9              		.eabi_attribute 26, 1
  10              		.eabi_attribute 30, 1
  11              		.eabi_attribute 34, 1
  12              		.eabi_attribute 18, 4
  13              		.thumb
  14              		.syntax unified
  15              		.file	"BleCommunicatie.c"
  16              		.text
  17              	.Ltext0:
  18              		.cfi_sections	.debug_frame
  19              		.section	.text.sendBleData,"ax",%progbits
  20              		.align	2
  21              		.global	sendBleData
  22              		.thumb
  23              		.thumb_func
  24              		.type	sendBleData, %function
  25              	sendBleData:
  26              	.LFB64:
  27              		.file 1 "BleCommunicatie.c"
   1:BleCommunicatie.c **** /* ========================================
   2:BleCommunicatie.c ****  *
   3:BleCommunicatie.c ****  * Copyright YOUR COMPANY, THE YEAR
   4:BleCommunicatie.c ****  * All Rights Reserved
   5:BleCommunicatie.c ****  * UNPUBLISHED, LICENSED SOFTWARE.
   6:BleCommunicatie.c ****  *
   7:BleCommunicatie.c ****  * CONFIDENTIAL AND PROPRIETARY INFORMATION
   8:BleCommunicatie.c ****  * WHICH IS THE PROPERTY OF your company.
   9:BleCommunicatie.c ****  *
  10:BleCommunicatie.c ****  * ========================================
  11:BleCommunicatie.c **** */
  12:BleCommunicatie.c **** 
  13:BleCommunicatie.c **** #include "projectMain.h"
  14:BleCommunicatie.c **** #include "project.h"
  15:BleCommunicatie.c **** #include "string.h"
  16:BleCommunicatie.c **** #include "stdio.h"
  17:BleCommunicatie.c **** #include "myUART.h"
  18:BleCommunicatie.c **** 
  19:BleCommunicatie.c **** CY_ISR(sendBleData) 
  20:BleCommunicatie.c **** {
  28              		.loc 1 20 0
  29              		.cfi_startproc
  30              		@ args = 0, pretend = 0, frame = 16
  31              		@ frame_needed = 0, uses_anonymous_args = 0
  32 0000 00B5     		push	{lr}
  33              		.cfi_def_cfa_offset 4
  34              		.cfi_offset 14, -4
  35 0002 85B0     		sub	sp, sp, #20
  36              		.cfi_def_cfa_offset 24
  21:BleCommunicatie.c ****     if((valueY > 120 && valueY < 130) && (valueX > 120 && valueX < 130)) {
ARM GAS  C:\Users\BASILE~1.BER\AppData\Local\Temp\ccrOGN7V.s 			page 2


  37              		.loc 1 21 0
  38 0004 3D4B     		ldr	r3, .L11
  39 0006 1A78     		ldrb	r2, [r3]	@ zero_extendqisi2
  40 0008 A2F17903 		sub	r3, r2, #121
  41 000c DBB2     		uxtb	r3, r3
  42 000e 082B     		cmp	r3, #8
  43 0010 0BD8     		bhi	.L2
  44              		.loc 1 21 0 is_stmt 0 discriminator 1
  45 0012 3B4B     		ldr	r3, .L11+4
  46 0014 1B78     		ldrb	r3, [r3]	@ zero_extendqisi2
  47 0016 793B     		subs	r3, r3, #121
  48 0018 DBB2     		uxtb	r3, r3
  49 001a 082B     		cmp	r3, #8
  50 001c 05D8     		bhi	.L2
  22:BleCommunicatie.c ****         pwml = 0;
  51              		.loc 1 22 0 is_stmt 1
  52 001e 0023     		movs	r3, #0
  53 0020 384A     		ldr	r2, .L11+8
  54 0022 1370     		strb	r3, [r2]
  23:BleCommunicatie.c ****         pwmr = 0;
  55              		.loc 1 23 0
  56 0024 384A     		ldr	r2, .L11+12
  57 0026 1370     		strb	r3, [r2]
  58 0028 38E0     		b	.L3
  59              	.L2:
  24:BleCommunicatie.c ****     } else if (valueY > 127) {
  60              		.loc 1 24 0
  61 002a 12F0800F 		tst	r2, #128
  62 002e 35D0     		beq	.L3
  25:BleCommunicatie.c ****         if (valueX > 115 && valueX < 135) {
  63              		.loc 1 25 0
  64 0030 334B     		ldr	r3, .L11+4
  65 0032 1A78     		ldrb	r2, [r3]	@ zero_extendqisi2
  66 0034 A2F17403 		sub	r3, r2, #116
  67 0038 DBB2     		uxtb	r3, r3
  68 003a 122B     		cmp	r3, #18
  69 003c 05D8     		bhi	.L4
  26:BleCommunicatie.c ****             pwml = 80;//(valueY - 127) * 2 - 200;
  70              		.loc 1 26 0
  71 003e 5023     		movs	r3, #80
  72 0040 304A     		ldr	r2, .L11+8
  73 0042 1370     		strb	r3, [r2]
  27:BleCommunicatie.c ****             pwmr = pwml;
  74              		.loc 1 27 0
  75 0044 304A     		ldr	r2, .L11+12
  76 0046 1370     		strb	r3, [r2]
  77 0048 28E0     		b	.L3
  78              	.L4:
  28:BleCommunicatie.c ****         } else if (valueX > 124 && valueX < 192) {
  79              		.loc 1 28 0
  80 004a A2F17D03 		sub	r3, r2, #125
  81 004e DBB2     		uxtb	r3, r3
  82 0050 422B     		cmp	r3, #66
  83 0052 06D8     		bhi	.L5
  29:BleCommunicatie.c ****             pwmr = 80;//255 - 200;
  84              		.loc 1 29 0
  85 0054 5022     		movs	r2, #80
ARM GAS  C:\Users\BASILE~1.BER\AppData\Local\Temp\ccrOGN7V.s 			page 3


  86 0056 2C4B     		ldr	r3, .L11+12
  87 0058 1A70     		strb	r2, [r3]
  30:BleCommunicatie.c ****             //pwmr = 45;//(valueX - 125) * 2 - 200;
  31:BleCommunicatie.c ****             pwml = 60;
  88              		.loc 1 31 0
  89 005a 3C22     		movs	r2, #60
  90 005c 294B     		ldr	r3, .L11+8
  91 005e 1A70     		strb	r2, [r3]
  92 0060 1CE0     		b	.L3
  93              	.L5:
  32:BleCommunicatie.c ****         } 
  33:BleCommunicatie.c ****         else if (valueX > 192) {
  94              		.loc 1 33 0
  95 0062 C02A     		cmp	r2, #192
  96 0064 06D9     		bls	.L6
  34:BleCommunicatie.c ****             pwmr = 80;//255 - 200;
  97              		.loc 1 34 0
  98 0066 5022     		movs	r2, #80
  99 0068 274B     		ldr	r3, .L11+12
 100 006a 1A70     		strb	r2, [r3]
  35:BleCommunicatie.c ****             //pwmr = 45;//(valueX - 125) * 2 - 200;
  36:BleCommunicatie.c ****             pwml = 25;
 101              		.loc 1 36 0
 102 006c 1922     		movs	r2, #25
 103 006e 254B     		ldr	r3, .L11+8
 104 0070 1A70     		strb	r2, [r3]
 105 0072 13E0     		b	.L3
 106              	.L6:
  37:BleCommunicatie.c ****         }  else if (valueX < 124 && valueX > 64) {
 107              		.loc 1 37 0
 108 0074 A2F14103 		sub	r3, r2, #65
 109 0078 DBB2     		uxtb	r3, r3
 110 007a 3A2B     		cmp	r3, #58
 111 007c 06D8     		bhi	.L7
  38:BleCommunicatie.c ****             pwml = 80;//255 - 200;
 112              		.loc 1 38 0
 113 007e 5022     		movs	r2, #80
 114 0080 204B     		ldr	r3, .L11+8
 115 0082 1A70     		strb	r2, [r3]
  39:BleCommunicatie.c ****             //else pwml = 45;//valueX * 2 - 200;
  40:BleCommunicatie.c ****             pwmr = 50;
 116              		.loc 1 40 0
 117 0084 3222     		movs	r2, #50
 118 0086 204B     		ldr	r3, .L11+12
 119 0088 1A70     		strb	r2, [r3]
 120 008a 07E0     		b	.L3
 121              	.L7:
  41:BleCommunicatie.c ****         }  else if (valueX < 64) {
 122              		.loc 1 41 0
 123 008c 3F2A     		cmp	r2, #63
 124 008e 05D8     		bhi	.L3
  42:BleCommunicatie.c ****             pwml = 80;//255 - 200;
 125              		.loc 1 42 0
 126 0090 5022     		movs	r2, #80
 127 0092 1C4B     		ldr	r3, .L11+8
 128 0094 1A70     		strb	r2, [r3]
  43:BleCommunicatie.c ****             //else pwml = 45;//valueX * 2 - 200;
ARM GAS  C:\Users\BASILE~1.BER\AppData\Local\Temp\ccrOGN7V.s 			page 4


  44:BleCommunicatie.c ****             pwmr = 25;
 129              		.loc 1 44 0
 130 0096 1922     		movs	r2, #25
 131 0098 1B4B     		ldr	r3, .L11+12
 132 009a 1A70     		strb	r2, [r3]
 133              	.L3:
  45:BleCommunicatie.c ****         }
  46:BleCommunicatie.c ****     }
  47:BleCommunicatie.c ****     
  48:BleCommunicatie.c ****     if (pwml > 110 || pwmr > 110) {
 134              		.loc 1 48 0
 135 009c 194B     		ldr	r3, .L11+8
 136 009e 1B78     		ldrb	r3, [r3]	@ zero_extendqisi2
 137 00a0 6E2B     		cmp	r3, #110
 138 00a2 03D8     		bhi	.L8
 139              		.loc 1 48 0 is_stmt 0 discriminator 1
 140 00a4 184B     		ldr	r3, .L11+12
 141 00a6 1B78     		ldrb	r3, [r3]	@ zero_extendqisi2
 142 00a8 6E2B     		cmp	r3, #110
 143 00aa 04D9     		bls	.L9
 144              	.L8:
  49:BleCommunicatie.c ****         pwml = 0;
 145              		.loc 1 49 0 is_stmt 1
 146 00ac 0023     		movs	r3, #0
 147 00ae 154A     		ldr	r2, .L11+8
 148 00b0 1370     		strb	r3, [r2]
  50:BleCommunicatie.c ****         pwmr = 0;
 149              		.loc 1 50 0
 150 00b2 154A     		ldr	r2, .L11+12
 151 00b4 1370     		strb	r3, [r2]
 152              	.L9:
  51:BleCommunicatie.c ****     }
  52:BleCommunicatie.c ****     
  53:BleCommunicatie.c ****     char strBuffer[10];
  54:BleCommunicatie.c ****     
  55:BleCommunicatie.c **** ////////    sprintf(strBuffer, "L/%u/\r\n", pwml);
  56:BleCommunicatie.c **** ////////    puttyUart1_PutString(strBuffer);
  57:BleCommunicatie.c **** ////////    sprintf(strBuffer, "R/%u/\r\n", pwmr);
  58:BleCommunicatie.c **** ////////    puttyUart1_PutString(strBuffer);
  59:BleCommunicatie.c ****     char hexDecBuffer[2];
  60:BleCommunicatie.c ****     DecToHex(pwml, hexDecBuffer);
 153              		.loc 1 60 0
 154 00b6 6946     		mov	r1, sp
 155 00b8 124B     		ldr	r3, .L11+8
 156 00ba 1878     		ldrb	r0, [r3]	@ zero_extendqisi2
 157 00bc FFF7FEFF 		bl	DecToHex
 158              	.LVL0:
  61:BleCommunicatie.c ****     sprintf(strBuffer, "L/%s/\r\n", hexDecBuffer); 
 159              		.loc 1 61 0
 160 00c0 6A46     		mov	r2, sp
 161 00c2 1249     		ldr	r1, .L11+16
 162 00c4 01A8     		add	r0, sp, #4
 163 00c6 FFF7FEFF 		bl	sprintf
 164              	.LVL1:
  62:BleCommunicatie.c ****     bleUart1_PutString(strBuffer);
 165              		.loc 1 62 0
 166 00ca 01A8     		add	r0, sp, #4
ARM GAS  C:\Users\BASILE~1.BER\AppData\Local\Temp\ccrOGN7V.s 			page 5


 167 00cc FFF7FEFF 		bl	bleUart1_PutString
 168              	.LVL2:
  63:BleCommunicatie.c ****     puttyUart1_PutString(strBuffer);
 169              		.loc 1 63 0
 170 00d0 01A8     		add	r0, sp, #4
 171 00d2 FFF7FEFF 		bl	puttyUart1_PutString
 172              	.LVL3:
  64:BleCommunicatie.c ****     
  65:BleCommunicatie.c ****     DecToHex(pwmr, hexDecBuffer);
 173              		.loc 1 65 0
 174 00d6 6946     		mov	r1, sp
 175 00d8 0B4B     		ldr	r3, .L11+12
 176 00da 1878     		ldrb	r0, [r3]	@ zero_extendqisi2
 177 00dc FFF7FEFF 		bl	DecToHex
 178              	.LVL4:
  66:BleCommunicatie.c ****     sprintf(strBuffer, "R/%s/\r\n",hexDecBuffer); 
 179              		.loc 1 66 0
 180 00e0 6A46     		mov	r2, sp
 181 00e2 0B49     		ldr	r1, .L11+20
 182 00e4 01A8     		add	r0, sp, #4
 183 00e6 FFF7FEFF 		bl	sprintf
 184              	.LVL5:
  67:BleCommunicatie.c ****     bleUart1_PutString(strBuffer);
 185              		.loc 1 67 0
 186 00ea 01A8     		add	r0, sp, #4
 187 00ec FFF7FEFF 		bl	bleUart1_PutString
 188              	.LVL6:
  68:BleCommunicatie.c ****     puttyUart1_PutString(strBuffer);
 189              		.loc 1 68 0
 190 00f0 01A8     		add	r0, sp, #4
 191 00f2 FFF7FEFF 		bl	puttyUart1_PutString
 192              	.LVL7:
  69:BleCommunicatie.c **** }
 193              		.loc 1 69 0
 194 00f6 05B0     		add	sp, sp, #20
 195              		.cfi_def_cfa_offset 4
 196              		@ sp needed
 197 00f8 5DF804FB 		ldr	pc, [sp], #4
 198              	.L12:
 199              		.align	2
 200              	.L11:
 201 00fc 00000000 		.word	valueY
 202 0100 00000000 		.word	valueX
 203 0104 00000000 		.word	pwml
 204 0108 00000000 		.word	pwmr
 205 010c 00000000 		.word	.LC0
 206 0110 08000000 		.word	.LC1
 207              		.cfi_endproc
 208              	.LFE64:
 209              		.size	sendBleData, .-sendBleData
 210              		.section	.text.ProcessCommandMsg,"ax",%progbits
 211              		.align	2
 212              		.global	ProcessCommandMsg
 213              		.thumb
 214              		.thumb_func
 215              		.type	ProcessCommandMsg, %function
 216              	ProcessCommandMsg:
ARM GAS  C:\Users\BASILE~1.BER\AppData\Local\Temp\ccrOGN7V.s 			page 6


 217              	.LFB65:
  70:BleCommunicatie.c **** 
  71:BleCommunicatie.c **** void ProcessCommandMsg(void)
  72:BleCommunicatie.c **** {
 218              		.loc 1 72 0
 219              		.cfi_startproc
 220              		@ args = 0, pretend = 0, frame = 8
 221              		@ frame_needed = 0, uses_anonymous_args = 0
 222 0000 10B5     		push	{r4, lr}
 223              		.cfi_def_cfa_offset 8
 224              		.cfi_offset 4, -8
 225              		.cfi_offset 14, -4
 226 0002 82B0     		sub	sp, sp, #8
 227              		.cfi_def_cfa_offset 16
  73:BleCommunicatie.c ****     char hexInputBuffer[2];
  74:BleCommunicatie.c ****     if (RB.cmd == 'I')
 228              		.loc 1 74 0
 229 0004 0F4B     		ldr	r3, .L17
 230 0006 1B78     		ldrb	r3, [r3]	@ zero_extendqisi2
 231 0008 492B     		cmp	r3, #73
 232 000a 10D1     		bne	.L14
  75:BleCommunicatie.c ****     {  
  76:BleCommunicatie.c ****         IRWaarden = getCMDValue('/', RB.valstr, hexInputBuffer);
 233              		.loc 1 76 0
 234 000c 01AA     		add	r2, sp, #4
 235 000e 0E49     		ldr	r1, .L17+4
 236 0010 2F20     		movs	r0, #47
 237 0012 FFF7FEFF 		bl	getCMDValue
 238              	.LVL8:
 239 0016 0246     		mov	r2, r0
 240 0018 0C4B     		ldr	r3, .L17+8
 241 001a 1870     		strb	r0, [r3]
  77:BleCommunicatie.c ****         sprintf(strMsg1,"IRWaarde=%u\r", IRWaarden); 
 242              		.loc 1 77 0
 243 001c 0C4C     		ldr	r4, .L17+12
 244 001e 0D49     		ldr	r1, .L17+16
 245 0020 2046     		mov	r0, r4
 246 0022 FFF7FEFF 		bl	sprintf
 247              	.LVL9:
  78:BleCommunicatie.c ****         puttyUart1_PutString(strMsg1);
 248              		.loc 1 78 0
 249 0026 2046     		mov	r0, r4
 250 0028 FFF7FEFF 		bl	puttyUart1_PutString
 251              	.LVL10:
 252 002c 08E0     		b	.L13
 253              	.L14:
  79:BleCommunicatie.c **** 
  80:BleCommunicatie.c ****     } 
  81:BleCommunicatie.c ****     else if (RB.cmd == 'T')
 254              		.loc 1 81 0
 255 002e 542B     		cmp	r3, #84
 256 0030 06D1     		bne	.L13
  82:BleCommunicatie.c ****     {
  83:BleCommunicatie.c ****         TestGetal = getCMDValue('/', RB.valstr, hexInputBuffer);
 257              		.loc 1 83 0
 258 0032 01AA     		add	r2, sp, #4
 259 0034 0449     		ldr	r1, .L17+4
ARM GAS  C:\Users\BASILE~1.BER\AppData\Local\Temp\ccrOGN7V.s 			page 7


 260 0036 2F20     		movs	r0, #47
 261 0038 FFF7FEFF 		bl	getCMDValue
 262              	.LVL11:
 263 003c 064B     		ldr	r3, .L17+20
 264 003e 1870     		strb	r0, [r3]
 265              	.L13:
  84:BleCommunicatie.c ****         //sprintf(strMsg1,"TestGetal=%u\r\n", TestGetal); 
  85:BleCommunicatie.c **** //        puttyUart1_PutString(strMsg1);
  86:BleCommunicatie.c ****     }
  87:BleCommunicatie.c **** }
 266              		.loc 1 87 0
 267 0040 02B0     		add	sp, sp, #8
 268              		.cfi_def_cfa_offset 8
 269              		@ sp needed
 270 0042 10BD     		pop	{r4, pc}
 271              	.L18:
 272              		.align	2
 273              	.L17:
 274 0044 00000000 		.word	RB
 275 0048 01000000 		.word	RB+1
 276 004c 00000000 		.word	IRWaarden
 277 0050 00000000 		.word	strMsg1
 278 0054 10000000 		.word	.LC2
 279 0058 00000000 		.word	TestGetal
 280              		.cfi_endproc
 281              	.LFE65:
 282              		.size	ProcessCommandMsg, .-ProcessCommandMsg
 283              		.comm	RB,20,4
 284              		.comm	IRWaarden,1,1
 285              		.comm	TestGetal,1,1
 286              		.comm	strMsg1,64,4
 287              		.comm	pwmr,1,1
 288              		.comm	pwml,1,1
 289              		.comm	valueY,1,1
 290              		.comm	valueX,1,1
 291              		.section	.rodata.str1.4,"aMS",%progbits,1
 292              		.align	2
 293              	.LC0:
 294 0000 4C2F2573 		.ascii	"L/%s/\015\012\000"
 294      2F0D0A00 
 295              	.LC1:
 296 0008 522F2573 		.ascii	"R/%s/\015\012\000"
 296      2F0D0A00 
 297              	.LC2:
 298 0010 49525761 		.ascii	"IRWaarde=%u\015\000"
 298      61726465 
 298      3D25750D 
 298      00
 299              		.text
 300              	.Letext0:
 301              		.file 2 "c:\\program files (x86)\\cypress\\psoc creator\\4.1\\psoc creator\\import\\gnu\\arm\\5.4.
 302              		.file 3 "c:\\program files (x86)\\cypress\\psoc creator\\4.1\\psoc creator\\import\\gnu\\arm\\5.4.
 303              		.file 4 "Generated_Source\\PSoC5/cytypes.h"
 304              		.file 5 "projectMain.h"
 305              		.file 6 "Generated_Source\\PSoC5/core_cm3.h"
 306              		.file 7 "c:\\program files (x86)\\cypress\\psoc creator\\4.1\\psoc creator\\import\\gnu\\arm\\5.4.
 307              		.file 8 "Generated_Source\\PSoC5/bleUart1.h"
ARM GAS  C:\Users\BASILE~1.BER\AppData\Local\Temp\ccrOGN7V.s 			page 8


 308              		.file 9 "Generated_Source\\PSoC5/puttyUart1.h"
 309              		.file 10 "myUART.h"
 310              		.section	.debug_info,"",%progbits
 311              	.Ldebug_info0:
 312 0000 8D030000 		.4byte	0x38d
 313 0004 0400     		.2byte	0x4
 314 0006 00000000 		.4byte	.Ldebug_abbrev0
 315 000a 04       		.byte	0x4
 316 000b 01       		.uleb128 0x1
 317 000c 6F000000 		.4byte	.LASF36
 318 0010 0C       		.byte	0xc
 319 0011 14000000 		.4byte	.LASF37
 320 0015 FF010000 		.4byte	.LASF38
 321 0019 00000000 		.4byte	.Ldebug_ranges0+0
 322 001d 00000000 		.4byte	0
 323 0021 00000000 		.4byte	.Ldebug_line0
 324 0025 02       		.uleb128 0x2
 325 0026 01       		.byte	0x1
 326 0027 06       		.byte	0x6
 327 0028 83020000 		.4byte	.LASF0
 328 002c 02       		.uleb128 0x2
 329 002d 01       		.byte	0x1
 330 002e 08       		.byte	0x8
 331 002f 3E010000 		.4byte	.LASF1
 332 0033 02       		.uleb128 0x2
 333 0034 02       		.byte	0x2
 334 0035 05       		.byte	0x5
 335 0036 EF010000 		.4byte	.LASF2
 336 003a 02       		.uleb128 0x2
 337 003b 02       		.byte	0x2
 338 003c 07       		.byte	0x7
 339 003d 0F010000 		.4byte	.LASF3
 340 0041 03       		.uleb128 0x3
 341 0042 2F000000 		.4byte	.LASF9
 342 0046 02       		.byte	0x2
 343 0047 3F       		.byte	0x3f
 344 0048 4C000000 		.4byte	0x4c
 345 004c 02       		.uleb128 0x2
 346 004d 04       		.byte	0x4
 347 004e 05       		.byte	0x5
 348 004f 69020000 		.4byte	.LASF4
 349 0053 02       		.uleb128 0x2
 350 0054 04       		.byte	0x4
 351 0055 07       		.byte	0x7
 352 0056 FD000000 		.4byte	.LASF5
 353 005a 02       		.uleb128 0x2
 354 005b 08       		.byte	0x8
 355 005c 05       		.byte	0x5
 356 005d C9010000 		.4byte	.LASF6
 357 0061 02       		.uleb128 0x2
 358 0062 08       		.byte	0x8
 359 0063 07       		.byte	0x7
 360 0064 6E010000 		.4byte	.LASF7
 361 0068 04       		.uleb128 0x4
 362 0069 04       		.byte	0x4
 363 006a 05       		.byte	0x5
 364 006b 696E7400 		.ascii	"int\000"
ARM GAS  C:\Users\BASILE~1.BER\AppData\Local\Temp\ccrOGN7V.s 			page 9


 365 006f 02       		.uleb128 0x2
 366 0070 04       		.byte	0x4
 367 0071 07       		.byte	0x7
 368 0072 61010000 		.4byte	.LASF8
 369 0076 03       		.uleb128 0x3
 370 0077 97010000 		.4byte	.LASF10
 371 007b 03       		.byte	0x3
 372 007c 2C       		.byte	0x2c
 373 007d 41000000 		.4byte	0x41
 374 0081 05       		.uleb128 0x5
 375 0082 F9010000 		.4byte	.LASF11
 376 0086 04       		.byte	0x4
 377 0087 9201     		.2byte	0x192
 378 0089 2C000000 		.4byte	0x2c
 379 008d 02       		.uleb128 0x2
 380 008e 04       		.byte	0x4
 381 008f 04       		.byte	0x4
 382 0090 62000000 		.4byte	.LASF12
 383 0094 02       		.uleb128 0x2
 384 0095 08       		.byte	0x8
 385 0096 04       		.byte	0x4
 386 0097 4C010000 		.4byte	.LASF13
 387 009b 02       		.uleb128 0x2
 388 009c 01       		.byte	0x1
 389 009d 08       		.byte	0x8
 390 009e D7010000 		.4byte	.LASF14
 391 00a2 02       		.uleb128 0x2
 392 00a3 08       		.byte	0x8
 393 00a4 04       		.byte	0x4
 394 00a5 77020000 		.4byte	.LASF15
 395 00a9 02       		.uleb128 0x2
 396 00aa 04       		.byte	0x4
 397 00ab 07       		.byte	0x7
 398 00ac C0010000 		.4byte	.LASF16
 399 00b0 06       		.uleb128 0x6
 400 00b1 14       		.byte	0x14
 401 00b2 0A       		.byte	0xa
 402 00b3 23       		.byte	0x23
 403 00b4 D1000000 		.4byte	0xd1
 404 00b8 07       		.uleb128 0x7
 405 00b9 636D6400 		.ascii	"cmd\000"
 406 00bd 0A       		.byte	0xa
 407 00be 24       		.byte	0x24
 408 00bf 9B000000 		.4byte	0x9b
 409 00c3 00       		.byte	0
 410 00c4 08       		.uleb128 0x8
 411 00c5 68000000 		.4byte	.LASF17
 412 00c9 0A       		.byte	0xa
 413 00ca 25       		.byte	0x25
 414 00cb D1000000 		.4byte	0xd1
 415 00cf 01       		.byte	0x1
 416 00d0 00       		.byte	0
 417 00d1 09       		.uleb128 0x9
 418 00d2 9B000000 		.4byte	0x9b
 419 00d6 E1000000 		.4byte	0xe1
 420 00da 0A       		.uleb128 0xa
 421 00db A9000000 		.4byte	0xa9
ARM GAS  C:\Users\BASILE~1.BER\AppData\Local\Temp\ccrOGN7V.s 			page 10


 422 00df 12       		.byte	0x12
 423 00e0 00       		.byte	0
 424 00e1 0B       		.uleb128 0xb
 425 00e2 58000000 		.4byte	.LASF39
 426 00e6 14       		.byte	0x14
 427 00e7 0A       		.byte	0xa
 428 00e8 21       		.byte	0x21
 429 00e9 FE000000 		.4byte	0xfe
 430 00ed 0C       		.uleb128 0xc
 431 00ee 52000000 		.4byte	.LASF40
 432 00f2 0A       		.byte	0xa
 433 00f3 22       		.byte	0x22
 434 00f4 FE000000 		.4byte	0xfe
 435 00f8 0D       		.uleb128 0xd
 436 00f9 B0000000 		.4byte	0xb0
 437 00fd 00       		.byte	0
 438 00fe 09       		.uleb128 0x9
 439 00ff 9B000000 		.4byte	0x9b
 440 0103 0E010000 		.4byte	0x10e
 441 0107 0A       		.uleb128 0xa
 442 0108 A9000000 		.4byte	0xa9
 443 010c 13       		.byte	0x13
 444 010d 00       		.byte	0
 445 010e 0E       		.uleb128 0xe
 446 010f 46000000 		.4byte	.LASF20
 447 0113 01       		.byte	0x1
 448 0114 13       		.byte	0x13
 449 0115 00000000 		.4byte	.LFB64
 450 0119 14010000 		.4byte	.LFE64-.LFB64
 451 011d 01       		.uleb128 0x1
 452 011e 9C       		.byte	0x9c
 453 011f FA010000 		.4byte	0x1fa
 454 0123 0F       		.uleb128 0xf
 455 0124 0A000000 		.4byte	.LASF18
 456 0128 01       		.byte	0x1
 457 0129 35       		.byte	0x35
 458 012a FA010000 		.4byte	0x1fa
 459 012e 02       		.uleb128 0x2
 460 012f 91       		.byte	0x91
 461 0130 6C       		.sleb128 -20
 462 0131 0F       		.uleb128 0xf
 463 0132 39000000 		.4byte	.LASF19
 464 0136 01       		.byte	0x1
 465 0137 3B       		.byte	0x3b
 466 0138 0A020000 		.4byte	0x20a
 467 013c 02       		.uleb128 0x2
 468 013d 91       		.byte	0x91
 469 013e 68       		.sleb128 -24
 470 013f 10       		.uleb128 0x10
 471 0140 C0000000 		.4byte	.LVL0
 472 0144 59030000 		.4byte	0x359
 473 0148 53010000 		.4byte	0x153
 474 014c 11       		.uleb128 0x11
 475 014d 01       		.uleb128 0x1
 476 014e 51       		.byte	0x51
 477 014f 02       		.uleb128 0x2
 478 0150 7D       		.byte	0x7d
ARM GAS  C:\Users\BASILE~1.BER\AppData\Local\Temp\ccrOGN7V.s 			page 11


 479 0151 00       		.sleb128 0
 480 0152 00       		.byte	0
 481 0153 10       		.uleb128 0x10
 482 0154 CA000000 		.4byte	.LVL1
 483 0158 64030000 		.4byte	0x364
 484 015c 76010000 		.4byte	0x176
 485 0160 11       		.uleb128 0x11
 486 0161 01       		.uleb128 0x1
 487 0162 50       		.byte	0x50
 488 0163 02       		.uleb128 0x2
 489 0164 91       		.byte	0x91
 490 0165 6C       		.sleb128 -20
 491 0166 11       		.uleb128 0x11
 492 0167 01       		.uleb128 0x1
 493 0168 51       		.byte	0x51
 494 0169 05       		.uleb128 0x5
 495 016a 03       		.byte	0x3
 496 016b 00000000 		.4byte	.LC0
 497 016f 11       		.uleb128 0x11
 498 0170 01       		.uleb128 0x1
 499 0171 52       		.byte	0x52
 500 0172 02       		.uleb128 0x2
 501 0173 7D       		.byte	0x7d
 502 0174 00       		.sleb128 0
 503 0175 00       		.byte	0
 504 0176 10       		.uleb128 0x10
 505 0177 D0000000 		.4byte	.LVL2
 506 017b 6F030000 		.4byte	0x36f
 507 017f 8A010000 		.4byte	0x18a
 508 0183 11       		.uleb128 0x11
 509 0184 01       		.uleb128 0x1
 510 0185 50       		.byte	0x50
 511 0186 02       		.uleb128 0x2
 512 0187 91       		.byte	0x91
 513 0188 6C       		.sleb128 -20
 514 0189 00       		.byte	0
 515 018a 10       		.uleb128 0x10
 516 018b D6000000 		.4byte	.LVL3
 517 018f 7A030000 		.4byte	0x37a
 518 0193 9E010000 		.4byte	0x19e
 519 0197 11       		.uleb128 0x11
 520 0198 01       		.uleb128 0x1
 521 0199 50       		.byte	0x50
 522 019a 02       		.uleb128 0x2
 523 019b 91       		.byte	0x91
 524 019c 6C       		.sleb128 -20
 525 019d 00       		.byte	0
 526 019e 10       		.uleb128 0x10
 527 019f E0000000 		.4byte	.LVL4
 528 01a3 59030000 		.4byte	0x359
 529 01a7 B2010000 		.4byte	0x1b2
 530 01ab 11       		.uleb128 0x11
 531 01ac 01       		.uleb128 0x1
 532 01ad 51       		.byte	0x51
 533 01ae 02       		.uleb128 0x2
 534 01af 7D       		.byte	0x7d
 535 01b0 00       		.sleb128 0
ARM GAS  C:\Users\BASILE~1.BER\AppData\Local\Temp\ccrOGN7V.s 			page 12


 536 01b1 00       		.byte	0
 537 01b2 10       		.uleb128 0x10
 538 01b3 EA000000 		.4byte	.LVL5
 539 01b7 64030000 		.4byte	0x364
 540 01bb D5010000 		.4byte	0x1d5
 541 01bf 11       		.uleb128 0x11
 542 01c0 01       		.uleb128 0x1
 543 01c1 50       		.byte	0x50
 544 01c2 02       		.uleb128 0x2
 545 01c3 91       		.byte	0x91
 546 01c4 6C       		.sleb128 -20
 547 01c5 11       		.uleb128 0x11
 548 01c6 01       		.uleb128 0x1
 549 01c7 51       		.byte	0x51
 550 01c8 05       		.uleb128 0x5
 551 01c9 03       		.byte	0x3
 552 01ca 08000000 		.4byte	.LC1
 553 01ce 11       		.uleb128 0x11
 554 01cf 01       		.uleb128 0x1
 555 01d0 52       		.byte	0x52
 556 01d1 02       		.uleb128 0x2
 557 01d2 7D       		.byte	0x7d
 558 01d3 00       		.sleb128 0
 559 01d4 00       		.byte	0
 560 01d5 10       		.uleb128 0x10
 561 01d6 F0000000 		.4byte	.LVL6
 562 01da 6F030000 		.4byte	0x36f
 563 01de E9010000 		.4byte	0x1e9
 564 01e2 11       		.uleb128 0x11
 565 01e3 01       		.uleb128 0x1
 566 01e4 50       		.byte	0x50
 567 01e5 02       		.uleb128 0x2
 568 01e6 91       		.byte	0x91
 569 01e7 6C       		.sleb128 -20
 570 01e8 00       		.byte	0
 571 01e9 12       		.uleb128 0x12
 572 01ea F6000000 		.4byte	.LVL7
 573 01ee 7A030000 		.4byte	0x37a
 574 01f2 11       		.uleb128 0x11
 575 01f3 01       		.uleb128 0x1
 576 01f4 50       		.byte	0x50
 577 01f5 02       		.uleb128 0x2
 578 01f6 91       		.byte	0x91
 579 01f7 6C       		.sleb128 -20
 580 01f8 00       		.byte	0
 581 01f9 00       		.byte	0
 582 01fa 09       		.uleb128 0x9
 583 01fb 9B000000 		.4byte	0x9b
 584 01ff 0A020000 		.4byte	0x20a
 585 0203 0A       		.uleb128 0xa
 586 0204 A9000000 		.4byte	0xa9
 587 0208 09       		.byte	0x9
 588 0209 00       		.byte	0
 589 020a 09       		.uleb128 0x9
 590 020b 9B000000 		.4byte	0x9b
 591 020f 1A020000 		.4byte	0x21a
 592 0213 0A       		.uleb128 0xa
ARM GAS  C:\Users\BASILE~1.BER\AppData\Local\Temp\ccrOGN7V.s 			page 13


 593 0214 A9000000 		.4byte	0xa9
 594 0218 01       		.byte	0x1
 595 0219 00       		.byte	0
 596 021a 0E       		.uleb128 0xe
 597 021b 97020000 		.4byte	.LASF21
 598 021f 01       		.byte	0x1
 599 0220 47       		.byte	0x47
 600 0221 00000000 		.4byte	.LFB65
 601 0225 5C000000 		.4byte	.LFE65-.LFB65
 602 0229 01       		.uleb128 0x1
 603 022a 9C       		.byte	0x9c
 604 022b B1020000 		.4byte	0x2b1
 605 022f 0F       		.uleb128 0xf
 606 0230 22010000 		.4byte	.LASF22
 607 0234 01       		.byte	0x1
 608 0235 49       		.byte	0x49
 609 0236 0A020000 		.4byte	0x20a
 610 023a 02       		.uleb128 0x2
 611 023b 91       		.byte	0x91
 612 023c 74       		.sleb128 -12
 613 023d 10       		.uleb128 0x10
 614 023e 16000000 		.4byte	.LVL8
 615 0242 85030000 		.4byte	0x385
 616 0246 60020000 		.4byte	0x260
 617 024a 11       		.uleb128 0x11
 618 024b 01       		.uleb128 0x1
 619 024c 50       		.byte	0x50
 620 024d 02       		.uleb128 0x2
 621 024e 08       		.byte	0x8
 622 024f 2F       		.byte	0x2f
 623 0250 11       		.uleb128 0x11
 624 0251 01       		.uleb128 0x1
 625 0252 51       		.byte	0x51
 626 0253 05       		.uleb128 0x5
 627 0254 03       		.byte	0x3
 628 0255 01000000 		.4byte	RB+1
 629 0259 11       		.uleb128 0x11
 630 025a 01       		.uleb128 0x1
 631 025b 52       		.byte	0x52
 632 025c 02       		.uleb128 0x2
 633 025d 91       		.byte	0x91
 634 025e 74       		.sleb128 -12
 635 025f 00       		.byte	0
 636 0260 10       		.uleb128 0x10
 637 0261 26000000 		.4byte	.LVL9
 638 0265 64030000 		.4byte	0x364
 639 0269 7D020000 		.4byte	0x27d
 640 026d 11       		.uleb128 0x11
 641 026e 01       		.uleb128 0x1
 642 026f 50       		.byte	0x50
 643 0270 02       		.uleb128 0x2
 644 0271 74       		.byte	0x74
 645 0272 00       		.sleb128 0
 646 0273 11       		.uleb128 0x11
 647 0274 01       		.uleb128 0x1
 648 0275 51       		.byte	0x51
 649 0276 05       		.uleb128 0x5
ARM GAS  C:\Users\BASILE~1.BER\AppData\Local\Temp\ccrOGN7V.s 			page 14


 650 0277 03       		.byte	0x3
 651 0278 10000000 		.4byte	.LC2
 652 027c 00       		.byte	0
 653 027d 10       		.uleb128 0x10
 654 027e 2C000000 		.4byte	.LVL10
 655 0282 7A030000 		.4byte	0x37a
 656 0286 91020000 		.4byte	0x291
 657 028a 11       		.uleb128 0x11
 658 028b 01       		.uleb128 0x1
 659 028c 50       		.byte	0x50
 660 028d 02       		.uleb128 0x2
 661 028e 74       		.byte	0x74
 662 028f 00       		.sleb128 0
 663 0290 00       		.byte	0
 664 0291 12       		.uleb128 0x12
 665 0292 3C000000 		.4byte	.LVL11
 666 0296 85030000 		.4byte	0x385
 667 029a 11       		.uleb128 0x11
 668 029b 01       		.uleb128 0x1
 669 029c 50       		.byte	0x50
 670 029d 02       		.uleb128 0x2
 671 029e 08       		.byte	0x8
 672 029f 2F       		.byte	0x2f
 673 02a0 11       		.uleb128 0x11
 674 02a1 01       		.uleb128 0x1
 675 02a2 51       		.byte	0x51
 676 02a3 05       		.uleb128 0x5
 677 02a4 03       		.byte	0x3
 678 02a5 01000000 		.4byte	RB+1
 679 02a9 11       		.uleb128 0x11
 680 02aa 01       		.uleb128 0x1
 681 02ab 52       		.byte	0x52
 682 02ac 02       		.uleb128 0x2
 683 02ad 91       		.byte	0x91
 684 02ae 74       		.sleb128 -12
 685 02af 00       		.byte	0
 686 02b0 00       		.byte	0
 687 02b1 13       		.uleb128 0x13
 688 02b2 53010000 		.4byte	.LASF23
 689 02b6 05       		.byte	0x5
 690 02b7 1E       		.byte	0x1e
 691 02b8 81000000 		.4byte	0x81
 692 02bc 05       		.uleb128 0x5
 693 02bd 03       		.byte	0x3
 694 02be 00000000 		.4byte	valueX
 695 02c2 13       		.uleb128 0x13
 696 02c3 5A010000 		.4byte	.LASF24
 697 02c7 05       		.byte	0x5
 698 02c8 1F       		.byte	0x1f
 699 02c9 81000000 		.4byte	0x81
 700 02cd 05       		.uleb128 0x5
 701 02ce 03       		.byte	0x3
 702 02cf 00000000 		.4byte	valueY
 703 02d3 13       		.uleb128 0x13
 704 02d4 64020000 		.4byte	.LASF25
 705 02d8 05       		.byte	0x5
 706 02d9 22       		.byte	0x22
ARM GAS  C:\Users\BASILE~1.BER\AppData\Local\Temp\ccrOGN7V.s 			page 15


 707 02da 81000000 		.4byte	0x81
 708 02de 05       		.uleb128 0x5
 709 02df 03       		.byte	0x3
 710 02e0 00000000 		.4byte	pwml
 711 02e4 13       		.uleb128 0x13
 712 02e5 72020000 		.4byte	.LASF26
 713 02e9 05       		.byte	0x5
 714 02ea 23       		.byte	0x23
 715 02eb 81000000 		.4byte	0x81
 716 02ef 05       		.uleb128 0x5
 717 02f0 03       		.byte	0x3
 718 02f1 00000000 		.4byte	pwmr
 719 02f5 09       		.uleb128 0x9
 720 02f6 9B000000 		.4byte	0x9b
 721 02fa 05030000 		.4byte	0x305
 722 02fe 0A       		.uleb128 0xa
 723 02ff A9000000 		.4byte	0xa9
 724 0303 3F       		.byte	0x3f
 725 0304 00       		.byte	0
 726 0305 13       		.uleb128 0x13
 727 0306 85010000 		.4byte	.LASF27
 728 030a 05       		.byte	0x5
 729 030b 29       		.byte	0x29
 730 030c F5020000 		.4byte	0x2f5
 731 0310 05       		.uleb128 0x5
 732 0311 03       		.byte	0x3
 733 0312 00000000 		.4byte	strMsg1
 734 0316 13       		.uleb128 0x13
 735 0317 00000000 		.4byte	.LASF28
 736 031b 05       		.byte	0x5
 737 031c 2A       		.byte	0x2a
 738 031d 81000000 		.4byte	0x81
 739 0321 05       		.uleb128 0x5
 740 0322 03       		.byte	0x3
 741 0323 00000000 		.4byte	TestGetal
 742 0327 13       		.uleb128 0x13
 743 0328 8D010000 		.4byte	.LASF29
 744 032c 05       		.byte	0x5
 745 032d 2D       		.byte	0x2d
 746 032e 81000000 		.4byte	0x81
 747 0332 05       		.uleb128 0x5
 748 0333 03       		.byte	0x3
 749 0334 00000000 		.4byte	IRWaarden
 750 0338 14       		.uleb128 0x14
 751 0339 31010000 		.4byte	.LASF30
 752 033d 06       		.byte	0x6
 753 033e 1207     		.2byte	0x712
 754 0340 44030000 		.4byte	0x344
 755 0344 15       		.uleb128 0x15
 756 0345 76000000 		.4byte	0x76
 757 0349 16       		.uleb128 0x16
 758 034a 524200   		.ascii	"RB\000"
 759 034d 0A       		.byte	0xa
 760 034e 27       		.byte	0x27
 761 034f E1000000 		.4byte	0xe1
 762 0353 05       		.uleb128 0x5
 763 0354 03       		.byte	0x3
ARM GAS  C:\Users\BASILE~1.BER\AppData\Local\Temp\ccrOGN7V.s 			page 16


 764 0355 00000000 		.4byte	RB
 765 0359 17       		.uleb128 0x17
 766 035a 26000000 		.4byte	.LASF31
 767 035e 26000000 		.4byte	.LASF31
 768 0362 05       		.byte	0x5
 769 0363 38       		.byte	0x38
 770 0364 17       		.uleb128 0x17
 771 0365 8F020000 		.4byte	.LASF32
 772 0369 8F020000 		.4byte	.LASF32
 773 036d 07       		.byte	0x7
 774 036e E7       		.byte	0xe7
 775 036f 17       		.uleb128 0x17
 776 0370 DC010000 		.4byte	.LASF33
 777 0374 DC010000 		.4byte	.LASF33
 778 0378 08       		.byte	0x8
 779 0379 8B       		.byte	0x8b
 780 037a 17       		.uleb128 0x17
 781 037b AB010000 		.4byte	.LASF34
 782 037f AB010000 		.4byte	.LASF34
 783 0383 09       		.byte	0x9
 784 0384 8B       		.byte	0x8b
 785 0385 17       		.uleb128 0x17
 786 0386 9F010000 		.4byte	.LASF35
 787 038a 9F010000 		.4byte	.LASF35
 788 038e 05       		.byte	0x5
 789 038f 37       		.byte	0x37
 790 0390 00       		.byte	0
 791              		.section	.debug_abbrev,"",%progbits
 792              	.Ldebug_abbrev0:
 793 0000 01       		.uleb128 0x1
 794 0001 11       		.uleb128 0x11
 795 0002 01       		.byte	0x1
 796 0003 25       		.uleb128 0x25
 797 0004 0E       		.uleb128 0xe
 798 0005 13       		.uleb128 0x13
 799 0006 0B       		.uleb128 0xb
 800 0007 03       		.uleb128 0x3
 801 0008 0E       		.uleb128 0xe
 802 0009 1B       		.uleb128 0x1b
 803 000a 0E       		.uleb128 0xe
 804 000b 55       		.uleb128 0x55
 805 000c 17       		.uleb128 0x17
 806 000d 11       		.uleb128 0x11
 807 000e 01       		.uleb128 0x1
 808 000f 10       		.uleb128 0x10
 809 0010 17       		.uleb128 0x17
 810 0011 00       		.byte	0
 811 0012 00       		.byte	0
 812 0013 02       		.uleb128 0x2
 813 0014 24       		.uleb128 0x24
 814 0015 00       		.byte	0
 815 0016 0B       		.uleb128 0xb
 816 0017 0B       		.uleb128 0xb
 817 0018 3E       		.uleb128 0x3e
 818 0019 0B       		.uleb128 0xb
 819 001a 03       		.uleb128 0x3
 820 001b 0E       		.uleb128 0xe
ARM GAS  C:\Users\BASILE~1.BER\AppData\Local\Temp\ccrOGN7V.s 			page 17


 821 001c 00       		.byte	0
 822 001d 00       		.byte	0
 823 001e 03       		.uleb128 0x3
 824 001f 16       		.uleb128 0x16
 825 0020 00       		.byte	0
 826 0021 03       		.uleb128 0x3
 827 0022 0E       		.uleb128 0xe
 828 0023 3A       		.uleb128 0x3a
 829 0024 0B       		.uleb128 0xb
 830 0025 3B       		.uleb128 0x3b
 831 0026 0B       		.uleb128 0xb
 832 0027 49       		.uleb128 0x49
 833 0028 13       		.uleb128 0x13
 834 0029 00       		.byte	0
 835 002a 00       		.byte	0
 836 002b 04       		.uleb128 0x4
 837 002c 24       		.uleb128 0x24
 838 002d 00       		.byte	0
 839 002e 0B       		.uleb128 0xb
 840 002f 0B       		.uleb128 0xb
 841 0030 3E       		.uleb128 0x3e
 842 0031 0B       		.uleb128 0xb
 843 0032 03       		.uleb128 0x3
 844 0033 08       		.uleb128 0x8
 845 0034 00       		.byte	0
 846 0035 00       		.byte	0
 847 0036 05       		.uleb128 0x5
 848 0037 16       		.uleb128 0x16
 849 0038 00       		.byte	0
 850 0039 03       		.uleb128 0x3
 851 003a 0E       		.uleb128 0xe
 852 003b 3A       		.uleb128 0x3a
 853 003c 0B       		.uleb128 0xb
 854 003d 3B       		.uleb128 0x3b
 855 003e 05       		.uleb128 0x5
 856 003f 49       		.uleb128 0x49
 857 0040 13       		.uleb128 0x13
 858 0041 00       		.byte	0
 859 0042 00       		.byte	0
 860 0043 06       		.uleb128 0x6
 861 0044 13       		.uleb128 0x13
 862 0045 01       		.byte	0x1
 863 0046 0B       		.uleb128 0xb
 864 0047 0B       		.uleb128 0xb
 865 0048 3A       		.uleb128 0x3a
 866 0049 0B       		.uleb128 0xb
 867 004a 3B       		.uleb128 0x3b
 868 004b 0B       		.uleb128 0xb
 869 004c 01       		.uleb128 0x1
 870 004d 13       		.uleb128 0x13
 871 004e 00       		.byte	0
 872 004f 00       		.byte	0
 873 0050 07       		.uleb128 0x7
 874 0051 0D       		.uleb128 0xd
 875 0052 00       		.byte	0
 876 0053 03       		.uleb128 0x3
 877 0054 08       		.uleb128 0x8
ARM GAS  C:\Users\BASILE~1.BER\AppData\Local\Temp\ccrOGN7V.s 			page 18


 878 0055 3A       		.uleb128 0x3a
 879 0056 0B       		.uleb128 0xb
 880 0057 3B       		.uleb128 0x3b
 881 0058 0B       		.uleb128 0xb
 882 0059 49       		.uleb128 0x49
 883 005a 13       		.uleb128 0x13
 884 005b 38       		.uleb128 0x38
 885 005c 0B       		.uleb128 0xb
 886 005d 00       		.byte	0
 887 005e 00       		.byte	0
 888 005f 08       		.uleb128 0x8
 889 0060 0D       		.uleb128 0xd
 890 0061 00       		.byte	0
 891 0062 03       		.uleb128 0x3
 892 0063 0E       		.uleb128 0xe
 893 0064 3A       		.uleb128 0x3a
 894 0065 0B       		.uleb128 0xb
 895 0066 3B       		.uleb128 0x3b
 896 0067 0B       		.uleb128 0xb
 897 0068 49       		.uleb128 0x49
 898 0069 13       		.uleb128 0x13
 899 006a 38       		.uleb128 0x38
 900 006b 0B       		.uleb128 0xb
 901 006c 00       		.byte	0
 902 006d 00       		.byte	0
 903 006e 09       		.uleb128 0x9
 904 006f 01       		.uleb128 0x1
 905 0070 01       		.byte	0x1
 906 0071 49       		.uleb128 0x49
 907 0072 13       		.uleb128 0x13
 908 0073 01       		.uleb128 0x1
 909 0074 13       		.uleb128 0x13
 910 0075 00       		.byte	0
 911 0076 00       		.byte	0
 912 0077 0A       		.uleb128 0xa
 913 0078 21       		.uleb128 0x21
 914 0079 00       		.byte	0
 915 007a 49       		.uleb128 0x49
 916 007b 13       		.uleb128 0x13
 917 007c 2F       		.uleb128 0x2f
 918 007d 0B       		.uleb128 0xb
 919 007e 00       		.byte	0
 920 007f 00       		.byte	0
 921 0080 0B       		.uleb128 0xb
 922 0081 17       		.uleb128 0x17
 923 0082 01       		.byte	0x1
 924 0083 03       		.uleb128 0x3
 925 0084 0E       		.uleb128 0xe
 926 0085 0B       		.uleb128 0xb
 927 0086 0B       		.uleb128 0xb
 928 0087 3A       		.uleb128 0x3a
 929 0088 0B       		.uleb128 0xb
 930 0089 3B       		.uleb128 0x3b
 931 008a 0B       		.uleb128 0xb
 932 008b 01       		.uleb128 0x1
 933 008c 13       		.uleb128 0x13
 934 008d 00       		.byte	0
ARM GAS  C:\Users\BASILE~1.BER\AppData\Local\Temp\ccrOGN7V.s 			page 19


 935 008e 00       		.byte	0
 936 008f 0C       		.uleb128 0xc
 937 0090 0D       		.uleb128 0xd
 938 0091 00       		.byte	0
 939 0092 03       		.uleb128 0x3
 940 0093 0E       		.uleb128 0xe
 941 0094 3A       		.uleb128 0x3a
 942 0095 0B       		.uleb128 0xb
 943 0096 3B       		.uleb128 0x3b
 944 0097 0B       		.uleb128 0xb
 945 0098 49       		.uleb128 0x49
 946 0099 13       		.uleb128 0x13
 947 009a 00       		.byte	0
 948 009b 00       		.byte	0
 949 009c 0D       		.uleb128 0xd
 950 009d 0D       		.uleb128 0xd
 951 009e 00       		.byte	0
 952 009f 49       		.uleb128 0x49
 953 00a0 13       		.uleb128 0x13
 954 00a1 00       		.byte	0
 955 00a2 00       		.byte	0
 956 00a3 0E       		.uleb128 0xe
 957 00a4 2E       		.uleb128 0x2e
 958 00a5 01       		.byte	0x1
 959 00a6 3F       		.uleb128 0x3f
 960 00a7 19       		.uleb128 0x19
 961 00a8 03       		.uleb128 0x3
 962 00a9 0E       		.uleb128 0xe
 963 00aa 3A       		.uleb128 0x3a
 964 00ab 0B       		.uleb128 0xb
 965 00ac 3B       		.uleb128 0x3b
 966 00ad 0B       		.uleb128 0xb
 967 00ae 27       		.uleb128 0x27
 968 00af 19       		.uleb128 0x19
 969 00b0 11       		.uleb128 0x11
 970 00b1 01       		.uleb128 0x1
 971 00b2 12       		.uleb128 0x12
 972 00b3 06       		.uleb128 0x6
 973 00b4 40       		.uleb128 0x40
 974 00b5 18       		.uleb128 0x18
 975 00b6 9742     		.uleb128 0x2117
 976 00b8 19       		.uleb128 0x19
 977 00b9 01       		.uleb128 0x1
 978 00ba 13       		.uleb128 0x13
 979 00bb 00       		.byte	0
 980 00bc 00       		.byte	0
 981 00bd 0F       		.uleb128 0xf
 982 00be 34       		.uleb128 0x34
 983 00bf 00       		.byte	0
 984 00c0 03       		.uleb128 0x3
 985 00c1 0E       		.uleb128 0xe
 986 00c2 3A       		.uleb128 0x3a
 987 00c3 0B       		.uleb128 0xb
 988 00c4 3B       		.uleb128 0x3b
 989 00c5 0B       		.uleb128 0xb
 990 00c6 49       		.uleb128 0x49
 991 00c7 13       		.uleb128 0x13
ARM GAS  C:\Users\BASILE~1.BER\AppData\Local\Temp\ccrOGN7V.s 			page 20


 992 00c8 02       		.uleb128 0x2
 993 00c9 18       		.uleb128 0x18
 994 00ca 00       		.byte	0
 995 00cb 00       		.byte	0
 996 00cc 10       		.uleb128 0x10
 997 00cd 898201   		.uleb128 0x4109
 998 00d0 01       		.byte	0x1
 999 00d1 11       		.uleb128 0x11
 1000 00d2 01       		.uleb128 0x1
 1001 00d3 31       		.uleb128 0x31
 1002 00d4 13       		.uleb128 0x13
 1003 00d5 01       		.uleb128 0x1
 1004 00d6 13       		.uleb128 0x13
 1005 00d7 00       		.byte	0
 1006 00d8 00       		.byte	0
 1007 00d9 11       		.uleb128 0x11
 1008 00da 8A8201   		.uleb128 0x410a
 1009 00dd 00       		.byte	0
 1010 00de 02       		.uleb128 0x2
 1011 00df 18       		.uleb128 0x18
 1012 00e0 9142     		.uleb128 0x2111
 1013 00e2 18       		.uleb128 0x18
 1014 00e3 00       		.byte	0
 1015 00e4 00       		.byte	0
 1016 00e5 12       		.uleb128 0x12
 1017 00e6 898201   		.uleb128 0x4109
 1018 00e9 01       		.byte	0x1
 1019 00ea 11       		.uleb128 0x11
 1020 00eb 01       		.uleb128 0x1
 1021 00ec 31       		.uleb128 0x31
 1022 00ed 13       		.uleb128 0x13
 1023 00ee 00       		.byte	0
 1024 00ef 00       		.byte	0
 1025 00f0 13       		.uleb128 0x13
 1026 00f1 34       		.uleb128 0x34
 1027 00f2 00       		.byte	0
 1028 00f3 03       		.uleb128 0x3
 1029 00f4 0E       		.uleb128 0xe
 1030 00f5 3A       		.uleb128 0x3a
 1031 00f6 0B       		.uleb128 0xb
 1032 00f7 3B       		.uleb128 0x3b
 1033 00f8 0B       		.uleb128 0xb
 1034 00f9 49       		.uleb128 0x49
 1035 00fa 13       		.uleb128 0x13
 1036 00fb 3F       		.uleb128 0x3f
 1037 00fc 19       		.uleb128 0x19
 1038 00fd 02       		.uleb128 0x2
 1039 00fe 18       		.uleb128 0x18
 1040 00ff 00       		.byte	0
 1041 0100 00       		.byte	0
 1042 0101 14       		.uleb128 0x14
 1043 0102 34       		.uleb128 0x34
 1044 0103 00       		.byte	0
 1045 0104 03       		.uleb128 0x3
 1046 0105 0E       		.uleb128 0xe
 1047 0106 3A       		.uleb128 0x3a
 1048 0107 0B       		.uleb128 0xb
ARM GAS  C:\Users\BASILE~1.BER\AppData\Local\Temp\ccrOGN7V.s 			page 21


 1049 0108 3B       		.uleb128 0x3b
 1050 0109 05       		.uleb128 0x5
 1051 010a 49       		.uleb128 0x49
 1052 010b 13       		.uleb128 0x13
 1053 010c 3F       		.uleb128 0x3f
 1054 010d 19       		.uleb128 0x19
 1055 010e 3C       		.uleb128 0x3c
 1056 010f 19       		.uleb128 0x19
 1057 0110 00       		.byte	0
 1058 0111 00       		.byte	0
 1059 0112 15       		.uleb128 0x15
 1060 0113 35       		.uleb128 0x35
 1061 0114 00       		.byte	0
 1062 0115 49       		.uleb128 0x49
 1063 0116 13       		.uleb128 0x13
 1064 0117 00       		.byte	0
 1065 0118 00       		.byte	0
 1066 0119 16       		.uleb128 0x16
 1067 011a 34       		.uleb128 0x34
 1068 011b 00       		.byte	0
 1069 011c 03       		.uleb128 0x3
 1070 011d 08       		.uleb128 0x8
 1071 011e 3A       		.uleb128 0x3a
 1072 011f 0B       		.uleb128 0xb
 1073 0120 3B       		.uleb128 0x3b
 1074 0121 0B       		.uleb128 0xb
 1075 0122 49       		.uleb128 0x49
 1076 0123 13       		.uleb128 0x13
 1077 0124 3F       		.uleb128 0x3f
 1078 0125 19       		.uleb128 0x19
 1079 0126 02       		.uleb128 0x2
 1080 0127 18       		.uleb128 0x18
 1081 0128 00       		.byte	0
 1082 0129 00       		.byte	0
 1083 012a 17       		.uleb128 0x17
 1084 012b 2E       		.uleb128 0x2e
 1085 012c 00       		.byte	0
 1086 012d 3F       		.uleb128 0x3f
 1087 012e 19       		.uleb128 0x19
 1088 012f 3C       		.uleb128 0x3c
 1089 0130 19       		.uleb128 0x19
 1090 0131 6E       		.uleb128 0x6e
 1091 0132 0E       		.uleb128 0xe
 1092 0133 03       		.uleb128 0x3
 1093 0134 0E       		.uleb128 0xe
 1094 0135 3A       		.uleb128 0x3a
 1095 0136 0B       		.uleb128 0xb
 1096 0137 3B       		.uleb128 0x3b
 1097 0138 0B       		.uleb128 0xb
 1098 0139 00       		.byte	0
 1099 013a 00       		.byte	0
 1100 013b 00       		.byte	0
 1101              		.section	.debug_aranges,"",%progbits
 1102 0000 24000000 		.4byte	0x24
 1103 0004 0200     		.2byte	0x2
 1104 0006 00000000 		.4byte	.Ldebug_info0
 1105 000a 04       		.byte	0x4
ARM GAS  C:\Users\BASILE~1.BER\AppData\Local\Temp\ccrOGN7V.s 			page 22


 1106 000b 00       		.byte	0
 1107 000c 0000     		.2byte	0
 1108 000e 0000     		.2byte	0
 1109 0010 00000000 		.4byte	.LFB64
 1110 0014 14010000 		.4byte	.LFE64-.LFB64
 1111 0018 00000000 		.4byte	.LFB65
 1112 001c 5C000000 		.4byte	.LFE65-.LFB65
 1113 0020 00000000 		.4byte	0
 1114 0024 00000000 		.4byte	0
 1115              		.section	.debug_ranges,"",%progbits
 1116              	.Ldebug_ranges0:
 1117 0000 00000000 		.4byte	.LFB64
 1118 0004 14010000 		.4byte	.LFE64
 1119 0008 00000000 		.4byte	.LFB65
 1120 000c 5C000000 		.4byte	.LFE65
 1121 0010 00000000 		.4byte	0
 1122 0014 00000000 		.4byte	0
 1123              		.section	.debug_line,"",%progbits
 1124              	.Ldebug_line0:
 1125 0000 60020000 		.section	.debug_str,"MS",%progbits,1
 1125      02000502 
 1125      00000201 
 1125      FB0E0D00 
 1125      01010101 
 1126              	.LASF28:
 1127 0000 54657374 		.ascii	"TestGetal\000"
 1127      47657461 
 1127      6C00
 1128              	.LASF18:
 1129 000a 73747242 		.ascii	"strBuffer\000"
 1129      75666665 
 1129      7200
 1130              	.LASF37:
 1131 0014 426C6543 		.ascii	"BleCommunicatie.c\000"
 1131      6F6D6D75 
 1131      6E696361 
 1131      7469652E 
 1131      6300
 1132              	.LASF31:
 1133 0026 44656354 		.ascii	"DecToHex\000"
 1133      6F486578 
 1133      00
 1134              	.LASF9:
 1135 002f 5F5F696E 		.ascii	"__int32_t\000"
 1135      7433325F 
 1135      7400
 1136              	.LASF19:
 1137 0039 68657844 		.ascii	"hexDecBuffer\000"
 1137      65634275 
 1137      66666572 
 1137      00
 1138              	.LASF20:
 1139 0046 73656E64 		.ascii	"sendBleData\000"
 1139      426C6544 
 1139      61746100 
 1140              	.LASF40:
 1141 0052 52785374 		.ascii	"RxStr\000"
ARM GAS  C:\Users\BASILE~1.BER\AppData\Local\Temp\ccrOGN7V.s 			page 23


 1141      7200
 1142              	.LASF39:
 1143 0058 54527842 		.ascii	"TRxBuffer\000"
 1143      75666665 
 1143      7200
 1144              	.LASF12:
 1145 0062 666C6F61 		.ascii	"float\000"
 1145      7400
 1146              	.LASF17:
 1147 0068 76616C73 		.ascii	"valstr\000"
 1147      747200
 1148              	.LASF36:
 1149 006f 474E5520 		.ascii	"GNU C11 5.4.1 20160609 (release) [ARM/embedded-5-br"
 1149      43313120 
 1149      352E342E 
 1149      31203230 
 1149      31363036 
 1150 00a2 616E6368 		.ascii	"anch revision 237715] -mcpu=cortex-m3 -mthumb -g -O"
 1150      20726576 
 1150      6973696F 
 1150      6E203233 
 1150      37373135 
 1151 00d5 67202D66 		.ascii	"g -ffunction-sections -ffat-lto-objects\000"
 1151      66756E63 
 1151      74696F6E 
 1151      2D736563 
 1151      74696F6E 
 1152              	.LASF5:
 1153 00fd 6C6F6E67 		.ascii	"long unsigned int\000"
 1153      20756E73 
 1153      69676E65 
 1153      6420696E 
 1153      7400
 1154              	.LASF3:
 1155 010f 73686F72 		.ascii	"short unsigned int\000"
 1155      7420756E 
 1155      7369676E 
 1155      65642069 
 1155      6E7400
 1156              	.LASF22:
 1157 0122 68657849 		.ascii	"hexInputBuffer\000"
 1157      6E707574 
 1157      42756666 
 1157      657200
 1158              	.LASF30:
 1159 0131 49544D5F 		.ascii	"ITM_RxBuffer\000"
 1159      52784275 
 1159      66666572 
 1159      00
 1160              	.LASF1:
 1161 013e 756E7369 		.ascii	"unsigned char\000"
 1161      676E6564 
 1161      20636861 
 1161      7200
 1162              	.LASF13:
 1163 014c 646F7562 		.ascii	"double\000"
 1163      6C6500
ARM GAS  C:\Users\BASILE~1.BER\AppData\Local\Temp\ccrOGN7V.s 			page 24


 1164              	.LASF23:
 1165 0153 76616C75 		.ascii	"valueX\000"
 1165      655800
 1166              	.LASF24:
 1167 015a 76616C75 		.ascii	"valueY\000"
 1167      655900
 1168              	.LASF8:
 1169 0161 756E7369 		.ascii	"unsigned int\000"
 1169      676E6564 
 1169      20696E74 
 1169      00
 1170              	.LASF7:
 1171 016e 6C6F6E67 		.ascii	"long long unsigned int\000"
 1171      206C6F6E 
 1171      6720756E 
 1171      7369676E 
 1171      65642069 
 1172              	.LASF27:
 1173 0185 7374724D 		.ascii	"strMsg1\000"
 1173      73673100 
 1174              	.LASF29:
 1175 018d 49525761 		.ascii	"IRWaarden\000"
 1175      61726465 
 1175      6E00
 1176              	.LASF10:
 1177 0197 696E7433 		.ascii	"int32_t\000"
 1177      325F7400 
 1178              	.LASF35:
 1179 019f 67657443 		.ascii	"getCMDValue\000"
 1179      4D445661 
 1179      6C756500 
 1180              	.LASF34:
 1181 01ab 70757474 		.ascii	"puttyUart1_PutString\000"
 1181      79556172 
 1181      74315F50 
 1181      75745374 
 1181      72696E67 
 1182              	.LASF16:
 1183 01c0 73697A65 		.ascii	"sizetype\000"
 1183      74797065 
 1183      00
 1184              	.LASF6:
 1185 01c9 6C6F6E67 		.ascii	"long long int\000"
 1185      206C6F6E 
 1185      6720696E 
 1185      7400
 1186              	.LASF14:
 1187 01d7 63686172 		.ascii	"char\000"
 1187      00
 1188              	.LASF33:
 1189 01dc 626C6555 		.ascii	"bleUart1_PutString\000"
 1189      61727431 
 1189      5F507574 
 1189      53747269 
 1189      6E6700
 1190              	.LASF2:
 1191 01ef 73686F72 		.ascii	"short int\000"
ARM GAS  C:\Users\BASILE~1.BER\AppData\Local\Temp\ccrOGN7V.s 			page 25


 1191      7420696E 
 1191      7400
 1192              	.LASF11:
 1193 01f9 75696E74 		.ascii	"uint8\000"
 1193      3800
 1194              	.LASF38:
 1195 01ff 433A5C55 		.ascii	"C:\\Users\\basile.berckmoes\\Documents\\GitHub\\Rob"
 1195      73657273 
 1195      5C626173 
 1195      696C652E 
 1195      62657263 
 1196 022d 6F74436F 		.ascii	"otComp2ELO\\Software\\PSoc\\Ble\\ProjectBle\\Design"
 1196      6D703245 
 1196      4C4F5C53 
 1196      6F667477 
 1196      6172655C 
 1197 025b 30312E63 		.ascii	"01.cydsn\000"
 1197      7964736E 
 1197      00
 1198              	.LASF25:
 1199 0264 70776D6C 		.ascii	"pwml\000"
 1199      00
 1200              	.LASF4:
 1201 0269 6C6F6E67 		.ascii	"long int\000"
 1201      20696E74 
 1201      00
 1202              	.LASF26:
 1203 0272 70776D72 		.ascii	"pwmr\000"
 1203      00
 1204              	.LASF15:
 1205 0277 6C6F6E67 		.ascii	"long double\000"
 1205      20646F75 
 1205      626C6500 
 1206              	.LASF0:
 1207 0283 7369676E 		.ascii	"signed char\000"
 1207      65642063 
 1207      68617200 
 1208              	.LASF32:
 1209 028f 73707269 		.ascii	"sprintf\000"
 1209      6E746600 
 1210              	.LASF21:
 1211 0297 50726F63 		.ascii	"ProcessCommandMsg\000"
 1211      65737343 
 1211      6F6D6D61 
 1211      6E644D73 
 1211      6700
 1212              		.ident	"GCC: (GNU Tools for ARM Embedded Processors) 5.4.1 20160609 (release) [ARM/embedded-5-bran
