Loading plugins phase: Elapsed time ==> 0s.355ms
<CYPRESSTAG name="CyDsfit arguments...">
cydsfit arguments: -.fdsnotice -.fdswarpdepfile=warp_dependencies.txt -.fdselabdepfile=elab_dependencies.txt -.fdsbldfile=generated_files.txt -.fdsreffile=referenced_files.txt -p C:\Users\Jona\Documents\GitHub\RobotComp2ELO\Software\PSoc\Ble\ProjectBle\Design01.cydsn\Design01.cyprj -d CY8C5688LTI-LP086 -s C:\Users\Jona\Documents\GitHub\RobotComp2ELO\Software\PSoc\Ble\ProjectBle\Design01.cydsn\Generated_Source\PSoC5 -- -yv2 -q10 -ygs -o2 -v3 -.fftcfgtype=LE
</CYPRESSTAG>
<CYPRESSTAG name="Design elaboration results...">
ADD: sdb.M0033: error: The instance 'JoyStickADC', of component ADC_SAR_SEQ_v2_10, contains an error. Unable to locate and customize component 'ADC_SAR_SEQ_v2_10' used in schematic 'C:\Users\Jona\Documents\GitHub\RobotComp2ELO\Software\PSoc\Ble\ProjectBle\Design01.cydsn\TopDesign\TopDesign.cysch'.
 *  (Component Update Tool)
 * C:\Users\Jona\Documents\GitHub\RobotComp2ELO\Software\PSoc\Ble\ProjectBle\Design01.cydsn\TopDesign\TopDesign.cysch (Instance:JoyStickADC)

ADD: sdb.M0033: error: The instance 'sendBleDataTimer', of component Timer_v2_80, contains an error. Unable to locate and customize component 'Timer_v2_80' used in schematic 'C:\Users\Jona\Documents\GitHub\RobotComp2ELO\Software\PSoc\Ble\ProjectBle\Design01.cydsn\TopDesign\TopDesign.cysch'.
 *  (Component Update Tool)
 * C:\Users\Jona\Documents\GitHub\RobotComp2ELO\Software\PSoc\Ble\ProjectBle\Design01.cydsn\TopDesign\TopDesign.cysch (Instance:sendBleDataTimer)

ADD: sdb.M0025: error: No input on Instance "sendBleDataISR", terminal "int_signal".
 * C:\Users\Jona\Documents\GitHub\RobotComp2ELO\Software\PSoc\Ble\ProjectBle\Design01.cydsn\TopDesign\TopDesign.cysch (Signal: Net_198)
 * C:\Users\Jona\Documents\GitHub\RobotComp2ELO\Software\PSoc\Ble\ProjectBle\Design01.cydsn\TopDesign\TopDesign.cysch (Shape_180)
 * C:\Users\Jona\Documents\GitHub\RobotComp2ELO\Software\PSoc\Ble\ProjectBle\Design01.cydsn\TopDesign\TopDesign.cysch (Shape_61.1)

ADD: sdb.M0050: error: Terminal "int_signal" requires connection when it is visible.
 * C:\Users\Jona\Documents\GitHub\RobotComp2ELO\Software\PSoc\Ble\ProjectBle\Design01.cydsn\TopDesign\TopDesign.cysch (Signal: Net_198)
 * C:\Users\Jona\Documents\GitHub\RobotComp2ELO\Software\PSoc\Ble\ProjectBle\Design01.cydsn\TopDesign\TopDesign.cysch (Shape_180)
 * C:\Users\Jona\Documents\GitHub\RobotComp2ELO\Software\PSoc\Ble\ProjectBle\Design01.cydsn\TopDesign\TopDesign.cysch (Shape_61.1)

ADD: sdb.M0065: information: Analog terminal "pinY.analog_0" on TopDesign is unconnected.
 * C:\Users\Jona\Documents\GitHub\RobotComp2ELO\Software\PSoc\Ble\ProjectBle\Design01.cydsn\TopDesign\TopDesign.cysch (Signal: Net_64)
 * C:\Users\Jona\Documents\GitHub\RobotComp2ELO\Software\PSoc\Ble\ProjectBle\Design01.cydsn\TopDesign\TopDesign.cysch (Shape_49.1)

ADD: sdb.M0065: information: Analog terminal "pinX.analog_0" on TopDesign is unconnected.
 * C:\Users\Jona\Documents\GitHub\RobotComp2ELO\Software\PSoc\Ble\ProjectBle\Design01.cydsn\TopDesign\TopDesign.cysch (Signal: Net_63)
 * C:\Users\Jona\Documents\GitHub\RobotComp2ELO\Software\PSoc\Ble\ProjectBle\Design01.cydsn\TopDesign\TopDesign.cysch (Shape_48.1)

ADD: sdb.M0025: error: No input on Instance "eocJoystickISR", terminal "int_signal".
 * C:\Users\Jona\Documents\GitHub\RobotComp2ELO\Software\PSoc\Ble\ProjectBle\Design01.cydsn\TopDesign\TopDesign.cysch (Signal: Net_62)
 * C:\Users\Jona\Documents\GitHub\RobotComp2ELO\Software\PSoc\Ble\ProjectBle\Design01.cydsn\TopDesign\TopDesign.cysch (Shape_50.1)

ADD: sdb.M0050: error: Terminal "int_signal" requires connection when it is visible.
 * C:\Users\Jona\Documents\GitHub\RobotComp2ELO\Software\PSoc\Ble\ProjectBle\Design01.cydsn\TopDesign\TopDesign.cysch (Signal: Net_62)
 * C:\Users\Jona\Documents\GitHub\RobotComp2ELO\Software\PSoc\Ble\ProjectBle\Design01.cydsn\TopDesign\TopDesign.cysch (Shape_50.1)

</CYPRESSTAG>
Elaboration phase: Elapsed time ==> 4s.756ms
