--------------- Rebuild Started: 04/01/2018 14:58:56 Project: Roadster1.0, Configuration: ARM GCC 5.4-2016-q2-update Debug ---------------
Deleting file ".\CortexM3\ARM_GCC_541\Debug\main.o"
Deleting file ".\CortexM3\ARM_GCC_541\Debug\myUART.o"
Deleting file ".\CortexM3\ARM_GCC_541\Debug\cyfitter_cfg.o"
Deleting file ".\CortexM3\ARM_GCC_541\Debug\cymetadata.o"
Deleting file ".\CortexM3\ARM_GCC_541\Debug\IR1.o"
Deleting file ".\CortexM3\ARM_GCC_541\Debug\IR2.o"
Deleting file ".\CortexM3\ARM_GCC_541\Debug\IR3.o"
Deleting file ".\CortexM3\ARM_GCC_541\Debug\IR4.o"
Deleting file ".\CortexM3\ARM_GCC_541\Debug\IR5.o"
Deleting file ".\CortexM3\ARM_GCC_541\Debug\IR6.o"
Deleting file ".\CortexM3\ARM_GCC_541\Debug\IR7.o"
Deleting file ".\CortexM3\ARM_GCC_541\Debug\IR8.o"
Deleting file ".\CortexM3\ARM_GCC_541\Debug\Cm3Start.o"
Deleting file ".\CortexM3\ARM_GCC_541\Debug\CyBootAsmGnu.o"
Deleting file ".\CortexM3\ARM_GCC_541\Debug\CyDmac.o"
Deleting file ".\CortexM3\ARM_GCC_541\Debug\CyFlash.o"
Deleting file ".\CortexM3\ARM_GCC_541\Debug\CyLib.o"
Deleting file ".\CortexM3\ARM_GCC_541\Debug\cyPm.o"
Deleting file ".\CortexM3\ARM_GCC_541\Debug\CySpc.o"
Deleting file ".\CortexM3\ARM_GCC_541\Debug\cyutils.o"
Deleting file ".\CortexM3\ARM_GCC_541\Debug\ADC_IR.o"
Deleting file ".\CortexM3\ARM_GCC_541\Debug\ADC_IR_PM.o"
Deleting file ".\CortexM3\ARM_GCC_541\Debug\ADC_IR_INT.o"
Deleting file ".\CortexM3\ARM_GCC_541\Debug\LED1.o"
Deleting file ".\CortexM3\ARM_GCC_541\Debug\LED2.o"
Deleting file ".\CortexM3\ARM_GCC_541\Debug\LED3.o"
Deleting file ".\CortexM3\ARM_GCC_541\Debug\LED4.o"
Deleting file ".\CortexM3\ARM_GCC_541\Debug\LED5.o"
Deleting file ".\CortexM3\ARM_GCC_541\Debug\ADC_IR_SAR.o"
Deleting file ".\CortexM3\ARM_GCC_541\Debug\ADC_IR_SAR_INT.o"
Deleting file ".\CortexM3\ARM_GCC_541\Debug\ADC_IR_SAR_PM.o"
Deleting file ".\CortexM3\ARM_GCC_541\Debug\ADC_IR_IntClock.o"
Deleting file ".\CortexM3\ARM_GCC_541\Debug\ADC_IR_TempBuf_dma.o"
Deleting file ".\CortexM3\ARM_GCC_541\Debug\ADC_IR_FinalBuf_dma.o"
Deleting file ".\CortexM3\ARM_GCC_541\Debug\ADC_IR_IRQ.o"
Deleting file ".\CortexM3\ARM_GCC_541\Debug\SW1.o"
Deleting file ".\CortexM3\ARM_GCC_541\Debug\SW2.o"
Deleting file ".\CortexM3\ARM_GCC_541\Debug\MotorControl.o"
Deleting file ".\CortexM3\ARM_GCC_541\Debug\MotorControl_PM.o"
Deleting file ".\CortexM3\ARM_GCC_541\Debug\Clock_1.o"
Deleting file ".\CortexM3\ARM_GCC_541\Debug\LCD.o"
Deleting file ".\CortexM3\ARM_GCC_541\Debug\LCD_PM.o"
Deleting file ".\CortexM3\ARM_GCC_541\Debug\LCD_CustChars.o"
Deleting file ".\CortexM3\ARM_GCC_541\Debug\LCD_LCDPort.o"
Deleting file ".\CortexM3\ARM_GCC_541\Debug\readIRSensors.o"
Deleting file ".\CortexM3\ARM_GCC_541\Debug\TimerUS.o"
Deleting file ".\CortexM3\ARM_GCC_541\Debug\TimerUS_PM.o"
Deleting file ".\CortexM3\ARM_GCC_541\Debug\isrUltraSonen.o"
Deleting file ".\CortexM3\ARM_GCC_541\Debug\TriggerReg.o"
Deleting file ".\CortexM3\ARM_GCC_541\Debug\TriggerReg_PM.o"
Deleting file ".\CortexM3\ARM_GCC_541\Debug\selectUS.o"
Deleting file ".\CortexM3\ARM_GCC_541\Debug\selectUS_PM.o"
Deleting file ".\CortexM3\ARM_GCC_541\Debug\statusEcho.o"
Deleting file ".\CortexM3\ARM_GCC_541\Debug\cy_em_eeprom.o"
Deleting file ".\CortexM3\ARM_GCC_541\Debug\ENA.o"
Deleting file ".\CortexM3\ARM_GCC_541\Debug\ENB.o"
Deleting file ".\CortexM3\ARM_GCC_541\Debug\IN1.o"
Deleting file ".\CortexM3\ARM_GCC_541\Debug\IN2.o"
Deleting file ".\CortexM3\ARM_GCC_541\Debug\IN3.o"
Deleting file ".\CortexM3\ARM_GCC_541\Debug\IN4.o"
Deleting file ".\CortexM3\ARM_GCC_541\Debug\Clock_3.o"
Deleting file ".\CortexM3\ARM_GCC_541\Debug\EnMotorISR.o"
Deleting file ".\CortexM3\ARM_GCC_541\Debug\BleVdac.o"
Deleting file ".\CortexM3\ARM_GCC_541\Debug\BleVdac_PM.o"
Deleting file ".\CortexM3\ARM_GCC_541\Debug\BleOpamp.o"
Deleting file ".\CortexM3\ARM_GCC_541\Debug\BleOpamp_PM.o"
Deleting file ".\CortexM3\ARM_GCC_541\Debug\BleKey.o"
Deleting file ".\CortexM3\ARM_GCC_541\Debug\BleState.o"
Deleting file ".\CortexM3\ARM_GCC_541\Debug\BleUart1.o"
Deleting file ".\CortexM3\ARM_GCC_541\Debug\BleUart1_PM.o"
Deleting file ".\CortexM3\ARM_GCC_541\Debug\BleUart1_INT.o"
Deleting file ".\CortexM3\ARM_GCC_541\Debug\BleUart1_BOOT.o"
Deleting file ".\CortexM3\ARM_GCC_541\Debug\BleUart1_IntClock.o"
Deleting file ".\CortexM3\ARM_GCC_541\Debug\bleRxISR1.o"
Deleting file ".\CortexM3\ARM_GCC_541\Debug\Roadster1.0.hex"
Deleting file ".\CortexM3\ARM_GCC_541\Debug\Roadster1.0.elf"
Deleting file ".\CortexM3\ARM_GCC_541\Debug\Roadster1.0.map"
Deleting file ".\Roadster1.0.cycdx"
Deleting file ".\Roadster1.0.svd"
Deleting file ".\Roadster1.0.rpt"
Deleting file ".\Roadster1.0_timing.html"
Deleting file ".\CortexM3\ARM_GCC_541\Debug\.deps\SOURCE_C__ARM_GCC_GENERIC.P"
Deleting file ".\CortexM3\ARM_GCC_541\Debug\.deps\SOURCE_ASM__ARM_GCC_GENERIC.P"
cydsfit.exe -.appdatapath "C:\Users\BasileBerckmoes\AppData\Local\Cypress Semiconductor\PSoC Creator\4.2" -.fdsnotice -.fdswarpdepfile=warp_dependencies.txt -.fdselabdepfile=elab_dependencies.txt -.fdsbldfile=generated_files.txt -.fdsreffile=referenced_files.txt -p C:\Users\BasileBerckmoes\Documents\GitHub\RobotComp2ELO\Software\PSoc\Roadster\Roadster\Roadster1.0.cydsn\Roadster1.0.cyprj -d CY8C5888LTI-LP097 -s C:\Users\BasileBerckmoes\Documents\GitHub\RobotComp2ELO\Software\PSoc\Roadster\Roadster\Roadster1.0.cydsn\Generated_Source\PSoC5 -- -yv2 -q10 -ygs -o2 -v3 -.fftcfgtype=LE
Elaborating Design...
ADD: sdb.M0065: information: Analog terminal "vdac_ref" on ADC_SAR_SEQ_v2_10 is unconnected.
 * C:\Program Files (x86)\Cypress\PSoC Creator\4.2\PSoC Creator\psoc\content\CyComponentLibrary\CyComponentLibrary.cylib\ADC_SAR_SEQ_v2_10\PSoC5\ADC_SAR_SEQ_v2_10.cysch (Signal: vdac_ref)
 * C:\Program Files (x86)\Cypress\PSoC Creator\4.2\PSoC Creator\psoc\content\CyComponentLibrary\CyComponentLibrary.cylib\ADC_SAR_SEQ_v2_10\PSoC5\ADC_SAR_SEQ_v2_10.cysch (Shape_798)
 * C:\Program Files (x86)\Cypress\PSoC Creator\4.2\PSoC Creator\psoc\content\CyComponentLibrary\CyComponentLibrary.cylib\ADC_SAR_SEQ_v2_10\PSoC5\ADC_SAR_SEQ_v2_10.cysch (Shape_885)
HDL Generation...
Synthesis...
Tech Mapping...
Analog Placement...
Info: apr.M0002: Analog signal "Net_535" is connected to one terminal only. (App=cydsfit)
Info: apr.M0002: Analog signal "Net_536" is connected to one terminal only. (App=cydsfit)
Info: apr.M0002: Analog signal "Net_538" is connected to one terminal only. (App=cydsfit)
Info: apr.M0002: Analog signal "Net_540" is connected to one terminal only. (App=cydsfit)
Info: apr.M0002: Analog signal "Net_541" is connected to one terminal only. (App=cydsfit)
Info: apr.M0002: Analog signal "Net_543" is connected to one terminal only. (App=cydsfit)
Info: apr.M0002: Analog signal "Net_545" is connected to one terminal only. (App=cydsfit)
Info: apr.M0002: Analog signal "Net_546" is connected to one terminal only. (App=cydsfit)
Info: apr.M0002: Analog signal "Net_548" is connected to one terminal only. (App=cydsfit)
Info: apr.M0002: Analog signal "Net_550" is connected to one terminal only. (App=cydsfit)
Info: apr.M0002: Analog signal "Net_551" is connected to one terminal only. (App=cydsfit)
Info: apr.M0002: Analog signal "Net_553" is connected to one terminal only. (App=cydsfit)
Info: apr.M0002: Analog signal "Net_555" is connected to one terminal only. (App=cydsfit)
Info: apr.M0002: Analog signal "Net_556" is connected to one terminal only. (App=cydsfit)
Info: apr.M0002: Analog signal "Net_558" is connected to one terminal only. (App=cydsfit)
Info: apr.M0002: Analog signal "Net_560" is connected to one terminal only. (App=cydsfit)
Info: apr.M0002: Analog signal "Net_561" is connected to one terminal only. (App=cydsfit)
Info: apr.M0002: Analog signal "Net_563" is connected to one terminal only. (App=cydsfit)
Info: apr.M0002: Analog signal "Net_565" is connected to one terminal only. (App=cydsfit)
Info: apr.M0002: Analog signal "Net_566" is connected to one terminal only. (App=cydsfit)
Info: apr.M0002: Analog signal "Net_568" is connected to one terminal only. (App=cydsfit)
Info: apr.M0002: Analog signal "Net_570" is connected to one terminal only. (App=cydsfit)
Info: apr.M0002: Analog signal "Net_571" is connected to one terminal only. (App=cydsfit)
Info: apr.M0002: Analog signal "Net_573" is connected to one terminal only. (App=cydsfit)
Info: apr.M0002: Analog signal "Net_575" is connected to one terminal only. (App=cydsfit)
Info: apr.M0002: Analog signal "Net_576" is connected to one terminal only. (App=cydsfit)
Info: apr.M0002: Analog signal "Net_578" is connected to one terminal only. (App=cydsfit)
Info: apr.M0002: Analog signal "Net_580" is connected to one terminal only. (App=cydsfit)
Info: apr.M0002: Analog signal "Net_581" is connected to one terminal only. (App=cydsfit)
Info: apr.M0002: Analog signal "Net_583" is connected to one terminal only. (App=cydsfit)
Info: apr.M0002: Analog signal "Net_585" is connected to one terminal only. (App=cydsfit)
Info: apr.M0002: Analog signal "Net_586" is connected to one terminal only. (App=cydsfit)
Info: apr.M0002: Analog signal "Net_588" is connected to one terminal only. (App=cydsfit)
Info: apr.M0002: Analog signal "Net_590" is connected to one terminal only. (App=cydsfit)
Info: apr.M0002: Analog signal "Net_591" is connected to one terminal only. (App=cydsfit)
Info: apr.M0002: Analog signal "Net_593" is connected to one terminal only. (App=cydsfit)
Info: apr.M0002: Analog signal "Net_595" is connected to one terminal only. (App=cydsfit)
Info: apr.M0002: Analog signal "Net_596" is connected to one terminal only. (App=cydsfit)
Info: apr.M0002: Analog signal "Net_598" is connected to one terminal only. (App=cydsfit)
Info: apr.M0002: Analog signal "Net_600" is connected to one terminal only. (App=cydsfit)
Info: apr.M0002: Analog signal "Net_601" is connected to one terminal only. (App=cydsfit)
Info: apr.M0002: Analog signal "Net_602" is connected to one terminal only. (App=cydsfit)
Info: apr.M0002: Analog signal "Net_603" is connected to one terminal only. (App=cydsfit)
Info: apr.M0002: Analog signal "Net_604" is connected to one terminal only. (App=cydsfit)
Info: apr.M0002: Analog signal "Net_605" is connected to one terminal only. (App=cydsfit)
Info: apr.M0002: Analog signal "Net_606" is connected to one terminal only. (App=cydsfit)
Info: apr.M0002: Analog signal "Net_607" is connected to one terminal only. (App=cydsfit)
Info: apr.M0002: Analog signal "Net_608" is connected to one terminal only. (App=cydsfit)
Info: apr.M0002: Analog signal "Net_609" is connected to one terminal only. (App=cydsfit)
Info: apr.M0002: Analog signal "Net_610" is connected to one terminal only. (App=cydsfit)
Info: apr.M0002: Analog signal "Net_611" is connected to one terminal only. (App=cydsfit)
Info: apr.M0002: Analog signal "Net_612" is connected to one terminal only. (App=cydsfit)
Info: apr.M0002: Analog signal "Net_613" is connected to one terminal only. (App=cydsfit)
Info: apr.M0002: Analog signal "Net_614" is connected to one terminal only. (App=cydsfit)
Info: apr.M0002: Analog signal "Net_615" is connected to one terminal only. (App=cydsfit)
Info: apr.M0002: Analog signal "Net_616" is connected to one terminal only. (App=cydsfit)
Log: apr.M0058: The analog placement iterative improvement is 46% done. (App=cydsfit)
Analog Routing...
Analog Code Generation...
Digital Placement...
Digital Routing...
Bitstream Generation...
Bitstream Verification...
Static timing analysis...
API Generation...
Dependency Generation...
Cleanup...
arm-none-eabi-gcc.exe -mcpu=cortex-m3 -mthumb -I. -IGenerated_Source\PSoC5 -Wa,-alh=.\CortexM3\ARM_GCC_541\Debug/main.lst -g -D DEBUG -D CY_CORE_ID=0 -Wall -ffunction-sections -ffat-lto-objects -Og -c main.c -o .\CortexM3\ARM_GCC_541\Debug\main.o
main.c: In function 'main':
main.c:67:5: warning: implicit declaration of function 'bleRxISR1_StartEx' [-Wimplicit-function-declaration]
     bleRxISR1_StartEx(BleDataBinnen);
     ^
main.c: In function 'initFirmwire':
main.c:130:5: warning: implicit declaration of function 'BleVdac_Start' [-Wimplicit-function-declaration]
     BleVdac_Start();
     ^
main.c:131:5: warning: implicit declaration of function 'BleOpamp_Start' [-Wimplicit-function-declaration]
     BleOpamp_Start();
     ^
main.c:132:5: warning: implicit declaration of function 'BleUart1_Start' [-Wimplicit-function-declaration]
     BleUart1_Start();
     ^
In file included from Generated_Source\PSoC5/project.h:57:0,
                 from main.c:14:
main.c: In function 'printTextopLCD':
Generated_Source\PSoC5/LCD.h:130:38: warning: statement with no effect [-Wunused-value]
 #define LCD_CLEAR_DISPLAY            (0x01u)
                                      ^
main.c:173:5: note: in expansion of macro 'LCD_CLEAR_DISPLAY'
     LCD_CLEAR_DISPLAY; //Clear display
     ^
arm-none-eabi-gcc.exe -mcpu=cortex-m3 -mthumb -I. -IGenerated_Source\PSoC5 -Wa,-alh=.\CortexM3\ARM_GCC_541\Debug/myUART.lst -g -D DEBUG -D CY_CORE_ID=0 -Wall -ffunction-sections -ffat-lto-objects -Og -c ..\myUART.c -o .\CortexM3\ARM_GCC_541\Debug\myUART.o
..\myUART.c: In function 'MyRxInt':
..\myUART.c:32:11: warning: implicit declaration of function 'BleUart1_ReadRxStatus' [-Wimplicit-function-declaration]
     while(BleUart1_ReadRxStatus() & BleUart1_RX_STS_FIFO_NOTEMPTY)
           ^
..\myUART.c:32:37: error: 'BleUart1_RX_STS_FIFO_NOTEMPTY' undeclared (first use in this function)
     while(BleUart1_ReadRxStatus() & BleUart1_RX_STS_FIFO_NOTEMPTY)
                                     ^
..\myUART.c:32:37: note: each undeclared identifier is reported only once for each function it appears in
..\myUART.c:34:21: warning: implicit declaration of function 'BleUart1_ReadRxData' [-Wimplicit-function-declaration]
   *RxWriteIndex++ = BleUart1_ReadRxData();
                     ^
The command 'arm-none-eabi-gcc.exe' failed with exit code '1'.
--------------- Rebuild Failed: 04/01/2018 14:59:15 ---------------
