ARM GAS  C:\Users\BASILE~1.BER\AppData\Local\Temp\cchIN9Gh.s 			page 1


   1              		.syntax unified
   2              		.cpu cortex-m3
   3              		.fpu softvfp
   4              		.eabi_attribute 20, 1
   5              		.eabi_attribute 21, 1
   6              		.eabi_attribute 23, 3
   7              		.eabi_attribute 24, 1
   8              		.eabi_attribute 25, 1
   9              		.eabi_attribute 26, 1
  10              		.eabi_attribute 30, 1
  11              		.eabi_attribute 34, 1
  12              		.eabi_attribute 18, 4
  13              		.thumb
  14              		.syntax unified
  15              		.file	"cymetadata.c"
  16              		.text
  17              	.Ltext0:
  18              		.cfi_sections	.debug_frame
  19              		.global	cy_metadata
  20              		.global	cy_meta_flashprotect
  21              		.global	cy_meta_wonvl
  22              		.global	cy_meta_custnvl
  23              		.global	cy_meta_configecc
  24              		.section	.cyconfigecc,"a",%progbits
  25              		.align	2
  26              		.type	cy_meta_configecc, %object
  27              		.size	cy_meta_configecc, 1548
  28              	cy_meta_configecc:
  29 0000 03       		.byte	3
  30 0001 52       		.byte	82
  31 0002 00       		.byte	0
  32 0003 40       		.byte	64
  33 0004 04       		.byte	4
  34 0005 64       		.byte	100
  35 0006 00       		.byte	0
  36 0007 40       		.byte	64
  37 0008 02       		.byte	2
  38 0009 65       		.byte	101
  39 000a 00       		.byte	0
  40 000b 40       		.byte	64
  41 000c 02       		.byte	2
  42 000d 05       		.byte	5
  43 000e 01       		.byte	1
  44 000f 40       		.byte	64
  45 0010 01       		.byte	1
  46 0011 07       		.byte	7
  47 0012 01       		.byte	1
  48 0013 40       		.byte	64
  49 0014 63       		.byte	99
  50 0015 08       		.byte	8
  51 0016 01       		.byte	1
  52 0017 40       		.byte	64
  53 0018 4B       		.byte	75
  54 0019 09       		.byte	9
  55 001a 01       		.byte	1
  56 001b 40       		.byte	64
  57 001c 5F       		.byte	95
ARM GAS  C:\Users\BASILE~1.BER\AppData\Local\Temp\cchIN9Gh.s 			page 2


  58 001d 0A       		.byte	10
  59 001e 01       		.byte	1
  60 001f 40       		.byte	64
  61 0020 3A       		.byte	58
  62 0021 0B       		.byte	11
  63 0022 01       		.byte	1
  64 0023 40       		.byte	64
  65 0024 01       		.byte	1
  66 0025 17       		.byte	23
  67 0026 01       		.byte	1
  68 0027 40       		.byte	64
  69 0028 6F       		.byte	111
  70 0029 18       		.byte	24
  71 002a 01       		.byte	1
  72 002b 40       		.byte	64
  73 002c 42       		.byte	66
  74 002d 19       		.byte	25
  75 002e 01       		.byte	1
  76 002f 40       		.byte	64
  77 0030 4E       		.byte	78
  78 0031 1A       		.byte	26
  79 0032 01       		.byte	1
  80 0033 40       		.byte	64
  81 0034 44       		.byte	68
  82 0035 1B       		.byte	27
  83 0036 01       		.byte	1
  84 0037 40       		.byte	64
  85 0038 04       		.byte	4
  86 0039 40       		.byte	64
  87 003a 01       		.byte	1
  88 003b 40       		.byte	64
  89 003c 03       		.byte	3
  90 003d 41       		.byte	65
  91 003e 01       		.byte	1
  92 003f 40       		.byte	64
  93 0040 09       		.byte	9
  94 0041 42       		.byte	66
  95 0042 01       		.byte	1
  96 0043 40       		.byte	64
  97 0044 04       		.byte	4
  98 0045 43       		.byte	67
  99 0046 01       		.byte	1
 100 0047 40       		.byte	64
 101 0048 01       		.byte	1
 102 0049 47       		.byte	71
 103 004a 01       		.byte	1
 104 004b 40       		.byte	64
 105 004c 02       		.byte	2
 106 004d 48       		.byte	72
 107 004e 01       		.byte	1
 108 004f 40       		.byte	64
 109 0050 03       		.byte	3
 110 0051 4C       		.byte	76
 111 0052 01       		.byte	1
 112 0053 40       		.byte	64
 113 0054 09       		.byte	9
 114 0055 4D       		.byte	77
ARM GAS  C:\Users\BASILE~1.BER\AppData\Local\Temp\cchIN9Gh.s 			page 3


 115 0056 01       		.byte	1
 116 0057 40       		.byte	64
 117 0058 08       		.byte	8
 118 0059 50       		.byte	80
 119 005a 01       		.byte	1
 120 005b 40       		.byte	64
 121 005c 01       		.byte	1
 122 005d 51       		.byte	81
 123 005e 01       		.byte	1
 124 005f 40       		.byte	64
 125 0060 0C       		.byte	12
 126 0061 40       		.byte	64
 127 0062 61       		.byte	97
 128 0063 84       		.byte	-124
 129 0064 64       		.byte	100
 130 0065 40       		.byte	64
 131 0066 88       		.byte	-120
 132 0067 38       		.byte	56
 133 0068 89       		.byte	-119
 134 0069 72       		.byte	114
 135 006a 8A       		.byte	-118
 136 006b 0F       		.byte	15
 137 006c 8B       		.byte	-117
 138 006d 0F       		.byte	15
 139 006e 89       		.byte	-119
 140 006f 38       		.byte	56
 141 0070 8B       		.byte	-117
 142 0071 72       		.byte	114
 143 0072 E2       		.byte	-30
 144 0073 08       		.byte	8
 145 0074 E6       		.byte	-26
 146 0075 01       		.byte	1
 147 0076 E6       		.byte	-26
 148 0077 02       		.byte	2
 149 0078 03       		.byte	3
 150 0079 4C       		.byte	76
 151 007a 04       		.byte	4
 152 007b 20       		.byte	32
 153 007c 06       		.byte	6
 154 007d 45       		.byte	69
 155 007e 07       		.byte	7
 156 007f 13       		.byte	19
 157 0080 0C       		.byte	12
 158 0081 0A       		.byte	10
 159 0082 0E       		.byte	14
 160 0083 54       		.byte	84
 161 0084 11       		.byte	17
 162 0085 6C       		.byte	108
 163 0086 13       		.byte	19
 164 0087 03       		.byte	3
 165 0088 14       		.byte	20
 166 0089 03       		.byte	3
 167 008a 15       		.byte	21
 168 008b 31       		.byte	49
 169 008c 16       		.byte	22
 170 008d 44       		.byte	68
 171 008e 17       		.byte	23
ARM GAS  C:\Users\BASILE~1.BER\AppData\Local\Temp\cchIN9Gh.s 			page 4


 172 008f 0E       		.byte	14
 173 0090 1E       		.byte	30
 174 0091 08       		.byte	8
 175 0092 24       		.byte	36
 176 0093 53       		.byte	83
 177 0094 25       		.byte	37
 178 0095 31       		.byte	49
 179 0096 26       		.byte	38
 180 0097 04       		.byte	4
 181 0098 27       		.byte	39
 182 0099 46       		.byte	70
 183 009a 28       		.byte	40
 184 009b 53       		.byte	83
 185 009c 2A       		.byte	42
 186 009d 0C       		.byte	12
 187 009e 2F       		.byte	47
 188 009f 08       		.byte	8
 189 00a0 32       		.byte	50
 190 00a1 40       		.byte	64
 191 00a2 33       		.byte	51
 192 00a3 30       		.byte	48
 193 00a4 34       		.byte	52
 194 00a5 0F       		.byte	15
 195 00a6 35       		.byte	53
 196 00a7 4A       		.byte	74
 197 00a8 36       		.byte	54
 198 00a9 30       		.byte	48
 199 00aa 37       		.byte	55
 200 00ab 0F       		.byte	15
 201 00ac 38       		.byte	56
 202 00ad 80       		.byte	-128
 203 00ae 39       		.byte	57
 204 00af 08       		.byte	8
 205 00b0 3A       		.byte	58
 206 00b1 20       		.byte	32
 207 00b2 3B       		.byte	59
 208 00b3 A0       		.byte	-96
 209 00b4 3E       		.byte	62
 210 00b5 04       		.byte	4
 211 00b6 3F       		.byte	63
 212 00b7 04       		.byte	4
 213 00b8 40       		.byte	64
 214 00b9 02       		.byte	2
 215 00ba 47       		.byte	71
 216 00bb 40       		.byte	64
 217 00bc 49       		.byte	73
 218 00bd FF       		.byte	-1
 219 00be 4A       		.byte	74
 220 00bf 07       		.byte	7
 221 00c0 4B       		.byte	75
 222 00c1 FF       		.byte	-1
 223 00c2 4C       		.byte	76
 224 00c3 40       		.byte	64
 225 00c4 4D       		.byte	77
 226 00c5 20       		.byte	32
 227 00c6 4E       		.byte	78
 228 00c7 F0       		.byte	-16
ARM GAS  C:\Users\BASILE~1.BER\AppData\Local\Temp\cchIN9Gh.s 			page 5


 229 00c8 4F       		.byte	79
 230 00c9 05       		.byte	5
 231 00ca 50       		.byte	80
 232 00cb 08       		.byte	8
 233 00cc 54       		.byte	84
 234 00cd 18       		.byte	24
 235 00ce 56       		.byte	86
 236 00cf 04       		.byte	4
 237 00d0 58       		.byte	88
 238 00d1 04       		.byte	4
 239 00d2 59       		.byte	89
 240 00d3 04       		.byte	4
 241 00d4 5A       		.byte	90
 242 00d5 04       		.byte	4
 243 00d6 5B       		.byte	91
 244 00d7 04       		.byte	4
 245 00d8 5F       		.byte	95
 246 00d9 01       		.byte	1
 247 00da 60       		.byte	96
 248 00db 40       		.byte	64
 249 00dc 61       		.byte	97
 250 00dd A8       		.byte	-88
 251 00de 62       		.byte	98
 252 00df 40       		.byte	64
 253 00e0 63       		.byte	99
 254 00e1 20       		.byte	32
 255 00e2 84       		.byte	-124
 256 00e3 01       		.byte	1
 257 00e4 85       		.byte	-123
 258 00e5 02       		.byte	2
 259 00e6 88       		.byte	-120
 260 00e7 01       		.byte	1
 261 00e8 89       		.byte	-119
 262 00e9 02       		.byte	2
 263 00ea 8D       		.byte	-115
 264 00eb 0C       		.byte	12
 265 00ec 8E       		.byte	-114
 266 00ed 02       		.byte	2
 267 00ee 90       		.byte	-112
 268 00ef 01       		.byte	1
 269 00f0 94       		.byte	-108
 270 00f1 01       		.byte	1
 271 00f2 97       		.byte	-105
 272 00f3 04       		.byte	4
 273 00f4 9D       		.byte	-99
 274 00f5 02       		.byte	2
 275 00f6 A1       		.byte	-95
 276 00f7 01       		.byte	1
 277 00f8 A5       		.byte	-91
 278 00f9 08       		.byte	8
 279 00fa A9       		.byte	-87
 280 00fb 0C       		.byte	12
 281 00fc AC       		.byte	-84
 282 00fd 04       		.byte	4
 283 00fe B0       		.byte	-80
 284 00ff 01       		.byte	1
 285 0100 B1       		.byte	-79
ARM GAS  C:\Users\BASILE~1.BER\AppData\Local\Temp\cchIN9Gh.s 			page 6


 286 0101 0C       		.byte	12
 287 0102 B2       		.byte	-78
 288 0103 02       		.byte	2
 289 0104 B3       		.byte	-77
 290 0105 01       		.byte	1
 291 0106 B4       		.byte	-76
 292 0107 04       		.byte	4
 293 0108 B7       		.byte	-73
 294 0109 02       		.byte	2
 295 010a B9       		.byte	-71
 296 010b 02       		.byte	2
 297 010c BE       		.byte	-66
 298 010d 11       		.byte	17
 299 010e BF       		.byte	-65
 300 010f 05       		.byte	5
 301 0110 C0       		.byte	-64
 302 0111 04       		.byte	4
 303 0112 C6       		.byte	-58
 304 0113 04       		.byte	4
 305 0114 C9       		.byte	-55
 306 0115 FF       		.byte	-1
 307 0116 CA       		.byte	-54
 308 0117 07       		.byte	7
 309 0118 CB       		.byte	-53
 310 0119 FF       		.byte	-1
 311 011a CC       		.byte	-52
 312 011b 40       		.byte	64
 313 011c CD       		.byte	-51
 314 011d 20       		.byte	32
 315 011e CE       		.byte	-50
 316 011f F0       		.byte	-16
 317 0120 CF       		.byte	-49
 318 0121 05       		.byte	5
 319 0122 D0       		.byte	-48
 320 0123 08       		.byte	8
 321 0124 D6       		.byte	-42
 322 0125 02       		.byte	2
 323 0126 D7       		.byte	-41
 324 0127 13       		.byte	19
 325 0128 D8       		.byte	-40
 326 0129 04       		.byte	4
 327 012a D9       		.byte	-39
 328 012b 04       		.byte	4
 329 012c DA       		.byte	-38
 330 012d 04       		.byte	4
 331 012e DB       		.byte	-37
 332 012f 04       		.byte	4
 333 0130 DC       		.byte	-36
 334 0131 10       		.byte	16
 335 0132 DD       		.byte	-35
 336 0133 11       		.byte	17
 337 0134 DF       		.byte	-33
 338 0135 01       		.byte	1
 339 0136 E0       		.byte	-32
 340 0137 40       		.byte	64
 341 0138 E1       		.byte	-31
 342 0139 A8       		.byte	-88
ARM GAS  C:\Users\BASILE~1.BER\AppData\Local\Temp\cchIN9Gh.s 			page 7


 343 013a E2       		.byte	-30
 344 013b 40       		.byte	64
 345 013c E3       		.byte	-29
 346 013d 20       		.byte	32
 347 013e 00       		.byte	0
 348 013f 08       		.byte	8
 349 0140 01       		.byte	1
 350 0141 40       		.byte	64
 351 0142 03       		.byte	3
 352 0143 08       		.byte	8
 353 0144 05       		.byte	5
 354 0145 08       		.byte	8
 355 0146 07       		.byte	7
 356 0147 01       		.byte	1
 357 0148 0A       		.byte	10
 358 0149 60       		.byte	96
 359 014a 0E       		.byte	14
 360 014b 01       		.byte	1
 361 014c 0F       		.byte	15
 362 014d 20       		.byte	32
 363 014e 12       		.byte	18
 364 014f 02       		.byte	2
 365 0150 16       		.byte	22
 366 0151 08       		.byte	8
 367 0152 17       		.byte	23
 368 0153 08       		.byte	8
 369 0154 19       		.byte	25
 370 0155 01       		.byte	1
 371 0156 1A       		.byte	26
 372 0157 10       		.byte	16
 373 0158 1B       		.byte	27
 374 0159 20       		.byte	32
 375 015a 1C       		.byte	28
 376 015b 20       		.byte	32
 377 015c 1E       		.byte	30
 378 015d 01       		.byte	1
 379 015e 1F       		.byte	31
 380 015f 10       		.byte	16
 381 0160 20       		.byte	32
 382 0161 02       		.byte	2
 383 0162 21       		.byte	33
 384 0163 02       		.byte	2
 385 0164 22       		.byte	34
 386 0165 04       		.byte	4
 387 0166 27       		.byte	39
 388 0167 29       		.byte	41
 389 0168 29       		.byte	41
 390 0169 26       		.byte	38
 391 016a 2E       		.byte	46
 392 016b 08       		.byte	8
 393 016c 2F       		.byte	47
 394 016d 12       		.byte	18
 395 016e 31       		.byte	49
 396 016f 08       		.byte	8
 397 0170 32       		.byte	50
 398 0171 40       		.byte	64
 399 0172 36       		.byte	54
ARM GAS  C:\Users\BASILE~1.BER\AppData\Local\Temp\cchIN9Gh.s 			page 8


 400 0173 08       		.byte	8
 401 0174 37       		.byte	55
 402 0175 09       		.byte	9
 403 0176 38       		.byte	56
 404 0177 40       		.byte	64
 405 0178 39       		.byte	57
 406 0179 14       		.byte	20
 407 017a 3D       		.byte	61
 408 017b 08       		.byte	8
 409 017c 3E       		.byte	62
 410 017d 01       		.byte	1
 411 017e 3F       		.byte	63
 412 017f 04       		.byte	4
 413 0180 41       		.byte	65
 414 0181 02       		.byte	2
 415 0182 47       		.byte	71
 416 0183 20       		.byte	32
 417 0184 4D       		.byte	77
 418 0185 08       		.byte	8
 419 0186 4F       		.byte	79
 420 0187 04       		.byte	4
 421 0188 51       		.byte	81
 422 0189 0C       		.byte	12
 423 018a 52       		.byte	82
 424 018b 40       		.byte	64
 425 018c 57       		.byte	87
 426 018d 02       		.byte	2
 427 018e 59       		.byte	89
 428 018f 01       		.byte	1
 429 0190 5F       		.byte	95
 430 0191 02       		.byte	2
 431 0192 64       		.byte	100
 432 0193 0A       		.byte	10
 433 0194 67       		.byte	103
 434 0195 40       		.byte	64
 435 0196 69       		.byte	105
 436 0197 14       		.byte	20
 437 0198 6A       		.byte	106
 438 0199 80       		.byte	-128
 439 019a 70       		.byte	112
 440 019b A8       		.byte	-88
 441 019c 83       		.byte	-125
 442 019d 20       		.byte	32
 443 019e 87       		.byte	-121
 444 019f 40       		.byte	64
 445 01a0 88       		.byte	-120
 446 01a1 10       		.byte	16
 447 01a2 89       		.byte	-119
 448 01a3 80       		.byte	-128
 449 01a4 90       		.byte	-112
 450 01a5 40       		.byte	64
 451 01a6 95       		.byte	-107
 452 01a7 08       		.byte	8
 453 01a8 96       		.byte	-106
 454 01a9 09       		.byte	9
 455 01aa 99       		.byte	-103
 456 01ab 26       		.byte	38
ARM GAS  C:\Users\BASILE~1.BER\AppData\Local\Temp\cchIN9Gh.s 			page 9


 457 01ac 9D       		.byte	-99
 458 01ad 80       		.byte	-128
 459 01ae 9E       		.byte	-98
 460 01af 48       		.byte	72
 461 01b0 9F       		.byte	-97
 462 01b1 01       		.byte	1
 463 01b2 A2       		.byte	-94
 464 01b3 02       		.byte	2
 465 01b4 A3       		.byte	-93
 466 01b5 10       		.byte	16
 467 01b6 A5       		.byte	-91
 468 01b7 04       		.byte	4
 469 01b8 A6       		.byte	-90
 470 01b9 08       		.byte	8
 471 01ba A7       		.byte	-89
 472 01bb 02       		.byte	2
 473 01bc B4       		.byte	-76
 474 01bd 08       		.byte	8
 475 01be B7       		.byte	-73
 476 01bf 01       		.byte	1
 477 01c0 C0       		.byte	-64
 478 01c1 A7       		.byte	-89
 479 01c2 C2       		.byte	-62
 480 01c3 AC       		.byte	-84
 481 01c4 C4       		.byte	-60
 482 01c5 61       		.byte	97
 483 01c6 CA       		.byte	-54
 484 01c7 57       		.byte	87
 485 01c8 CC       		.byte	-52
 486 01c9 CA       		.byte	-54
 487 01ca CE       		.byte	-50
 488 01cb CE       		.byte	-50
 489 01cc D0       		.byte	-48
 490 01cd 21       		.byte	33
 491 01ce D6       		.byte	-42
 492 01cf 81       		.byte	-127
 493 01d0 D8       		.byte	-40
 494 01d1 B0       		.byte	-80
 495 01d2 E4       		.byte	-28
 496 01d3 04       		.byte	4
 497 01d4 03       		.byte	3
 498 01d5 03       		.byte	3
 499 01d6 04       		.byte	4
 500 01d7 61       		.byte	97
 501 01d8 05       		.byte	5
 502 01d9 40       		.byte	64
 503 01da 06       		.byte	6
 504 01db 8E       		.byte	-114
 505 01dc 07       		.byte	7
 506 01dd 80       		.byte	-128
 507 01de 0B       		.byte	11
 508 01df 80       		.byte	-128
 509 01e0 0C       		.byte	12
 510 01e1 61       		.byte	97
 511 01e2 0D       		.byte	13
 512 01e3 B0       		.byte	-80
 513 01e4 0E       		.byte	14
ARM GAS  C:\Users\BASILE~1.BER\AppData\Local\Temp\cchIN9Gh.s 			page 10


 514 01e5 96       		.byte	-106
 515 01e6 0F       		.byte	15
 516 01e7 0C       		.byte	12
 517 01e8 15       		.byte	21
 518 01e9 09       		.byte	9
 519 01ea 16       		.byte	22
 520 01eb 1C       		.byte	28
 521 01ec 17       		.byte	23
 522 01ed 10       		.byte	16
 523 01ee 18       		.byte	24
 524 01ef 5C       		.byte	92
 525 01f0 19       		.byte	25
 526 01f1 14       		.byte	20
 527 01f2 1A       		.byte	26
 528 01f3 83       		.byte	-125
 529 01f4 22       		.byte	34
 530 01f5 08       		.byte	8
 531 01f6 25       		.byte	37
 532 01f7 1C       		.byte	28
 533 01f8 26       		.byte	38
 534 01f9 A3       		.byte	-93
 535 01fa 27       		.byte	39
 536 01fb A2       		.byte	-94
 537 01fc 28       		.byte	40
 538 01fd 60       		.byte	96
 539 01fe 29       		.byte	41
 540 01ff AC       		.byte	-84
 541 0200 2A       		.byte	42
 542 0201 80       		.byte	-128
 543 0202 2B       		.byte	43
 544 0203 11       		.byte	17
 545 0204 2D       		.byte	45
 546 0205 10       		.byte	16
 547 0206 30       		.byte	48
 548 0207 F0       		.byte	-16
 549 0208 31       		.byte	49
 550 0209 1F       		.byte	31
 551 020a 32       		.byte	50
 552 020b 0F       		.byte	15
 553 020c 33       		.byte	51
 554 020d 60       		.byte	96
 555 020e 34       		.byte	52
 556 020f 1A       		.byte	26
 557 0210 37       		.byte	55
 558 0211 80       		.byte	-128
 559 0212 39       		.byte	57
 560 0213 08       		.byte	8
 561 0214 3A       		.byte	58
 562 0215 2A       		.byte	42
 563 0216 3F       		.byte	63
 564 0217 40       		.byte	64
 565 0218 40       		.byte	64
 566 0219 53       		.byte	83
 567 021a 41       		.byte	65
 568 021b 06       		.byte	6
 569 021c 45       		.byte	69
 570 021d EB       		.byte	-21
ARM GAS  C:\Users\BASILE~1.BER\AppData\Local\Temp\cchIN9Gh.s 			page 11


 571 021e 46       		.byte	70
 572 021f C0       		.byte	-64
 573 0220 48       		.byte	72
 574 0221 0B       		.byte	11
 575 0222 49       		.byte	73
 576 0223 FF       		.byte	-1
 577 0224 4A       		.byte	74
 578 0225 FF       		.byte	-1
 579 0226 4B       		.byte	75
 580 0227 FF       		.byte	-1
 581 0228 4E       		.byte	78
 582 0229 F0       		.byte	-16
 583 022a 4F       		.byte	79
 584 022b 44       		.byte	68
 585 022c 50       		.byte	80
 586 022d 0C       		.byte	12
 587 022e 54       		.byte	84
 588 022f 01       		.byte	1
 589 0230 58       		.byte	88
 590 0231 04       		.byte	4
 591 0232 59       		.byte	89
 592 0233 04       		.byte	4
 593 0234 5A       		.byte	90
 594 0235 04       		.byte	4
 595 0236 5B       		.byte	91
 596 0237 04       		.byte	4
 597 0238 5C       		.byte	92
 598 0239 11       		.byte	17
 599 023a 5D       		.byte	93
 600 023b 11       		.byte	17
 601 023c 5F       		.byte	95
 602 023d 01       		.byte	1
 603 023e 66       		.byte	102
 604 023f C0       		.byte	-64
 605 0240 6A       		.byte	106
 606 0241 40       		.byte	64
 607 0242 6B       		.byte	107
 608 0243 02       		.byte	2
 609 0244 81       		.byte	-127
 610 0245 09       		.byte	9
 611 0246 83       		.byte	-125
 612 0247 10       		.byte	16
 613 0248 85       		.byte	-123
 614 0249 10       		.byte	16
 615 024a 87       		.byte	-121
 616 024b 0C       		.byte	12
 617 024c 8D       		.byte	-115
 618 024d 14       		.byte	20
 619 024e 91       		.byte	-111
 620 024f 1C       		.byte	28
 621 0250 93       		.byte	-109
 622 0251 02       		.byte	2
 623 0252 94       		.byte	-108
 624 0253 01       		.byte	1
 625 0254 95       		.byte	-107
 626 0255 0C       		.byte	12
 627 0256 97       		.byte	-105
ARM GAS  C:\Users\BASILE~1.BER\AppData\Local\Temp\cchIN9Gh.s 			page 12


 628 0257 11       		.byte	17
 629 0258 99       		.byte	-103
 630 0259 20       		.byte	32
 631 025a 9B       		.byte	-101
 632 025b 03       		.byte	3
 633 025c AD       		.byte	-83
 634 025d 10       		.byte	16
 635 025e B3       		.byte	-77
 636 025f 1F       		.byte	31
 637 0260 B4       		.byte	-76
 638 0261 01       		.byte	1
 639 0262 B5       		.byte	-75
 640 0263 20       		.byte	32
 641 0264 BE       		.byte	-66
 642 0265 10       		.byte	16
 643 0266 BF       		.byte	-65
 644 0267 10       		.byte	16
 645 0268 C0       		.byte	-64
 646 0269 23       		.byte	35
 647 026a C1       		.byte	-63
 648 026b 06       		.byte	6
 649 026c C6       		.byte	-58
 650 026d CB       		.byte	-53
 651 026e C7       		.byte	-57
 652 026f 0E       		.byte	14
 653 0270 C8       		.byte	-56
 654 0271 1C       		.byte	28
 655 0272 C9       		.byte	-55
 656 0273 FF       		.byte	-1
 657 0274 CA       		.byte	-54
 658 0275 FF       		.byte	-1
 659 0276 CB       		.byte	-53
 660 0277 FF       		.byte	-1
 661 0278 CE       		.byte	-50
 662 0279 F0       		.byte	-16
 663 027a CF       		.byte	-49
 664 027b 44       		.byte	68
 665 027c D0       		.byte	-48
 666 027d 0C       		.byte	12
 667 027e D4       		.byte	-44
 668 027f 01       		.byte	1
 669 0280 D6       		.byte	-42
 670 0281 04       		.byte	4
 671 0282 D8       		.byte	-40
 672 0283 04       		.byte	4
 673 0284 D9       		.byte	-39
 674 0285 04       		.byte	4
 675 0286 DA       		.byte	-38
 676 0287 04       		.byte	4
 677 0288 DB       		.byte	-37
 678 0289 04       		.byte	4
 679 028a DF       		.byte	-33
 680 028b 01       		.byte	1
 681 028c E6       		.byte	-26
 682 028d C0       		.byte	-64
 683 028e EA       		.byte	-22
 684 028f 40       		.byte	64
ARM GAS  C:\Users\BASILE~1.BER\AppData\Local\Temp\cchIN9Gh.s 			page 13


 685 0290 EB       		.byte	-21
 686 0291 02       		.byte	2
 687 0292 00       		.byte	0
 688 0293 44       		.byte	68
 689 0294 08       		.byte	8
 690 0295 10       		.byte	16
 691 0296 09       		.byte	9
 692 0297 08       		.byte	8
 693 0298 0C       		.byte	12
 694 0299 08       		.byte	8
 695 029a 11       		.byte	17
 696 029b 14       		.byte	20
 697 029c 12       		.byte	18
 698 029d 40       		.byte	64
 699 029e 13       		.byte	19
 700 029f 20       		.byte	32
 701 02a0 18       		.byte	24
 702 02a1 44       		.byte	68
 703 02a2 19       		.byte	25
 704 02a3 24       		.byte	36
 705 02a4 1E       		.byte	30
 706 02a5 08       		.byte	8
 707 02a6 21       		.byte	33
 708 02a7 09       		.byte	9
 709 02a8 22       		.byte	34
 710 02a9 42       		.byte	66
 711 02aa 24       		.byte	36
 712 02ab 08       		.byte	8
 713 02ac 27       		.byte	39
 714 02ad 10       		.byte	16
 715 02ae 28       		.byte	40
 716 02af 10       		.byte	16
 717 02b0 29       		.byte	41
 718 02b1 24       		.byte	36
 719 02b2 2A       		.byte	42
 720 02b3 40       		.byte	64
 721 02b4 2F       		.byte	47
 722 02b5 02       		.byte	2
 723 02b6 30       		.byte	48
 724 02b7 20       		.byte	32
 725 02b8 31       		.byte	49
 726 02b9 08       		.byte	8
 727 02ba 36       		.byte	54
 728 02bb 08       		.byte	8
 729 02bc 37       		.byte	55
 730 02bd 11       		.byte	17
 731 02be 38       		.byte	56
 732 02bf 60       		.byte	96
 733 02c0 39       		.byte	57
 734 02c1 1E       		.byte	30
 735 02c2 3B       		.byte	59
 736 02c3 40       		.byte	64
 737 02c4 3E       		.byte	62
 738 02c5 09       		.byte	9
 739 02c6 3F       		.byte	63
 740 02c7 80       		.byte	-128
 741 02c8 41       		.byte	65
ARM GAS  C:\Users\BASILE~1.BER\AppData\Local\Temp\cchIN9Gh.s 			page 14


 742 02c9 04       		.byte	4
 743 02ca 45       		.byte	69
 744 02cb 04       		.byte	4
 745 02cc 46       		.byte	70
 746 02cd 08       		.byte	8
 747 02ce 48       		.byte	72
 748 02cf 20       		.byte	32
 749 02d0 49       		.byte	73
 750 02d1 22       		.byte	34
 751 02d2 4B       		.byte	75
 752 02d3 40       		.byte	64
 753 02d4 4E       		.byte	78
 754 02d5 08       		.byte	8
 755 02d6 50       		.byte	80
 756 02d7 10       		.byte	16
 757 02d8 54       		.byte	84
 758 02d9 08       		.byte	8
 759 02da 57       		.byte	87
 760 02db 50       		.byte	80
 761 02dc 59       		.byte	89
 762 02dd 02       		.byte	2
 763 02de 5A       		.byte	90
 764 02df 88       		.byte	-120
 765 02e0 5B       		.byte	91
 766 02e1 20       		.byte	32
 767 02e2 5D       		.byte	93
 768 02e3 80       		.byte	-128
 769 02e4 5E       		.byte	94
 770 02e5 28       		.byte	40
 771 02e6 5F       		.byte	95
 772 02e7 01       		.byte	1
 773 02e8 67       		.byte	103
 774 02e9 80       		.byte	-128
 775 02ea 7A       		.byte	122
 776 02eb 10       		.byte	16
 777 02ec 7B       		.byte	123
 778 02ed 10       		.byte	16
 779 02ee 80       		.byte	-128
 780 02ef 04       		.byte	4
 781 02f0 87       		.byte	-121
 782 02f1 40       		.byte	64
 783 02f2 C0       		.byte	-64
 784 02f3 05       		.byte	5
 785 02f4 C2       		.byte	-62
 786 02f5 26       		.byte	38
 787 02f6 C4       		.byte	-60
 788 02f7 0E       		.byte	14
 789 02f8 CA       		.byte	-54
 790 02f9 1E       		.byte	30
 791 02fa CC       		.byte	-52
 792 02fb E6       		.byte	-26
 793 02fc CE       		.byte	-50
 794 02fd DF       		.byte	-33
 795 02fe D0       		.byte	-48
 796 02ff 62       		.byte	98
 797 0300 D2       		.byte	-46
 798 0301 2C       		.byte	44
ARM GAS  C:\Users\BASILE~1.BER\AppData\Local\Temp\cchIN9Gh.s 			page 15


 799 0302 D6       		.byte	-42
 800 0303 FF       		.byte	-1
 801 0304 D8       		.byte	-40
 802 0305 80       		.byte	-128
 803 0306 EE       		.byte	-18
 804 0307 01       		.byte	1
 805 0308 00       		.byte	0
 806 0309 21       		.byte	33
 807 030a 02       		.byte	2
 808 030b 4A       		.byte	74
 809 030c 03       		.byte	3
 810 030d 02       		.byte	2
 811 030e 04       		.byte	4
 812 030f E7       		.byte	-25
 813 0310 07       		.byte	7
 814 0311 02       		.byte	2
 815 0312 08       		.byte	8
 816 0313 E7       		.byte	-25
 817 0314 0B       		.byte	11
 818 0315 01       		.byte	1
 819 0316 0C       		.byte	12
 820 0317 80       		.byte	-128
 821 0318 18       		.byte	24
 822 0319 44       		.byte	68
 823 031a 1A       		.byte	26
 824 031b 2A       		.byte	42
 825 031c 1B       		.byte	27
 826 031d 01       		.byte	1
 827 031e 1C       		.byte	28
 828 031f 02       		.byte	2
 829 0320 1E       		.byte	30
 830 0321 15       		.byte	21
 831 0322 30       		.byte	48
 832 0323 80       		.byte	-128
 833 0324 31       		.byte	49
 834 0325 01       		.byte	1
 835 0326 32       		.byte	50
 836 0327 18       		.byte	24
 837 0328 34       		.byte	52
 838 0329 60       		.byte	96
 839 032a 35       		.byte	53
 840 032b 02       		.byte	2
 841 032c 36       		.byte	54
 842 032d 07       		.byte	7
 843 032e 3B       		.byte	59
 844 032f 08       		.byte	8
 845 0330 3E       		.byte	62
 846 0331 04       		.byte	4
 847 0332 3F       		.byte	63
 848 0333 11       		.byte	17
 849 0334 40       		.byte	64
 850 0335 54       		.byte	84
 851 0336 41       		.byte	65
 852 0337 02       		.byte	2
 853 0338 42       		.byte	66
 854 0339 06       		.byte	6
 855 033a 44       		.byte	68
ARM GAS  C:\Users\BASILE~1.BER\AppData\Local\Temp\cchIN9Gh.s 			page 16


 856 033b 03       		.byte	3
 857 033c 46       		.byte	70
 858 033d C0       		.byte	-64
 859 033e 47       		.byte	71
 860 033f 0E       		.byte	14
 861 0340 48       		.byte	72
 862 0341 18       		.byte	24
 863 0342 49       		.byte	73
 864 0343 FF       		.byte	-1
 865 0344 4A       		.byte	74
 866 0345 FF       		.byte	-1
 867 0346 4B       		.byte	75
 868 0347 FF       		.byte	-1
 869 0348 4C       		.byte	76
 870 0349 62       		.byte	98
 871 034a 4D       		.byte	77
 872 034b A0       		.byte	-96
 873 034c 4E       		.byte	78
 874 034d F0       		.byte	-16
 875 034e 4F       		.byte	79
 876 034f 41       		.byte	65
 877 0350 50       		.byte	80
 878 0351 0C       		.byte	12
 879 0352 58       		.byte	88
 880 0353 04       		.byte	4
 881 0354 59       		.byte	89
 882 0355 04       		.byte	4
 883 0356 5A       		.byte	90
 884 0357 04       		.byte	4
 885 0358 5F       		.byte	95
 886 0359 01       		.byte	1
 887 035a 66       		.byte	102
 888 035b 40       		.byte	64
 889 035c 67       		.byte	103
 890 035d 02       		.byte	2
 891 035e 69       		.byte	105
 892 035f 10       		.byte	16
 893 0360 6A       		.byte	106
 894 0361 30       		.byte	48
 895 0362 6B       		.byte	107
 896 0363 10       		.byte	16
 897 0364 6D       		.byte	109
 898 0365 10       		.byte	16
 899 0366 6E       		.byte	110
 900 0367 10       		.byte	16
 901 0368 6F       		.byte	111
 902 0369 12       		.byte	18
 903 036a 81       		.byte	-127
 904 036b 0A       		.byte	10
 905 036c 83       		.byte	-125
 906 036d 80       		.byte	-128
 907 036e 85       		.byte	-123
 908 036f 0F       		.byte	15
 909 0370 86       		.byte	-122
 910 0371 01       		.byte	1
 911 0372 87       		.byte	-121
 912 0373 30       		.byte	48
ARM GAS  C:\Users\BASILE~1.BER\AppData\Local\Temp\cchIN9Gh.s 			page 17


 913 0374 89       		.byte	-119
 914 0375 3F       		.byte	63
 915 0376 8A       		.byte	-118
 916 0377 01       		.byte	1
 917 0378 8D       		.byte	-115
 918 0379 0F       		.byte	15
 919 037a 8E       		.byte	-114
 920 037b 02       		.byte	2
 921 037c 8F       		.byte	-113
 922 037d 40       		.byte	64
 923 037e 95       		.byte	-107
 924 037f 30       		.byte	48
 925 0380 96       		.byte	-106
 926 0381 02       		.byte	2
 927 0382 99       		.byte	-103
 928 0383 10       		.byte	16
 929 0384 9D       		.byte	-99
 930 0385 20       		.byte	32
 931 0386 A1       		.byte	-95
 932 0387 30       		.byte	48
 933 0388 A3       		.byte	-93
 934 0389 0F       		.byte	15
 935 038a A5       		.byte	-91
 936 038b 05       		.byte	5
 937 038c A7       		.byte	-89
 938 038d 80       		.byte	-128
 939 038e A9       		.byte	-87
 940 038f 3C       		.byte	60
 941 0390 AB       		.byte	-85
 942 0391 03       		.byte	3
 943 0392 AF       		.byte	-81
 944 0393 0F       		.byte	15
 945 0394 B0       		.byte	-80
 946 0395 01       		.byte	1
 947 0396 B1       		.byte	-79
 948 0397 03       		.byte	3
 949 0398 B4       		.byte	-76
 950 0399 02       		.byte	2
 951 039a B5       		.byte	-75
 952 039b 3C       		.byte	60
 953 039c B7       		.byte	-73
 954 039d C0       		.byte	-64
 955 039e BA       		.byte	-70
 956 039f 08       		.byte	8
 957 03a0 BB       		.byte	-69
 958 03a1 20       		.byte	32
 959 03a2 BE       		.byte	-66
 960 03a3 11       		.byte	17
 961 03a4 BF       		.byte	-65
 962 03a5 40       		.byte	64
 963 03a6 C0       		.byte	-64
 964 03a7 65       		.byte	101
 965 03a8 C1       		.byte	-63
 966 03a9 03       		.byte	3
 967 03aa C2       		.byte	-62
 968 03ab 02       		.byte	2
 969 03ac C4       		.byte	-60
ARM GAS  C:\Users\BASILE~1.BER\AppData\Local\Temp\cchIN9Gh.s 			page 18


 970 03ad 01       		.byte	1
 971 03ae C5       		.byte	-59
 972 03af 0C       		.byte	12
 973 03b0 C6       		.byte	-58
 974 03b1 E0       		.byte	-32
 975 03b2 C8       		.byte	-56
 976 03b3 09       		.byte	9
 977 03b4 C9       		.byte	-55
 978 03b5 FF       		.byte	-1
 979 03b6 CA       		.byte	-54
 980 03b7 FF       		.byte	-1
 981 03b8 CB       		.byte	-53
 982 03b9 FF       		.byte	-1
 983 03ba CC       		.byte	-52
 984 03bb 62       		.byte	98
 985 03bc CD       		.byte	-51
 986 03bd A0       		.byte	-96
 987 03be CE       		.byte	-50
 988 03bf F0       		.byte	-16
 989 03c0 CF       		.byte	-49
 990 03c1 41       		.byte	65
 991 03c2 D0       		.byte	-48
 992 03c3 0C       		.byte	12
 993 03c4 D4       		.byte	-44
 994 03c5 18       		.byte	24
 995 03c6 D6       		.byte	-42
 996 03c7 04       		.byte	4
 997 03c8 D8       		.byte	-40
 998 03c9 04       		.byte	4
 999 03ca D9       		.byte	-39
 1000 03cb 04       		.byte	4
 1001 03cc DA       		.byte	-38
 1002 03cd 04       		.byte	4
 1003 03ce DB       		.byte	-37
 1004 03cf 04       		.byte	4
 1005 03d0 DC       		.byte	-36
 1006 03d1 11       		.byte	17
 1007 03d2 DD       		.byte	-35
 1008 03d3 11       		.byte	17
 1009 03d4 DF       		.byte	-33
 1010 03d5 01       		.byte	1
 1011 03d6 E6       		.byte	-26
 1012 03d7 40       		.byte	64
 1013 03d8 E7       		.byte	-25
 1014 03d9 02       		.byte	2
 1015 03da E9       		.byte	-23
 1016 03db 10       		.byte	16
 1017 03dc EA       		.byte	-22
 1018 03dd 30       		.byte	48
 1019 03de EB       		.byte	-21
 1020 03df 10       		.byte	16
 1021 03e0 ED       		.byte	-19
 1022 03e1 10       		.byte	16
 1023 03e2 EE       		.byte	-18
 1024 03e3 10       		.byte	16
 1025 03e4 EF       		.byte	-17
 1026 03e5 12       		.byte	18
ARM GAS  C:\Users\BASILE~1.BER\AppData\Local\Temp\cchIN9Gh.s 			page 19


 1027 03e6 00       		.byte	0
 1028 03e7 20       		.byte	32
 1029 03e8 01       		.byte	1
 1030 03e9 80       		.byte	-128
 1031 03ea 03       		.byte	3
 1032 03eb 20       		.byte	32
 1033 03ec 04       		.byte	4
 1034 03ed 2A       		.byte	42
 1035 03ee 07       		.byte	7
 1036 03ef 01       		.byte	1
 1037 03f0 0A       		.byte	10
 1038 03f1 04       		.byte	4
 1039 03f2 0B       		.byte	11
 1040 03f3 28       		.byte	40
 1041 03f4 0E       		.byte	14
 1042 03f5 06       		.byte	6
 1043 03f6 14       		.byte	20
 1044 03f7 02       		.byte	2
 1045 03f8 17       		.byte	23
 1046 03f9 40       		.byte	64
 1047 03fa 18       		.byte	24
 1048 03fb 14       		.byte	20
 1049 03fc 1A       		.byte	26
 1050 03fd 20       		.byte	32
 1051 03fe 1B       		.byte	27
 1052 03ff 01       		.byte	1
 1053 0400 1D       		.byte	29
 1054 0401 0A       		.byte	10
 1055 0402 1E       		.byte	30
 1056 0403 06       		.byte	6
 1057 0404 20       		.byte	32
 1058 0405 09       		.byte	9
 1059 0406 22       		.byte	34
 1060 0407 01       		.byte	1
 1061 0408 23       		.byte	35
 1062 0409 04       		.byte	4
 1063 040a 26       		.byte	38
 1064 040b 20       		.byte	32
 1065 040c 27       		.byte	39
 1066 040d 50       		.byte	80
 1067 040e 28       		.byte	40
 1068 040f 20       		.byte	32
 1069 0410 29       		.byte	41
 1070 0411 41       		.byte	65
 1071 0412 2B       		.byte	43
 1072 0413 08       		.byte	8
 1073 0414 30       		.byte	48
 1074 0415 A8       		.byte	-88
 1075 0416 35       		.byte	53
 1076 0417 20       		.byte	32
 1077 0418 37       		.byte	55
 1078 0419 20       		.byte	32
 1079 041a 38       		.byte	56
 1080 041b 50       		.byte	80
 1081 041c 3B       		.byte	59
 1082 041d 05       		.byte	5
 1083 041e 3D       		.byte	61
ARM GAS  C:\Users\BASILE~1.BER\AppData\Local\Temp\cchIN9Gh.s 			page 20


 1084 041f 02       		.byte	2
 1085 0420 3F       		.byte	63
 1086 0421 28       		.byte	40
 1087 0422 40       		.byte	64
 1088 0423 11       		.byte	17
 1089 0424 43       		.byte	67
 1090 0425 20       		.byte	32
 1091 0426 45       		.byte	69
 1092 0427 0A       		.byte	10
 1093 0428 46       		.byte	70
 1094 0429 40       		.byte	64
 1095 042a 47       		.byte	71
 1096 042b 10       		.byte	16
 1097 042c 48       		.byte	72
 1098 042d 15       		.byte	21
 1099 042e 49       		.byte	73
 1100 042f 40       		.byte	64
 1101 0430 4B       		.byte	75
 1102 0431 40       		.byte	64
 1103 0432 4C       		.byte	76
 1104 0433 02       		.byte	2
 1105 0434 4D       		.byte	77
 1106 0435 20       		.byte	32
 1107 0436 53       		.byte	83
 1108 0437 10       		.byte	16
 1109 0438 57       		.byte	87
 1110 0439 14       		.byte	20
 1111 043a 5A       		.byte	90
 1112 043b 02       		.byte	2
 1113 043c 60       		.byte	96
 1114 043d 84       		.byte	-124
 1115 043e 63       		.byte	99
 1116 043f 02       		.byte	2
 1117 0440 7C       		.byte	124
 1118 0441 08       		.byte	8
 1119 0442 7E       		.byte	126
 1120 0443 20       		.byte	32
 1121 0444 91       		.byte	-111
 1122 0445 14       		.byte	20
 1123 0446 92       		.byte	-110
 1124 0447 10       		.byte	16
 1125 0448 95       		.byte	-107
 1126 0449 40       		.byte	64
 1127 044a 96       		.byte	-106
 1128 044b 60       		.byte	96
 1129 044c 9C       		.byte	-100
 1130 044d 8A       		.byte	-118
 1131 044e 9F       		.byte	-97
 1132 044f 02       		.byte	2
 1133 0450 A0       		.byte	-96
 1134 0451 A9       		.byte	-87
 1135 0452 A4       		.byte	-92
 1136 0453 04       		.byte	4
 1137 0454 A7       		.byte	-89
 1138 0455 08       		.byte	8
 1139 0456 A8       		.byte	-88
 1140 0457 80       		.byte	-128
ARM GAS  C:\Users\BASILE~1.BER\AppData\Local\Temp\cchIN9Gh.s 			page 21


 1141 0458 C0       		.byte	-64
 1142 0459 F7       		.byte	-9
 1143 045a C2       		.byte	-62
 1144 045b C4       		.byte	-60
 1145 045c CA       		.byte	-54
 1146 045d 0F       		.byte	15
 1147 045e CC       		.byte	-52
 1148 045f 2E       		.byte	46
 1149 0460 CE       		.byte	-50
 1150 0461 EF       		.byte	-17
 1151 0462 D0       		.byte	-48
 1152 0463 EE       		.byte	-18
 1153 0464 D2       		.byte	-46
 1154 0465 3C       		.byte	60
 1155 0466 D6       		.byte	-42
 1156 0467 01       		.byte	1
 1157 0468 D8       		.byte	-40
 1158 0469 0D       		.byte	13
 1159 046a 00       		.byte	0
 1160 046b 04       		.byte	4
 1161 046c 01       		.byte	1
 1162 046d 24       		.byte	36
 1163 046e 03       		.byte	3
 1164 046f 0A       		.byte	10
 1165 0470 04       		.byte	4
 1166 0471 E7       		.byte	-25
 1167 0472 05       		.byte	5
 1168 0473 3E       		.byte	62
 1169 0474 06       		.byte	6
 1170 0475 18       		.byte	24
 1171 0476 09       		.byte	9
 1172 0477 3E       		.byte	62
 1173 0478 0A       		.byte	10
 1174 0479 04       		.byte	4
 1175 047a 0D       		.byte	13
 1176 047b 08       		.byte	8
 1177 047c 0F       		.byte	15
 1178 047d 30       		.byte	48
 1179 047e 10       		.byte	16
 1180 047f 9C       		.byte	-100
 1181 0480 12       		.byte	18
 1182 0481 62       		.byte	98
 1183 0482 14       		.byte	20
 1184 0483 FF       		.byte	-1
 1185 0484 1C       		.byte	28
 1186 0485 1C       		.byte	28
 1187 0486 1E       		.byte	30
 1188 0487 E1       		.byte	-31
 1189 0488 20       		.byte	32
 1190 0489 10       		.byte	16
 1191 048a 24       		.byte	36
 1192 048b 08       		.byte	8
 1193 048c 25       		.byte	37
 1194 048d 12       		.byte	18
 1195 048e 27       		.byte	39
 1196 048f 0D       		.byte	13
 1197 0490 28       		.byte	40
ARM GAS  C:\Users\BASILE~1.BER\AppData\Local\Temp\cchIN9Gh.s 			page 22


 1198 0491 18       		.byte	24
 1199 0492 2E       		.byte	46
 1200 0493 C3       		.byte	-61
 1201 0494 30       		.byte	48
 1202 0495 1F       		.byte	31
 1203 0496 31       		.byte	49
 1204 0497 38       		.byte	56
 1205 0498 32       		.byte	50
 1206 0499 58       		.byte	88
 1207 049a 33       		.byte	51
 1208 049b 01       		.byte	1
 1209 049c 34       		.byte	52
 1210 049d 98       		.byte	-104
 1211 049e 36       		.byte	54
 1212 049f 20       		.byte	32
 1213 04a0 37       		.byte	55
 1214 04a1 06       		.byte	6
 1215 04a2 38       		.byte	56
 1216 04a3 80       		.byte	-128
 1217 04a4 3A       		.byte	58
 1218 04a5 0A       		.byte	10
 1219 04a6 58       		.byte	88
 1220 04a7 04       		.byte	4
 1221 04a8 59       		.byte	89
 1222 04a9 04       		.byte	4
 1223 04aa 5C       		.byte	92
 1224 04ab 11       		.byte	17
 1225 04ac 5F       		.byte	95
 1226 04ad 01       		.byte	1
 1227 04ae 80       		.byte	-128
 1228 04af 01       		.byte	1
 1229 04b0 81       		.byte	-127
 1230 04b1 08       		.byte	8
 1231 04b2 84       		.byte	-124
 1232 04b3 18       		.byte	24
 1233 04b4 85       		.byte	-123
 1234 04b5 04       		.byte	4
 1235 04b6 88       		.byte	-120
 1236 04b7 08       		.byte	8
 1237 04b8 89       		.byte	-119
 1238 04b9 0C       		.byte	12
 1239 04ba 8C       		.byte	-116
 1240 04bb 39       		.byte	57
 1241 04bc 8E       		.byte	-114
 1242 04bd 42       		.byte	66
 1243 04be 8F       		.byte	-113
 1244 04bf 73       		.byte	115
 1245 04c0 91       		.byte	-111
 1246 04c1 63       		.byte	99
 1247 04c2 95       		.byte	-107
 1248 04c3 F3       		.byte	-13
 1249 04c4 96       		.byte	-106
 1250 04c5 01       		.byte	1
 1251 04c6 97       		.byte	-105
 1252 04c7 0C       		.byte	12
 1253 04c8 98       		.byte	-104
 1254 04c9 39       		.byte	57
ARM GAS  C:\Users\BASILE~1.BER\AppData\Local\Temp\cchIN9Gh.s 			page 23


 1255 04ca 99       		.byte	-103
 1256 04cb FF       		.byte	-1
 1257 04cc 9A       		.byte	-102
 1258 04cd 44       		.byte	68
 1259 04ce 9D       		.byte	-99
 1260 04cf 0F       		.byte	15
 1261 04d0 9F       		.byte	-97
 1262 04d1 F0       		.byte	-16
 1263 04d2 A2       		.byte	-94
 1264 04d3 46       		.byte	70
 1265 04d4 A4       		.byte	-92
 1266 04d5 67       		.byte	103
 1267 04d6 A5       		.byte	-91
 1268 04d7 1C       		.byte	28
 1269 04d8 A6       		.byte	-90
 1270 04d9 18       		.byte	24
 1271 04da A7       		.byte	-89
 1272 04db E3       		.byte	-29
 1273 04dc A8       		.byte	-88
 1274 04dd 7F       		.byte	127
 1275 04de A9       		.byte	-87
 1276 04df 42       		.byte	66
 1277 04e0 AC       		.byte	-84
 1278 04e1 10       		.byte	16
 1279 04e2 AD       		.byte	-83
 1280 04e3 21       		.byte	33
 1281 04e4 B1       		.byte	-79
 1282 04e5 80       		.byte	-128
 1283 04e6 B2       		.byte	-78
 1284 04e7 20       		.byte	32
 1285 04e8 B3       		.byte	-77
 1286 04e9 1C       		.byte	28
 1287 04ea B4       		.byte	-76
 1288 04eb 1F       		.byte	31
 1289 04ec B5       		.byte	-75
 1290 04ed 0F       		.byte	15
 1291 04ee B6       		.byte	-74
 1292 04ef 58       		.byte	88
 1293 04f0 B7       		.byte	-73
 1294 04f1 60       		.byte	96
 1295 04f2 B9       		.byte	-71
 1296 04f3 02       		.byte	2
 1297 04f4 BA       		.byte	-70
 1298 04f5 A0       		.byte	-96
 1299 04f6 BB       		.byte	-69
 1300 04f7 20       		.byte	32
 1301 04f8 BE       		.byte	-66
 1302 04f9 04       		.byte	4
 1303 04fa D6       		.byte	-42
 1304 04fb 02       		.byte	2
 1305 04fc D7       		.byte	-41
 1306 04fd 11       		.byte	17
 1307 04fe D8       		.byte	-40
 1308 04ff 04       		.byte	4
 1309 0500 D9       		.byte	-39
 1310 0501 04       		.byte	4
 1311 0502 DB       		.byte	-37
ARM GAS  C:\Users\BASILE~1.BER\AppData\Local\Temp\cchIN9Gh.s 			page 24


 1312 0503 04       		.byte	4
 1313 0504 DF       		.byte	-33
 1314 0505 01       		.byte	1
 1315 0506 00       		.byte	0
 1316 0507 2A       		.byte	42
 1317 0508 04       		.byte	4
 1318 0509 02       		.byte	2
 1319 050a 05       		.byte	5
 1320 050b 40       		.byte	64
 1321 050c 06       		.byte	6
 1322 050d 20       		.byte	32
 1323 050e 07       		.byte	7
 1324 050f 08       		.byte	8
 1325 0510 09       		.byte	9
 1326 0511 80       		.byte	-128
 1327 0512 0A       		.byte	10
 1328 0513 60       		.byte	96
 1329 0514 0E       		.byte	14
 1330 0515 14       		.byte	20
 1331 0516 10       		.byte	16
 1332 0517 A8       		.byte	-88
 1333 0518 13       		.byte	19
 1334 0519 40       		.byte	64
 1335 051a 15       		.byte	21
 1336 051b 08       		.byte	8
 1337 051c 16       		.byte	22
 1338 051d C1       		.byte	-63
 1339 051e 17       		.byte	23
 1340 051f 14       		.byte	20
 1341 0520 19       		.byte	25
 1342 0521 81       		.byte	-127
 1343 0522 1A       		.byte	26
 1344 0523 40       		.byte	64
 1345 0524 1B       		.byte	27
 1346 0525 28       		.byte	40
 1347 0526 1D       		.byte	29
 1348 0527 40       		.byte	64
 1349 0528 1E       		.byte	30
 1350 0529 24       		.byte	36
 1351 052a 20       		.byte	32
 1352 052b 60       		.byte	96
 1353 052c 23       		.byte	35
 1354 052d 01       		.byte	1
 1355 052e 25       		.byte	37
 1356 052f 01       		.byte	1
 1357 0530 27       		.byte	39
 1358 0531 26       		.byte	38
 1359 0532 28       		.byte	40
 1360 0533 20       		.byte	32
 1361 0534 2D       		.byte	45
 1362 0535 40       		.byte	64
 1363 0536 2E       		.byte	46
 1364 0537 04       		.byte	4
 1365 0538 2F       		.byte	47
 1366 0539 04       		.byte	4
 1367 053a 35       		.byte	53
 1368 053b 40       		.byte	64
ARM GAS  C:\Users\BASILE~1.BER\AppData\Local\Temp\cchIN9Gh.s 			page 25


 1369 053c 36       		.byte	54
 1370 053d 01       		.byte	1
 1371 053e 37       		.byte	55
 1372 053f 14       		.byte	20
 1373 0540 38       		.byte	56
 1374 0541 40       		.byte	64
 1375 0542 39       		.byte	57
 1376 0543 14       		.byte	20
 1377 0544 3B       		.byte	59
 1378 0545 01       		.byte	1
 1379 0546 3E       		.byte	62
 1380 0547 AA       		.byte	-86
 1381 0548 5E       		.byte	94
 1382 0549 20       		.byte	32
 1383 054a 6C       		.byte	108
 1384 054b 14       		.byte	20
 1385 054c 6F       		.byte	111
 1386 054d 01       		.byte	1
 1387 054e 76       		.byte	118
 1388 054f 2B       		.byte	43
 1389 0550 77       		.byte	119
 1390 0551 08       		.byte	8
 1391 0552 81       		.byte	-127
 1392 0553 80       		.byte	-128
 1393 0554 83       		.byte	-125
 1394 0555 08       		.byte	8
 1395 0556 88       		.byte	-120
 1396 0557 23       		.byte	35
 1397 0558 89       		.byte	-119
 1398 0559 04       		.byte	4
 1399 055a 90       		.byte	-112
 1400 055b 02       		.byte	2
 1401 055c 91       		.byte	-111
 1402 055d 54       		.byte	84
 1403 055e 92       		.byte	-110
 1404 055f 30       		.byte	48
 1405 0560 93       		.byte	-109
 1406 0561 48       		.byte	72
 1407 0562 94       		.byte	-108
 1408 0563 68       		.byte	104
 1409 0564 96       		.byte	-106
 1410 0565 40       		.byte	64
 1411 0566 97       		.byte	-105
 1412 0567 01       		.byte	1
 1413 0568 9A       		.byte	-102
 1414 0569 40       		.byte	64
 1415 056a 9B       		.byte	-101
 1416 056b 10       		.byte	16
 1417 056c 9C       		.byte	-100
 1418 056d 20       		.byte	32
 1419 056e 9D       		.byte	-99
 1420 056f 81       		.byte	-127
 1421 0570 9F       		.byte	-97
 1422 0571 23       		.byte	35
 1423 0572 A0       		.byte	-96
 1424 0573 AC       		.byte	-84
 1425 0574 A2       		.byte	-94
ARM GAS  C:\Users\BASILE~1.BER\AppData\Local\Temp\cchIN9Gh.s 			page 26


 1426 0575 01       		.byte	1
 1427 0576 A4       		.byte	-92
 1428 0577 02       		.byte	2
 1429 0578 A5       		.byte	-91
 1430 0579 01       		.byte	1
 1431 057a A7       		.byte	-89
 1432 057b 28       		.byte	40
 1433 057c B4       		.byte	-76
 1434 057d 01       		.byte	1
 1435 057e B5       		.byte	-75
 1436 057f 40       		.byte	64
 1437 0580 C0       		.byte	-64
 1438 0581 FE       		.byte	-2
 1439 0582 C2       		.byte	-62
 1440 0583 6D       		.byte	109
 1441 0584 C4       		.byte	-60
 1442 0585 FF       		.byte	-1
 1443 0586 CA       		.byte	-54
 1444 0587 72       		.byte	114
 1445 0588 CC       		.byte	-52
 1446 0589 F0       		.byte	-16
 1447 058a CE       		.byte	-50
 1448 058b FF       		.byte	-1
 1449 058c D6       		.byte	-42
 1450 058d 20       		.byte	32
 1451 058e 30       		.byte	48
 1452 058f 02       		.byte	2
 1453 0590 32       		.byte	50
 1454 0591 20       		.byte	32
 1455 0592 35       		.byte	53
 1456 0593 20       		.byte	32
 1457 0594 CC       		.byte	-52
 1458 0595 70       		.byte	112
 1459 0596 9D       		.byte	-99
 1460 0597 20       		.byte	32
 1461 0598 A4       		.byte	-92
 1462 0599 02       		.byte	2
 1463 059a A6       		.byte	-90
 1464 059b 20       		.byte	32
 1465 059c 50       		.byte	80
 1466 059d 04       		.byte	4
 1467 059e 80       		.byte	-128
 1468 059f 04       		.byte	4
 1469 05a0 84       		.byte	-124
 1470 05a1 02       		.byte	2
 1471 05a2 9D       		.byte	-99
 1472 05a3 20       		.byte	32
 1473 05a4 A4       		.byte	-92
 1474 05a5 02       		.byte	2
 1475 05a6 A6       		.byte	-90
 1476 05a7 20       		.byte	32
 1477 05a8 D4       		.byte	-44
 1478 05a9 20       		.byte	32
 1479 05aa E2       		.byte	-30
 1480 05ab 10       		.byte	16
 1481 05ac E6       		.byte	-26
 1482 05ad 80       		.byte	-128
ARM GAS  C:\Users\BASILE~1.BER\AppData\Local\Temp\cchIN9Gh.s 			page 27


 1483 05ae 86       		.byte	-122
 1484 05af 20       		.byte	32
 1485 05b0 9D       		.byte	-99
 1486 05b1 20       		.byte	32
 1487 05b2 A6       		.byte	-90
 1488 05b3 20       		.byte	32
 1489 05b4 E6       		.byte	-26
 1490 05b5 40       		.byte	64
 1491 05b6 80       		.byte	-128
 1492 05b7 01       		.byte	1
 1493 05b8 A9       		.byte	-87
 1494 05b9 20       		.byte	32
 1495 05ba EE       		.byte	-18
 1496 05bb 80       		.byte	-128
 1497 05bc 0B       		.byte	11
 1498 05bd 02       		.byte	2
 1499 05be 90       		.byte	-112
 1500 05bf 02       		.byte	2
 1501 05c0 C2       		.byte	-62
 1502 05c1 02       		.byte	2
 1503 05c2 10       		.byte	16
 1504 05c3 40       		.byte	64
 1505 05c4 70       		.byte	112
 1506 05c5 01       		.byte	1
 1507 05c6 88       		.byte	-120
 1508 05c7 40       		.byte	64
 1509 05c8 90       		.byte	-112
 1510 05c9 02       		.byte	2
 1511 05ca B7       		.byte	-73
 1512 05cb 01       		.byte	1
 1513 05cc C4       		.byte	-60
 1514 05cd 08       		.byte	8
 1515 05ce DC       		.byte	-36
 1516 05cf 01       		.byte	1
 1517 05d0 E2       		.byte	-30
 1518 05d1 01       		.byte	1
 1519 05d2 EA       		.byte	-22
 1520 05d3 02       		.byte	2
 1521 05d4 00       		.byte	0
 1522 05d5 03       		.byte	3
 1523 05d6 01       		.byte	1
 1524 05d7 01       		.byte	1
 1525 05d8 0C       		.byte	12
 1526 05d9 03       		.byte	3
 1527 05da 0D       		.byte	13
 1528 05db 01       		.byte	1
 1529 05dc 10       		.byte	16
 1530 05dd 03       		.byte	3
 1531 05de 11       		.byte	17
 1532 05df 01       		.byte	1
 1533 05e0 1C       		.byte	28
 1534 05e1 03       		.byte	3
 1535 05e2 1D       		.byte	29
 1536 05e3 01       		.byte	1
 1537 05e4 00       		.byte	0
 1538 05e5 3F       		.byte	63
 1539 05e6 00       		.byte	0
ARM GAS  C:\Users\BASILE~1.BER\AppData\Local\Temp\cchIN9Gh.s 			page 28


 1540 05e7 00       		.byte	0
 1541 05e8 00       		.byte	0
 1542 05e9 00       		.byte	0
 1543 05ea 00       		.byte	0
 1544 05eb 00       		.byte	0
 1545 05ec 00       		.byte	0
 1546 05ed 00       		.byte	0
 1547 05ee 80       		.byte	-128
 1548 05ef 00       		.byte	0
 1549 05f0 84       		.byte	-124
 1550 05f1 00       		.byte	0
 1551 05f2 40       		.byte	64
 1552 05f3 84       		.byte	-124
 1553 05f4 84       		.byte	-124
 1554 05f5 00       		.byte	0
 1555 05f6 84       		.byte	-124
 1556 05f7 00       		.byte	0
 1557 05f8 00       		.byte	0
 1558 05f9 04       		.byte	4
 1559 05fa 00       		.byte	0
 1560 05fb 00       		.byte	0
 1561 05fc 00       		.byte	0
 1562 05fd 08       		.byte	8
 1563 05fe 00       		.byte	0
 1564 05ff 04       		.byte	4
 1565 0600 00       		.byte	0
 1566 0601 00       		.byte	0
 1567 0602 00       		.byte	0
 1568 0603 00       		.byte	0
 1569 0604 40       		.byte	64
 1570 0605 0B       		.byte	11
 1571 0606 0B       		.byte	11
 1572 0607 00       		.byte	0
 1573 0608 00       		.byte	0
 1574 0609 00       		.byte	0
 1575 060a 00       		.byte	0
 1576 060b 01       		.byte	1
 1577              		.section	.cywolatch,"a",%progbits
 1578              		.align	2
 1579              		.type	cy_meta_wonvl, %object
 1580              		.size	cy_meta_wonvl, 4
 1581              	cy_meta_wonvl:
 1582 0000 BC       		.byte	-68
 1583 0001 90       		.byte	-112
 1584 0002 AC       		.byte	-84
 1585 0003 AF       		.byte	-81
 1586              		.section	.cycustnvl,"a",%progbits
 1587              		.align	2
 1588              		.type	cy_meta_custnvl, %object
 1589              		.size	cy_meta_custnvl, 4
 1590              	cy_meta_custnvl:
 1591 0000 00       		.byte	0
 1592 0001 00       		.byte	0
 1593 0002 40       		.byte	64
 1594 0003 05       		.byte	5
 1595              		.section	.cymeta,"a",%progbits
 1596              		.align	2
ARM GAS  C:\Users\BASILE~1.BER\AppData\Local\Temp\cchIN9Gh.s 			page 29


 1597              		.type	cy_metadata, %object
 1598              		.size	cy_metadata, 12
 1599              	cy_metadata:
 1600 0000 00       		.byte	0
 1601 0001 01       		.byte	1
 1602 0002 2E       		.byte	46
 1603 0003 15       		.byte	21
 1604 0004 60       		.byte	96
 1605 0005 69       		.byte	105
 1606 0006 00       		.byte	0
 1607 0007 01       		.byte	1
 1608 0008 00       		.byte	0
 1609 0009 00       		.byte	0
 1610 000a 00       		.byte	0
 1611 000b 00       		.byte	0
 1612              		.section	.cyflashprotect,"a",%progbits
 1613              		.align	2
 1614              		.type	cy_meta_flashprotect, %object
 1615              		.size	cy_meta_flashprotect, 256
 1616              	cy_meta_flashprotect:
 1617 0000 00000000 		.space	256
 1617      00000000 
 1617      00000000 
 1617      00000000 
 1617      00000000 
 1618              		.text
 1619              	.Letext0:
 1620              		.file 1 "c:\\program files (x86)\\cypress\\psoc creator\\4.1\\psoc creator\\import\\gnu\\arm\\5.4.
 1621              		.file 2 "c:\\program files (x86)\\cypress\\psoc creator\\4.1\\psoc creator\\import\\gnu\\arm\\5.4.
 1622              		.file 3 "Generated_Source\\PSoC5\\cymetadata.c"
 1623              		.section	.debug_info,"",%progbits
 1624              	.Ldebug_info0:
 1625 0000 33010000 		.4byte	0x133
 1626 0004 0400     		.2byte	0x4
 1627 0006 00000000 		.4byte	.Ldebug_abbrev0
 1628 000a 04       		.byte	0x4
 1629 000b 01       		.uleb128 0x1
 1630 000c 24000000 		.4byte	.LASF17
 1631 0010 0C       		.byte	0xc
 1632 0011 E3010000 		.4byte	.LASF18
 1633 0015 D7000000 		.4byte	.LASF19
 1634 0019 00000000 		.4byte	.Ldebug_line0
 1635 001d 02       		.uleb128 0x2
 1636 001e 01       		.byte	0x1
 1637 001f 06       		.byte	0x6
 1638 0020 D7010000 		.4byte	.LASF0
 1639 0024 03       		.uleb128 0x3
 1640 0025 00000000 		.4byte	.LASF9
 1641 0029 01       		.byte	0x1
 1642 002a 1D       		.byte	0x1d
 1643 002b 2F000000 		.4byte	0x2f
 1644 002f 02       		.uleb128 0x2
 1645 0030 01       		.byte	0x1
 1646 0031 08       		.byte	0x8
 1647 0032 16000000 		.4byte	.LASF1
 1648 0036 02       		.uleb128 0x2
 1649 0037 02       		.byte	0x2
ARM GAS  C:\Users\BASILE~1.BER\AppData\Local\Temp\cchIN9Gh.s 			page 30


 1650 0038 05       		.byte	0x5
 1651 0039 C4010000 		.4byte	.LASF2
 1652 003d 02       		.uleb128 0x2
 1653 003e 02       		.byte	0x2
 1654 003f 07       		.byte	0x7
 1655 0040 C4000000 		.4byte	.LASF3
 1656 0044 02       		.uleb128 0x2
 1657 0045 04       		.byte	0x4
 1658 0046 05       		.byte	0x5
 1659 0047 CE010000 		.4byte	.LASF4
 1660 004b 02       		.uleb128 0x2
 1661 004c 04       		.byte	0x4
 1662 004d 07       		.byte	0x7
 1663 004e B2000000 		.4byte	.LASF5
 1664 0052 02       		.uleb128 0x2
 1665 0053 08       		.byte	0x8
 1666 0054 05       		.byte	0x5
 1667 0055 B6010000 		.4byte	.LASF6
 1668 0059 02       		.uleb128 0x2
 1669 005a 08       		.byte	0x8
 1670 005b 07       		.byte	0x7
 1671 005c 6B010000 		.4byte	.LASF7
 1672 0060 04       		.uleb128 0x4
 1673 0061 04       		.byte	0x4
 1674 0062 05       		.byte	0x5
 1675 0063 696E7400 		.ascii	"int\000"
 1676 0067 02       		.uleb128 0x2
 1677 0068 04       		.byte	0x4
 1678 0069 07       		.byte	0x7
 1679 006a 5E010000 		.4byte	.LASF8
 1680 006e 03       		.uleb128 0x3
 1681 006f 82010000 		.4byte	.LASF10
 1682 0073 02       		.byte	0x2
 1683 0074 18       		.byte	0x18
 1684 0075 24000000 		.4byte	0x24
 1685 0079 05       		.uleb128 0x5
 1686 007a 91000000 		.4byte	0x91
 1687 007e 8A000000 		.4byte	0x8a
 1688 0082 06       		.uleb128 0x6
 1689 0083 8A000000 		.4byte	0x8a
 1690 0087 0B06     		.2byte	0x60b
 1691 0089 00       		.byte	0
 1692 008a 02       		.uleb128 0x2
 1693 008b 04       		.byte	0x4
 1694 008c 07       		.byte	0x7
 1695 008d AD010000 		.4byte	.LASF11
 1696 0091 07       		.uleb128 0x7
 1697 0092 6E000000 		.4byte	0x6e
 1698 0096 08       		.uleb128 0x8
 1699 0097 4C010000 		.4byte	.LASF12
 1700 009b 03       		.byte	0x3
 1701 009c 1F       		.byte	0x1f
 1702 009d A7000000 		.4byte	0xa7
 1703 00a1 05       		.uleb128 0x5
 1704 00a2 03       		.byte	0x3
 1705 00a3 00000000 		.4byte	cy_meta_configecc
 1706 00a7 07       		.uleb128 0x7
ARM GAS  C:\Users\BASILE~1.BER\AppData\Local\Temp\cchIN9Gh.s 			page 31


 1707 00a8 79000000 		.4byte	0x79
 1708 00ac 05       		.uleb128 0x5
 1709 00ad 91000000 		.4byte	0x91
 1710 00b1 BC000000 		.4byte	0xbc
 1711 00b5 09       		.uleb128 0x9
 1712 00b6 8A000000 		.4byte	0x8a
 1713 00ba 03       		.byte	0x3
 1714 00bb 00       		.byte	0
 1715 00bc 08       		.uleb128 0x8
 1716 00bd 3C010000 		.4byte	.LASF13
 1717 00c1 03       		.byte	0x3
 1718 00c2 EE       		.byte	0xee
 1719 00c3 CD000000 		.4byte	0xcd
 1720 00c7 05       		.uleb128 0x5
 1721 00c8 03       		.byte	0x3
 1722 00c9 00000000 		.4byte	cy_meta_custnvl
 1723 00cd 07       		.uleb128 0x7
 1724 00ce AC000000 		.4byte	0xac
 1725 00d2 08       		.uleb128 0x8
 1726 00d3 9F010000 		.4byte	.LASF14
 1727 00d7 03       		.byte	0x3
 1728 00d8 FC       		.byte	0xfc
 1729 00d9 E3000000 		.4byte	0xe3
 1730 00dd 05       		.uleb128 0x5
 1731 00de 03       		.byte	0x3
 1732 00df 00000000 		.4byte	cy_meta_wonvl
 1733 00e3 07       		.uleb128 0x7
 1734 00e4 AC000000 		.4byte	0xac
 1735 00e8 05       		.uleb128 0x5
 1736 00e9 91000000 		.4byte	0x91
 1737 00ed F8000000 		.4byte	0xf8
 1738 00f1 09       		.uleb128 0x9
 1739 00f2 8A000000 		.4byte	0x8a
 1740 00f6 FF       		.byte	0xff
 1741 00f7 00       		.byte	0
 1742 00f8 0A       		.uleb128 0xa
 1743 00f9 8A010000 		.4byte	.LASF15
 1744 00fd 03       		.byte	0x3
 1745 00fe 0A01     		.2byte	0x10a
 1746 0100 0A010000 		.4byte	0x10a
 1747 0104 05       		.uleb128 0x5
 1748 0105 03       		.byte	0x3
 1749 0106 00000000 		.4byte	cy_meta_flashprotect
 1750 010a 07       		.uleb128 0x7
 1751 010b E8000000 		.4byte	0xe8
 1752 010f 05       		.uleb128 0x5
 1753 0110 91000000 		.4byte	0x91
 1754 0114 1F010000 		.4byte	0x11f
 1755 0118 09       		.uleb128 0x9
 1756 0119 8A000000 		.4byte	0x8a
 1757 011d 0B       		.byte	0xb
 1758 011e 00       		.byte	0
 1759 011f 0A       		.uleb128 0xa
 1760 0120 0A000000 		.4byte	.LASF16
 1761 0124 03       		.byte	0x3
 1762 0125 3701     		.2byte	0x137
 1763 0127 31010000 		.4byte	0x131
ARM GAS  C:\Users\BASILE~1.BER\AppData\Local\Temp\cchIN9Gh.s 			page 32


 1764 012b 05       		.uleb128 0x5
 1765 012c 03       		.byte	0x3
 1766 012d 00000000 		.4byte	cy_metadata
 1767 0131 07       		.uleb128 0x7
 1768 0132 0F010000 		.4byte	0x10f
 1769 0136 00       		.byte	0
 1770              		.section	.debug_abbrev,"",%progbits
 1771              	.Ldebug_abbrev0:
 1772 0000 01       		.uleb128 0x1
 1773 0001 11       		.uleb128 0x11
 1774 0002 01       		.byte	0x1
 1775 0003 25       		.uleb128 0x25
 1776 0004 0E       		.uleb128 0xe
 1777 0005 13       		.uleb128 0x13
 1778 0006 0B       		.uleb128 0xb
 1779 0007 03       		.uleb128 0x3
 1780 0008 0E       		.uleb128 0xe
 1781 0009 1B       		.uleb128 0x1b
 1782 000a 0E       		.uleb128 0xe
 1783 000b 10       		.uleb128 0x10
 1784 000c 17       		.uleb128 0x17
 1785 000d 00       		.byte	0
 1786 000e 00       		.byte	0
 1787 000f 02       		.uleb128 0x2
 1788 0010 24       		.uleb128 0x24
 1789 0011 00       		.byte	0
 1790 0012 0B       		.uleb128 0xb
 1791 0013 0B       		.uleb128 0xb
 1792 0014 3E       		.uleb128 0x3e
 1793 0015 0B       		.uleb128 0xb
 1794 0016 03       		.uleb128 0x3
 1795 0017 0E       		.uleb128 0xe
 1796 0018 00       		.byte	0
 1797 0019 00       		.byte	0
 1798 001a 03       		.uleb128 0x3
 1799 001b 16       		.uleb128 0x16
 1800 001c 00       		.byte	0
 1801 001d 03       		.uleb128 0x3
 1802 001e 0E       		.uleb128 0xe
 1803 001f 3A       		.uleb128 0x3a
 1804 0020 0B       		.uleb128 0xb
 1805 0021 3B       		.uleb128 0x3b
 1806 0022 0B       		.uleb128 0xb
 1807 0023 49       		.uleb128 0x49
 1808 0024 13       		.uleb128 0x13
 1809 0025 00       		.byte	0
 1810 0026 00       		.byte	0
 1811 0027 04       		.uleb128 0x4
 1812 0028 24       		.uleb128 0x24
 1813 0029 00       		.byte	0
 1814 002a 0B       		.uleb128 0xb
 1815 002b 0B       		.uleb128 0xb
 1816 002c 3E       		.uleb128 0x3e
 1817 002d 0B       		.uleb128 0xb
 1818 002e 03       		.uleb128 0x3
 1819 002f 08       		.uleb128 0x8
 1820 0030 00       		.byte	0
ARM GAS  C:\Users\BASILE~1.BER\AppData\Local\Temp\cchIN9Gh.s 			page 33


 1821 0031 00       		.byte	0
 1822 0032 05       		.uleb128 0x5
 1823 0033 01       		.uleb128 0x1
 1824 0034 01       		.byte	0x1
 1825 0035 49       		.uleb128 0x49
 1826 0036 13       		.uleb128 0x13
 1827 0037 01       		.uleb128 0x1
 1828 0038 13       		.uleb128 0x13
 1829 0039 00       		.byte	0
 1830 003a 00       		.byte	0
 1831 003b 06       		.uleb128 0x6
 1832 003c 21       		.uleb128 0x21
 1833 003d 00       		.byte	0
 1834 003e 49       		.uleb128 0x49
 1835 003f 13       		.uleb128 0x13
 1836 0040 2F       		.uleb128 0x2f
 1837 0041 05       		.uleb128 0x5
 1838 0042 00       		.byte	0
 1839 0043 00       		.byte	0
 1840 0044 07       		.uleb128 0x7
 1841 0045 26       		.uleb128 0x26
 1842 0046 00       		.byte	0
 1843 0047 49       		.uleb128 0x49
 1844 0048 13       		.uleb128 0x13
 1845 0049 00       		.byte	0
 1846 004a 00       		.byte	0
 1847 004b 08       		.uleb128 0x8
 1848 004c 34       		.uleb128 0x34
 1849 004d 00       		.byte	0
 1850 004e 03       		.uleb128 0x3
 1851 004f 0E       		.uleb128 0xe
 1852 0050 3A       		.uleb128 0x3a
 1853 0051 0B       		.uleb128 0xb
 1854 0052 3B       		.uleb128 0x3b
 1855 0053 0B       		.uleb128 0xb
 1856 0054 49       		.uleb128 0x49
 1857 0055 13       		.uleb128 0x13
 1858 0056 3F       		.uleb128 0x3f
 1859 0057 19       		.uleb128 0x19
 1860 0058 02       		.uleb128 0x2
 1861 0059 18       		.uleb128 0x18
 1862 005a 00       		.byte	0
 1863 005b 00       		.byte	0
 1864 005c 09       		.uleb128 0x9
 1865 005d 21       		.uleb128 0x21
 1866 005e 00       		.byte	0
 1867 005f 49       		.uleb128 0x49
 1868 0060 13       		.uleb128 0x13
 1869 0061 2F       		.uleb128 0x2f
 1870 0062 0B       		.uleb128 0xb
 1871 0063 00       		.byte	0
 1872 0064 00       		.byte	0
 1873 0065 0A       		.uleb128 0xa
 1874 0066 34       		.uleb128 0x34
 1875 0067 00       		.byte	0
 1876 0068 03       		.uleb128 0x3
 1877 0069 0E       		.uleb128 0xe
ARM GAS  C:\Users\BASILE~1.BER\AppData\Local\Temp\cchIN9Gh.s 			page 34


 1878 006a 3A       		.uleb128 0x3a
 1879 006b 0B       		.uleb128 0xb
 1880 006c 3B       		.uleb128 0x3b
 1881 006d 05       		.uleb128 0x5
 1882 006e 49       		.uleb128 0x49
 1883 006f 13       		.uleb128 0x13
 1884 0070 3F       		.uleb128 0x3f
 1885 0071 19       		.uleb128 0x19
 1886 0072 02       		.uleb128 0x2
 1887 0073 18       		.uleb128 0x18
 1888 0074 00       		.byte	0
 1889 0075 00       		.byte	0
 1890 0076 00       		.byte	0
 1891              		.section	.debug_aranges,"",%progbits
 1892 0000 14000000 		.4byte	0x14
 1893 0004 0200     		.2byte	0x2
 1894 0006 00000000 		.4byte	.Ldebug_info0
 1895 000a 04       		.byte	0x4
 1896 000b 00       		.byte	0
 1897 000c 0000     		.2byte	0
 1898 000e 0000     		.2byte	0
 1899 0010 00000000 		.4byte	0
 1900 0014 00000000 		.4byte	0
 1901              		.section	.debug_line,"",%progbits
 1902              	.Ldebug_line0:
 1903 0000 3D010000 		.section	.debug_str,"MS",%progbits,1
 1903      02003701 
 1903      00000201 
 1903      FB0E0D00 
 1903      01010101 
 1904              	.LASF9:
 1905 0000 5F5F7569 		.ascii	"__uint8_t\000"
 1905      6E74385F 
 1905      7400
 1906              	.LASF16:
 1907 000a 63795F6D 		.ascii	"cy_metadata\000"
 1907      65746164 
 1907      61746100 
 1908              	.LASF1:
 1909 0016 756E7369 		.ascii	"unsigned char\000"
 1909      676E6564 
 1909      20636861 
 1909      7200
 1910              	.LASF17:
 1911 0024 474E5520 		.ascii	"GNU C11 5.4.1 20160609 (release) [ARM/embedded-5-br"
 1911      43313120 
 1911      352E342E 
 1911      31203230 
 1911      31363036 
 1912 0057 616E6368 		.ascii	"anch revision 237715] -mcpu=cortex-m3 -mthumb -g -O"
 1912      20726576 
 1912      6973696F 
 1912      6E203233 
 1912      37373135 
 1913 008a 67202D66 		.ascii	"g -ffunction-sections -ffat-lto-objects\000"
 1913      66756E63 
 1913      74696F6E 
ARM GAS  C:\Users\BASILE~1.BER\AppData\Local\Temp\cchIN9Gh.s 			page 35


 1913      2D736563 
 1913      74696F6E 
 1914              	.LASF5:
 1915 00b2 6C6F6E67 		.ascii	"long unsigned int\000"
 1915      20756E73 
 1915      69676E65 
 1915      6420696E 
 1915      7400
 1916              	.LASF3:
 1917 00c4 73686F72 		.ascii	"short unsigned int\000"
 1917      7420756E 
 1917      7369676E 
 1917      65642069 
 1917      6E7400
 1918              	.LASF19:
 1919 00d7 433A5C55 		.ascii	"C:\\Users\\basile.berckmoes\\Documents\\GitHub\\Rob"
 1919      73657273 
 1919      5C626173 
 1919      696C652E 
 1919      62657263 
 1920 0105 6F74436F 		.ascii	"otComp2ELO\\Software\\PSoc\\Ble\\ProjectBle\\Design"
 1920      6D703245 
 1920      4C4F5C53 
 1920      6F667477 
 1920      6172655C 
 1921 0133 30312E63 		.ascii	"01.cydsn\000"
 1921      7964736E 
 1921      00
 1922              	.LASF13:
 1923 013c 63795F6D 		.ascii	"cy_meta_custnvl\000"
 1923      6574615F 
 1923      63757374 
 1923      6E766C00 
 1924              	.LASF12:
 1925 014c 63795F6D 		.ascii	"cy_meta_configecc\000"
 1925      6574615F 
 1925      636F6E66 
 1925      69676563 
 1925      6300
 1926              	.LASF8:
 1927 015e 756E7369 		.ascii	"unsigned int\000"
 1927      676E6564 
 1927      20696E74 
 1927      00
 1928              	.LASF7:
 1929 016b 6C6F6E67 		.ascii	"long long unsigned int\000"
 1929      206C6F6E 
 1929      6720756E 
 1929      7369676E 
 1929      65642069 
 1930              	.LASF10:
 1931 0182 75696E74 		.ascii	"uint8_t\000"
 1931      385F7400 
 1932              	.LASF15:
 1933 018a 63795F6D 		.ascii	"cy_meta_flashprotect\000"
 1933      6574615F 
 1933      666C6173 
ARM GAS  C:\Users\BASILE~1.BER\AppData\Local\Temp\cchIN9Gh.s 			page 36


 1933      6870726F 
 1933      74656374 
 1934              	.LASF14:
 1935 019f 63795F6D 		.ascii	"cy_meta_wonvl\000"
 1935      6574615F 
 1935      776F6E76 
 1935      6C00
 1936              	.LASF11:
 1937 01ad 73697A65 		.ascii	"sizetype\000"
 1937      74797065 
 1937      00
 1938              	.LASF6:
 1939 01b6 6C6F6E67 		.ascii	"long long int\000"
 1939      206C6F6E 
 1939      6720696E 
 1939      7400
 1940              	.LASF2:
 1941 01c4 73686F72 		.ascii	"short int\000"
 1941      7420696E 
 1941      7400
 1942              	.LASF4:
 1943 01ce 6C6F6E67 		.ascii	"long int\000"
 1943      20696E74 
 1943      00
 1944              	.LASF0:
 1945 01d7 7369676E 		.ascii	"signed char\000"
 1945      65642063 
 1945      68617200 
 1946              	.LASF18:
 1947 01e3 47656E65 		.ascii	"Generated_Source\\PSoC5\\cymetadata.c\000"
 1947      72617465 
 1947      645F536F 
 1947      75726365 
 1947      5C50536F 
 1948              		.ident	"GCC: (GNU Tools for ARM Embedded Processors) 5.4.1 20160609 (release) [ARM/embedded-5-bran
