ARM GAS  C:\Users\BASILE~1.BER\AppData\Local\Temp\ccakyL0Q.s 			page 1


   1              		.syntax unified
   2              		.cpu cortex-m3
   3              		.fpu softvfp
   4              		.eabi_attribute 20, 1
   5              		.eabi_attribute 21, 1
   6              		.eabi_attribute 23, 3
   7              		.eabi_attribute 24, 1
   8              		.eabi_attribute 25, 1
   9              		.eabi_attribute 26, 1
  10              		.eabi_attribute 30, 1
  11              		.eabi_attribute 34, 1
  12              		.eabi_attribute 18, 4
  13              		.thumb
  14              		.syntax unified
  15              		.file	"main.c"
  16              		.text
  17              	.Ltext0:
  18              		.cfi_sections	.debug_frame
  19              		.section	.text.dataBinnenPutty,"ax",%progbits
  20              		.align	2
  21              		.global	dataBinnenPutty
  22              		.thumb
  23              		.thumb_func
  24              		.type	dataBinnenPutty, %function
  25              	dataBinnenPutty:
  26              	.LFB63:
  27              		.file 1 "main.c"
   1:main.c        **** /* ========================================
   2:main.c        ****  *
   3:main.c        ****  * Copyright YOUR COMPANY, THE YEAR
   4:main.c        ****  * All Rights Reserved
   5:main.c        ****  * UNPUBLISHED, LICENSED SOFTWARE.
   6:main.c        ****  *
   7:main.c        ****  * CONFIDENTIAL AND PROPRIETARY INFORMATION
   8:main.c        ****  * WHICH IS THE PROPERTY OF your company.
   9:main.c        ****  *
  10:main.c        ****  * ========================================
  11:main.c        **** */
  12:main.c        **** #include "project.h"
  13:main.c        **** 
  14:main.c        **** 
  15:main.c        **** CY_ISR(dataBinnenPutty)
  16:main.c        **** {
  28              		.loc 1 16 0
  29              		.cfi_startproc
  30              		@ args = 0, pretend = 0, frame = 0
  31              		@ frame_needed = 0, uses_anonymous_args = 0
  32 0000 08B5     		push	{r3, lr}
  33              		.cfi_def_cfa_offset 8
  34              		.cfi_offset 3, -8
  35              		.cfi_offset 14, -4
  17:main.c        ****     char charBinnen = puttyUart1_GetChar();
  36              		.loc 1 17 0
  37 0002 FFF7FEFF 		bl	puttyUart1_GetChar
  38              	.LVL0:
  18:main.c        ****     puttyUart1_PutChar(charBinnen);
  39              		.loc 1 18 0
ARM GAS  C:\Users\BASILE~1.BER\AppData\Local\Temp\ccakyL0Q.s 			page 2


  40 0006 FFF7FEFF 		bl	puttyUart1_PutChar
  41              	.LVL1:
  19:main.c        ****     
  20:main.c        ****     bleUart1_PutString("AT");
  42              		.loc 1 20 0
  43 000a 0248     		ldr	r0, .L3
  44 000c FFF7FEFF 		bl	bleUart1_PutString
  45              	.LVL2:
  46 0010 08BD     		pop	{r3, pc}
  47              	.L4:
  48 0012 00BF     		.align	2
  49              	.L3:
  50 0014 00000000 		.word	.LC0
  51              		.cfi_endproc
  52              	.LFE63:
  53              		.size	dataBinnenPutty, .-dataBinnenPutty
  54              		.section	.text.bleAntwoord,"ax",%progbits
  55              		.align	2
  56              		.global	bleAntwoord
  57              		.thumb
  58              		.thumb_func
  59              		.type	bleAntwoord, %function
  60              	bleAntwoord:
  61              	.LFB64:
  21:main.c        **** }
  22:main.c        **** 
  23:main.c        **** CY_ISR(bleAntwoord)
  24:main.c        **** {
  62              		.loc 1 24 0
  63              		.cfi_startproc
  64              		@ args = 0, pretend = 0, frame = 0
  65              		@ frame_needed = 0, uses_anonymous_args = 0
  66 0000 08B5     		push	{r3, lr}
  67              		.cfi_def_cfa_offset 8
  68              		.cfi_offset 3, -8
  69              		.cfi_offset 14, -4
  25:main.c        ****     char charBinnen = bleUart1_GetChar();
  70              		.loc 1 25 0
  71 0002 FFF7FEFF 		bl	bleUart1_GetChar
  72              	.LVL3:
  26:main.c        ****     puttyUart1_PutChar(charBinnen);
  73              		.loc 1 26 0
  74 0006 FFF7FEFF 		bl	puttyUart1_PutChar
  75              	.LVL4:
  76 000a 08BD     		pop	{r3, pc}
  77              		.cfi_endproc
  78              	.LFE64:
  79              		.size	bleAntwoord, .-bleAntwoord
  80              		.section	.text.main,"ax",%progbits
  81              		.align	2
  82              		.global	main
  83              		.thumb
  84              		.thumb_func
  85              		.type	main, %function
  86              	main:
  87              	.LFB65:
  27:main.c        **** }
ARM GAS  C:\Users\BASILE~1.BER\AppData\Local\Temp\ccakyL0Q.s 			page 3


  28:main.c        **** 
  29:main.c        **** int main(void)
  30:main.c        **** {
  88              		.loc 1 30 0
  89              		.cfi_startproc
  90              		@ Volatile: function does not return.
  91              		@ args = 0, pretend = 0, frame = 0
  92              		@ frame_needed = 0, uses_anonymous_args = 0
  93 0000 08B5     		push	{r3, lr}
  94              		.cfi_def_cfa_offset 8
  95              		.cfi_offset 3, -8
  96              		.cfi_offset 14, -4
  31:main.c        ****     CyGlobalIntEnable; /* Enable global interrupts. */
  97              		.loc 1 31 0
  98              		.syntax unified
  99              	@ 31 "main.c" 1
 100 0002 62B6     		CPSIE   i
 101              	@ 0 "" 2
  32:main.c        ****     rxPuttyISR_StartEx(dataBinnenPutty);
 102              		.loc 1 32 0
 103              		.thumb
 104              		.syntax unified
 105 0004 0748     		ldr	r0, .L10
 106 0006 FFF7FEFF 		bl	rxPuttyISR_StartEx
 107              	.LVL5:
  33:main.c        ****     
  34:main.c        ****     rxBleISR_StartEx(bleAntwoord);
 108              		.loc 1 34 0
 109 000a 0748     		ldr	r0, .L10+4
 110 000c FFF7FEFF 		bl	rxBleISR_StartEx
 111              	.LVL6:
  35:main.c        ****     
  36:main.c        ****     VDAC_Start();
 112              		.loc 1 36 0
 113 0010 FFF7FEFF 		bl	VDAC_Start
 114              	.LVL7:
  37:main.c        ****     Opamp_1_Start();
 115              		.loc 1 37 0
 116 0014 FFF7FEFF 		bl	Opamp_1_Start
 117              	.LVL8:
  38:main.c        ****     puttyUart1_Start();
 118              		.loc 1 38 0
 119 0018 FFF7FEFF 		bl	puttyUart1_Start
 120              	.LVL9:
  39:main.c        ****     bleUart1_Start();
 121              		.loc 1 39 0
 122 001c FFF7FEFF 		bl	bleUart1_Start
 123              	.LVL10:
 124              	.L8:
 125 0020 FEE7     		b	.L8
 126              	.L11:
 127 0022 00BF     		.align	2
 128              	.L10:
 129 0024 00000000 		.word	dataBinnenPutty
 130 0028 00000000 		.word	bleAntwoord
 131              		.cfi_endproc
 132              	.LFE65:
ARM GAS  C:\Users\BASILE~1.BER\AppData\Local\Temp\ccakyL0Q.s 			page 4


 133              		.size	main, .-main
 134              		.section	.rodata.str1.4,"aMS",%progbits,1
 135              		.align	2
 136              	.LC0:
 137 0000 415400   		.ascii	"AT\000"
 138              		.text
 139              	.Letext0:
 140              		.file 2 "c:\\program files (x86)\\cypress\\psoc creator\\4.1\\psoc creator\\import\\gnu\\arm\\5.4.
 141              		.file 3 "c:\\program files (x86)\\cypress\\psoc creator\\4.1\\psoc creator\\import\\gnu\\arm\\5.4.
 142              		.file 4 "Generated_Source\\PSoC5/puttyUart1.h"
 143              		.file 5 "Generated_Source\\PSoC5/bleUart1.h"
 144              		.file 6 "Generated_Source\\PSoC5/rxPuttyISR.h"
 145              		.file 7 "Generated_Source\\PSoC5/rxBleISR.h"
 146              		.file 8 "Generated_Source\\PSoC5/VDAC.h"
 147              		.file 9 "Generated_Source\\PSoC5/Opamp_1.h"
 148              		.file 10 "Generated_Source\\PSoC5/core_cm3.h"
 149              		.section	.debug_info,"",%progbits
 150              	.Ldebug_info0:
 151 0000 0D020000 		.4byte	0x20d
 152 0004 0400     		.2byte	0x4
 153 0006 00000000 		.4byte	.Ldebug_abbrev0
 154 000a 04       		.byte	0x4
 155 000b 01       		.uleb128 0x1
 156 000c 75000000 		.4byte	.LASF29
 157 0010 0C       		.byte	0xc
 158 0011 E9010000 		.4byte	.LASF30
 159 0015 35010000 		.4byte	.LASF31
 160 0019 00000000 		.4byte	.Ldebug_ranges0+0
 161 001d 00000000 		.4byte	0
 162 0021 00000000 		.4byte	.Ldebug_line0
 163 0025 02       		.uleb128 0x2
 164 0026 01       		.byte	0x1
 165 0027 06       		.byte	0x6
 166 0028 5B000000 		.4byte	.LASF0
 167 002c 02       		.uleb128 0x2
 168 002d 01       		.byte	0x1
 169 002e 08       		.byte	0x8
 170 002f 67000000 		.4byte	.LASF1
 171 0033 02       		.uleb128 0x2
 172 0034 02       		.byte	0x2
 173 0035 05       		.byte	0x5
 174 0036 3A020000 		.4byte	.LASF2
 175 003a 02       		.uleb128 0x2
 176 003b 02       		.byte	0x2
 177 003c 07       		.byte	0x7
 178 003d 15010000 		.4byte	.LASF3
 179 0041 03       		.uleb128 0x3
 180 0042 13000000 		.4byte	.LASF9
 181 0046 02       		.byte	0x2
 182 0047 3F       		.byte	0x3f
 183 0048 4C000000 		.4byte	0x4c
 184 004c 02       		.uleb128 0x2
 185 004d 04       		.byte	0x4
 186 004e 05       		.byte	0x5
 187 004f 4F020000 		.4byte	.LASF4
 188 0053 02       		.uleb128 0x2
 189 0054 04       		.byte	0x4
ARM GAS  C:\Users\BASILE~1.BER\AppData\Local\Temp\ccakyL0Q.s 			page 5


 190 0055 07       		.byte	0x7
 191 0056 03010000 		.4byte	.LASF5
 192 005a 02       		.uleb128 0x2
 193 005b 08       		.byte	0x8
 194 005c 05       		.byte	0x5
 195 005d DB010000 		.4byte	.LASF6
 196 0061 02       		.uleb128 0x2
 197 0062 08       		.byte	0x8
 198 0063 07       		.byte	0x7
 199 0064 B3010000 		.4byte	.LASF7
 200 0068 04       		.uleb128 0x4
 201 0069 04       		.byte	0x4
 202 006a 05       		.byte	0x5
 203 006b 696E7400 		.ascii	"int\000"
 204 006f 02       		.uleb128 0x2
 205 0070 04       		.byte	0x4
 206 0071 07       		.byte	0x7
 207 0072 A6010000 		.4byte	.LASF8
 208 0076 03       		.uleb128 0x3
 209 0077 CA010000 		.4byte	.LASF10
 210 007b 03       		.byte	0x3
 211 007c 2C       		.byte	0x2c
 212 007d 41000000 		.4byte	0x41
 213 0081 02       		.uleb128 0x2
 214 0082 04       		.byte	0x4
 215 0083 04       		.byte	0x4
 216 0084 55000000 		.4byte	.LASF11
 217 0088 02       		.uleb128 0x2
 218 0089 08       		.byte	0x8
 219 008a 04       		.byte	0x4
 220 008b 9A010000 		.4byte	.LASF12
 221 008f 02       		.uleb128 0x2
 222 0090 01       		.byte	0x1
 223 0091 08       		.byte	0x8
 224 0092 F0010000 		.4byte	.LASF13
 225 0096 02       		.uleb128 0x2
 226 0097 08       		.byte	0x8
 227 0098 04       		.byte	0x4
 228 0099 58020000 		.4byte	.LASF14
 229 009d 02       		.uleb128 0x2
 230 009e 04       		.byte	0x4
 231 009f 07       		.byte	0x7
 232 00a0 D2010000 		.4byte	.LASF15
 233 00a4 05       		.uleb128 0x5
 234 00a5 17020000 		.4byte	.LASF16
 235 00a9 01       		.byte	0x1
 236 00aa 0F       		.byte	0xf
 237 00ab 00000000 		.4byte	.LFB63
 238 00af 18000000 		.4byte	.LFE63-.LFB63
 239 00b3 01       		.uleb128 0x1
 240 00b4 9C       		.byte	0x9c
 241 00b5 EE000000 		.4byte	0xee
 242 00b9 06       		.uleb128 0x6
 243 00ba 44020000 		.4byte	.LASF18
 244 00be 01       		.byte	0x1
 245 00bf 11       		.byte	0x11
 246 00c0 8F000000 		.4byte	0x8f
ARM GAS  C:\Users\BASILE~1.BER\AppData\Local\Temp\ccakyL0Q.s 			page 6


 247 00c4 00000000 		.4byte	.LLST0
 248 00c8 07       		.uleb128 0x7
 249 00c9 06000000 		.4byte	.LVL0
 250 00cd A2010000 		.4byte	0x1a2
 251 00d1 07       		.uleb128 0x7
 252 00d2 0A000000 		.4byte	.LVL1
 253 00d6 AD010000 		.4byte	0x1ad
 254 00da 08       		.uleb128 0x8
 255 00db 10000000 		.4byte	.LVL2
 256 00df B8010000 		.4byte	0x1b8
 257 00e3 09       		.uleb128 0x9
 258 00e4 01       		.uleb128 0x1
 259 00e5 50       		.byte	0x50
 260 00e6 05       		.uleb128 0x5
 261 00e7 03       		.byte	0x3
 262 00e8 00000000 		.4byte	.LC0
 263 00ec 00       		.byte	0
 264 00ed 00       		.byte	0
 265 00ee 05       		.uleb128 0x5
 266 00ef 49000000 		.4byte	.LASF17
 267 00f3 01       		.byte	0x1
 268 00f4 17       		.byte	0x17
 269 00f5 00000000 		.4byte	.LFB64
 270 00f9 0C000000 		.4byte	.LFE64-.LFB64
 271 00fd 01       		.uleb128 0x1
 272 00fe 9C       		.byte	0x9c
 273 00ff 25010000 		.4byte	0x125
 274 0103 06       		.uleb128 0x6
 275 0104 44020000 		.4byte	.LASF18
 276 0108 01       		.byte	0x1
 277 0109 19       		.byte	0x19
 278 010a 8F000000 		.4byte	0x8f
 279 010e 13000000 		.4byte	.LLST1
 280 0112 07       		.uleb128 0x7
 281 0113 06000000 		.4byte	.LVL3
 282 0117 C3010000 		.4byte	0x1c3
 283 011b 07       		.uleb128 0x7
 284 011c 0A000000 		.4byte	.LVL4
 285 0120 AD010000 		.4byte	0x1ad
 286 0124 00       		.byte	0
 287 0125 0A       		.uleb128 0xa
 288 0126 A1010000 		.4byte	.LASF32
 289 012a 01       		.byte	0x1
 290 012b 1D       		.byte	0x1d
 291 012c 68000000 		.4byte	0x68
 292 0130 00000000 		.4byte	.LFB65
 293 0134 2C000000 		.4byte	.LFE65-.LFB65
 294 0138 01       		.uleb128 0x1
 295 0139 9C       		.byte	0x9c
 296 013a 91010000 		.4byte	0x191
 297 013e 0B       		.uleb128 0xb
 298 013f 0A000000 		.4byte	.LVL5
 299 0143 CE010000 		.4byte	0x1ce
 300 0147 55010000 		.4byte	0x155
 301 014b 09       		.uleb128 0x9
 302 014c 01       		.uleb128 0x1
 303 014d 50       		.byte	0x50
ARM GAS  C:\Users\BASILE~1.BER\AppData\Local\Temp\ccakyL0Q.s 			page 7


 304 014e 05       		.uleb128 0x5
 305 014f 03       		.byte	0x3
 306 0150 00000000 		.4byte	dataBinnenPutty
 307 0154 00       		.byte	0
 308 0155 0B       		.uleb128 0xb
 309 0156 10000000 		.4byte	.LVL6
 310 015a D9010000 		.4byte	0x1d9
 311 015e 6C010000 		.4byte	0x16c
 312 0162 09       		.uleb128 0x9
 313 0163 01       		.uleb128 0x1
 314 0164 50       		.byte	0x50
 315 0165 05       		.uleb128 0x5
 316 0166 03       		.byte	0x3
 317 0167 00000000 		.4byte	bleAntwoord
 318 016b 00       		.byte	0
 319 016c 07       		.uleb128 0x7
 320 016d 14000000 		.4byte	.LVL7
 321 0171 E4010000 		.4byte	0x1e4
 322 0175 07       		.uleb128 0x7
 323 0176 18000000 		.4byte	.LVL8
 324 017a EF010000 		.4byte	0x1ef
 325 017e 07       		.uleb128 0x7
 326 017f 1C000000 		.4byte	.LVL9
 327 0183 FA010000 		.4byte	0x1fa
 328 0187 07       		.uleb128 0x7
 329 0188 20000000 		.4byte	.LVL10
 330 018c 05020000 		.4byte	0x205
 331 0190 00       		.byte	0
 332 0191 0C       		.uleb128 0xc
 333 0192 28010000 		.4byte	.LASF33
 334 0196 0A       		.byte	0xa
 335 0197 1207     		.2byte	0x712
 336 0199 9D010000 		.4byte	0x19d
 337 019d 0D       		.uleb128 0xd
 338 019e 76000000 		.4byte	0x76
 339 01a2 0E       		.uleb128 0xe
 340 01a3 36000000 		.4byte	.LASF19
 341 01a7 36000000 		.4byte	.LASF19
 342 01ab 04       		.byte	0x4
 343 01ac 71       		.byte	0x71
 344 01ad 0E       		.uleb128 0xe
 345 01ae 00000000 		.4byte	.LASF20
 346 01b2 00000000 		.4byte	.LASF20
 347 01b6 04       		.byte	0x4
 348 01b7 8A       		.byte	0x8a
 349 01b8 0E       		.uleb128 0xe
 350 01b9 27020000 		.4byte	.LASF21
 351 01bd 27020000 		.4byte	.LASF21
 352 01c1 05       		.byte	0x5
 353 01c2 8B       		.byte	0x8b
 354 01c3 0E       		.uleb128 0xe
 355 01c4 64020000 		.4byte	.LASF22
 356 01c8 64020000 		.4byte	.LASF22
 357 01cc 05       		.byte	0x5
 358 01cd 71       		.byte	0x71
 359 01ce 0E       		.uleb128 0xe
 360 01cf 75020000 		.4byte	.LASF23
ARM GAS  C:\Users\BASILE~1.BER\AppData\Local\Temp\ccakyL0Q.s 			page 8


 361 01d3 75020000 		.4byte	.LASF23
 362 01d7 06       		.byte	0x6
 363 01d8 18       		.byte	0x18
 364 01d9 0E       		.uleb128 0xe
 365 01da F5010000 		.4byte	.LASF24
 366 01de F5010000 		.4byte	.LASF24
 367 01e2 07       		.byte	0x7
 368 01e3 18       		.byte	0x18
 369 01e4 0E       		.uleb128 0xe
 370 01e5 2B000000 		.4byte	.LASF25
 371 01e9 2B000000 		.4byte	.LASF25
 372 01ed 08       		.byte	0x8
 373 01ee 33       		.byte	0x33
 374 01ef 0E       		.uleb128 0xe
 375 01f0 1D000000 		.4byte	.LASF26
 376 01f4 1D000000 		.4byte	.LASF26
 377 01f8 09       		.byte	0x9
 378 01f9 33       		.byte	0x33
 379 01fa 0E       		.uleb128 0xe
 380 01fb 06020000 		.4byte	.LASF27
 381 01ff 06020000 		.4byte	.LASF27
 382 0203 04       		.byte	0x4
 383 0204 54       		.byte	0x54
 384 0205 0E       		.uleb128 0xe
 385 0206 88020000 		.4byte	.LASF28
 386 020a 88020000 		.4byte	.LASF28
 387 020e 05       		.byte	0x5
 388 020f 54       		.byte	0x54
 389 0210 00       		.byte	0
 390              		.section	.debug_abbrev,"",%progbits
 391              	.Ldebug_abbrev0:
 392 0000 01       		.uleb128 0x1
 393 0001 11       		.uleb128 0x11
 394 0002 01       		.byte	0x1
 395 0003 25       		.uleb128 0x25
 396 0004 0E       		.uleb128 0xe
 397 0005 13       		.uleb128 0x13
 398 0006 0B       		.uleb128 0xb
 399 0007 03       		.uleb128 0x3
 400 0008 0E       		.uleb128 0xe
 401 0009 1B       		.uleb128 0x1b
 402 000a 0E       		.uleb128 0xe
 403 000b 55       		.uleb128 0x55
 404 000c 17       		.uleb128 0x17
 405 000d 11       		.uleb128 0x11
 406 000e 01       		.uleb128 0x1
 407 000f 10       		.uleb128 0x10
 408 0010 17       		.uleb128 0x17
 409 0011 00       		.byte	0
 410 0012 00       		.byte	0
 411 0013 02       		.uleb128 0x2
 412 0014 24       		.uleb128 0x24
 413 0015 00       		.byte	0
 414 0016 0B       		.uleb128 0xb
 415 0017 0B       		.uleb128 0xb
 416 0018 3E       		.uleb128 0x3e
 417 0019 0B       		.uleb128 0xb
ARM GAS  C:\Users\BASILE~1.BER\AppData\Local\Temp\ccakyL0Q.s 			page 9


 418 001a 03       		.uleb128 0x3
 419 001b 0E       		.uleb128 0xe
 420 001c 00       		.byte	0
 421 001d 00       		.byte	0
 422 001e 03       		.uleb128 0x3
 423 001f 16       		.uleb128 0x16
 424 0020 00       		.byte	0
 425 0021 03       		.uleb128 0x3
 426 0022 0E       		.uleb128 0xe
 427 0023 3A       		.uleb128 0x3a
 428 0024 0B       		.uleb128 0xb
 429 0025 3B       		.uleb128 0x3b
 430 0026 0B       		.uleb128 0xb
 431 0027 49       		.uleb128 0x49
 432 0028 13       		.uleb128 0x13
 433 0029 00       		.byte	0
 434 002a 00       		.byte	0
 435 002b 04       		.uleb128 0x4
 436 002c 24       		.uleb128 0x24
 437 002d 00       		.byte	0
 438 002e 0B       		.uleb128 0xb
 439 002f 0B       		.uleb128 0xb
 440 0030 3E       		.uleb128 0x3e
 441 0031 0B       		.uleb128 0xb
 442 0032 03       		.uleb128 0x3
 443 0033 08       		.uleb128 0x8
 444 0034 00       		.byte	0
 445 0035 00       		.byte	0
 446 0036 05       		.uleb128 0x5
 447 0037 2E       		.uleb128 0x2e
 448 0038 01       		.byte	0x1
 449 0039 3F       		.uleb128 0x3f
 450 003a 19       		.uleb128 0x19
 451 003b 03       		.uleb128 0x3
 452 003c 0E       		.uleb128 0xe
 453 003d 3A       		.uleb128 0x3a
 454 003e 0B       		.uleb128 0xb
 455 003f 3B       		.uleb128 0x3b
 456 0040 0B       		.uleb128 0xb
 457 0041 27       		.uleb128 0x27
 458 0042 19       		.uleb128 0x19
 459 0043 11       		.uleb128 0x11
 460 0044 01       		.uleb128 0x1
 461 0045 12       		.uleb128 0x12
 462 0046 06       		.uleb128 0x6
 463 0047 40       		.uleb128 0x40
 464 0048 18       		.uleb128 0x18
 465 0049 9742     		.uleb128 0x2117
 466 004b 19       		.uleb128 0x19
 467 004c 01       		.uleb128 0x1
 468 004d 13       		.uleb128 0x13
 469 004e 00       		.byte	0
 470 004f 00       		.byte	0
 471 0050 06       		.uleb128 0x6
 472 0051 34       		.uleb128 0x34
 473 0052 00       		.byte	0
 474 0053 03       		.uleb128 0x3
ARM GAS  C:\Users\BASILE~1.BER\AppData\Local\Temp\ccakyL0Q.s 			page 10


 475 0054 0E       		.uleb128 0xe
 476 0055 3A       		.uleb128 0x3a
 477 0056 0B       		.uleb128 0xb
 478 0057 3B       		.uleb128 0x3b
 479 0058 0B       		.uleb128 0xb
 480 0059 49       		.uleb128 0x49
 481 005a 13       		.uleb128 0x13
 482 005b 02       		.uleb128 0x2
 483 005c 17       		.uleb128 0x17
 484 005d 00       		.byte	0
 485 005e 00       		.byte	0
 486 005f 07       		.uleb128 0x7
 487 0060 898201   		.uleb128 0x4109
 488 0063 00       		.byte	0
 489 0064 11       		.uleb128 0x11
 490 0065 01       		.uleb128 0x1
 491 0066 31       		.uleb128 0x31
 492 0067 13       		.uleb128 0x13
 493 0068 00       		.byte	0
 494 0069 00       		.byte	0
 495 006a 08       		.uleb128 0x8
 496 006b 898201   		.uleb128 0x4109
 497 006e 01       		.byte	0x1
 498 006f 11       		.uleb128 0x11
 499 0070 01       		.uleb128 0x1
 500 0071 31       		.uleb128 0x31
 501 0072 13       		.uleb128 0x13
 502 0073 00       		.byte	0
 503 0074 00       		.byte	0
 504 0075 09       		.uleb128 0x9
 505 0076 8A8201   		.uleb128 0x410a
 506 0079 00       		.byte	0
 507 007a 02       		.uleb128 0x2
 508 007b 18       		.uleb128 0x18
 509 007c 9142     		.uleb128 0x2111
 510 007e 18       		.uleb128 0x18
 511 007f 00       		.byte	0
 512 0080 00       		.byte	0
 513 0081 0A       		.uleb128 0xa
 514 0082 2E       		.uleb128 0x2e
 515 0083 01       		.byte	0x1
 516 0084 3F       		.uleb128 0x3f
 517 0085 19       		.uleb128 0x19
 518 0086 03       		.uleb128 0x3
 519 0087 0E       		.uleb128 0xe
 520 0088 3A       		.uleb128 0x3a
 521 0089 0B       		.uleb128 0xb
 522 008a 3B       		.uleb128 0x3b
 523 008b 0B       		.uleb128 0xb
 524 008c 27       		.uleb128 0x27
 525 008d 19       		.uleb128 0x19
 526 008e 49       		.uleb128 0x49
 527 008f 13       		.uleb128 0x13
 528 0090 8701     		.uleb128 0x87
 529 0092 19       		.uleb128 0x19
 530 0093 11       		.uleb128 0x11
 531 0094 01       		.uleb128 0x1
ARM GAS  C:\Users\BASILE~1.BER\AppData\Local\Temp\ccakyL0Q.s 			page 11


 532 0095 12       		.uleb128 0x12
 533 0096 06       		.uleb128 0x6
 534 0097 40       		.uleb128 0x40
 535 0098 18       		.uleb128 0x18
 536 0099 9742     		.uleb128 0x2117
 537 009b 19       		.uleb128 0x19
 538 009c 01       		.uleb128 0x1
 539 009d 13       		.uleb128 0x13
 540 009e 00       		.byte	0
 541 009f 00       		.byte	0
 542 00a0 0B       		.uleb128 0xb
 543 00a1 898201   		.uleb128 0x4109
 544 00a4 01       		.byte	0x1
 545 00a5 11       		.uleb128 0x11
 546 00a6 01       		.uleb128 0x1
 547 00a7 31       		.uleb128 0x31
 548 00a8 13       		.uleb128 0x13
 549 00a9 01       		.uleb128 0x1
 550 00aa 13       		.uleb128 0x13
 551 00ab 00       		.byte	0
 552 00ac 00       		.byte	0
 553 00ad 0C       		.uleb128 0xc
 554 00ae 34       		.uleb128 0x34
 555 00af 00       		.byte	0
 556 00b0 03       		.uleb128 0x3
 557 00b1 0E       		.uleb128 0xe
 558 00b2 3A       		.uleb128 0x3a
 559 00b3 0B       		.uleb128 0xb
 560 00b4 3B       		.uleb128 0x3b
 561 00b5 05       		.uleb128 0x5
 562 00b6 49       		.uleb128 0x49
 563 00b7 13       		.uleb128 0x13
 564 00b8 3F       		.uleb128 0x3f
 565 00b9 19       		.uleb128 0x19
 566 00ba 3C       		.uleb128 0x3c
 567 00bb 19       		.uleb128 0x19
 568 00bc 00       		.byte	0
 569 00bd 00       		.byte	0
 570 00be 0D       		.uleb128 0xd
 571 00bf 35       		.uleb128 0x35
 572 00c0 00       		.byte	0
 573 00c1 49       		.uleb128 0x49
 574 00c2 13       		.uleb128 0x13
 575 00c3 00       		.byte	0
 576 00c4 00       		.byte	0
 577 00c5 0E       		.uleb128 0xe
 578 00c6 2E       		.uleb128 0x2e
 579 00c7 00       		.byte	0
 580 00c8 3F       		.uleb128 0x3f
 581 00c9 19       		.uleb128 0x19
 582 00ca 3C       		.uleb128 0x3c
 583 00cb 19       		.uleb128 0x19
 584 00cc 6E       		.uleb128 0x6e
 585 00cd 0E       		.uleb128 0xe
 586 00ce 03       		.uleb128 0x3
 587 00cf 0E       		.uleb128 0xe
 588 00d0 3A       		.uleb128 0x3a
ARM GAS  C:\Users\BASILE~1.BER\AppData\Local\Temp\ccakyL0Q.s 			page 12


 589 00d1 0B       		.uleb128 0xb
 590 00d2 3B       		.uleb128 0x3b
 591 00d3 0B       		.uleb128 0xb
 592 00d4 00       		.byte	0
 593 00d5 00       		.byte	0
 594 00d6 00       		.byte	0
 595              		.section	.debug_loc,"",%progbits
 596              	.Ldebug_loc0:
 597              	.LLST0:
 598 0000 06000000 		.4byte	.LVL0
 599 0004 09000000 		.4byte	.LVL1-1
 600 0008 0100     		.2byte	0x1
 601 000a 50       		.byte	0x50
 602 000b 00000000 		.4byte	0
 603 000f 00000000 		.4byte	0
 604              	.LLST1:
 605 0013 06000000 		.4byte	.LVL3
 606 0017 09000000 		.4byte	.LVL4-1
 607 001b 0100     		.2byte	0x1
 608 001d 50       		.byte	0x50
 609 001e 00000000 		.4byte	0
 610 0022 00000000 		.4byte	0
 611              		.section	.debug_aranges,"",%progbits
 612 0000 2C000000 		.4byte	0x2c
 613 0004 0200     		.2byte	0x2
 614 0006 00000000 		.4byte	.Ldebug_info0
 615 000a 04       		.byte	0x4
 616 000b 00       		.byte	0
 617 000c 0000     		.2byte	0
 618 000e 0000     		.2byte	0
 619 0010 00000000 		.4byte	.LFB63
 620 0014 18000000 		.4byte	.LFE63-.LFB63
 621 0018 00000000 		.4byte	.LFB64
 622 001c 0C000000 		.4byte	.LFE64-.LFB64
 623 0020 00000000 		.4byte	.LFB65
 624 0024 2C000000 		.4byte	.LFE65-.LFB65
 625 0028 00000000 		.4byte	0
 626 002c 00000000 		.4byte	0
 627              		.section	.debug_ranges,"",%progbits
 628              	.Ldebug_ranges0:
 629 0000 00000000 		.4byte	.LFB63
 630 0004 18000000 		.4byte	.LFE63
 631 0008 00000000 		.4byte	.LFB64
 632 000c 0C000000 		.4byte	.LFE64
 633 0010 00000000 		.4byte	.LFB65
 634 0014 2C000000 		.4byte	.LFE65
 635 0018 00000000 		.4byte	0
 636 001c 00000000 		.4byte	0
 637              		.section	.debug_line,"",%progbits
 638              	.Ldebug_line0:
 639 0000 D1010000 		.section	.debug_str,"MS",%progbits,1
 639      02009201 
 639      00000201 
 639      FB0E0D00 
 639      01010101 
 640              	.LASF20:
 641 0000 70757474 		.ascii	"puttyUart1_PutChar\000"
ARM GAS  C:\Users\BASILE~1.BER\AppData\Local\Temp\ccakyL0Q.s 			page 13


 641      79556172 
 641      74315F50 
 641      75744368 
 641      617200
 642              	.LASF9:
 643 0013 5F5F696E 		.ascii	"__int32_t\000"
 643      7433325F 
 643      7400
 644              	.LASF26:
 645 001d 4F70616D 		.ascii	"Opamp_1_Start\000"
 645      705F315F 
 645      53746172 
 645      7400
 646              	.LASF25:
 647 002b 56444143 		.ascii	"VDAC_Start\000"
 647      5F537461 
 647      727400
 648              	.LASF19:
 649 0036 70757474 		.ascii	"puttyUart1_GetChar\000"
 649      79556172 
 649      74315F47 
 649      65744368 
 649      617200
 650              	.LASF17:
 651 0049 626C6541 		.ascii	"bleAntwoord\000"
 651      6E74776F 
 651      6F726400 
 652              	.LASF11:
 653 0055 666C6F61 		.ascii	"float\000"
 653      7400
 654              	.LASF0:
 655 005b 7369676E 		.ascii	"signed char\000"
 655      65642063 
 655      68617200 
 656              	.LASF1:
 657 0067 756E7369 		.ascii	"unsigned char\000"
 657      676E6564 
 657      20636861 
 657      7200
 658              	.LASF29:
 659 0075 474E5520 		.ascii	"GNU C11 5.4.1 20160609 (release) [ARM/embedded-5-br"
 659      43313120 
 659      352E342E 
 659      31203230 
 659      31363036 
 660 00a8 616E6368 		.ascii	"anch revision 237715] -mcpu=cortex-m3 -mthumb -g -O"
 660      20726576 
 660      6973696F 
 660      6E203233 
 660      37373135 
 661 00db 67202D66 		.ascii	"g -ffunction-sections -ffat-lto-objects\000"
 661      66756E63 
 661      74696F6E 
 661      2D736563 
 661      74696F6E 
 662              	.LASF5:
 663 0103 6C6F6E67 		.ascii	"long unsigned int\000"
ARM GAS  C:\Users\BASILE~1.BER\AppData\Local\Temp\ccakyL0Q.s 			page 14


 663      20756E73 
 663      69676E65 
 663      6420696E 
 663      7400
 664              	.LASF3:
 665 0115 73686F72 		.ascii	"short unsigned int\000"
 665      7420756E 
 665      7369676E 
 665      65642069 
 665      6E7400
 666              	.LASF33:
 667 0128 49544D5F 		.ascii	"ITM_RxBuffer\000"
 667      52784275 
 667      66666572 
 667      00
 668              	.LASF31:
 669 0135 433A5C55 		.ascii	"C:\\Users\\basile.berckmoes\\Documents\\GitHub\\Rob"
 669      73657273 
 669      5C626173 
 669      696C652E 
 669      62657263 
 670 0163 6F74436F 		.ascii	"otComp2ELO\\Software\\PSoc\\Ble\\ProjectBle\\Design"
 670      6D703245 
 670      4C4F5C53 
 670      6F667477 
 670      6172655C 
 671 0191 30312E63 		.ascii	"01.cydsn\000"
 671      7964736E 
 671      00
 672              	.LASF12:
 673 019a 646F7562 		.ascii	"double\000"
 673      6C6500
 674              	.LASF32:
 675 01a1 6D61696E 		.ascii	"main\000"
 675      00
 676              	.LASF8:
 677 01a6 756E7369 		.ascii	"unsigned int\000"
 677      676E6564 
 677      20696E74 
 677      00
 678              	.LASF7:
 679 01b3 6C6F6E67 		.ascii	"long long unsigned int\000"
 679      206C6F6E 
 679      6720756E 
 679      7369676E 
 679      65642069 
 680              	.LASF10:
 681 01ca 696E7433 		.ascii	"int32_t\000"
 681      325F7400 
 682              	.LASF15:
 683 01d2 73697A65 		.ascii	"sizetype\000"
 683      74797065 
 683      00
 684              	.LASF6:
 685 01db 6C6F6E67 		.ascii	"long long int\000"
 685      206C6F6E 
 685      6720696E 
ARM GAS  C:\Users\BASILE~1.BER\AppData\Local\Temp\ccakyL0Q.s 			page 15


 685      7400
 686              	.LASF30:
 687 01e9 6D61696E 		.ascii	"main.c\000"
 687      2E6300
 688              	.LASF13:
 689 01f0 63686172 		.ascii	"char\000"
 689      00
 690              	.LASF24:
 691 01f5 7278426C 		.ascii	"rxBleISR_StartEx\000"
 691      65495352 
 691      5F537461 
 691      72744578 
 691      00
 692              	.LASF27:
 693 0206 70757474 		.ascii	"puttyUart1_Start\000"
 693      79556172 
 693      74315F53 
 693      74617274 
 693      00
 694              	.LASF16:
 695 0217 64617461 		.ascii	"dataBinnenPutty\000"
 695      42696E6E 
 695      656E5075 
 695      74747900 
 696              	.LASF21:
 697 0227 626C6555 		.ascii	"bleUart1_PutString\000"
 697      61727431 
 697      5F507574 
 697      53747269 
 697      6E6700
 698              	.LASF2:
 699 023a 73686F72 		.ascii	"short int\000"
 699      7420696E 
 699      7400
 700              	.LASF18:
 701 0244 63686172 		.ascii	"charBinnen\000"
 701      42696E6E 
 701      656E00
 702              	.LASF4:
 703 024f 6C6F6E67 		.ascii	"long int\000"
 703      20696E74 
 703      00
 704              	.LASF14:
 705 0258 6C6F6E67 		.ascii	"long double\000"
 705      20646F75 
 705      626C6500 
 706              	.LASF22:
 707 0264 626C6555 		.ascii	"bleUart1_GetChar\000"
 707      61727431 
 707      5F476574 
 707      43686172 
 707      00
 708              	.LASF23:
 709 0275 72785075 		.ascii	"rxPuttyISR_StartEx\000"
 709      74747949 
 709      53525F53 
 709      74617274 
ARM GAS  C:\Users\BASILE~1.BER\AppData\Local\Temp\ccakyL0Q.s 			page 16


 709      457800
 710              	.LASF28:
 711 0288 626C6555 		.ascii	"bleUart1_Start\000"
 711      61727431 
 711      5F537461 
 711      727400
 712              		.ident	"GCC: (GNU Tools for ARM Embedded Processors) 5.4.1 20160609 (release) [ARM/embedded-5-bran
