ARM GAS  C:\Users\Jona\AppData\Local\Temp\ccov9IUy.s 			page 1


   1              		.syntax unified
   2              		.cpu cortex-m3
   3              		.fpu softvfp
   4              		.eabi_attribute 20, 1
   5              		.eabi_attribute 21, 1
   6              		.eabi_attribute 23, 3
   7              		.eabi_attribute 24, 1
   8              		.eabi_attribute 25, 1
   9              		.eabi_attribute 26, 1
  10              		.eabi_attribute 30, 1
  11              		.eabi_attribute 34, 1
  12              		.eabi_attribute 18, 4
  13              		.thumb
  14              		.syntax unified
  15              		.file	"myUART.c"
  16              		.text
  17              	.Ltext0:
  18              		.cfi_sections	.debug_frame
  19              		.section	.text.MyRxInt,"ax",%progbits
  20              		.align	2
  21              		.global	MyRxInt
  22              		.thumb
  23              		.thumb_func
  24              		.type	MyRxInt, %function
  25              	MyRxInt:
  26              	.LFB64:
  27              		.file 1 "myUART.c"
   1:myUART.c      **** /* ==================================================
   2:myUART.c      ****  * Followed by project posted by 
   3:myUART.c      ****  * Bob Marlowe TxRx20
   4:myUART.c      ****  * http://www.cypress.com/?app=forum&id=2233&rID=63901
   5:myUART.c      **** 
   6:myUART.c      ****  * Provided As-is, without any warranties to perform
   7:myUART.c      ****  * under license terms CREATIVE COMMONS - SHARE ALIKE
   8:myUART.c      ****  *
   9:myUART.c      ****  * ==================================================
  10:myUART.c      **** */
  11:myUART.c      **** 
  12:myUART.c      ****     
  13:myUART.c      **** #include <myUART.h>
  14:myUART.c      **** 
  15:myUART.c      **** #include <stdio.h> 
  16:myUART.c      **** // defines ==================================================================
  17:myUART.c      **** 
  18:myUART.c      **** 
  19:myUART.c      **** uint8	RxBuffer[RxBufferSize];     // Rx circular buffer to hold all incoming command
  20:myUART.c      **** uint8  *RxReadIndex	 = RxBuffer;    // pointer to position in RxBuffer to write incoming Rx bytes
  21:myUART.c      **** uint8  *RxWriteIndex = RxBuffer;    // pointer to position in RxBuffer to read and process bytes
  22:myUART.c      **** 
  23:myUART.c      **** 
  24:myUART.c      **** char   *RxStrIndex = RB.RxStr;      // pointer to command string buffer (processed messages)
  25:myUART.c      ****                                     // each Rx command consists of: <byte command><string value><CR
  26:myUART.c      **** 
  27:myUART.c      **** //===========================================================================
  28:myUART.c      **** 
  29:myUART.c      **** CY_ISR(MyRxInt) //interrupt on Rx byte received
  30:myUART.c      **** {   
ARM GAS  C:\Users\Jona\AppData\Local\Temp\ccov9IUy.s 			page 2


  28              		.loc 1 30 0
  29              		.cfi_startproc
  30              		@ args = 0, pretend = 0, frame = 0
  31              		@ frame_needed = 0, uses_anonymous_args = 0
  32 0000 10B5     		push	{r4, lr}
  33              		.cfi_def_cfa_offset 8
  34              		.cfi_offset 4, -8
  35              		.cfi_offset 14, -4
  31:myUART.c      ****     //move all available characters from Rx queue to RxBuffer
  32:myUART.c      ****     while(bleUart1_ReadRxStatus() & bleUart1_RX_STS_FIFO_NOTEMPTY)
  36              		.loc 1 32 0
  37 0002 11E0     		b	.L3
  38              	.L4:
  39              	.LBB2:
  33:myUART.c      **** 	{
  34:myUART.c      ****         uint8 dataBinnen = bleUart1_ReadRxData();
  40              		.loc 1 34 0
  41 0004 FFF7FEFF 		bl	bleUart1_ReadRxData
  42              	.LVL0:
  43 0008 0446     		mov	r4, r0
  44              	.LVL1:
  35:myUART.c      ****         puttyUart1_PutChar(dataBinnen); 
  45              		.loc 1 35 0
  46 000a FFF7FEFF 		bl	puttyUart1_PutChar
  47              	.LVL2:
  36:myUART.c      **** 		*RxWriteIndex++ = dataBinnen;
  48              		.loc 1 36 0
  49 000e 094B     		ldr	r3, .L6
  50 0010 1A68     		ldr	r2, [r3]
  51 0012 511C     		adds	r1, r2, #1
  52 0014 1960     		str	r1, [r3]
  53 0016 1470     		strb	r4, [r2]
  37:myUART.c      **** 		if (RxWriteIndex >= RxBuffer + RxBufferSize) RxWriteIndex = RxBuffer;      
  54              		.loc 1 37 0
  55 0018 1A68     		ldr	r2, [r3]
  56 001a 074B     		ldr	r3, .L6+4
  57 001c 9A42     		cmp	r2, r3
  58 001e 03D3     		bcc	.L3
  59              		.loc 1 37 0 is_stmt 0 discriminator 1
  60 0020 A3F18002 		sub	r2, r3, #128
  61 0024 034B     		ldr	r3, .L6
  62 0026 1A60     		str	r2, [r3]
  63              	.LVL3:
  64              	.L3:
  65              	.LBE2:
  32:myUART.c      **** 	{
  66              		.loc 1 32 0 is_stmt 1
  67 0028 FFF7FEFF 		bl	bleUart1_ReadRxStatus
  68              	.LVL4:
  69 002c 10F0200F 		tst	r0, #32
  70 0030 E8D1     		bne	.L4
  38:myUART.c      **** 	}   
  39:myUART.c      **** }
  71              		.loc 1 39 0
  72 0032 10BD     		pop	{r4, pc}
  73              	.L7:
  74              		.align	2
ARM GAS  C:\Users\Jona\AppData\Local\Temp\ccov9IUy.s 			page 3


  75              	.L6:
  76 0034 00000000 		.word	.LANCHOR0
  77 0038 80000000 		.word	RxBuffer+128
  78              		.cfi_endproc
  79              	.LFE64:
  80              		.size	MyRxInt, .-MyRxInt
  81              		.section	.text.IsCharReady,"ax",%progbits
  82              		.align	2
  83              		.global	IsCharReady
  84              		.thumb
  85              		.thumb_func
  86              		.type	IsCharReady, %function
  87              	IsCharReady:
  88              	.LFB65:
  40:myUART.c      **** 
  41:myUART.c      **** //===========================================================================
  42:myUART.c      **** uint8 IsCharReady(void) 
  43:myUART.c      **** {
  89              		.loc 1 43 0
  90              		.cfi_startproc
  91              		@ args = 0, pretend = 0, frame = 0
  92              		@ frame_needed = 0, uses_anonymous_args = 0
  93              		@ link register save eliminated.
  44:myUART.c      **** 	return !(RxWriteIndex == RxReadIndex);
  94              		.loc 1 44 0
  95 0000 034B     		ldr	r3, .L9
  96 0002 1868     		ldr	r0, [r3]
  97 0004 5B68     		ldr	r3, [r3, #4]
  45:myUART.c      **** }
  98              		.loc 1 45 0
  99 0006 C01A     		subs	r0, r0, r3
 100 0008 18BF     		it	ne
 101 000a 0120     		movne	r0, #1
 102 000c 7047     		bx	lr
 103              	.L10:
 104 000e 00BF     		.align	2
 105              	.L9:
 106 0010 00000000 		.word	.LANCHOR0
 107              		.cfi_endproc
 108              	.LFE65:
 109              		.size	IsCharReady, .-IsCharReady
 110              		.section	.text.GetRxStr,"ax",%progbits
 111              		.align	2
 112              		.global	GetRxStr
 113              		.thumb
 114              		.thumb_func
 115              		.type	GetRxStr, %function
 116              	GetRxStr:
 117              	.LFB66:
  46:myUART.c      **** 
  47:myUART.c      **** //===========================================================================
  48:myUART.c      **** 
  49:myUART.c      **** uint8 GetRxStr(void)
  50:myUART.c      **** {
 118              		.loc 1 50 0
 119              		.cfi_startproc
 120              		@ args = 0, pretend = 0, frame = 0
ARM GAS  C:\Users\Jona\AppData\Local\Temp\ccov9IUy.s 			page 4


 121              		@ frame_needed = 0, uses_anonymous_args = 0
 122              		@ link register save eliminated.
 123              	.LVL5:
  51:myUART.c      ****     //char strMsg1[64];
  52:myUART.c      ****     uint8 RxStr_flag = 0;
  53:myUART.c      ****     static uint8 Ch;//static?
  54:myUART.c      ****     //sprintf(strMsg1,"character=%u\r\n", Ch); 
  55:myUART.c      ****     //puttyUart1_PutString(strMsg1);
  56:myUART.c      **** 	Ch = *RxReadIndex++;       //read next char in buffer
 124              		.loc 1 56 0
 125 0000 1049     		ldr	r1, .L17
 126 0002 4B68     		ldr	r3, [r1, #4]
 127 0004 5A1C     		adds	r2, r3, #1
 128 0006 4A60     		str	r2, [r1, #4]
 129 0008 1B78     		ldrb	r3, [r3]	@ zero_extendqisi2
  57:myUART.c      ****     if (RxReadIndex >= RxBuffer + RxBufferSize) RxReadIndex = RxBuffer;
 130              		.loc 1 57 0
 131 000a 0F49     		ldr	r1, .L17+4
 132 000c 8A42     		cmp	r2, r1
 133 000e 02D3     		bcc	.L12
 134              		.loc 1 57 0 is_stmt 0 discriminator 1
 135 0010 8039     		subs	r1, r1, #128
 136 0012 0C4A     		ldr	r2, .L17
 137 0014 5160     		str	r1, [r2, #4]
 138              	.L12:
  58:myUART.c      ****             
  59:myUART.c      ****     //if (Ch == EOM_char)
  60:myUART.c      ****     if ( (Ch == EOM_CR) || (Ch == EOM_LF) ) //any standard terminator
 139              		.loc 1 60 0 is_stmt 1
 140 0016 0D2B     		cmp	r3, #13
 141 0018 01D0     		beq	.L13
 142              		.loc 1 60 0 is_stmt 0 discriminator 1
 143 001a 0A2B     		cmp	r3, #10
 144 001c 09D1     		bne	.L14
 145              	.L13:
  61:myUART.c      ****     {
  62:myUART.c      ****         *RxStrIndex = 0;        //terminate string excluding EOM_char
 146              		.loc 1 62 0 is_stmt 1
 147 001e 094A     		ldr	r2, .L17
 148 0020 9368     		ldr	r3, [r2, #8]
 149 0022 0021     		movs	r1, #0
 150 0024 1970     		strb	r1, [r3]
  63:myUART.c      ****         RxStrIndex = RB.RxStr;  //reset pointer
 151              		.loc 1 63 0
 152 0026 094B     		ldr	r3, .L17+8
 153 0028 9360     		str	r3, [r2, #8]
  64:myUART.c      ****         if (strlen(RB.RxStr) > 0)//non-empty message received
 154              		.loc 1 64 0
 155 002a 1B78     		ldrb	r3, [r3]	@ zero_extendqisi2
 156 002c 43B9     		cbnz	r3, .L16
  52:myUART.c      ****     static uint8 Ch;//static?
 157              		.loc 1 52 0
 158 002e 0846     		mov	r0, r1
 159 0030 7047     		bx	lr
 160              	.L14:
  65:myUART.c      ****         {
  66:myUART.c      ****             RxStr_flag  = 1;    //set flag to process message
ARM GAS  C:\Users\Jona\AppData\Local\Temp\ccov9IUy.s 			page 5


  67:myUART.c      ****         }   
  68:myUART.c      ****     }
  69:myUART.c      ****     else                        //string body char received
  70:myUART.c      ****     {
  71:myUART.c      ****         *RxStrIndex++ = Ch;     //build command message   
 161              		.loc 1 71 0
 162 0032 0449     		ldr	r1, .L17
 163 0034 8A68     		ldr	r2, [r1, #8]
 164 0036 501C     		adds	r0, r2, #1
 165 0038 8860     		str	r0, [r1, #8]
 166 003a 1370     		strb	r3, [r2]
  52:myUART.c      ****     static uint8 Ch;//static?
 167              		.loc 1 52 0
 168 003c 0020     		movs	r0, #0
 169 003e 7047     		bx	lr
 170              	.L16:
  66:myUART.c      ****         }   
 171              		.loc 1 66 0
 172 0040 0120     		movs	r0, #1
 173              	.LVL6:
  72:myUART.c      ****         //todo: problem if first char is empty space
  73:myUART.c      ****     }   
  74:myUART.c      **** 
  75:myUART.c      ****     return RxStr_flag;        
  76:myUART.c      **** }
 174              		.loc 1 76 0
 175 0042 7047     		bx	lr
 176              	.L18:
 177              		.align	2
 178              	.L17:
 179 0044 00000000 		.word	.LANCHOR0
 180 0048 80000000 		.word	RxBuffer+128
 181 004c 00000000 		.word	RB
 182              		.cfi_endproc
 183              	.LFE66:
 184              		.size	GetRxStr, .-GetRxStr
 185              		.global	RxStrIndex
 186              		.global	RxWriteIndex
 187              		.global	RxReadIndex
 188              		.comm	RxBuffer,128,4
 189              		.comm	RB,20,4
 190              		.data
 191              		.align	2
 192              		.set	.LANCHOR0,. + 0
 193              		.type	RxWriteIndex, %object
 194              		.size	RxWriteIndex, 4
 195              	RxWriteIndex:
 196 0000 00000000 		.word	RxBuffer
 197              		.type	RxReadIndex, %object
 198              		.size	RxReadIndex, 4
 199              	RxReadIndex:
 200 0004 00000000 		.word	RxBuffer
 201              		.type	RxStrIndex, %object
 202              		.size	RxStrIndex, 4
 203              	RxStrIndex:
 204 0008 00000000 		.word	RB
 205              		.text
ARM GAS  C:\Users\Jona\AppData\Local\Temp\ccov9IUy.s 			page 6


 206              	.Letext0:
 207              		.file 2 "c:\\program files (x86)\\cypress\\psoc creator\\4.1\\psoc creator\\import\\gnu\\arm\\5.4.
 208              		.file 3 "c:\\program files (x86)\\cypress\\psoc creator\\4.1\\psoc creator\\import\\gnu\\arm\\5.4.
 209              		.file 4 "Generated_Source\\PSoC5/cytypes.h"
 210              		.file 5 "Generated_Source\\PSoC5/core_cm3.h"
 211              		.file 6 "Generated_Source\\PSoC5/bleUart1.h"
 212              		.file 7 "Generated_Source\\PSoC5/puttyUart1.h"
 213              		.file 8 "./myUART.h"
 214              		.section	.debug_info,"",%progbits
 215              	.Ldebug_info0:
 216 0000 4A020000 		.4byte	0x24a
 217 0004 0400     		.2byte	0x4
 218 0006 00000000 		.4byte	.Ldebug_abbrev0
 219 000a 04       		.byte	0x4
 220 000b 01       		.uleb128 0x1
 221 000c F8000000 		.4byte	.LASF28
 222 0010 0C       		.byte	0xc
 223 0011 60020000 		.4byte	.LASF29
 224 0015 AA010000 		.4byte	.LASF30
 225 0019 00000000 		.4byte	.Ldebug_ranges0+0
 226 001d 00000000 		.4byte	0
 227 0021 00000000 		.4byte	.Ldebug_line0
 228 0025 02       		.uleb128 0x2
 229 0026 01       		.byte	0x1
 230 0027 06       		.byte	0x6
 231 0028 28020000 		.4byte	.LASF0
 232 002c 02       		.uleb128 0x2
 233 002d 01       		.byte	0x1
 234 002e 08       		.byte	0x8
 235 002f 60000000 		.4byte	.LASF1
 236 0033 02       		.uleb128 0x2
 237 0034 02       		.byte	0x2
 238 0035 05       		.byte	0x5
 239 0036 03020000 		.4byte	.LASF2
 240 003a 02       		.uleb128 0x2
 241 003b 02       		.byte	0x2
 242 003c 07       		.byte	0x7
 243 003d 8B000000 		.4byte	.LASF3
 244 0041 03       		.uleb128 0x3
 245 0042 20000000 		.4byte	.LASF9
 246 0046 02       		.byte	0x2
 247 0047 3F       		.byte	0x3f
 248 0048 4C000000 		.4byte	0x4c
 249 004c 02       		.uleb128 0x2
 250 004d 04       		.byte	0x4
 251 004e 05       		.byte	0x5
 252 004f 13020000 		.4byte	.LASF4
 253 0053 02       		.uleb128 0x2
 254 0054 04       		.byte	0x4
 255 0055 07       		.byte	0x7
 256 0056 79000000 		.4byte	.LASF5
 257 005a 02       		.uleb128 0x2
 258 005b 08       		.byte	0x8
 259 005c 05       		.byte	0x5
 260 005d 97010000 		.4byte	.LASF6
 261 0061 02       		.uleb128 0x2
 262 0062 08       		.byte	0x8
ARM GAS  C:\Users\Jona\AppData\Local\Temp\ccov9IUy.s 			page 7


 263 0063 07       		.byte	0x7
 264 0064 E1000000 		.4byte	.LASF7
 265 0068 04       		.uleb128 0x4
 266 0069 04       		.byte	0x4
 267 006a 05       		.byte	0x5
 268 006b 696E7400 		.ascii	"int\000"
 269 006f 02       		.uleb128 0x2
 270 0070 04       		.byte	0x4
 271 0071 07       		.byte	0x7
 272 0072 D4000000 		.4byte	.LASF8
 273 0076 03       		.uleb128 0x3
 274 0077 86010000 		.4byte	.LASF10
 275 007b 03       		.byte	0x3
 276 007c 2C       		.byte	0x2c
 277 007d 41000000 		.4byte	0x41
 278 0081 05       		.uleb128 0x5
 279 0082 0D020000 		.4byte	.LASF11
 280 0086 04       		.byte	0x4
 281 0087 9201     		.2byte	0x192
 282 0089 2C000000 		.4byte	0x2c
 283 008d 02       		.uleb128 0x2
 284 008e 04       		.byte	0x4
 285 008f 04       		.byte	0x4
 286 0090 51000000 		.4byte	.LASF12
 287 0094 02       		.uleb128 0x2
 288 0095 08       		.byte	0x8
 289 0096 04       		.byte	0x4
 290 0097 AB000000 		.4byte	.LASF13
 291 009b 02       		.uleb128 0x2
 292 009c 01       		.byte	0x1
 293 009d 08       		.byte	0x8
 294 009e A5010000 		.4byte	.LASF14
 295 00a2 02       		.uleb128 0x2
 296 00a3 08       		.byte	0x8
 297 00a4 04       		.byte	0x4
 298 00a5 1C020000 		.4byte	.LASF15
 299 00a9 02       		.uleb128 0x2
 300 00aa 04       		.byte	0x4
 301 00ab 07       		.byte	0x7
 302 00ac 8E010000 		.4byte	.LASF16
 303 00b0 06       		.uleb128 0x6
 304 00b1 04       		.byte	0x4
 305 00b2 9B000000 		.4byte	0x9b
 306 00b6 07       		.uleb128 0x7
 307 00b7 14       		.byte	0x14
 308 00b8 08       		.byte	0x8
 309 00b9 23       		.byte	0x23
 310 00ba D7000000 		.4byte	0xd7
 311 00be 08       		.uleb128 0x8
 312 00bf 636D6400 		.ascii	"cmd\000"
 313 00c3 08       		.byte	0x8
 314 00c4 24       		.byte	0x24
 315 00c5 9B000000 		.4byte	0x9b
 316 00c9 00       		.byte	0
 317 00ca 09       		.uleb128 0x9
 318 00cb 45020000 		.4byte	.LASF17
 319 00cf 08       		.byte	0x8
ARM GAS  C:\Users\Jona\AppData\Local\Temp\ccov9IUy.s 			page 8


 320 00d0 25       		.byte	0x25
 321 00d1 D7000000 		.4byte	0xd7
 322 00d5 01       		.byte	0x1
 323 00d6 00       		.byte	0
 324 00d7 0A       		.uleb128 0xa
 325 00d8 9B000000 		.4byte	0x9b
 326 00dc E7000000 		.4byte	0xe7
 327 00e0 0B       		.uleb128 0xb
 328 00e1 A9000000 		.4byte	0xa9
 329 00e5 12       		.byte	0x12
 330 00e6 00       		.byte	0
 331 00e7 0C       		.uleb128 0xc
 332 00e8 47000000 		.4byte	.LASF31
 333 00ec 14       		.byte	0x14
 334 00ed 08       		.byte	0x8
 335 00ee 21       		.byte	0x21
 336 00ef 04010000 		.4byte	0x104
 337 00f3 0D       		.uleb128 0xd
 338 00f4 41000000 		.4byte	.LASF32
 339 00f8 08       		.byte	0x8
 340 00f9 22       		.byte	0x22
 341 00fa 04010000 		.4byte	0x104
 342 00fe 0E       		.uleb128 0xe
 343 00ff B6000000 		.4byte	0xb6
 344 0103 00       		.byte	0
 345 0104 0A       		.uleb128 0xa
 346 0105 9B000000 		.4byte	0x9b
 347 0109 14010000 		.4byte	0x114
 348 010d 0B       		.uleb128 0xb
 349 010e A9000000 		.4byte	0xa9
 350 0112 13       		.byte	0x13
 351 0113 00       		.byte	0
 352 0114 0F       		.uleb128 0xf
 353 0115 34020000 		.4byte	.LASF33
 354 0119 01       		.byte	0x1
 355 011a 1D       		.byte	0x1d
 356 011b 00000000 		.4byte	.LFB64
 357 011f 3C000000 		.4byte	.LFE64-.LFB64
 358 0123 01       		.uleb128 0x1
 359 0124 9C       		.byte	0x9c
 360 0125 69010000 		.4byte	0x169
 361 0129 10       		.uleb128 0x10
 362 012a 04000000 		.4byte	.LBB2
 363 012e 24000000 		.4byte	.LBE2-.LBB2
 364 0132 5F010000 		.4byte	0x15f
 365 0136 11       		.uleb128 0x11
 366 0137 69020000 		.4byte	.LASF18
 367 013b 01       		.byte	0x1
 368 013c 22       		.byte	0x22
 369 013d 81000000 		.4byte	0x81
 370 0141 00000000 		.4byte	.LLST0
 371 0145 12       		.uleb128 0x12
 372 0146 08000000 		.4byte	.LVL0
 373 014a 2C020000 		.4byte	0x22c
 374 014e 13       		.uleb128 0x13
 375 014f 0E000000 		.4byte	.LVL2
 376 0153 37020000 		.4byte	0x237
ARM GAS  C:\Users\Jona\AppData\Local\Temp\ccov9IUy.s 			page 9


 377 0157 14       		.uleb128 0x14
 378 0158 01       		.uleb128 0x1
 379 0159 50       		.byte	0x50
 380 015a 02       		.uleb128 0x2
 381 015b 74       		.byte	0x74
 382 015c 00       		.sleb128 0
 383 015d 00       		.byte	0
 384 015e 00       		.byte	0
 385 015f 12       		.uleb128 0x12
 386 0160 2C000000 		.4byte	.LVL4
 387 0164 42020000 		.4byte	0x242
 388 0168 00       		.byte	0
 389 0169 15       		.uleb128 0x15
 390 016a B2000000 		.4byte	.LASF34
 391 016e 01       		.byte	0x1
 392 016f 2A       		.byte	0x2a
 393 0170 81000000 		.4byte	0x81
 394 0174 00000000 		.4byte	.LFB65
 395 0178 14000000 		.4byte	.LFE65-.LFB65
 396 017c 01       		.uleb128 0x1
 397 017d 9C       		.byte	0x9c
 398 017e 16       		.uleb128 0x16
 399 017f 3C020000 		.4byte	.LASF35
 400 0183 01       		.byte	0x1
 401 0184 31       		.byte	0x31
 402 0185 81000000 		.4byte	0x81
 403 0189 00000000 		.4byte	.LFB66
 404 018d 50000000 		.4byte	.LFE66-.LFB66
 405 0191 01       		.uleb128 0x1
 406 0192 9C       		.byte	0x9c
 407 0193 B1010000 		.4byte	0x1b1
 408 0197 11       		.uleb128 0x11
 409 0198 6E000000 		.4byte	.LASF19
 410 019c 01       		.byte	0x1
 411 019d 34       		.byte	0x34
 412 019e 81000000 		.4byte	0x81
 413 01a2 13000000 		.4byte	.LLST1
 414 01a6 17       		.uleb128 0x17
 415 01a7 436800   		.ascii	"Ch\000"
 416 01aa 01       		.byte	0x1
 417 01ab 35       		.byte	0x35
 418 01ac 81000000 		.4byte	0x81
 419 01b0 00       		.byte	0
 420 01b1 18       		.uleb128 0x18
 421 01b2 9E000000 		.4byte	.LASF20
 422 01b6 05       		.byte	0x5
 423 01b7 1207     		.2byte	0x712
 424 01b9 BD010000 		.4byte	0x1bd
 425 01bd 19       		.uleb128 0x19
 426 01be 76000000 		.4byte	0x76
 427 01c2 1A       		.uleb128 0x1a
 428 01c3 524200   		.ascii	"RB\000"
 429 01c6 08       		.byte	0x8
 430 01c7 27       		.byte	0x27
 431 01c8 E7000000 		.4byte	0xe7
 432 01cc 05       		.uleb128 0x5
 433 01cd 03       		.byte	0x3
ARM GAS  C:\Users\Jona\AppData\Local\Temp\ccov9IUy.s 			page 10


 434 01ce 00000000 		.4byte	RB
 435 01d2 0A       		.uleb128 0xa
 436 01d3 81000000 		.4byte	0x81
 437 01d7 E2010000 		.4byte	0x1e2
 438 01db 0B       		.uleb128 0xb
 439 01dc A9000000 		.4byte	0xa9
 440 01e0 7F       		.byte	0x7f
 441 01e1 00       		.byte	0
 442 01e2 1B       		.uleb128 0x1b
 443 01e3 57000000 		.4byte	.LASF21
 444 01e7 01       		.byte	0x1
 445 01e8 13       		.byte	0x13
 446 01e9 D2010000 		.4byte	0x1d2
 447 01ed 05       		.uleb128 0x5
 448 01ee 03       		.byte	0x3
 449 01ef 00000000 		.4byte	RxBuffer
 450 01f3 1B       		.uleb128 0x1b
 451 01f4 35000000 		.4byte	.LASF22
 452 01f8 01       		.byte	0x1
 453 01f9 14       		.byte	0x14
 454 01fa 04020000 		.4byte	0x204
 455 01fe 05       		.uleb128 0x5
 456 01ff 03       		.byte	0x3
 457 0200 00000000 		.4byte	RxReadIndex
 458 0204 06       		.uleb128 0x6
 459 0205 04       		.byte	0x4
 460 0206 81000000 		.4byte	0x81
 461 020a 1B       		.uleb128 0x1b
 462 020b 13000000 		.4byte	.LASF23
 463 020f 01       		.byte	0x1
 464 0210 15       		.byte	0x15
 465 0211 04020000 		.4byte	0x204
 466 0215 05       		.uleb128 0x5
 467 0216 03       		.byte	0x3
 468 0217 00000000 		.4byte	RxWriteIndex
 469 021b 1B       		.uleb128 0x1b
 470 021c 2A000000 		.4byte	.LASF24
 471 0220 01       		.byte	0x1
 472 0221 18       		.byte	0x18
 473 0222 B0000000 		.4byte	0xb0
 474 0226 05       		.uleb128 0x5
 475 0227 03       		.byte	0x3
 476 0228 00000000 		.4byte	RxStrIndex
 477 022c 1C       		.uleb128 0x1c
 478 022d 4C020000 		.4byte	.LASF25
 479 0231 4C020000 		.4byte	.LASF25
 480 0235 06       		.byte	0x6
 481 0236 6F       		.byte	0x6f
 482 0237 1C       		.uleb128 0x1c
 483 0238 00000000 		.4byte	.LASF26
 484 023c 00000000 		.4byte	.LASF26
 485 0240 07       		.byte	0x7
 486 0241 8A       		.byte	0x8a
 487 0242 1C       		.uleb128 0x1c
 488 0243 BE000000 		.4byte	.LASF27
 489 0247 BE000000 		.4byte	.LASF27
 490 024b 06       		.byte	0x6
ARM GAS  C:\Users\Jona\AppData\Local\Temp\ccov9IUy.s 			page 11


 491 024c 70       		.byte	0x70
 492 024d 00       		.byte	0
 493              		.section	.debug_abbrev,"",%progbits
 494              	.Ldebug_abbrev0:
 495 0000 01       		.uleb128 0x1
 496 0001 11       		.uleb128 0x11
 497 0002 01       		.byte	0x1
 498 0003 25       		.uleb128 0x25
 499 0004 0E       		.uleb128 0xe
 500 0005 13       		.uleb128 0x13
 501 0006 0B       		.uleb128 0xb
 502 0007 03       		.uleb128 0x3
 503 0008 0E       		.uleb128 0xe
 504 0009 1B       		.uleb128 0x1b
 505 000a 0E       		.uleb128 0xe
 506 000b 55       		.uleb128 0x55
 507 000c 17       		.uleb128 0x17
 508 000d 11       		.uleb128 0x11
 509 000e 01       		.uleb128 0x1
 510 000f 10       		.uleb128 0x10
 511 0010 17       		.uleb128 0x17
 512 0011 00       		.byte	0
 513 0012 00       		.byte	0
 514 0013 02       		.uleb128 0x2
 515 0014 24       		.uleb128 0x24
 516 0015 00       		.byte	0
 517 0016 0B       		.uleb128 0xb
 518 0017 0B       		.uleb128 0xb
 519 0018 3E       		.uleb128 0x3e
 520 0019 0B       		.uleb128 0xb
 521 001a 03       		.uleb128 0x3
 522 001b 0E       		.uleb128 0xe
 523 001c 00       		.byte	0
 524 001d 00       		.byte	0
 525 001e 03       		.uleb128 0x3
 526 001f 16       		.uleb128 0x16
 527 0020 00       		.byte	0
 528 0021 03       		.uleb128 0x3
 529 0022 0E       		.uleb128 0xe
 530 0023 3A       		.uleb128 0x3a
 531 0024 0B       		.uleb128 0xb
 532 0025 3B       		.uleb128 0x3b
 533 0026 0B       		.uleb128 0xb
 534 0027 49       		.uleb128 0x49
 535 0028 13       		.uleb128 0x13
 536 0029 00       		.byte	0
 537 002a 00       		.byte	0
 538 002b 04       		.uleb128 0x4
 539 002c 24       		.uleb128 0x24
 540 002d 00       		.byte	0
 541 002e 0B       		.uleb128 0xb
 542 002f 0B       		.uleb128 0xb
 543 0030 3E       		.uleb128 0x3e
 544 0031 0B       		.uleb128 0xb
 545 0032 03       		.uleb128 0x3
 546 0033 08       		.uleb128 0x8
 547 0034 00       		.byte	0
ARM GAS  C:\Users\Jona\AppData\Local\Temp\ccov9IUy.s 			page 12


 548 0035 00       		.byte	0
 549 0036 05       		.uleb128 0x5
 550 0037 16       		.uleb128 0x16
 551 0038 00       		.byte	0
 552 0039 03       		.uleb128 0x3
 553 003a 0E       		.uleb128 0xe
 554 003b 3A       		.uleb128 0x3a
 555 003c 0B       		.uleb128 0xb
 556 003d 3B       		.uleb128 0x3b
 557 003e 05       		.uleb128 0x5
 558 003f 49       		.uleb128 0x49
 559 0040 13       		.uleb128 0x13
 560 0041 00       		.byte	0
 561 0042 00       		.byte	0
 562 0043 06       		.uleb128 0x6
 563 0044 0F       		.uleb128 0xf
 564 0045 00       		.byte	0
 565 0046 0B       		.uleb128 0xb
 566 0047 0B       		.uleb128 0xb
 567 0048 49       		.uleb128 0x49
 568 0049 13       		.uleb128 0x13
 569 004a 00       		.byte	0
 570 004b 00       		.byte	0
 571 004c 07       		.uleb128 0x7
 572 004d 13       		.uleb128 0x13
 573 004e 01       		.byte	0x1
 574 004f 0B       		.uleb128 0xb
 575 0050 0B       		.uleb128 0xb
 576 0051 3A       		.uleb128 0x3a
 577 0052 0B       		.uleb128 0xb
 578 0053 3B       		.uleb128 0x3b
 579 0054 0B       		.uleb128 0xb
 580 0055 01       		.uleb128 0x1
 581 0056 13       		.uleb128 0x13
 582 0057 00       		.byte	0
 583 0058 00       		.byte	0
 584 0059 08       		.uleb128 0x8
 585 005a 0D       		.uleb128 0xd
 586 005b 00       		.byte	0
 587 005c 03       		.uleb128 0x3
 588 005d 08       		.uleb128 0x8
 589 005e 3A       		.uleb128 0x3a
 590 005f 0B       		.uleb128 0xb
 591 0060 3B       		.uleb128 0x3b
 592 0061 0B       		.uleb128 0xb
 593 0062 49       		.uleb128 0x49
 594 0063 13       		.uleb128 0x13
 595 0064 38       		.uleb128 0x38
 596 0065 0B       		.uleb128 0xb
 597 0066 00       		.byte	0
 598 0067 00       		.byte	0
 599 0068 09       		.uleb128 0x9
 600 0069 0D       		.uleb128 0xd
 601 006a 00       		.byte	0
 602 006b 03       		.uleb128 0x3
 603 006c 0E       		.uleb128 0xe
 604 006d 3A       		.uleb128 0x3a
ARM GAS  C:\Users\Jona\AppData\Local\Temp\ccov9IUy.s 			page 13


 605 006e 0B       		.uleb128 0xb
 606 006f 3B       		.uleb128 0x3b
 607 0070 0B       		.uleb128 0xb
 608 0071 49       		.uleb128 0x49
 609 0072 13       		.uleb128 0x13
 610 0073 38       		.uleb128 0x38
 611 0074 0B       		.uleb128 0xb
 612 0075 00       		.byte	0
 613 0076 00       		.byte	0
 614 0077 0A       		.uleb128 0xa
 615 0078 01       		.uleb128 0x1
 616 0079 01       		.byte	0x1
 617 007a 49       		.uleb128 0x49
 618 007b 13       		.uleb128 0x13
 619 007c 01       		.uleb128 0x1
 620 007d 13       		.uleb128 0x13
 621 007e 00       		.byte	0
 622 007f 00       		.byte	0
 623 0080 0B       		.uleb128 0xb
 624 0081 21       		.uleb128 0x21
 625 0082 00       		.byte	0
 626 0083 49       		.uleb128 0x49
 627 0084 13       		.uleb128 0x13
 628 0085 2F       		.uleb128 0x2f
 629 0086 0B       		.uleb128 0xb
 630 0087 00       		.byte	0
 631 0088 00       		.byte	0
 632 0089 0C       		.uleb128 0xc
 633 008a 17       		.uleb128 0x17
 634 008b 01       		.byte	0x1
 635 008c 03       		.uleb128 0x3
 636 008d 0E       		.uleb128 0xe
 637 008e 0B       		.uleb128 0xb
 638 008f 0B       		.uleb128 0xb
 639 0090 3A       		.uleb128 0x3a
 640 0091 0B       		.uleb128 0xb
 641 0092 3B       		.uleb128 0x3b
 642 0093 0B       		.uleb128 0xb
 643 0094 01       		.uleb128 0x1
 644 0095 13       		.uleb128 0x13
 645 0096 00       		.byte	0
 646 0097 00       		.byte	0
 647 0098 0D       		.uleb128 0xd
 648 0099 0D       		.uleb128 0xd
 649 009a 00       		.byte	0
 650 009b 03       		.uleb128 0x3
 651 009c 0E       		.uleb128 0xe
 652 009d 3A       		.uleb128 0x3a
 653 009e 0B       		.uleb128 0xb
 654 009f 3B       		.uleb128 0x3b
 655 00a0 0B       		.uleb128 0xb
 656 00a1 49       		.uleb128 0x49
 657 00a2 13       		.uleb128 0x13
 658 00a3 00       		.byte	0
 659 00a4 00       		.byte	0
 660 00a5 0E       		.uleb128 0xe
 661 00a6 0D       		.uleb128 0xd
ARM GAS  C:\Users\Jona\AppData\Local\Temp\ccov9IUy.s 			page 14


 662 00a7 00       		.byte	0
 663 00a8 49       		.uleb128 0x49
 664 00a9 13       		.uleb128 0x13
 665 00aa 00       		.byte	0
 666 00ab 00       		.byte	0
 667 00ac 0F       		.uleb128 0xf
 668 00ad 2E       		.uleb128 0x2e
 669 00ae 01       		.byte	0x1
 670 00af 3F       		.uleb128 0x3f
 671 00b0 19       		.uleb128 0x19
 672 00b1 03       		.uleb128 0x3
 673 00b2 0E       		.uleb128 0xe
 674 00b3 3A       		.uleb128 0x3a
 675 00b4 0B       		.uleb128 0xb
 676 00b5 3B       		.uleb128 0x3b
 677 00b6 0B       		.uleb128 0xb
 678 00b7 27       		.uleb128 0x27
 679 00b8 19       		.uleb128 0x19
 680 00b9 11       		.uleb128 0x11
 681 00ba 01       		.uleb128 0x1
 682 00bb 12       		.uleb128 0x12
 683 00bc 06       		.uleb128 0x6
 684 00bd 40       		.uleb128 0x40
 685 00be 18       		.uleb128 0x18
 686 00bf 9742     		.uleb128 0x2117
 687 00c1 19       		.uleb128 0x19
 688 00c2 01       		.uleb128 0x1
 689 00c3 13       		.uleb128 0x13
 690 00c4 00       		.byte	0
 691 00c5 00       		.byte	0
 692 00c6 10       		.uleb128 0x10
 693 00c7 0B       		.uleb128 0xb
 694 00c8 01       		.byte	0x1
 695 00c9 11       		.uleb128 0x11
 696 00ca 01       		.uleb128 0x1
 697 00cb 12       		.uleb128 0x12
 698 00cc 06       		.uleb128 0x6
 699 00cd 01       		.uleb128 0x1
 700 00ce 13       		.uleb128 0x13
 701 00cf 00       		.byte	0
 702 00d0 00       		.byte	0
 703 00d1 11       		.uleb128 0x11
 704 00d2 34       		.uleb128 0x34
 705 00d3 00       		.byte	0
 706 00d4 03       		.uleb128 0x3
 707 00d5 0E       		.uleb128 0xe
 708 00d6 3A       		.uleb128 0x3a
 709 00d7 0B       		.uleb128 0xb
 710 00d8 3B       		.uleb128 0x3b
 711 00d9 0B       		.uleb128 0xb
 712 00da 49       		.uleb128 0x49
 713 00db 13       		.uleb128 0x13
 714 00dc 02       		.uleb128 0x2
 715 00dd 17       		.uleb128 0x17
 716 00de 00       		.byte	0
 717 00df 00       		.byte	0
 718 00e0 12       		.uleb128 0x12
ARM GAS  C:\Users\Jona\AppData\Local\Temp\ccov9IUy.s 			page 15


 719 00e1 898201   		.uleb128 0x4109
 720 00e4 00       		.byte	0
 721 00e5 11       		.uleb128 0x11
 722 00e6 01       		.uleb128 0x1
 723 00e7 31       		.uleb128 0x31
 724 00e8 13       		.uleb128 0x13
 725 00e9 00       		.byte	0
 726 00ea 00       		.byte	0
 727 00eb 13       		.uleb128 0x13
 728 00ec 898201   		.uleb128 0x4109
 729 00ef 01       		.byte	0x1
 730 00f0 11       		.uleb128 0x11
 731 00f1 01       		.uleb128 0x1
 732 00f2 31       		.uleb128 0x31
 733 00f3 13       		.uleb128 0x13
 734 00f4 00       		.byte	0
 735 00f5 00       		.byte	0
 736 00f6 14       		.uleb128 0x14
 737 00f7 8A8201   		.uleb128 0x410a
 738 00fa 00       		.byte	0
 739 00fb 02       		.uleb128 0x2
 740 00fc 18       		.uleb128 0x18
 741 00fd 9142     		.uleb128 0x2111
 742 00ff 18       		.uleb128 0x18
 743 0100 00       		.byte	0
 744 0101 00       		.byte	0
 745 0102 15       		.uleb128 0x15
 746 0103 2E       		.uleb128 0x2e
 747 0104 00       		.byte	0
 748 0105 3F       		.uleb128 0x3f
 749 0106 19       		.uleb128 0x19
 750 0107 03       		.uleb128 0x3
 751 0108 0E       		.uleb128 0xe
 752 0109 3A       		.uleb128 0x3a
 753 010a 0B       		.uleb128 0xb
 754 010b 3B       		.uleb128 0x3b
 755 010c 0B       		.uleb128 0xb
 756 010d 27       		.uleb128 0x27
 757 010e 19       		.uleb128 0x19
 758 010f 49       		.uleb128 0x49
 759 0110 13       		.uleb128 0x13
 760 0111 11       		.uleb128 0x11
 761 0112 01       		.uleb128 0x1
 762 0113 12       		.uleb128 0x12
 763 0114 06       		.uleb128 0x6
 764 0115 40       		.uleb128 0x40
 765 0116 18       		.uleb128 0x18
 766 0117 9742     		.uleb128 0x2117
 767 0119 19       		.uleb128 0x19
 768 011a 00       		.byte	0
 769 011b 00       		.byte	0
 770 011c 16       		.uleb128 0x16
 771 011d 2E       		.uleb128 0x2e
 772 011e 01       		.byte	0x1
 773 011f 3F       		.uleb128 0x3f
 774 0120 19       		.uleb128 0x19
 775 0121 03       		.uleb128 0x3
ARM GAS  C:\Users\Jona\AppData\Local\Temp\ccov9IUy.s 			page 16


 776 0122 0E       		.uleb128 0xe
 777 0123 3A       		.uleb128 0x3a
 778 0124 0B       		.uleb128 0xb
 779 0125 3B       		.uleb128 0x3b
 780 0126 0B       		.uleb128 0xb
 781 0127 27       		.uleb128 0x27
 782 0128 19       		.uleb128 0x19
 783 0129 49       		.uleb128 0x49
 784 012a 13       		.uleb128 0x13
 785 012b 11       		.uleb128 0x11
 786 012c 01       		.uleb128 0x1
 787 012d 12       		.uleb128 0x12
 788 012e 06       		.uleb128 0x6
 789 012f 40       		.uleb128 0x40
 790 0130 18       		.uleb128 0x18
 791 0131 9742     		.uleb128 0x2117
 792 0133 19       		.uleb128 0x19
 793 0134 01       		.uleb128 0x1
 794 0135 13       		.uleb128 0x13
 795 0136 00       		.byte	0
 796 0137 00       		.byte	0
 797 0138 17       		.uleb128 0x17
 798 0139 34       		.uleb128 0x34
 799 013a 00       		.byte	0
 800 013b 03       		.uleb128 0x3
 801 013c 08       		.uleb128 0x8
 802 013d 3A       		.uleb128 0x3a
 803 013e 0B       		.uleb128 0xb
 804 013f 3B       		.uleb128 0x3b
 805 0140 0B       		.uleb128 0xb
 806 0141 49       		.uleb128 0x49
 807 0142 13       		.uleb128 0x13
 808 0143 00       		.byte	0
 809 0144 00       		.byte	0
 810 0145 18       		.uleb128 0x18
 811 0146 34       		.uleb128 0x34
 812 0147 00       		.byte	0
 813 0148 03       		.uleb128 0x3
 814 0149 0E       		.uleb128 0xe
 815 014a 3A       		.uleb128 0x3a
 816 014b 0B       		.uleb128 0xb
 817 014c 3B       		.uleb128 0x3b
 818 014d 05       		.uleb128 0x5
 819 014e 49       		.uleb128 0x49
 820 014f 13       		.uleb128 0x13
 821 0150 3F       		.uleb128 0x3f
 822 0151 19       		.uleb128 0x19
 823 0152 3C       		.uleb128 0x3c
 824 0153 19       		.uleb128 0x19
 825 0154 00       		.byte	0
 826 0155 00       		.byte	0
 827 0156 19       		.uleb128 0x19
 828 0157 35       		.uleb128 0x35
 829 0158 00       		.byte	0
 830 0159 49       		.uleb128 0x49
 831 015a 13       		.uleb128 0x13
 832 015b 00       		.byte	0
ARM GAS  C:\Users\Jona\AppData\Local\Temp\ccov9IUy.s 			page 17


 833 015c 00       		.byte	0
 834 015d 1A       		.uleb128 0x1a
 835 015e 34       		.uleb128 0x34
 836 015f 00       		.byte	0
 837 0160 03       		.uleb128 0x3
 838 0161 08       		.uleb128 0x8
 839 0162 3A       		.uleb128 0x3a
 840 0163 0B       		.uleb128 0xb
 841 0164 3B       		.uleb128 0x3b
 842 0165 0B       		.uleb128 0xb
 843 0166 49       		.uleb128 0x49
 844 0167 13       		.uleb128 0x13
 845 0168 3F       		.uleb128 0x3f
 846 0169 19       		.uleb128 0x19
 847 016a 02       		.uleb128 0x2
 848 016b 18       		.uleb128 0x18
 849 016c 00       		.byte	0
 850 016d 00       		.byte	0
 851 016e 1B       		.uleb128 0x1b
 852 016f 34       		.uleb128 0x34
 853 0170 00       		.byte	0
 854 0171 03       		.uleb128 0x3
 855 0172 0E       		.uleb128 0xe
 856 0173 3A       		.uleb128 0x3a
 857 0174 0B       		.uleb128 0xb
 858 0175 3B       		.uleb128 0x3b
 859 0176 0B       		.uleb128 0xb
 860 0177 49       		.uleb128 0x49
 861 0178 13       		.uleb128 0x13
 862 0179 3F       		.uleb128 0x3f
 863 017a 19       		.uleb128 0x19
 864 017b 02       		.uleb128 0x2
 865 017c 18       		.uleb128 0x18
 866 017d 00       		.byte	0
 867 017e 00       		.byte	0
 868 017f 1C       		.uleb128 0x1c
 869 0180 2E       		.uleb128 0x2e
 870 0181 00       		.byte	0
 871 0182 3F       		.uleb128 0x3f
 872 0183 19       		.uleb128 0x19
 873 0184 3C       		.uleb128 0x3c
 874 0185 19       		.uleb128 0x19
 875 0186 6E       		.uleb128 0x6e
 876 0187 0E       		.uleb128 0xe
 877 0188 03       		.uleb128 0x3
 878 0189 0E       		.uleb128 0xe
 879 018a 3A       		.uleb128 0x3a
 880 018b 0B       		.uleb128 0xb
 881 018c 3B       		.uleb128 0x3b
 882 018d 0B       		.uleb128 0xb
 883 018e 00       		.byte	0
 884 018f 00       		.byte	0
 885 0190 00       		.byte	0
 886              		.section	.debug_loc,"",%progbits
 887              	.Ldebug_loc0:
 888              	.LLST0:
 889 0000 0A000000 		.4byte	.LVL1
ARM GAS  C:\Users\Jona\AppData\Local\Temp\ccov9IUy.s 			page 18


 890 0004 28000000 		.4byte	.LVL3
 891 0008 0100     		.2byte	0x1
 892 000a 54       		.byte	0x54
 893 000b 00000000 		.4byte	0
 894 000f 00000000 		.4byte	0
 895              	.LLST1:
 896 0013 00000000 		.4byte	.LVL5
 897 0017 42000000 		.4byte	.LVL6
 898 001b 0200     		.2byte	0x2
 899 001d 30       		.byte	0x30
 900 001e 9F       		.byte	0x9f
 901 001f 42000000 		.4byte	.LVL6
 902 0023 50000000 		.4byte	.LFE66
 903 0027 0100     		.2byte	0x1
 904 0029 50       		.byte	0x50
 905 002a 00000000 		.4byte	0
 906 002e 00000000 		.4byte	0
 907              		.section	.debug_aranges,"",%progbits
 908 0000 2C000000 		.4byte	0x2c
 909 0004 0200     		.2byte	0x2
 910 0006 00000000 		.4byte	.Ldebug_info0
 911 000a 04       		.byte	0x4
 912 000b 00       		.byte	0
 913 000c 0000     		.2byte	0
 914 000e 0000     		.2byte	0
 915 0010 00000000 		.4byte	.LFB64
 916 0014 3C000000 		.4byte	.LFE64-.LFB64
 917 0018 00000000 		.4byte	.LFB65
 918 001c 14000000 		.4byte	.LFE65-.LFB65
 919 0020 00000000 		.4byte	.LFB66
 920 0024 50000000 		.4byte	.LFE66-.LFB66
 921 0028 00000000 		.4byte	0
 922 002c 00000000 		.4byte	0
 923              		.section	.debug_ranges,"",%progbits
 924              	.Ldebug_ranges0:
 925 0000 00000000 		.4byte	.LFB64
 926 0004 3C000000 		.4byte	.LFE64
 927 0008 00000000 		.4byte	.LFB65
 928 000c 14000000 		.4byte	.LFE65
 929 0010 00000000 		.4byte	.LFB66
 930 0014 50000000 		.4byte	.LFE66
 931 0018 00000000 		.4byte	0
 932 001c 00000000 		.4byte	0
 933              		.section	.debug_line,"",%progbits
 934              	.Ldebug_line0:
 935 0000 E0010000 		.section	.debug_str,"MS",%progbits,1
 935      02007A01 
 935      00000201 
 935      FB0E0D00 
 935      01010101 
 936              	.LASF26:
 937 0000 70757474 		.ascii	"puttyUart1_PutChar\000"
 937      79556172 
 937      74315F50 
 937      75744368 
 937      617200
 938              	.LASF23:
ARM GAS  C:\Users\Jona\AppData\Local\Temp\ccov9IUy.s 			page 19


 939 0013 52785772 		.ascii	"RxWriteIndex\000"
 939      69746549 
 939      6E646578 
 939      00
 940              	.LASF9:
 941 0020 5F5F696E 		.ascii	"__int32_t\000"
 941      7433325F 
 941      7400
 942              	.LASF24:
 943 002a 52785374 		.ascii	"RxStrIndex\000"
 943      72496E64 
 943      657800
 944              	.LASF22:
 945 0035 52785265 		.ascii	"RxReadIndex\000"
 945      6164496E 
 945      64657800 
 946              	.LASF32:
 947 0041 52785374 		.ascii	"RxStr\000"
 947      7200
 948              	.LASF31:
 949 0047 54527842 		.ascii	"TRxBuffer\000"
 949      75666665 
 949      7200
 950              	.LASF12:
 951 0051 666C6F61 		.ascii	"float\000"
 951      7400
 952              	.LASF21:
 953 0057 52784275 		.ascii	"RxBuffer\000"
 953      66666572 
 953      00
 954              	.LASF1:
 955 0060 756E7369 		.ascii	"unsigned char\000"
 955      676E6564 
 955      20636861 
 955      7200
 956              	.LASF19:
 957 006e 52785374 		.ascii	"RxStr_flag\000"
 957      725F666C 
 957      616700
 958              	.LASF5:
 959 0079 6C6F6E67 		.ascii	"long unsigned int\000"
 959      20756E73 
 959      69676E65 
 959      6420696E 
 959      7400
 960              	.LASF3:
 961 008b 73686F72 		.ascii	"short unsigned int\000"
 961      7420756E 
 961      7369676E 
 961      65642069 
 961      6E7400
 962              	.LASF20:
 963 009e 49544D5F 		.ascii	"ITM_RxBuffer\000"
 963      52784275 
 963      66666572 
 963      00
 964              	.LASF13:
ARM GAS  C:\Users\Jona\AppData\Local\Temp\ccov9IUy.s 			page 20


 965 00ab 646F7562 		.ascii	"double\000"
 965      6C6500
 966              	.LASF34:
 967 00b2 49734368 		.ascii	"IsCharReady\000"
 967      61725265 
 967      61647900 
 968              	.LASF27:
 969 00be 626C6555 		.ascii	"bleUart1_ReadRxStatus\000"
 969      61727431 
 969      5F526561 
 969      64527853 
 969      74617475 
 970              	.LASF8:
 971 00d4 756E7369 		.ascii	"unsigned int\000"
 971      676E6564 
 971      20696E74 
 971      00
 972              	.LASF7:
 973 00e1 6C6F6E67 		.ascii	"long long unsigned int\000"
 973      206C6F6E 
 973      6720756E 
 973      7369676E 
 973      65642069 
 974              	.LASF28:
 975 00f8 474E5520 		.ascii	"GNU C11 5.4.1 20160609 (release) [ARM/embedded-5-br"
 975      43313120 
 975      352E342E 
 975      31203230 
 975      31363036 
 976 012b 616E6368 		.ascii	"anch revision 237715] -mcpu=cortex-m3 -mthumb -g -O"
 976      20726576 
 976      6973696F 
 976      6E203233 
 976      37373135 
 977 015e 67202D66 		.ascii	"g -ffunction-sections -ffat-lto-objects\000"
 977      66756E63 
 977      74696F6E 
 977      2D736563 
 977      74696F6E 
 978              	.LASF10:
 979 0186 696E7433 		.ascii	"int32_t\000"
 979      325F7400 
 980              	.LASF16:
 981 018e 73697A65 		.ascii	"sizetype\000"
 981      74797065 
 981      00
 982              	.LASF6:
 983 0197 6C6F6E67 		.ascii	"long long int\000"
 983      206C6F6E 
 983      6720696E 
 983      7400
 984              	.LASF14:
 985 01a5 63686172 		.ascii	"char\000"
 985      00
 986              	.LASF30:
 987 01aa 433A5C55 		.ascii	"C:\\Users\\Jona\\Documents\\GitHub\\RobotComp2ELO\\"
 987      73657273 
ARM GAS  C:\Users\Jona\AppData\Local\Temp\ccov9IUy.s 			page 21


 987      5C4A6F6E 
 987      615C446F 
 987      63756D65 
 988 01d7 536F6674 		.ascii	"Software\\PSoc\\Ble\\ProjectBle\\Design01.cydsn\000"
 988      77617265 
 988      5C50536F 
 988      635C426C 
 988      655C5072 
 989              	.LASF2:
 990 0203 73686F72 		.ascii	"short int\000"
 990      7420696E 
 990      7400
 991              	.LASF11:
 992 020d 75696E74 		.ascii	"uint8\000"
 992      3800
 993              	.LASF4:
 994 0213 6C6F6E67 		.ascii	"long int\000"
 994      20696E74 
 994      00
 995              	.LASF15:
 996 021c 6C6F6E67 		.ascii	"long double\000"
 996      20646F75 
 996      626C6500 
 997              	.LASF0:
 998 0228 7369676E 		.ascii	"signed char\000"
 998      65642063 
 998      68617200 
 999              	.LASF33:
 1000 0234 4D795278 		.ascii	"MyRxInt\000"
 1000      496E7400 
 1001              	.LASF35:
 1002 023c 47657452 		.ascii	"GetRxStr\000"
 1002      78537472 
 1002      00
 1003              	.LASF17:
 1004 0245 76616C73 		.ascii	"valstr\000"
 1004      747200
 1005              	.LASF25:
 1006 024c 626C6555 		.ascii	"bleUart1_ReadRxData\000"
 1006      61727431 
 1006      5F526561 
 1006      64527844 
 1006      61746100 
 1007              	.LASF29:
 1008 0260 6D795541 		.ascii	"myUART.c\000"
 1008      52542E63 
 1008      00
 1009              	.LASF18:
 1010 0269 64617461 		.ascii	"dataBinnen\000"
 1010      42696E6E 
 1010      656E00
 1011              		.ident	"GCC: (GNU Tools for ARM Embedded Processors) 5.4.1 20160609 (release) [ARM/embedded-5-bran
