ARM GAS  C:\Users\BASILE~1.BER\AppData\Local\Temp\ccW3rcIL.s 			page 1


   1              		.syntax unified
   2              		.cpu cortex-m3
   3              		.fpu softvfp
   4              		.eabi_attribute 20, 1
   5              		.eabi_attribute 21, 1
   6              		.eabi_attribute 23, 3
   7              		.eabi_attribute 24, 1
   8              		.eabi_attribute 25, 1
   9              		.eabi_attribute 26, 1
  10              		.eabi_attribute 30, 1
  11              		.eabi_attribute 34, 1
  12              		.eabi_attribute 18, 4
  13              		.thumb
  14              		.syntax unified
  15              		.file	"BleCommunicatie.c"
  16              		.text
  17              	.Ltext0:
  18              		.cfi_sections	.debug_frame
  19              		.section	.text.DecToHex,"ax",%progbits
  20              		.align	2
  21              		.global	DecToHex
  22              		.thumb
  23              		.thumb_func
  24              		.type	DecToHex, %function
  25              	DecToHex:
  26              	.LFB67:
  27              		.file 1 "BleCommunicatie.c"
   1:BleCommunicatie.c **** /* ========================================
   2:BleCommunicatie.c ****  *
   3:BleCommunicatie.c ****  * Copyright YOUR COMPANY, THE YEAR
   4:BleCommunicatie.c ****  * All Rights Reserved
   5:BleCommunicatie.c ****  * UNPUBLISHED, LICENSED SOFTWARE.
   6:BleCommunicatie.c ****  *
   7:BleCommunicatie.c ****  * CONFIDENTIAL AND PROPRIETARY INFORMATION
   8:BleCommunicatie.c ****  * WHICH IS THE PROPERTY OF your company.
   9:BleCommunicatie.c ****  *
  10:BleCommunicatie.c ****  * ========================================
  11:BleCommunicatie.c **** */
  12:BleCommunicatie.c **** 
  13:BleCommunicatie.c **** #include "projectMain.h"
  14:BleCommunicatie.c **** #include "project.h"
  15:BleCommunicatie.c **** #include <string.h>
  16:BleCommunicatie.c **** //#include <stdlib.h> //atoi
  17:BleCommunicatie.c **** #include <stdio.h> 
  18:BleCommunicatie.c **** #include <myUART.h>
  19:BleCommunicatie.c ****  
  20:BleCommunicatie.c **** //Timer gestuurde interupt zodat data om de zoveel tijd verstuurd wordt via bluetooth
  21:BleCommunicatie.c **** CY_ISR(sendBleData)
  22:BleCommunicatie.c **** {
  23:BleCommunicatie.c ****     //Buffer
  24:BleCommunicatie.c **** 	char strBuffer[10];
  25:BleCommunicatie.c ****     
  26:BleCommunicatie.c ****     char hexBuffer[2];
  27:BleCommunicatie.c ****     //Status led
  28:BleCommunicatie.c **** 	LED1_Write(~LED1_Read());
  29:BleCommunicatie.c **** 	
  30:BleCommunicatie.c ****     //Zet IRWaarden om naar hexadecimaal stelsel
ARM GAS  C:\Users\BASILE~1.BER\AppData\Local\Temp\ccW3rcIL.s 			page 2


  31:BleCommunicatie.c **** 	DecToHex(IRWaarden, hexBuffer);
  32:BleCommunicatie.c ****      //LCD_Position(0u, 10u);
  33:BleCommunicatie.c ****     //char testBuffer[] = {str[i+1], 'b',str[i+2] };
  34:BleCommunicatie.c ****                     
  35:BleCommunicatie.c ****     //Maak een string met hexaDecBuffer als parameter en sla die op in strBuffer
  36:BleCommunicatie.c **** 	sprintf(strBuffer, "I/%s/\r", hexBuffer); 
  37:BleCommunicatie.c ****     
  38:BleCommunicatie.c ****     //LCD_PrintString(strBuffer);
  39:BleCommunicatie.c ****     //Verstuur de string naar de bluetooth module
  40:BleCommunicatie.c **** 	BleUart_PutString(strBuffer);
  41:BleCommunicatie.c **** 	
  42:BleCommunicatie.c ****     //Zet een testgetal om naar hex stelsel
  43:BleCommunicatie.c ****     
  44:BleCommunicatie.c **** 	DecToHex(ADC_IR_GetResult16(0), hexBuffer);
  45:BleCommunicatie.c **** 	sprintf(strBuffer, "T/%s/\r", hexBuffer); 
  46:BleCommunicatie.c **** 	BleUart_PutString(strBuffer);
  47:BleCommunicatie.c **** }
  48:BleCommunicatie.c **** 
  49:BleCommunicatie.c **** void ProcessCommandMsg(void)
  50:BleCommunicatie.c **** {
  51:BleCommunicatie.c ****     char hexBuffer[2];
  52:BleCommunicatie.c ****     //Voorbeeld commando R/FF/
  53:BleCommunicatie.c ****     //RB.cmd is de eerste waarde dus in dit voorbeeld R
  54:BleCommunicatie.c ****     //RB.valstr = alles wat erna komt dus /FF/
  55:BleCommunicatie.c ****     
  56:BleCommunicatie.c **** 	if (RB.cmd == 'R')
  57:BleCommunicatie.c **** 	{  
  58:BleCommunicatie.c ****          LED5_Write(~LED5_Read());
  59:BleCommunicatie.c **** 		pwmMotorLinks = getCMDValue('/', RB.valstr, hexBuffer);
  60:BleCommunicatie.c **** 	} 
  61:BleCommunicatie.c **** 	else if (RB.cmd == 'L')
  62:BleCommunicatie.c **** 	{
  63:BleCommunicatie.c **** 		pwmMotorRechts = getCMDValue('/', RB.valstr, hexBuffer);
  64:BleCommunicatie.c **** 	}
  65:BleCommunicatie.c **** 	else if (RB.cmd == 'M')
  66:BleCommunicatie.c **** 	{
  67:BleCommunicatie.c ****         LCD_Position(0u,10u);
  68:BleCommunicatie.c ****         LCD_PrintString("gud");
  69:BleCommunicatie.c **** 		uint8 enable = getCMDValue('/', RB.valstr, hexBuffer);
  70:BleCommunicatie.c **** 		ENA_Write(enable);
  71:BleCommunicatie.c **** 		ENB_Write(enable);
  72:BleCommunicatie.c **** 	}
  73:BleCommunicatie.c **** }
  74:BleCommunicatie.c **** 
  75:BleCommunicatie.c **** //methode die een waarde uit een commando haalt
  76:BleCommunicatie.c **** //delimiter zijn de karakters waar de waarde tussen staat 
  77:BleCommunicatie.c **** //bvb delimiter is '/' en commando is R/FF/ dan is de return FF
  78:BleCommunicatie.c **** uint8 getCMDValue(char delimiter, char str[], char hexBuffer[])
  79:BleCommunicatie.c **** {
  80:BleCommunicatie.c **** 	for (uint i = 0; i < strlen(str); i++)
  81:BleCommunicatie.c **** 		{
  82:BleCommunicatie.c **** 			if (str[i] == delimiter && str[i+3] == delimiter)
  83:BleCommunicatie.c **** 			{
  84:BleCommunicatie.c **** 				hexBuffer[0] = str[i+1];
  85:BleCommunicatie.c **** 				hexBuffer[1] = str[i+2];
  86:BleCommunicatie.c ****                    
  87:BleCommunicatie.c **** 			}    
ARM GAS  C:\Users\BASILE~1.BER\AppData\Local\Temp\ccW3rcIL.s 			page 3


  88:BleCommunicatie.c **** 		}
  89:BleCommunicatie.c **** 		
  90:BleCommunicatie.c **** 	return HexToDec(hexBuffer);
  91:BleCommunicatie.c **** }
  92:BleCommunicatie.c **** 
  93:BleCommunicatie.c **** //zet een getal om van dec naar hex
  94:BleCommunicatie.c **** void DecToHex(uint8 value, char buffer[])
  95:BleCommunicatie.c **** {
  28              		.loc 1 95 0
  29              		.cfi_startproc
  30              		@ args = 0, pretend = 0, frame = 0
  31              		@ frame_needed = 0, uses_anonymous_args = 0
  32              		@ link register save eliminated.
  33              	.LVL0:
  96:BleCommunicatie.c ****     char strBuffer[20];
  97:BleCommunicatie.c ****     uint8 i = 2;
  98:BleCommunicatie.c ****     //sprintf(strBuffer, "input is: %u/\r\n", value);
  99:BleCommunicatie.c ****         //puttyUart1_PutString(strBuffer);
 100:BleCommunicatie.c ****     if (value == 0)
  34              		.loc 1 100 0
  35 0000 78B9     		cbnz	r0, .L7
 101:BleCommunicatie.c ****     {
 102:BleCommunicatie.c ****         buffer[0] =  '0';
  36              		.loc 1 102 0
  37 0002 3023     		movs	r3, #48
  38 0004 0B70     		strb	r3, [r1]
 103:BleCommunicatie.c ****         buffer[1] ='0';
  39              		.loc 1 103 0
  40 0006 4B70     		strb	r3, [r1, #1]
  41 0008 7047     		bx	lr
  42              	.LVL1:
  43              	.L6:
  44              		.cfi_def_cfa_offset 4
  45              		.cfi_offset 4, -4
  46              	.LBB2:
  47              	.LBB3:
 104:BleCommunicatie.c ****         
 105:BleCommunicatie.c ****     } else {
 106:BleCommunicatie.c ****     
 107:BleCommunicatie.c ****     for (int i = 1; i >=0 ; i--)
 108:BleCommunicatie.c ****     {
 109:BleCommunicatie.c ****         uint8 temp = value % 16;
  48              		.loc 1 109 0
  49 000a 04F00F02 		and	r2, r4, #15
  50              	.LVL2:
 110:BleCommunicatie.c ****         if (temp < 10)
  51              		.loc 1 110 0
  52 000e 092A     		cmp	r2, #9
  53 0010 02D8     		bhi	.L4
 111:BleCommunicatie.c ****         {
 112:BleCommunicatie.c ****         buffer[i] = temp + 48;
  54              		.loc 1 112 0
  55 0012 3032     		adds	r2, r2, #48
  56              	.LVL3:
  57 0014 CA54     		strb	r2, [r1, r3]
  58 0016 01E0     		b	.L5
  59              	.LVL4:
ARM GAS  C:\Users\BASILE~1.BER\AppData\Local\Temp\ccW3rcIL.s 			page 4


  60              	.L4:
 113:BleCommunicatie.c ****         //sprintf(strBuffer, "waarde is: %u/\r\n", buffer[i]);
 114:BleCommunicatie.c ****         //puttyUart1_PutString(strBuffer);
 115:BleCommunicatie.c ****         } 
 116:BleCommunicatie.c ****         else 
 117:BleCommunicatie.c ****         {
 118:BleCommunicatie.c ****             buffer[i] = temp + 55;
  61              		.loc 1 118 0
  62 0018 3732     		adds	r2, r2, #55
  63              	.LVL5:
  64 001a CA54     		strb	r2, [r1, r3]
  65              	.LVL6:
  66              	.L5:
 119:BleCommunicatie.c ****         }
 120:BleCommunicatie.c ****         value = value / 16;
  67              		.loc 1 120 0 discriminator 2
  68 001c 2409     		lsrs	r4, r4, #4
  69              	.LVL7:
  70              	.LBE3:
 107:BleCommunicatie.c ****     {
  71              		.loc 1 107 0 discriminator 2
  72 001e 013B     		subs	r3, r3, #1
  73              	.LVL8:
  74 0020 02E0     		b	.L2
  75              	.LVL9:
  76              	.L7:
  77              		.cfi_def_cfa_offset 0
  78              		.cfi_restore 4
  79              	.LBE2:
  95:BleCommunicatie.c ****     char strBuffer[20];
  80              		.loc 1 95 0
  81 0022 10B4     		push	{r4}
  82              		.cfi_def_cfa_offset 4
  83              		.cfi_offset 4, -4
  84 0024 0446     		mov	r4, r0
  85 0026 0123     		movs	r3, #1
  86              	.LVL10:
  87              	.L2:
  88              	.LBB4:
 107:BleCommunicatie.c ****     {
  89              		.loc 1 107 0 discriminator 1
  90 0028 002B     		cmp	r3, #0
  91 002a EEDA     		bge	.L6
  92              	.LBE4:
 121:BleCommunicatie.c ****     }
 122:BleCommunicatie.c ****    }
 123:BleCommunicatie.c **** }
  93              		.loc 1 123 0
  94 002c 10BC     		pop	{r4}
  95              		.cfi_restore 4
  96              		.cfi_def_cfa_offset 0
  97              	.LVL11:
  98 002e 7047     		bx	lr
  99              		.cfi_endproc
 100              	.LFE67:
 101              		.size	DecToHex, .-DecToHex
 102              		.section	.text.sendBleData,"ax",%progbits
ARM GAS  C:\Users\BASILE~1.BER\AppData\Local\Temp\ccW3rcIL.s 			page 5


 103              		.align	2
 104              		.global	sendBleData
 105              		.thumb
 106              		.thumb_func
 107              		.type	sendBleData, %function
 108              	sendBleData:
 109              	.LFB64:
  22:BleCommunicatie.c ****     //Buffer
 110              		.loc 1 22 0
 111              		.cfi_startproc
 112              		@ args = 0, pretend = 0, frame = 16
 113              		@ frame_needed = 0, uses_anonymous_args = 0
 114 0000 00B5     		push	{lr}
 115              		.cfi_def_cfa_offset 4
 116              		.cfi_offset 14, -4
 117 0002 85B0     		sub	sp, sp, #20
 118              		.cfi_def_cfa_offset 24
  28:BleCommunicatie.c **** 	
 119              		.loc 1 28 0
 120 0004 FFF7FEFF 		bl	LED1_Read
 121              	.LVL12:
 122 0008 C043     		mvns	r0, r0
 123 000a C0B2     		uxtb	r0, r0
 124 000c FFF7FEFF 		bl	LED1_Write
 125              	.LVL13:
  31:BleCommunicatie.c ****      //LCD_Position(0u, 10u);
 126              		.loc 1 31 0
 127 0010 6946     		mov	r1, sp
 128 0012 0F4B     		ldr	r3, .L11
 129 0014 1878     		ldrb	r0, [r3]	@ zero_extendqisi2
 130 0016 FFF7FEFF 		bl	DecToHex
 131              	.LVL14:
  36:BleCommunicatie.c ****     
 132              		.loc 1 36 0
 133 001a 6A46     		mov	r2, sp
 134 001c 0D49     		ldr	r1, .L11+4
 135 001e 01A8     		add	r0, sp, #4
 136 0020 FFF7FEFF 		bl	sprintf
 137              	.LVL15:
  40:BleCommunicatie.c **** 	
 138              		.loc 1 40 0
 139 0024 01A8     		add	r0, sp, #4
 140 0026 FFF7FEFF 		bl	BleUart_PutString
 141              	.LVL16:
  44:BleCommunicatie.c **** 	sprintf(strBuffer, "T/%s/\r", hexBuffer); 
 142              		.loc 1 44 0
 143 002a 0020     		movs	r0, #0
 144 002c FFF7FEFF 		bl	ADC_IR_GetResult16
 145              	.LVL17:
 146 0030 6946     		mov	r1, sp
 147 0032 C0B2     		uxtb	r0, r0
 148 0034 FFF7FEFF 		bl	DecToHex
 149              	.LVL18:
  45:BleCommunicatie.c **** 	BleUart_PutString(strBuffer);
 150              		.loc 1 45 0
 151 0038 6A46     		mov	r2, sp
 152 003a 0749     		ldr	r1, .L11+8
ARM GAS  C:\Users\BASILE~1.BER\AppData\Local\Temp\ccW3rcIL.s 			page 6


 153 003c 01A8     		add	r0, sp, #4
 154 003e FFF7FEFF 		bl	sprintf
 155              	.LVL19:
  46:BleCommunicatie.c **** }
 156              		.loc 1 46 0
 157 0042 01A8     		add	r0, sp, #4
 158 0044 FFF7FEFF 		bl	BleUart_PutString
 159              	.LVL20:
  47:BleCommunicatie.c **** 
 160              		.loc 1 47 0
 161 0048 05B0     		add	sp, sp, #20
 162              		.cfi_def_cfa_offset 4
 163              		@ sp needed
 164 004a 5DF804FB 		ldr	pc, [sp], #4
 165              	.L12:
 166 004e 00BF     		.align	2
 167              	.L11:
 168 0050 00000000 		.word	IRWaarden
 169 0054 00000000 		.word	.LC0
 170 0058 08000000 		.word	.LC1
 171              		.cfi_endproc
 172              	.LFE64:
 173              		.size	sendBleData, .-sendBleData
 174              		.section	.text.HexToDec,"ax",%progbits
 175              		.align	2
 176              		.global	HexToDec
 177              		.thumb
 178              		.thumb_func
 179              		.type	HexToDec, %function
 180              	HexToDec:
 181              	.LFB68:
 124:BleCommunicatie.c **** 
 125:BleCommunicatie.c **** //Zet een getal om van HEX naar dec
 126:BleCommunicatie.c **** uint8 HexToDec(char hexVal[])
 127:BleCommunicatie.c **** {
 182              		.loc 1 127 0
 183              		.cfi_startproc
 184              		@ args = 0, pretend = 0, frame = 0
 185              		@ frame_needed = 0, uses_anonymous_args = 0
 186              	.LVL21:
 187 0000 38B5     		push	{r3, r4, r5, lr}
 188              		.cfi_def_cfa_offset 16
 189              		.cfi_offset 3, -16
 190              		.cfi_offset 4, -12
 191              		.cfi_offset 5, -8
 192              		.cfi_offset 14, -4
 193 0002 0446     		mov	r4, r0
 128:BleCommunicatie.c **** 	uint8 len = strlen(hexVal);
 194              		.loc 1 128 0
 195 0004 FFF7FEFF 		bl	strlen
 196              	.LVL22:
 197              	.LBB5:
 129:BleCommunicatie.c **** 	uint base = 1;
 130:BleCommunicatie.c **** 	uint dec_val =0;
 131:BleCommunicatie.c **** 	for (int i=len-1; i>=0; i--)
 198              		.loc 1 131 0
 199 0008 C0B2     		uxtb	r0, r0
ARM GAS  C:\Users\BASILE~1.BER\AppData\Local\Temp\ccW3rcIL.s 			page 7


 200 000a 421E     		subs	r2, r0, #1
 201              	.LVL23:
 202              	.LBE5:
 130:BleCommunicatie.c **** 	for (int i=len-1; i>=0; i--)
 203              		.loc 1 130 0
 204 000c 0020     		movs	r0, #0
 205              	.LVL24:
 129:BleCommunicatie.c **** 	uint base = 1;
 206              		.loc 1 129 0
 207 000e 0125     		movs	r5, #1
 208              	.LBB6:
 209              		.loc 1 131 0
 210 0010 14E0     		b	.L14
 211              	.LVL25:
 212              	.L17:
 132:BleCommunicatie.c **** 	{
 133:BleCommunicatie.c **** 		if (hexVal[i] >= '0' && hexVal[i] <='9')
 213              		.loc 1 133 0
 214 0012 A35C     		ldrb	r3, [r4, r2]	@ zero_extendqisi2
 215 0014 A3F13001 		sub	r1, r3, #48
 216 0018 C9B2     		uxtb	r1, r1
 217 001a 0929     		cmp	r1, #9
 218 001c 04D8     		bhi	.L15
 134:BleCommunicatie.c **** 		{
 135:BleCommunicatie.c **** 		 dec_val += (hexVal[i] - 48) * base;
 219              		.loc 1 135 0
 220 001e 303B     		subs	r3, r3, #48
 221 0020 05FB0300 		mla	r0, r5, r3, r0
 222              	.LVL26:
 136:BleCommunicatie.c **** 		 base = base*16;   
 223              		.loc 1 136 0
 224 0024 2D01     		lsls	r5, r5, #4
 225              	.LVL27:
 226 0026 08E0     		b	.L16
 227              	.L15:
 137:BleCommunicatie.c **** 		} else if (hexVal[i]>='A' && hexVal[i]<='F')
 228              		.loc 1 137 0
 229 0028 A3F14101 		sub	r1, r3, #65
 230 002c C9B2     		uxtb	r1, r1
 231 002e 0529     		cmp	r1, #5
 232 0030 03D8     		bhi	.L16
 138:BleCommunicatie.c **** 		{
 139:BleCommunicatie.c **** 			dec_val += (hexVal[i] - 55)*base;
 233              		.loc 1 139 0
 234 0032 373B     		subs	r3, r3, #55
 235 0034 05FB0300 		mla	r0, r5, r3, r0
 236              	.LVL28:
 140:BleCommunicatie.c **** 			base = base*16;
 237              		.loc 1 140 0
 238 0038 2D01     		lsls	r5, r5, #4
 239              	.LVL29:
 240              	.L16:
 131:BleCommunicatie.c **** 	{
 241              		.loc 1 131 0 discriminator 2
 242 003a 013A     		subs	r2, r2, #1
 243              	.LVL30:
 244              	.L14:
ARM GAS  C:\Users\BASILE~1.BER\AppData\Local\Temp\ccW3rcIL.s 			page 8


 131:BleCommunicatie.c **** 	{
 245              		.loc 1 131 0 is_stmt 0 discriminator 1
 246 003c 002A     		cmp	r2, #0
 247 003e E8DA     		bge	.L17
 248              	.LBE6:
 141:BleCommunicatie.c **** 		}
 142:BleCommunicatie.c **** 	}
 143:BleCommunicatie.c **** 	return dec_val;
 144:BleCommunicatie.c **** }
 249              		.loc 1 144 0 is_stmt 1
 250 0040 C0B2     		uxtb	r0, r0
 251              	.LVL31:
 252 0042 38BD     		pop	{r3, r4, r5, pc}
 253              		.cfi_endproc
 254              	.LFE68:
 255              		.size	HexToDec, .-HexToDec
 256              		.section	.text.getCMDValue,"ax",%progbits
 257              		.align	2
 258              		.global	getCMDValue
 259              		.thumb
 260              		.thumb_func
 261              		.type	getCMDValue, %function
 262              	getCMDValue:
 263              	.LFB66:
  79:BleCommunicatie.c **** 	for (uint i = 0; i < strlen(str); i++)
 264              		.loc 1 79 0
 265              		.cfi_startproc
 266              		@ args = 0, pretend = 0, frame = 0
 267              		@ frame_needed = 0, uses_anonymous_args = 0
 268              	.LVL32:
 269 0000 F8B5     		push	{r3, r4, r5, r6, r7, lr}
 270              		.cfi_def_cfa_offset 24
 271              		.cfi_offset 3, -24
 272              		.cfi_offset 4, -20
 273              		.cfi_offset 5, -16
 274              		.cfi_offset 6, -12
 275              		.cfi_offset 7, -8
 276              		.cfi_offset 14, -4
 277 0002 0646     		mov	r6, r0
 278 0004 0D46     		mov	r5, r1
 279 0006 1746     		mov	r7, r2
 280              	.LVL33:
 281              	.LBB7:
  80:BleCommunicatie.c **** 		{
 282              		.loc 1 80 0
 283 0008 0024     		movs	r4, #0
 284 000a 0CE0     		b	.L20
 285              	.LVL34:
 286              	.L22:
  82:BleCommunicatie.c **** 			{
 287              		.loc 1 82 0
 288 000c 2B5D     		ldrb	r3, [r5, r4]	@ zero_extendqisi2
 289 000e B342     		cmp	r3, r6
 290 0010 08D1     		bne	.L21
  82:BleCommunicatie.c **** 			{
 291              		.loc 1 82 0 is_stmt 0 discriminator 1
 292 0012 E31C     		adds	r3, r4, #3
ARM GAS  C:\Users\BASILE~1.BER\AppData\Local\Temp\ccW3rcIL.s 			page 9


 293 0014 EB5C     		ldrb	r3, [r5, r3]	@ zero_extendqisi2
 294 0016 9E42     		cmp	r6, r3
 295 0018 04D1     		bne	.L21
  84:BleCommunicatie.c **** 				hexBuffer[1] = str[i+2];
 296              		.loc 1 84 0 is_stmt 1
 297 001a 2B19     		adds	r3, r5, r4
 298 001c 5A78     		ldrb	r2, [r3, #1]	@ zero_extendqisi2
 299 001e 3A70     		strb	r2, [r7]
  85:BleCommunicatie.c ****                    
 300              		.loc 1 85 0
 301 0020 9B78     		ldrb	r3, [r3, #2]	@ zero_extendqisi2
 302 0022 7B70     		strb	r3, [r7, #1]
 303              	.L21:
  80:BleCommunicatie.c **** 		{
 304              		.loc 1 80 0 discriminator 2
 305 0024 0134     		adds	r4, r4, #1
 306              	.LVL35:
 307              	.L20:
  80:BleCommunicatie.c **** 		{
 308              		.loc 1 80 0 is_stmt 0 discriminator 1
 309 0026 2846     		mov	r0, r5
 310 0028 FFF7FEFF 		bl	strlen
 311              	.LVL36:
 312 002c 8442     		cmp	r4, r0
 313 002e EDD3     		bcc	.L22
 314              	.LBE7:
  90:BleCommunicatie.c **** }
 315              		.loc 1 90 0 is_stmt 1
 316 0030 3846     		mov	r0, r7
 317 0032 FFF7FEFF 		bl	HexToDec
 318              	.LVL37:
  91:BleCommunicatie.c **** 
 319              		.loc 1 91 0
 320 0036 F8BD     		pop	{r3, r4, r5, r6, r7, pc}
 321              		.cfi_endproc
 322              	.LFE66:
 323              		.size	getCMDValue, .-getCMDValue
 324              		.section	.text.ProcessCommandMsg,"ax",%progbits
 325              		.align	2
 326              		.global	ProcessCommandMsg
 327              		.thumb
 328              		.thumb_func
 329              		.type	ProcessCommandMsg, %function
 330              	ProcessCommandMsg:
 331              	.LFB65:
  50:BleCommunicatie.c ****     char hexBuffer[2];
 332              		.loc 1 50 0
 333              		.cfi_startproc
 334              		@ args = 0, pretend = 0, frame = 8
 335              		@ frame_needed = 0, uses_anonymous_args = 0
 336 0000 10B5     		push	{r4, lr}
 337              		.cfi_def_cfa_offset 8
 338              		.cfi_offset 4, -8
 339              		.cfi_offset 14, -4
 340 0002 82B0     		sub	sp, sp, #8
 341              		.cfi_def_cfa_offset 16
  56:BleCommunicatie.c **** 	{  
ARM GAS  C:\Users\BASILE~1.BER\AppData\Local\Temp\ccW3rcIL.s 			page 10


 342              		.loc 1 56 0
 343 0004 184B     		ldr	r3, .L29
 344 0006 1B78     		ldrb	r3, [r3]	@ zero_extendqisi2
 345 0008 522B     		cmp	r3, #82
 346 000a 0DD1     		bne	.L25
  58:BleCommunicatie.c **** 		pwmMotorLinks = getCMDValue('/', RB.valstr, hexBuffer);
 347              		.loc 1 58 0
 348 000c FFF7FEFF 		bl	LED5_Read
 349              	.LVL38:
 350 0010 C043     		mvns	r0, r0
 351 0012 C0B2     		uxtb	r0, r0
 352 0014 FFF7FEFF 		bl	LED5_Write
 353              	.LVL39:
  59:BleCommunicatie.c **** 	} 
 354              		.loc 1 59 0
 355 0018 01AA     		add	r2, sp, #4
 356 001a 1449     		ldr	r1, .L29+4
 357 001c 2F20     		movs	r0, #47
 358 001e FFF7FEFF 		bl	getCMDValue
 359              	.LVL40:
 360 0022 134B     		ldr	r3, .L29+8
 361 0024 1870     		strb	r0, [r3]
 362 0026 1DE0     		b	.L24
 363              	.L25:
  61:BleCommunicatie.c **** 	{
 364              		.loc 1 61 0
 365 0028 4C2B     		cmp	r3, #76
 366 002a 07D1     		bne	.L27
  63:BleCommunicatie.c **** 	}
 367              		.loc 1 63 0
 368 002c 01AA     		add	r2, sp, #4
 369 002e 0F49     		ldr	r1, .L29+4
 370 0030 2F20     		movs	r0, #47
 371 0032 FFF7FEFF 		bl	getCMDValue
 372              	.LVL41:
 373 0036 0F4B     		ldr	r3, .L29+12
 374 0038 1870     		strb	r0, [r3]
 375 003a 13E0     		b	.L24
 376              	.L27:
  65:BleCommunicatie.c **** 	{
 377              		.loc 1 65 0
 378 003c 4D2B     		cmp	r3, #77
 379 003e 11D1     		bne	.L24
 380              	.LBB8:
  67:BleCommunicatie.c ****         LCD_PrintString("gud");
 381              		.loc 1 67 0
 382 0040 0A21     		movs	r1, #10
 383 0042 0020     		movs	r0, #0
 384 0044 FFF7FEFF 		bl	LCD_Position
 385              	.LVL42:
  68:BleCommunicatie.c **** 		uint8 enable = getCMDValue('/', RB.valstr, hexBuffer);
 386              		.loc 1 68 0
 387 0048 0B48     		ldr	r0, .L29+16
 388 004a FFF7FEFF 		bl	LCD_PrintString
 389              	.LVL43:
  69:BleCommunicatie.c **** 		ENA_Write(enable);
 390              		.loc 1 69 0
ARM GAS  C:\Users\BASILE~1.BER\AppData\Local\Temp\ccW3rcIL.s 			page 11


 391 004e 01AA     		add	r2, sp, #4
 392 0050 0649     		ldr	r1, .L29+4
 393 0052 2F20     		movs	r0, #47
 394 0054 FFF7FEFF 		bl	getCMDValue
 395              	.LVL44:
 396 0058 0446     		mov	r4, r0
 397              	.LVL45:
  70:BleCommunicatie.c **** 		ENB_Write(enable);
 398              		.loc 1 70 0
 399 005a FFF7FEFF 		bl	ENA_Write
 400              	.LVL46:
  71:BleCommunicatie.c **** 	}
 401              		.loc 1 71 0
 402 005e 2046     		mov	r0, r4
 403 0060 FFF7FEFF 		bl	ENB_Write
 404              	.LVL47:
 405              	.L24:
 406              	.LBE8:
  73:BleCommunicatie.c **** 
 407              		.loc 1 73 0
 408 0064 02B0     		add	sp, sp, #8
 409              		.cfi_def_cfa_offset 8
 410              		@ sp needed
 411 0066 10BD     		pop	{r4, pc}
 412              	.L30:
 413              		.align	2
 414              	.L29:
 415 0068 00000000 		.word	RB
 416 006c 01000000 		.word	RB+1
 417 0070 00000000 		.word	pwmMotorLinks
 418 0074 00000000 		.word	pwmMotorRechts
 419 0078 10000000 		.word	.LC2
 420              		.cfi_endproc
 421              	.LFE65:
 422              		.size	ProcessCommandMsg, .-ProcessCommandMsg
 423              		.comm	RB,20,4
 424              		.comm	boolSelect,1,1
 425              		.comm	avgUS3,10,4
 426              		.comm	avgUS2,10,4
 427              		.comm	avgUS1,10,4
 428              		.comm	selectUS,1,1
 429              		.comm	mediaan,2,2
 430              		.comm	IRDrempel,1,1
 431              		.comm	IRWaarden,1,1
 432              		.comm	pwmMotorRechts,1,1
 433              		.comm	pwmMotorLinks,1,1
 434              		.comm	strMsg1,64,4
 435              		.section	.rodata.str1.4,"aMS",%progbits,1
 436              		.align	2
 437              	.LC0:
 438 0000 492F2573 		.ascii	"I/%s/\015\000"
 438      2F0D00
 439 0007 00       		.space	1
 440              	.LC1:
 441 0008 542F2573 		.ascii	"T/%s/\015\000"
 441      2F0D00
 442 000f 00       		.space	1
ARM GAS  C:\Users\BASILE~1.BER\AppData\Local\Temp\ccW3rcIL.s 			page 12


 443              	.LC2:
 444 0010 67756400 		.ascii	"gud\000"
 445              		.text
 446              	.Letext0:
 447              		.file 2 "c:\\program files (x86)\\cypress\\psoc creator\\4.1\\psoc creator\\import\\gnu\\arm\\5.4.
 448              		.file 3 "c:\\program files (x86)\\cypress\\psoc creator\\4.1\\psoc creator\\import\\gnu\\arm\\5.4.
 449              		.file 4 "Generated_Source\\PSoC5/cytypes.h"
 450              		.file 5 "c:\\program files (x86)\\cypress\\psoc creator\\4.1\\psoc creator\\import\\gnu\\arm\\5.4.
 451              		.file 6 "projectMain.h"
 452              		.file 7 "Generated_Source\\PSoC5/core_cm3.h"
 453              		.file 8 "Generated_Source\\PSoC5/LED1.h"
 454              		.file 9 "c:\\program files (x86)\\cypress\\psoc creator\\4.1\\psoc creator\\import\\gnu\\arm\\5.4.
 455              		.file 10 "Generated_Source\\PSoC5/BleUart.h"
 456              		.file 11 "Generated_Source\\PSoC5/ADC_IR.h"
 457              		.file 12 "c:\\program files (x86)\\cypress\\psoc creator\\4.1\\psoc creator\\import\\gnu\\arm\\5.4
 458              		.file 13 "Generated_Source\\PSoC5/LCD.h"
 459              		.file 14 "Generated_Source\\PSoC5/ENA.h"
 460              		.file 15 "Generated_Source\\PSoC5/ENB.h"
 461              		.file 16 "Generated_Source\\PSoC5/LED5.h"
 462              		.file 17 "./myUART.h"
 463              		.section	.debug_info,"",%progbits
 464              	.Ldebug_info0:
 465 0000 2C060000 		.4byte	0x62c
 466 0004 0400     		.2byte	0x4
 467 0006 00000000 		.4byte	.Ldebug_abbrev0
 468 000a 04       		.byte	0x4
 469 000b 01       		.uleb128 0x1
 470 000c C7020000 		.4byte	.LASF59
 471 0010 0C       		.byte	0xc
 472 0011 8A010000 		.4byte	.LASF60
 473 0015 9B000000 		.4byte	.LASF61
 474 0019 30000000 		.4byte	.Ldebug_ranges0+0x30
 475 001d 00000000 		.4byte	0
 476 0021 00000000 		.4byte	.Ldebug_line0
 477 0025 02       		.uleb128 0x2
 478 0026 01       		.byte	0x1
 479 0027 06       		.byte	0x6
 480 0028 9C010000 		.4byte	.LASF0
 481 002c 02       		.uleb128 0x2
 482 002d 01       		.byte	0x1
 483 002e 08       		.byte	0x8
 484 002f 58010000 		.4byte	.LASF1
 485 0033 02       		.uleb128 0x2
 486 0034 02       		.byte	0x2
 487 0035 05       		.byte	0x5
 488 0036 91000000 		.4byte	.LASF2
 489 003a 02       		.uleb128 0x2
 490 003b 02       		.byte	0x2
 491 003c 07       		.byte	0x7
 492 003d F0010000 		.4byte	.LASF3
 493 0041 03       		.uleb128 0x3
 494 0042 86020000 		.4byte	.LASF9
 495 0046 02       		.byte	0x2
 496 0047 3F       		.byte	0x3f
 497 0048 4C000000 		.4byte	0x4c
 498 004c 02       		.uleb128 0x2
 499 004d 04       		.byte	0x4
ARM GAS  C:\Users\BASILE~1.BER\AppData\Local\Temp\ccW3rcIL.s 			page 13


 500 004e 05       		.byte	0x5
 501 004f 3B010000 		.4byte	.LASF4
 502 0053 02       		.uleb128 0x2
 503 0054 04       		.byte	0x4
 504 0055 07       		.byte	0x7
 505 0056 4F020000 		.4byte	.LASF5
 506 005a 02       		.uleb128 0x2
 507 005b 08       		.byte	0x8
 508 005c 05       		.byte	0x5
 509 005d 11010000 		.4byte	.LASF6
 510 0061 02       		.uleb128 0x2
 511 0062 08       		.byte	0x8
 512 0063 07       		.byte	0x7
 513 0064 A8010000 		.4byte	.LASF7
 514 0068 04       		.uleb128 0x4
 515 0069 04       		.byte	0x4
 516 006a 05       		.byte	0x5
 517 006b 696E7400 		.ascii	"int\000"
 518 006f 02       		.uleb128 0x2
 519 0070 04       		.byte	0x4
 520 0071 07       		.byte	0x7
 521 0072 C9010000 		.4byte	.LASF8
 522 0076 03       		.uleb128 0x3
 523 0077 16020000 		.4byte	.LASF10
 524 007b 03       		.byte	0x3
 525 007c 2C       		.byte	0x2c
 526 007d 41000000 		.4byte	0x41
 527 0081 05       		.uleb128 0x5
 528 0082 3C020000 		.4byte	.LASF11
 529 0086 04       		.byte	0x4
 530 0087 9201     		.2byte	0x192
 531 0089 2C000000 		.4byte	0x2c
 532 008d 05       		.uleb128 0x5
 533 008e 62000000 		.4byte	.LASF12
 534 0092 04       		.byte	0x4
 535 0093 9301     		.2byte	0x193
 536 0095 3A000000 		.4byte	0x3a
 537 0099 02       		.uleb128 0x2
 538 009a 04       		.byte	0x4
 539 009b 04       		.byte	0x4
 540 009c 00000000 		.4byte	.LASF13
 541 00a0 02       		.uleb128 0x2
 542 00a1 08       		.byte	0x8
 543 00a2 04       		.byte	0x4
 544 00a3 61020000 		.4byte	.LASF14
 545 00a7 02       		.uleb128 0x2
 546 00a8 01       		.byte	0x1
 547 00a9 08       		.byte	0x8
 548 00aa 0A020000 		.4byte	.LASF15
 549 00ae 02       		.uleb128 0x2
 550 00af 08       		.byte	0x8
 551 00b0 04       		.byte	0x4
 552 00b1 66010000 		.4byte	.LASF16
 553 00b5 02       		.uleb128 0x2
 554 00b6 04       		.byte	0x4
 555 00b7 07       		.byte	0x7
 556 00b8 26000000 		.4byte	.LASF17
ARM GAS  C:\Users\BASILE~1.BER\AppData\Local\Temp\ccW3rcIL.s 			page 14


 557 00bc 06       		.uleb128 0x6
 558 00bd 04       		.byte	0x4
 559 00be A7000000 		.4byte	0xa7
 560 00c2 03       		.uleb128 0x3
 561 00c3 4B000000 		.4byte	.LASF18
 562 00c7 05       		.byte	0x5
 563 00c8 6C       		.byte	0x6c
 564 00c9 6F000000 		.4byte	0x6f
 565 00cd 07       		.uleb128 0x7
 566 00ce 14       		.byte	0x14
 567 00cf 11       		.byte	0x11
 568 00d0 23       		.byte	0x23
 569 00d1 EE000000 		.4byte	0xee
 570 00d5 08       		.uleb128 0x8
 571 00d6 636D6400 		.ascii	"cmd\000"
 572 00da 11       		.byte	0x11
 573 00db 24       		.byte	0x24
 574 00dc A7000000 		.4byte	0xa7
 575 00e0 00       		.byte	0
 576 00e1 09       		.uleb128 0x9
 577 00e2 03020000 		.4byte	.LASF19
 578 00e6 11       		.byte	0x11
 579 00e7 25       		.byte	0x25
 580 00e8 EE000000 		.4byte	0xee
 581 00ec 01       		.byte	0x1
 582 00ed 00       		.byte	0
 583 00ee 0A       		.uleb128 0xa
 584 00ef A7000000 		.4byte	0xa7
 585 00f3 FE000000 		.4byte	0xfe
 586 00f7 0B       		.uleb128 0xb
 587 00f8 B5000000 		.4byte	0xb5
 588 00fc 12       		.byte	0x12
 589 00fd 00       		.byte	0
 590 00fe 0C       		.uleb128 0xc
 591 00ff BF010000 		.4byte	.LASF62
 592 0103 14       		.byte	0x14
 593 0104 11       		.byte	0x11
 594 0105 21       		.byte	0x21
 595 0106 1B010000 		.4byte	0x11b
 596 010a 0D       		.uleb128 0xd
 597 010b 42020000 		.4byte	.LASF63
 598 010f 11       		.byte	0x11
 599 0110 22       		.byte	0x22
 600 0111 1B010000 		.4byte	0x11b
 601 0115 0E       		.uleb128 0xe
 602 0116 CD000000 		.4byte	0xcd
 603 011a 00       		.byte	0
 604 011b 0A       		.uleb128 0xa
 605 011c A7000000 		.4byte	0xa7
 606 0120 2B010000 		.4byte	0x12b
 607 0124 0B       		.uleb128 0xb
 608 0125 B5000000 		.4byte	0xb5
 609 0129 13       		.byte	0x13
 610 012a 00       		.byte	0
 611 012b 0F       		.uleb128 0xf
 612 012c 72010000 		.4byte	.LASF23
 613 0130 01       		.byte	0x1
ARM GAS  C:\Users\BASILE~1.BER\AppData\Local\Temp\ccW3rcIL.s 			page 15


 614 0131 5E       		.byte	0x5e
 615 0132 00000000 		.4byte	.LFB67
 616 0136 30000000 		.4byte	.LFE67-.LFB67
 617 013a 01       		.uleb128 0x1
 618 013b 9C       		.byte	0x9c
 619 013c 9E010000 		.4byte	0x19e
 620 0140 10       		.uleb128 0x10
 621 0141 5C000000 		.4byte	.LASF20
 622 0145 01       		.byte	0x1
 623 0146 5E       		.byte	0x5e
 624 0147 81000000 		.4byte	0x81
 625 014b 00000000 		.4byte	.LLST0
 626 014f 11       		.uleb128 0x11
 627 0150 48020000 		.4byte	.LASF21
 628 0154 01       		.byte	0x1
 629 0155 5E       		.byte	0x5e
 630 0156 BC000000 		.4byte	0xbc
 631 015a 01       		.uleb128 0x1
 632 015b 51       		.byte	0x51
 633 015c 12       		.uleb128 0x12
 634 015d E6010000 		.4byte	.LASF25
 635 0161 01       		.byte	0x1
 636 0162 60       		.byte	0x60
 637 0163 1B010000 		.4byte	0x11b
 638 0167 13       		.uleb128 0x13
 639 0168 6900     		.ascii	"i\000"
 640 016a 01       		.byte	0x1
 641 016b 61       		.byte	0x61
 642 016c 81000000 		.4byte	0x81
 643 0170 02       		.byte	0x2
 644 0171 14       		.uleb128 0x14
 645 0172 00000000 		.4byte	.Ldebug_ranges0+0
 646 0176 15       		.uleb128 0x15
 647 0177 6900     		.ascii	"i\000"
 648 0179 01       		.byte	0x1
 649 017a 6B       		.byte	0x6b
 650 017b 68000000 		.4byte	0x68
 651 017f 34000000 		.4byte	.LLST1
 652 0183 16       		.uleb128 0x16
 653 0184 0A000000 		.4byte	.LBB3
 654 0188 14000000 		.4byte	.LBE3-.LBB3
 655 018c 17       		.uleb128 0x17
 656 018d 18000000 		.4byte	.LASF22
 657 0191 01       		.byte	0x1
 658 0192 6D       		.byte	0x6d
 659 0193 81000000 		.4byte	0x81
 660 0197 52000000 		.4byte	.LLST2
 661 019b 00       		.byte	0
 662 019c 00       		.byte	0
 663 019d 00       		.byte	0
 664 019e 0F       		.uleb128 0xf
 665 019f 30020000 		.4byte	.LASF24
 666 01a3 01       		.byte	0x1
 667 01a4 15       		.byte	0x15
 668 01a5 00000000 		.4byte	.LFB64
 669 01a9 5C000000 		.4byte	.LFE64-.LFB64
 670 01ad 01       		.uleb128 0x1
ARM GAS  C:\Users\BASILE~1.BER\AppData\Local\Temp\ccW3rcIL.s 			page 16


 671 01ae 9C       		.byte	0x9c
 672 01af 87020000 		.4byte	0x287
 673 01b3 18       		.uleb128 0x18
 674 01b4 E6010000 		.4byte	.LASF25
 675 01b8 01       		.byte	0x1
 676 01b9 18       		.byte	0x18
 677 01ba 87020000 		.4byte	0x287
 678 01be 02       		.uleb128 0x2
 679 01bf 91       		.byte	0x91
 680 01c0 6C       		.sleb128 -20
 681 01c1 18       		.uleb128 0x18
 682 01c2 7C020000 		.4byte	.LASF26
 683 01c6 01       		.byte	0x1
 684 01c7 1A       		.byte	0x1a
 685 01c8 97020000 		.4byte	0x297
 686 01cc 02       		.uleb128 0x2
 687 01cd 91       		.byte	0x91
 688 01ce 68       		.sleb128 -24
 689 01cf 19       		.uleb128 0x19
 690 01d0 08000000 		.4byte	.LVL12
 691 01d4 AB050000 		.4byte	0x5ab
 692 01d8 19       		.uleb128 0x19
 693 01d9 10000000 		.4byte	.LVL13
 694 01dd B6050000 		.4byte	0x5b6
 695 01e1 1A       		.uleb128 0x1a
 696 01e2 1A000000 		.4byte	.LVL14
 697 01e6 2B010000 		.4byte	0x12b
 698 01ea F5010000 		.4byte	0x1f5
 699 01ee 1B       		.uleb128 0x1b
 700 01ef 01       		.uleb128 0x1
 701 01f0 51       		.byte	0x51
 702 01f1 02       		.uleb128 0x2
 703 01f2 7D       		.byte	0x7d
 704 01f3 00       		.sleb128 0
 705 01f4 00       		.byte	0
 706 01f5 1A       		.uleb128 0x1a
 707 01f6 24000000 		.4byte	.LVL15
 708 01fa C1050000 		.4byte	0x5c1
 709 01fe 18020000 		.4byte	0x218
 710 0202 1B       		.uleb128 0x1b
 711 0203 01       		.uleb128 0x1
 712 0204 50       		.byte	0x50
 713 0205 02       		.uleb128 0x2
 714 0206 91       		.byte	0x91
 715 0207 6C       		.sleb128 -20
 716 0208 1B       		.uleb128 0x1b
 717 0209 01       		.uleb128 0x1
 718 020a 51       		.byte	0x51
 719 020b 05       		.uleb128 0x5
 720 020c 03       		.byte	0x3
 721 020d 00000000 		.4byte	.LC0
 722 0211 1B       		.uleb128 0x1b
 723 0212 01       		.uleb128 0x1
 724 0213 52       		.byte	0x52
 725 0214 02       		.uleb128 0x2
 726 0215 7D       		.byte	0x7d
 727 0216 00       		.sleb128 0
ARM GAS  C:\Users\BASILE~1.BER\AppData\Local\Temp\ccW3rcIL.s 			page 17


 728 0217 00       		.byte	0
 729 0218 1A       		.uleb128 0x1a
 730 0219 2A000000 		.4byte	.LVL16
 731 021d CC050000 		.4byte	0x5cc
 732 0221 2C020000 		.4byte	0x22c
 733 0225 1B       		.uleb128 0x1b
 734 0226 01       		.uleb128 0x1
 735 0227 50       		.byte	0x50
 736 0228 02       		.uleb128 0x2
 737 0229 91       		.byte	0x91
 738 022a 6C       		.sleb128 -20
 739 022b 00       		.byte	0
 740 022c 1A       		.uleb128 0x1a
 741 022d 30000000 		.4byte	.LVL17
 742 0231 D7050000 		.4byte	0x5d7
 743 0235 3F020000 		.4byte	0x23f
 744 0239 1B       		.uleb128 0x1b
 745 023a 01       		.uleb128 0x1
 746 023b 50       		.byte	0x50
 747 023c 01       		.uleb128 0x1
 748 023d 30       		.byte	0x30
 749 023e 00       		.byte	0
 750 023f 1A       		.uleb128 0x1a
 751 0240 38000000 		.4byte	.LVL18
 752 0244 2B010000 		.4byte	0x12b
 753 0248 53020000 		.4byte	0x253
 754 024c 1B       		.uleb128 0x1b
 755 024d 01       		.uleb128 0x1
 756 024e 51       		.byte	0x51
 757 024f 02       		.uleb128 0x2
 758 0250 7D       		.byte	0x7d
 759 0251 00       		.sleb128 0
 760 0252 00       		.byte	0
 761 0253 1A       		.uleb128 0x1a
 762 0254 42000000 		.4byte	.LVL19
 763 0258 C1050000 		.4byte	0x5c1
 764 025c 76020000 		.4byte	0x276
 765 0260 1B       		.uleb128 0x1b
 766 0261 01       		.uleb128 0x1
 767 0262 50       		.byte	0x50
 768 0263 02       		.uleb128 0x2
 769 0264 91       		.byte	0x91
 770 0265 6C       		.sleb128 -20
 771 0266 1B       		.uleb128 0x1b
 772 0267 01       		.uleb128 0x1
 773 0268 51       		.byte	0x51
 774 0269 05       		.uleb128 0x5
 775 026a 03       		.byte	0x3
 776 026b 08000000 		.4byte	.LC1
 777 026f 1B       		.uleb128 0x1b
 778 0270 01       		.uleb128 0x1
 779 0271 52       		.byte	0x52
 780 0272 02       		.uleb128 0x2
 781 0273 7D       		.byte	0x7d
 782 0274 00       		.sleb128 0
 783 0275 00       		.byte	0
 784 0276 1C       		.uleb128 0x1c
ARM GAS  C:\Users\BASILE~1.BER\AppData\Local\Temp\ccW3rcIL.s 			page 18


 785 0277 48000000 		.4byte	.LVL20
 786 027b CC050000 		.4byte	0x5cc
 787 027f 1B       		.uleb128 0x1b
 788 0280 01       		.uleb128 0x1
 789 0281 50       		.byte	0x50
 790 0282 02       		.uleb128 0x2
 791 0283 91       		.byte	0x91
 792 0284 6C       		.sleb128 -20
 793 0285 00       		.byte	0
 794 0286 00       		.byte	0
 795 0287 0A       		.uleb128 0xa
 796 0288 A7000000 		.4byte	0xa7
 797 028c 97020000 		.4byte	0x297
 798 0290 0B       		.uleb128 0xb
 799 0291 B5000000 		.4byte	0xb5
 800 0295 09       		.byte	0x9
 801 0296 00       		.byte	0
 802 0297 0A       		.uleb128 0xa
 803 0298 A7000000 		.4byte	0xa7
 804 029c A7020000 		.4byte	0x2a7
 805 02a0 0B       		.uleb128 0xb
 806 02a1 B5000000 		.4byte	0xb5
 807 02a5 01       		.byte	0x1
 808 02a6 00       		.byte	0
 809 02a7 1D       		.uleb128 0x1d
 810 02a8 1D000000 		.4byte	.LASF30
 811 02ac 01       		.byte	0x1
 812 02ad 7E       		.byte	0x7e
 813 02ae 81000000 		.4byte	0x81
 814 02b2 00000000 		.4byte	.LFB68
 815 02b6 44000000 		.4byte	.LFE68-.LFB68
 816 02ba 01       		.uleb128 0x1
 817 02bb 9C       		.byte	0x9c
 818 02bc 22030000 		.4byte	0x322
 819 02c0 10       		.uleb128 0x10
 820 02c1 7B010000 		.4byte	.LASF27
 821 02c5 01       		.byte	0x1
 822 02c6 7E       		.byte	0x7e
 823 02c7 BC000000 		.4byte	0xbc
 824 02cb 99000000 		.4byte	.LLST3
 825 02cf 15       		.uleb128 0x15
 826 02d0 6C656E00 		.ascii	"len\000"
 827 02d4 01       		.byte	0x1
 828 02d5 80       		.byte	0x80
 829 02d6 81000000 		.4byte	0x81
 830 02da B7000000 		.4byte	.LLST4
 831 02de 17       		.uleb128 0x17
 832 02df 63030000 		.4byte	.LASF28
 833 02e3 01       		.byte	0x1
 834 02e4 81       		.byte	0x81
 835 02e5 C2000000 		.4byte	0xc2
 836 02e9 D7000000 		.4byte	.LLST5
 837 02ed 17       		.uleb128 0x17
 838 02ee 10000000 		.4byte	.LASF29
 839 02f2 01       		.byte	0x1
 840 02f3 82       		.byte	0x82
 841 02f4 C2000000 		.4byte	0xc2
ARM GAS  C:\Users\BASILE~1.BER\AppData\Local\Temp\ccW3rcIL.s 			page 19


 842 02f8 F6000000 		.4byte	.LLST6
 843 02fc 1E       		.uleb128 0x1e
 844 02fd 18000000 		.4byte	.Ldebug_ranges0+0x18
 845 0301 11030000 		.4byte	0x311
 846 0305 1F       		.uleb128 0x1f
 847 0306 6900     		.ascii	"i\000"
 848 0308 01       		.byte	0x1
 849 0309 83       		.byte	0x83
 850 030a 68000000 		.4byte	0x68
 851 030e 01       		.uleb128 0x1
 852 030f 52       		.byte	0x52
 853 0310 00       		.byte	0
 854 0311 1C       		.uleb128 0x1c
 855 0312 08000000 		.4byte	.LVL22
 856 0316 E2050000 		.4byte	0x5e2
 857 031a 1B       		.uleb128 0x1b
 858 031b 01       		.uleb128 0x1
 859 031c 50       		.byte	0x50
 860 031d 02       		.uleb128 0x2
 861 031e 74       		.byte	0x74
 862 031f 00       		.sleb128 0
 863 0320 00       		.byte	0
 864 0321 00       		.byte	0
 865 0322 1D       		.uleb128 0x1d
 866 0323 50000000 		.4byte	.LASF31
 867 0327 01       		.byte	0x1
 868 0328 4E       		.byte	0x4e
 869 0329 81000000 		.4byte	0x81
 870 032d 00000000 		.4byte	.LFB66
 871 0331 38000000 		.4byte	.LFE66-.LFB66
 872 0335 01       		.uleb128 0x1
 873 0336 9C       		.byte	0x9c
 874 0337 A4030000 		.4byte	0x3a4
 875 033b 10       		.uleb128 0x10
 876 033c 41000000 		.4byte	.LASF32
 877 0340 01       		.byte	0x1
 878 0341 4E       		.byte	0x4e
 879 0342 A7000000 		.4byte	0xa7
 880 0346 15010000 		.4byte	.LLST7
 881 034a 20       		.uleb128 0x20
 882 034b 73747200 		.ascii	"str\000"
 883 034f 01       		.byte	0x1
 884 0350 4E       		.byte	0x4e
 885 0351 BC000000 		.4byte	0xbc
 886 0355 36010000 		.4byte	.LLST8
 887 0359 10       		.uleb128 0x10
 888 035a 7C020000 		.4byte	.LASF26
 889 035e 01       		.byte	0x1
 890 035f 4E       		.byte	0x4e
 891 0360 BC000000 		.4byte	0xbc
 892 0364 54010000 		.4byte	.LLST9
 893 0368 21       		.uleb128 0x21
 894 0369 08000000 		.4byte	.LBB7
 895 036d 28000000 		.4byte	.LBE7-.LBB7
 896 0371 93030000 		.4byte	0x393
 897 0375 15       		.uleb128 0x15
 898 0376 6900     		.ascii	"i\000"
ARM GAS  C:\Users\BASILE~1.BER\AppData\Local\Temp\ccW3rcIL.s 			page 20


 899 0378 01       		.byte	0x1
 900 0379 50       		.byte	0x50
 901 037a C2000000 		.4byte	0xc2
 902 037e 72010000 		.4byte	.LLST10
 903 0382 1C       		.uleb128 0x1c
 904 0383 2C000000 		.4byte	.LVL36
 905 0387 E2050000 		.4byte	0x5e2
 906 038b 1B       		.uleb128 0x1b
 907 038c 01       		.uleb128 0x1
 908 038d 50       		.byte	0x50
 909 038e 02       		.uleb128 0x2
 910 038f 75       		.byte	0x75
 911 0390 00       		.sleb128 0
 912 0391 00       		.byte	0
 913 0392 00       		.byte	0
 914 0393 1C       		.uleb128 0x1c
 915 0394 36000000 		.4byte	.LVL37
 916 0398 A7020000 		.4byte	0x2a7
 917 039c 1B       		.uleb128 0x1b
 918 039d 01       		.uleb128 0x1
 919 039e 50       		.byte	0x50
 920 039f 02       		.uleb128 0x2
 921 03a0 77       		.byte	0x77
 922 03a1 00       		.sleb128 0
 923 03a2 00       		.byte	0
 924 03a3 00       		.byte	0
 925 03a4 0F       		.uleb128 0xf
 926 03a5 A8020000 		.4byte	.LASF33
 927 03a9 01       		.byte	0x1
 928 03aa 31       		.byte	0x31
 929 03ab 00000000 		.4byte	.LFB65
 930 03af 7C000000 		.4byte	.LFE65-.LFB65
 931 03b3 01       		.uleb128 0x1
 932 03b4 9C       		.byte	0x9c
 933 03b5 AF040000 		.4byte	0x4af
 934 03b9 18       		.uleb128 0x18
 935 03ba 7C020000 		.4byte	.LASF26
 936 03be 01       		.byte	0x1
 937 03bf 33       		.byte	0x33
 938 03c0 97020000 		.4byte	0x297
 939 03c4 02       		.uleb128 0x2
 940 03c5 91       		.byte	0x91
 941 03c6 74       		.sleb128 -12
 942 03c7 21       		.uleb128 0x21
 943 03c8 40000000 		.4byte	.LBB8
 944 03cc 24000000 		.4byte	.LBE8-.LBB8
 945 03d0 5A040000 		.4byte	0x45a
 946 03d4 17       		.uleb128 0x17
 947 03d5 69000000 		.4byte	.LASF34
 948 03d9 01       		.byte	0x1
 949 03da 45       		.byte	0x45
 950 03db 81000000 		.4byte	0x81
 951 03df 91010000 		.4byte	.LLST11
 952 03e3 1A       		.uleb128 0x1a
 953 03e4 48000000 		.4byte	.LVL42
 954 03e8 ED050000 		.4byte	0x5ed
 955 03ec FB030000 		.4byte	0x3fb
ARM GAS  C:\Users\BASILE~1.BER\AppData\Local\Temp\ccW3rcIL.s 			page 21


 956 03f0 1B       		.uleb128 0x1b
 957 03f1 01       		.uleb128 0x1
 958 03f2 50       		.byte	0x50
 959 03f3 01       		.uleb128 0x1
 960 03f4 30       		.byte	0x30
 961 03f5 1B       		.uleb128 0x1b
 962 03f6 01       		.uleb128 0x1
 963 03f7 51       		.byte	0x51
 964 03f8 01       		.uleb128 0x1
 965 03f9 3A       		.byte	0x3a
 966 03fa 00       		.byte	0
 967 03fb 1A       		.uleb128 0x1a
 968 03fc 4E000000 		.4byte	.LVL43
 969 0400 F8050000 		.4byte	0x5f8
 970 0404 12040000 		.4byte	0x412
 971 0408 1B       		.uleb128 0x1b
 972 0409 01       		.uleb128 0x1
 973 040a 50       		.byte	0x50
 974 040b 05       		.uleb128 0x5
 975 040c 03       		.byte	0x3
 976 040d 10000000 		.4byte	.LC2
 977 0411 00       		.byte	0
 978 0412 1A       		.uleb128 0x1a
 979 0413 58000000 		.4byte	.LVL44
 980 0417 22030000 		.4byte	0x322
 981 041b 35040000 		.4byte	0x435
 982 041f 1B       		.uleb128 0x1b
 983 0420 01       		.uleb128 0x1
 984 0421 50       		.byte	0x50
 985 0422 02       		.uleb128 0x2
 986 0423 08       		.byte	0x8
 987 0424 2F       		.byte	0x2f
 988 0425 1B       		.uleb128 0x1b
 989 0426 01       		.uleb128 0x1
 990 0427 51       		.byte	0x51
 991 0428 05       		.uleb128 0x5
 992 0429 03       		.byte	0x3
 993 042a 01000000 		.4byte	RB+1
 994 042e 1B       		.uleb128 0x1b
 995 042f 01       		.uleb128 0x1
 996 0430 52       		.byte	0x52
 997 0431 02       		.uleb128 0x2
 998 0432 91       		.byte	0x91
 999 0433 74       		.sleb128 -12
 1000 0434 00       		.byte	0
 1001 0435 1A       		.uleb128 0x1a
 1002 0436 5E000000 		.4byte	.LVL46
 1003 043a 03060000 		.4byte	0x603
 1004 043e 49040000 		.4byte	0x449
 1005 0442 1B       		.uleb128 0x1b
 1006 0443 01       		.uleb128 0x1
 1007 0444 50       		.byte	0x50
 1008 0445 02       		.uleb128 0x2
 1009 0446 74       		.byte	0x74
 1010 0447 00       		.sleb128 0
 1011 0448 00       		.byte	0
 1012 0449 1C       		.uleb128 0x1c
ARM GAS  C:\Users\BASILE~1.BER\AppData\Local\Temp\ccW3rcIL.s 			page 22


 1013 044a 64000000 		.4byte	.LVL47
 1014 044e 0E060000 		.4byte	0x60e
 1015 0452 1B       		.uleb128 0x1b
 1016 0453 01       		.uleb128 0x1
 1017 0454 50       		.byte	0x50
 1018 0455 02       		.uleb128 0x2
 1019 0456 74       		.byte	0x74
 1020 0457 00       		.sleb128 0
 1021 0458 00       		.byte	0
 1022 0459 00       		.byte	0
 1023 045a 19       		.uleb128 0x19
 1024 045b 10000000 		.4byte	.LVL38
 1025 045f 19060000 		.4byte	0x619
 1026 0463 19       		.uleb128 0x19
 1027 0464 18000000 		.4byte	.LVL39
 1028 0468 24060000 		.4byte	0x624
 1029 046c 1A       		.uleb128 0x1a
 1030 046d 22000000 		.4byte	.LVL40
 1031 0471 22030000 		.4byte	0x322
 1032 0475 8F040000 		.4byte	0x48f
 1033 0479 1B       		.uleb128 0x1b
 1034 047a 01       		.uleb128 0x1
 1035 047b 50       		.byte	0x50
 1036 047c 02       		.uleb128 0x2
 1037 047d 08       		.byte	0x8
 1038 047e 2F       		.byte	0x2f
 1039 047f 1B       		.uleb128 0x1b
 1040 0480 01       		.uleb128 0x1
 1041 0481 51       		.byte	0x51
 1042 0482 05       		.uleb128 0x5
 1043 0483 03       		.byte	0x3
 1044 0484 01000000 		.4byte	RB+1
 1045 0488 1B       		.uleb128 0x1b
 1046 0489 01       		.uleb128 0x1
 1047 048a 52       		.byte	0x52
 1048 048b 02       		.uleb128 0x2
 1049 048c 91       		.byte	0x91
 1050 048d 74       		.sleb128 -12
 1051 048e 00       		.byte	0
 1052 048f 1C       		.uleb128 0x1c
 1053 0490 36000000 		.4byte	.LVL41
 1054 0494 22030000 		.4byte	0x322
 1055 0498 1B       		.uleb128 0x1b
 1056 0499 01       		.uleb128 0x1
 1057 049a 50       		.byte	0x50
 1058 049b 02       		.uleb128 0x2
 1059 049c 08       		.byte	0x8
 1060 049d 2F       		.byte	0x2f
 1061 049e 1B       		.uleb128 0x1b
 1062 049f 01       		.uleb128 0x1
 1063 04a0 51       		.byte	0x51
 1064 04a1 05       		.uleb128 0x5
 1065 04a2 03       		.byte	0x3
 1066 04a3 01000000 		.4byte	RB+1
 1067 04a7 1B       		.uleb128 0x1b
 1068 04a8 01       		.uleb128 0x1
 1069 04a9 52       		.byte	0x52
ARM GAS  C:\Users\BASILE~1.BER\AppData\Local\Temp\ccW3rcIL.s 			page 23


 1070 04aa 02       		.uleb128 0x2
 1071 04ab 91       		.byte	0x91
 1072 04ac 74       		.sleb128 -12
 1073 04ad 00       		.byte	0
 1074 04ae 00       		.byte	0
 1075 04af 0A       		.uleb128 0xa
 1076 04b0 A7000000 		.4byte	0xa7
 1077 04b4 BF040000 		.4byte	0x4bf
 1078 04b8 0B       		.uleb128 0xb
 1079 04b9 B5000000 		.4byte	0xb5
 1080 04bd 3F       		.byte	0x3f
 1081 04be 00       		.byte	0
 1082 04bf 22       		.uleb128 0x22
 1083 04c0 2F000000 		.4byte	.LASF35
 1084 04c4 06       		.byte	0x6
 1085 04c5 15       		.byte	0x15
 1086 04c6 AF040000 		.4byte	0x4af
 1087 04ca 05       		.uleb128 0x5
 1088 04cb 03       		.byte	0x3
 1089 04cc 00000000 		.4byte	strMsg1
 1090 04d0 22       		.uleb128 0x22
 1091 04d1 55030000 		.4byte	.LASF36
 1092 04d5 06       		.byte	0x6
 1093 04d6 20       		.byte	0x20
 1094 04d7 81000000 		.4byte	0x81
 1095 04db 05       		.uleb128 0x5
 1096 04dc 03       		.byte	0x3
 1097 04dd 00000000 		.4byte	pwmMotorLinks
 1098 04e1 22       		.uleb128 0x22
 1099 04e2 6F030000 		.4byte	.LASF37
 1100 04e6 06       		.byte	0x6
 1101 04e7 21       		.byte	0x21
 1102 04e8 81000000 		.4byte	0x81
 1103 04ec 05       		.uleb128 0x5
 1104 04ed 03       		.byte	0x3
 1105 04ee 00000000 		.4byte	pwmMotorRechts
 1106 04f2 22       		.uleb128 0x22
 1107 04f3 31010000 		.4byte	.LASF38
 1108 04f7 06       		.byte	0x6
 1109 04f8 2A       		.byte	0x2a
 1110 04f9 81000000 		.4byte	0x81
 1111 04fd 05       		.uleb128 0x5
 1112 04fe 03       		.byte	0x3
 1113 04ff 00000000 		.4byte	IRWaarden
 1114 0503 22       		.uleb128 0x22
 1115 0504 37000000 		.4byte	.LASF39
 1116 0508 06       		.byte	0x6
 1117 0509 2B       		.byte	0x2b
 1118 050a 81000000 		.4byte	0x81
 1119 050e 05       		.uleb128 0x5
 1120 050f 03       		.byte	0x3
 1121 0510 00000000 		.4byte	IRDrempel
 1122 0514 22       		.uleb128 0x22
 1123 0515 29010000 		.4byte	.LASF40
 1124 0519 06       		.byte	0x6
 1125 051a 31       		.byte	0x31
 1126 051b 8D000000 		.4byte	0x8d
ARM GAS  C:\Users\BASILE~1.BER\AppData\Local\Temp\ccW3rcIL.s 			page 24


 1127 051f 05       		.uleb128 0x5
 1128 0520 03       		.byte	0x3
 1129 0521 00000000 		.4byte	mediaan
 1130 0525 22       		.uleb128 0x22
 1131 0526 4F010000 		.4byte	.LASF41
 1132 052a 06       		.byte	0x6
 1133 052b 32       		.byte	0x32
 1134 052c 81000000 		.4byte	0x81
 1135 0530 05       		.uleb128 0x5
 1136 0531 03       		.byte	0x3
 1137 0532 00000000 		.4byte	selectUS
 1138 0536 0A       		.uleb128 0xa
 1139 0537 8D000000 		.4byte	0x8d
 1140 053b 46050000 		.4byte	0x546
 1141 053f 0B       		.uleb128 0xb
 1142 0540 B5000000 		.4byte	0xb5
 1143 0544 04       		.byte	0x4
 1144 0545 00       		.byte	0
 1145 0546 22       		.uleb128 0x22
 1146 0547 68030000 		.4byte	.LASF42
 1147 054b 06       		.byte	0x6
 1148 054c 34       		.byte	0x34
 1149 054d 36050000 		.4byte	0x536
 1150 0551 05       		.uleb128 0x5
 1151 0552 03       		.byte	0x3
 1152 0553 00000000 		.4byte	avgUS1
 1153 0557 22       		.uleb128 0x22
 1154 0558 70000000 		.4byte	.LASF43
 1155 055c 06       		.byte	0x6
 1156 055d 35       		.byte	0x35
 1157 055e 36050000 		.4byte	0x536
 1158 0562 05       		.uleb128 0x5
 1159 0563 03       		.byte	0x3
 1160 0564 00000000 		.4byte	avgUS2
 1161 0568 22       		.uleb128 0x22
 1162 0569 77000000 		.4byte	.LASF44
 1163 056d 06       		.byte	0x6
 1164 056e 36       		.byte	0x36
 1165 056f 36050000 		.4byte	0x536
 1166 0573 05       		.uleb128 0x5
 1167 0574 03       		.byte	0x3
 1168 0575 00000000 		.4byte	avgUS3
 1169 0579 22       		.uleb128 0x22
 1170 057a 9D020000 		.4byte	.LASF45
 1171 057e 06       		.byte	0x6
 1172 057f 48       		.byte	0x48
 1173 0580 81000000 		.4byte	0x81
 1174 0584 05       		.uleb128 0x5
 1175 0585 03       		.byte	0x3
 1176 0586 00000000 		.4byte	boolSelect
 1177 058a 23       		.uleb128 0x23
 1178 058b BA020000 		.4byte	.LASF46
 1179 058f 07       		.byte	0x7
 1180 0590 1207     		.2byte	0x712
 1181 0592 96050000 		.4byte	0x596
 1182 0596 24       		.uleb128 0x24
 1183 0597 76000000 		.4byte	0x76
ARM GAS  C:\Users\BASILE~1.BER\AppData\Local\Temp\ccW3rcIL.s 			page 25


 1184 059b 25       		.uleb128 0x25
 1185 059c 524200   		.ascii	"RB\000"
 1186 059f 11       		.byte	0x11
 1187 05a0 27       		.byte	0x27
 1188 05a1 FE000000 		.4byte	0xfe
 1189 05a5 05       		.uleb128 0x5
 1190 05a6 03       		.byte	0x3
 1191 05a7 00000000 		.4byte	RB
 1192 05ab 26       		.uleb128 0x26
 1193 05ac 72020000 		.4byte	.LASF47
 1194 05b0 72020000 		.4byte	.LASF47
 1195 05b4 08       		.byte	0x8
 1196 05b5 29       		.byte	0x29
 1197 05b6 26       		.uleb128 0x26
 1198 05b7 06010000 		.4byte	.LASF48
 1199 05bb 06010000 		.4byte	.LASF48
 1200 05bf 08       		.byte	0x8
 1201 05c0 26       		.byte	0x26
 1202 05c1 26       		.uleb128 0x26
 1203 05c2 82010000 		.4byte	.LASF49
 1204 05c6 82010000 		.4byte	.LASF49
 1205 05ca 09       		.byte	0x9
 1206 05cb E7       		.byte	0xe7
 1207 05cc 26       		.uleb128 0x26
 1208 05cd 1E020000 		.4byte	.LASF50
 1209 05d1 1E020000 		.4byte	.LASF50
 1210 05d5 0A       		.byte	0xa
 1211 05d6 8B       		.byte	0x8b
 1212 05d7 26       		.uleb128 0x26
 1213 05d8 7E000000 		.4byte	.LASF51
 1214 05dc 7E000000 		.4byte	.LASF51
 1215 05e0 0B       		.byte	0xb
 1216 05e1 35       		.byte	0x35
 1217 05e2 26       		.uleb128 0x26
 1218 05e3 0F020000 		.4byte	.LASF52
 1219 05e7 0F020000 		.4byte	.LASF52
 1220 05eb 0C       		.byte	0xc
 1221 05ec 21       		.byte	0x21
 1222 05ed 26       		.uleb128 0x26
 1223 05ee 90020000 		.4byte	.LASF53
 1224 05f2 90020000 		.4byte	.LASF53
 1225 05f6 0D       		.byte	0xd
 1226 05f7 3D       		.byte	0x3d
 1227 05f8 26       		.uleb128 0x26
 1228 05f9 D6010000 		.4byte	.LASF54
 1229 05fd D6010000 		.4byte	.LASF54
 1230 0601 0D       		.byte	0xd
 1231 0602 3C       		.byte	0x3c
 1232 0603 26       		.uleb128 0x26
 1233 0604 06000000 		.4byte	.LASF55
 1234 0608 06000000 		.4byte	.LASF55
 1235 060c 0E       		.byte	0xe
 1236 060d 26       		.byte	0x26
 1237 060e 26       		.uleb128 0x26
 1238 060f 1F010000 		.4byte	.LASF56
 1239 0613 1F010000 		.4byte	.LASF56
 1240 0617 0F       		.byte	0xf
ARM GAS  C:\Users\BASILE~1.BER\AppData\Local\Temp\ccW3rcIL.s 			page 26


 1241 0618 26       		.byte	0x26
 1242 0619 26       		.uleb128 0x26
 1243 061a 68020000 		.4byte	.LASF57
 1244 061e 68020000 		.4byte	.LASF57
 1245 0622 10       		.byte	0x10
 1246 0623 29       		.byte	0x29
 1247 0624 26       		.uleb128 0x26
 1248 0625 44010000 		.4byte	.LASF58
 1249 0629 44010000 		.4byte	.LASF58
 1250 062d 10       		.byte	0x10
 1251 062e 26       		.byte	0x26
 1252 062f 00       		.byte	0
 1253              		.section	.debug_abbrev,"",%progbits
 1254              	.Ldebug_abbrev0:
 1255 0000 01       		.uleb128 0x1
 1256 0001 11       		.uleb128 0x11
 1257 0002 01       		.byte	0x1
 1258 0003 25       		.uleb128 0x25
 1259 0004 0E       		.uleb128 0xe
 1260 0005 13       		.uleb128 0x13
 1261 0006 0B       		.uleb128 0xb
 1262 0007 03       		.uleb128 0x3
 1263 0008 0E       		.uleb128 0xe
 1264 0009 1B       		.uleb128 0x1b
 1265 000a 0E       		.uleb128 0xe
 1266 000b 55       		.uleb128 0x55
 1267 000c 17       		.uleb128 0x17
 1268 000d 11       		.uleb128 0x11
 1269 000e 01       		.uleb128 0x1
 1270 000f 10       		.uleb128 0x10
 1271 0010 17       		.uleb128 0x17
 1272 0011 00       		.byte	0
 1273 0012 00       		.byte	0
 1274 0013 02       		.uleb128 0x2
 1275 0014 24       		.uleb128 0x24
 1276 0015 00       		.byte	0
 1277 0016 0B       		.uleb128 0xb
 1278 0017 0B       		.uleb128 0xb
 1279 0018 3E       		.uleb128 0x3e
 1280 0019 0B       		.uleb128 0xb
 1281 001a 03       		.uleb128 0x3
 1282 001b 0E       		.uleb128 0xe
 1283 001c 00       		.byte	0
 1284 001d 00       		.byte	0
 1285 001e 03       		.uleb128 0x3
 1286 001f 16       		.uleb128 0x16
 1287 0020 00       		.byte	0
 1288 0021 03       		.uleb128 0x3
 1289 0022 0E       		.uleb128 0xe
 1290 0023 3A       		.uleb128 0x3a
 1291 0024 0B       		.uleb128 0xb
 1292 0025 3B       		.uleb128 0x3b
 1293 0026 0B       		.uleb128 0xb
 1294 0027 49       		.uleb128 0x49
 1295 0028 13       		.uleb128 0x13
 1296 0029 00       		.byte	0
 1297 002a 00       		.byte	0
ARM GAS  C:\Users\BASILE~1.BER\AppData\Local\Temp\ccW3rcIL.s 			page 27


 1298 002b 04       		.uleb128 0x4
 1299 002c 24       		.uleb128 0x24
 1300 002d 00       		.byte	0
 1301 002e 0B       		.uleb128 0xb
 1302 002f 0B       		.uleb128 0xb
 1303 0030 3E       		.uleb128 0x3e
 1304 0031 0B       		.uleb128 0xb
 1305 0032 03       		.uleb128 0x3
 1306 0033 08       		.uleb128 0x8
 1307 0034 00       		.byte	0
 1308 0035 00       		.byte	0
 1309 0036 05       		.uleb128 0x5
 1310 0037 16       		.uleb128 0x16
 1311 0038 00       		.byte	0
 1312 0039 03       		.uleb128 0x3
 1313 003a 0E       		.uleb128 0xe
 1314 003b 3A       		.uleb128 0x3a
 1315 003c 0B       		.uleb128 0xb
 1316 003d 3B       		.uleb128 0x3b
 1317 003e 05       		.uleb128 0x5
 1318 003f 49       		.uleb128 0x49
 1319 0040 13       		.uleb128 0x13
 1320 0041 00       		.byte	0
 1321 0042 00       		.byte	0
 1322 0043 06       		.uleb128 0x6
 1323 0044 0F       		.uleb128 0xf
 1324 0045 00       		.byte	0
 1325 0046 0B       		.uleb128 0xb
 1326 0047 0B       		.uleb128 0xb
 1327 0048 49       		.uleb128 0x49
 1328 0049 13       		.uleb128 0x13
 1329 004a 00       		.byte	0
 1330 004b 00       		.byte	0
 1331 004c 07       		.uleb128 0x7
 1332 004d 13       		.uleb128 0x13
 1333 004e 01       		.byte	0x1
 1334 004f 0B       		.uleb128 0xb
 1335 0050 0B       		.uleb128 0xb
 1336 0051 3A       		.uleb128 0x3a
 1337 0052 0B       		.uleb128 0xb
 1338 0053 3B       		.uleb128 0x3b
 1339 0054 0B       		.uleb128 0xb
 1340 0055 01       		.uleb128 0x1
 1341 0056 13       		.uleb128 0x13
 1342 0057 00       		.byte	0
 1343 0058 00       		.byte	0
 1344 0059 08       		.uleb128 0x8
 1345 005a 0D       		.uleb128 0xd
 1346 005b 00       		.byte	0
 1347 005c 03       		.uleb128 0x3
 1348 005d 08       		.uleb128 0x8
 1349 005e 3A       		.uleb128 0x3a
 1350 005f 0B       		.uleb128 0xb
 1351 0060 3B       		.uleb128 0x3b
 1352 0061 0B       		.uleb128 0xb
 1353 0062 49       		.uleb128 0x49
 1354 0063 13       		.uleb128 0x13
ARM GAS  C:\Users\BASILE~1.BER\AppData\Local\Temp\ccW3rcIL.s 			page 28


 1355 0064 38       		.uleb128 0x38
 1356 0065 0B       		.uleb128 0xb
 1357 0066 00       		.byte	0
 1358 0067 00       		.byte	0
 1359 0068 09       		.uleb128 0x9
 1360 0069 0D       		.uleb128 0xd
 1361 006a 00       		.byte	0
 1362 006b 03       		.uleb128 0x3
 1363 006c 0E       		.uleb128 0xe
 1364 006d 3A       		.uleb128 0x3a
 1365 006e 0B       		.uleb128 0xb
 1366 006f 3B       		.uleb128 0x3b
 1367 0070 0B       		.uleb128 0xb
 1368 0071 49       		.uleb128 0x49
 1369 0072 13       		.uleb128 0x13
 1370 0073 38       		.uleb128 0x38
 1371 0074 0B       		.uleb128 0xb
 1372 0075 00       		.byte	0
 1373 0076 00       		.byte	0
 1374 0077 0A       		.uleb128 0xa
 1375 0078 01       		.uleb128 0x1
 1376 0079 01       		.byte	0x1
 1377 007a 49       		.uleb128 0x49
 1378 007b 13       		.uleb128 0x13
 1379 007c 01       		.uleb128 0x1
 1380 007d 13       		.uleb128 0x13
 1381 007e 00       		.byte	0
 1382 007f 00       		.byte	0
 1383 0080 0B       		.uleb128 0xb
 1384 0081 21       		.uleb128 0x21
 1385 0082 00       		.byte	0
 1386 0083 49       		.uleb128 0x49
 1387 0084 13       		.uleb128 0x13
 1388 0085 2F       		.uleb128 0x2f
 1389 0086 0B       		.uleb128 0xb
 1390 0087 00       		.byte	0
 1391 0088 00       		.byte	0
 1392 0089 0C       		.uleb128 0xc
 1393 008a 17       		.uleb128 0x17
 1394 008b 01       		.byte	0x1
 1395 008c 03       		.uleb128 0x3
 1396 008d 0E       		.uleb128 0xe
 1397 008e 0B       		.uleb128 0xb
 1398 008f 0B       		.uleb128 0xb
 1399 0090 3A       		.uleb128 0x3a
 1400 0091 0B       		.uleb128 0xb
 1401 0092 3B       		.uleb128 0x3b
 1402 0093 0B       		.uleb128 0xb
 1403 0094 01       		.uleb128 0x1
 1404 0095 13       		.uleb128 0x13
 1405 0096 00       		.byte	0
 1406 0097 00       		.byte	0
 1407 0098 0D       		.uleb128 0xd
 1408 0099 0D       		.uleb128 0xd
 1409 009a 00       		.byte	0
 1410 009b 03       		.uleb128 0x3
 1411 009c 0E       		.uleb128 0xe
ARM GAS  C:\Users\BASILE~1.BER\AppData\Local\Temp\ccW3rcIL.s 			page 29


 1412 009d 3A       		.uleb128 0x3a
 1413 009e 0B       		.uleb128 0xb
 1414 009f 3B       		.uleb128 0x3b
 1415 00a0 0B       		.uleb128 0xb
 1416 00a1 49       		.uleb128 0x49
 1417 00a2 13       		.uleb128 0x13
 1418 00a3 00       		.byte	0
 1419 00a4 00       		.byte	0
 1420 00a5 0E       		.uleb128 0xe
 1421 00a6 0D       		.uleb128 0xd
 1422 00a7 00       		.byte	0
 1423 00a8 49       		.uleb128 0x49
 1424 00a9 13       		.uleb128 0x13
 1425 00aa 00       		.byte	0
 1426 00ab 00       		.byte	0
 1427 00ac 0F       		.uleb128 0xf
 1428 00ad 2E       		.uleb128 0x2e
 1429 00ae 01       		.byte	0x1
 1430 00af 3F       		.uleb128 0x3f
 1431 00b0 19       		.uleb128 0x19
 1432 00b1 03       		.uleb128 0x3
 1433 00b2 0E       		.uleb128 0xe
 1434 00b3 3A       		.uleb128 0x3a
 1435 00b4 0B       		.uleb128 0xb
 1436 00b5 3B       		.uleb128 0x3b
 1437 00b6 0B       		.uleb128 0xb
 1438 00b7 27       		.uleb128 0x27
 1439 00b8 19       		.uleb128 0x19
 1440 00b9 11       		.uleb128 0x11
 1441 00ba 01       		.uleb128 0x1
 1442 00bb 12       		.uleb128 0x12
 1443 00bc 06       		.uleb128 0x6
 1444 00bd 40       		.uleb128 0x40
 1445 00be 18       		.uleb128 0x18
 1446 00bf 9742     		.uleb128 0x2117
 1447 00c1 19       		.uleb128 0x19
 1448 00c2 01       		.uleb128 0x1
 1449 00c3 13       		.uleb128 0x13
 1450 00c4 00       		.byte	0
 1451 00c5 00       		.byte	0
 1452 00c6 10       		.uleb128 0x10
 1453 00c7 05       		.uleb128 0x5
 1454 00c8 00       		.byte	0
 1455 00c9 03       		.uleb128 0x3
 1456 00ca 0E       		.uleb128 0xe
 1457 00cb 3A       		.uleb128 0x3a
 1458 00cc 0B       		.uleb128 0xb
 1459 00cd 3B       		.uleb128 0x3b
 1460 00ce 0B       		.uleb128 0xb
 1461 00cf 49       		.uleb128 0x49
 1462 00d0 13       		.uleb128 0x13
 1463 00d1 02       		.uleb128 0x2
 1464 00d2 17       		.uleb128 0x17
 1465 00d3 00       		.byte	0
 1466 00d4 00       		.byte	0
 1467 00d5 11       		.uleb128 0x11
 1468 00d6 05       		.uleb128 0x5
ARM GAS  C:\Users\BASILE~1.BER\AppData\Local\Temp\ccW3rcIL.s 			page 30


 1469 00d7 00       		.byte	0
 1470 00d8 03       		.uleb128 0x3
 1471 00d9 0E       		.uleb128 0xe
 1472 00da 3A       		.uleb128 0x3a
 1473 00db 0B       		.uleb128 0xb
 1474 00dc 3B       		.uleb128 0x3b
 1475 00dd 0B       		.uleb128 0xb
 1476 00de 49       		.uleb128 0x49
 1477 00df 13       		.uleb128 0x13
 1478 00e0 02       		.uleb128 0x2
 1479 00e1 18       		.uleb128 0x18
 1480 00e2 00       		.byte	0
 1481 00e3 00       		.byte	0
 1482 00e4 12       		.uleb128 0x12
 1483 00e5 34       		.uleb128 0x34
 1484 00e6 00       		.byte	0
 1485 00e7 03       		.uleb128 0x3
 1486 00e8 0E       		.uleb128 0xe
 1487 00e9 3A       		.uleb128 0x3a
 1488 00ea 0B       		.uleb128 0xb
 1489 00eb 3B       		.uleb128 0x3b
 1490 00ec 0B       		.uleb128 0xb
 1491 00ed 49       		.uleb128 0x49
 1492 00ee 13       		.uleb128 0x13
 1493 00ef 00       		.byte	0
 1494 00f0 00       		.byte	0
 1495 00f1 13       		.uleb128 0x13
 1496 00f2 34       		.uleb128 0x34
 1497 00f3 00       		.byte	0
 1498 00f4 03       		.uleb128 0x3
 1499 00f5 08       		.uleb128 0x8
 1500 00f6 3A       		.uleb128 0x3a
 1501 00f7 0B       		.uleb128 0xb
 1502 00f8 3B       		.uleb128 0x3b
 1503 00f9 0B       		.uleb128 0xb
 1504 00fa 49       		.uleb128 0x49
 1505 00fb 13       		.uleb128 0x13
 1506 00fc 1C       		.uleb128 0x1c
 1507 00fd 0B       		.uleb128 0xb
 1508 00fe 00       		.byte	0
 1509 00ff 00       		.byte	0
 1510 0100 14       		.uleb128 0x14
 1511 0101 0B       		.uleb128 0xb
 1512 0102 01       		.byte	0x1
 1513 0103 55       		.uleb128 0x55
 1514 0104 17       		.uleb128 0x17
 1515 0105 00       		.byte	0
 1516 0106 00       		.byte	0
 1517 0107 15       		.uleb128 0x15
 1518 0108 34       		.uleb128 0x34
 1519 0109 00       		.byte	0
 1520 010a 03       		.uleb128 0x3
 1521 010b 08       		.uleb128 0x8
 1522 010c 3A       		.uleb128 0x3a
 1523 010d 0B       		.uleb128 0xb
 1524 010e 3B       		.uleb128 0x3b
 1525 010f 0B       		.uleb128 0xb
ARM GAS  C:\Users\BASILE~1.BER\AppData\Local\Temp\ccW3rcIL.s 			page 31


 1526 0110 49       		.uleb128 0x49
 1527 0111 13       		.uleb128 0x13
 1528 0112 02       		.uleb128 0x2
 1529 0113 17       		.uleb128 0x17
 1530 0114 00       		.byte	0
 1531 0115 00       		.byte	0
 1532 0116 16       		.uleb128 0x16
 1533 0117 0B       		.uleb128 0xb
 1534 0118 01       		.byte	0x1
 1535 0119 11       		.uleb128 0x11
 1536 011a 01       		.uleb128 0x1
 1537 011b 12       		.uleb128 0x12
 1538 011c 06       		.uleb128 0x6
 1539 011d 00       		.byte	0
 1540 011e 00       		.byte	0
 1541 011f 17       		.uleb128 0x17
 1542 0120 34       		.uleb128 0x34
 1543 0121 00       		.byte	0
 1544 0122 03       		.uleb128 0x3
 1545 0123 0E       		.uleb128 0xe
 1546 0124 3A       		.uleb128 0x3a
 1547 0125 0B       		.uleb128 0xb
 1548 0126 3B       		.uleb128 0x3b
 1549 0127 0B       		.uleb128 0xb
 1550 0128 49       		.uleb128 0x49
 1551 0129 13       		.uleb128 0x13
 1552 012a 02       		.uleb128 0x2
 1553 012b 17       		.uleb128 0x17
 1554 012c 00       		.byte	0
 1555 012d 00       		.byte	0
 1556 012e 18       		.uleb128 0x18
 1557 012f 34       		.uleb128 0x34
 1558 0130 00       		.byte	0
 1559 0131 03       		.uleb128 0x3
 1560 0132 0E       		.uleb128 0xe
 1561 0133 3A       		.uleb128 0x3a
 1562 0134 0B       		.uleb128 0xb
 1563 0135 3B       		.uleb128 0x3b
 1564 0136 0B       		.uleb128 0xb
 1565 0137 49       		.uleb128 0x49
 1566 0138 13       		.uleb128 0x13
 1567 0139 02       		.uleb128 0x2
 1568 013a 18       		.uleb128 0x18
 1569 013b 00       		.byte	0
 1570 013c 00       		.byte	0
 1571 013d 19       		.uleb128 0x19
 1572 013e 898201   		.uleb128 0x4109
 1573 0141 00       		.byte	0
 1574 0142 11       		.uleb128 0x11
 1575 0143 01       		.uleb128 0x1
 1576 0144 31       		.uleb128 0x31
 1577 0145 13       		.uleb128 0x13
 1578 0146 00       		.byte	0
 1579 0147 00       		.byte	0
 1580 0148 1A       		.uleb128 0x1a
 1581 0149 898201   		.uleb128 0x4109
 1582 014c 01       		.byte	0x1
ARM GAS  C:\Users\BASILE~1.BER\AppData\Local\Temp\ccW3rcIL.s 			page 32


 1583 014d 11       		.uleb128 0x11
 1584 014e 01       		.uleb128 0x1
 1585 014f 31       		.uleb128 0x31
 1586 0150 13       		.uleb128 0x13
 1587 0151 01       		.uleb128 0x1
 1588 0152 13       		.uleb128 0x13
 1589 0153 00       		.byte	0
 1590 0154 00       		.byte	0
 1591 0155 1B       		.uleb128 0x1b
 1592 0156 8A8201   		.uleb128 0x410a
 1593 0159 00       		.byte	0
 1594 015a 02       		.uleb128 0x2
 1595 015b 18       		.uleb128 0x18
 1596 015c 9142     		.uleb128 0x2111
 1597 015e 18       		.uleb128 0x18
 1598 015f 00       		.byte	0
 1599 0160 00       		.byte	0
 1600 0161 1C       		.uleb128 0x1c
 1601 0162 898201   		.uleb128 0x4109
 1602 0165 01       		.byte	0x1
 1603 0166 11       		.uleb128 0x11
 1604 0167 01       		.uleb128 0x1
 1605 0168 31       		.uleb128 0x31
 1606 0169 13       		.uleb128 0x13
 1607 016a 00       		.byte	0
 1608 016b 00       		.byte	0
 1609 016c 1D       		.uleb128 0x1d
 1610 016d 2E       		.uleb128 0x2e
 1611 016e 01       		.byte	0x1
 1612 016f 3F       		.uleb128 0x3f
 1613 0170 19       		.uleb128 0x19
 1614 0171 03       		.uleb128 0x3
 1615 0172 0E       		.uleb128 0xe
 1616 0173 3A       		.uleb128 0x3a
 1617 0174 0B       		.uleb128 0xb
 1618 0175 3B       		.uleb128 0x3b
 1619 0176 0B       		.uleb128 0xb
 1620 0177 27       		.uleb128 0x27
 1621 0178 19       		.uleb128 0x19
 1622 0179 49       		.uleb128 0x49
 1623 017a 13       		.uleb128 0x13
 1624 017b 11       		.uleb128 0x11
 1625 017c 01       		.uleb128 0x1
 1626 017d 12       		.uleb128 0x12
 1627 017e 06       		.uleb128 0x6
 1628 017f 40       		.uleb128 0x40
 1629 0180 18       		.uleb128 0x18
 1630 0181 9742     		.uleb128 0x2117
 1631 0183 19       		.uleb128 0x19
 1632 0184 01       		.uleb128 0x1
 1633 0185 13       		.uleb128 0x13
 1634 0186 00       		.byte	0
 1635 0187 00       		.byte	0
 1636 0188 1E       		.uleb128 0x1e
 1637 0189 0B       		.uleb128 0xb
 1638 018a 01       		.byte	0x1
 1639 018b 55       		.uleb128 0x55
ARM GAS  C:\Users\BASILE~1.BER\AppData\Local\Temp\ccW3rcIL.s 			page 33


 1640 018c 17       		.uleb128 0x17
 1641 018d 01       		.uleb128 0x1
 1642 018e 13       		.uleb128 0x13
 1643 018f 00       		.byte	0
 1644 0190 00       		.byte	0
 1645 0191 1F       		.uleb128 0x1f
 1646 0192 34       		.uleb128 0x34
 1647 0193 00       		.byte	0
 1648 0194 03       		.uleb128 0x3
 1649 0195 08       		.uleb128 0x8
 1650 0196 3A       		.uleb128 0x3a
 1651 0197 0B       		.uleb128 0xb
 1652 0198 3B       		.uleb128 0x3b
 1653 0199 0B       		.uleb128 0xb
 1654 019a 49       		.uleb128 0x49
 1655 019b 13       		.uleb128 0x13
 1656 019c 02       		.uleb128 0x2
 1657 019d 18       		.uleb128 0x18
 1658 019e 00       		.byte	0
 1659 019f 00       		.byte	0
 1660 01a0 20       		.uleb128 0x20
 1661 01a1 05       		.uleb128 0x5
 1662 01a2 00       		.byte	0
 1663 01a3 03       		.uleb128 0x3
 1664 01a4 08       		.uleb128 0x8
 1665 01a5 3A       		.uleb128 0x3a
 1666 01a6 0B       		.uleb128 0xb
 1667 01a7 3B       		.uleb128 0x3b
 1668 01a8 0B       		.uleb128 0xb
 1669 01a9 49       		.uleb128 0x49
 1670 01aa 13       		.uleb128 0x13
 1671 01ab 02       		.uleb128 0x2
 1672 01ac 17       		.uleb128 0x17
 1673 01ad 00       		.byte	0
 1674 01ae 00       		.byte	0
 1675 01af 21       		.uleb128 0x21
 1676 01b0 0B       		.uleb128 0xb
 1677 01b1 01       		.byte	0x1
 1678 01b2 11       		.uleb128 0x11
 1679 01b3 01       		.uleb128 0x1
 1680 01b4 12       		.uleb128 0x12
 1681 01b5 06       		.uleb128 0x6
 1682 01b6 01       		.uleb128 0x1
 1683 01b7 13       		.uleb128 0x13
 1684 01b8 00       		.byte	0
 1685 01b9 00       		.byte	0
 1686 01ba 22       		.uleb128 0x22
 1687 01bb 34       		.uleb128 0x34
 1688 01bc 00       		.byte	0
 1689 01bd 03       		.uleb128 0x3
 1690 01be 0E       		.uleb128 0xe
 1691 01bf 3A       		.uleb128 0x3a
 1692 01c0 0B       		.uleb128 0xb
 1693 01c1 3B       		.uleb128 0x3b
 1694 01c2 0B       		.uleb128 0xb
 1695 01c3 49       		.uleb128 0x49
 1696 01c4 13       		.uleb128 0x13
ARM GAS  C:\Users\BASILE~1.BER\AppData\Local\Temp\ccW3rcIL.s 			page 34


 1697 01c5 3F       		.uleb128 0x3f
 1698 01c6 19       		.uleb128 0x19
 1699 01c7 02       		.uleb128 0x2
 1700 01c8 18       		.uleb128 0x18
 1701 01c9 00       		.byte	0
 1702 01ca 00       		.byte	0
 1703 01cb 23       		.uleb128 0x23
 1704 01cc 34       		.uleb128 0x34
 1705 01cd 00       		.byte	0
 1706 01ce 03       		.uleb128 0x3
 1707 01cf 0E       		.uleb128 0xe
 1708 01d0 3A       		.uleb128 0x3a
 1709 01d1 0B       		.uleb128 0xb
 1710 01d2 3B       		.uleb128 0x3b
 1711 01d3 05       		.uleb128 0x5
 1712 01d4 49       		.uleb128 0x49
 1713 01d5 13       		.uleb128 0x13
 1714 01d6 3F       		.uleb128 0x3f
 1715 01d7 19       		.uleb128 0x19
 1716 01d8 3C       		.uleb128 0x3c
 1717 01d9 19       		.uleb128 0x19
 1718 01da 00       		.byte	0
 1719 01db 00       		.byte	0
 1720 01dc 24       		.uleb128 0x24
 1721 01dd 35       		.uleb128 0x35
 1722 01de 00       		.byte	0
 1723 01df 49       		.uleb128 0x49
 1724 01e0 13       		.uleb128 0x13
 1725 01e1 00       		.byte	0
 1726 01e2 00       		.byte	0
 1727 01e3 25       		.uleb128 0x25
 1728 01e4 34       		.uleb128 0x34
 1729 01e5 00       		.byte	0
 1730 01e6 03       		.uleb128 0x3
 1731 01e7 08       		.uleb128 0x8
 1732 01e8 3A       		.uleb128 0x3a
 1733 01e9 0B       		.uleb128 0xb
 1734 01ea 3B       		.uleb128 0x3b
 1735 01eb 0B       		.uleb128 0xb
 1736 01ec 49       		.uleb128 0x49
 1737 01ed 13       		.uleb128 0x13
 1738 01ee 3F       		.uleb128 0x3f
 1739 01ef 19       		.uleb128 0x19
 1740 01f0 02       		.uleb128 0x2
 1741 01f1 18       		.uleb128 0x18
 1742 01f2 00       		.byte	0
 1743 01f3 00       		.byte	0
 1744 01f4 26       		.uleb128 0x26
 1745 01f5 2E       		.uleb128 0x2e
 1746 01f6 00       		.byte	0
 1747 01f7 3F       		.uleb128 0x3f
 1748 01f8 19       		.uleb128 0x19
 1749 01f9 3C       		.uleb128 0x3c
 1750 01fa 19       		.uleb128 0x19
 1751 01fb 6E       		.uleb128 0x6e
 1752 01fc 0E       		.uleb128 0xe
 1753 01fd 03       		.uleb128 0x3
ARM GAS  C:\Users\BASILE~1.BER\AppData\Local\Temp\ccW3rcIL.s 			page 35


 1754 01fe 0E       		.uleb128 0xe
 1755 01ff 3A       		.uleb128 0x3a
 1756 0200 0B       		.uleb128 0xb
 1757 0201 3B       		.uleb128 0x3b
 1758 0202 0B       		.uleb128 0xb
 1759 0203 00       		.byte	0
 1760 0204 00       		.byte	0
 1761 0205 00       		.byte	0
 1762              		.section	.debug_loc,"",%progbits
 1763              	.Ldebug_loc0:
 1764              	.LLST0:
 1765 0000 00000000 		.4byte	.LVL0
 1766 0004 0A000000 		.4byte	.LVL1
 1767 0008 0100     		.2byte	0x1
 1768 000a 50       		.byte	0x50
 1769 000b 0A000000 		.4byte	.LVL1
 1770 000f 22000000 		.4byte	.LVL9
 1771 0013 0100     		.2byte	0x1
 1772 0015 54       		.byte	0x54
 1773 0016 22000000 		.4byte	.LVL9
 1774 001a 28000000 		.4byte	.LVL10
 1775 001e 0100     		.2byte	0x1
 1776 0020 50       		.byte	0x50
 1777 0021 28000000 		.4byte	.LVL10
 1778 0025 2E000000 		.4byte	.LVL11
 1779 0029 0100     		.2byte	0x1
 1780 002b 54       		.byte	0x54
 1781 002c 00000000 		.4byte	0
 1782 0030 00000000 		.4byte	0
 1783              	.LLST1:
 1784 0034 0A000000 		.4byte	.LVL1
 1785 0038 22000000 		.4byte	.LVL9
 1786 003c 0100     		.2byte	0x1
 1787 003e 53       		.byte	0x53
 1788 003f 28000000 		.4byte	.LVL10
 1789 0043 30000000 		.4byte	.LFE67
 1790 0047 0100     		.2byte	0x1
 1791 0049 53       		.byte	0x53
 1792 004a 00000000 		.4byte	0
 1793 004e 00000000 		.4byte	0
 1794              	.LLST2:
 1795 0052 0E000000 		.4byte	.LVL2
 1796 0056 14000000 		.4byte	.LVL3
 1797 005a 0100     		.2byte	0x1
 1798 005c 52       		.byte	0x52
 1799 005d 14000000 		.4byte	.LVL3
 1800 0061 18000000 		.4byte	.LVL4
 1801 0065 0300     		.2byte	0x3
 1802 0067 72       		.byte	0x72
 1803 0068 50       		.sleb128 -48
 1804 0069 9F       		.byte	0x9f
 1805 006a 18000000 		.4byte	.LVL4
 1806 006e 1A000000 		.4byte	.LVL5
 1807 0072 0100     		.2byte	0x1
 1808 0074 52       		.byte	0x52
 1809 0075 1A000000 		.4byte	.LVL5
 1810 0079 1C000000 		.4byte	.LVL6
ARM GAS  C:\Users\BASILE~1.BER\AppData\Local\Temp\ccW3rcIL.s 			page 36


 1811 007d 0300     		.2byte	0x3
 1812 007f 72       		.byte	0x72
 1813 0080 49       		.sleb128 -55
 1814 0081 9F       		.byte	0x9f
 1815 0082 1C000000 		.4byte	.LVL6
 1816 0086 1E000000 		.4byte	.LVL7
 1817 008a 0500     		.2byte	0x5
 1818 008c 74       		.byte	0x74
 1819 008d 00       		.sleb128 0
 1820 008e 3F       		.byte	0x3f
 1821 008f 1A       		.byte	0x1a
 1822 0090 9F       		.byte	0x9f
 1823 0091 00000000 		.4byte	0
 1824 0095 00000000 		.4byte	0
 1825              	.LLST3:
 1826 0099 00000000 		.4byte	.LVL21
 1827 009d 07000000 		.4byte	.LVL22-1
 1828 00a1 0100     		.2byte	0x1
 1829 00a3 50       		.byte	0x50
 1830 00a4 07000000 		.4byte	.LVL22-1
 1831 00a8 44000000 		.4byte	.LFE68
 1832 00ac 0100     		.2byte	0x1
 1833 00ae 54       		.byte	0x54
 1834 00af 00000000 		.4byte	0
 1835 00b3 00000000 		.4byte	0
 1836              	.LLST4:
 1837 00b7 08000000 		.4byte	.LVL22
 1838 00bb 0E000000 		.4byte	.LVL24
 1839 00bf 0100     		.2byte	0x1
 1840 00c1 50       		.byte	0x50
 1841 00c2 0E000000 		.4byte	.LVL24
 1842 00c6 12000000 		.4byte	.LVL25
 1843 00ca 0300     		.2byte	0x3
 1844 00cc 72       		.byte	0x72
 1845 00cd 01       		.sleb128 1
 1846 00ce 9F       		.byte	0x9f
 1847 00cf 00000000 		.4byte	0
 1848 00d3 00000000 		.4byte	0
 1849              	.LLST5:
 1850 00d7 08000000 		.4byte	.LVL22
 1851 00db 12000000 		.4byte	.LVL25
 1852 00df 0200     		.2byte	0x2
 1853 00e1 31       		.byte	0x31
 1854 00e2 9F       		.byte	0x9f
 1855 00e3 12000000 		.4byte	.LVL25
 1856 00e7 44000000 		.4byte	.LFE68
 1857 00eb 0100     		.2byte	0x1
 1858 00ed 55       		.byte	0x55
 1859 00ee 00000000 		.4byte	0
 1860 00f2 00000000 		.4byte	0
 1861              	.LLST6:
 1862 00f6 08000000 		.4byte	.LVL22
 1863 00fa 12000000 		.4byte	.LVL25
 1864 00fe 0200     		.2byte	0x2
 1865 0100 30       		.byte	0x30
 1866 0101 9F       		.byte	0x9f
 1867 0102 12000000 		.4byte	.LVL25
ARM GAS  C:\Users\BASILE~1.BER\AppData\Local\Temp\ccW3rcIL.s 			page 37


 1868 0106 42000000 		.4byte	.LVL31
 1869 010a 0100     		.2byte	0x1
 1870 010c 50       		.byte	0x50
 1871 010d 00000000 		.4byte	0
 1872 0111 00000000 		.4byte	0
 1873              	.LLST7:
 1874 0115 00000000 		.4byte	.LVL32
 1875 0119 0C000000 		.4byte	.LVL34
 1876 011d 0100     		.2byte	0x1
 1877 011f 50       		.byte	0x50
 1878 0120 0C000000 		.4byte	.LVL34
 1879 0124 38000000 		.4byte	.LFE66
 1880 0128 0400     		.2byte	0x4
 1881 012a F3       		.byte	0xf3
 1882 012b 01       		.uleb128 0x1
 1883 012c 50       		.byte	0x50
 1884 012d 9F       		.byte	0x9f
 1885 012e 00000000 		.4byte	0
 1886 0132 00000000 		.4byte	0
 1887              	.LLST8:
 1888 0136 00000000 		.4byte	.LVL32
 1889 013a 0C000000 		.4byte	.LVL34
 1890 013e 0100     		.2byte	0x1
 1891 0140 51       		.byte	0x51
 1892 0141 0C000000 		.4byte	.LVL34
 1893 0145 38000000 		.4byte	.LFE66
 1894 0149 0100     		.2byte	0x1
 1895 014b 55       		.byte	0x55
 1896 014c 00000000 		.4byte	0
 1897 0150 00000000 		.4byte	0
 1898              	.LLST9:
 1899 0154 00000000 		.4byte	.LVL32
 1900 0158 0C000000 		.4byte	.LVL34
 1901 015c 0100     		.2byte	0x1
 1902 015e 52       		.byte	0x52
 1903 015f 0C000000 		.4byte	.LVL34
 1904 0163 38000000 		.4byte	.LFE66
 1905 0167 0100     		.2byte	0x1
 1906 0169 57       		.byte	0x57
 1907 016a 00000000 		.4byte	0
 1908 016e 00000000 		.4byte	0
 1909              	.LLST10:
 1910 0172 08000000 		.4byte	.LVL33
 1911 0176 0C000000 		.4byte	.LVL34
 1912 017a 0200     		.2byte	0x2
 1913 017c 30       		.byte	0x30
 1914 017d 9F       		.byte	0x9f
 1915 017e 0C000000 		.4byte	.LVL34
 1916 0182 38000000 		.4byte	.LFE66
 1917 0186 0100     		.2byte	0x1
 1918 0188 54       		.byte	0x54
 1919 0189 00000000 		.4byte	0
 1920 018d 00000000 		.4byte	0
 1921              	.LLST11:
 1922 0191 5A000000 		.4byte	.LVL45
 1923 0195 64000000 		.4byte	.LVL47
 1924 0199 0100     		.2byte	0x1
ARM GAS  C:\Users\BASILE~1.BER\AppData\Local\Temp\ccW3rcIL.s 			page 38


 1925 019b 54       		.byte	0x54
 1926 019c 00000000 		.4byte	0
 1927 01a0 00000000 		.4byte	0
 1928              		.section	.debug_aranges,"",%progbits
 1929 0000 3C000000 		.4byte	0x3c
 1930 0004 0200     		.2byte	0x2
 1931 0006 00000000 		.4byte	.Ldebug_info0
 1932 000a 04       		.byte	0x4
 1933 000b 00       		.byte	0
 1934 000c 0000     		.2byte	0
 1935 000e 0000     		.2byte	0
 1936 0010 00000000 		.4byte	.LFB67
 1937 0014 30000000 		.4byte	.LFE67-.LFB67
 1938 0018 00000000 		.4byte	.LFB64
 1939 001c 5C000000 		.4byte	.LFE64-.LFB64
 1940 0020 00000000 		.4byte	.LFB68
 1941 0024 44000000 		.4byte	.LFE68-.LFB68
 1942 0028 00000000 		.4byte	.LFB66
 1943 002c 38000000 		.4byte	.LFE66-.LFB66
 1944 0030 00000000 		.4byte	.LFB65
 1945 0034 7C000000 		.4byte	.LFE65-.LFB65
 1946 0038 00000000 		.4byte	0
 1947 003c 00000000 		.4byte	0
 1948              		.section	.debug_ranges,"",%progbits
 1949              	.Ldebug_ranges0:
 1950 0000 0A000000 		.4byte	.LBB2
 1951 0004 22000000 		.4byte	.LBE2
 1952 0008 28000000 		.4byte	.LBB4
 1953 000c 2C000000 		.4byte	.LBE4
 1954 0010 00000000 		.4byte	0
 1955 0014 00000000 		.4byte	0
 1956 0018 08000000 		.4byte	.LBB5
 1957 001c 0C000000 		.4byte	.LBE5
 1958 0020 10000000 		.4byte	.LBB6
 1959 0024 40000000 		.4byte	.LBE6
 1960 0028 00000000 		.4byte	0
 1961 002c 00000000 		.4byte	0
 1962 0030 00000000 		.4byte	.LFB67
 1963 0034 30000000 		.4byte	.LFE67
 1964 0038 00000000 		.4byte	.LFB64
 1965 003c 5C000000 		.4byte	.LFE64
 1966 0040 00000000 		.4byte	.LFB68
 1967 0044 44000000 		.4byte	.LFE68
 1968 0048 00000000 		.4byte	.LFB66
 1969 004c 38000000 		.4byte	.LFE66
 1970 0050 00000000 		.4byte	.LFB65
 1971 0054 7C000000 		.4byte	.LFE65
 1972 0058 00000000 		.4byte	0
 1973 005c 00000000 		.4byte	0
 1974              		.section	.debug_line,"",%progbits
 1975              	.Ldebug_line0:
 1976 0000 07030000 		.section	.debug_str,"MS",%progbits,1
 1976      02004802 
 1976      00000201 
 1976      FB0E0D00 
 1976      01010101 
 1977              	.LASF13:
ARM GAS  C:\Users\BASILE~1.BER\AppData\Local\Temp\ccW3rcIL.s 			page 39


 1978 0000 666C6F61 		.ascii	"float\000"
 1978      7400
 1979              	.LASF55:
 1980 0006 454E415F 		.ascii	"ENA_Write\000"
 1980      57726974 
 1980      6500
 1981              	.LASF29:
 1982 0010 6465635F 		.ascii	"dec_val\000"
 1982      76616C00 
 1983              	.LASF22:
 1984 0018 74656D70 		.ascii	"temp\000"
 1984      00
 1985              	.LASF30:
 1986 001d 48657854 		.ascii	"HexToDec\000"
 1986      6F446563 
 1986      00
 1987              	.LASF17:
 1988 0026 73697A65 		.ascii	"sizetype\000"
 1988      74797065 
 1988      00
 1989              	.LASF35:
 1990 002f 7374724D 		.ascii	"strMsg1\000"
 1990      73673100 
 1991              	.LASF39:
 1992 0037 49524472 		.ascii	"IRDrempel\000"
 1992      656D7065 
 1992      6C00
 1993              	.LASF32:
 1994 0041 64656C69 		.ascii	"delimiter\000"
 1994      6D697465 
 1994      7200
 1995              	.LASF18:
 1996 004b 75696E74 		.ascii	"uint\000"
 1996      00
 1997              	.LASF31:
 1998 0050 67657443 		.ascii	"getCMDValue\000"
 1998      4D445661 
 1998      6C756500 
 1999              	.LASF20:
 2000 005c 76616C75 		.ascii	"value\000"
 2000      6500
 2001              	.LASF12:
 2002 0062 75696E74 		.ascii	"uint16\000"
 2002      313600
 2003              	.LASF34:
 2004 0069 656E6162 		.ascii	"enable\000"
 2004      6C6500
 2005              	.LASF43:
 2006 0070 61766755 		.ascii	"avgUS2\000"
 2006      533200
 2007              	.LASF44:
 2008 0077 61766755 		.ascii	"avgUS3\000"
 2008      533300
 2009              	.LASF51:
 2010 007e 4144435F 		.ascii	"ADC_IR_GetResult16\000"
 2010      49525F47 
 2010      65745265 
ARM GAS  C:\Users\BASILE~1.BER\AppData\Local\Temp\ccW3rcIL.s 			page 40


 2010      73756C74 
 2010      313600
 2011              	.LASF2:
 2012 0091 73686F72 		.ascii	"short int\000"
 2012      7420696E 
 2012      7400
 2013              	.LASF61:
 2014 009b 433A5C55 		.ascii	"C:\\Users\\basile.berckmoes\\Documents\\GitHub\\Rob"
 2014      73657273 
 2014      5C626173 
 2014      696C652E 
 2014      62657263 
 2015 00c9 6F74436F 		.ascii	"otComp2ELO\\Software\\PSoc\\Roadster\\Roadster\\Roa"
 2015      6D703245 
 2015      4C4F5C53 
 2015      6F667477 
 2015      6172655C 
 2016 00f7 64737465 		.ascii	"dster1.0.cydsn\000"
 2016      72312E30 
 2016      2E637964 
 2016      736E00
 2017              	.LASF48:
 2018 0106 4C454431 		.ascii	"LED1_Write\000"
 2018      5F577269 
 2018      746500
 2019              	.LASF6:
 2020 0111 6C6F6E67 		.ascii	"long long int\000"
 2020      206C6F6E 
 2020      6720696E 
 2020      7400
 2021              	.LASF56:
 2022 011f 454E425F 		.ascii	"ENB_Write\000"
 2022      57726974 
 2022      6500
 2023              	.LASF40:
 2024 0129 6D656469 		.ascii	"mediaan\000"
 2024      61616E00 
 2025              	.LASF38:
 2026 0131 49525761 		.ascii	"IRWaarden\000"
 2026      61726465 
 2026      6E00
 2027              	.LASF4:
 2028 013b 6C6F6E67 		.ascii	"long int\000"
 2028      20696E74 
 2028      00
 2029              	.LASF58:
 2030 0144 4C454435 		.ascii	"LED5_Write\000"
 2030      5F577269 
 2030      746500
 2031              	.LASF41:
 2032 014f 73656C65 		.ascii	"selectUS\000"
 2032      63745553 
 2032      00
 2033              	.LASF1:
 2034 0158 756E7369 		.ascii	"unsigned char\000"
 2034      676E6564 
 2034      20636861 
ARM GAS  C:\Users\BASILE~1.BER\AppData\Local\Temp\ccW3rcIL.s 			page 41


 2034      7200
 2035              	.LASF16:
 2036 0166 6C6F6E67 		.ascii	"long double\000"
 2036      20646F75 
 2036      626C6500 
 2037              	.LASF23:
 2038 0172 44656354 		.ascii	"DecToHex\000"
 2038      6F486578 
 2038      00
 2039              	.LASF27:
 2040 017b 68657856 		.ascii	"hexVal\000"
 2040      616C00
 2041              	.LASF49:
 2042 0182 73707269 		.ascii	"sprintf\000"
 2042      6E746600 
 2043              	.LASF60:
 2044 018a 426C6543 		.ascii	"BleCommunicatie.c\000"
 2044      6F6D6D75 
 2044      6E696361 
 2044      7469652E 
 2044      6300
 2045              	.LASF0:
 2046 019c 7369676E 		.ascii	"signed char\000"
 2046      65642063 
 2046      68617200 
 2047              	.LASF7:
 2048 01a8 6C6F6E67 		.ascii	"long long unsigned int\000"
 2048      206C6F6E 
 2048      6720756E 
 2048      7369676E 
 2048      65642069 
 2049              	.LASF62:
 2050 01bf 54527842 		.ascii	"TRxBuffer\000"
 2050      75666665 
 2050      7200
 2051              	.LASF8:
 2052 01c9 756E7369 		.ascii	"unsigned int\000"
 2052      676E6564 
 2052      20696E74 
 2052      00
 2053              	.LASF54:
 2054 01d6 4C43445F 		.ascii	"LCD_PrintString\000"
 2054      5072696E 
 2054      74537472 
 2054      696E6700 
 2055              	.LASF25:
 2056 01e6 73747242 		.ascii	"strBuffer\000"
 2056      75666665 
 2056      7200
 2057              	.LASF3:
 2058 01f0 73686F72 		.ascii	"short unsigned int\000"
 2058      7420756E 
 2058      7369676E 
 2058      65642069 
 2058      6E7400
 2059              	.LASF19:
 2060 0203 76616C73 		.ascii	"valstr\000"
ARM GAS  C:\Users\BASILE~1.BER\AppData\Local\Temp\ccW3rcIL.s 			page 42


 2060      747200
 2061              	.LASF15:
 2062 020a 63686172 		.ascii	"char\000"
 2062      00
 2063              	.LASF52:
 2064 020f 7374726C 		.ascii	"strlen\000"
 2064      656E00
 2065              	.LASF10:
 2066 0216 696E7433 		.ascii	"int32_t\000"
 2066      325F7400 
 2067              	.LASF50:
 2068 021e 426C6555 		.ascii	"BleUart_PutString\000"
 2068      6172745F 
 2068      50757453 
 2068      7472696E 
 2068      6700
 2069              	.LASF24:
 2070 0230 73656E64 		.ascii	"sendBleData\000"
 2070      426C6544 
 2070      61746100 
 2071              	.LASF11:
 2072 023c 75696E74 		.ascii	"uint8\000"
 2072      3800
 2073              	.LASF63:
 2074 0242 52785374 		.ascii	"RxStr\000"
 2074      7200
 2075              	.LASF21:
 2076 0248 62756666 		.ascii	"buffer\000"
 2076      657200
 2077              	.LASF5:
 2078 024f 6C6F6E67 		.ascii	"long unsigned int\000"
 2078      20756E73 
 2078      69676E65 
 2078      6420696E 
 2078      7400
 2079              	.LASF14:
 2080 0261 646F7562 		.ascii	"double\000"
 2080      6C6500
 2081              	.LASF57:
 2082 0268 4C454435 		.ascii	"LED5_Read\000"
 2082      5F526561 
 2082      6400
 2083              	.LASF47:
 2084 0272 4C454431 		.ascii	"LED1_Read\000"
 2084      5F526561 
 2084      6400
 2085              	.LASF26:
 2086 027c 68657842 		.ascii	"hexBuffer\000"
 2086      75666665 
 2086      7200
 2087              	.LASF9:
 2088 0286 5F5F696E 		.ascii	"__int32_t\000"
 2088      7433325F 
 2088      7400
 2089              	.LASF53:
 2090 0290 4C43445F 		.ascii	"LCD_Position\000"
 2090      506F7369 
ARM GAS  C:\Users\BASILE~1.BER\AppData\Local\Temp\ccW3rcIL.s 			page 43


 2090      74696F6E 
 2090      00
 2091              	.LASF45:
 2092 029d 626F6F6C 		.ascii	"boolSelect\000"
 2092      53656C65 
 2092      637400
 2093              	.LASF33:
 2094 02a8 50726F63 		.ascii	"ProcessCommandMsg\000"
 2094      65737343 
 2094      6F6D6D61 
 2094      6E644D73 
 2094      6700
 2095              	.LASF46:
 2096 02ba 49544D5F 		.ascii	"ITM_RxBuffer\000"
 2096      52784275 
 2096      66666572 
 2096      00
 2097              	.LASF59:
 2098 02c7 474E5520 		.ascii	"GNU C11 5.4.1 20160609 (release) [ARM/embedded-5-br"
 2098      43313120 
 2098      352E342E 
 2098      31203230 
 2098      31363036 
 2099 02fa 616E6368 		.ascii	"anch revision 237715] -mcpu=cortex-m3 -mthumb -g -O"
 2099      20726576 
 2099      6973696F 
 2099      6E203233 
 2099      37373135 
 2100 032d 67202D66 		.ascii	"g -ffunction-sections -ffat-lto-objects\000"
 2100      66756E63 
 2100      74696F6E 
 2100      2D736563 
 2100      74696F6E 
 2101              	.LASF36:
 2102 0355 70776D4D 		.ascii	"pwmMotorLinks\000"
 2102      6F746F72 
 2102      4C696E6B 
 2102      7300
 2103              	.LASF28:
 2104 0363 62617365 		.ascii	"base\000"
 2104      00
 2105              	.LASF42:
 2106 0368 61766755 		.ascii	"avgUS1\000"
 2106      533100
 2107              	.LASF37:
 2108 036f 70776D4D 		.ascii	"pwmMotorRechts\000"
 2108      6F746F72 
 2108      52656368 
 2108      747300
 2109              		.ident	"GCC: (GNU Tools for ARM Embedded Processors) 5.4.1 20160609 (release) [ARM/embedded-5-bran
