ARM GAS  C:\Users\BASILE~1.BER\AppData\Local\Temp\cc5bFVg7.s 			page 1


   1              		.syntax unified
   2              		.cpu cortex-m3
   3              		.fpu softvfp
   4              		.eabi_attribute 20, 1
   5              		.eabi_attribute 21, 1
   6              		.eabi_attribute 23, 3
   7              		.eabi_attribute 24, 1
   8              		.eabi_attribute 25, 1
   9              		.eabi_attribute 26, 1
  10              		.eabi_attribute 30, 1
  11              		.eabi_attribute 34, 1
  12              		.eabi_attribute 18, 4
  13              		.thumb
  14              		.syntax unified
  15              		.file	"cymetadata.c"
  16              		.text
  17              	.Ltext0:
  18              		.cfi_sections	.debug_frame
  19              		.global	cy_metadata
  20              		.global	cy_meta_flashprotect
  21              		.global	cy_meta_wonvl
  22              		.global	cy_meta_custnvl
  23              		.global	cy_meta_configecc
  24              		.section	.cyconfigecc,"a",%progbits
  25              		.align	2
  26              		.type	cy_meta_configecc, %object
  27              		.size	cy_meta_configecc, 1692
  28              	cy_meta_configecc:
  29 0000 02       		.byte	2
  30 0001 4F       		.byte	79
  31 0002 00       		.byte	0
  32 0003 40       		.byte	64
  33 0004 05       		.byte	5
  34 0005 52       		.byte	82
  35 0006 00       		.byte	0
  36 0007 40       		.byte	64
  37 0008 01       		.byte	1
  38 0009 5B       		.byte	91
  39 000a 00       		.byte	0
  40 000b 40       		.byte	64
  41 000c 01       		.byte	1
  42 000d 64       		.byte	100
  43 000e 00       		.byte	0
  44 000f 40       		.byte	64
  45 0010 01       		.byte	1
  46 0011 65       		.byte	101
  47 0012 00       		.byte	0
  48 0013 40       		.byte	64
  49 0014 06       		.byte	6
  50 0015 00       		.byte	0
  51 0016 01       		.byte	1
  52 0017 40       		.byte	64
  53 0018 1C       		.byte	28
  54 0019 01       		.byte	1
  55 001a 01       		.byte	1
  56 001b 40       		.byte	64
  57 001c 25       		.byte	37
ARM GAS  C:\Users\BASILE~1.BER\AppData\Local\Temp\cc5bFVg7.s 			page 2


  58 001d 02       		.byte	2
  59 001e 01       		.byte	1
  60 001f 40       		.byte	64
  61 0020 30       		.byte	48
  62 0021 03       		.byte	3
  63 0022 01       		.byte	1
  64 0023 40       		.byte	64
  65 0024 34       		.byte	52
  66 0025 04       		.byte	4
  67 0026 01       		.byte	1
  68 0027 40       		.byte	64
  69 0028 41       		.byte	65
  70 0029 05       		.byte	5
  71 002a 01       		.byte	1
  72 002b 40       		.byte	64
  73 002c 2D       		.byte	45
  74 002d 06       		.byte	6
  75 002e 01       		.byte	1
  76 002f 40       		.byte	64
  77 0030 45       		.byte	69
  78 0031 07       		.byte	7
  79 0032 01       		.byte	1
  80 0033 40       		.byte	64
  81 0034 06       		.byte	6
  82 0035 08       		.byte	8
  83 0036 01       		.byte	1
  84 0037 40       		.byte	64
  85 0038 2B       		.byte	43
  86 0039 09       		.byte	9
  87 003a 01       		.byte	1
  88 003b 40       		.byte	64
  89 003c 01       		.byte	1
  90 003d 0B       		.byte	11
  91 003e 01       		.byte	1
  92 003f 40       		.byte	64
  93 0040 17       		.byte	23
  94 0041 14       		.byte	20
  95 0042 01       		.byte	1
  96 0043 40       		.byte	64
  97 0044 47       		.byte	71
  98 0045 15       		.byte	21
  99 0046 01       		.byte	1
 100 0047 40       		.byte	64
 101 0048 2E       		.byte	46
 102 0049 16       		.byte	22
 103 004a 01       		.byte	1
 104 004b 40       		.byte	64
 105 004c 48       		.byte	72
 106 004d 17       		.byte	23
 107 004e 01       		.byte	1
 108 004f 40       		.byte	64
 109 0050 07       		.byte	7
 110 0051 19       		.byte	25
 111 0052 01       		.byte	1
 112 0053 40       		.byte	64
 113 0054 02       		.byte	2
 114 0055 1B       		.byte	27
ARM GAS  C:\Users\BASILE~1.BER\AppData\Local\Temp\cc5bFVg7.s 			page 3


 115 0056 01       		.byte	1
 116 0057 40       		.byte	64
 117 0058 0B       		.byte	11
 118 0059 40       		.byte	64
 119 005a 01       		.byte	1
 120 005b 40       		.byte	64
 121 005c 14       		.byte	20
 122 005d 41       		.byte	65
 123 005e 01       		.byte	1
 124 005f 40       		.byte	64
 125 0060 11       		.byte	17
 126 0061 42       		.byte	66
 127 0062 01       		.byte	1
 128 0063 40       		.byte	64
 129 0064 0C       		.byte	12
 130 0065 43       		.byte	67
 131 0066 01       		.byte	1
 132 0067 40       		.byte	64
 133 0068 06       		.byte	6
 134 0069 46       		.byte	70
 135 006a 01       		.byte	1
 136 006b 40       		.byte	64
 137 006c 07       		.byte	7
 138 006d 47       		.byte	71
 139 006e 01       		.byte	1
 140 006f 40       		.byte	64
 141 0070 05       		.byte	5
 142 0071 48       		.byte	72
 143 0072 01       		.byte	1
 144 0073 40       		.byte	64
 145 0074 0F       		.byte	15
 146 0075 49       		.byte	73
 147 0076 01       		.byte	1
 148 0077 40       		.byte	64
 149 0078 0A       		.byte	10
 150 0079 4C       		.byte	76
 151 007a 01       		.byte	1
 152 007b 40       		.byte	64
 153 007c 05       		.byte	5
 154 007d 4D       		.byte	77
 155 007e 01       		.byte	1
 156 007f 40       		.byte	64
 157 0080 09       		.byte	9
 158 0081 50       		.byte	80
 159 0082 01       		.byte	1
 160 0083 40       		.byte	64
 161 0084 03       		.byte	3
 162 0085 51       		.byte	81
 163 0086 01       		.byte	1
 164 0087 40       		.byte	64
 165 0088 01       		.byte	1
 166 0089 80       		.byte	-128
 167 008a 0A       		.byte	10
 168 008b 93       		.byte	-109
 169 008c 00       		.byte	0
 170 008d 5C       		.byte	92
 171 008e 01       		.byte	1
ARM GAS  C:\Users\BASILE~1.BER\AppData\Local\Temp\cc5bFVg7.s 			page 4


 172 008f 9A       		.byte	-102
 173 0090 08       		.byte	8
 174 0091 28       		.byte	40
 175 0092 09       		.byte	9
 176 0093 08       		.byte	8
 177 0094 61       		.byte	97
 178 0095 08       		.byte	8
 179 0096 27       		.byte	39
 180 0097 84       		.byte	-124
 181 0098 84       		.byte	-124
 182 0099 0F       		.byte	15
 183 009a 87       		.byte	-121
 184 009b 07       		.byte	7
 185 009c 58       		.byte	88
 186 009d 04       		.byte	4
 187 009e 59       		.byte	89
 188 009f 04       		.byte	4
 189 00a0 5F       		.byte	95
 190 00a1 01       		.byte	1
 191 00a2 D8       		.byte	-40
 192 00a3 04       		.byte	4
 193 00a4 D9       		.byte	-39
 194 00a5 04       		.byte	4
 195 00a6 DF       		.byte	-33
 196 00a7 01       		.byte	1
 197 00a8 00       		.byte	0
 198 00a9 64       		.byte	100
 199 00aa 04       		.byte	4
 200 00ab 54       		.byte	84
 201 00ac 08       		.byte	8
 202 00ad 10       		.byte	16
 203 00ae 09       		.byte	9
 204 00af 08       		.byte	8
 205 00b0 0B       		.byte	11
 206 00b1 01       		.byte	1
 207 00b2 0C       		.byte	12
 208 00b3 50       		.byte	80
 209 00b4 0D       		.byte	13
 210 00b5 08       		.byte	8
 211 00b6 0F       		.byte	15
 212 00b7 01       		.byte	1
 213 00b8 10       		.byte	16
 214 00b9 01       		.byte	1
 215 00ba 14       		.byte	20
 216 00bb 01       		.byte	1
 217 00bc 16       		.byte	22
 218 00bd 01       		.byte	1
 219 00be 28       		.byte	40
 220 00bf 10       		.byte	16
 221 00c0 2C       		.byte	44
 222 00c1 10       		.byte	16
 223 00c2 2F       		.byte	47
 224 00c3 08       		.byte	8
 225 00c4 30       		.byte	48
 226 00c5 40       		.byte	64
 227 00c6 31       		.byte	49
 228 00c7 08       		.byte	8
ARM GAS  C:\Users\BASILE~1.BER\AppData\Local\Temp\cc5bFVg7.s 			page 5


 229 00c8 33       		.byte	51
 230 00c9 08       		.byte	8
 231 00ca 34       		.byte	52
 232 00cb 01       		.byte	1
 233 00cc 38       		.byte	56
 234 00cd 54       		.byte	84
 235 00ce 3A       		.byte	58
 236 00cf 01       		.byte	1
 237 00d0 3C       		.byte	60
 238 00d1 74       		.byte	116
 239 00d2 3F       		.byte	63
 240 00d3 01       		.byte	1
 241 00d4 C0       		.byte	-64
 242 00d5 E7       		.byte	-25
 243 00d6 C2       		.byte	-62
 244 00d7 E7       		.byte	-25
 245 00d8 C4       		.byte	-60
 246 00d9 81       		.byte	-127
 247 00da CA       		.byte	-54
 248 00db 62       		.byte	98
 249 00dc CC       		.byte	-52
 250 00dd 8A       		.byte	-118
 251 00de CE       		.byte	-50
 252 00df FF       		.byte	-1
 253 00e0 01       		.byte	1
 254 00e1 0F       		.byte	15
 255 00e2 04       		.byte	4
 256 00e3 0F       		.byte	15
 257 00e4 05       		.byte	5
 258 00e5 0F       		.byte	15
 259 00e6 08       		.byte	8
 260 00e7 0F       		.byte	15
 261 00e8 09       		.byte	9
 262 00e9 0F       		.byte	15
 263 00ea 0C       		.byte	12
 264 00eb 0B       		.byte	11
 265 00ec 0D       		.byte	13
 266 00ed 01       		.byte	1
 267 00ee 0E       		.byte	14
 268 00ef 04       		.byte	4
 269 00f0 0F       		.byte	15
 270 00f1 0E       		.byte	14
 271 00f2 16       		.byte	22
 272 00f3 0F       		.byte	15
 273 00f4 18       		.byte	24
 274 00f5 01       		.byte	1
 275 00f6 1A       		.byte	26
 276 00f7 0E       		.byte	14
 277 00f8 1C       		.byte	28
 278 00f9 0F       		.byte	15
 279 00fa 25       		.byte	37
 280 00fb 0D       		.byte	13
 281 00fc 27       		.byte	39
 282 00fd 02       		.byte	2
 283 00fe 2B       		.byte	43
 284 00ff 0F       		.byte	15
 285 0100 2C       		.byte	44
ARM GAS  C:\Users\BASILE~1.BER\AppData\Local\Temp\cc5bFVg7.s 			page 6


 286 0101 06       		.byte	6
 287 0102 2D       		.byte	45
 288 0103 09       		.byte	9
 289 0104 2E       		.byte	46
 290 0105 09       		.byte	9
 291 0106 2F       		.byte	47
 292 0107 06       		.byte	6
 293 0108 30       		.byte	48
 294 0109 04       		.byte	4
 295 010a 31       		.byte	49
 296 010b 08       		.byte	8
 297 010c 32       		.byte	50
 298 010d 02       		.byte	2
 299 010e 33       		.byte	51
 300 010f 02       		.byte	2
 301 0110 34       		.byte	52
 302 0111 01       		.byte	1
 303 0112 35       		.byte	53
 304 0113 01       		.byte	1
 305 0114 36       		.byte	54
 306 0115 08       		.byte	8
 307 0116 37       		.byte	55
 308 0117 04       		.byte	4
 309 0118 56       		.byte	86
 310 0119 08       		.byte	8
 311 011a 58       		.byte	88
 312 011b 04       		.byte	4
 313 011c 59       		.byte	89
 314 011d 04       		.byte	4
 315 011e 5B       		.byte	91
 316 011f 04       		.byte	4
 317 0120 5D       		.byte	93
 318 0121 90       		.byte	-112
 319 0122 5F       		.byte	95
 320 0123 01       		.byte	1
 321 0124 D8       		.byte	-40
 322 0125 04       		.byte	4
 323 0126 D9       		.byte	-39
 324 0127 04       		.byte	4
 325 0128 DF       		.byte	-33
 326 0129 01       		.byte	1
 327 012a 00       		.byte	0
 328 012b 64       		.byte	100
 329 012c 04       		.byte	4
 330 012d 54       		.byte	84
 331 012e 08       		.byte	8
 332 012f 10       		.byte	16
 333 0130 09       		.byte	9
 334 0131 08       		.byte	8
 335 0132 0B       		.byte	11
 336 0133 01       		.byte	1
 337 0134 0C       		.byte	12
 338 0135 50       		.byte	80
 339 0136 0D       		.byte	13
 340 0137 08       		.byte	8
 341 0138 0F       		.byte	15
 342 0139 01       		.byte	1
ARM GAS  C:\Users\BASILE~1.BER\AppData\Local\Temp\cc5bFVg7.s 			page 7


 343 013a 10       		.byte	16
 344 013b 01       		.byte	1
 345 013c 14       		.byte	20
 346 013d 01       		.byte	1
 347 013e 16       		.byte	22
 348 013f 01       		.byte	1
 349 0140 1C       		.byte	28
 350 0141 80       		.byte	-128
 351 0142 1D       		.byte	29
 352 0143 44       		.byte	68
 353 0144 1F       		.byte	31
 354 0145 20       		.byte	32
 355 0146 24       		.byte	36
 356 0147 08       		.byte	8
 357 0148 26       		.byte	38
 358 0149 04       		.byte	4
 359 014a 27       		.byte	39
 360 014b 42       		.byte	66
 361 014c 28       		.byte	40
 362 014d 10       		.byte	16
 363 014e 2C       		.byte	44
 364 014f 11       		.byte	17
 365 0150 2F       		.byte	47
 366 0151 08       		.byte	8
 367 0152 30       		.byte	48
 368 0153 40       		.byte	64
 369 0154 31       		.byte	49
 370 0155 08       		.byte	8
 371 0156 33       		.byte	51
 372 0157 08       		.byte	8
 373 0158 38       		.byte	56
 374 0159 54       		.byte	84
 375 015a 3A       		.byte	58
 376 015b 01       		.byte	1
 377 015c 3C       		.byte	60
 378 015d 74       		.byte	116
 379 015e 3F       		.byte	63
 380 015f 01       		.byte	1
 381 0160 5E       		.byte	94
 382 0161 80       		.byte	-128
 383 0162 66       		.byte	102
 384 0163 40       		.byte	64
 385 0164 87       		.byte	-121
 386 0165 02       		.byte	2
 387 0166 8E       		.byte	-114
 388 0167 04       		.byte	4
 389 0168 8F       		.byte	-113
 390 0169 40       		.byte	64
 391 016a 94       		.byte	-108
 392 016b 44       		.byte	68
 393 016c 97       		.byte	-105
 394 016d 01       		.byte	1
 395 016e 9C       		.byte	-100
 396 016f 11       		.byte	17
 397 0170 A2       		.byte	-94
 398 0171 40       		.byte	64
 399 0172 A4       		.byte	-92
ARM GAS  C:\Users\BASILE~1.BER\AppData\Local\Temp\cc5bFVg7.s 			page 8


 400 0173 10       		.byte	16
 401 0174 A5       		.byte	-91
 402 0175 08       		.byte	8
 403 0176 AE       		.byte	-82
 404 0177 40       		.byte	64
 405 0178 C0       		.byte	-64
 406 0179 E7       		.byte	-25
 407 017a C2       		.byte	-62
 408 017b E7       		.byte	-25
 409 017c C4       		.byte	-60
 410 017d 81       		.byte	-127
 411 017e CA       		.byte	-54
 412 017f 72       		.byte	114
 413 0180 CC       		.byte	-52
 414 0181 0A       		.byte	10
 415 0182 CE       		.byte	-50
 416 0183 FF       		.byte	-1
 417 0184 D6       		.byte	-42
 418 0185 10       		.byte	16
 419 0186 D8       		.byte	-40
 420 0187 10       		.byte	16
 421 0188 E2       		.byte	-30
 422 0189 50       		.byte	80
 423 018a 06       		.byte	6
 424 018b 01       		.byte	1
 425 018c 0A       		.byte	10
 426 018d 08       		.byte	8
 427 018e 0B       		.byte	11
 428 018f 06       		.byte	6
 429 0190 0C       		.byte	12
 430 0191 01       		.byte	1
 431 0192 12       		.byte	18
 432 0193 02       		.byte	2
 433 0194 17       		.byte	23
 434 0195 05       		.byte	5
 435 0196 1A       		.byte	26
 436 0197 04       		.byte	4
 437 0198 26       		.byte	38
 438 0199 08       		.byte	8
 439 019a 27       		.byte	39
 440 019b 0A       		.byte	10
 441 019c 28       		.byte	40
 442 019d 04       		.byte	4
 443 019e 30       		.byte	48
 444 019f 08       		.byte	8
 445 01a0 31       		.byte	49
 446 01a1 08       		.byte	8
 447 01a2 32       		.byte	50
 448 01a3 02       		.byte	2
 449 01a4 33       		.byte	51
 450 01a5 01       		.byte	1
 451 01a6 34       		.byte	52
 452 01a7 04       		.byte	4
 453 01a8 35       		.byte	53
 454 01a9 04       		.byte	4
 455 01aa 36       		.byte	54
 456 01ab 01       		.byte	1
ARM GAS  C:\Users\BASILE~1.BER\AppData\Local\Temp\cc5bFVg7.s 			page 9


 457 01ac 37       		.byte	55
 458 01ad 02       		.byte	2
 459 01ae 3E       		.byte	62
 460 01af 01       		.byte	1
 461 01b0 40       		.byte	64
 462 01b1 30       		.byte	48
 463 01b2 41       		.byte	65
 464 01b3 06       		.byte	6
 465 01b4 45       		.byte	69
 466 01b5 D1       		.byte	-47
 467 01b6 46       		.byte	70
 468 01b7 20       		.byte	32
 469 01b8 47       		.byte	71
 470 01b9 05       		.byte	5
 471 01ba 48       		.byte	72
 472 01bb 1B       		.byte	27
 473 01bc 49       		.byte	73
 474 01bd FF       		.byte	-1
 475 01be 4A       		.byte	74
 476 01bf FF       		.byte	-1
 477 01c0 4B       		.byte	75
 478 01c1 FF       		.byte	-1
 479 01c2 4D       		.byte	77
 480 01c3 A0       		.byte	-96
 481 01c4 4F       		.byte	79
 482 01c5 04       		.byte	4
 483 01c6 50       		.byte	80
 484 01c7 18       		.byte	24
 485 01c8 52       		.byte	82
 486 01c9 80       		.byte	-128
 487 01ca 54       		.byte	84
 488 01cb 07       		.byte	7
 489 01cc 58       		.byte	88
 490 01cd 04       		.byte	4
 491 01ce 59       		.byte	89
 492 01cf 04       		.byte	4
 493 01d0 5A       		.byte	90
 494 01d1 04       		.byte	4
 495 01d2 5B       		.byte	91
 496 01d3 04       		.byte	4
 497 01d4 5C       		.byte	92
 498 01d5 11       		.byte	17
 499 01d6 5D       		.byte	93
 500 01d7 11       		.byte	17
 501 01d8 5F       		.byte	95
 502 01d9 01       		.byte	1
 503 01da 60       		.byte	96
 504 01db 40       		.byte	64
 505 01dc 62       		.byte	98
 506 01dd C0       		.byte	-64
 507 01de 64       		.byte	100
 508 01df 40       		.byte	64
 509 01e0 65       		.byte	101
 510 01e1 40       		.byte	64
 511 01e2 66       		.byte	102
 512 01e3 C0       		.byte	-64
 513 01e4 68       		.byte	104
ARM GAS  C:\Users\BASILE~1.BER\AppData\Local\Temp\cc5bFVg7.s 			page 10


 514 01e5 C0       		.byte	-64
 515 01e6 6A       		.byte	106
 516 01e7 C0       		.byte	-64
 517 01e8 6C       		.byte	108
 518 01e9 C0       		.byte	-64
 519 01ea 6E       		.byte	110
 520 01eb C0       		.byte	-64
 521 01ec D8       		.byte	-40
 522 01ed 04       		.byte	4
 523 01ee D9       		.byte	-39
 524 01ef 04       		.byte	4
 525 01f0 DF       		.byte	-33
 526 01f1 01       		.byte	1
 527 01f2 00       		.byte	0
 528 01f3 90       		.byte	-112
 529 01f4 01       		.byte	1
 530 01f5 08       		.byte	8
 531 01f6 04       		.byte	4
 532 01f7 44       		.byte	68
 533 01f8 0A       		.byte	10
 534 01f9 40       		.byte	64
 535 01fa 0B       		.byte	11
 536 01fb 08       		.byte	8
 537 01fc 0C       		.byte	12
 538 01fd 10       		.byte	16
 539 01fe 0D       		.byte	13
 540 01ff 08       		.byte	8
 541 0200 0F       		.byte	15
 542 0201 01       		.byte	1
 543 0202 10       		.byte	16
 544 0203 20       		.byte	32
 545 0204 12       		.byte	18
 546 0205 08       		.byte	8
 547 0206 14       		.byte	20
 548 0207 01       		.byte	1
 549 0208 15       		.byte	21
 550 0209 08       		.byte	8
 551 020a 18       		.byte	24
 552 020b 10       		.byte	16
 553 020c 19       		.byte	25
 554 020d 50       		.byte	80
 555 020e 1B       		.byte	27
 556 020f 01       		.byte	1
 557 0210 20       		.byte	32
 558 0211 80       		.byte	-128
 559 0212 22       		.byte	34
 560 0213 08       		.byte	8
 561 0214 23       		.byte	35
 562 0215 0A       		.byte	10
 563 0216 29       		.byte	41
 564 0217 08       		.byte	8
 565 0218 2C       		.byte	44
 566 0219 10       		.byte	16
 567 021a 2E       		.byte	46
 568 021b 20       		.byte	32
 569 021c 33       		.byte	51
 570 021d 08       		.byte	8
ARM GAS  C:\Users\BASILE~1.BER\AppData\Local\Temp\cc5bFVg7.s 			page 11


 571 021e 34       		.byte	52
 572 021f 01       		.byte	1
 573 0220 38       		.byte	56
 574 0221 10       		.byte	16
 575 0222 3C       		.byte	60
 576 0223 64       		.byte	100
 577 0224 3F       		.byte	63
 578 0225 01       		.byte	1
 579 0226 40       		.byte	64
 580 0227 10       		.byte	16
 581 0228 45       		.byte	69
 582 0229 08       		.byte	8
 583 022a 46       		.byte	70
 584 022b 20       		.byte	32
 585 022c 49       		.byte	73
 586 022d 0A       		.byte	10
 587 022e 4B       		.byte	75
 588 022f 20       		.byte	32
 589 0230 50       		.byte	80
 590 0231 20       		.byte	32
 591 0232 53       		.byte	83
 592 0233 1C       		.byte	28
 593 0234 58       		.byte	88
 594 0235 08       		.byte	8
 595 0236 59       		.byte	89
 596 0237 52       		.byte	82
 597 0238 72       		.byte	114
 598 0239 40       		.byte	64
 599 023a 84       		.byte	-124
 600 023b 08       		.byte	8
 601 023c 87       		.byte	-121
 602 023d 01       		.byte	1
 603 023e 88       		.byte	-120
 604 023f 10       		.byte	16
 605 0240 89       		.byte	-119
 606 0241 04       		.byte	4
 607 0242 8A       		.byte	-118
 608 0243 10       		.byte	16
 609 0244 8D       		.byte	-115
 610 0245 04       		.byte	4
 611 0246 94       		.byte	-108
 612 0247 44       		.byte	68
 613 0248 97       		.byte	-105
 614 0249 01       		.byte	1
 615 024a 9A       		.byte	-102
 616 024b 40       		.byte	64
 617 024c 9C       		.byte	-100
 618 024d 11       		.byte	17
 619 024e A4       		.byte	-92
 620 024f 10       		.byte	16
 621 0250 A5       		.byte	-91
 622 0251 08       		.byte	8
 623 0252 A9       		.byte	-87
 624 0253 04       		.byte	4
 625 0254 AB       		.byte	-85
 626 0255 20       		.byte	32
 627 0256 B0       		.byte	-80
ARM GAS  C:\Users\BASILE~1.BER\AppData\Local\Temp\cc5bFVg7.s 			page 12


 628 0257 40       		.byte	64
 629 0258 B1       		.byte	-79
 630 0259 40       		.byte	64
 631 025a B4       		.byte	-76
 632 025b 04       		.byte	4
 633 025c C0       		.byte	-64
 634 025d A7       		.byte	-89
 635 025e C2       		.byte	-62
 636 025f EA       		.byte	-22
 637 0260 C4       		.byte	-60
 638 0261 A6       		.byte	-90
 639 0262 CA       		.byte	-54
 640 0263 62       		.byte	98
 641 0264 CC       		.byte	-52
 642 0265 82       		.byte	-126
 643 0266 CE       		.byte	-50
 644 0267 F4       		.byte	-12
 645 0268 D0       		.byte	-48
 646 0269 02       		.byte	2
 647 026a D2       		.byte	-46
 648 026b 04       		.byte	4
 649 026c D6       		.byte	-42
 650 026d 0F       		.byte	15
 651 026e E2       		.byte	-30
 652 026f 80       		.byte	-128
 653 0270 EA       		.byte	-22
 654 0271 90       		.byte	-112
 655 0272 EE       		.byte	-18
 656 0273 20       		.byte	32
 657 0274 09       		.byte	9
 658 0275 04       		.byte	4
 659 0276 0A       		.byte	10
 660 0277 08       		.byte	8
 661 0278 0D       		.byte	13
 662 0279 04       		.byte	4
 663 027a 10       		.byte	16
 664 027b 0C       		.byte	12
 665 027c 12       		.byte	18
 666 027d 10       		.byte	16
 667 027e 13       		.byte	19
 668 027f 04       		.byte	4
 669 0280 14       		.byte	20
 670 0281 14       		.byte	20
 671 0282 16       		.byte	22
 672 0283 08       		.byte	8
 673 0284 17       		.byte	23
 674 0285 03       		.byte	3
 675 0286 19       		.byte	25
 676 0287 01       		.byte	1
 677 0288 1A       		.byte	26
 678 0289 01       		.byte	1
 679 028a 22       		.byte	34
 680 028b 02       		.byte	2
 681 028c 26       		.byte	38
 682 028d 10       		.byte	16
 683 028e 2A       		.byte	42
 684 028f 04       		.byte	4
ARM GAS  C:\Users\BASILE~1.BER\AppData\Local\Temp\cc5bFVg7.s 			page 13


 685 0290 2C       		.byte	44
 686 0291 01       		.byte	1
 687 0292 31       		.byte	49
 688 0293 01       		.byte	1
 689 0294 32       		.byte	50
 690 0295 1C       		.byte	28
 691 0296 33       		.byte	51
 692 0297 02       		.byte	2
 693 0298 34       		.byte	52
 694 0299 03       		.byte	3
 695 029a 35       		.byte	53
 696 029b 04       		.byte	4
 697 029c 3E       		.byte	62
 698 029d 04       		.byte	4
 699 029e 3F       		.byte	63
 700 029f 10       		.byte	16
 701 02a0 52       		.byte	82
 702 02a1 03       		.byte	3
 703 02a2 53       		.byte	83
 704 02a3 02       		.byte	2
 705 02a4 58       		.byte	88
 706 02a5 04       		.byte	4
 707 02a6 59       		.byte	89
 708 02a7 0C       		.byte	12
 709 02a8 5B       		.byte	91
 710 02a9 04       		.byte	4
 711 02aa 5C       		.byte	92
 712 02ab 09       		.byte	9
 713 02ac 5F       		.byte	95
 714 02ad 01       		.byte	1
 715 02ae 9F       		.byte	-97
 716 02af 01       		.byte	1
 717 02b0 A2       		.byte	-94
 718 02b1 01       		.byte	1
 719 02b2 A4       		.byte	-92
 720 02b3 04       		.byte	4
 721 02b4 A8       		.byte	-88
 722 02b5 04       		.byte	4
 723 02b6 AE       		.byte	-82
 724 02b7 02       		.byte	2
 725 02b8 B0       		.byte	-80
 726 02b9 02       		.byte	2
 727 02ba B2       		.byte	-78
 728 02bb 04       		.byte	4
 729 02bc B4       		.byte	-76
 730 02bd 01       		.byte	1
 731 02be B7       		.byte	-73
 732 02bf 01       		.byte	1
 733 02c0 B8       		.byte	-72
 734 02c1 08       		.byte	8
 735 02c2 BE       		.byte	-66
 736 02c3 04       		.byte	4
 737 02c4 D4       		.byte	-44
 738 02c5 01       		.byte	1
 739 02c6 D8       		.byte	-40
 740 02c7 04       		.byte	4
 741 02c8 D9       		.byte	-39
ARM GAS  C:\Users\BASILE~1.BER\AppData\Local\Temp\cc5bFVg7.s 			page 14


 742 02c9 04       		.byte	4
 743 02ca DB       		.byte	-37
 744 02cb 0C       		.byte	12
 745 02cc DF       		.byte	-33
 746 02cd 01       		.byte	1
 747 02ce 00       		.byte	0
 748 02cf 64       		.byte	100
 749 02d0 07       		.byte	7
 750 02d1 08       		.byte	8
 751 02d2 08       		.byte	8
 752 02d3 11       		.byte	17
 753 02d4 09       		.byte	9
 754 02d5 08       		.byte	8
 755 02d6 0B       		.byte	11
 756 02d7 01       		.byte	1
 757 02d8 0E       		.byte	14
 758 02d9 08       		.byte	8
 759 02da 0F       		.byte	15
 760 02db 60       		.byte	96
 761 02dc 10       		.byte	16
 762 02dd 0A       		.byte	10
 763 02de 11       		.byte	17
 764 02df 09       		.byte	9
 765 02e0 15       		.byte	21
 766 02e1 08       		.byte	8
 767 02e2 16       		.byte	22
 768 02e3 40       		.byte	64
 769 02e4 17       		.byte	23
 770 02e5 A0       		.byte	-96
 771 02e6 18       		.byte	24
 772 02e7 44       		.byte	68
 773 02e8 19       		.byte	25
 774 02e9 04       		.byte	4
 775 02ea 1A       		.byte	26
 776 02eb 40       		.byte	64
 777 02ec 1E       		.byte	30
 778 02ed 08       		.byte	8
 779 02ee 1F       		.byte	31
 780 02ef 04       		.byte	4
 781 02f0 22       		.byte	34
 782 02f1 80       		.byte	-128
 783 02f2 23       		.byte	35
 784 02f3 01       		.byte	1
 785 02f4 25       		.byte	37
 786 02f5 01       		.byte	1
 787 02f6 26       		.byte	38
 788 02f7 10       		.byte	16
 789 02f8 27       		.byte	39
 790 02f9 90       		.byte	-112
 791 02fa 29       		.byte	41
 792 02fb 80       		.byte	-128
 793 02fc 30       		.byte	48
 794 02fd 10       		.byte	16
 795 02fe 31       		.byte	49
 796 02ff 88       		.byte	-120
 797 0300 36       		.byte	54
 798 0301 04       		.byte	4
ARM GAS  C:\Users\BASILE~1.BER\AppData\Local\Temp\cc5bFVg7.s 			page 15


 799 0302 37       		.byte	55
 800 0303 12       		.byte	18
 801 0304 38       		.byte	56
 802 0305 44       		.byte	68
 803 0306 3A       		.byte	58
 804 0307 10       		.byte	16
 805 0308 3B       		.byte	59
 806 0309 01       		.byte	1
 807 030a 3D       		.byte	61
 808 030b A0       		.byte	-96
 809 030c 3F       		.byte	63
 810 030d 60       		.byte	96
 811 030e 5B       		.byte	91
 812 030f 80       		.byte	-128
 813 0310 5C       		.byte	92
 814 0311 80       		.byte	-128
 815 0312 64       		.byte	100
 816 0313 80       		.byte	-128
 817 0314 66       		.byte	102
 818 0315 02       		.byte	2
 819 0316 6B       		.byte	107
 820 0317 02       		.byte	2
 821 0318 6C       		.byte	108
 822 0319 08       		.byte	8
 823 031a 6D       		.byte	109
 824 031b 40       		.byte	64
 825 031c 6E       		.byte	110
 826 031d 10       		.byte	16
 827 031e 79       		.byte	121
 828 031f 40       		.byte	64
 829 0320 7D       		.byte	125
 830 0321 40       		.byte	64
 831 0322 83       		.byte	-125
 832 0323 03       		.byte	3
 833 0324 85       		.byte	-123
 834 0325 04       		.byte	4
 835 0326 89       		.byte	-119
 836 0327 08       		.byte	8
 837 0328 8C       		.byte	-116
 838 0329 44       		.byte	68
 839 032a 94       		.byte	-108
 840 032b 44       		.byte	68
 841 032c 97       		.byte	-105
 842 032d 01       		.byte	1
 843 032e 9A       		.byte	-102
 844 032f 40       		.byte	64
 845 0330 9B       		.byte	-101
 846 0331 20       		.byte	32
 847 0332 9C       		.byte	-100
 848 0333 11       		.byte	17
 849 0334 A1       		.byte	-95
 850 0335 04       		.byte	4
 851 0336 A4       		.byte	-92
 852 0337 10       		.byte	16
 853 0338 A5       		.byte	-91
 854 0339 08       		.byte	8
 855 033a A6       		.byte	-90
ARM GAS  C:\Users\BASILE~1.BER\AppData\Local\Temp\cc5bFVg7.s 			page 16


 856 033b 10       		.byte	16
 857 033c AF       		.byte	-81
 858 033d 2A       		.byte	42
 859 033e C0       		.byte	-64
 860 033f 47       		.byte	71
 861 0340 C2       		.byte	-62
 862 0341 7F       		.byte	127
 863 0342 C4       		.byte	-60
 864 0343 FF       		.byte	-1
 865 0344 CA       		.byte	-54
 866 0345 08       		.byte	8
 867 0346 CC       		.byte	-52
 868 0347 EE       		.byte	-18
 869 0348 CE       		.byte	-50
 870 0349 3F       		.byte	63
 871 034a D6       		.byte	-42
 872 034b 18       		.byte	24
 873 034c DE       		.byte	-34
 874 034d 18       		.byte	24
 875 034e E0       		.byte	-32
 876 034f 01       		.byte	1
 877 0350 E2       		.byte	-30
 878 0351 08       		.byte	8
 879 0352 E8       		.byte	-24
 880 0353 08       		.byte	8
 881 0354 EC       		.byte	-20
 882 0355 02       		.byte	2
 883 0356 EE       		.byte	-18
 884 0357 04       		.byte	4
 885 0358 58       		.byte	88
 886 0359 04       		.byte	4
 887 035a 59       		.byte	89
 888 035b 04       		.byte	4
 889 035c 5F       		.byte	95
 890 035d 01       		.byte	1
 891 035e D8       		.byte	-40
 892 035f 04       		.byte	4
 893 0360 D9       		.byte	-39
 894 0361 04       		.byte	4
 895 0362 DF       		.byte	-33
 896 0363 01       		.byte	1
 897 0364 01       		.byte	1
 898 0365 80       		.byte	-128
 899 0366 03       		.byte	3
 900 0367 04       		.byte	4
 901 0368 05       		.byte	5
 902 0369 90       		.byte	-112
 903 036a 07       		.byte	7
 904 036b 20       		.byte	32
 905 036c 08       		.byte	8
 906 036d 04       		.byte	4
 907 036e 09       		.byte	9
 908 036f 02       		.byte	2
 909 0370 0D       		.byte	13
 910 0371 08       		.byte	8
 911 0372 10       		.byte	16
 912 0373 28       		.byte	40
ARM GAS  C:\Users\BASILE~1.BER\AppData\Local\Temp\cc5bFVg7.s 			page 17


 913 0374 11       		.byte	17
 914 0375 40       		.byte	64
 915 0376 14       		.byte	20
 916 0377 04       		.byte	4
 917 0378 15       		.byte	21
 918 0379 40       		.byte	64
 919 037a 16       		.byte	22
 920 037b 80       		.byte	-128
 921 037c 28       		.byte	40
 922 037d 04       		.byte	4
 923 037e 2C       		.byte	44
 924 037f 04       		.byte	4
 925 0380 2E       		.byte	46
 926 0381 80       		.byte	-128
 927 0382 30       		.byte	48
 928 0383 20       		.byte	32
 929 0384 31       		.byte	49
 930 0385 1A       		.byte	26
 931 0386 35       		.byte	53
 932 0387 90       		.byte	-112
 933 0388 37       		.byte	55
 934 0389 01       		.byte	1
 935 038a 39       		.byte	57
 936 038b 60       		.byte	96
 937 038c 3A       		.byte	58
 938 038d 01       		.byte	1
 939 038e 3C       		.byte	60
 940 038f 01       		.byte	1
 941 0390 3D       		.byte	61
 942 0391 40       		.byte	64
 943 0392 80       		.byte	-128
 944 0393 01       		.byte	1
 945 0394 81       		.byte	-127
 946 0395 08       		.byte	8
 947 0396 83       		.byte	-125
 948 0397 04       		.byte	4
 949 0398 88       		.byte	-120
 950 0399 08       		.byte	8
 951 039a 89       		.byte	-119
 952 039b 10       		.byte	16
 953 039c 8A       		.byte	-118
 954 039d 80       		.byte	-128
 955 039e 8D       		.byte	-115
 956 039f C0       		.byte	-64
 957 03a0 8E       		.byte	-114
 958 03a1 01       		.byte	1
 959 03a2 C0       		.byte	-64
 960 03a3 E3       		.byte	-29
 961 03a4 C2       		.byte	-62
 962 03a5 2C       		.byte	44
 963 03a6 C4       		.byte	-60
 964 03a7 D7       		.byte	-41
 965 03a8 CA       		.byte	-54
 966 03a9 34       		.byte	52
 967 03aa CC       		.byte	-52
 968 03ab B7       		.byte	-73
 969 03ac CE       		.byte	-50
ARM GAS  C:\Users\BASILE~1.BER\AppData\Local\Temp\cc5bFVg7.s 			page 18


 970 03ad 9D       		.byte	-99
 971 03ae E0       		.byte	-32
 972 03af 40       		.byte	64
 973 03b0 E2       		.byte	-30
 974 03b1 08       		.byte	8
 975 03b2 E4       		.byte	-28
 976 03b3 60       		.byte	96
 977 03b4 E8       		.byte	-24
 978 03b5 08       		.byte	8
 979 03b6 EC       		.byte	-20
 980 03b7 02       		.byte	2
 981 03b8 EE       		.byte	-18
 982 03b9 04       		.byte	4
 983 03ba E6       		.byte	-26
 984 03bb 40       		.byte	64
 985 03bc 07       		.byte	7
 986 03bd 01       		.byte	1
 987 03be 0B       		.byte	11
 988 03bf 02       		.byte	2
 989 03c0 16       		.byte	22
 990 03c1 01       		.byte	1
 991 03c2 32       		.byte	50
 992 03c3 01       		.byte	1
 993 03c4 35       		.byte	53
 994 03c5 01       		.byte	1
 995 03c6 37       		.byte	55
 996 03c7 02       		.byte	2
 997 03c8 58       		.byte	88
 998 03c9 04       		.byte	4
 999 03ca 59       		.byte	89
 1000 03cb 04       		.byte	4
 1001 03cc 5F       		.byte	95
 1002 03cd 01       		.byte	1
 1003 03ce 8A       		.byte	-118
 1004 03cf 01       		.byte	1
 1005 03d0 8B       		.byte	-117
 1006 03d1 01       		.byte	1
 1007 03d2 8E       		.byte	-114
 1008 03d3 01       		.byte	1
 1009 03d4 9D       		.byte	-99
 1010 03d5 01       		.byte	1
 1011 03d6 A4       		.byte	-92
 1012 03d7 01       		.byte	1
 1013 03d8 AB       		.byte	-85
 1014 03d9 01       		.byte	1
 1015 03da B0       		.byte	-80
 1016 03db 01       		.byte	1
 1017 03dc B5       		.byte	-75
 1018 03dd 01       		.byte	1
 1019 03de BE       		.byte	-66
 1020 03df 01       		.byte	1
 1021 03e0 BF       		.byte	-65
 1022 03e1 10       		.byte	16
 1023 03e2 D8       		.byte	-40
 1024 03e3 04       		.byte	4
 1025 03e4 D9       		.byte	-39
 1026 03e5 04       		.byte	4
ARM GAS  C:\Users\BASILE~1.BER\AppData\Local\Temp\cc5bFVg7.s 			page 19


 1027 03e6 DB       		.byte	-37
 1028 03e7 04       		.byte	4
 1029 03e8 DF       		.byte	-33
 1030 03e9 01       		.byte	1
 1031 03ea 00       		.byte	0
 1032 03eb 04       		.byte	4
 1033 03ec 01       		.byte	1
 1034 03ed 02       		.byte	2
 1035 03ee 03       		.byte	3
 1036 03ef 08       		.byte	8
 1037 03f0 04       		.byte	4
 1038 03f1 04       		.byte	4
 1039 03f2 05       		.byte	5
 1040 03f3 22       		.byte	34
 1041 03f4 06       		.byte	6
 1042 03f5 10       		.byte	16
 1043 03f6 07       		.byte	7
 1044 03f7 01       		.byte	1
 1045 03f8 0A       		.byte	10
 1046 03f9 40       		.byte	64
 1047 03fa 0B       		.byte	11
 1048 03fb 10       		.byte	16
 1049 03fc 0C       		.byte	12
 1050 03fd 10       		.byte	16
 1051 03fe 0D       		.byte	13
 1052 03ff 08       		.byte	8
 1053 0400 0E       		.byte	14
 1054 0401 40       		.byte	64
 1055 0402 10       		.byte	16
 1056 0403 50       		.byte	80
 1057 0404 12       		.byte	18
 1058 0405 08       		.byte	8
 1059 0406 14       		.byte	20
 1060 0407 40       		.byte	64
 1061 0408 15       		.byte	21
 1062 0409 20       		.byte	32
 1063 040a 16       		.byte	22
 1064 040b 80       		.byte	-128
 1065 040c 17       		.byte	23
 1066 040d 04       		.byte	4
 1067 040e 1B       		.byte	27
 1068 040f 08       		.byte	8
 1069 0410 1D       		.byte	29
 1070 0411 01       		.byte	1
 1071 0412 22       		.byte	34
 1072 0413 50       		.byte	80
 1073 0414 26       		.byte	38
 1074 0415 10       		.byte	16
 1075 0416 28       		.byte	40
 1076 0417 20       		.byte	32
 1077 0418 29       		.byte	41
 1078 0419 02       		.byte	2
 1079 041a 2A       		.byte	42
 1080 041b 10       		.byte	16
 1081 041c 2C       		.byte	44
 1082 041d 10       		.byte	16
 1083 041e 2D       		.byte	45
ARM GAS  C:\Users\BASILE~1.BER\AppData\Local\Temp\cc5bFVg7.s 			page 20


 1084 041f 22       		.byte	34
 1085 0420 2E       		.byte	46
 1086 0421 80       		.byte	-128
 1087 0422 30       		.byte	48
 1088 0423 40       		.byte	64
 1089 0424 32       		.byte	50
 1090 0425 58       		.byte	88
 1091 0426 34       		.byte	52
 1092 0427 20       		.byte	32
 1093 0428 36       		.byte	54
 1094 0429 48       		.byte	72
 1095 042a 38       		.byte	56
 1096 042b 40       		.byte	64
 1097 042c 39       		.byte	57
 1098 042d 14       		.byte	20
 1099 042e 3C       		.byte	60
 1100 042f 04       		.byte	4
 1101 0430 3D       		.byte	61
 1102 0431 20       		.byte	32
 1103 0432 3E       		.byte	62
 1104 0433 40       		.byte	64
 1105 0434 6D       		.byte	109
 1106 0435 A0       		.byte	-96
 1107 0436 6E       		.byte	110
 1108 0437 80       		.byte	-128
 1109 0438 6F       		.byte	111
 1110 0439 05       		.byte	5
 1111 043a 78       		.byte	120
 1112 043b 20       		.byte	32
 1113 043c 79       		.byte	121
 1114 043d 20       		.byte	32
 1115 043e 7B       		.byte	123
 1116 043f 08       		.byte	8
 1117 0440 81       		.byte	-127
 1118 0441 20       		.byte	32
 1119 0442 83       		.byte	-125
 1120 0443 02       		.byte	2
 1121 0444 86       		.byte	-122
 1122 0445 10       		.byte	16
 1123 0446 88       		.byte	-120
 1124 0447 02       		.byte	2
 1125 0448 8D       		.byte	-115
 1126 0449 01       		.byte	1
 1127 044a 90       		.byte	-112
 1128 044b 44       		.byte	68
 1129 044c 91       		.byte	-111
 1130 044d 14       		.byte	20
 1131 044e 92       		.byte	-110
 1132 044f 40       		.byte	64
 1133 0450 93       		.byte	-109
 1134 0451 10       		.byte	16
 1135 0452 96       		.byte	-106
 1136 0453 A0       		.byte	-96
 1137 0454 98       		.byte	-104
 1138 0455 10       		.byte	16
 1139 0456 99       		.byte	-103
 1140 0457 02       		.byte	2
ARM GAS  C:\Users\BASILE~1.BER\AppData\Local\Temp\cc5bFVg7.s 			page 21


 1141 0458 9B       		.byte	-101
 1142 0459 02       		.byte	2
 1143 045a 9C       		.byte	-100
 1144 045b 02       		.byte	2
 1145 045c A1       		.byte	-95
 1146 045d 08       		.byte	8
 1147 045e A2       		.byte	-94
 1148 045f 08       		.byte	8
 1149 0460 A5       		.byte	-91
 1150 0461 50       		.byte	80
 1151 0462 A7       		.byte	-89
 1152 0463 08       		.byte	8
 1153 0464 AB       		.byte	-85
 1154 0465 08       		.byte	8
 1155 0466 AF       		.byte	-81
 1156 0467 80       		.byte	-128
 1157 0468 C0       		.byte	-64
 1158 0469 FE       		.byte	-2
 1159 046a C2       		.byte	-62
 1160 046b 7C       		.byte	124
 1161 046c C4       		.byte	-60
 1162 046d 7E       		.byte	126
 1163 046e CA       		.byte	-54
 1164 046f F7       		.byte	-9
 1165 0470 CC       		.byte	-52
 1166 0471 7E       		.byte	126
 1167 0472 CE       		.byte	-50
 1168 0473 7E       		.byte	126
 1169 0474 E0       		.byte	-32
 1170 0475 20       		.byte	32
 1171 0476 E8       		.byte	-24
 1172 0477 10       		.byte	16
 1173 0478 08       		.byte	8
 1174 0479 01       		.byte	1
 1175 047a 16       		.byte	22
 1176 047b 03       		.byte	3
 1177 047c 2E       		.byte	46
 1178 047d 04       		.byte	4
 1179 047e 32       		.byte	50
 1180 047f 04       		.byte	4
 1181 0480 34       		.byte	52
 1182 0481 02       		.byte	2
 1183 0482 36       		.byte	54
 1184 0483 01       		.byte	1
 1185 0484 58       		.byte	88
 1186 0485 04       		.byte	4
 1187 0486 59       		.byte	89
 1188 0487 04       		.byte	4
 1189 0488 5C       		.byte	92
 1190 0489 02       		.byte	2
 1191 048a 5F       		.byte	95
 1192 048b 01       		.byte	1
 1193 048c 82       		.byte	-126
 1194 048d 02       		.byte	2
 1195 048e 83       		.byte	-125
 1196 048f 04       		.byte	4
 1197 0490 86       		.byte	-122
ARM GAS  C:\Users\BASILE~1.BER\AppData\Local\Temp\cc5bFVg7.s 			page 22


 1198 0491 04       		.byte	4
 1199 0492 87       		.byte	-121
 1200 0493 08       		.byte	8
 1201 0494 8A       		.byte	-118
 1202 0495 01       		.byte	1
 1203 0496 8B       		.byte	-117
 1204 0497 01       		.byte	1
 1205 0498 8C       		.byte	-116
 1206 0499 40       		.byte	64
 1207 049a 8E       		.byte	-114
 1208 049b 80       		.byte	-128
 1209 049c 90       		.byte	-112
 1210 049d 10       		.byte	16
 1211 049e 92       		.byte	-110
 1212 049f 20       		.byte	32
 1213 04a0 96       		.byte	-106
 1214 04a1 08       		.byte	8
 1215 04a2 98       		.byte	-104
 1216 04a3 01       		.byte	1
 1217 04a4 99       		.byte	-103
 1218 04a5 08       		.byte	8
 1219 04a6 9C       		.byte	-100
 1220 04a7 02       		.byte	2
 1221 04a8 9F       		.byte	-97
 1222 04a9 02       		.byte	2
 1223 04aa A0       		.byte	-96
 1224 04ab 04       		.byte	4
 1225 04ac A1       		.byte	-95
 1226 04ad 04       		.byte	4
 1227 04ae A4       		.byte	-92
 1228 04af 08       		.byte	8
 1229 04b0 A7       		.byte	-89
 1230 04b1 10       		.byte	16
 1231 04b2 A8       		.byte	-88
 1232 04b3 20       		.byte	32
 1233 04b4 A9       		.byte	-87
 1234 04b5 01       		.byte	1
 1235 04b6 AA       		.byte	-86
 1236 04b7 10       		.byte	16
 1237 04b8 AC       		.byte	-84
 1238 04b9 80       		.byte	-128
 1239 04ba AD       		.byte	-83
 1240 04bb 02       		.byte	2
 1241 04bc AE       		.byte	-82
 1242 04bd 40       		.byte	64
 1243 04be B2       		.byte	-78
 1244 04bf FF       		.byte	-1
 1245 04c0 B3       		.byte	-77
 1246 04c1 1F       		.byte	31
 1247 04c2 B9       		.byte	-71
 1248 04c3 08       		.byte	8
 1249 04c4 BE       		.byte	-66
 1250 04c5 04       		.byte	4
 1251 04c6 BF       		.byte	-65
 1252 04c7 04       		.byte	4
 1253 04c8 D6       		.byte	-42
 1254 04c9 02       		.byte	2
ARM GAS  C:\Users\BASILE~1.BER\AppData\Local\Temp\cc5bFVg7.s 			page 23


 1255 04ca D7       		.byte	-41
 1256 04cb 39       		.byte	57
 1257 04cc D8       		.byte	-40
 1258 04cd 04       		.byte	4
 1259 04ce D9       		.byte	-39
 1260 04cf 04       		.byte	4
 1261 04d0 DB       		.byte	-37
 1262 04d1 0C       		.byte	12
 1263 04d2 DF       		.byte	-33
 1264 04d3 01       		.byte	1
 1265 04d4 00       		.byte	0
 1266 04d5 64       		.byte	100
 1267 04d6 01       		.byte	1
 1268 04d7 02       		.byte	2
 1269 04d8 02       		.byte	2
 1270 04d9 C0       		.byte	-64
 1271 04da 03       		.byte	3
 1272 04db 08       		.byte	8
 1273 04dc 05       		.byte	5
 1274 04dd 10       		.byte	16
 1275 04de 08       		.byte	8
 1276 04df 01       		.byte	1
 1277 04e0 09       		.byte	9
 1278 04e1 80       		.byte	-128
 1279 04e2 0A       		.byte	10
 1280 04e3 A4       		.byte	-92
 1281 04e4 0E       		.byte	14
 1282 04e5 20       		.byte	32
 1283 04e6 10       		.byte	16
 1284 04e7 02       		.byte	2
 1285 04e8 11       		.byte	17
 1286 04e9 15       		.byte	21
 1287 04ea 14       		.byte	20
 1288 04eb 02       		.byte	2
 1289 04ec 19       		.byte	25
 1290 04ed 08       		.byte	8
 1291 04ee 1D       		.byte	29
 1292 04ef 10       		.byte	16
 1293 04f0 1E       		.byte	30
 1294 04f1 20       		.byte	32
 1295 04f2 1F       		.byte	31
 1296 04f3 80       		.byte	-128
 1297 04f4 21       		.byte	33
 1298 04f5 08       		.byte	8
 1299 04f6 22       		.byte	34
 1300 04f7 08       		.byte	8
 1301 04f8 29       		.byte	41
 1302 04f9 09       		.byte	9
 1303 04fa 2A       		.byte	42
 1304 04fb 40       		.byte	64
 1305 04fc 2B       		.byte	43
 1306 04fd 08       		.byte	8
 1307 04fe 2C       		.byte	44
 1308 04ff 10       		.byte	16
 1309 0500 2F       		.byte	47
 1310 0501 08       		.byte	8
 1311 0502 30       		.byte	48
ARM GAS  C:\Users\BASILE~1.BER\AppData\Local\Temp\cc5bFVg7.s 			page 24


 1312 0503 11       		.byte	17
 1313 0504 31       		.byte	49
 1314 0505 88       		.byte	-120
 1315 0506 32       		.byte	50
 1316 0507 10       		.byte	16
 1317 0508 34       		.byte	52
 1318 0509 01       		.byte	1
 1319 050a 36       		.byte	54
 1320 050b 88       		.byte	-120
 1321 050c 38       		.byte	56
 1322 050d 60       		.byte	96
 1323 050e 39       		.byte	57
 1324 050f 05       		.byte	5
 1325 0510 3B       		.byte	59
 1326 0511 10       		.byte	16
 1327 0512 3C       		.byte	60
 1328 0513 44       		.byte	68
 1329 0514 5A       		.byte	90
 1330 0515 10       		.byte	16
 1331 0516 61       		.byte	97
 1332 0517 04       		.byte	4
 1333 0518 68       		.byte	104
 1334 0519 02       		.byte	2
 1335 051a 69       		.byte	105
 1336 051b 15       		.byte	21
 1337 051c 70       		.byte	112
 1338 051d 10       		.byte	16
 1339 051e 71       		.byte	113
 1340 051f 80       		.byte	-128
 1341 0520 72       		.byte	114
 1342 0521 04       		.byte	4
 1343 0522 79       		.byte	121
 1344 0523 40       		.byte	64
 1345 0524 80       		.byte	-128
 1346 0525 04       		.byte	4
 1347 0526 81       		.byte	-127
 1348 0527 01       		.byte	1
 1349 0528 8E       		.byte	-114
 1350 0529 10       		.byte	16
 1351 052a 90       		.byte	-112
 1352 052b 44       		.byte	68
 1353 052c 91       		.byte	-111
 1354 052d 40       		.byte	64
 1355 052e 92       		.byte	-110
 1356 052f 50       		.byte	80
 1357 0530 95       		.byte	-107
 1358 0531 01       		.byte	1
 1359 0532 99       		.byte	-103
 1360 0533 04       		.byte	4
 1361 0534 9B       		.byte	-101
 1362 0535 02       		.byte	2
 1363 0536 9C       		.byte	-100
 1364 0537 11       		.byte	17
 1365 0538 9F       		.byte	-97
 1366 0539 08       		.byte	8
 1367 053a A2       		.byte	-94
 1368 053b 80       		.byte	-128
ARM GAS  C:\Users\BASILE~1.BER\AppData\Local\Temp\cc5bFVg7.s 			page 25


 1369 053c A4       		.byte	-92
 1370 053d 12       		.byte	18
 1371 053e A5       		.byte	-91
 1372 053f D8       		.byte	-40
 1373 0540 AC       		.byte	-84
 1374 0541 01       		.byte	1
 1375 0542 AE       		.byte	-82
 1376 0543 10       		.byte	16
 1377 0544 B0       		.byte	-80
 1378 0545 10       		.byte	16
 1379 0546 B1       		.byte	-79
 1380 0547 80       		.byte	-128
 1381 0548 B2       		.byte	-78
 1382 0549 02       		.byte	2
 1383 054a B3       		.byte	-77
 1384 054b 04       		.byte	4
 1385 054c B5       		.byte	-75
 1386 054d 01       		.byte	1
 1387 054e C0       		.byte	-64
 1388 054f 4F       		.byte	79
 1389 0550 C2       		.byte	-62
 1390 0551 2F       		.byte	47
 1391 0552 C4       		.byte	-60
 1392 0553 8F       		.byte	-113
 1393 0554 CA       		.byte	-54
 1394 0555 6F       		.byte	111
 1395 0556 CC       		.byte	-52
 1396 0557 DF       		.byte	-33
 1397 0558 CE       		.byte	-50
 1398 0559 5F       		.byte	95
 1399 055a D6       		.byte	-42
 1400 055b 04       		.byte	4
 1401 055c D8       		.byte	-40
 1402 055d 02       		.byte	2
 1403 055e DE       		.byte	-34
 1404 055f 08       		.byte	8
 1405 0560 E8       		.byte	-24
 1406 0561 02       		.byte	2
 1407 0562 EA       		.byte	-22
 1408 0563 90       		.byte	-112
 1409 0564 8D       		.byte	-115
 1410 0565 10       		.byte	16
 1411 0566 9D       		.byte	-99
 1412 0567 10       		.byte	16
 1413 0568 AD       		.byte	-83
 1414 0569 02       		.byte	2
 1415 056a AF       		.byte	-81
 1416 056b 21       		.byte	33
 1417 056c B0       		.byte	-80
 1418 056d 04       		.byte	4
 1419 056e E0       		.byte	-32
 1420 056f 40       		.byte	64
 1421 0570 EC       		.byte	-20
 1422 0571 80       		.byte	-128
 1423 0572 E4       		.byte	-28
 1424 0573 40       		.byte	64
 1425 0574 E8       		.byte	-24
ARM GAS  C:\Users\BASILE~1.BER\AppData\Local\Temp\cc5bFVg7.s 			page 26


 1426 0575 10       		.byte	16
 1427 0576 12       		.byte	18
 1428 0577 20       		.byte	32
 1429 0578 16       		.byte	22
 1430 0579 80       		.byte	-128
 1431 057a 33       		.byte	51
 1432 057b 42       		.byte	66
 1433 057c 36       		.byte	54
 1434 057d 80       		.byte	-128
 1435 057e 3B       		.byte	59
 1436 057f 02       		.byte	2
 1437 0580 3E       		.byte	62
 1438 0581 80       		.byte	-128
 1439 0582 77       		.byte	119
 1440 0583 40       		.byte	64
 1441 0584 7F       		.byte	127
 1442 0585 02       		.byte	2
 1443 0586 C4       		.byte	-60
 1444 0587 30       		.byte	48
 1445 0588 CC       		.byte	-52
 1446 0589 70       		.byte	112
 1447 058a CE       		.byte	-50
 1448 058b 60       		.byte	96
 1449 058c 52       		.byte	82
 1450 058d 20       		.byte	32
 1451 058e 57       		.byte	87
 1452 058f 80       		.byte	-128
 1453 0590 58       		.byte	88
 1454 0591 01       		.byte	1
 1455 0592 5A       		.byte	90
 1456 0593 80       		.byte	-128
 1457 0594 5C       		.byte	92
 1458 0595 08       		.byte	8
 1459 0596 5F       		.byte	95
 1460 0597 40       		.byte	64
 1461 0598 63       		.byte	99
 1462 0599 08       		.byte	8
 1463 059a 66       		.byte	102
 1464 059b 08       		.byte	8
 1465 059c 87       		.byte	-121
 1466 059d 40       		.byte	64
 1467 059e 8E       		.byte	-114
 1468 059f 40       		.byte	64
 1469 05a0 8F       		.byte	-113
 1470 05a1 04       		.byte	4
 1471 05a2 97       		.byte	-105
 1472 05a3 02       		.byte	2
 1473 05a4 9F       		.byte	-97
 1474 05a5 40       		.byte	64
 1475 05a6 A6       		.byte	-90
 1476 05a7 80       		.byte	-128
 1477 05a8 AE       		.byte	-82
 1478 05a9 20       		.byte	32
 1479 05aa D4       		.byte	-44
 1480 05ab E0       		.byte	-32
 1481 05ac D6       		.byte	-42
 1482 05ad E0       		.byte	-32
ARM GAS  C:\Users\BASILE~1.BER\AppData\Local\Temp\cc5bFVg7.s 			page 27


 1483 05ae D8       		.byte	-40
 1484 05af C0       		.byte	-64
 1485 05b0 E6       		.byte	-26
 1486 05b1 40       		.byte	64
 1487 05b2 EC       		.byte	-20
 1488 05b3 40       		.byte	64
 1489 05b4 02       		.byte	2
 1490 05b5 10       		.byte	16
 1491 05b6 1B       		.byte	27
 1492 05b7 04       		.byte	4
 1493 05b8 3F       		.byte	63
 1494 05b9 08       		.byte	8
 1495 05ba 53       		.byte	83
 1496 05bb 20       		.byte	32
 1497 05bc 8B       		.byte	-117
 1498 05bd 20       		.byte	32
 1499 05be 97       		.byte	-105
 1500 05bf 02       		.byte	2
 1501 05c0 9F       		.byte	-97
 1502 05c1 40       		.byte	64
 1503 05c2 A6       		.byte	-90
 1504 05c3 80       		.byte	-128
 1505 05c4 AA       		.byte	-86
 1506 05c5 08       		.byte	8
 1507 05c6 AB       		.byte	-85
 1508 05c7 80       		.byte	-128
 1509 05c8 B0       		.byte	-80
 1510 05c9 09       		.byte	9
 1511 05ca B6       		.byte	-74
 1512 05cb 20       		.byte	32
 1513 05cc C0       		.byte	-64
 1514 05cd 10       		.byte	16
 1515 05ce C6       		.byte	-58
 1516 05cf 10       		.byte	16
 1517 05d0 CE       		.byte	-50
 1518 05d1 80       		.byte	-128
 1519 05d2 D4       		.byte	-44
 1520 05d3 20       		.byte	32
 1521 05d4 EE       		.byte	-18
 1522 05d5 A0       		.byte	-96
 1523 05d6 60       		.byte	96
 1524 05d7 08       		.byte	8
 1525 05d8 71       		.byte	113
 1526 05d9 80       		.byte	-128
 1527 05da 81       		.byte	-127
 1528 05db 80       		.byte	-128
 1529 05dc 9F       		.byte	-97
 1530 05dd 40       		.byte	64
 1531 05de A6       		.byte	-90
 1532 05df 80       		.byte	-128
 1533 05e0 AB       		.byte	-85
 1534 05e1 01       		.byte	1
 1535 05e2 AE       		.byte	-82
 1536 05e3 10       		.byte	16
 1537 05e4 D8       		.byte	-40
 1538 05e5 40       		.byte	64
 1539 05e6 DC       		.byte	-36
ARM GAS  C:\Users\BASILE~1.BER\AppData\Local\Temp\cc5bFVg7.s 			page 28


 1540 05e7 20       		.byte	32
 1541 05e8 E6       		.byte	-26
 1542 05e9 80       		.byte	-128
 1543 05ea E8       		.byte	-24
 1544 05eb 40       		.byte	64
 1545 05ec EE       		.byte	-18
 1546 05ed 20       		.byte	32
 1547 05ee 1B       		.byte	27
 1548 05ef 04       		.byte	4
 1549 05f0 24       		.byte	36
 1550 05f1 20       		.byte	32
 1551 05f2 8C       		.byte	-116
 1552 05f3 10       		.byte	16
 1553 05f4 C6       		.byte	-58
 1554 05f5 08       		.byte	8
 1555 05f6 C8       		.byte	-56
 1556 05f7 01       		.byte	1
 1557 05f8 E6       		.byte	-26
 1558 05f9 02       		.byte	2
 1559 05fa 44       		.byte	68
 1560 05fb 02       		.byte	2
 1561 05fc 86       		.byte	-122
 1562 05fd 20       		.byte	32
 1563 05fe 92       		.byte	-110
 1564 05ff 01       		.byte	1
 1565 0600 A2       		.byte	-94
 1566 0601 40       		.byte	64
 1567 0602 AB       		.byte	-85
 1568 0603 04       		.byte	4
 1569 0604 AE       		.byte	-82
 1570 0605 41       		.byte	65
 1571 0606 D0       		.byte	-48
 1572 0607 04       		.byte	4
 1573 0608 24       		.byte	36
 1574 0609 08       		.byte	8
 1575 060a A6       		.byte	-90
 1576 060b 80       		.byte	-128
 1577 060c B0       		.byte	-80
 1578 060d 08       		.byte	8
 1579 060e B7       		.byte	-73
 1580 060f 40       		.byte	64
 1581 0610 C8       		.byte	-56
 1582 0611 20       		.byte	32
 1583 0612 0D       		.byte	13
 1584 0613 01       		.byte	1
 1585 0614 10       		.byte	16
 1586 0615 80       		.byte	-128
 1587 0616 7B       		.byte	123
 1588 0617 01       		.byte	1
 1589 0618 87       		.byte	-121
 1590 0619 01       		.byte	1
 1591 061a 89       		.byte	-119
 1592 061b 01       		.byte	1
 1593 061c A4       		.byte	-92
 1594 061d 80       		.byte	-128
 1595 061e A8       		.byte	-88
 1596 061f 80       		.byte	-128
ARM GAS  C:\Users\BASILE~1.BER\AppData\Local\Temp\cc5bFVg7.s 			page 29


 1597 0620 AE       		.byte	-82
 1598 0621 80       		.byte	-128
 1599 0622 B4       		.byte	-76
 1600 0623 04       		.byte	4
 1601 0624 C2       		.byte	-62
 1602 0625 20       		.byte	32
 1603 0626 C4       		.byte	-60
 1604 0627 10       		.byte	16
 1605 0628 DC       		.byte	-36
 1606 0629 80       		.byte	-128
 1607 062a E6       		.byte	-26
 1608 062b 10       		.byte	16
 1609 062c E8       		.byte	-24
 1610 062d 20       		.byte	32
 1611 062e EE       		.byte	-18
 1612 062f 10       		.byte	16
 1613 0630 06       		.byte	6
 1614 0631 20       		.byte	32
 1615 0632 51       		.byte	81
 1616 0633 20       		.byte	32
 1617 0634 5E       		.byte	94
 1618 0635 81       		.byte	-127
 1619 0636 92       		.byte	-110
 1620 0637 01       		.byte	1
 1621 0638 9C       		.byte	-100
 1622 0639 02       		.byte	2
 1623 063a 9E       		.byte	-98
 1624 063b 20       		.byte	32
 1625 063c A2       		.byte	-94
 1626 063d 40       		.byte	64
 1627 063e C0       		.byte	-64
 1628 063f 04       		.byte	4
 1629 0640 D4       		.byte	-44
 1630 0641 04       		.byte	4
 1631 0642 D6       		.byte	-42
 1632 0643 05       		.byte	5
 1633 0644 8D       		.byte	-115
 1634 0645 20       		.byte	32
 1635 0646 A5       		.byte	-91
 1636 0647 20       		.byte	32
 1637 0648 B4       		.byte	-76
 1638 0649 02       		.byte	2
 1639 064a E4       		.byte	-28
 1640 064b 02       		.byte	2
 1641 064c E8       		.byte	-24
 1642 064d 08       		.byte	8
 1643 064e 00       		.byte	0
 1644 064f 03       		.byte	3
 1645 0650 01       		.byte	1
 1646 0651 01       		.byte	1
 1647 0652 08       		.byte	8
 1648 0653 01       		.byte	1
 1649 0654 09       		.byte	9
 1650 0655 01       		.byte	1
 1651 0656 0A       		.byte	10
 1652 0657 03       		.byte	3
 1653 0658 0B       		.byte	11
ARM GAS  C:\Users\BASILE~1.BER\AppData\Local\Temp\cc5bFVg7.s 			page 30


 1654 0659 01       		.byte	1
 1655 065a 0C       		.byte	12
 1656 065b 01       		.byte	1
 1657 065c 10       		.byte	16
 1658 065d 05       		.byte	5
 1659 065e 1A       		.byte	26
 1660 065f 05       		.byte	5
 1661 0660 00       		.byte	0
 1662 0661 3F       		.byte	63
 1663 0662 04       		.byte	4
 1664 0663 0C       		.byte	12
 1665 0664 10       		.byte	16
 1666 0665 0A       		.byte	10
 1667 0666 00       		.byte	0
 1668 0667 00       		.byte	0
 1669 0668 00       		.byte	0
 1670 0669 00       		.byte	0
 1671 066a 00       		.byte	0
 1672 066b 00       		.byte	0
 1673 066c 00       		.byte	0
 1674 066d FF       		.byte	-1
 1675 066e FF       		.byte	-1
 1676 066f 00       		.byte	0
 1677 0670 05       		.byte	5
 1678 0671 0F       		.byte	15
 1679 0672 0A       		.byte	10
 1680 0673 00       		.byte	0
 1681 0674 0A       		.byte	10
 1682 0675 00       		.byte	0
 1683 0676 00       		.byte	0
 1684 0677 00       		.byte	0
 1685 0678 84       		.byte	-124
 1686 0679 00       		.byte	0
 1687 067a 02       		.byte	2
 1688 067b FF       		.byte	-1
 1689 067c FD       		.byte	-3
 1690 067d 00       		.byte	0
 1691 067e 29       		.byte	41
 1692 067f 00       		.byte	0
 1693 0680 00       		.byte	0
 1694 0681 00       		.byte	0
 1695 0682 00       		.byte	0
 1696 0683 00       		.byte	0
 1697 0684 00       		.byte	0
 1698 0685 7F       		.byte	127
 1699 0686 7F       		.byte	127
 1700 0687 00       		.byte	0
 1701 0688 00       		.byte	0
 1702 0689 00       		.byte	0
 1703 068a 00       		.byte	0
 1704 068b 00       		.byte	0
 1705 068c 60       		.byte	96
 1706 068d 00       		.byte	0
 1707 068e 00       		.byte	0
 1708 068f 7F       		.byte	127
 1709 0690 1F       		.byte	31
 1710 0691 00       		.byte	0
ARM GAS  C:\Users\BASILE~1.BER\AppData\Local\Temp\cc5bFVg7.s 			page 31


 1711 0692 00       		.byte	0
 1712 0693 00       		.byte	0
 1713 0694 00       		.byte	0
 1714 0695 00       		.byte	0
 1715 0696 00       		.byte	0
 1716 0697 00       		.byte	0
 1717 0698 00       		.byte	0
 1718 0699 01       		.byte	1
 1719 069a 00       		.byte	0
 1720 069b 00       		.byte	0
 1721              		.section	.cywolatch,"a",%progbits
 1722              		.align	2
 1723              		.type	cy_meta_wonvl, %object
 1724              		.size	cy_meta_wonvl, 4
 1725              	cy_meta_wonvl:
 1726 0000 BC       		.byte	-68
 1727 0001 90       		.byte	-112
 1728 0002 AC       		.byte	-84
 1729 0003 AF       		.byte	-81
 1730              		.section	.cycustnvl,"a",%progbits
 1731              		.align	2
 1732              		.type	cy_meta_custnvl, %object
 1733              		.size	cy_meta_custnvl, 4
 1734              	cy_meta_custnvl:
 1735 0000 00       		.byte	0
 1736 0001 00       		.byte	0
 1737 0002 40       		.byte	64
 1738 0003 07       		.byte	7
 1739              		.section	.cymeta,"a",%progbits
 1740              		.align	2
 1741              		.type	cy_metadata, %object
 1742              		.size	cy_metadata, 12
 1743              	cy_metadata:
 1744 0000 00       		.byte	0
 1745 0001 01       		.byte	1
 1746 0002 2E       		.byte	46
 1747 0003 16       		.byte	22
 1748 0004 10       		.byte	16
 1749 0005 69       		.byte	105
 1750 0006 00       		.byte	0
 1751 0007 01       		.byte	1
 1752 0008 00       		.byte	0
 1753 0009 00       		.byte	0
 1754 000a 00       		.byte	0
 1755 000b 00       		.byte	0
 1756              		.section	.cyflashprotect,"a",%progbits
 1757              		.align	2
 1758              		.type	cy_meta_flashprotect, %object
 1759              		.size	cy_meta_flashprotect, 256
 1760              	cy_meta_flashprotect:
 1761 0000 00000000 		.space	256
 1761      00000000 
 1761      00000000 
 1761      00000000 
 1761      00000000 
 1762              		.text
 1763              	.Letext0:
ARM GAS  C:\Users\BASILE~1.BER\AppData\Local\Temp\cc5bFVg7.s 			page 32


 1764              		.file 1 "c:\\program files (x86)\\cypress\\psoc creator\\4.1\\psoc creator\\import\\gnu\\arm\\5.4.
 1765              		.file 2 "c:\\program files (x86)\\cypress\\psoc creator\\4.1\\psoc creator\\import\\gnu\\arm\\5.4.
 1766              		.file 3 "Generated_Source\\PSoC5\\cymetadata.c"
 1767              		.section	.debug_info,"",%progbits
 1768              	.Ldebug_info0:
 1769 0000 35010000 		.4byte	0x135
 1770 0004 0400     		.2byte	0x4
 1771 0006 00000000 		.4byte	.Ldebug_abbrev0
 1772 000a 04       		.byte	0x4
 1773 000b 01       		.uleb128 0x1
 1774 000c 24000000 		.4byte	.LASF17
 1775 0010 0C       		.byte	0xc
 1776 0011 7E010000 		.4byte	.LASF18
 1777 0015 A2010000 		.4byte	.LASF19
 1778 0019 00000000 		.4byte	.Ldebug_line0
 1779 001d 02       		.uleb128 0x2
 1780 001e 01       		.byte	0x1
 1781 001f 06       		.byte	0x6
 1782 0020 72010000 		.4byte	.LASF0
 1783 0024 03       		.uleb128 0x3
 1784 0025 00000000 		.4byte	.LASF9
 1785 0029 01       		.byte	0x1
 1786 002a 1D       		.byte	0x1d
 1787 002b 2F000000 		.4byte	0x2f
 1788 002f 02       		.uleb128 0x2
 1789 0030 01       		.byte	0x1
 1790 0031 08       		.byte	0x8
 1791 0032 16000000 		.4byte	.LASF1
 1792 0036 02       		.uleb128 0x2
 1793 0037 02       		.byte	0x2
 1794 0038 05       		.byte	0x5
 1795 0039 5F010000 		.4byte	.LASF2
 1796 003d 02       		.uleb128 0x2
 1797 003e 02       		.byte	0x2
 1798 003f 07       		.byte	0x7
 1799 0040 C4000000 		.4byte	.LASF3
 1800 0044 02       		.uleb128 0x2
 1801 0045 04       		.byte	0x4
 1802 0046 05       		.byte	0x5
 1803 0047 69010000 		.4byte	.LASF4
 1804 004b 02       		.uleb128 0x2
 1805 004c 04       		.byte	0x4
 1806 004d 07       		.byte	0x7
 1807 004e B2000000 		.4byte	.LASF5
 1808 0052 02       		.uleb128 0x2
 1809 0053 08       		.byte	0x8
 1810 0054 05       		.byte	0x5
 1811 0055 51010000 		.4byte	.LASF6
 1812 0059 02       		.uleb128 0x2
 1813 005a 08       		.byte	0x8
 1814 005b 07       		.byte	0x7
 1815 005c 06010000 		.4byte	.LASF7
 1816 0060 04       		.uleb128 0x4
 1817 0061 04       		.byte	0x4
 1818 0062 05       		.byte	0x5
 1819 0063 696E7400 		.ascii	"int\000"
 1820 0067 02       		.uleb128 0x2
ARM GAS  C:\Users\BASILE~1.BER\AppData\Local\Temp\cc5bFVg7.s 			page 33


 1821 0068 04       		.byte	0x4
 1822 0069 07       		.byte	0x7
 1823 006a F9000000 		.4byte	.LASF8
 1824 006e 03       		.uleb128 0x3
 1825 006f 1D010000 		.4byte	.LASF10
 1826 0073 02       		.byte	0x2
 1827 0074 18       		.byte	0x18
 1828 0075 24000000 		.4byte	0x24
 1829 0079 05       		.uleb128 0x5
 1830 007a 91000000 		.4byte	0x91
 1831 007e 8A000000 		.4byte	0x8a
 1832 0082 06       		.uleb128 0x6
 1833 0083 8A000000 		.4byte	0x8a
 1834 0087 9B06     		.2byte	0x69b
 1835 0089 00       		.byte	0
 1836 008a 02       		.uleb128 0x2
 1837 008b 04       		.byte	0x4
 1838 008c 07       		.byte	0x7
 1839 008d 48010000 		.4byte	.LASF11
 1840 0091 07       		.uleb128 0x7
 1841 0092 6E000000 		.4byte	0x6e
 1842 0096 08       		.uleb128 0x8
 1843 0097 E7000000 		.4byte	.LASF12
 1844 009b 03       		.byte	0x3
 1845 009c 1F       		.byte	0x1f
 1846 009d A7000000 		.4byte	0xa7
 1847 00a1 05       		.uleb128 0x5
 1848 00a2 03       		.byte	0x3
 1849 00a3 00000000 		.4byte	cy_meta_configecc
 1850 00a7 07       		.uleb128 0x7
 1851 00a8 79000000 		.4byte	0x79
 1852 00ac 05       		.uleb128 0x5
 1853 00ad 91000000 		.4byte	0x91
 1854 00b1 BC000000 		.4byte	0xbc
 1855 00b5 09       		.uleb128 0x9
 1856 00b6 8A000000 		.4byte	0x8a
 1857 00ba 03       		.byte	0x3
 1858 00bb 00       		.byte	0
 1859 00bc 0A       		.uleb128 0xa
 1860 00bd D7000000 		.4byte	.LASF13
 1861 00c1 03       		.byte	0x3
 1862 00c2 0001     		.2byte	0x100
 1863 00c4 CE000000 		.4byte	0xce
 1864 00c8 05       		.uleb128 0x5
 1865 00c9 03       		.byte	0x3
 1866 00ca 00000000 		.4byte	cy_meta_custnvl
 1867 00ce 07       		.uleb128 0x7
 1868 00cf AC000000 		.4byte	0xac
 1869 00d3 0A       		.uleb128 0xa
 1870 00d4 3A010000 		.4byte	.LASF14
 1871 00d8 03       		.byte	0x3
 1872 00d9 0E01     		.2byte	0x10e
 1873 00db E5000000 		.4byte	0xe5
 1874 00df 05       		.uleb128 0x5
 1875 00e0 03       		.byte	0x3
 1876 00e1 00000000 		.4byte	cy_meta_wonvl
 1877 00e5 07       		.uleb128 0x7
ARM GAS  C:\Users\BASILE~1.BER\AppData\Local\Temp\cc5bFVg7.s 			page 34


 1878 00e6 AC000000 		.4byte	0xac
 1879 00ea 05       		.uleb128 0x5
 1880 00eb 91000000 		.4byte	0x91
 1881 00ef FA000000 		.4byte	0xfa
 1882 00f3 09       		.uleb128 0x9
 1883 00f4 8A000000 		.4byte	0x8a
 1884 00f8 FF       		.byte	0xff
 1885 00f9 00       		.byte	0
 1886 00fa 0A       		.uleb128 0xa
 1887 00fb 25010000 		.4byte	.LASF15
 1888 00ff 03       		.byte	0x3
 1889 0100 1C01     		.2byte	0x11c
 1890 0102 0C010000 		.4byte	0x10c
 1891 0106 05       		.uleb128 0x5
 1892 0107 03       		.byte	0x3
 1893 0108 00000000 		.4byte	cy_meta_flashprotect
 1894 010c 07       		.uleb128 0x7
 1895 010d EA000000 		.4byte	0xea
 1896 0111 05       		.uleb128 0x5
 1897 0112 91000000 		.4byte	0x91
 1898 0116 21010000 		.4byte	0x121
 1899 011a 09       		.uleb128 0x9
 1900 011b 8A000000 		.4byte	0x8a
 1901 011f 0B       		.byte	0xb
 1902 0120 00       		.byte	0
 1903 0121 0A       		.uleb128 0xa
 1904 0122 0A000000 		.4byte	.LASF16
 1905 0126 03       		.byte	0x3
 1906 0127 4901     		.2byte	0x149
 1907 0129 33010000 		.4byte	0x133
 1908 012d 05       		.uleb128 0x5
 1909 012e 03       		.byte	0x3
 1910 012f 00000000 		.4byte	cy_metadata
 1911 0133 07       		.uleb128 0x7
 1912 0134 11010000 		.4byte	0x111
 1913 0138 00       		.byte	0
 1914              		.section	.debug_abbrev,"",%progbits
 1915              	.Ldebug_abbrev0:
 1916 0000 01       		.uleb128 0x1
 1917 0001 11       		.uleb128 0x11
 1918 0002 01       		.byte	0x1
 1919 0003 25       		.uleb128 0x25
 1920 0004 0E       		.uleb128 0xe
 1921 0005 13       		.uleb128 0x13
 1922 0006 0B       		.uleb128 0xb
 1923 0007 03       		.uleb128 0x3
 1924 0008 0E       		.uleb128 0xe
 1925 0009 1B       		.uleb128 0x1b
 1926 000a 0E       		.uleb128 0xe
 1927 000b 10       		.uleb128 0x10
 1928 000c 17       		.uleb128 0x17
 1929 000d 00       		.byte	0
 1930 000e 00       		.byte	0
 1931 000f 02       		.uleb128 0x2
 1932 0010 24       		.uleb128 0x24
 1933 0011 00       		.byte	0
 1934 0012 0B       		.uleb128 0xb
ARM GAS  C:\Users\BASILE~1.BER\AppData\Local\Temp\cc5bFVg7.s 			page 35


 1935 0013 0B       		.uleb128 0xb
 1936 0014 3E       		.uleb128 0x3e
 1937 0015 0B       		.uleb128 0xb
 1938 0016 03       		.uleb128 0x3
 1939 0017 0E       		.uleb128 0xe
 1940 0018 00       		.byte	0
 1941 0019 00       		.byte	0
 1942 001a 03       		.uleb128 0x3
 1943 001b 16       		.uleb128 0x16
 1944 001c 00       		.byte	0
 1945 001d 03       		.uleb128 0x3
 1946 001e 0E       		.uleb128 0xe
 1947 001f 3A       		.uleb128 0x3a
 1948 0020 0B       		.uleb128 0xb
 1949 0021 3B       		.uleb128 0x3b
 1950 0022 0B       		.uleb128 0xb
 1951 0023 49       		.uleb128 0x49
 1952 0024 13       		.uleb128 0x13
 1953 0025 00       		.byte	0
 1954 0026 00       		.byte	0
 1955 0027 04       		.uleb128 0x4
 1956 0028 24       		.uleb128 0x24
 1957 0029 00       		.byte	0
 1958 002a 0B       		.uleb128 0xb
 1959 002b 0B       		.uleb128 0xb
 1960 002c 3E       		.uleb128 0x3e
 1961 002d 0B       		.uleb128 0xb
 1962 002e 03       		.uleb128 0x3
 1963 002f 08       		.uleb128 0x8
 1964 0030 00       		.byte	0
 1965 0031 00       		.byte	0
 1966 0032 05       		.uleb128 0x5
 1967 0033 01       		.uleb128 0x1
 1968 0034 01       		.byte	0x1
 1969 0035 49       		.uleb128 0x49
 1970 0036 13       		.uleb128 0x13
 1971 0037 01       		.uleb128 0x1
 1972 0038 13       		.uleb128 0x13
 1973 0039 00       		.byte	0
 1974 003a 00       		.byte	0
 1975 003b 06       		.uleb128 0x6
 1976 003c 21       		.uleb128 0x21
 1977 003d 00       		.byte	0
 1978 003e 49       		.uleb128 0x49
 1979 003f 13       		.uleb128 0x13
 1980 0040 2F       		.uleb128 0x2f
 1981 0041 05       		.uleb128 0x5
 1982 0042 00       		.byte	0
 1983 0043 00       		.byte	0
 1984 0044 07       		.uleb128 0x7
 1985 0045 26       		.uleb128 0x26
 1986 0046 00       		.byte	0
 1987 0047 49       		.uleb128 0x49
 1988 0048 13       		.uleb128 0x13
 1989 0049 00       		.byte	0
 1990 004a 00       		.byte	0
 1991 004b 08       		.uleb128 0x8
ARM GAS  C:\Users\BASILE~1.BER\AppData\Local\Temp\cc5bFVg7.s 			page 36


 1992 004c 34       		.uleb128 0x34
 1993 004d 00       		.byte	0
 1994 004e 03       		.uleb128 0x3
 1995 004f 0E       		.uleb128 0xe
 1996 0050 3A       		.uleb128 0x3a
 1997 0051 0B       		.uleb128 0xb
 1998 0052 3B       		.uleb128 0x3b
 1999 0053 0B       		.uleb128 0xb
 2000 0054 49       		.uleb128 0x49
 2001 0055 13       		.uleb128 0x13
 2002 0056 3F       		.uleb128 0x3f
 2003 0057 19       		.uleb128 0x19
 2004 0058 02       		.uleb128 0x2
 2005 0059 18       		.uleb128 0x18
 2006 005a 00       		.byte	0
 2007 005b 00       		.byte	0
 2008 005c 09       		.uleb128 0x9
 2009 005d 21       		.uleb128 0x21
 2010 005e 00       		.byte	0
 2011 005f 49       		.uleb128 0x49
 2012 0060 13       		.uleb128 0x13
 2013 0061 2F       		.uleb128 0x2f
 2014 0062 0B       		.uleb128 0xb
 2015 0063 00       		.byte	0
 2016 0064 00       		.byte	0
 2017 0065 0A       		.uleb128 0xa
 2018 0066 34       		.uleb128 0x34
 2019 0067 00       		.byte	0
 2020 0068 03       		.uleb128 0x3
 2021 0069 0E       		.uleb128 0xe
 2022 006a 3A       		.uleb128 0x3a
 2023 006b 0B       		.uleb128 0xb
 2024 006c 3B       		.uleb128 0x3b
 2025 006d 05       		.uleb128 0x5
 2026 006e 49       		.uleb128 0x49
 2027 006f 13       		.uleb128 0x13
 2028 0070 3F       		.uleb128 0x3f
 2029 0071 19       		.uleb128 0x19
 2030 0072 02       		.uleb128 0x2
 2031 0073 18       		.uleb128 0x18
 2032 0074 00       		.byte	0
 2033 0075 00       		.byte	0
 2034 0076 00       		.byte	0
 2035              		.section	.debug_aranges,"",%progbits
 2036 0000 14000000 		.4byte	0x14
 2037 0004 0200     		.2byte	0x2
 2038 0006 00000000 		.4byte	.Ldebug_info0
 2039 000a 04       		.byte	0x4
 2040 000b 00       		.byte	0
 2041 000c 0000     		.2byte	0
 2042 000e 0000     		.2byte	0
 2043 0010 00000000 		.4byte	0
 2044 0014 00000000 		.4byte	0
 2045              		.section	.debug_line,"",%progbits
 2046              	.Ldebug_line0:
 2047 0000 3D010000 		.section	.debug_str,"MS",%progbits,1
 2047      02003701 
ARM GAS  C:\Users\BASILE~1.BER\AppData\Local\Temp\cc5bFVg7.s 			page 37


 2047      00000201 
 2047      FB0E0D00 
 2047      01010101 
 2048              	.LASF9:
 2049 0000 5F5F7569 		.ascii	"__uint8_t\000"
 2049      6E74385F 
 2049      7400
 2050              	.LASF16:
 2051 000a 63795F6D 		.ascii	"cy_metadata\000"
 2051      65746164 
 2051      61746100 
 2052              	.LASF1:
 2053 0016 756E7369 		.ascii	"unsigned char\000"
 2053      676E6564 
 2053      20636861 
 2053      7200
 2054              	.LASF17:
 2055 0024 474E5520 		.ascii	"GNU C11 5.4.1 20160609 (release) [ARM/embedded-5-br"
 2055      43313120 
 2055      352E342E 
 2055      31203230 
 2055      31363036 
 2056 0057 616E6368 		.ascii	"anch revision 237715] -mcpu=cortex-m3 -mthumb -g -O"
 2056      20726576 
 2056      6973696F 
 2056      6E203233 
 2056      37373135 
 2057 008a 67202D66 		.ascii	"g -ffunction-sections -ffat-lto-objects\000"
 2057      66756E63 
 2057      74696F6E 
 2057      2D736563 
 2057      74696F6E 
 2058              	.LASF5:
 2059 00b2 6C6F6E67 		.ascii	"long unsigned int\000"
 2059      20756E73 
 2059      69676E65 
 2059      6420696E 
 2059      7400
 2060              	.LASF3:
 2061 00c4 73686F72 		.ascii	"short unsigned int\000"
 2061      7420756E 
 2061      7369676E 
 2061      65642069 
 2061      6E7400
 2062              	.LASF13:
 2063 00d7 63795F6D 		.ascii	"cy_meta_custnvl\000"
 2063      6574615F 
 2063      63757374 
 2063      6E766C00 
 2064              	.LASF12:
 2065 00e7 63795F6D 		.ascii	"cy_meta_configecc\000"
 2065      6574615F 
 2065      636F6E66 
 2065      69676563 
 2065      6300
 2066              	.LASF8:
 2067 00f9 756E7369 		.ascii	"unsigned int\000"
ARM GAS  C:\Users\BASILE~1.BER\AppData\Local\Temp\cc5bFVg7.s 			page 38


 2067      676E6564 
 2067      20696E74 
 2067      00
 2068              	.LASF7:
 2069 0106 6C6F6E67 		.ascii	"long long unsigned int\000"
 2069      206C6F6E 
 2069      6720756E 
 2069      7369676E 
 2069      65642069 
 2070              	.LASF10:
 2071 011d 75696E74 		.ascii	"uint8_t\000"
 2071      385F7400 
 2072              	.LASF15:
 2073 0125 63795F6D 		.ascii	"cy_meta_flashprotect\000"
 2073      6574615F 
 2073      666C6173 
 2073      6870726F 
 2073      74656374 
 2074              	.LASF14:
 2075 013a 63795F6D 		.ascii	"cy_meta_wonvl\000"
 2075      6574615F 
 2075      776F6E76 
 2075      6C00
 2076              	.LASF11:
 2077 0148 73697A65 		.ascii	"sizetype\000"
 2077      74797065 
 2077      00
 2078              	.LASF6:
 2079 0151 6C6F6E67 		.ascii	"long long int\000"
 2079      206C6F6E 
 2079      6720696E 
 2079      7400
 2080              	.LASF2:
 2081 015f 73686F72 		.ascii	"short int\000"
 2081      7420696E 
 2081      7400
 2082              	.LASF4:
 2083 0169 6C6F6E67 		.ascii	"long int\000"
 2083      20696E74 
 2083      00
 2084              	.LASF0:
 2085 0172 7369676E 		.ascii	"signed char\000"
 2085      65642063 
 2085      68617200 
 2086              	.LASF18:
 2087 017e 47656E65 		.ascii	"Generated_Source\\PSoC5\\cymetadata.c\000"
 2087      72617465 
 2087      645F536F 
 2087      75726365 
 2087      5C50536F 
 2088              	.LASF19:
 2089 01a2 433A5C55 		.ascii	"C:\\Users\\basile.berckmoes\\Documents\\GitHub\\Rob"
 2089      73657273 
 2089      5C626173 
 2089      696C652E 
 2089      62657263 
 2090 01d0 6F74436F 		.ascii	"otComp2ELO\\Software\\PSoc\\Roadster\\RoadsterRACEM"
ARM GAS  C:\Users\BASILE~1.BER\AppData\Local\Temp\cc5bFVg7.s 			page 39


 2090      6D703245 
 2090      4C4F5C53 
 2090      6F667477 
 2090      6172655C 
 2091 01ff 4F44455C 		.ascii	"ODE\\Roadster1.0.cydsn\000"
 2091      526F6164 
 2091      73746572 
 2091      312E302E 
 2091      63796473 
 2092              		.ident	"GCC: (GNU Tools for ARM Embedded Processors) 5.4.1 20160609 (release) [ARM/embedded-5-bran
