ARM GAS  C:\Users\BASILE~1.BER\AppData\Local\Temp\cc7r3Iwj.s 			page 1


   1              		.syntax unified
   2              		.cpu cortex-m3
   3              		.fpu softvfp
   4              		.eabi_attribute 20, 1
   5              		.eabi_attribute 21, 1
   6              		.eabi_attribute 23, 3
   7              		.eabi_attribute 24, 1
   8              		.eabi_attribute 25, 1
   9              		.eabi_attribute 26, 1
  10              		.eabi_attribute 30, 1
  11              		.eabi_attribute 34, 1
  12              		.eabi_attribute 18, 4
  13              		.thumb
  14              		.syntax unified
  15              		.file	"main.c"
  16              		.text
  17              	.Ltext0:
  18              		.cfi_sections	.debug_frame
  19              		.section	.text.initFirmwire,"ax",%progbits
  20              		.align	2
  21              		.global	initFirmwire
  22              		.thumb
  23              		.thumb_func
  24              		.type	initFirmwire, %function
  25              	initFirmwire:
  26              	.LFB64:
  27              		.file 1 "main.c"
   1:main.c        **** /* ========================================
   2:main.c        ****  *
   3:main.c        ****  * Copyright YOUR COMPANY, THE YEAR
   4:main.c        ****  * All Rights Reserved
   5:main.c        ****  * UNPUBLISHED, LICENSED SOFTWARE.
   6:main.c        ****  *
   7:main.c        ****  * CONFIDENTIAL AND PROPRIETARY INFORMATION
   8:main.c        ****  * WHICH IS THE PROPERTY OF your company.
   9:main.c        ****  *
  10:main.c        ****  * ========================================
  11:main.c        **** */
  12:main.c        **** 
  13:main.c        **** #include "projectMain.h"
  14:main.c        **** #include "project.h"
  15:main.c        **** #include <string.h>
  16:main.c        **** //#include <stdlib.h> //atoi
  17:main.c        **** #include <stdio.h> 
  18:main.c        **** #include <myUART.h>
  19:main.c        **** 
  20:main.c        **** 
  21:main.c        **** 
  22:main.c        **** //CY_ISR(TestIRFilter)
  23:main.c        **** //{
  24:main.c        **** //    LCD_ClearDisplay();
  25:main.c        **** //    uint8 testGetal = 0b01001100;
  26:main.c        **** //    AnalyseerData(testGetal);
  27:main.c        **** //    
  28:main.c        **** //    //printBINopLCD(TestGetal, 1);
  29:main.c        **** //    
  30:main.c        **** //}
ARM GAS  C:\Users\BASILE~1.BER\AppData\Local\Temp\cc7r3Iwj.s 			page 2


  31:main.c        **** 
  32:main.c        **** 
  33:main.c        **** //Start alle firmwire blokken
  34:main.c        **** void initFirmwire()
  35:main.c        **** {
  28              		.loc 1 35 0
  29              		.cfi_startproc
  30              		@ args = 0, pretend = 0, frame = 0
  31              		@ frame_needed = 0, uses_anonymous_args = 0
  32 0000 08B5     		push	{r3, lr}
  33              		.cfi_def_cfa_offset 8
  34              		.cfi_offset 3, -8
  35              		.cfi_offset 14, -4
  36:main.c        **** 	ADC_IR_Start();
  36              		.loc 1 36 0
  37 0002 FFF7FEFF 		bl	ADC_IR_Start
  38              	.LVL0:
  37:main.c        **** 	ADC_IR_StartConvert();
  39              		.loc 1 37 0
  40 0006 FFF7FEFF 		bl	ADC_IR_StartConvert
  41              	.LVL1:
  38:main.c        ****     
  39:main.c        **** 	LCD_Start(); 
  42              		.loc 1 39 0
  43 000a FFF7FEFF 		bl	LCD_Start
  44              	.LVL2:
  40:main.c        **** 	
  41:main.c        **** 	MotorControl_Start();
  45              		.loc 1 41 0
  46 000e FFF7FEFF 		bl	MotorControl_Start
  47              	.LVL3:
  42:main.c        **** 	
  43:main.c        **** 	TimerUS_Start();
  48              		.loc 1 43 0
  49 0012 FFF7FEFF 		bl	TimerUS_Start
  50              	.LVL4:
  44:main.c        **** 
  45:main.c        ****     
  46:main.c        ****     pwmMotorLinks = 0; 
  51              		.loc 1 46 0
  52 0016 0023     		movs	r3, #0
  53 0018 024A     		ldr	r2, .L3
  54 001a 1370     		strb	r3, [r2]
  47:main.c        ****     pwmMotorRechts = 0; 
  55              		.loc 1 47 0
  56 001c 024A     		ldr	r2, .L3+4
  57 001e 1370     		strb	r3, [r2]
  58 0020 08BD     		pop	{r3, pc}
  59              	.L4:
  60 0022 00BF     		.align	2
  61              	.L3:
  62 0024 00000000 		.word	pwmMotorLinks
  63 0028 00000000 		.word	pwmMotorRechts
  64              		.cfi_endproc
  65              	.LFE64:
  66              		.size	initFirmwire, .-initFirmwire
  67              		.section	.text.telTot,"ax",%progbits
ARM GAS  C:\Users\BASILE~1.BER\AppData\Local\Temp\cc7r3Iwj.s 			page 3


  68              		.align	2
  69              		.global	telTot
  70              		.thumb
  71              		.thumb_func
  72              		.type	telTot, %function
  73              	telTot:
  74              	.LFB66:
  48:main.c        **** } 
  49:main.c        **** 
  50:main.c        **** int main(void)
  51:main.c        **** {
  52:main.c        ****     CyGlobalIntEnable; /* Enable global interrupts. */
  53:main.c        ****     //drempelwaarde van de IR sensoren
  54:main.c        ****     IRDrempel = 100;
  55:main.c        **** 
  56:main.c        **** 	initFirmwire();
  57:main.c        **** 	
  58:main.c        **** 	//Interrupts
  59:main.c        **** 	readIRSensors_StartEx(IRSensoren);
  60:main.c        **** 	//______EnMotorISR_StartEx(TestIRFilter);
  61:main.c        **** 	
  62:main.c        ****     //schakel motoren uit 
  63:main.c        **** 	MotorControl_WriteCompare1(0);
  64:main.c        **** 	MotorControl_WriteCompare2(0);
  65:main.c        **** 	ENA_Write(0);
  66:main.c        **** 	ENB_Write(0);
  67:main.c        **** 	
  68:main.c        ****    
  69:main.c        **** 	while(SW1_Read() == 1) 
  70:main.c        **** 	{
  71:main.c        **** 
  72:main.c        **** 	} 
  73:main.c        ****     
  74:main.c        **** 	MotorControl_WriteCompare1(pwmMotorLinks);
  75:main.c        **** 	MotorControl_WriteCompare2(pwmMotorRechts);
  76:main.c        ****     //start de 5 LED Procedure
  77:main.c        **** 	telProcedure();
  78:main.c        ****     ENA_Write(0);
  79:main.c        **** 	ENB_Write(0);
  80:main.c        ****     
  81:main.c        ****     //Clear lcd zodat nieuwe waarden er op passen 
  82:main.c        ****     
  83:main.c        ****     //Loop
  84:main.c        **** 	for(;;)
  85:main.c        **** 	{ 
  86:main.c        **** 		//US deel
  87:main.c        **** 		//===================================================================
  88:main.c        **** 		//Teller die door de mux loopt
  89:main.c        **** 		//selectUS = telTot(selectUS, 0, 2); //PAS DIT AAN INDIEN NIET ALE US SENSOREN ZIJN AANGESLOTEN!!
  90:main.c        **** 		//selectUS_Write(selectUS);
  91:main.c        **** 		
  92:main.c        **** 		//vraag afstand aan 1 van de 3 us sensoren
  93:main.c        **** 	    // uint16 counterValue = readUSValue();
  94:main.c        **** 		//schuif uitkomst timer in juiste array
  95:main.c        **** 		//if (selectUS == 0) schuifRegister(avgUS1, counterValue);
  96:main.c        **** 		//else if (selectUS == 1) schuifRegister(avgUS2, counterValue);
  97:main.c        **** 		//else if (selectUS == 2) schuifRegister(avgUS3, counterValue);
ARM GAS  C:\Users\BASILE~1.BER\AppData\Local\Temp\cc7r3Iwj.s 			page 4


  98:main.c        **** 		
  99:main.c        **** 		//berekenen van de mediaan
 100:main.c        ****         
 101:main.c        ****         
 102:main.c        ****         //Motoren met joystick
 103:main.c        ****         //LCD_Position(0u,0u);
 104:main.c        ****         //LCD_PrintInt16(pwmMotorLinks);
 105:main.c        ****         //LCD_Position(1u,0u);
 106:main.c        ****         //LCD_PrintInt16(pwmMotorRechts);
 107:main.c        ****         
 108:main.c        **** 	    //CyDelay(10);
 109:main.c        **** 		//motordeel
 110:main.c        **** 		//===================================================================
 111:main.c        ****         
 112:main.c        ****         AnalyseerData(IRWaarden);
 113:main.c        ****       
 114:main.c        ****         printBINopLCD(IRWaarden,0);
 115:main.c        ****         
 116:main.c        ****         LCD_Position(1u,0u);
 117:main.c        ****         LCD_PrintInt16(pwmMotorLinks);  
 118:main.c        ****         LCD_Position(1u,10u);
 119:main.c        ****         LCD_PrintInt16(pwmMotorRechts);  
 120:main.c        ****         //Pas snelheid motoren aan
 121:main.c        **** 		MotorControl_WriteCompare1(pwmMotorLinks);
 122:main.c        ****         MotorControl_WriteCompare2(pwmMotorRechts);
 123:main.c        **** 	}
 124:main.c        **** }
 125:main.c        **** 
 126:main.c        **** 
 127:main.c        **** //methode die van min tot max telt en de huidige tel waarde terug geeft
 128:main.c        **** uint8 telTot(uint8 getal, uint8 min, uint8 max)
 129:main.c        **** {
  75              		.loc 1 129 0
  76              		.cfi_startproc
  77              		@ args = 0, pretend = 0, frame = 0
  78              		@ frame_needed = 0, uses_anonymous_args = 0
  79              		@ link register save eliminated.
  80              	.LVL5:
 130:main.c        ****    if (getal >= min && getal <= max - 1)
  81              		.loc 1 130 0
  82 0000 8842     		cmp	r0, r1
  83 0002 05D3     		bcc	.L7
  84              		.loc 1 130 0 is_stmt 0 discriminator 1
  85 0004 013A     		subs	r2, r2, #1
  86              	.LVL6:
  87 0006 9042     		cmp	r0, r2
  88 0008 04DC     		bgt	.L8
 131:main.c        **** 		{
 132:main.c        **** 	        getal++;
  89              		.loc 1 132 0 is_stmt 1
  90 000a 411C     		adds	r1, r0, #1
  91              	.LVL7:
  92 000c C8B2     		uxtb	r0, r1
  93              	.LVL8:
  94 000e 7047     		bx	lr
  95              	.LVL9:
  96              	.L7:
ARM GAS  C:\Users\BASILE~1.BER\AppData\Local\Temp\cc7r3Iwj.s 			page 5


 133:main.c        **** 		}   
 134:main.c        ****         else getal = min; 
  97              		.loc 1 134 0
  98 0010 0846     		mov	r0, r1
  99              	.LVL10:
 100 0012 7047     		bx	lr
 101              	.LVL11:
 102              	.L8:
 103 0014 0846     		mov	r0, r1
 104              	.LVL12:
 135:main.c        ****    return getal;
 136:main.c        **** }
 105              		.loc 1 136 0
 106 0016 7047     		bx	lr
 107              		.cfi_endproc
 108              	.LFE66:
 109              		.size	telTot, .-telTot
 110              		.section	.text.telProcedure,"ax",%progbits
 111              		.align	2
 112              		.global	telProcedure
 113              		.thumb
 114              		.thumb_func
 115              		.type	telProcedure, %function
 116              	telProcedure:
 117              	.LFB68:
 137:main.c        **** 
 138:main.c        **** //methode die een binair getal op de LCD print
 139:main.c        **** void printBINopLCD(uint8 value, int row)
 140:main.c        **** {
 141:main.c        **** 	for(int i = 0; i < 8; i++)
 142:main.c        **** 	{
 143:main.c        **** 		LCD_Position(row,i);
 144:main.c        **** 		uint8 tmpWaarde =  exponent(2,i);
 145:main.c        **** 		if ((value & tmpWaarde) == tmpWaarde)
 146:main.c        **** 		{
 147:main.c        **** 			LCD_PrintDecUint16(1);
 148:main.c        **** 		}
 149:main.c        **** 			else 
 150:main.c        **** 		{
 151:main.c        **** 			LCD_PrintDecUint16(0);
 152:main.c        **** 		}  
 153:main.c        **** 	 }  
 154:main.c        **** }
 155:main.c        **** 
 156:main.c        **** //methode met delays om af te tellen
 157:main.c        **** void telProcedure(void)
 158:main.c        **** {
 118              		.loc 1 158 0
 119              		.cfi_startproc
 120              		@ args = 0, pretend = 0, frame = 0
 121              		@ frame_needed = 0, uses_anonymous_args = 0
 122 0000 08B5     		push	{r3, lr}
 123              		.cfi_def_cfa_offset 8
 124              		.cfi_offset 3, -8
 125              		.cfi_offset 14, -4
 159:main.c        ****     //Teller is totaal 4000ms maar in praktijk +/- 5000ms
 160:main.c        ****     //CyDelay(1000);
ARM GAS  C:\Users\BASILE~1.BER\AppData\Local\Temp\cc7r3Iwj.s 			page 6


 161:main.c        **** 	LED1_Write(1);
 126              		.loc 1 161 0
 127 0002 0120     		movs	r0, #1
 128 0004 FFF7FEFF 		bl	LED1_Write
 129              	.LVL13:
 162:main.c        **** 	CyDelay(1000);
 130              		.loc 1 162 0
 131 0008 4FF47A70 		mov	r0, #1000
 132 000c FFF7FEFF 		bl	CyDelay
 133              	.LVL14:
 163:main.c        **** 	LED2_Write(1);
 134              		.loc 1 163 0
 135 0010 0120     		movs	r0, #1
 136 0012 FFF7FEFF 		bl	LED2_Write
 137              	.LVL15:
 164:main.c        **** 	CyDelay(1000);
 138              		.loc 1 164 0
 139 0016 4FF47A70 		mov	r0, #1000
 140 001a FFF7FEFF 		bl	CyDelay
 141              	.LVL16:
 165:main.c        **** 	LED3_Write(1);
 142              		.loc 1 165 0
 143 001e 0120     		movs	r0, #1
 144 0020 FFF7FEFF 		bl	LED3_Write
 145              	.LVL17:
 166:main.c        **** 	CyDelay(1000);
 146              		.loc 1 166 0
 147 0024 4FF47A70 		mov	r0, #1000
 148 0028 FFF7FEFF 		bl	CyDelay
 149              	.LVL18:
 167:main.c        **** 	LED4_Write(1);
 150              		.loc 1 167 0
 151 002c 0120     		movs	r0, #1
 152 002e FFF7FEFF 		bl	LED4_Write
 153              	.LVL19:
 168:main.c        **** 	CyDelay(1000);
 154              		.loc 1 168 0
 155 0032 4FF47A70 		mov	r0, #1000
 156 0036 FFF7FEFF 		bl	CyDelay
 157              	.LVL20:
 169:main.c        **** 	LED5_Write(1);
 158              		.loc 1 169 0
 159 003a 0120     		movs	r0, #1
 160 003c FFF7FEFF 		bl	LED5_Write
 161              	.LVL21:
 162 0040 08BD     		pop	{r3, pc}
 163              		.cfi_endproc
 164              	.LFE68:
 165              		.size	telProcedure, .-telProcedure
 166 0042 00BF     		.section	.text.exponent,"ax",%progbits
 167              		.align	2
 168              		.global	exponent
 169              		.thumb
 170              		.thumb_func
 171              		.type	exponent, %function
 172              	exponent:
 173              	.LFB69:
ARM GAS  C:\Users\BASILE~1.BER\AppData\Local\Temp\cc7r3Iwj.s 			page 7


 170:main.c        **** 	
 171:main.c        **** }
 172:main.c        **** 
 173:main.c        **** 
 174:main.c        **** //methode die een macht berekend
 175:main.c        **** int exponent(int grondgetal, int exponent)
 176:main.c        **** {
 174              		.loc 1 176 0
 175              		.cfi_startproc
 176              		@ args = 0, pretend = 0, frame = 0
 177              		@ frame_needed = 0, uses_anonymous_args = 0
 178              		@ link register save eliminated.
 179              	.LVL22:
 180 0000 0246     		mov	r2, r0
 181              	.LVL23:
 182              	.LBB2:
 177:main.c        **** 	uint8 tmpWaarde = 1;
 178:main.c        **** 	for (int i = 0; i < exponent ; i ++)
 183              		.loc 1 178 0
 184 0002 0023     		movs	r3, #0
 185              	.LBE2:
 177:main.c        **** 	uint8 tmpWaarde = 1;
 186              		.loc 1 177 0
 187 0004 0120     		movs	r0, #1
 188              	.LVL24:
 189              	.LBB3:
 190              		.loc 1 178 0
 191 0006 03E0     		b	.L12
 192              	.LVL25:
 193              	.L13:
 179:main.c        **** 	{
 180:main.c        **** 		tmpWaarde = tmpWaarde * grondgetal;
 194              		.loc 1 180 0 discriminator 3
 195 0008 02FB00F0 		mul	r0, r2, r0
 196              	.LVL26:
 197 000c C0B2     		uxtb	r0, r0
 198              	.LVL27:
 178:main.c        **** 	{
 199              		.loc 1 178 0 discriminator 3
 200 000e 0133     		adds	r3, r3, #1
 201              	.LVL28:
 202              	.L12:
 178:main.c        **** 	{
 203              		.loc 1 178 0 is_stmt 0 discriminator 1
 204 0010 8B42     		cmp	r3, r1
 205 0012 F9DB     		blt	.L13
 206              	.LBE3:
 181:main.c        **** 	}
 182:main.c        **** 	return tmpWaarde;
 183:main.c        **** }
 207              		.loc 1 183 0 is_stmt 1
 208 0014 7047     		bx	lr
 209              		.cfi_endproc
 210              	.LFE69:
 211              		.size	exponent, .-exponent
 212 0016 00BF     		.section	.text.printBINopLCD,"ax",%progbits
 213              		.align	2
ARM GAS  C:\Users\BASILE~1.BER\AppData\Local\Temp\cc7r3Iwj.s 			page 8


 214              		.global	printBINopLCD
 215              		.thumb
 216              		.thumb_func
 217              		.type	printBINopLCD, %function
 218              	printBINopLCD:
 219              	.LFB67:
 140:main.c        **** 	for(int i = 0; i < 8; i++)
 220              		.loc 1 140 0
 221              		.cfi_startproc
 222              		@ args = 0, pretend = 0, frame = 0
 223              		@ frame_needed = 0, uses_anonymous_args = 0
 224              	.LVL29:
 225 0000 70B5     		push	{r4, r5, r6, lr}
 226              		.cfi_def_cfa_offset 16
 227              		.cfi_offset 4, -16
 228              		.cfi_offset 5, -12
 229              		.cfi_offset 6, -8
 230              		.cfi_offset 14, -4
 231 0002 0646     		mov	r6, r0
 232 0004 0D46     		mov	r5, r1
 233              	.LVL30:
 234              	.LBB4:
 141:main.c        **** 	{
 235              		.loc 1 141 0
 236 0006 0024     		movs	r4, #0
 237 0008 13E0     		b	.L15
 238              	.LVL31:
 239              	.L18:
 240              	.LBB5:
 143:main.c        **** 		uint8 tmpWaarde =  exponent(2,i);
 241              		.loc 1 143 0
 242 000a E1B2     		uxtb	r1, r4
 243 000c E8B2     		uxtb	r0, r5
 244 000e FFF7FEFF 		bl	LCD_Position
 245              	.LVL32:
 144:main.c        **** 		if ((value & tmpWaarde) == tmpWaarde)
 246              		.loc 1 144 0
 247 0012 2146     		mov	r1, r4
 248 0014 0220     		movs	r0, #2
 249 0016 FFF7FEFF 		bl	exponent
 250              	.LVL33:
 251 001a C0B2     		uxtb	r0, r0
 252              	.LVL34:
 145:main.c        **** 		{
 253              		.loc 1 145 0
 254 001c 30EA0603 		bics	r3, r0, r6
 255 0020 03D1     		bne	.L16
 147:main.c        **** 		}
 256              		.loc 1 147 0
 257 0022 0120     		movs	r0, #1
 258              	.LVL35:
 259 0024 FFF7FEFF 		bl	LCD_PrintU32Number
 260              	.LVL36:
 261 0028 02E0     		b	.L17
 262              	.LVL37:
 263              	.L16:
 151:main.c        **** 		}  
ARM GAS  C:\Users\BASILE~1.BER\AppData\Local\Temp\cc7r3Iwj.s 			page 9


 264              		.loc 1 151 0
 265 002a 0020     		movs	r0, #0
 266              	.LVL38:
 267 002c FFF7FEFF 		bl	LCD_PrintU32Number
 268              	.LVL39:
 269              	.L17:
 270              	.LBE5:
 141:main.c        **** 	{
 271              		.loc 1 141 0 discriminator 2
 272 0030 0134     		adds	r4, r4, #1
 273              	.LVL40:
 274              	.L15:
 141:main.c        **** 	{
 275              		.loc 1 141 0 is_stmt 0 discriminator 1
 276 0032 072C     		cmp	r4, #7
 277 0034 E9DD     		ble	.L18
 278              	.LBE4:
 154:main.c        **** 
 279              		.loc 1 154 0 is_stmt 1
 280 0036 70BD     		pop	{r4, r5, r6, pc}
 281              		.cfi_endproc
 282              	.LFE67:
 283              		.size	printBINopLCD, .-printBINopLCD
 284              		.section	.text.main,"ax",%progbits
 285              		.align	2
 286              		.global	main
 287              		.thumb
 288              		.thumb_func
 289              		.type	main, %function
 290              	main:
 291              	.LFB65:
  51:main.c        ****     CyGlobalIntEnable; /* Enable global interrupts. */
 292              		.loc 1 51 0
 293              		.cfi_startproc
 294              		@ Volatile: function does not return.
 295              		@ args = 0, pretend = 0, frame = 0
 296              		@ frame_needed = 0, uses_anonymous_args = 0
 297 0000 08B5     		push	{r3, lr}
 298              		.cfi_def_cfa_offset 8
 299              		.cfi_offset 3, -8
 300              		.cfi_offset 14, -4
  52:main.c        ****     //drempelwaarde van de IR sensoren
 301              		.loc 1 52 0
 302              		.syntax unified
 303              	@ 52 "main.c" 1
 304 0002 62B6     		CPSIE   i
 305              	@ 0 "" 2
  54:main.c        **** 
 306              		.loc 1 54 0
 307              		.thumb
 308              		.syntax unified
 309 0004 6422     		movs	r2, #100
 310 0006 234B     		ldr	r3, .L24
 311 0008 1A70     		strb	r2, [r3]
  56:main.c        **** 	
 312              		.loc 1 56 0
 313 000a FFF7FEFF 		bl	initFirmwire
ARM GAS  C:\Users\BASILE~1.BER\AppData\Local\Temp\cc7r3Iwj.s 			page 10


 314              	.LVL41:
  59:main.c        **** 	//______EnMotorISR_StartEx(TestIRFilter);
 315              		.loc 1 59 0
 316 000e 2248     		ldr	r0, .L24+4
 317 0010 FFF7FEFF 		bl	readIRSensors_StartEx
 318              	.LVL42:
  63:main.c        **** 	MotorControl_WriteCompare2(0);
 319              		.loc 1 63 0
 320 0014 0020     		movs	r0, #0
 321 0016 FFF7FEFF 		bl	MotorControl_WriteCompare1
 322              	.LVL43:
  64:main.c        **** 	ENA_Write(0);
 323              		.loc 1 64 0
 324 001a 0020     		movs	r0, #0
 325 001c FFF7FEFF 		bl	MotorControl_WriteCompare2
 326              	.LVL44:
  65:main.c        **** 	ENB_Write(0);
 327              		.loc 1 65 0
 328 0020 0020     		movs	r0, #0
 329 0022 FFF7FEFF 		bl	ENA_Write
 330              	.LVL45:
  66:main.c        **** 	
 331              		.loc 1 66 0
 332 0026 0020     		movs	r0, #0
 333 0028 FFF7FEFF 		bl	ENB_Write
 334              	.LVL46:
 335              	.L21:
  69:main.c        **** 	{
 336              		.loc 1 69 0 discriminator 1
 337 002c FFF7FEFF 		bl	SW1_Read
 338              	.LVL47:
 339 0030 0128     		cmp	r0, #1
 340 0032 FBD0     		beq	.L21
  74:main.c        **** 	MotorControl_WriteCompare2(pwmMotorRechts);
 341              		.loc 1 74 0
 342 0034 194B     		ldr	r3, .L24+8
 343 0036 1878     		ldrb	r0, [r3]	@ zero_extendqisi2
 344 0038 FFF7FEFF 		bl	MotorControl_WriteCompare1
 345              	.LVL48:
  75:main.c        ****     //start de 5 LED Procedure
 346              		.loc 1 75 0
 347 003c 184B     		ldr	r3, .L24+12
 348 003e 1878     		ldrb	r0, [r3]	@ zero_extendqisi2
 349 0040 FFF7FEFF 		bl	MotorControl_WriteCompare2
 350              	.LVL49:
  77:main.c        ****     ENA_Write(0);
 351              		.loc 1 77 0
 352 0044 FFF7FEFF 		bl	telProcedure
 353              	.LVL50:
  78:main.c        **** 	ENB_Write(0);
 354              		.loc 1 78 0
 355 0048 0020     		movs	r0, #0
 356 004a FFF7FEFF 		bl	ENA_Write
 357              	.LVL51:
  79:main.c        ****     
 358              		.loc 1 79 0
 359 004e 0020     		movs	r0, #0
ARM GAS  C:\Users\BASILE~1.BER\AppData\Local\Temp\cc7r3Iwj.s 			page 11


 360 0050 FFF7FEFF 		bl	ENB_Write
 361              	.LVL52:
 362              	.L22:
 112:main.c        ****       
 363              		.loc 1 112 0 discriminator 1
 364 0054 134C     		ldr	r4, .L24+16
 365 0056 2078     		ldrb	r0, [r4]	@ zero_extendqisi2
 366 0058 FFF7FEFF 		bl	AnalyseerData
 367              	.LVL53:
 114:main.c        ****         
 368              		.loc 1 114 0 discriminator 1
 369 005c 0021     		movs	r1, #0
 370 005e 2078     		ldrb	r0, [r4]	@ zero_extendqisi2
 371 0060 FFF7FEFF 		bl	printBINopLCD
 372              	.LVL54:
 116:main.c        ****         LCD_PrintInt16(pwmMotorLinks);  
 373              		.loc 1 116 0 discriminator 1
 374 0064 0021     		movs	r1, #0
 375 0066 0120     		movs	r0, #1
 376 0068 FFF7FEFF 		bl	LCD_Position
 377              	.LVL55:
 117:main.c        ****         LCD_Position(1u,10u);
 378              		.loc 1 117 0 discriminator 1
 379 006c 0B4D     		ldr	r5, .L24+8
 380 006e 2878     		ldrb	r0, [r5]	@ zero_extendqisi2
 381 0070 FFF7FEFF 		bl	LCD_PrintInt16
 382              	.LVL56:
 118:main.c        ****         LCD_PrintInt16(pwmMotorRechts);  
 383              		.loc 1 118 0 discriminator 1
 384 0074 0A21     		movs	r1, #10
 385 0076 0120     		movs	r0, #1
 386 0078 FFF7FEFF 		bl	LCD_Position
 387              	.LVL57:
 119:main.c        ****         //Pas snelheid motoren aan
 388              		.loc 1 119 0 discriminator 1
 389 007c 084C     		ldr	r4, .L24+12
 390 007e 2078     		ldrb	r0, [r4]	@ zero_extendqisi2
 391 0080 FFF7FEFF 		bl	LCD_PrintInt16
 392              	.LVL58:
 121:main.c        ****         MotorControl_WriteCompare2(pwmMotorRechts);
 393              		.loc 1 121 0 discriminator 1
 394 0084 2878     		ldrb	r0, [r5]	@ zero_extendqisi2
 395 0086 FFF7FEFF 		bl	MotorControl_WriteCompare1
 396              	.LVL59:
 122:main.c        **** 	}
 397              		.loc 1 122 0 discriminator 1
 398 008a 2078     		ldrb	r0, [r4]	@ zero_extendqisi2
 399 008c FFF7FEFF 		bl	MotorControl_WriteCompare2
 400              	.LVL60:
 401 0090 E0E7     		b	.L22
 402              	.L25:
 403 0092 00BF     		.align	2
 404              	.L24:
 405 0094 00000000 		.word	IRDrempel
 406 0098 00000000 		.word	IRSensoren
 407 009c 00000000 		.word	pwmMotorLinks
 408 00a0 00000000 		.word	pwmMotorRechts
ARM GAS  C:\Users\BASILE~1.BER\AppData\Local\Temp\cc7r3Iwj.s 			page 12


 409 00a4 00000000 		.word	IRWaarden
 410              		.cfi_endproc
 411              	.LFE65:
 412              		.size	main, .-main
 413              		.comm	RB,20,4
 414              		.comm	boolSelect,1,1
 415              		.comm	avgUS3,10,4
 416              		.comm	avgUS2,10,4
 417              		.comm	avgUS1,10,4
 418              		.comm	selectUS,1,1
 419              		.comm	mediaan,2,2
 420              		.comm	TestGetal,1,1
 421              		.comm	IRDrempel,1,1
 422              		.comm	IRWaarden,1,1
 423              		.comm	pwmMotorRechts,1,1
 424              		.comm	pwmMotorLinks,1,1
 425              		.text
 426              	.Letext0:
 427              		.file 2 "c:\\program files (x86)\\cypress\\psoc creator\\4.1\\psoc creator\\import\\gnu\\arm\\5.4.
 428              		.file 3 "c:\\program files (x86)\\cypress\\psoc creator\\4.1\\psoc creator\\import\\gnu\\arm\\5.4.
 429              		.file 4 "Generated_Source\\PSoC5/cytypes.h"
 430              		.file 5 "projectMain.h"
 431              		.file 6 "Generated_Source\\PSoC5/core_cm3.h"
 432              		.file 7 "Generated_Source\\PSoC5/ADC_IR.h"
 433              		.file 8 "Generated_Source\\PSoC5/LCD.h"
 434              		.file 9 "Generated_Source\\PSoC5/MotorControl.h"
 435              		.file 10 "Generated_Source\\PSoC5/TimerUS.h"
 436              		.file 11 "Generated_Source\\PSoC5/LED1.h"
 437              		.file 12 "Generated_Source\\PSoC5/CyLib.h"
 438              		.file 13 "Generated_Source\\PSoC5/LED2.h"
 439              		.file 14 "Generated_Source\\PSoC5/LED3.h"
 440              		.file 15 "Generated_Source\\PSoC5/LED4.h"
 441              		.file 16 "Generated_Source\\PSoC5/LED5.h"
 442              		.file 17 "Generated_Source\\PSoC5/readIRSensors.h"
 443              		.file 18 "Generated_Source\\PSoC5/ENA.h"
 444              		.file 19 "Generated_Source\\PSoC5/ENB.h"
 445              		.file 20 "Generated_Source\\PSoC5/SW1.h"
 446              		.file 21 "./myUART.h"
 447              		.section	.debug_info,"",%progbits
 448              	.Ldebug_info0:
 449 0000 7C060000 		.4byte	0x67c
 450 0004 0400     		.2byte	0x4
 451 0006 00000000 		.4byte	.Ldebug_abbrev0
 452 000a 04       		.byte	0x4
 453 000b 01       		.uleb128 0x1
 454 000c 33030000 		.4byte	.LASF61
 455 0010 0C       		.byte	0xc
 456 0011 C8020000 		.4byte	.LASF62
 457 0015 97010000 		.4byte	.LASF63
 458 0019 18000000 		.4byte	.Ldebug_ranges0+0x18
 459 001d 00000000 		.4byte	0
 460 0021 00000000 		.4byte	.Ldebug_line0
 461 0025 02       		.uleb128 0x2
 462 0026 01       		.byte	0x1
 463 0027 06       		.byte	0x6
 464 0028 2D020000 		.4byte	.LASF0
 465 002c 02       		.uleb128 0x2
ARM GAS  C:\Users\BASILE~1.BER\AppData\Local\Temp\cc7r3Iwj.s 			page 13


 466 002d 01       		.byte	0x1
 467 002e 08       		.byte	0x8
 468 002f 76010000 		.4byte	.LASF1
 469 0033 02       		.uleb128 0x2
 470 0034 02       		.byte	0x2
 471 0035 05       		.byte	0x5
 472 0036 19000000 		.4byte	.LASF2
 473 003a 02       		.uleb128 0x2
 474 003b 02       		.byte	0x2
 475 003c 07       		.byte	0x7
 476 003d 74020000 		.4byte	.LASF3
 477 0041 03       		.uleb128 0x3
 478 0042 F9020000 		.4byte	.LASF9
 479 0046 02       		.byte	0x2
 480 0047 3F       		.byte	0x3f
 481 0048 4C000000 		.4byte	0x4c
 482 004c 02       		.uleb128 0x2
 483 004d 04       		.byte	0x4
 484 004e 05       		.byte	0x5
 485 004f 58010000 		.4byte	.LASF4
 486 0053 02       		.uleb128 0x2
 487 0054 04       		.byte	0x4
 488 0055 07       		.byte	0x7
 489 0056 CF020000 		.4byte	.LASF5
 490 005a 02       		.uleb128 0x2
 491 005b 08       		.byte	0x8
 492 005c 05       		.byte	0x5
 493 005d 2E010000 		.4byte	.LASF6
 494 0061 02       		.uleb128 0x2
 495 0062 08       		.byte	0x8
 496 0063 07       		.byte	0x7
 497 0064 39020000 		.4byte	.LASF7
 498 0068 04       		.uleb128 0x4
 499 0069 04       		.byte	0x4
 500 006a 05       		.byte	0x5
 501 006b 696E7400 		.ascii	"int\000"
 502 006f 02       		.uleb128 0x2
 503 0070 04       		.byte	0x4
 504 0071 07       		.byte	0x7
 505 0072 5A020000 		.4byte	.LASF8
 506 0076 03       		.uleb128 0x3
 507 0077 B1020000 		.4byte	.LASF10
 508 007b 03       		.byte	0x3
 509 007c 2C       		.byte	0x2c
 510 007d 41000000 		.4byte	0x41
 511 0081 05       		.uleb128 0x5
 512 0082 B9000000 		.4byte	.LASF11
 513 0086 04       		.byte	0x4
 514 0087 9201     		.2byte	0x192
 515 0089 2C000000 		.4byte	0x2c
 516 008d 05       		.uleb128 0x5
 517 008e 9D000000 		.4byte	.LASF12
 518 0092 04       		.byte	0x4
 519 0093 9301     		.2byte	0x193
 520 0095 3A000000 		.4byte	0x3a
 521 0099 02       		.uleb128 0x2
 522 009a 04       		.byte	0x4
ARM GAS  C:\Users\BASILE~1.BER\AppData\Local\Temp\cc7r3Iwj.s 			page 14


 523 009b 04       		.byte	0x4
 524 009c 00000000 		.4byte	.LASF13
 525 00a0 02       		.uleb128 0x2
 526 00a1 08       		.byte	0x8
 527 00a2 04       		.byte	0x4
 528 00a3 E1020000 		.4byte	.LASF14
 529 00a7 02       		.uleb128 0x2
 530 00a8 01       		.byte	0x1
 531 00a9 08       		.byte	0x8
 532 00aa A1020000 		.4byte	.LASF15
 533 00ae 02       		.uleb128 0x2
 534 00af 08       		.byte	0x8
 535 00b0 04       		.byte	0x4
 536 00b1 6F000000 		.4byte	.LASF16
 537 00b5 02       		.uleb128 0x2
 538 00b6 04       		.byte	0x4
 539 00b7 07       		.byte	0x7
 540 00b8 30000000 		.4byte	.LASF17
 541 00bc 06       		.uleb128 0x6
 542 00bd 14       		.byte	0x14
 543 00be 15       		.byte	0x15
 544 00bf 23       		.byte	0x23
 545 00c0 DD000000 		.4byte	0xdd
 546 00c4 07       		.uleb128 0x7
 547 00c5 636D6400 		.ascii	"cmd\000"
 548 00c9 15       		.byte	0x15
 549 00ca 24       		.byte	0x24
 550 00cb A7000000 		.4byte	0xa7
 551 00cf 00       		.byte	0
 552 00d0 08       		.uleb128 0x8
 553 00d1 9A020000 		.4byte	.LASF18
 554 00d5 15       		.byte	0x15
 555 00d6 25       		.byte	0x25
 556 00d7 DD000000 		.4byte	0xdd
 557 00db 01       		.byte	0x1
 558 00dc 00       		.byte	0
 559 00dd 09       		.uleb128 0x9
 560 00de A7000000 		.4byte	0xa7
 561 00e2 ED000000 		.4byte	0xed
 562 00e6 0A       		.uleb128 0xa
 563 00e7 B5000000 		.4byte	0xb5
 564 00eb 12       		.byte	0x12
 565 00ec 00       		.byte	0
 566 00ed 0B       		.uleb128 0xb
 567 00ee 50020000 		.4byte	.LASF64
 568 00f2 14       		.byte	0x14
 569 00f3 15       		.byte	0x15
 570 00f4 21       		.byte	0x21
 571 00f5 0A010000 		.4byte	0x10a
 572 00f9 0C       		.uleb128 0xc
 573 00fa B9020000 		.4byte	.LASF65
 574 00fe 15       		.byte	0x15
 575 00ff 22       		.byte	0x22
 576 0100 0A010000 		.4byte	0x10a
 577 0104 0D       		.uleb128 0xd
 578 0105 BC000000 		.4byte	0xbc
 579 0109 00       		.byte	0
ARM GAS  C:\Users\BASILE~1.BER\AppData\Local\Temp\cc7r3Iwj.s 			page 15


 580 010a 09       		.uleb128 0x9
 581 010b A7000000 		.4byte	0xa7
 582 010f 1A010000 		.4byte	0x11a
 583 0113 0A       		.uleb128 0xa
 584 0114 B5000000 		.4byte	0xb5
 585 0118 13       		.byte	0x13
 586 0119 00       		.byte	0
 587 011a 0E       		.uleb128 0xe
 588 011b 67020000 		.4byte	.LASF20
 589 011f 01       		.byte	0x1
 590 0120 22       		.byte	0x22
 591 0121 00000000 		.4byte	.LFB64
 592 0125 2C000000 		.4byte	.LFE64-.LFB64
 593 0129 01       		.uleb128 0x1
 594 012a 9C       		.byte	0x9c
 595 012b 5D010000 		.4byte	0x15d
 596 012f 0F       		.uleb128 0xf
 597 0130 06000000 		.4byte	.LVL0
 598 0134 98050000 		.4byte	0x598
 599 0138 0F       		.uleb128 0xf
 600 0139 0A000000 		.4byte	.LVL1
 601 013d A3050000 		.4byte	0x5a3
 602 0141 0F       		.uleb128 0xf
 603 0142 0E000000 		.4byte	.LVL2
 604 0146 AE050000 		.4byte	0x5ae
 605 014a 0F       		.uleb128 0xf
 606 014b 12000000 		.4byte	.LVL3
 607 014f B9050000 		.4byte	0x5b9
 608 0153 0F       		.uleb128 0xf
 609 0154 16000000 		.4byte	.LVL4
 610 0158 C4050000 		.4byte	0x5c4
 611 015c 00       		.byte	0
 612 015d 10       		.uleb128 0x10
 613 015e F2020000 		.4byte	.LASF22
 614 0162 01       		.byte	0x1
 615 0163 80       		.byte	0x80
 616 0164 81000000 		.4byte	0x81
 617 0168 00000000 		.4byte	.LFB66
 618 016c 18000000 		.4byte	.LFE66-.LFB66
 619 0170 01       		.uleb128 0x1
 620 0171 9C       		.byte	0x9c
 621 0172 A4010000 		.4byte	0x1a4
 622 0176 11       		.uleb128 0x11
 623 0177 13000000 		.4byte	.LASF19
 624 017b 01       		.byte	0x1
 625 017c 80       		.byte	0x80
 626 017d 81000000 		.4byte	0x81
 627 0181 00000000 		.4byte	.LLST0
 628 0185 12       		.uleb128 0x12
 629 0186 6D696E00 		.ascii	"min\000"
 630 018a 01       		.byte	0x1
 631 018b 80       		.byte	0x80
 632 018c 81000000 		.4byte	0x81
 633 0190 37000000 		.4byte	.LLST1
 634 0194 12       		.uleb128 0x12
 635 0195 6D617800 		.ascii	"max\000"
 636 0199 01       		.byte	0x1
ARM GAS  C:\Users\BASILE~1.BER\AppData\Local\Temp\cc7r3Iwj.s 			page 16


 637 019a 80       		.byte	0x80
 638 019b 81000000 		.4byte	0x81
 639 019f 63000000 		.4byte	.LLST2
 640 01a3 00       		.byte	0
 641 01a4 0E       		.uleb128 0xe
 642 01a5 23000000 		.4byte	.LASF21
 643 01a9 01       		.byte	0x1
 644 01aa 9D       		.byte	0x9d
 645 01ab 00000000 		.4byte	.LFB68
 646 01af 42000000 		.4byte	.LFE68-.LFB68
 647 01b3 01       		.uleb128 0x1
 648 01b4 9C       		.byte	0x9c
 649 01b5 69020000 		.4byte	0x269
 650 01b9 13       		.uleb128 0x13
 651 01ba 08000000 		.4byte	.LVL13
 652 01be CF050000 		.4byte	0x5cf
 653 01c2 CC010000 		.4byte	0x1cc
 654 01c6 14       		.uleb128 0x14
 655 01c7 01       		.uleb128 0x1
 656 01c8 50       		.byte	0x50
 657 01c9 01       		.uleb128 0x1
 658 01ca 31       		.byte	0x31
 659 01cb 00       		.byte	0
 660 01cc 13       		.uleb128 0x13
 661 01cd 10000000 		.4byte	.LVL14
 662 01d1 DA050000 		.4byte	0x5da
 663 01d5 E1010000 		.4byte	0x1e1
 664 01d9 14       		.uleb128 0x14
 665 01da 01       		.uleb128 0x1
 666 01db 50       		.byte	0x50
 667 01dc 03       		.uleb128 0x3
 668 01dd 0A       		.byte	0xa
 669 01de E803     		.2byte	0x3e8
 670 01e0 00       		.byte	0
 671 01e1 13       		.uleb128 0x13
 672 01e2 16000000 		.4byte	.LVL15
 673 01e6 E5050000 		.4byte	0x5e5
 674 01ea F4010000 		.4byte	0x1f4
 675 01ee 14       		.uleb128 0x14
 676 01ef 01       		.uleb128 0x1
 677 01f0 50       		.byte	0x50
 678 01f1 01       		.uleb128 0x1
 679 01f2 31       		.byte	0x31
 680 01f3 00       		.byte	0
 681 01f4 13       		.uleb128 0x13
 682 01f5 1E000000 		.4byte	.LVL16
 683 01f9 DA050000 		.4byte	0x5da
 684 01fd 09020000 		.4byte	0x209
 685 0201 14       		.uleb128 0x14
 686 0202 01       		.uleb128 0x1
 687 0203 50       		.byte	0x50
 688 0204 03       		.uleb128 0x3
 689 0205 0A       		.byte	0xa
 690 0206 E803     		.2byte	0x3e8
 691 0208 00       		.byte	0
 692 0209 13       		.uleb128 0x13
 693 020a 24000000 		.4byte	.LVL17
ARM GAS  C:\Users\BASILE~1.BER\AppData\Local\Temp\cc7r3Iwj.s 			page 17


 694 020e F0050000 		.4byte	0x5f0
 695 0212 1C020000 		.4byte	0x21c
 696 0216 14       		.uleb128 0x14
 697 0217 01       		.uleb128 0x1
 698 0218 50       		.byte	0x50
 699 0219 01       		.uleb128 0x1
 700 021a 31       		.byte	0x31
 701 021b 00       		.byte	0
 702 021c 13       		.uleb128 0x13
 703 021d 2C000000 		.4byte	.LVL18
 704 0221 DA050000 		.4byte	0x5da
 705 0225 31020000 		.4byte	0x231
 706 0229 14       		.uleb128 0x14
 707 022a 01       		.uleb128 0x1
 708 022b 50       		.byte	0x50
 709 022c 03       		.uleb128 0x3
 710 022d 0A       		.byte	0xa
 711 022e E803     		.2byte	0x3e8
 712 0230 00       		.byte	0
 713 0231 13       		.uleb128 0x13
 714 0232 32000000 		.4byte	.LVL19
 715 0236 FB050000 		.4byte	0x5fb
 716 023a 44020000 		.4byte	0x244
 717 023e 14       		.uleb128 0x14
 718 023f 01       		.uleb128 0x1
 719 0240 50       		.byte	0x50
 720 0241 01       		.uleb128 0x1
 721 0242 31       		.byte	0x31
 722 0243 00       		.byte	0
 723 0244 13       		.uleb128 0x13
 724 0245 3A000000 		.4byte	.LVL20
 725 0249 DA050000 		.4byte	0x5da
 726 024d 59020000 		.4byte	0x259
 727 0251 14       		.uleb128 0x14
 728 0252 01       		.uleb128 0x1
 729 0253 50       		.byte	0x50
 730 0254 03       		.uleb128 0x3
 731 0255 0A       		.byte	0xa
 732 0256 E803     		.2byte	0x3e8
 733 0258 00       		.byte	0
 734 0259 15       		.uleb128 0x15
 735 025a 40000000 		.4byte	.LVL21
 736 025e 06060000 		.4byte	0x606
 737 0262 14       		.uleb128 0x14
 738 0263 01       		.uleb128 0x1
 739 0264 50       		.byte	0x50
 740 0265 01       		.uleb128 0x1
 741 0266 31       		.byte	0x31
 742 0267 00       		.byte	0
 743 0268 00       		.byte	0
 744 0269 10       		.uleb128 0x10
 745 026a CE000000 		.4byte	.LASF23
 746 026e 01       		.byte	0x1
 747 026f AF       		.byte	0xaf
 748 0270 68000000 		.4byte	0x68
 749 0274 00000000 		.4byte	.LFB69
 750 0278 16000000 		.4byte	.LFE69-.LFB69
ARM GAS  C:\Users\BASILE~1.BER\AppData\Local\Temp\cc7r3Iwj.s 			page 18


 751 027c 01       		.uleb128 0x1
 752 027d 9C       		.byte	0x9c
 753 027e C1020000 		.4byte	0x2c1
 754 0282 11       		.uleb128 0x11
 755 0283 A6020000 		.4byte	.LASF24
 756 0287 01       		.byte	0x1
 757 0288 AF       		.byte	0xaf
 758 0289 68000000 		.4byte	0x68
 759 028d 9D000000 		.4byte	.LLST3
 760 0291 16       		.uleb128 0x16
 761 0292 CE000000 		.4byte	.LASF23
 762 0296 01       		.byte	0x1
 763 0297 AF       		.byte	0xaf
 764 0298 68000000 		.4byte	0x68
 765 029c 01       		.uleb128 0x1
 766 029d 51       		.byte	0x51
 767 029e 17       		.uleb128 0x17
 768 029f 18020000 		.4byte	.LASF25
 769 02a3 01       		.byte	0x1
 770 02a4 B1       		.byte	0xb1
 771 02a5 81000000 		.4byte	0x81
 772 02a9 BB000000 		.4byte	.LLST4
 773 02ad 18       		.uleb128 0x18
 774 02ae 00000000 		.4byte	.Ldebug_ranges0+0
 775 02b2 19       		.uleb128 0x19
 776 02b3 6900     		.ascii	"i\000"
 777 02b5 01       		.byte	0x1
 778 02b6 B2       		.byte	0xb2
 779 02b7 68000000 		.4byte	0x68
 780 02bb E5000000 		.4byte	.LLST5
 781 02bf 00       		.byte	0
 782 02c0 00       		.byte	0
 783 02c1 0E       		.uleb128 0xe
 784 02c2 7B000000 		.4byte	.LASF26
 785 02c6 01       		.byte	0x1
 786 02c7 8B       		.byte	0x8b
 787 02c8 00000000 		.4byte	.LFB67
 788 02cc 38000000 		.4byte	.LFE67-.LFB67
 789 02d0 01       		.uleb128 0x1
 790 02d1 9C       		.byte	0x9c
 791 02d2 7A030000 		.4byte	0x37a
 792 02d6 11       		.uleb128 0x11
 793 02d7 89000000 		.4byte	.LASF27
 794 02db 01       		.byte	0x1
 795 02dc 8B       		.byte	0x8b
 796 02dd 81000000 		.4byte	0x81
 797 02e1 04010000 		.4byte	.LLST6
 798 02e5 12       		.uleb128 0x12
 799 02e6 726F7700 		.ascii	"row\000"
 800 02ea 01       		.byte	0x1
 801 02eb 8B       		.byte	0x8b
 802 02ec 68000000 		.4byte	0x68
 803 02f0 25010000 		.4byte	.LLST7
 804 02f4 1A       		.uleb128 0x1a
 805 02f5 06000000 		.4byte	.LBB4
 806 02f9 30000000 		.4byte	.LBE4-.LBB4
 807 02fd 19       		.uleb128 0x19
ARM GAS  C:\Users\BASILE~1.BER\AppData\Local\Temp\cc7r3Iwj.s 			page 19


 808 02fe 6900     		.ascii	"i\000"
 809 0300 01       		.byte	0x1
 810 0301 8D       		.byte	0x8d
 811 0302 68000000 		.4byte	0x68
 812 0306 43010000 		.4byte	.LLST8
 813 030a 1A       		.uleb128 0x1a
 814 030b 0A000000 		.4byte	.LBB5
 815 030f 26000000 		.4byte	.LBE5-.LBB5
 816 0313 17       		.uleb128 0x17
 817 0314 18020000 		.4byte	.LASF25
 818 0318 01       		.byte	0x1
 819 0319 90       		.byte	0x90
 820 031a 81000000 		.4byte	0x81
 821 031e 62010000 		.4byte	.LLST9
 822 0322 13       		.uleb128 0x13
 823 0323 12000000 		.4byte	.LVL32
 824 0327 11060000 		.4byte	0x611
 825 032b 3C030000 		.4byte	0x33c
 826 032f 14       		.uleb128 0x14
 827 0330 01       		.uleb128 0x1
 828 0331 50       		.byte	0x50
 829 0332 02       		.uleb128 0x2
 830 0333 75       		.byte	0x75
 831 0334 00       		.sleb128 0
 832 0335 14       		.uleb128 0x14
 833 0336 01       		.uleb128 0x1
 834 0337 51       		.byte	0x51
 835 0338 02       		.uleb128 0x2
 836 0339 74       		.byte	0x74
 837 033a 00       		.sleb128 0
 838 033b 00       		.byte	0
 839 033c 13       		.uleb128 0x13
 840 033d 1A000000 		.4byte	.LVL33
 841 0341 69020000 		.4byte	0x269
 842 0345 55030000 		.4byte	0x355
 843 0349 14       		.uleb128 0x14
 844 034a 01       		.uleb128 0x1
 845 034b 50       		.byte	0x50
 846 034c 01       		.uleb128 0x1
 847 034d 32       		.byte	0x32
 848 034e 14       		.uleb128 0x14
 849 034f 01       		.uleb128 0x1
 850 0350 51       		.byte	0x51
 851 0351 02       		.uleb128 0x2
 852 0352 74       		.byte	0x74
 853 0353 00       		.sleb128 0
 854 0354 00       		.byte	0
 855 0355 13       		.uleb128 0x13
 856 0356 28000000 		.4byte	.LVL36
 857 035a 1C060000 		.4byte	0x61c
 858 035e 68030000 		.4byte	0x368
 859 0362 14       		.uleb128 0x14
 860 0363 01       		.uleb128 0x1
 861 0364 50       		.byte	0x50
 862 0365 01       		.uleb128 0x1
 863 0366 31       		.byte	0x31
 864 0367 00       		.byte	0
ARM GAS  C:\Users\BASILE~1.BER\AppData\Local\Temp\cc7r3Iwj.s 			page 20


 865 0368 15       		.uleb128 0x15
 866 0369 30000000 		.4byte	.LVL39
 867 036d 1C060000 		.4byte	0x61c
 868 0371 14       		.uleb128 0x14
 869 0372 01       		.uleb128 0x1
 870 0373 50       		.byte	0x50
 871 0374 01       		.uleb128 0x1
 872 0375 30       		.byte	0x30
 873 0376 00       		.byte	0
 874 0377 00       		.byte	0
 875 0378 00       		.byte	0
 876 0379 00       		.byte	0
 877 037a 1B       		.uleb128 0x1b
 878 037b 57000000 		.4byte	.LASF66
 879 037f 01       		.byte	0x1
 880 0380 32       		.byte	0x32
 881 0381 68000000 		.4byte	0x68
 882 0385 00000000 		.4byte	.LFB65
 883 0389 A8000000 		.4byte	.LFE65-.LFB65
 884 038d 01       		.uleb128 0x1
 885 038e 9C       		.byte	0x9c
 886 038f AC040000 		.4byte	0x4ac
 887 0393 0F       		.uleb128 0xf
 888 0394 0E000000 		.4byte	.LVL41
 889 0398 1A010000 		.4byte	0x11a
 890 039c 0F       		.uleb128 0xf
 891 039d 14000000 		.4byte	.LVL42
 892 03a1 27060000 		.4byte	0x627
 893 03a5 13       		.uleb128 0x13
 894 03a6 1A000000 		.4byte	.LVL43
 895 03aa 32060000 		.4byte	0x632
 896 03ae B8030000 		.4byte	0x3b8
 897 03b2 14       		.uleb128 0x14
 898 03b3 01       		.uleb128 0x1
 899 03b4 50       		.byte	0x50
 900 03b5 01       		.uleb128 0x1
 901 03b6 30       		.byte	0x30
 902 03b7 00       		.byte	0
 903 03b8 13       		.uleb128 0x13
 904 03b9 20000000 		.4byte	.LVL44
 905 03bd 3D060000 		.4byte	0x63d
 906 03c1 CB030000 		.4byte	0x3cb
 907 03c5 14       		.uleb128 0x14
 908 03c6 01       		.uleb128 0x1
 909 03c7 50       		.byte	0x50
 910 03c8 01       		.uleb128 0x1
 911 03c9 30       		.byte	0x30
 912 03ca 00       		.byte	0
 913 03cb 13       		.uleb128 0x13
 914 03cc 26000000 		.4byte	.LVL45
 915 03d0 48060000 		.4byte	0x648
 916 03d4 DE030000 		.4byte	0x3de
 917 03d8 14       		.uleb128 0x14
 918 03d9 01       		.uleb128 0x1
 919 03da 50       		.byte	0x50
 920 03db 01       		.uleb128 0x1
 921 03dc 30       		.byte	0x30
ARM GAS  C:\Users\BASILE~1.BER\AppData\Local\Temp\cc7r3Iwj.s 			page 21


 922 03dd 00       		.byte	0
 923 03de 13       		.uleb128 0x13
 924 03df 2C000000 		.4byte	.LVL46
 925 03e3 53060000 		.4byte	0x653
 926 03e7 F1030000 		.4byte	0x3f1
 927 03eb 14       		.uleb128 0x14
 928 03ec 01       		.uleb128 0x1
 929 03ed 50       		.byte	0x50
 930 03ee 01       		.uleb128 0x1
 931 03ef 30       		.byte	0x30
 932 03f0 00       		.byte	0
 933 03f1 0F       		.uleb128 0xf
 934 03f2 30000000 		.4byte	.LVL47
 935 03f6 5E060000 		.4byte	0x65e
 936 03fa 0F       		.uleb128 0xf
 937 03fb 3C000000 		.4byte	.LVL48
 938 03ff 32060000 		.4byte	0x632
 939 0403 0F       		.uleb128 0xf
 940 0404 44000000 		.4byte	.LVL49
 941 0408 3D060000 		.4byte	0x63d
 942 040c 0F       		.uleb128 0xf
 943 040d 48000000 		.4byte	.LVL50
 944 0411 A4010000 		.4byte	0x1a4
 945 0415 13       		.uleb128 0x13
 946 0416 4E000000 		.4byte	.LVL51
 947 041a 48060000 		.4byte	0x648
 948 041e 28040000 		.4byte	0x428
 949 0422 14       		.uleb128 0x14
 950 0423 01       		.uleb128 0x1
 951 0424 50       		.byte	0x50
 952 0425 01       		.uleb128 0x1
 953 0426 30       		.byte	0x30
 954 0427 00       		.byte	0
 955 0428 13       		.uleb128 0x13
 956 0429 54000000 		.4byte	.LVL52
 957 042d 53060000 		.4byte	0x653
 958 0431 3B040000 		.4byte	0x43b
 959 0435 14       		.uleb128 0x14
 960 0436 01       		.uleb128 0x1
 961 0437 50       		.byte	0x50
 962 0438 01       		.uleb128 0x1
 963 0439 30       		.byte	0x30
 964 043a 00       		.byte	0
 965 043b 0F       		.uleb128 0xf
 966 043c 5C000000 		.4byte	.LVL53
 967 0440 69060000 		.4byte	0x669
 968 0444 13       		.uleb128 0x13
 969 0445 64000000 		.4byte	.LVL54
 970 0449 C1020000 		.4byte	0x2c1
 971 044d 57040000 		.4byte	0x457
 972 0451 14       		.uleb128 0x14
 973 0452 01       		.uleb128 0x1
 974 0453 51       		.byte	0x51
 975 0454 01       		.uleb128 0x1
 976 0455 30       		.byte	0x30
 977 0456 00       		.byte	0
 978 0457 13       		.uleb128 0x13
ARM GAS  C:\Users\BASILE~1.BER\AppData\Local\Temp\cc7r3Iwj.s 			page 22


 979 0458 6C000000 		.4byte	.LVL55
 980 045c 11060000 		.4byte	0x611
 981 0460 6F040000 		.4byte	0x46f
 982 0464 14       		.uleb128 0x14
 983 0465 01       		.uleb128 0x1
 984 0466 50       		.byte	0x50
 985 0467 01       		.uleb128 0x1
 986 0468 31       		.byte	0x31
 987 0469 14       		.uleb128 0x14
 988 046a 01       		.uleb128 0x1
 989 046b 51       		.byte	0x51
 990 046c 01       		.uleb128 0x1
 991 046d 30       		.byte	0x30
 992 046e 00       		.byte	0
 993 046f 0F       		.uleb128 0xf
 994 0470 74000000 		.4byte	.LVL56
 995 0474 74060000 		.4byte	0x674
 996 0478 13       		.uleb128 0x13
 997 0479 7C000000 		.4byte	.LVL57
 998 047d 11060000 		.4byte	0x611
 999 0481 90040000 		.4byte	0x490
 1000 0485 14       		.uleb128 0x14
 1001 0486 01       		.uleb128 0x1
 1002 0487 50       		.byte	0x50
 1003 0488 01       		.uleb128 0x1
 1004 0489 31       		.byte	0x31
 1005 048a 14       		.uleb128 0x14
 1006 048b 01       		.uleb128 0x1
 1007 048c 51       		.byte	0x51
 1008 048d 01       		.uleb128 0x1
 1009 048e 3A       		.byte	0x3a
 1010 048f 00       		.byte	0
 1011 0490 0F       		.uleb128 0xf
 1012 0491 84000000 		.4byte	.LVL58
 1013 0495 74060000 		.4byte	0x674
 1014 0499 0F       		.uleb128 0xf
 1015 049a 8A000000 		.4byte	.LVL59
 1016 049e 32060000 		.4byte	0x632
 1017 04a2 0F       		.uleb128 0xf
 1018 04a3 90000000 		.4byte	.LVL60
 1019 04a7 3D060000 		.4byte	0x63d
 1020 04ab 00       		.byte	0
 1021 04ac 1C       		.uleb128 0x1c
 1022 04ad C1030000 		.4byte	.LASF28
 1023 04b1 05       		.byte	0x5
 1024 04b2 18       		.byte	0x18
 1025 04b3 81000000 		.4byte	0x81
 1026 04b7 05       		.uleb128 0x5
 1027 04b8 03       		.byte	0x3
 1028 04b9 00000000 		.4byte	pwmMotorLinks
 1029 04bd 1C       		.uleb128 0x1c
 1030 04be E2030000 		.4byte	.LASF29
 1031 04c2 05       		.byte	0x5
 1032 04c3 19       		.byte	0x19
 1033 04c4 81000000 		.4byte	0x81
 1034 04c8 05       		.uleb128 0x5
 1035 04c9 03       		.byte	0x3
ARM GAS  C:\Users\BASILE~1.BER\AppData\Local\Temp\cc7r3Iwj.s 			page 23


 1036 04ca 00000000 		.4byte	pwmMotorRechts
 1037 04ce 1C       		.uleb128 0x1c
 1038 04cf 4E010000 		.4byte	.LASF30
 1039 04d3 05       		.byte	0x5
 1040 04d4 22       		.byte	0x22
 1041 04d5 81000000 		.4byte	0x81
 1042 04d9 05       		.uleb128 0x5
 1043 04da 03       		.byte	0x3
 1044 04db 00000000 		.4byte	IRWaarden
 1045 04df 1C       		.uleb128 0x1c
 1046 04e0 4D000000 		.4byte	.LASF31
 1047 04e4 05       		.byte	0x5
 1048 04e5 23       		.byte	0x23
 1049 04e6 81000000 		.4byte	0x81
 1050 04ea 05       		.uleb128 0x5
 1051 04eb 03       		.byte	0x3
 1052 04ec 00000000 		.4byte	IRDrempel
 1053 04f0 1C       		.uleb128 0x1c
 1054 04f1 6C010000 		.4byte	.LASF32
 1055 04f5 05       		.byte	0x5
 1056 04f6 28       		.byte	0x28
 1057 04f7 81000000 		.4byte	0x81
 1058 04fb 05       		.uleb128 0x5
 1059 04fc 03       		.byte	0x3
 1060 04fd 00000000 		.4byte	TestGetal
 1061 0501 1C       		.uleb128 0x1c
 1062 0502 46010000 		.4byte	.LASF33
 1063 0506 05       		.byte	0x5
 1064 0507 2B       		.byte	0x2b
 1065 0508 8D000000 		.4byte	0x8d
 1066 050c 05       		.uleb128 0x5
 1067 050d 03       		.byte	0x3
 1068 050e 00000000 		.4byte	mediaan
 1069 0512 1C       		.uleb128 0x1c
 1070 0513 84010000 		.4byte	.LASF34
 1071 0517 05       		.byte	0x5
 1072 0518 2C       		.byte	0x2c
 1073 0519 81000000 		.4byte	0x81
 1074 051d 05       		.uleb128 0x5
 1075 051e 03       		.byte	0x3
 1076 051f 00000000 		.4byte	selectUS
 1077 0523 09       		.uleb128 0x9
 1078 0524 8D000000 		.4byte	0x8d
 1079 0528 33050000 		.4byte	0x533
 1080 052c 0A       		.uleb128 0xa
 1081 052d B5000000 		.4byte	0xb5
 1082 0531 04       		.byte	0x4
 1083 0532 00       		.byte	0
 1084 0533 1C       		.uleb128 0x1c
 1085 0534 A4000000 		.4byte	.LASF35
 1086 0538 05       		.byte	0x5
 1087 0539 2E       		.byte	0x2e
 1088 053a 23050000 		.4byte	0x523
 1089 053e 05       		.uleb128 0x5
 1090 053f 03       		.byte	0x3
 1091 0540 00000000 		.4byte	avgUS1
 1092 0544 1C       		.uleb128 0x1c
ARM GAS  C:\Users\BASILE~1.BER\AppData\Local\Temp\cc7r3Iwj.s 			page 24


 1093 0545 AB000000 		.4byte	.LASF36
 1094 0549 05       		.byte	0x5
 1095 054a 2F       		.byte	0x2f
 1096 054b 23050000 		.4byte	0x523
 1097 054f 05       		.uleb128 0x5
 1098 0550 03       		.byte	0x3
 1099 0551 00000000 		.4byte	avgUS2
 1100 0555 1C       		.uleb128 0x1c
 1101 0556 B2000000 		.4byte	.LASF37
 1102 055a 05       		.byte	0x5
 1103 055b 30       		.byte	0x30
 1104 055c 23050000 		.4byte	0x523
 1105 0560 05       		.uleb128 0x5
 1106 0561 03       		.byte	0x3
 1107 0562 00000000 		.4byte	avgUS3
 1108 0566 1C       		.uleb128 0x1c
 1109 0567 1B030000 		.4byte	.LASF38
 1110 056b 05       		.byte	0x5
 1111 056c 43       		.byte	0x43
 1112 056d 81000000 		.4byte	0x81
 1113 0571 05       		.uleb128 0x5
 1114 0572 03       		.byte	0x3
 1115 0573 00000000 		.4byte	boolSelect
 1116 0577 1D       		.uleb128 0x1d
 1117 0578 26030000 		.4byte	.LASF39
 1118 057c 06       		.byte	0x6
 1119 057d 1207     		.2byte	0x712
 1120 057f 83050000 		.4byte	0x583
 1121 0583 1E       		.uleb128 0x1e
 1122 0584 76000000 		.4byte	0x76
 1123 0588 1F       		.uleb128 0x1f
 1124 0589 524200   		.ascii	"RB\000"
 1125 058c 15       		.byte	0x15
 1126 058d 27       		.byte	0x27
 1127 058e ED000000 		.4byte	0xed
 1128 0592 05       		.uleb128 0x5
 1129 0593 03       		.byte	0x3
 1130 0594 00000000 		.4byte	RB
 1131 0598 20       		.uleb128 0x20
 1132 0599 06000000 		.4byte	.LASF40
 1133 059d 06000000 		.4byte	.LASF40
 1134 05a1 07       		.byte	0x7
 1135 05a2 31       		.byte	0x31
 1136 05a3 20       		.uleb128 0x20
 1137 05a4 39000000 		.4byte	.LASF41
 1138 05a8 39000000 		.4byte	.LASF41
 1139 05ac 07       		.byte	0x7
 1140 05ad A1       		.byte	0xa1
 1141 05ae 20       		.uleb128 0x20
 1142 05af 8D010000 		.4byte	.LASF42
 1143 05b3 8D010000 		.4byte	.LASF42
 1144 05b7 08       		.byte	0x8
 1145 05b8 38       		.byte	0x38
 1146 05b9 20       		.uleb128 0x20
 1147 05ba 5C000000 		.4byte	.LASF43
 1148 05be 5C000000 		.4byte	.LASF43
 1149 05c2 09       		.byte	0x9
ARM GAS  C:\Users\BASILE~1.BER\AppData\Local\Temp\cc7r3Iwj.s 			page 25


 1150 05c3 92       		.byte	0x92
 1151 05c4 20       		.uleb128 0x20
 1152 05c5 8F000000 		.4byte	.LASF44
 1153 05c9 8F000000 		.4byte	.LASF44
 1154 05cd 0A       		.byte	0xa
 1155 05ce 5A       		.byte	0x5a
 1156 05cf 20       		.uleb128 0x20
 1157 05d0 23010000 		.4byte	.LASF45
 1158 05d4 23010000 		.4byte	.LASF45
 1159 05d8 0B       		.byte	0xb
 1160 05d9 26       		.byte	0x26
 1161 05da 20       		.uleb128 0x20
 1162 05db CF030000 		.4byte	.LASF46
 1163 05df CF030000 		.4byte	.LASF46
 1164 05e3 0C       		.byte	0xc
 1165 05e4 76       		.byte	0x76
 1166 05e5 20       		.uleb128 0x20
 1167 05e6 03030000 		.4byte	.LASF47
 1168 05ea 03030000 		.4byte	.LASF47
 1169 05ee 0D       		.byte	0xd
 1170 05ef 26       		.byte	0x26
 1171 05f0 20       		.uleb128 0x20
 1172 05f1 61010000 		.4byte	.LASF48
 1173 05f5 61010000 		.4byte	.LASF48
 1174 05f9 0E       		.byte	0xe
 1175 05fa 26       		.byte	0x26
 1176 05fb 20       		.uleb128 0x20
 1177 05fc D7030000 		.4byte	.LASF49
 1178 0600 D7030000 		.4byte	.LASF49
 1179 0604 0F       		.byte	0xf
 1180 0605 26       		.byte	0x26
 1181 0606 20       		.uleb128 0x20
 1182 0607 22020000 		.4byte	.LASF50
 1183 060b 22020000 		.4byte	.LASF50
 1184 060f 10       		.byte	0x10
 1185 0610 26       		.byte	0x26
 1186 0611 20       		.uleb128 0x20
 1187 0612 0E030000 		.4byte	.LASF51
 1188 0616 0E030000 		.4byte	.LASF51
 1189 061a 08       		.byte	0x8
 1190 061b 3D       		.byte	0x3d
 1191 061c 20       		.uleb128 0x20
 1192 061d 87020000 		.4byte	.LASF52
 1193 0621 87020000 		.4byte	.LASF52
 1194 0625 08       		.byte	0x8
 1195 0626 61       		.byte	0x61
 1196 0627 20       		.uleb128 0x20
 1197 0628 0D010000 		.4byte	.LASF53
 1198 062c 0D010000 		.4byte	.LASF53
 1199 0630 11       		.byte	0x11
 1200 0631 18       		.byte	0x18
 1201 0632 20       		.uleb128 0x20
 1202 0633 D7000000 		.4byte	.LASF54
 1203 0637 D7000000 		.4byte	.LASF54
 1204 063b 09       		.byte	0x9
 1205 063c C7       		.byte	0xc7
 1206 063d 20       		.uleb128 0x20
ARM GAS  C:\Users\BASILE~1.BER\AppData\Local\Temp\cc7r3Iwj.s 			page 26


 1207 063e F2000000 		.4byte	.LASF55
 1208 0642 F2000000 		.4byte	.LASF55
 1209 0646 09       		.byte	0x9
 1210 0647 CA       		.byte	0xca
 1211 0648 20       		.uleb128 0x20
 1212 0649 E8020000 		.4byte	.LASF56
 1213 064d E8020000 		.4byte	.LASF56
 1214 0651 12       		.byte	0x12
 1215 0652 26       		.byte	0x26
 1216 0653 20       		.uleb128 0x20
 1217 0654 3C010000 		.4byte	.LASF57
 1218 0658 3C010000 		.4byte	.LASF57
 1219 065c 13       		.byte	0x13
 1220 065d 26       		.byte	0x26
 1221 065e 20       		.uleb128 0x20
 1222 065f BF020000 		.4byte	.LASF58
 1223 0663 BF020000 		.4byte	.LASF58
 1224 0667 14       		.byte	0x14
 1225 0668 29       		.byte	0x29
 1226 0669 20       		.uleb128 0x20
 1227 066a 0A020000 		.4byte	.LASF59
 1228 066e 0A020000 		.4byte	.LASF59
 1229 0672 05       		.byte	0x5
 1230 0673 39       		.byte	0x39
 1231 0674 20       		.uleb128 0x20
 1232 0675 BF000000 		.4byte	.LASF60
 1233 0679 BF000000 		.4byte	.LASF60
 1234 067d 08       		.byte	0x8
 1235 067e 5E       		.byte	0x5e
 1236 067f 00       		.byte	0
 1237              		.section	.debug_abbrev,"",%progbits
 1238              	.Ldebug_abbrev0:
 1239 0000 01       		.uleb128 0x1
 1240 0001 11       		.uleb128 0x11
 1241 0002 01       		.byte	0x1
 1242 0003 25       		.uleb128 0x25
 1243 0004 0E       		.uleb128 0xe
 1244 0005 13       		.uleb128 0x13
 1245 0006 0B       		.uleb128 0xb
 1246 0007 03       		.uleb128 0x3
 1247 0008 0E       		.uleb128 0xe
 1248 0009 1B       		.uleb128 0x1b
 1249 000a 0E       		.uleb128 0xe
 1250 000b 55       		.uleb128 0x55
 1251 000c 17       		.uleb128 0x17
 1252 000d 11       		.uleb128 0x11
 1253 000e 01       		.uleb128 0x1
 1254 000f 10       		.uleb128 0x10
 1255 0010 17       		.uleb128 0x17
 1256 0011 00       		.byte	0
 1257 0012 00       		.byte	0
 1258 0013 02       		.uleb128 0x2
 1259 0014 24       		.uleb128 0x24
 1260 0015 00       		.byte	0
 1261 0016 0B       		.uleb128 0xb
 1262 0017 0B       		.uleb128 0xb
 1263 0018 3E       		.uleb128 0x3e
ARM GAS  C:\Users\BASILE~1.BER\AppData\Local\Temp\cc7r3Iwj.s 			page 27


 1264 0019 0B       		.uleb128 0xb
 1265 001a 03       		.uleb128 0x3
 1266 001b 0E       		.uleb128 0xe
 1267 001c 00       		.byte	0
 1268 001d 00       		.byte	0
 1269 001e 03       		.uleb128 0x3
 1270 001f 16       		.uleb128 0x16
 1271 0020 00       		.byte	0
 1272 0021 03       		.uleb128 0x3
 1273 0022 0E       		.uleb128 0xe
 1274 0023 3A       		.uleb128 0x3a
 1275 0024 0B       		.uleb128 0xb
 1276 0025 3B       		.uleb128 0x3b
 1277 0026 0B       		.uleb128 0xb
 1278 0027 49       		.uleb128 0x49
 1279 0028 13       		.uleb128 0x13
 1280 0029 00       		.byte	0
 1281 002a 00       		.byte	0
 1282 002b 04       		.uleb128 0x4
 1283 002c 24       		.uleb128 0x24
 1284 002d 00       		.byte	0
 1285 002e 0B       		.uleb128 0xb
 1286 002f 0B       		.uleb128 0xb
 1287 0030 3E       		.uleb128 0x3e
 1288 0031 0B       		.uleb128 0xb
 1289 0032 03       		.uleb128 0x3
 1290 0033 08       		.uleb128 0x8
 1291 0034 00       		.byte	0
 1292 0035 00       		.byte	0
 1293 0036 05       		.uleb128 0x5
 1294 0037 16       		.uleb128 0x16
 1295 0038 00       		.byte	0
 1296 0039 03       		.uleb128 0x3
 1297 003a 0E       		.uleb128 0xe
 1298 003b 3A       		.uleb128 0x3a
 1299 003c 0B       		.uleb128 0xb
 1300 003d 3B       		.uleb128 0x3b
 1301 003e 05       		.uleb128 0x5
 1302 003f 49       		.uleb128 0x49
 1303 0040 13       		.uleb128 0x13
 1304 0041 00       		.byte	0
 1305 0042 00       		.byte	0
 1306 0043 06       		.uleb128 0x6
 1307 0044 13       		.uleb128 0x13
 1308 0045 01       		.byte	0x1
 1309 0046 0B       		.uleb128 0xb
 1310 0047 0B       		.uleb128 0xb
 1311 0048 3A       		.uleb128 0x3a
 1312 0049 0B       		.uleb128 0xb
 1313 004a 3B       		.uleb128 0x3b
 1314 004b 0B       		.uleb128 0xb
 1315 004c 01       		.uleb128 0x1
 1316 004d 13       		.uleb128 0x13
 1317 004e 00       		.byte	0
 1318 004f 00       		.byte	0
 1319 0050 07       		.uleb128 0x7
 1320 0051 0D       		.uleb128 0xd
ARM GAS  C:\Users\BASILE~1.BER\AppData\Local\Temp\cc7r3Iwj.s 			page 28


 1321 0052 00       		.byte	0
 1322 0053 03       		.uleb128 0x3
 1323 0054 08       		.uleb128 0x8
 1324 0055 3A       		.uleb128 0x3a
 1325 0056 0B       		.uleb128 0xb
 1326 0057 3B       		.uleb128 0x3b
 1327 0058 0B       		.uleb128 0xb
 1328 0059 49       		.uleb128 0x49
 1329 005a 13       		.uleb128 0x13
 1330 005b 38       		.uleb128 0x38
 1331 005c 0B       		.uleb128 0xb
 1332 005d 00       		.byte	0
 1333 005e 00       		.byte	0
 1334 005f 08       		.uleb128 0x8
 1335 0060 0D       		.uleb128 0xd
 1336 0061 00       		.byte	0
 1337 0062 03       		.uleb128 0x3
 1338 0063 0E       		.uleb128 0xe
 1339 0064 3A       		.uleb128 0x3a
 1340 0065 0B       		.uleb128 0xb
 1341 0066 3B       		.uleb128 0x3b
 1342 0067 0B       		.uleb128 0xb
 1343 0068 49       		.uleb128 0x49
 1344 0069 13       		.uleb128 0x13
 1345 006a 38       		.uleb128 0x38
 1346 006b 0B       		.uleb128 0xb
 1347 006c 00       		.byte	0
 1348 006d 00       		.byte	0
 1349 006e 09       		.uleb128 0x9
 1350 006f 01       		.uleb128 0x1
 1351 0070 01       		.byte	0x1
 1352 0071 49       		.uleb128 0x49
 1353 0072 13       		.uleb128 0x13
 1354 0073 01       		.uleb128 0x1
 1355 0074 13       		.uleb128 0x13
 1356 0075 00       		.byte	0
 1357 0076 00       		.byte	0
 1358 0077 0A       		.uleb128 0xa
 1359 0078 21       		.uleb128 0x21
 1360 0079 00       		.byte	0
 1361 007a 49       		.uleb128 0x49
 1362 007b 13       		.uleb128 0x13
 1363 007c 2F       		.uleb128 0x2f
 1364 007d 0B       		.uleb128 0xb
 1365 007e 00       		.byte	0
 1366 007f 00       		.byte	0
 1367 0080 0B       		.uleb128 0xb
 1368 0081 17       		.uleb128 0x17
 1369 0082 01       		.byte	0x1
 1370 0083 03       		.uleb128 0x3
 1371 0084 0E       		.uleb128 0xe
 1372 0085 0B       		.uleb128 0xb
 1373 0086 0B       		.uleb128 0xb
 1374 0087 3A       		.uleb128 0x3a
 1375 0088 0B       		.uleb128 0xb
 1376 0089 3B       		.uleb128 0x3b
 1377 008a 0B       		.uleb128 0xb
ARM GAS  C:\Users\BASILE~1.BER\AppData\Local\Temp\cc7r3Iwj.s 			page 29


 1378 008b 01       		.uleb128 0x1
 1379 008c 13       		.uleb128 0x13
 1380 008d 00       		.byte	0
 1381 008e 00       		.byte	0
 1382 008f 0C       		.uleb128 0xc
 1383 0090 0D       		.uleb128 0xd
 1384 0091 00       		.byte	0
 1385 0092 03       		.uleb128 0x3
 1386 0093 0E       		.uleb128 0xe
 1387 0094 3A       		.uleb128 0x3a
 1388 0095 0B       		.uleb128 0xb
 1389 0096 3B       		.uleb128 0x3b
 1390 0097 0B       		.uleb128 0xb
 1391 0098 49       		.uleb128 0x49
 1392 0099 13       		.uleb128 0x13
 1393 009a 00       		.byte	0
 1394 009b 00       		.byte	0
 1395 009c 0D       		.uleb128 0xd
 1396 009d 0D       		.uleb128 0xd
 1397 009e 00       		.byte	0
 1398 009f 49       		.uleb128 0x49
 1399 00a0 13       		.uleb128 0x13
 1400 00a1 00       		.byte	0
 1401 00a2 00       		.byte	0
 1402 00a3 0E       		.uleb128 0xe
 1403 00a4 2E       		.uleb128 0x2e
 1404 00a5 01       		.byte	0x1
 1405 00a6 3F       		.uleb128 0x3f
 1406 00a7 19       		.uleb128 0x19
 1407 00a8 03       		.uleb128 0x3
 1408 00a9 0E       		.uleb128 0xe
 1409 00aa 3A       		.uleb128 0x3a
 1410 00ab 0B       		.uleb128 0xb
 1411 00ac 3B       		.uleb128 0x3b
 1412 00ad 0B       		.uleb128 0xb
 1413 00ae 27       		.uleb128 0x27
 1414 00af 19       		.uleb128 0x19
 1415 00b0 11       		.uleb128 0x11
 1416 00b1 01       		.uleb128 0x1
 1417 00b2 12       		.uleb128 0x12
 1418 00b3 06       		.uleb128 0x6
 1419 00b4 40       		.uleb128 0x40
 1420 00b5 18       		.uleb128 0x18
 1421 00b6 9742     		.uleb128 0x2117
 1422 00b8 19       		.uleb128 0x19
 1423 00b9 01       		.uleb128 0x1
 1424 00ba 13       		.uleb128 0x13
 1425 00bb 00       		.byte	0
 1426 00bc 00       		.byte	0
 1427 00bd 0F       		.uleb128 0xf
 1428 00be 898201   		.uleb128 0x4109
 1429 00c1 00       		.byte	0
 1430 00c2 11       		.uleb128 0x11
 1431 00c3 01       		.uleb128 0x1
 1432 00c4 31       		.uleb128 0x31
 1433 00c5 13       		.uleb128 0x13
 1434 00c6 00       		.byte	0
ARM GAS  C:\Users\BASILE~1.BER\AppData\Local\Temp\cc7r3Iwj.s 			page 30


 1435 00c7 00       		.byte	0
 1436 00c8 10       		.uleb128 0x10
 1437 00c9 2E       		.uleb128 0x2e
 1438 00ca 01       		.byte	0x1
 1439 00cb 3F       		.uleb128 0x3f
 1440 00cc 19       		.uleb128 0x19
 1441 00cd 03       		.uleb128 0x3
 1442 00ce 0E       		.uleb128 0xe
 1443 00cf 3A       		.uleb128 0x3a
 1444 00d0 0B       		.uleb128 0xb
 1445 00d1 3B       		.uleb128 0x3b
 1446 00d2 0B       		.uleb128 0xb
 1447 00d3 27       		.uleb128 0x27
 1448 00d4 19       		.uleb128 0x19
 1449 00d5 49       		.uleb128 0x49
 1450 00d6 13       		.uleb128 0x13
 1451 00d7 11       		.uleb128 0x11
 1452 00d8 01       		.uleb128 0x1
 1453 00d9 12       		.uleb128 0x12
 1454 00da 06       		.uleb128 0x6
 1455 00db 40       		.uleb128 0x40
 1456 00dc 18       		.uleb128 0x18
 1457 00dd 9742     		.uleb128 0x2117
 1458 00df 19       		.uleb128 0x19
 1459 00e0 01       		.uleb128 0x1
 1460 00e1 13       		.uleb128 0x13
 1461 00e2 00       		.byte	0
 1462 00e3 00       		.byte	0
 1463 00e4 11       		.uleb128 0x11
 1464 00e5 05       		.uleb128 0x5
 1465 00e6 00       		.byte	0
 1466 00e7 03       		.uleb128 0x3
 1467 00e8 0E       		.uleb128 0xe
 1468 00e9 3A       		.uleb128 0x3a
 1469 00ea 0B       		.uleb128 0xb
 1470 00eb 3B       		.uleb128 0x3b
 1471 00ec 0B       		.uleb128 0xb
 1472 00ed 49       		.uleb128 0x49
 1473 00ee 13       		.uleb128 0x13
 1474 00ef 02       		.uleb128 0x2
 1475 00f0 17       		.uleb128 0x17
 1476 00f1 00       		.byte	0
 1477 00f2 00       		.byte	0
 1478 00f3 12       		.uleb128 0x12
 1479 00f4 05       		.uleb128 0x5
 1480 00f5 00       		.byte	0
 1481 00f6 03       		.uleb128 0x3
 1482 00f7 08       		.uleb128 0x8
 1483 00f8 3A       		.uleb128 0x3a
 1484 00f9 0B       		.uleb128 0xb
 1485 00fa 3B       		.uleb128 0x3b
 1486 00fb 0B       		.uleb128 0xb
 1487 00fc 49       		.uleb128 0x49
 1488 00fd 13       		.uleb128 0x13
 1489 00fe 02       		.uleb128 0x2
 1490 00ff 17       		.uleb128 0x17
 1491 0100 00       		.byte	0
ARM GAS  C:\Users\BASILE~1.BER\AppData\Local\Temp\cc7r3Iwj.s 			page 31


 1492 0101 00       		.byte	0
 1493 0102 13       		.uleb128 0x13
 1494 0103 898201   		.uleb128 0x4109
 1495 0106 01       		.byte	0x1
 1496 0107 11       		.uleb128 0x11
 1497 0108 01       		.uleb128 0x1
 1498 0109 31       		.uleb128 0x31
 1499 010a 13       		.uleb128 0x13
 1500 010b 01       		.uleb128 0x1
 1501 010c 13       		.uleb128 0x13
 1502 010d 00       		.byte	0
 1503 010e 00       		.byte	0
 1504 010f 14       		.uleb128 0x14
 1505 0110 8A8201   		.uleb128 0x410a
 1506 0113 00       		.byte	0
 1507 0114 02       		.uleb128 0x2
 1508 0115 18       		.uleb128 0x18
 1509 0116 9142     		.uleb128 0x2111
 1510 0118 18       		.uleb128 0x18
 1511 0119 00       		.byte	0
 1512 011a 00       		.byte	0
 1513 011b 15       		.uleb128 0x15
 1514 011c 898201   		.uleb128 0x4109
 1515 011f 01       		.byte	0x1
 1516 0120 11       		.uleb128 0x11
 1517 0121 01       		.uleb128 0x1
 1518 0122 31       		.uleb128 0x31
 1519 0123 13       		.uleb128 0x13
 1520 0124 00       		.byte	0
 1521 0125 00       		.byte	0
 1522 0126 16       		.uleb128 0x16
 1523 0127 05       		.uleb128 0x5
 1524 0128 00       		.byte	0
 1525 0129 03       		.uleb128 0x3
 1526 012a 0E       		.uleb128 0xe
 1527 012b 3A       		.uleb128 0x3a
 1528 012c 0B       		.uleb128 0xb
 1529 012d 3B       		.uleb128 0x3b
 1530 012e 0B       		.uleb128 0xb
 1531 012f 49       		.uleb128 0x49
 1532 0130 13       		.uleb128 0x13
 1533 0131 02       		.uleb128 0x2
 1534 0132 18       		.uleb128 0x18
 1535 0133 00       		.byte	0
 1536 0134 00       		.byte	0
 1537 0135 17       		.uleb128 0x17
 1538 0136 34       		.uleb128 0x34
 1539 0137 00       		.byte	0
 1540 0138 03       		.uleb128 0x3
 1541 0139 0E       		.uleb128 0xe
 1542 013a 3A       		.uleb128 0x3a
 1543 013b 0B       		.uleb128 0xb
 1544 013c 3B       		.uleb128 0x3b
 1545 013d 0B       		.uleb128 0xb
 1546 013e 49       		.uleb128 0x49
 1547 013f 13       		.uleb128 0x13
 1548 0140 02       		.uleb128 0x2
ARM GAS  C:\Users\BASILE~1.BER\AppData\Local\Temp\cc7r3Iwj.s 			page 32


 1549 0141 17       		.uleb128 0x17
 1550 0142 00       		.byte	0
 1551 0143 00       		.byte	0
 1552 0144 18       		.uleb128 0x18
 1553 0145 0B       		.uleb128 0xb
 1554 0146 01       		.byte	0x1
 1555 0147 55       		.uleb128 0x55
 1556 0148 17       		.uleb128 0x17
 1557 0149 00       		.byte	0
 1558 014a 00       		.byte	0
 1559 014b 19       		.uleb128 0x19
 1560 014c 34       		.uleb128 0x34
 1561 014d 00       		.byte	0
 1562 014e 03       		.uleb128 0x3
 1563 014f 08       		.uleb128 0x8
 1564 0150 3A       		.uleb128 0x3a
 1565 0151 0B       		.uleb128 0xb
 1566 0152 3B       		.uleb128 0x3b
 1567 0153 0B       		.uleb128 0xb
 1568 0154 49       		.uleb128 0x49
 1569 0155 13       		.uleb128 0x13
 1570 0156 02       		.uleb128 0x2
 1571 0157 17       		.uleb128 0x17
 1572 0158 00       		.byte	0
 1573 0159 00       		.byte	0
 1574 015a 1A       		.uleb128 0x1a
 1575 015b 0B       		.uleb128 0xb
 1576 015c 01       		.byte	0x1
 1577 015d 11       		.uleb128 0x11
 1578 015e 01       		.uleb128 0x1
 1579 015f 12       		.uleb128 0x12
 1580 0160 06       		.uleb128 0x6
 1581 0161 00       		.byte	0
 1582 0162 00       		.byte	0
 1583 0163 1B       		.uleb128 0x1b
 1584 0164 2E       		.uleb128 0x2e
 1585 0165 01       		.byte	0x1
 1586 0166 3F       		.uleb128 0x3f
 1587 0167 19       		.uleb128 0x19
 1588 0168 03       		.uleb128 0x3
 1589 0169 0E       		.uleb128 0xe
 1590 016a 3A       		.uleb128 0x3a
 1591 016b 0B       		.uleb128 0xb
 1592 016c 3B       		.uleb128 0x3b
 1593 016d 0B       		.uleb128 0xb
 1594 016e 27       		.uleb128 0x27
 1595 016f 19       		.uleb128 0x19
 1596 0170 49       		.uleb128 0x49
 1597 0171 13       		.uleb128 0x13
 1598 0172 8701     		.uleb128 0x87
 1599 0174 19       		.uleb128 0x19
 1600 0175 11       		.uleb128 0x11
 1601 0176 01       		.uleb128 0x1
 1602 0177 12       		.uleb128 0x12
 1603 0178 06       		.uleb128 0x6
 1604 0179 40       		.uleb128 0x40
 1605 017a 18       		.uleb128 0x18
ARM GAS  C:\Users\BASILE~1.BER\AppData\Local\Temp\cc7r3Iwj.s 			page 33


 1606 017b 9742     		.uleb128 0x2117
 1607 017d 19       		.uleb128 0x19
 1608 017e 01       		.uleb128 0x1
 1609 017f 13       		.uleb128 0x13
 1610 0180 00       		.byte	0
 1611 0181 00       		.byte	0
 1612 0182 1C       		.uleb128 0x1c
 1613 0183 34       		.uleb128 0x34
 1614 0184 00       		.byte	0
 1615 0185 03       		.uleb128 0x3
 1616 0186 0E       		.uleb128 0xe
 1617 0187 3A       		.uleb128 0x3a
 1618 0188 0B       		.uleb128 0xb
 1619 0189 3B       		.uleb128 0x3b
 1620 018a 0B       		.uleb128 0xb
 1621 018b 49       		.uleb128 0x49
 1622 018c 13       		.uleb128 0x13
 1623 018d 3F       		.uleb128 0x3f
 1624 018e 19       		.uleb128 0x19
 1625 018f 02       		.uleb128 0x2
 1626 0190 18       		.uleb128 0x18
 1627 0191 00       		.byte	0
 1628 0192 00       		.byte	0
 1629 0193 1D       		.uleb128 0x1d
 1630 0194 34       		.uleb128 0x34
 1631 0195 00       		.byte	0
 1632 0196 03       		.uleb128 0x3
 1633 0197 0E       		.uleb128 0xe
 1634 0198 3A       		.uleb128 0x3a
 1635 0199 0B       		.uleb128 0xb
 1636 019a 3B       		.uleb128 0x3b
 1637 019b 05       		.uleb128 0x5
 1638 019c 49       		.uleb128 0x49
 1639 019d 13       		.uleb128 0x13
 1640 019e 3F       		.uleb128 0x3f
 1641 019f 19       		.uleb128 0x19
 1642 01a0 3C       		.uleb128 0x3c
 1643 01a1 19       		.uleb128 0x19
 1644 01a2 00       		.byte	0
 1645 01a3 00       		.byte	0
 1646 01a4 1E       		.uleb128 0x1e
 1647 01a5 35       		.uleb128 0x35
 1648 01a6 00       		.byte	0
 1649 01a7 49       		.uleb128 0x49
 1650 01a8 13       		.uleb128 0x13
 1651 01a9 00       		.byte	0
 1652 01aa 00       		.byte	0
 1653 01ab 1F       		.uleb128 0x1f
 1654 01ac 34       		.uleb128 0x34
 1655 01ad 00       		.byte	0
 1656 01ae 03       		.uleb128 0x3
 1657 01af 08       		.uleb128 0x8
 1658 01b0 3A       		.uleb128 0x3a
 1659 01b1 0B       		.uleb128 0xb
 1660 01b2 3B       		.uleb128 0x3b
 1661 01b3 0B       		.uleb128 0xb
 1662 01b4 49       		.uleb128 0x49
ARM GAS  C:\Users\BASILE~1.BER\AppData\Local\Temp\cc7r3Iwj.s 			page 34


 1663 01b5 13       		.uleb128 0x13
 1664 01b6 3F       		.uleb128 0x3f
 1665 01b7 19       		.uleb128 0x19
 1666 01b8 02       		.uleb128 0x2
 1667 01b9 18       		.uleb128 0x18
 1668 01ba 00       		.byte	0
 1669 01bb 00       		.byte	0
 1670 01bc 20       		.uleb128 0x20
 1671 01bd 2E       		.uleb128 0x2e
 1672 01be 00       		.byte	0
 1673 01bf 3F       		.uleb128 0x3f
 1674 01c0 19       		.uleb128 0x19
 1675 01c1 3C       		.uleb128 0x3c
 1676 01c2 19       		.uleb128 0x19
 1677 01c3 6E       		.uleb128 0x6e
 1678 01c4 0E       		.uleb128 0xe
 1679 01c5 03       		.uleb128 0x3
 1680 01c6 0E       		.uleb128 0xe
 1681 01c7 3A       		.uleb128 0x3a
 1682 01c8 0B       		.uleb128 0xb
 1683 01c9 3B       		.uleb128 0x3b
 1684 01ca 0B       		.uleb128 0xb
 1685 01cb 00       		.byte	0
 1686 01cc 00       		.byte	0
 1687 01cd 00       		.byte	0
 1688              		.section	.debug_loc,"",%progbits
 1689              	.Ldebug_loc0:
 1690              	.LLST0:
 1691 0000 00000000 		.4byte	.LVL5
 1692 0004 0E000000 		.4byte	.LVL8
 1693 0008 0100     		.2byte	0x1
 1694 000a 50       		.byte	0x50
 1695 000b 0E000000 		.4byte	.LVL8
 1696 000f 12000000 		.4byte	.LVL10
 1697 0013 0100     		.2byte	0x1
 1698 0015 50       		.byte	0x50
 1699 0016 12000000 		.4byte	.LVL10
 1700 001a 14000000 		.4byte	.LVL11
 1701 001e 0400     		.2byte	0x4
 1702 0020 F3       		.byte	0xf3
 1703 0021 01       		.uleb128 0x1
 1704 0022 50       		.byte	0x50
 1705 0023 9F       		.byte	0x9f
 1706 0024 14000000 		.4byte	.LVL11
 1707 0028 18000000 		.4byte	.LFE66
 1708 002c 0100     		.2byte	0x1
 1709 002e 50       		.byte	0x50
 1710 002f 00000000 		.4byte	0
 1711 0033 00000000 		.4byte	0
 1712              	.LLST1:
 1713 0037 00000000 		.4byte	.LVL5
 1714 003b 0C000000 		.4byte	.LVL7
 1715 003f 0100     		.2byte	0x1
 1716 0041 51       		.byte	0x51
 1717 0042 0C000000 		.4byte	.LVL7
 1718 0046 10000000 		.4byte	.LVL9
 1719 004a 0400     		.2byte	0x4
ARM GAS  C:\Users\BASILE~1.BER\AppData\Local\Temp\cc7r3Iwj.s 			page 35


 1720 004c F3       		.byte	0xf3
 1721 004d 01       		.uleb128 0x1
 1722 004e 51       		.byte	0x51
 1723 004f 9F       		.byte	0x9f
 1724 0050 10000000 		.4byte	.LVL9
 1725 0054 18000000 		.4byte	.LFE66
 1726 0058 0100     		.2byte	0x1
 1727 005a 51       		.byte	0x51
 1728 005b 00000000 		.4byte	0
 1729 005f 00000000 		.4byte	0
 1730              	.LLST2:
 1731 0063 00000000 		.4byte	.LVL5
 1732 0067 06000000 		.4byte	.LVL6
 1733 006b 0100     		.2byte	0x1
 1734 006d 52       		.byte	0x52
 1735 006e 06000000 		.4byte	.LVL6
 1736 0072 10000000 		.4byte	.LVL9
 1737 0076 0400     		.2byte	0x4
 1738 0078 F3       		.byte	0xf3
 1739 0079 01       		.uleb128 0x1
 1740 007a 52       		.byte	0x52
 1741 007b 9F       		.byte	0x9f
 1742 007c 10000000 		.4byte	.LVL9
 1743 0080 14000000 		.4byte	.LVL11
 1744 0084 0100     		.2byte	0x1
 1745 0086 52       		.byte	0x52
 1746 0087 14000000 		.4byte	.LVL11
 1747 008b 18000000 		.4byte	.LFE66
 1748 008f 0400     		.2byte	0x4
 1749 0091 F3       		.byte	0xf3
 1750 0092 01       		.uleb128 0x1
 1751 0093 52       		.byte	0x52
 1752 0094 9F       		.byte	0x9f
 1753 0095 00000000 		.4byte	0
 1754 0099 00000000 		.4byte	0
 1755              	.LLST3:
 1756 009d 00000000 		.4byte	.LVL22
 1757 00a1 06000000 		.4byte	.LVL24
 1758 00a5 0100     		.2byte	0x1
 1759 00a7 50       		.byte	0x50
 1760 00a8 06000000 		.4byte	.LVL24
 1761 00ac 16000000 		.4byte	.LFE69
 1762 00b0 0100     		.2byte	0x1
 1763 00b2 52       		.byte	0x52
 1764 00b3 00000000 		.4byte	0
 1765 00b7 00000000 		.4byte	0
 1766              	.LLST4:
 1767 00bb 02000000 		.4byte	.LVL23
 1768 00bf 08000000 		.4byte	.LVL25
 1769 00c3 0200     		.2byte	0x2
 1770 00c5 31       		.byte	0x31
 1771 00c6 9F       		.byte	0x9f
 1772 00c7 08000000 		.4byte	.LVL25
 1773 00cb 0C000000 		.4byte	.LVL26
 1774 00cf 0100     		.2byte	0x1
 1775 00d1 50       		.byte	0x50
 1776 00d2 0E000000 		.4byte	.LVL27
ARM GAS  C:\Users\BASILE~1.BER\AppData\Local\Temp\cc7r3Iwj.s 			page 36


 1777 00d6 16000000 		.4byte	.LFE69
 1778 00da 0100     		.2byte	0x1
 1779 00dc 50       		.byte	0x50
 1780 00dd 00000000 		.4byte	0
 1781 00e1 00000000 		.4byte	0
 1782              	.LLST5:
 1783 00e5 02000000 		.4byte	.LVL23
 1784 00e9 08000000 		.4byte	.LVL25
 1785 00ed 0200     		.2byte	0x2
 1786 00ef 30       		.byte	0x30
 1787 00f0 9F       		.byte	0x9f
 1788 00f1 08000000 		.4byte	.LVL25
 1789 00f5 16000000 		.4byte	.LFE69
 1790 00f9 0100     		.2byte	0x1
 1791 00fb 53       		.byte	0x53
 1792 00fc 00000000 		.4byte	0
 1793 0100 00000000 		.4byte	0
 1794              	.LLST6:
 1795 0104 00000000 		.4byte	.LVL29
 1796 0108 0A000000 		.4byte	.LVL31
 1797 010c 0100     		.2byte	0x1
 1798 010e 50       		.byte	0x50
 1799 010f 0A000000 		.4byte	.LVL31
 1800 0113 38000000 		.4byte	.LFE67
 1801 0117 0400     		.2byte	0x4
 1802 0119 F3       		.byte	0xf3
 1803 011a 01       		.uleb128 0x1
 1804 011b 50       		.byte	0x50
 1805 011c 9F       		.byte	0x9f
 1806 011d 00000000 		.4byte	0
 1807 0121 00000000 		.4byte	0
 1808              	.LLST7:
 1809 0125 00000000 		.4byte	.LVL29
 1810 0129 0A000000 		.4byte	.LVL31
 1811 012d 0100     		.2byte	0x1
 1812 012f 51       		.byte	0x51
 1813 0130 0A000000 		.4byte	.LVL31
 1814 0134 38000000 		.4byte	.LFE67
 1815 0138 0100     		.2byte	0x1
 1816 013a 55       		.byte	0x55
 1817 013b 00000000 		.4byte	0
 1818 013f 00000000 		.4byte	0
 1819              	.LLST8:
 1820 0143 06000000 		.4byte	.LVL30
 1821 0147 0A000000 		.4byte	.LVL31
 1822 014b 0200     		.2byte	0x2
 1823 014d 30       		.byte	0x30
 1824 014e 9F       		.byte	0x9f
 1825 014f 0A000000 		.4byte	.LVL31
 1826 0153 38000000 		.4byte	.LFE67
 1827 0157 0100     		.2byte	0x1
 1828 0159 54       		.byte	0x54
 1829 015a 00000000 		.4byte	0
 1830 015e 00000000 		.4byte	0
 1831              	.LLST9:
 1832 0162 1C000000 		.4byte	.LVL34
 1833 0166 24000000 		.4byte	.LVL35
ARM GAS  C:\Users\BASILE~1.BER\AppData\Local\Temp\cc7r3Iwj.s 			page 37


 1834 016a 0100     		.2byte	0x1
 1835 016c 50       		.byte	0x50
 1836 016d 2A000000 		.4byte	.LVL37
 1837 0171 2C000000 		.4byte	.LVL38
 1838 0175 0100     		.2byte	0x1
 1839 0177 50       		.byte	0x50
 1840 0178 00000000 		.4byte	0
 1841 017c 00000000 		.4byte	0
 1842              		.section	.debug_aranges,"",%progbits
 1843 0000 44000000 		.4byte	0x44
 1844 0004 0200     		.2byte	0x2
 1845 0006 00000000 		.4byte	.Ldebug_info0
 1846 000a 04       		.byte	0x4
 1847 000b 00       		.byte	0
 1848 000c 0000     		.2byte	0
 1849 000e 0000     		.2byte	0
 1850 0010 00000000 		.4byte	.LFB64
 1851 0014 2C000000 		.4byte	.LFE64-.LFB64
 1852 0018 00000000 		.4byte	.LFB66
 1853 001c 18000000 		.4byte	.LFE66-.LFB66
 1854 0020 00000000 		.4byte	.LFB68
 1855 0024 42000000 		.4byte	.LFE68-.LFB68
 1856 0028 00000000 		.4byte	.LFB69
 1857 002c 16000000 		.4byte	.LFE69-.LFB69
 1858 0030 00000000 		.4byte	.LFB67
 1859 0034 38000000 		.4byte	.LFE67-.LFB67
 1860 0038 00000000 		.4byte	.LFB65
 1861 003c A8000000 		.4byte	.LFE65-.LFB65
 1862 0040 00000000 		.4byte	0
 1863 0044 00000000 		.4byte	0
 1864              		.section	.debug_ranges,"",%progbits
 1865              	.Ldebug_ranges0:
 1866 0000 02000000 		.4byte	.LBB2
 1867 0004 04000000 		.4byte	.LBE2
 1868 0008 06000000 		.4byte	.LBB3
 1869 000c 14000000 		.4byte	.LBE3
 1870 0010 00000000 		.4byte	0
 1871 0014 00000000 		.4byte	0
 1872 0018 00000000 		.4byte	.LFB64
 1873 001c 2C000000 		.4byte	.LFE64
 1874 0020 00000000 		.4byte	.LFB66
 1875 0024 18000000 		.4byte	.LFE66
 1876 0028 00000000 		.4byte	.LFB68
 1877 002c 42000000 		.4byte	.LFE68
 1878 0030 00000000 		.4byte	.LFB69
 1879 0034 16000000 		.4byte	.LFE69
 1880 0038 00000000 		.4byte	.LFB67
 1881 003c 38000000 		.4byte	.LFE67
 1882 0040 00000000 		.4byte	.LFB65
 1883 0044 A8000000 		.4byte	.LFE65
 1884 0048 00000000 		.4byte	0
 1885 004c 00000000 		.4byte	0
 1886              		.section	.debug_line,"",%progbits
 1887              	.Ldebug_line0:
 1888 0000 F1020000 		.section	.debug_str,"MS",%progbits,1
 1888      02000A02 
 1888      00000201 
ARM GAS  C:\Users\BASILE~1.BER\AppData\Local\Temp\cc7r3Iwj.s 			page 38


 1888      FB0E0D00 
 1888      01010101 
 1889              	.LASF13:
 1890 0000 666C6F61 		.ascii	"float\000"
 1890      7400
 1891              	.LASF40:
 1892 0006 4144435F 		.ascii	"ADC_IR_Start\000"
 1892      49525F53 
 1892      74617274 
 1892      00
 1893              	.LASF19:
 1894 0013 67657461 		.ascii	"getal\000"
 1894      6C00
 1895              	.LASF2:
 1896 0019 73686F72 		.ascii	"short int\000"
 1896      7420696E 
 1896      7400
 1897              	.LASF21:
 1898 0023 74656C50 		.ascii	"telProcedure\000"
 1898      726F6365 
 1898      64757265 
 1898      00
 1899              	.LASF17:
 1900 0030 73697A65 		.ascii	"sizetype\000"
 1900      74797065 
 1900      00
 1901              	.LASF41:
 1902 0039 4144435F 		.ascii	"ADC_IR_StartConvert\000"
 1902      49525F53 
 1902      74617274 
 1902      436F6E76 
 1902      65727400 
 1903              	.LASF31:
 1904 004d 49524472 		.ascii	"IRDrempel\000"
 1904      656D7065 
 1904      6C00
 1905              	.LASF66:
 1906 0057 6D61696E 		.ascii	"main\000"
 1906      00
 1907              	.LASF43:
 1908 005c 4D6F746F 		.ascii	"MotorControl_Start\000"
 1908      72436F6E 
 1908      74726F6C 
 1908      5F537461 
 1908      727400
 1909              	.LASF16:
 1910 006f 6C6F6E67 		.ascii	"long double\000"
 1910      20646F75 
 1910      626C6500 
 1911              	.LASF26:
 1912 007b 7072696E 		.ascii	"printBINopLCD\000"
 1912      7442494E 
 1912      6F704C43 
 1912      4400
 1913              	.LASF27:
 1914 0089 76616C75 		.ascii	"value\000"
 1914      6500
ARM GAS  C:\Users\BASILE~1.BER\AppData\Local\Temp\cc7r3Iwj.s 			page 39


 1915              	.LASF44:
 1916 008f 54696D65 		.ascii	"TimerUS_Start\000"
 1916      7255535F 
 1916      53746172 
 1916      7400
 1917              	.LASF12:
 1918 009d 75696E74 		.ascii	"uint16\000"
 1918      313600
 1919              	.LASF35:
 1920 00a4 61766755 		.ascii	"avgUS1\000"
 1920      533100
 1921              	.LASF36:
 1922 00ab 61766755 		.ascii	"avgUS2\000"
 1922      533200
 1923              	.LASF37:
 1924 00b2 61766755 		.ascii	"avgUS3\000"
 1924      533300
 1925              	.LASF11:
 1926 00b9 75696E74 		.ascii	"uint8\000"
 1926      3800
 1927              	.LASF60:
 1928 00bf 4C43445F 		.ascii	"LCD_PrintInt16\000"
 1928      5072696E 
 1928      74496E74 
 1928      313600
 1929              	.LASF23:
 1930 00ce 6578706F 		.ascii	"exponent\000"
 1930      6E656E74 
 1930      00
 1931              	.LASF54:
 1932 00d7 4D6F746F 		.ascii	"MotorControl_WriteCompare1\000"
 1932      72436F6E 
 1932      74726F6C 
 1932      5F577269 
 1932      7465436F 
 1933              	.LASF55:
 1934 00f2 4D6F746F 		.ascii	"MotorControl_WriteCompare2\000"
 1934      72436F6E 
 1934      74726F6C 
 1934      5F577269 
 1934      7465436F 
 1935              	.LASF53:
 1936 010d 72656164 		.ascii	"readIRSensors_StartEx\000"
 1936      49525365 
 1936      6E736F72 
 1936      735F5374 
 1936      61727445 
 1937              	.LASF45:
 1938 0123 4C454431 		.ascii	"LED1_Write\000"
 1938      5F577269 
 1938      746500
 1939              	.LASF6:
 1940 012e 6C6F6E67 		.ascii	"long long int\000"
 1940      206C6F6E 
 1940      6720696E 
 1940      7400
 1941              	.LASF57:
ARM GAS  C:\Users\BASILE~1.BER\AppData\Local\Temp\cc7r3Iwj.s 			page 40


 1942 013c 454E425F 		.ascii	"ENB_Write\000"
 1942      57726974 
 1942      6500
 1943              	.LASF33:
 1944 0146 6D656469 		.ascii	"mediaan\000"
 1944      61616E00 
 1945              	.LASF30:
 1946 014e 49525761 		.ascii	"IRWaarden\000"
 1946      61726465 
 1946      6E00
 1947              	.LASF4:
 1948 0158 6C6F6E67 		.ascii	"long int\000"
 1948      20696E74 
 1948      00
 1949              	.LASF48:
 1950 0161 4C454433 		.ascii	"LED3_Write\000"
 1950      5F577269 
 1950      746500
 1951              	.LASF32:
 1952 016c 54657374 		.ascii	"TestGetal\000"
 1952      47657461 
 1952      6C00
 1953              	.LASF1:
 1954 0176 756E7369 		.ascii	"unsigned char\000"
 1954      676E6564 
 1954      20636861 
 1954      7200
 1955              	.LASF34:
 1956 0184 73656C65 		.ascii	"selectUS\000"
 1956      63745553 
 1956      00
 1957              	.LASF42:
 1958 018d 4C43445F 		.ascii	"LCD_Start\000"
 1958      53746172 
 1958      7400
 1959              	.LASF63:
 1960 0197 433A5C55 		.ascii	"C:\\Users\\basile.berckmoes\\Documents\\GitHub\\Rob"
 1960      73657273 
 1960      5C626173 
 1960      696C652E 
 1960      62657263 
 1961 01c5 6F74436F 		.ascii	"otComp2ELO\\Software\\PSoc\\Roadster\\RoadsterRACEM"
 1961      6D703245 
 1961      4C4F5C53 
 1961      6F667477 
 1961      6172655C 
 1962 01f4 4F44455C 		.ascii	"ODE\\Roadster1.0.cydsn\000"
 1962      526F6164 
 1962      73746572 
 1962      312E302E 
 1962      63796473 
 1963              	.LASF59:
 1964 020a 416E616C 		.ascii	"AnalyseerData\000"
 1964      79736565 
 1964      72446174 
 1964      6100
 1965              	.LASF25:
ARM GAS  C:\Users\BASILE~1.BER\AppData\Local\Temp\cc7r3Iwj.s 			page 41


 1966 0218 746D7057 		.ascii	"tmpWaarde\000"
 1966      61617264 
 1966      6500
 1967              	.LASF50:
 1968 0222 4C454435 		.ascii	"LED5_Write\000"
 1968      5F577269 
 1968      746500
 1969              	.LASF0:
 1970 022d 7369676E 		.ascii	"signed char\000"
 1970      65642063 
 1970      68617200 
 1971              	.LASF7:
 1972 0239 6C6F6E67 		.ascii	"long long unsigned int\000"
 1972      206C6F6E 
 1972      6720756E 
 1972      7369676E 
 1972      65642069 
 1973              	.LASF64:
 1974 0250 54527842 		.ascii	"TRxBuffer\000"
 1974      75666665 
 1974      7200
 1975              	.LASF8:
 1976 025a 756E7369 		.ascii	"unsigned int\000"
 1976      676E6564 
 1976      20696E74 
 1976      00
 1977              	.LASF20:
 1978 0267 696E6974 		.ascii	"initFirmwire\000"
 1978      4669726D 
 1978      77697265 
 1978      00
 1979              	.LASF3:
 1980 0274 73686F72 		.ascii	"short unsigned int\000"
 1980      7420756E 
 1980      7369676E 
 1980      65642069 
 1980      6E7400
 1981              	.LASF52:
 1982 0287 4C43445F 		.ascii	"LCD_PrintU32Number\000"
 1982      5072696E 
 1982      74553332 
 1982      4E756D62 
 1982      657200
 1983              	.LASF18:
 1984 029a 76616C73 		.ascii	"valstr\000"
 1984      747200
 1985              	.LASF15:
 1986 02a1 63686172 		.ascii	"char\000"
 1986      00
 1987              	.LASF24:
 1988 02a6 67726F6E 		.ascii	"grondgetal\000"
 1988      64676574 
 1988      616C00
 1989              	.LASF10:
 1990 02b1 696E7433 		.ascii	"int32_t\000"
 1990      325F7400 
 1991              	.LASF65:
ARM GAS  C:\Users\BASILE~1.BER\AppData\Local\Temp\cc7r3Iwj.s 			page 42


 1992 02b9 52785374 		.ascii	"RxStr\000"
 1992      7200
 1993              	.LASF58:
 1994 02bf 5357315F 		.ascii	"SW1_Read\000"
 1994      52656164 
 1994      00
 1995              	.LASF62:
 1996 02c8 6D61696E 		.ascii	"main.c\000"
 1996      2E6300
 1997              	.LASF5:
 1998 02cf 6C6F6E67 		.ascii	"long unsigned int\000"
 1998      20756E73 
 1998      69676E65 
 1998      6420696E 
 1998      7400
 1999              	.LASF14:
 2000 02e1 646F7562 		.ascii	"double\000"
 2000      6C6500
 2001              	.LASF56:
 2002 02e8 454E415F 		.ascii	"ENA_Write\000"
 2002      57726974 
 2002      6500
 2003              	.LASF22:
 2004 02f2 74656C54 		.ascii	"telTot\000"
 2004      6F7400
 2005              	.LASF9:
 2006 02f9 5F5F696E 		.ascii	"__int32_t\000"
 2006      7433325F 
 2006      7400
 2007              	.LASF47:
 2008 0303 4C454432 		.ascii	"LED2_Write\000"
 2008      5F577269 
 2008      746500
 2009              	.LASF51:
 2010 030e 4C43445F 		.ascii	"LCD_Position\000"
 2010      506F7369 
 2010      74696F6E 
 2010      00
 2011              	.LASF38:
 2012 031b 626F6F6C 		.ascii	"boolSelect\000"
 2012      53656C65 
 2012      637400
 2013              	.LASF39:
 2014 0326 49544D5F 		.ascii	"ITM_RxBuffer\000"
 2014      52784275 
 2014      66666572 
 2014      00
 2015              	.LASF61:
 2016 0333 474E5520 		.ascii	"GNU C11 5.4.1 20160609 (release) [ARM/embedded-5-br"
 2016      43313120 
 2016      352E342E 
 2016      31203230 
 2016      31363036 
 2017 0366 616E6368 		.ascii	"anch revision 237715] -mcpu=cortex-m3 -mthumb -g -O"
 2017      20726576 
 2017      6973696F 
 2017      6E203233 
ARM GAS  C:\Users\BASILE~1.BER\AppData\Local\Temp\cc7r3Iwj.s 			page 43


 2017      37373135 
 2018 0399 67202D66 		.ascii	"g -ffunction-sections -ffat-lto-objects\000"
 2018      66756E63 
 2018      74696F6E 
 2018      2D736563 
 2018      74696F6E 
 2019              	.LASF28:
 2020 03c1 70776D4D 		.ascii	"pwmMotorLinks\000"
 2020      6F746F72 
 2020      4C696E6B 
 2020      7300
 2021              	.LASF46:
 2022 03cf 43794465 		.ascii	"CyDelay\000"
 2022      6C617900 
 2023              	.LASF49:
 2024 03d7 4C454434 		.ascii	"LED4_Write\000"
 2024      5F577269 
 2024      746500
 2025              	.LASF29:
 2026 03e2 70776D4D 		.ascii	"pwmMotorRechts\000"
 2026      6F746F72 
 2026      52656368 
 2026      747300
 2027              		.ident	"GCC: (GNU Tools for ARM Embedded Processors) 5.4.1 20160609 (release) [ARM/embedded-5-bran
