ARM GAS  C:\Users\BASILE~1.BER\AppData\Local\Temp\ccHVrrq2.s 			page 1


   1              		.syntax unified
   2              		.cpu cortex-m3
   3              		.fpu softvfp
   4              		.eabi_attribute 20, 1
   5              		.eabi_attribute 21, 1
   6              		.eabi_attribute 23, 3
   7              		.eabi_attribute 24, 1
   8              		.eabi_attribute 25, 1
   9              		.eabi_attribute 26, 1
  10              		.eabi_attribute 30, 1
  11              		.eabi_attribute 34, 1
  12              		.eabi_attribute 18, 4
  13              		.thumb
  14              		.syntax unified
  15              		.file	"RaceLogica.c"
  16              		.text
  17              	.Ltext0:
  18              		.cfi_sections	.debug_frame
  19              		.section	.text.bepaalLijnDikte,"ax",%progbits
  20              		.align	2
  21              		.global	bepaalLijnDikte
  22              		.thumb
  23              		.thumb_func
  24              		.type	bepaalLijnDikte, %function
  25              	bepaalLijnDikte:
  26              	.LFB64:
  27              		.file 1 "RaceLogica.c"
   1:RaceLogica.c  **** /* ========================================
   2:RaceLogica.c  ****  *
   3:RaceLogica.c  ****  * Copyright YOUR COMPANY, THE YEAR
   4:RaceLogica.c  ****  * All Rights Reserved
   5:RaceLogica.c  ****  * UNPUBLISHED, LICENSED SOFTWARE.
   6:RaceLogica.c  ****  *
   7:RaceLogica.c  ****  * CONFIDENTIAL AND PROPRIETARY INFORMATION
   8:RaceLogica.c  ****  * WHICH IS THE PROPERTY OF your company.
   9:RaceLogica.c  ****  *
  10:RaceLogica.c  ****  * ========================================
  11:RaceLogica.c  **** */
  12:RaceLogica.c  **** #include "projectMain.h"
  13:RaceLogica.c  **** #include "project.h"
  14:RaceLogica.c  **** 
  15:RaceLogica.c  **** uint8 IRsensorGewicht[] = {0,100,235,255,255,235,100,0};//{0,180,235,255,235,210,180,0};////{0,25,4
  16:RaceLogica.c  **** uint8 IRDigitaleWaarden[8];
  17:RaceLogica.c  **** 
  18:RaceLogica.c  **** uint8 TweedeLijnGedetecteerd = 0;
  19:RaceLogica.c  **** 
  20:RaceLogica.c  **** uint8 Data;
  21:RaceLogica.c  **** uint8 DataOrgineel;
  22:RaceLogica.c  **** 
  23:RaceLogica.c  **** void AnalyseerData(uint8 data)
  24:RaceLogica.c  **** {
  25:RaceLogica.c  ****     if ((data & 11000000) == 11000000 ) data = 0b10000000;
  26:RaceLogica.c  ****     else if ((data & 00000011) == 00000011 ) data = 0b00000001;
  27:RaceLogica.c  ****     DataOrgineel = data;
  28:RaceLogica.c  ****     PlaatsIRWaardenInArray(DataOrgineel);
  29:RaceLogica.c  ****     Data = CheckVoor2eLijn();
  30:RaceLogica.c  ****     //printBINopLCD(DataOrgineel, 0);
ARM GAS  C:\Users\BASILE~1.BER\AppData\Local\Temp\ccHVrrq2.s 			page 2


  31:RaceLogica.c  ****     //printBINopLCD(Data, 1);
  32:RaceLogica.c  ****     //if (Data != DataOrgineel) PlaatsIRWaardenInArray(Data);
  33:RaceLogica.c  ****     
  34:RaceLogica.c  ****     stuurMotorenBij();
  35:RaceLogica.c  **** }
  36:RaceLogica.c  **** 
  37:RaceLogica.c  **** uint8 bepaalLijnDikte()
  38:RaceLogica.c  **** {
  28              		.loc 1 38 0
  29              		.cfi_startproc
  30              		@ args = 0, pretend = 0, frame = 0
  31              		@ frame_needed = 0, uses_anonymous_args = 0
  32              		@ link register save eliminated.
  33              	.LVL0:
  34              	.LBB2:
  39:RaceLogica.c  ****     uint8 teller = 0;
  40:RaceLogica.c  ****     uint8 diksteLijn = 0;
  41:RaceLogica.c  ****     for(int i = 0; i < 8; i++)
  35              		.loc 1 41 0
  36 0000 0023     		movs	r3, #0
  37              	.LBE2:
  40:RaceLogica.c  ****     for(int i = 0; i < 8; i++)
  38              		.loc 1 40 0
  39 0002 1946     		mov	r1, r3
  39:RaceLogica.c  ****     uint8 teller = 0;
  40              		.loc 1 39 0
  41 0004 1846     		mov	r0, r3
  42              	.LBB3:
  43              		.loc 1 41 0
  44 0006 0BE0     		b	.L2
  45              	.LVL1:
  46              	.L5:
  42:RaceLogica.c  ****     {
  43:RaceLogica.c  ****         if (IRDigitaleWaarden[i] == 1) teller++;
  47              		.loc 1 43 0
  48 0008 084A     		ldr	r2, .L8
  49 000a D25C     		ldrb	r2, [r2, r3]	@ zero_extendqisi2
  50 000c 012A     		cmp	r2, #1
  51 000e 02D1     		bne	.L3
  52              		.loc 1 43 0 is_stmt 0 discriminator 1
  53 0010 0130     		adds	r0, r0, #1
  54              	.LVL2:
  55 0012 C0B2     		uxtb	r0, r0
  56              	.LVL3:
  57 0014 03E0     		b	.L4
  58              	.L3:
  44:RaceLogica.c  ****         else {
  45:RaceLogica.c  ****             if (teller > diksteLijn)
  59              		.loc 1 45 0 is_stmt 1
  60 0016 8842     		cmp	r0, r1
  61 0018 01D9     		bls	.L4
  46:RaceLogica.c  ****             {
  47:RaceLogica.c  ****                 diksteLijn = teller;
  62              		.loc 1 47 0
  63 001a 0146     		mov	r1, r0
  64              	.LVL4:
  48:RaceLogica.c  ****                 teller = 0;
ARM GAS  C:\Users\BASILE~1.BER\AppData\Local\Temp\ccHVrrq2.s 			page 3


  65              		.loc 1 48 0
  66 001c 0020     		movs	r0, #0
  67              	.LVL5:
  68              	.L4:
  41:RaceLogica.c  ****     {
  69              		.loc 1 41 0 discriminator 2
  70 001e 0133     		adds	r3, r3, #1
  71              	.LVL6:
  72              	.L2:
  41:RaceLogica.c  ****     {
  73              		.loc 1 41 0 is_stmt 0 discriminator 1
  74 0020 072B     		cmp	r3, #7
  75 0022 F1DD     		ble	.L5
  76              	.LBE3:
  49:RaceLogica.c  ****             } 
  50:RaceLogica.c  ****         }
  51:RaceLogica.c  ****      }
  52:RaceLogica.c  ****         
  53:RaceLogica.c  ****      if (teller > diksteLijn)diksteLijn = teller;
  77              		.loc 1 53 0 is_stmt 1
  78 0024 8842     		cmp	r0, r1
  79 0026 00D8     		bhi	.L6
  80 0028 0846     		mov	r0, r1
  81              	.LVL7:
  82              	.L6:
  54:RaceLogica.c  ****      return diksteLijn;
  55:RaceLogica.c  **** }
  83              		.loc 1 55 0
  84 002a 7047     		bx	lr
  85              	.L9:
  86              		.align	2
  87              	.L8:
  88 002c 00000000 		.word	IRDigitaleWaarden
  89              		.cfi_endproc
  90              	.LFE64:
  91              		.size	bepaalLijnDikte, .-bepaalLijnDikte
  92              		.section	.text.stuurMotorenBij,"ax",%progbits
  93              		.align	2
  94              		.global	stuurMotorenBij
  95              		.thumb
  96              		.thumb_func
  97              		.type	stuurMotorenBij, %function
  98              	stuurMotorenBij:
  99              	.LFB65:
  56:RaceLogica.c  **** 
  57:RaceLogica.c  **** void stuurMotorenBij(void)
  58:RaceLogica.c  **** { 
 100              		.loc 1 58 0
 101              		.cfi_startproc
 102              		@ args = 0, pretend = 0, frame = 0
 103              		@ frame_needed = 0, uses_anonymous_args = 0
 104              		@ link register save eliminated.
 105              	.LVL8:
 106              	.LBB4:
  59:RaceLogica.c  ****     for(int i = 3; i >= 0; i--) //linkse kant van de sensoren afgaan
 107              		.loc 1 59 0
 108 0000 0323     		movs	r3, #3
ARM GAS  C:\Users\BASILE~1.BER\AppData\Local\Temp\ccHVrrq2.s 			page 4


 109 0002 1FE0     		b	.L11
 110              	.LVL9:
 111              	.L17:
  60:RaceLogica.c  **** 	{
  61:RaceLogica.c  ****         if (IRDigitaleWaarden[i] == 1) //indien er een zwarte lijn is op de sensor
 112              		.loc 1 61 0
 113 0004 234A     		ldr	r2, .L25
 114 0006 D25C     		ldrb	r2, [r2, r3]	@ zero_extendqisi2
 115 0008 012A     		cmp	r2, #1
 116 000a 1AD1     		bne	.L12
  62:RaceLogica.c  ****         {
  63:RaceLogica.c  ****             pwmMotorLinks = IRsensorGewicht[i];
 117              		.loc 1 63 0
 118 000c 224A     		ldr	r2, .L25+4
 119 000e D15C     		ldrb	r1, [r2, r3]	@ zero_extendqisi2
 120 0010 224A     		ldr	r2, .L25+8
 121 0012 1170     		strb	r1, [r2]
  64:RaceLogica.c  ****             if (i == 0) pwmMotorRechts = 255;
 122              		.loc 1 64 0
 123 0014 1BB9     		cbnz	r3, .L13
 124              		.loc 1 64 0 is_stmt 0 discriminator 1
 125 0016 FF22     		movs	r2, #255
 126 0018 214B     		ldr	r3, .L25+12
 127              	.LVL10:
 128 001a 1A70     		strb	r2, [r3]
 129 001c 14E0     		b	.L14
 130              	.LVL11:
 131              	.L13:
  65:RaceLogica.c  ****             else if (i == 1) pwmMotorRechts = 240;
 132              		.loc 1 65 0 is_stmt 1
 133 001e 012B     		cmp	r3, #1
 134 0020 03D1     		bne	.L15
 135              		.loc 1 65 0 is_stmt 0 discriminator 1
 136 0022 F022     		movs	r2, #240
 137 0024 1E4B     		ldr	r3, .L25+12
 138              	.LVL12:
 139 0026 1A70     		strb	r2, [r3]
 140 0028 0EE0     		b	.L14
 141              	.LVL13:
 142              	.L15:
  66:RaceLogica.c  ****             else if (i == 2) pwmMotorRechts = 225;
 143              		.loc 1 66 0 is_stmt 1
 144 002a 022B     		cmp	r3, #2
 145 002c 03D1     		bne	.L16
 146              		.loc 1 66 0 is_stmt 0 discriminator 1
 147 002e E122     		movs	r2, #225
 148 0030 1B4B     		ldr	r3, .L25+12
 149              	.LVL14:
 150 0032 1A70     		strb	r2, [r3]
 151 0034 08E0     		b	.L14
 152              	.LVL15:
 153              	.L16:
  67:RaceLogica.c  ****             else if (i == 3) pwmMotorRechts = 255;//IRsensorGewicht[i];
 154              		.loc 1 67 0 is_stmt 1
 155 0036 032B     		cmp	r3, #3
 156 0038 06D1     		bne	.L14
 157              		.loc 1 67 0 is_stmt 0 discriminator 1
ARM GAS  C:\Users\BASILE~1.BER\AppData\Local\Temp\ccHVrrq2.s 			page 5


 158 003a FF22     		movs	r2, #255
 159 003c 184B     		ldr	r3, .L25+12
 160              	.LVL16:
 161 003e 1A70     		strb	r2, [r3]
 162 0040 02E0     		b	.L14
 163              	.LVL17:
 164              	.L12:
  59:RaceLogica.c  **** 	{
 165              		.loc 1 59 0 is_stmt 1 discriminator 2
 166 0042 013B     		subs	r3, r3, #1
 167              	.LVL18:
 168              	.L11:
  59:RaceLogica.c  **** 	{
 169              		.loc 1 59 0 is_stmt 0 discriminator 1
 170 0044 002B     		cmp	r3, #0
 171 0046 DDDA     		bge	.L17
 172              	.LVL19:
 173              	.L14:
 174              	.LBE4:
 175              	.LBB5:
  68:RaceLogica.c  ****             break;
  69:RaceLogica.c  ****         }
  70:RaceLogica.c  ****     }
  71:RaceLogica.c  ****     
  72:RaceLogica.c  ****     for(int i = 4; i <= 7; i++)
 176              		.loc 1 72 0 is_stmt 1
 177 0048 0423     		movs	r3, #4
 178 004a 20E0     		b	.L18
 179              	.LVL20:
 180              	.L24:
  73:RaceLogica.c  **** 	{
  74:RaceLogica.c  ****         if (IRDigitaleWaarden[i] == 1)
 181              		.loc 1 74 0
 182 004c 114A     		ldr	r2, .L25
 183 004e D25C     		ldrb	r2, [r2, r3]	@ zero_extendqisi2
 184 0050 012A     		cmp	r2, #1
 185 0052 1BD1     		bne	.L19
  75:RaceLogica.c  ****         {
  76:RaceLogica.c  ****             pwmMotorRechts = IRsensorGewicht[i];
 186              		.loc 1 76 0
 187 0054 104A     		ldr	r2, .L25+4
 188 0056 D15C     		ldrb	r1, [r2, r3]	@ zero_extendqisi2
 189 0058 114A     		ldr	r2, .L25+12
 190 005a 1170     		strb	r1, [r2]
  77:RaceLogica.c  ****             if (i == 7) pwmMotorLinks = 255;
 191              		.loc 1 77 0
 192 005c 072B     		cmp	r3, #7
 193 005e 03D1     		bne	.L20
 194              		.loc 1 77 0 is_stmt 0 discriminator 1
 195 0060 FF22     		movs	r2, #255
 196 0062 0E4B     		ldr	r3, .L25+8
 197              	.LVL21:
 198 0064 1A70     		strb	r2, [r3]
 199 0066 7047     		bx	lr
 200              	.LVL22:
 201              	.L20:
  78:RaceLogica.c  ****             else if (i == 6) pwmMotorLinks = 240;
ARM GAS  C:\Users\BASILE~1.BER\AppData\Local\Temp\ccHVrrq2.s 			page 6


 202              		.loc 1 78 0 is_stmt 1
 203 0068 062B     		cmp	r3, #6
 204 006a 03D1     		bne	.L22
 205              		.loc 1 78 0 is_stmt 0 discriminator 1
 206 006c F022     		movs	r2, #240
 207 006e 0B4B     		ldr	r3, .L25+8
 208              	.LVL23:
 209 0070 1A70     		strb	r2, [r3]
 210 0072 7047     		bx	lr
 211              	.LVL24:
 212              	.L22:
  79:RaceLogica.c  ****             else if (i == 5) pwmMotorLinks = 225;
 213              		.loc 1 79 0 is_stmt 1
 214 0074 052B     		cmp	r3, #5
 215 0076 03D1     		bne	.L23
 216              		.loc 1 79 0 is_stmt 0 discriminator 1
 217 0078 E122     		movs	r2, #225
 218 007a 084B     		ldr	r3, .L25+8
 219              	.LVL25:
 220 007c 1A70     		strb	r2, [r3]
 221 007e 7047     		bx	lr
 222              	.LVL26:
 223              	.L23:
  80:RaceLogica.c  ****             else if (i == 4) pwmMotorLinks = 255;
 224              		.loc 1 80 0 is_stmt 1
 225 0080 042B     		cmp	r3, #4
 226 0082 06D1     		bne	.L10
 227              		.loc 1 80 0 is_stmt 0 discriminator 1
 228 0084 FF22     		movs	r2, #255
 229 0086 054B     		ldr	r3, .L25+8
 230              	.LVL27:
 231 0088 1A70     		strb	r2, [r3]
 232 008a 7047     		bx	lr
 233              	.LVL28:
 234              	.L19:
  72:RaceLogica.c  **** 	{
 235              		.loc 1 72 0 is_stmt 1 discriminator 2
 236 008c 0133     		adds	r3, r3, #1
 237              	.LVL29:
 238              	.L18:
  72:RaceLogica.c  **** 	{
 239              		.loc 1 72 0 is_stmt 0 discriminator 1
 240 008e 072B     		cmp	r3, #7
 241 0090 DCDD     		ble	.L24
 242              	.L10:
 243 0092 7047     		bx	lr
 244              	.L26:
 245              		.align	2
 246              	.L25:
 247 0094 00000000 		.word	IRDigitaleWaarden
 248 0098 00000000 		.word	.LANCHOR0
 249 009c 00000000 		.word	pwmMotorLinks
 250 00a0 00000000 		.word	pwmMotorRechts
 251              	.LBE5:
 252              		.cfi_endproc
 253              	.LFE65:
 254              		.size	stuurMotorenBij, .-stuurMotorenBij
ARM GAS  C:\Users\BASILE~1.BER\AppData\Local\Temp\ccHVrrq2.s 			page 7


 255              		.section	.text.PlaatsIRWaardenInArray,"ax",%progbits
 256              		.align	2
 257              		.global	PlaatsIRWaardenInArray
 258              		.thumb
 259              		.thumb_func
 260              		.type	PlaatsIRWaardenInArray, %function
 261              	PlaatsIRWaardenInArray:
 262              	.LFB66:
  81:RaceLogica.c  ****             break;
  82:RaceLogica.c  ****         }
  83:RaceLogica.c  ****     }
  84:RaceLogica.c  **** }
  85:RaceLogica.c  **** 
  86:RaceLogica.c  **** void PlaatsIRWaardenInArray(uint8 value)
  87:RaceLogica.c  **** {
 263              		.loc 1 87 0 is_stmt 1
 264              		.cfi_startproc
 265              		@ args = 0, pretend = 0, frame = 0
 266              		@ frame_needed = 0, uses_anonymous_args = 0
 267              	.LVL30:
 268 0000 38B5     		push	{r3, r4, r5, lr}
 269              		.cfi_def_cfa_offset 16
 270              		.cfi_offset 3, -16
 271              		.cfi_offset 4, -12
 272              		.cfi_offset 5, -8
 273              		.cfi_offset 14, -4
 274 0002 0546     		mov	r5, r0
 275              	.LVL31:
 276              	.LBB6:
  88:RaceLogica.c  ****     for(int i = 0; i < 8; i++)
 277              		.loc 1 88 0
 278 0004 0024     		movs	r4, #0
 279 0006 0FE0     		b	.L28
 280              	.LVL32:
 281              	.L31:
 282              	.LBB7:
  89:RaceLogica.c  **** 	{
  90:RaceLogica.c  **** 		uint8 tmpWaarde =  exponent(2,i);
 283              		.loc 1 90 0
 284 0008 2146     		mov	r1, r4
 285 000a 0220     		movs	r0, #2
 286 000c FFF7FEFF 		bl	exponent
 287              	.LVL33:
 288 0010 C0B2     		uxtb	r0, r0
 289              	.LVL34:
  91:RaceLogica.c  **** 		if ((value & tmpWaarde) == tmpWaarde)
 290              		.loc 1 91 0
 291 0012 30EA0503 		bics	r3, r0, r5
 292 0016 03D1     		bne	.L29
  92:RaceLogica.c  **** 		{
  93:RaceLogica.c  **** 			IRDigitaleWaarden[i]= 1;
 293              		.loc 1 93 0
 294 0018 0122     		movs	r2, #1
 295 001a 054B     		ldr	r3, .L33
 296 001c 1A55     		strb	r2, [r3, r4]
 297 001e 02E0     		b	.L30
 298              	.L29:
ARM GAS  C:\Users\BASILE~1.BER\AppData\Local\Temp\ccHVrrq2.s 			page 8


  94:RaceLogica.c  **** 		}
  95:RaceLogica.c  **** 			else 
  96:RaceLogica.c  **** 		{
  97:RaceLogica.c  **** 			IRDigitaleWaarden[i]= 0;
 299              		.loc 1 97 0
 300 0020 0022     		movs	r2, #0
 301 0022 034B     		ldr	r3, .L33
 302 0024 1A55     		strb	r2, [r3, r4]
 303              	.L30:
 304              	.LBE7:
  88:RaceLogica.c  **** 	{
 305              		.loc 1 88 0 discriminator 2
 306 0026 0134     		adds	r4, r4, #1
 307              	.LVL35:
 308              	.L28:
  88:RaceLogica.c  **** 	{
 309              		.loc 1 88 0 is_stmt 0 discriminator 1
 310 0028 072C     		cmp	r4, #7
 311 002a EDDD     		ble	.L31
 312              	.LBE6:
  98:RaceLogica.c  **** 		}  
  99:RaceLogica.c  **** 	 }  
 100:RaceLogica.c  **** }
 313              		.loc 1 100 0 is_stmt 1
 314 002c 38BD     		pop	{r3, r4, r5, pc}
 315              	.LVL36:
 316              	.L34:
 317 002e 00BF     		.align	2
 318              	.L33:
 319 0030 00000000 		.word	IRDigitaleWaarden
 320              		.cfi_endproc
 321              	.LFE66:
 322              		.size	PlaatsIRWaardenInArray, .-PlaatsIRWaardenInArray
 323              		.section	.text.CheckVoor2eLijn,"ax",%progbits
 324              		.align	2
 325              		.global	CheckVoor2eLijn
 326              		.thumb
 327              		.thumb_func
 328              		.type	CheckVoor2eLijn, %function
 329              	CheckVoor2eLijn:
 330              	.LFB67:
 101:RaceLogica.c  **** 
 102:RaceLogica.c  **** uint8 CheckVoor2eLijn()
 103:RaceLogica.c  **** {
 331              		.loc 1 103 0
 332              		.cfi_startproc
 333              		@ args = 0, pretend = 0, frame = 0
 334              		@ frame_needed = 0, uses_anonymous_args = 0
 335 0000 70B5     		push	{r4, r5, r6, lr}
 336              		.cfi_def_cfa_offset 16
 337              		.cfi_offset 4, -16
 338              		.cfi_offset 5, -12
 339              		.cfi_offset 6, -8
 340              		.cfi_offset 14, -4
 341              	.LVL37:
 342              	.LBB8:
 104:RaceLogica.c  ****     uint8 diksteLijn = 0;
ARM GAS  C:\Users\BASILE~1.BER\AppData\Local\Temp\ccHVrrq2.s 			page 9


 105:RaceLogica.c  ****     uint8 teller = 0;
 106:RaceLogica.c  ****     
 107:RaceLogica.c  ****      uint8 laatsteWaarde = 0; 
 108:RaceLogica.c  ****      uint8 aantalWaardeWisselingen = 1;  
 109:RaceLogica.c  ****     
 110:RaceLogica.c  ****         for(int i = 0; i < 8; i++)
 343              		.loc 1 110 0
 344 0002 0023     		movs	r3, #0
 345              	.LBE8:
 108:RaceLogica.c  ****     
 346              		.loc 1 108 0
 347 0004 0124     		movs	r4, #1
 107:RaceLogica.c  ****      uint8 aantalWaardeWisselingen = 1;  
 348              		.loc 1 107 0
 349 0006 1846     		mov	r0, r3
 105:RaceLogica.c  ****     
 350              		.loc 1 105 0
 351 0008 1946     		mov	r1, r3
 104:RaceLogica.c  ****     uint8 teller = 0;
 352              		.loc 1 104 0
 353 000a 1E46     		mov	r6, r3
 354              	.LBB9:
 355              		.loc 1 110 0
 356 000c 10E0     		b	.L36
 357              	.LVL38:
 358              	.L40:
 111:RaceLogica.c  ****         {
 112:RaceLogica.c  ****             if (laatsteWaarde != IRDigitaleWaarden[i])
 359              		.loc 1 112 0
 360 000e 234A     		ldr	r2, .L50
 361 0010 D25C     		ldrb	r2, [r2, r3]	@ zero_extendqisi2
 362 0012 9042     		cmp	r0, r2
 363 0014 02D0     		beq	.L37
 113:RaceLogica.c  ****             {
 114:RaceLogica.c  ****                 aantalWaardeWisselingen++;
 364              		.loc 1 114 0
 365 0016 0134     		adds	r4, r4, #1
 366              	.LVL39:
 367 0018 E4B2     		uxtb	r4, r4
 368              	.LVL40:
 115:RaceLogica.c  ****                 laatsteWaarde = IRDigitaleWaarden[i];
 369              		.loc 1 115 0
 370 001a 1046     		mov	r0, r2
 371              	.LVL41:
 372              	.L37:
 116:RaceLogica.c  ****             } 
 117:RaceLogica.c  ****             if (IRDigitaleWaarden[i] == 1) teller++;
 373              		.loc 1 117 0
 374 001c 012A     		cmp	r2, #1
 375 001e 02D1     		bne	.L38
 376              		.loc 1 117 0 is_stmt 0 discriminator 1
 377 0020 0131     		adds	r1, r1, #1
 378              	.LVL42:
 379 0022 C9B2     		uxtb	r1, r1
 380              	.LVL43:
 381 0024 03E0     		b	.L39
 382              	.L38:
ARM GAS  C:\Users\BASILE~1.BER\AppData\Local\Temp\ccHVrrq2.s 			page 10


 118:RaceLogica.c  ****             else {
 119:RaceLogica.c  ****                 if (teller > diksteLijn)
 383              		.loc 1 119 0 is_stmt 1
 384 0026 8E42     		cmp	r6, r1
 385 0028 01D2     		bcs	.L39
 120:RaceLogica.c  ****                 {
 121:RaceLogica.c  ****                     diksteLijn = teller;
 386              		.loc 1 121 0
 387 002a 0E46     		mov	r6, r1
 388              	.LVL44:
 122:RaceLogica.c  ****                     teller = 0;
 389              		.loc 1 122 0
 390 002c 0021     		movs	r1, #0
 391              	.LVL45:
 392              	.L39:
 110:RaceLogica.c  ****         {
 393              		.loc 1 110 0 discriminator 2
 394 002e 0133     		adds	r3, r3, #1
 395              	.LVL46:
 396              	.L36:
 110:RaceLogica.c  ****         {
 397              		.loc 1 110 0 is_stmt 0 discriminator 1
 398 0030 072B     		cmp	r3, #7
 399 0032 ECDD     		ble	.L40
 400              	.LBE9:
 123:RaceLogica.c  ****                 } 
 124:RaceLogica.c  ****             }
 125:RaceLogica.c  ****         }
 126:RaceLogica.c  ****         
 127:RaceLogica.c  ****         LCD_Position(0u,10u);
 401              		.loc 1 127 0 is_stmt 1
 402 0034 0A21     		movs	r1, #10
 403              	.LVL47:
 404 0036 0020     		movs	r0, #0
 405              	.LVL48:
 406 0038 FFF7FEFF 		bl	LCD_Position
 407              	.LVL49:
 128:RaceLogica.c  ****         LCD_PrintInt16(aantalWaardeWisselingen);  
 408              		.loc 1 128 0
 409 003c 2046     		mov	r0, r4
 410 003e FFF7FEFF 		bl	LCD_PrintInt16
 411              	.LVL50:
 129:RaceLogica.c  ****          LCD_Position(1u,10u);
 412              		.loc 1 129 0
 413 0042 0A21     		movs	r1, #10
 414 0044 0120     		movs	r0, #1
 415 0046 FFF7FEFF 		bl	LCD_Position
 416              	.LVL51:
 130:RaceLogica.c  ****         LCD_PrintInt16(diksteLijn);  
 417              		.loc 1 130 0
 418 004a B0B2     		uxth	r0, r6
 419 004c FFF7FEFF 		bl	LCD_PrintInt16
 420              	.LVL52:
 131:RaceLogica.c  ****         if (aantalWaardeWisselingen <= 3)
 421              		.loc 1 131 0
 422 0050 032C     		cmp	r4, #3
 423 0052 0AD8     		bhi	.L47
ARM GAS  C:\Users\BASILE~1.BER\AppData\Local\Temp\ccHVrrq2.s 			page 11


 132:RaceLogica.c  ****         {
 133:RaceLogica.c  ****             return Data;
 424              		.loc 1 133 0
 425 0054 124B     		ldr	r3, .L50+4
 426 0056 1878     		ldrb	r0, [r3]	@ zero_extendqisi2
 427 0058 70BD     		pop	{r4, r5, r6, pc}
 428              	.LVL53:
 429              	.L43:
 430              	.LBB10:
 431              	.LBB11:
 134:RaceLogica.c  ****         }
 135:RaceLogica.c  ****         else
 136:RaceLogica.c  ****         {
 137:RaceLogica.c  ****             uint8 compareValue = 1;
 138:RaceLogica.c  ****             
 139:RaceLogica.c  ****             for (int i = 0; i < diksteLijn; i++)
 140:RaceLogica.c  ****             {
 141:RaceLogica.c  ****                 compareValue = compareValue | exponent(2,i);
 432              		.loc 1 141 0 discriminator 3
 433 005a 2946     		mov	r1, r5
 434 005c 0220     		movs	r0, #2
 435 005e FFF7FEFF 		bl	exponent
 436              	.LVL54:
 437 0062 2043     		orrs	r0, r0, r4
 438 0064 C4B2     		uxtb	r4, r0
 439              	.LVL55:
 139:RaceLogica.c  ****             {
 440              		.loc 1 139 0 discriminator 3
 441 0066 0135     		adds	r5, r5, #1
 442              	.LVL56:
 443 0068 01E0     		b	.L41
 444              	.LVL57:
 445              	.L47:
 446              	.LBE11:
 447              	.LBE10:
 448 006a 0025     		movs	r5, #0
 449 006c 0124     		movs	r4, #1
 450              	.LVL58:
 451              	.L41:
 452              	.LBB17:
 453              	.LBB12:
 139:RaceLogica.c  ****             {
 454              		.loc 1 139 0 is_stmt 0 discriminator 1
 455 006e 3146     		mov	r1, r6
 456 0070 B542     		cmp	r5, r6
 457 0072 F2DB     		blt	.L43
 458 0074 0023     		movs	r3, #0
 459 0076 08E0     		b	.L44
 460              	.LVL59:
 461              	.L45:
 462              	.LBE12:
 463              	.LBB13:
 464              	.LBB14:
 142:RaceLogica.c  ****             }
 143:RaceLogica.c  ****             for (uint8 i = 0; i < (8 - diksteLijn); i++)
 144:RaceLogica.c  ****             {
 145:RaceLogica.c  ****                 uint8 test = compareValue & DataOrgineel;
ARM GAS  C:\Users\BASILE~1.BER\AppData\Local\Temp\ccHVrrq2.s 			page 12


 465              		.loc 1 145 0 is_stmt 1
 466 0078 0A4A     		ldr	r2, .L50+8
 467 007a 1278     		ldrb	r2, [r2]	@ zero_extendqisi2
 468              	.LVL60:
 146:RaceLogica.c  ****                 
 147:RaceLogica.c  ****                 if((compareValue & DataOrgineel) == compareValue) return compareValue;
 469              		.loc 1 147 0
 470 007c 34EA0202 		bics	r2, r4, r2
 471              	.LVL61:
 472 0080 09D0     		beq	.L48
 148:RaceLogica.c  ****                 compareValue = (compareValue << 1);
 473              		.loc 1 148 0 discriminator 2
 474 0082 6400     		lsls	r4, r4, #1
 475              	.LVL62:
 476 0084 E4B2     		uxtb	r4, r4
 477              	.LVL63:
 478              	.LBE14:
 143:RaceLogica.c  ****             {
 479              		.loc 1 143 0 discriminator 2
 480 0086 0133     		adds	r3, r3, #1
 481              	.LVL64:
 482 0088 DBB2     		uxtb	r3, r3
 483              	.LVL65:
 484              	.L44:
 143:RaceLogica.c  ****             {
 485              		.loc 1 143 0 is_stmt 0 discriminator 1
 486 008a C1F10802 		rsb	r2, r1, #8
 487 008e 9342     		cmp	r3, r2
 488 0090 F2DB     		blt	.L45
 489              	.LBE13:
 490              	.LBE17:
 149:RaceLogica.c  ****             }
 150:RaceLogica.c  ****         }
 151:RaceLogica.c  ****     return 0;
 491              		.loc 1 151 0 is_stmt 1
 492 0092 0020     		movs	r0, #0
 493              	.LBB18:
 494              	.LBB16:
 495 0094 70BD     		pop	{r4, r5, r6, pc}
 496              	.LVL66:
 497              	.L48:
 498              	.LBB15:
 147:RaceLogica.c  ****                 compareValue = (compareValue << 1);
 499              		.loc 1 147 0
 500 0096 2046     		mov	r0, r4
 501              	.LBE15:
 502              	.LBE16:
 503              	.LBE18:
 152:RaceLogica.c  **** }
 504              		.loc 1 152 0
 505 0098 70BD     		pop	{r4, r5, r6, pc}
 506              	.LVL67:
 507              	.L51:
 508 009a 00BF     		.align	2
 509              	.L50:
 510 009c 00000000 		.word	IRDigitaleWaarden
 511 00a0 00000000 		.word	Data
ARM GAS  C:\Users\BASILE~1.BER\AppData\Local\Temp\ccHVrrq2.s 			page 13


 512 00a4 00000000 		.word	DataOrgineel
 513              		.cfi_endproc
 514              	.LFE67:
 515              		.size	CheckVoor2eLijn, .-CheckVoor2eLijn
 516              		.section	.text.AnalyseerData,"ax",%progbits
 517              		.align	2
 518              		.global	AnalyseerData
 519              		.thumb
 520              		.thumb_func
 521              		.type	AnalyseerData, %function
 522              	AnalyseerData:
 523              	.LFB63:
  24:RaceLogica.c  ****     if ((data & 11000000) == 11000000 ) data = 0b10000000;
 524              		.loc 1 24 0
 525              		.cfi_startproc
 526              		@ args = 0, pretend = 0, frame = 0
 527              		@ frame_needed = 0, uses_anonymous_args = 0
 528              	.LVL68:
 529 0000 08B5     		push	{r3, lr}
 530              		.cfi_def_cfa_offset 8
 531              		.cfi_offset 3, -8
 532              		.cfi_offset 14, -4
  25:RaceLogica.c  ****     else if ((data & 00000011) == 00000011 ) data = 0b00000001;
 533              		.loc 1 25 0
 534 0002 0B4B     		ldr	r3, .L57
 535 0004 8343     		bics	r3, r3, r0
 536 0006 04D0     		beq	.L54
  26:RaceLogica.c  ****     DataOrgineel = data;
 537              		.loc 1 26 0
 538 0008 00F00903 		and	r3, r0, #9
 539 000c 092B     		cmp	r3, #9
 540 000e 03D1     		bne	.L53
 541 0010 01E0     		b	.L55
 542              	.L54:
  25:RaceLogica.c  ****     else if ((data & 00000011) == 00000011 ) data = 0b00000001;
 543              		.loc 1 25 0
 544 0012 8020     		movs	r0, #128
 545              	.LVL69:
 546 0014 00E0     		b	.L53
 547              	.LVL70:
 548              	.L55:
  26:RaceLogica.c  ****     DataOrgineel = data;
 549              		.loc 1 26 0
 550 0016 0120     		movs	r0, #1
 551              	.LVL71:
 552              	.L53:
  27:RaceLogica.c  ****     PlaatsIRWaardenInArray(DataOrgineel);
 553              		.loc 1 27 0
 554 0018 064B     		ldr	r3, .L57+4
 555 001a 1870     		strb	r0, [r3]
  28:RaceLogica.c  ****     Data = CheckVoor2eLijn();
 556              		.loc 1 28 0
 557 001c FFF7FEFF 		bl	PlaatsIRWaardenInArray
 558              	.LVL72:
  29:RaceLogica.c  ****     //printBINopLCD(DataOrgineel, 0);
 559              		.loc 1 29 0
 560 0020 FFF7FEFF 		bl	CheckVoor2eLijn
ARM GAS  C:\Users\BASILE~1.BER\AppData\Local\Temp\ccHVrrq2.s 			page 14


 561              	.LVL73:
 562 0024 044B     		ldr	r3, .L57+8
 563 0026 1870     		strb	r0, [r3]
  34:RaceLogica.c  **** }
 564              		.loc 1 34 0
 565 0028 FFF7FEFF 		bl	stuurMotorenBij
 566              	.LVL74:
 567 002c 08BD     		pop	{r3, pc}
 568              	.L58:
 569 002e 00BF     		.align	2
 570              	.L57:
 571 0030 C0D8A700 		.word	11000000
 572 0034 00000000 		.word	DataOrgineel
 573 0038 00000000 		.word	Data
 574              		.cfi_endproc
 575              	.LFE63:
 576              		.size	AnalyseerData, .-AnalyseerData
 577              		.comm	DataOrgineel,1,1
 578              		.comm	Data,1,1
 579              		.global	TweedeLijnGedetecteerd
 580              		.comm	IRDigitaleWaarden,8,4
 581              		.global	IRsensorGewicht
 582              		.comm	boolSelect,1,1
 583              		.comm	avgUS3,10,4
 584              		.comm	avgUS2,10,4
 585              		.comm	avgUS1,10,4
 586              		.comm	selectUS,1,1
 587              		.comm	mediaan,2,2
 588              		.comm	TestGetal,1,1
 589              		.comm	IRDrempel,1,1
 590              		.comm	IRWaarden,1,1
 591              		.comm	pwmMotorRechts,1,1
 592              		.comm	pwmMotorLinks,1,1
 593              		.data
 594              		.align	2
 595              		.set	.LANCHOR0,. + 0
 596              		.type	IRsensorGewicht, %object
 597              		.size	IRsensorGewicht, 8
 598              	IRsensorGewicht:
 599 0000 00       		.byte	0
 600 0001 64       		.byte	100
 601 0002 EB       		.byte	-21
 602 0003 FF       		.byte	-1
 603 0004 FF       		.byte	-1
 604 0005 EB       		.byte	-21
 605 0006 64       		.byte	100
 606 0007 00       		.byte	0
 607              		.bss
 608              		.type	TweedeLijnGedetecteerd, %object
 609              		.size	TweedeLijnGedetecteerd, 1
 610              	TweedeLijnGedetecteerd:
 611 0000 00       		.space	1
 612              		.text
 613              	.Letext0:
 614              		.file 2 "c:\\program files (x86)\\cypress\\psoc creator\\4.1\\psoc creator\\import\\gnu\\arm\\5.4.
 615              		.file 3 "c:\\program files (x86)\\cypress\\psoc creator\\4.1\\psoc creator\\import\\gnu\\arm\\5.4.
 616              		.file 4 "Generated_Source\\PSoC5/cytypes.h"
ARM GAS  C:\Users\BASILE~1.BER\AppData\Local\Temp\ccHVrrq2.s 			page 15


 617              		.file 5 "projectMain.h"
 618              		.file 6 "Generated_Source\\PSoC5/core_cm3.h"
 619              		.file 7 "Generated_Source\\PSoC5/LCD.h"
 620              		.section	.debug_info,"",%progbits
 621              	.Ldebug_info0:
 622 0000 86040000 		.4byte	0x486
 623 0004 0400     		.2byte	0x4
 624 0006 00000000 		.4byte	.Ldebug_abbrev0
 625 000a 04       		.byte	0x4
 626 000b 01       		.uleb128 0x1
 627 000c 9B010000 		.4byte	.LASF51
 628 0010 0C       		.byte	0xc
 629 0011 61000000 		.4byte	.LASF52
 630 0015 02030000 		.4byte	.LASF53
 631 0019 98000000 		.4byte	.Ldebug_ranges0+0x98
 632 001d 00000000 		.4byte	0
 633 0021 00000000 		.4byte	.Ldebug_line0
 634 0025 02       		.uleb128 0x2
 635 0026 01       		.byte	0x1
 636 0027 06       		.byte	0x6
 637 0028 8F010000 		.4byte	.LASF0
 638 002c 02       		.uleb128 0x2
 639 002d 01       		.byte	0x1
 640 002e 08       		.byte	0x8
 641 002f B3000000 		.4byte	.LASF1
 642 0033 02       		.uleb128 0x2
 643 0034 02       		.byte	0x2
 644 0035 05       		.byte	0x5
 645 0036 8D020000 		.4byte	.LASF2
 646 003a 02       		.uleb128 0x2
 647 003b 02       		.byte	0x2
 648 003c 07       		.byte	0x7
 649 003d D4020000 		.4byte	.LASF3
 650 0041 03       		.uleb128 0x3
 651 0042 4F000000 		.4byte	.LASF9
 652 0046 02       		.byte	0x2
 653 0047 3F       		.byte	0x3f
 654 0048 4C000000 		.4byte	0x4c
 655 004c 02       		.uleb128 0x2
 656 004d 04       		.byte	0x4
 657 004e 05       		.byte	0x5
 658 004f B5020000 		.4byte	.LASF4
 659 0053 02       		.uleb128 0x2
 660 0054 04       		.byte	0x4
 661 0055 07       		.byte	0x7
 662 0056 E7000000 		.4byte	.LASF5
 663 005a 02       		.uleb128 0x2
 664 005b 08       		.byte	0x8
 665 005c 05       		.byte	0x5
 666 005d 47020000 		.4byte	.LASF6
 667 0061 02       		.uleb128 0x2
 668 0062 08       		.byte	0x8
 669 0063 07       		.byte	0x7
 670 0064 61010000 		.4byte	.LASF7
 671 0068 04       		.uleb128 0x4
 672 0069 04       		.byte	0x4
 673 006a 05       		.byte	0x5
ARM GAS  C:\Users\BASILE~1.BER\AppData\Local\Temp\ccHVrrq2.s 			page 16


 674 006b 696E7400 		.ascii	"int\000"
 675 006f 02       		.uleb128 0x2
 676 0070 04       		.byte	0x4
 677 0071 07       		.byte	0x7
 678 0072 44010000 		.4byte	.LASF8
 679 0076 03       		.uleb128 0x3
 680 0077 29020000 		.4byte	.LASF10
 681 007b 03       		.byte	0x3
 682 007c 2C       		.byte	0x2c
 683 007d 41000000 		.4byte	0x41
 684 0081 05       		.uleb128 0x5
 685 0082 97020000 		.4byte	.LASF11
 686 0086 04       		.byte	0x4
 687 0087 9201     		.2byte	0x192
 688 0089 2C000000 		.4byte	0x2c
 689 008d 05       		.uleb128 0x5
 690 008e 2E010000 		.4byte	.LASF12
 691 0092 04       		.byte	0x4
 692 0093 9301     		.2byte	0x193
 693 0095 3A000000 		.4byte	0x3a
 694 0099 02       		.uleb128 0x2
 695 009a 04       		.byte	0x4
 696 009b 04       		.byte	0x4
 697 009c A8000000 		.4byte	.LASF13
 698 00a0 02       		.uleb128 0x2
 699 00a1 08       		.byte	0x8
 700 00a2 04       		.byte	0x4
 701 00a3 22010000 		.4byte	.LASF14
 702 00a7 02       		.uleb128 0x2
 703 00a8 01       		.byte	0x1
 704 00a9 08       		.byte	0x8
 705 00aa 55020000 		.4byte	.LASF15
 706 00ae 02       		.uleb128 0x2
 707 00af 08       		.byte	0x8
 708 00b0 04       		.byte	0x4
 709 00b1 BE020000 		.4byte	.LASF16
 710 00b5 02       		.uleb128 0x2
 711 00b6 04       		.byte	0x4
 712 00b7 07       		.byte	0x7
 713 00b8 31020000 		.4byte	.LASF17
 714 00bc 06       		.uleb128 0x6
 715 00bd 64020000 		.4byte	.LASF20
 716 00c1 01       		.byte	0x1
 717 00c2 25       		.byte	0x25
 718 00c3 81000000 		.4byte	0x81
 719 00c7 00000000 		.4byte	.LFB64
 720 00cb 30000000 		.4byte	.LFE64-.LFB64
 721 00cf 01       		.uleb128 0x1
 722 00d0 9C       		.byte	0x9c
 723 00d1 07010000 		.4byte	0x107
 724 00d5 07       		.uleb128 0x7
 725 00d6 17000000 		.4byte	.LASF18
 726 00da 01       		.byte	0x1
 727 00db 27       		.byte	0x27
 728 00dc 81000000 		.4byte	0x81
 729 00e0 00000000 		.4byte	.LLST0
 730 00e4 07       		.uleb128 0x7
ARM GAS  C:\Users\BASILE~1.BER\AppData\Local\Temp\ccHVrrq2.s 			page 17


 731 00e5 F9000000 		.4byte	.LASF19
 732 00e9 01       		.byte	0x1
 733 00ea 28       		.byte	0x28
 734 00eb 81000000 		.4byte	0x81
 735 00ef 2A000000 		.4byte	.LLST1
 736 00f3 08       		.uleb128 0x8
 737 00f4 00000000 		.4byte	.Ldebug_ranges0+0
 738 00f8 09       		.uleb128 0x9
 739 00f9 6900     		.ascii	"i\000"
 740 00fb 01       		.byte	0x1
 741 00fc 29       		.byte	0x29
 742 00fd 68000000 		.4byte	0x68
 743 0101 5F000000 		.4byte	.LLST2
 744 0105 00       		.byte	0
 745 0106 00       		.byte	0
 746 0107 0A       		.uleb128 0xa
 747 0108 51010000 		.4byte	.LASF21
 748 010c 01       		.byte	0x1
 749 010d 39       		.byte	0x39
 750 010e 00000000 		.4byte	.LFB65
 751 0112 A4000000 		.4byte	.LFE65-.LFB65
 752 0116 01       		.uleb128 0x1
 753 0117 9C       		.byte	0x9c
 754 0118 4F010000 		.4byte	0x14f
 755 011c 0B       		.uleb128 0xb
 756 011d 00000000 		.4byte	.LBB4
 757 0121 48000000 		.4byte	.LBE4-.LBB4
 758 0125 37010000 		.4byte	0x137
 759 0129 09       		.uleb128 0x9
 760 012a 6900     		.ascii	"i\000"
 761 012c 01       		.byte	0x1
 762 012d 3B       		.byte	0x3b
 763 012e 68000000 		.4byte	0x68
 764 0132 7E000000 		.4byte	.LLST3
 765 0136 00       		.byte	0
 766 0137 0C       		.uleb128 0xc
 767 0138 48000000 		.4byte	.LBB5
 768 013c 5C000000 		.4byte	.LBE5-.LBB5
 769 0140 09       		.uleb128 0x9
 770 0141 6900     		.ascii	"i\000"
 771 0143 01       		.byte	0x1
 772 0144 48       		.byte	0x48
 773 0145 68000000 		.4byte	0x68
 774 0149 C9000000 		.4byte	.LLST4
 775 014d 00       		.byte	0
 776 014e 00       		.byte	0
 777 014f 0A       		.uleb128 0xa
 778 0150 00000000 		.4byte	.LASF22
 779 0154 01       		.byte	0x1
 780 0155 56       		.byte	0x56
 781 0156 00000000 		.4byte	.LFB66
 782 015a 34000000 		.4byte	.LFE66-.LFB66
 783 015e 01       		.uleb128 0x1
 784 015f 9C       		.byte	0x9c
 785 0160 B9010000 		.4byte	0x1b9
 786 0164 0D       		.uleb128 0xd
 787 0165 49000000 		.4byte	.LASF29
ARM GAS  C:\Users\BASILE~1.BER\AppData\Local\Temp\ccHVrrq2.s 			page 18


 788 0169 01       		.byte	0x1
 789 016a 56       		.byte	0x56
 790 016b 81000000 		.4byte	0x81
 791 016f 14010000 		.4byte	.LLST5
 792 0173 0C       		.uleb128 0xc
 793 0174 04000000 		.4byte	.LBB6
 794 0178 28000000 		.4byte	.LBE6-.LBB6
 795 017c 09       		.uleb128 0x9
 796 017d 6900     		.ascii	"i\000"
 797 017f 01       		.byte	0x1
 798 0180 58       		.byte	0x58
 799 0181 68000000 		.4byte	0x68
 800 0185 35010000 		.4byte	.LLST6
 801 0189 0C       		.uleb128 0xc
 802 018a 08000000 		.4byte	.LBB7
 803 018e 1E000000 		.4byte	.LBE7-.LBB7
 804 0192 07       		.uleb128 0x7
 805 0193 5A020000 		.4byte	.LASF23
 806 0197 01       		.byte	0x1
 807 0198 5A       		.byte	0x5a
 808 0199 81000000 		.4byte	0x81
 809 019d 54010000 		.4byte	.LLST7
 810 01a1 0E       		.uleb128 0xe
 811 01a2 10000000 		.4byte	.LVL33
 812 01a6 68040000 		.4byte	0x468
 813 01aa 0F       		.uleb128 0xf
 814 01ab 01       		.uleb128 0x1
 815 01ac 50       		.byte	0x50
 816 01ad 01       		.uleb128 0x1
 817 01ae 32       		.byte	0x32
 818 01af 0F       		.uleb128 0xf
 819 01b0 01       		.uleb128 0x1
 820 01b1 51       		.byte	0x51
 821 01b2 02       		.uleb128 0x2
 822 01b3 74       		.byte	0x74
 823 01b4 00       		.sleb128 0
 824 01b5 00       		.byte	0
 825 01b6 00       		.byte	0
 826 01b7 00       		.byte	0
 827 01b8 00       		.byte	0
 828 01b9 10       		.uleb128 0x10
 829 01ba E7020000 		.4byte	.LASF54
 830 01be 01       		.byte	0x1
 831 01bf 66       		.byte	0x66
 832 01c0 81000000 		.4byte	0x81
 833 01c4 00000000 		.4byte	.LFB67
 834 01c8 A8000000 		.4byte	.LFE67-.LFB67
 835 01cc 01       		.uleb128 0x1
 836 01cd 9C       		.byte	0x9c
 837 01ce E7020000 		.4byte	0x2e7
 838 01d2 07       		.uleb128 0x7
 839 01d3 F9000000 		.4byte	.LASF19
 840 01d7 01       		.byte	0x1
 841 01d8 68       		.byte	0x68
 842 01d9 81000000 		.4byte	0x81
 843 01dd 67010000 		.4byte	.LLST8
 844 01e1 07       		.uleb128 0x7
ARM GAS  C:\Users\BASILE~1.BER\AppData\Local\Temp\ccHVrrq2.s 			page 19


 845 01e2 17000000 		.4byte	.LASF18
 846 01e6 01       		.byte	0x1
 847 01e7 69       		.byte	0x69
 848 01e8 81000000 		.4byte	0x81
 849 01ec 91010000 		.4byte	.LLST9
 850 01f0 07       		.uleb128 0x7
 851 01f1 75000000 		.4byte	.LASF24
 852 01f5 01       		.byte	0x1
 853 01f6 6B       		.byte	0x6b
 854 01f7 81000000 		.4byte	0x81
 855 01fb BB010000 		.4byte	.LLST10
 856 01ff 07       		.uleb128 0x7
 857 0200 9D020000 		.4byte	.LASF25
 858 0204 01       		.byte	0x1
 859 0205 6C       		.byte	0x6c
 860 0206 81000000 		.4byte	0x81
 861 020a F0010000 		.4byte	.LLST11
 862 020e 11       		.uleb128 0x11
 863 020f 18000000 		.4byte	.Ldebug_ranges0+0x18
 864 0213 25020000 		.4byte	0x225
 865 0217 09       		.uleb128 0x9
 866 0218 6900     		.ascii	"i\000"
 867 021a 01       		.byte	0x1
 868 021b 6E       		.byte	0x6e
 869 021c 68000000 		.4byte	0x68
 870 0220 25020000 		.4byte	.LLST12
 871 0224 00       		.byte	0
 872 0225 11       		.uleb128 0x11
 873 0226 30000000 		.4byte	.Ldebug_ranges0+0x30
 874 022a 92020000 		.4byte	0x292
 875 022e 07       		.uleb128 0x7
 876 022f C1000000 		.4byte	.LASF26
 877 0233 01       		.byte	0x1
 878 0234 89       		.byte	0x89
 879 0235 81000000 		.4byte	0x81
 880 0239 44020000 		.4byte	.LLST13
 881 023d 11       		.uleb128 0x11
 882 023e 50000000 		.4byte	.Ldebug_ranges0+0x50
 883 0242 69020000 		.4byte	0x269
 884 0246 09       		.uleb128 0x9
 885 0247 6900     		.ascii	"i\000"
 886 0249 01       		.byte	0x1
 887 024a 8B       		.byte	0x8b
 888 024b 68000000 		.4byte	0x68
 889 024f 6D020000 		.4byte	.LLST14
 890 0253 0E       		.uleb128 0xe
 891 0254 62000000 		.4byte	.LVL54
 892 0258 68040000 		.4byte	0x468
 893 025c 0F       		.uleb128 0xf
 894 025d 01       		.uleb128 0x1
 895 025e 50       		.byte	0x50
 896 025f 01       		.uleb128 0x1
 897 0260 32       		.byte	0x32
 898 0261 0F       		.uleb128 0xf
 899 0262 01       		.uleb128 0x1
 900 0263 51       		.byte	0x51
 901 0264 02       		.uleb128 0x2
ARM GAS  C:\Users\BASILE~1.BER\AppData\Local\Temp\ccHVrrq2.s 			page 20


 902 0265 75       		.byte	0x75
 903 0266 00       		.sleb128 0
 904 0267 00       		.byte	0
 905 0268 00       		.byte	0
 906 0269 08       		.uleb128 0x8
 907 026a 68000000 		.4byte	.Ldebug_ranges0+0x68
 908 026e 09       		.uleb128 0x9
 909 026f 6900     		.ascii	"i\000"
 910 0271 01       		.byte	0x1
 911 0272 8F       		.byte	0x8f
 912 0273 81000000 		.4byte	0x81
 913 0277 8B020000 		.4byte	.LLST15
 914 027b 08       		.uleb128 0x8
 915 027c 80000000 		.4byte	.Ldebug_ranges0+0x80
 916 0280 07       		.uleb128 0x7
 917 0281 1E000000 		.4byte	.LASF27
 918 0285 01       		.byte	0x1
 919 0286 91       		.byte	0x91
 920 0287 81000000 		.4byte	0x81
 921 028b A9020000 		.4byte	.LLST16
 922 028f 00       		.byte	0
 923 0290 00       		.byte	0
 924 0291 00       		.byte	0
 925 0292 12       		.uleb128 0x12
 926 0293 3C000000 		.4byte	.LVL49
 927 0297 73040000 		.4byte	0x473
 928 029b AA020000 		.4byte	0x2aa
 929 029f 0F       		.uleb128 0xf
 930 02a0 01       		.uleb128 0x1
 931 02a1 50       		.byte	0x50
 932 02a2 01       		.uleb128 0x1
 933 02a3 30       		.byte	0x30
 934 02a4 0F       		.uleb128 0xf
 935 02a5 01       		.uleb128 0x1
 936 02a6 51       		.byte	0x51
 937 02a7 01       		.uleb128 0x1
 938 02a8 3A       		.byte	0x3a
 939 02a9 00       		.byte	0
 940 02aa 12       		.uleb128 0x12
 941 02ab 42000000 		.4byte	.LVL50
 942 02af 7E040000 		.4byte	0x47e
 943 02b3 BE020000 		.4byte	0x2be
 944 02b7 0F       		.uleb128 0xf
 945 02b8 01       		.uleb128 0x1
 946 02b9 50       		.byte	0x50
 947 02ba 02       		.uleb128 0x2
 948 02bb 74       		.byte	0x74
 949 02bc 00       		.sleb128 0
 950 02bd 00       		.byte	0
 951 02be 12       		.uleb128 0x12
 952 02bf 4A000000 		.4byte	.LVL51
 953 02c3 73040000 		.4byte	0x473
 954 02c7 D6020000 		.4byte	0x2d6
 955 02cb 0F       		.uleb128 0xf
 956 02cc 01       		.uleb128 0x1
 957 02cd 50       		.byte	0x50
 958 02ce 01       		.uleb128 0x1
ARM GAS  C:\Users\BASILE~1.BER\AppData\Local\Temp\ccHVrrq2.s 			page 21


 959 02cf 31       		.byte	0x31
 960 02d0 0F       		.uleb128 0xf
 961 02d1 01       		.uleb128 0x1
 962 02d2 51       		.byte	0x51
 963 02d3 01       		.uleb128 0x1
 964 02d4 3A       		.byte	0x3a
 965 02d5 00       		.byte	0
 966 02d6 0E       		.uleb128 0xe
 967 02d7 50000000 		.4byte	.LVL52
 968 02db 7E040000 		.4byte	0x47e
 969 02df 0F       		.uleb128 0xf
 970 02e0 01       		.uleb128 0x1
 971 02e1 50       		.byte	0x50
 972 02e2 02       		.uleb128 0x2
 973 02e3 76       		.byte	0x76
 974 02e4 00       		.sleb128 0
 975 02e5 00       		.byte	0
 976 02e6 00       		.byte	0
 977 02e7 0A       		.uleb128 0xa
 978 02e8 91000000 		.4byte	.LASF28
 979 02ec 01       		.byte	0x1
 980 02ed 17       		.byte	0x17
 981 02ee 00000000 		.4byte	.LFB63
 982 02f2 3C000000 		.4byte	.LFE63-.LFB63
 983 02f6 01       		.uleb128 0x1
 984 02f7 9C       		.byte	0x9c
 985 02f8 27030000 		.4byte	0x327
 986 02fc 0D       		.uleb128 0xd
 987 02fd AE000000 		.4byte	.LASF30
 988 0301 01       		.byte	0x1
 989 0302 17       		.byte	0x17
 990 0303 81000000 		.4byte	0x81
 991 0307 EB020000 		.4byte	.LLST17
 992 030b 13       		.uleb128 0x13
 993 030c 20000000 		.4byte	.LVL72
 994 0310 4F010000 		.4byte	0x14f
 995 0314 13       		.uleb128 0x13
 996 0315 24000000 		.4byte	.LVL73
 997 0319 B9010000 		.4byte	0x1b9
 998 031d 13       		.uleb128 0x13
 999 031e 2C000000 		.4byte	.LVL74
 1000 0322 07010000 		.4byte	0x107
 1001 0326 00       		.byte	0
 1002 0327 14       		.uleb128 0x14
 1003 0328 83000000 		.4byte	.LASF31
 1004 032c 05       		.byte	0x5
 1005 032d 18       		.byte	0x18
 1006 032e 81000000 		.4byte	0x81
 1007 0332 05       		.uleb128 0x5
 1008 0333 03       		.byte	0x3
 1009 0334 00000000 		.4byte	pwmMotorLinks
 1010 0338 14       		.uleb128 0x14
 1011 0339 35010000 		.4byte	.LASF32
 1012 033d 05       		.byte	0x5
 1013 033e 19       		.byte	0x19
 1014 033f 81000000 		.4byte	0x81
 1015 0343 05       		.uleb128 0x5
ARM GAS  C:\Users\BASILE~1.BER\AppData\Local\Temp\ccHVrrq2.s 			page 22


 1016 0344 03       		.byte	0x3
 1017 0345 00000000 		.4byte	pwmMotorRechts
 1018 0349 14       		.uleb128 0x14
 1019 034a 85010000 		.4byte	.LASF33
 1020 034e 05       		.byte	0x5
 1021 034f 22       		.byte	0x22
 1022 0350 81000000 		.4byte	0x81
 1023 0354 05       		.uleb128 0x5
 1024 0355 03       		.byte	0x3
 1025 0356 00000000 		.4byte	IRWaarden
 1026 035a 14       		.uleb128 0x14
 1027 035b 18010000 		.4byte	.LASF34
 1028 035f 05       		.byte	0x5
 1029 0360 23       		.byte	0x23
 1030 0361 81000000 		.4byte	0x81
 1031 0365 05       		.uleb128 0x5
 1032 0366 03       		.byte	0x3
 1033 0367 00000000 		.4byte	IRDrempel
 1034 036b 14       		.uleb128 0x14
 1035 036c CA020000 		.4byte	.LASF35
 1036 0370 05       		.byte	0x5
 1037 0371 28       		.byte	0x28
 1038 0372 81000000 		.4byte	0x81
 1039 0376 05       		.uleb128 0x5
 1040 0377 03       		.byte	0x3
 1041 0378 00000000 		.4byte	TestGetal
 1042 037c 14       		.uleb128 0x14
 1043 037d 59000000 		.4byte	.LASF36
 1044 0381 05       		.byte	0x5
 1045 0382 2B       		.byte	0x2b
 1046 0383 8D000000 		.4byte	0x8d
 1047 0387 05       		.uleb128 0x5
 1048 0388 03       		.byte	0x3
 1049 0389 00000000 		.4byte	mediaan
 1050 038d 14       		.uleb128 0x14
 1051 038e 9F000000 		.4byte	.LASF37
 1052 0392 05       		.byte	0x5
 1053 0393 2C       		.byte	0x2c
 1054 0394 81000000 		.4byte	0x81
 1055 0398 05       		.uleb128 0x5
 1056 0399 03       		.byte	0x3
 1057 039a 00000000 		.4byte	selectUS
 1058 039e 15       		.uleb128 0x15
 1059 039f 8D000000 		.4byte	0x8d
 1060 03a3 AE030000 		.4byte	0x3ae
 1061 03a7 16       		.uleb128 0x16
 1062 03a8 B5000000 		.4byte	0xb5
 1063 03ac 04       		.byte	0x4
 1064 03ad 00       		.byte	0
 1065 03ae 14       		.uleb128 0x14
 1066 03af E0000000 		.4byte	.LASF38
 1067 03b3 05       		.byte	0x5
 1068 03b4 2E       		.byte	0x2e
 1069 03b5 9E030000 		.4byte	0x39e
 1070 03b9 05       		.uleb128 0x5
 1071 03ba 03       		.byte	0x3
 1072 03bb 00000000 		.4byte	avgUS1
ARM GAS  C:\Users\BASILE~1.BER\AppData\Local\Temp\ccHVrrq2.s 			page 23


 1073 03bf 14       		.uleb128 0x14
 1074 03c0 6E000000 		.4byte	.LASF39
 1075 03c4 05       		.byte	0x5
 1076 03c5 2F       		.byte	0x2f
 1077 03c6 9E030000 		.4byte	0x39e
 1078 03ca 05       		.uleb128 0x5
 1079 03cb 03       		.byte	0x3
 1080 03cc 00000000 		.4byte	avgUS2
 1081 03d0 14       		.uleb128 0x14
 1082 03d1 04010000 		.4byte	.LASF40
 1083 03d5 05       		.byte	0x5
 1084 03d6 30       		.byte	0x30
 1085 03d7 9E030000 		.4byte	0x39e
 1086 03db 05       		.uleb128 0x5
 1087 03dc 03       		.byte	0x3
 1088 03dd 00000000 		.4byte	avgUS3
 1089 03e1 14       		.uleb128 0x14
 1090 03e2 F7020000 		.4byte	.LASF41
 1091 03e6 05       		.byte	0x5
 1092 03e7 43       		.byte	0x43
 1093 03e8 81000000 		.4byte	0x81
 1094 03ec 05       		.uleb128 0x5
 1095 03ed 03       		.byte	0x3
 1096 03ee 00000000 		.4byte	boolSelect
 1097 03f2 17       		.uleb128 0x17
 1098 03f3 0B010000 		.4byte	.LASF42
 1099 03f7 06       		.byte	0x6
 1100 03f8 1207     		.2byte	0x712
 1101 03fa FE030000 		.4byte	0x3fe
 1102 03fe 18       		.uleb128 0x18
 1103 03ff 76000000 		.4byte	0x76
 1104 0403 15       		.uleb128 0x15
 1105 0404 81000000 		.4byte	0x81
 1106 0408 13040000 		.4byte	0x413
 1107 040c 16       		.uleb128 0x16
 1108 040d B5000000 		.4byte	0xb5
 1109 0411 07       		.byte	0x7
 1110 0412 00       		.byte	0
 1111 0413 14       		.uleb128 0x14
 1112 0414 74020000 		.4byte	.LASF43
 1113 0418 01       		.byte	0x1
 1114 0419 0F       		.byte	0xf
 1115 041a 03040000 		.4byte	0x403
 1116 041e 05       		.uleb128 0x5
 1117 041f 03       		.byte	0x3
 1118 0420 00000000 		.4byte	IRsensorGewicht
 1119 0424 14       		.uleb128 0x14
 1120 0425 CE000000 		.4byte	.LASF44
 1121 0429 01       		.byte	0x1
 1122 042a 10       		.byte	0x10
 1123 042b 03040000 		.4byte	0x403
 1124 042f 05       		.uleb128 0x5
 1125 0430 03       		.byte	0x3
 1126 0431 00000000 		.4byte	IRDigitaleWaarden
 1127 0435 14       		.uleb128 0x14
 1128 0436 32000000 		.4byte	.LASF45
 1129 043a 01       		.byte	0x1
ARM GAS  C:\Users\BASILE~1.BER\AppData\Local\Temp\ccHVrrq2.s 			page 24


 1130 043b 12       		.byte	0x12
 1131 043c 81000000 		.4byte	0x81
 1132 0440 05       		.uleb128 0x5
 1133 0441 03       		.byte	0x3
 1134 0442 00000000 		.4byte	TweedeLijnGedetecteerd
 1135 0446 14       		.uleb128 0x14
 1136 0447 29010000 		.4byte	.LASF46
 1137 044b 01       		.byte	0x1
 1138 044c 14       		.byte	0x14
 1139 044d 81000000 		.4byte	0x81
 1140 0451 05       		.uleb128 0x5
 1141 0452 03       		.byte	0x3
 1142 0453 00000000 		.4byte	Data
 1143 0457 14       		.uleb128 0x14
 1144 0458 3A020000 		.4byte	.LASF47
 1145 045c 01       		.byte	0x1
 1146 045d 15       		.byte	0x15
 1147 045e 81000000 		.4byte	0x81
 1148 0462 05       		.uleb128 0x5
 1149 0463 03       		.byte	0x3
 1150 0464 00000000 		.4byte	DataOrgineel
 1151 0468 19       		.uleb128 0x19
 1152 0469 84020000 		.4byte	.LASF48
 1153 046d 84020000 		.4byte	.LASF48
 1154 0471 05       		.byte	0x5
 1155 0472 3E       		.byte	0x3e
 1156 0473 19       		.uleb128 0x19
 1157 0474 78010000 		.4byte	.LASF49
 1158 0478 78010000 		.4byte	.LASF49
 1159 047c 07       		.byte	0x7
 1160 047d 3D       		.byte	0x3d
 1161 047e 19       		.uleb128 0x19
 1162 047f 23000000 		.4byte	.LASF50
 1163 0483 23000000 		.4byte	.LASF50
 1164 0487 07       		.byte	0x7
 1165 0488 5E       		.byte	0x5e
 1166 0489 00       		.byte	0
 1167              		.section	.debug_abbrev,"",%progbits
 1168              	.Ldebug_abbrev0:
 1169 0000 01       		.uleb128 0x1
 1170 0001 11       		.uleb128 0x11
 1171 0002 01       		.byte	0x1
 1172 0003 25       		.uleb128 0x25
 1173 0004 0E       		.uleb128 0xe
 1174 0005 13       		.uleb128 0x13
 1175 0006 0B       		.uleb128 0xb
 1176 0007 03       		.uleb128 0x3
 1177 0008 0E       		.uleb128 0xe
 1178 0009 1B       		.uleb128 0x1b
 1179 000a 0E       		.uleb128 0xe
 1180 000b 55       		.uleb128 0x55
 1181 000c 17       		.uleb128 0x17
 1182 000d 11       		.uleb128 0x11
 1183 000e 01       		.uleb128 0x1
 1184 000f 10       		.uleb128 0x10
 1185 0010 17       		.uleb128 0x17
 1186 0011 00       		.byte	0
ARM GAS  C:\Users\BASILE~1.BER\AppData\Local\Temp\ccHVrrq2.s 			page 25


 1187 0012 00       		.byte	0
 1188 0013 02       		.uleb128 0x2
 1189 0014 24       		.uleb128 0x24
 1190 0015 00       		.byte	0
 1191 0016 0B       		.uleb128 0xb
 1192 0017 0B       		.uleb128 0xb
 1193 0018 3E       		.uleb128 0x3e
 1194 0019 0B       		.uleb128 0xb
 1195 001a 03       		.uleb128 0x3
 1196 001b 0E       		.uleb128 0xe
 1197 001c 00       		.byte	0
 1198 001d 00       		.byte	0
 1199 001e 03       		.uleb128 0x3
 1200 001f 16       		.uleb128 0x16
 1201 0020 00       		.byte	0
 1202 0021 03       		.uleb128 0x3
 1203 0022 0E       		.uleb128 0xe
 1204 0023 3A       		.uleb128 0x3a
 1205 0024 0B       		.uleb128 0xb
 1206 0025 3B       		.uleb128 0x3b
 1207 0026 0B       		.uleb128 0xb
 1208 0027 49       		.uleb128 0x49
 1209 0028 13       		.uleb128 0x13
 1210 0029 00       		.byte	0
 1211 002a 00       		.byte	0
 1212 002b 04       		.uleb128 0x4
 1213 002c 24       		.uleb128 0x24
 1214 002d 00       		.byte	0
 1215 002e 0B       		.uleb128 0xb
 1216 002f 0B       		.uleb128 0xb
 1217 0030 3E       		.uleb128 0x3e
 1218 0031 0B       		.uleb128 0xb
 1219 0032 03       		.uleb128 0x3
 1220 0033 08       		.uleb128 0x8
 1221 0034 00       		.byte	0
 1222 0035 00       		.byte	0
 1223 0036 05       		.uleb128 0x5
 1224 0037 16       		.uleb128 0x16
 1225 0038 00       		.byte	0
 1226 0039 03       		.uleb128 0x3
 1227 003a 0E       		.uleb128 0xe
 1228 003b 3A       		.uleb128 0x3a
 1229 003c 0B       		.uleb128 0xb
 1230 003d 3B       		.uleb128 0x3b
 1231 003e 05       		.uleb128 0x5
 1232 003f 49       		.uleb128 0x49
 1233 0040 13       		.uleb128 0x13
 1234 0041 00       		.byte	0
 1235 0042 00       		.byte	0
 1236 0043 06       		.uleb128 0x6
 1237 0044 2E       		.uleb128 0x2e
 1238 0045 01       		.byte	0x1
 1239 0046 3F       		.uleb128 0x3f
 1240 0047 19       		.uleb128 0x19
 1241 0048 03       		.uleb128 0x3
 1242 0049 0E       		.uleb128 0xe
 1243 004a 3A       		.uleb128 0x3a
ARM GAS  C:\Users\BASILE~1.BER\AppData\Local\Temp\ccHVrrq2.s 			page 26


 1244 004b 0B       		.uleb128 0xb
 1245 004c 3B       		.uleb128 0x3b
 1246 004d 0B       		.uleb128 0xb
 1247 004e 49       		.uleb128 0x49
 1248 004f 13       		.uleb128 0x13
 1249 0050 11       		.uleb128 0x11
 1250 0051 01       		.uleb128 0x1
 1251 0052 12       		.uleb128 0x12
 1252 0053 06       		.uleb128 0x6
 1253 0054 40       		.uleb128 0x40
 1254 0055 18       		.uleb128 0x18
 1255 0056 9742     		.uleb128 0x2117
 1256 0058 19       		.uleb128 0x19
 1257 0059 01       		.uleb128 0x1
 1258 005a 13       		.uleb128 0x13
 1259 005b 00       		.byte	0
 1260 005c 00       		.byte	0
 1261 005d 07       		.uleb128 0x7
 1262 005e 34       		.uleb128 0x34
 1263 005f 00       		.byte	0
 1264 0060 03       		.uleb128 0x3
 1265 0061 0E       		.uleb128 0xe
 1266 0062 3A       		.uleb128 0x3a
 1267 0063 0B       		.uleb128 0xb
 1268 0064 3B       		.uleb128 0x3b
 1269 0065 0B       		.uleb128 0xb
 1270 0066 49       		.uleb128 0x49
 1271 0067 13       		.uleb128 0x13
 1272 0068 02       		.uleb128 0x2
 1273 0069 17       		.uleb128 0x17
 1274 006a 00       		.byte	0
 1275 006b 00       		.byte	0
 1276 006c 08       		.uleb128 0x8
 1277 006d 0B       		.uleb128 0xb
 1278 006e 01       		.byte	0x1
 1279 006f 55       		.uleb128 0x55
 1280 0070 17       		.uleb128 0x17
 1281 0071 00       		.byte	0
 1282 0072 00       		.byte	0
 1283 0073 09       		.uleb128 0x9
 1284 0074 34       		.uleb128 0x34
 1285 0075 00       		.byte	0
 1286 0076 03       		.uleb128 0x3
 1287 0077 08       		.uleb128 0x8
 1288 0078 3A       		.uleb128 0x3a
 1289 0079 0B       		.uleb128 0xb
 1290 007a 3B       		.uleb128 0x3b
 1291 007b 0B       		.uleb128 0xb
 1292 007c 49       		.uleb128 0x49
 1293 007d 13       		.uleb128 0x13
 1294 007e 02       		.uleb128 0x2
 1295 007f 17       		.uleb128 0x17
 1296 0080 00       		.byte	0
 1297 0081 00       		.byte	0
 1298 0082 0A       		.uleb128 0xa
 1299 0083 2E       		.uleb128 0x2e
 1300 0084 01       		.byte	0x1
ARM GAS  C:\Users\BASILE~1.BER\AppData\Local\Temp\ccHVrrq2.s 			page 27


 1301 0085 3F       		.uleb128 0x3f
 1302 0086 19       		.uleb128 0x19
 1303 0087 03       		.uleb128 0x3
 1304 0088 0E       		.uleb128 0xe
 1305 0089 3A       		.uleb128 0x3a
 1306 008a 0B       		.uleb128 0xb
 1307 008b 3B       		.uleb128 0x3b
 1308 008c 0B       		.uleb128 0xb
 1309 008d 27       		.uleb128 0x27
 1310 008e 19       		.uleb128 0x19
 1311 008f 11       		.uleb128 0x11
 1312 0090 01       		.uleb128 0x1
 1313 0091 12       		.uleb128 0x12
 1314 0092 06       		.uleb128 0x6
 1315 0093 40       		.uleb128 0x40
 1316 0094 18       		.uleb128 0x18
 1317 0095 9742     		.uleb128 0x2117
 1318 0097 19       		.uleb128 0x19
 1319 0098 01       		.uleb128 0x1
 1320 0099 13       		.uleb128 0x13
 1321 009a 00       		.byte	0
 1322 009b 00       		.byte	0
 1323 009c 0B       		.uleb128 0xb
 1324 009d 0B       		.uleb128 0xb
 1325 009e 01       		.byte	0x1
 1326 009f 11       		.uleb128 0x11
 1327 00a0 01       		.uleb128 0x1
 1328 00a1 12       		.uleb128 0x12
 1329 00a2 06       		.uleb128 0x6
 1330 00a3 01       		.uleb128 0x1
 1331 00a4 13       		.uleb128 0x13
 1332 00a5 00       		.byte	0
 1333 00a6 00       		.byte	0
 1334 00a7 0C       		.uleb128 0xc
 1335 00a8 0B       		.uleb128 0xb
 1336 00a9 01       		.byte	0x1
 1337 00aa 11       		.uleb128 0x11
 1338 00ab 01       		.uleb128 0x1
 1339 00ac 12       		.uleb128 0x12
 1340 00ad 06       		.uleb128 0x6
 1341 00ae 00       		.byte	0
 1342 00af 00       		.byte	0
 1343 00b0 0D       		.uleb128 0xd
 1344 00b1 05       		.uleb128 0x5
 1345 00b2 00       		.byte	0
 1346 00b3 03       		.uleb128 0x3
 1347 00b4 0E       		.uleb128 0xe
 1348 00b5 3A       		.uleb128 0x3a
 1349 00b6 0B       		.uleb128 0xb
 1350 00b7 3B       		.uleb128 0x3b
 1351 00b8 0B       		.uleb128 0xb
 1352 00b9 49       		.uleb128 0x49
 1353 00ba 13       		.uleb128 0x13
 1354 00bb 02       		.uleb128 0x2
 1355 00bc 17       		.uleb128 0x17
 1356 00bd 00       		.byte	0
 1357 00be 00       		.byte	0
ARM GAS  C:\Users\BASILE~1.BER\AppData\Local\Temp\ccHVrrq2.s 			page 28


 1358 00bf 0E       		.uleb128 0xe
 1359 00c0 898201   		.uleb128 0x4109
 1360 00c3 01       		.byte	0x1
 1361 00c4 11       		.uleb128 0x11
 1362 00c5 01       		.uleb128 0x1
 1363 00c6 31       		.uleb128 0x31
 1364 00c7 13       		.uleb128 0x13
 1365 00c8 00       		.byte	0
 1366 00c9 00       		.byte	0
 1367 00ca 0F       		.uleb128 0xf
 1368 00cb 8A8201   		.uleb128 0x410a
 1369 00ce 00       		.byte	0
 1370 00cf 02       		.uleb128 0x2
 1371 00d0 18       		.uleb128 0x18
 1372 00d1 9142     		.uleb128 0x2111
 1373 00d3 18       		.uleb128 0x18
 1374 00d4 00       		.byte	0
 1375 00d5 00       		.byte	0
 1376 00d6 10       		.uleb128 0x10
 1377 00d7 2E       		.uleb128 0x2e
 1378 00d8 01       		.byte	0x1
 1379 00d9 3F       		.uleb128 0x3f
 1380 00da 19       		.uleb128 0x19
 1381 00db 03       		.uleb128 0x3
 1382 00dc 0E       		.uleb128 0xe
 1383 00dd 3A       		.uleb128 0x3a
 1384 00de 0B       		.uleb128 0xb
 1385 00df 3B       		.uleb128 0x3b
 1386 00e0 0B       		.uleb128 0xb
 1387 00e1 27       		.uleb128 0x27
 1388 00e2 19       		.uleb128 0x19
 1389 00e3 49       		.uleb128 0x49
 1390 00e4 13       		.uleb128 0x13
 1391 00e5 11       		.uleb128 0x11
 1392 00e6 01       		.uleb128 0x1
 1393 00e7 12       		.uleb128 0x12
 1394 00e8 06       		.uleb128 0x6
 1395 00e9 40       		.uleb128 0x40
 1396 00ea 18       		.uleb128 0x18
 1397 00eb 9742     		.uleb128 0x2117
 1398 00ed 19       		.uleb128 0x19
 1399 00ee 01       		.uleb128 0x1
 1400 00ef 13       		.uleb128 0x13
 1401 00f0 00       		.byte	0
 1402 00f1 00       		.byte	0
 1403 00f2 11       		.uleb128 0x11
 1404 00f3 0B       		.uleb128 0xb
 1405 00f4 01       		.byte	0x1
 1406 00f5 55       		.uleb128 0x55
 1407 00f6 17       		.uleb128 0x17
 1408 00f7 01       		.uleb128 0x1
 1409 00f8 13       		.uleb128 0x13
 1410 00f9 00       		.byte	0
 1411 00fa 00       		.byte	0
 1412 00fb 12       		.uleb128 0x12
 1413 00fc 898201   		.uleb128 0x4109
 1414 00ff 01       		.byte	0x1
ARM GAS  C:\Users\BASILE~1.BER\AppData\Local\Temp\ccHVrrq2.s 			page 29


 1415 0100 11       		.uleb128 0x11
 1416 0101 01       		.uleb128 0x1
 1417 0102 31       		.uleb128 0x31
 1418 0103 13       		.uleb128 0x13
 1419 0104 01       		.uleb128 0x1
 1420 0105 13       		.uleb128 0x13
 1421 0106 00       		.byte	0
 1422 0107 00       		.byte	0
 1423 0108 13       		.uleb128 0x13
 1424 0109 898201   		.uleb128 0x4109
 1425 010c 00       		.byte	0
 1426 010d 11       		.uleb128 0x11
 1427 010e 01       		.uleb128 0x1
 1428 010f 31       		.uleb128 0x31
 1429 0110 13       		.uleb128 0x13
 1430 0111 00       		.byte	0
 1431 0112 00       		.byte	0
 1432 0113 14       		.uleb128 0x14
 1433 0114 34       		.uleb128 0x34
 1434 0115 00       		.byte	0
 1435 0116 03       		.uleb128 0x3
 1436 0117 0E       		.uleb128 0xe
 1437 0118 3A       		.uleb128 0x3a
 1438 0119 0B       		.uleb128 0xb
 1439 011a 3B       		.uleb128 0x3b
 1440 011b 0B       		.uleb128 0xb
 1441 011c 49       		.uleb128 0x49
 1442 011d 13       		.uleb128 0x13
 1443 011e 3F       		.uleb128 0x3f
 1444 011f 19       		.uleb128 0x19
 1445 0120 02       		.uleb128 0x2
 1446 0121 18       		.uleb128 0x18
 1447 0122 00       		.byte	0
 1448 0123 00       		.byte	0
 1449 0124 15       		.uleb128 0x15
 1450 0125 01       		.uleb128 0x1
 1451 0126 01       		.byte	0x1
 1452 0127 49       		.uleb128 0x49
 1453 0128 13       		.uleb128 0x13
 1454 0129 01       		.uleb128 0x1
 1455 012a 13       		.uleb128 0x13
 1456 012b 00       		.byte	0
 1457 012c 00       		.byte	0
 1458 012d 16       		.uleb128 0x16
 1459 012e 21       		.uleb128 0x21
 1460 012f 00       		.byte	0
 1461 0130 49       		.uleb128 0x49
 1462 0131 13       		.uleb128 0x13
 1463 0132 2F       		.uleb128 0x2f
 1464 0133 0B       		.uleb128 0xb
 1465 0134 00       		.byte	0
 1466 0135 00       		.byte	0
 1467 0136 17       		.uleb128 0x17
 1468 0137 34       		.uleb128 0x34
 1469 0138 00       		.byte	0
 1470 0139 03       		.uleb128 0x3
 1471 013a 0E       		.uleb128 0xe
ARM GAS  C:\Users\BASILE~1.BER\AppData\Local\Temp\ccHVrrq2.s 			page 30


 1472 013b 3A       		.uleb128 0x3a
 1473 013c 0B       		.uleb128 0xb
 1474 013d 3B       		.uleb128 0x3b
 1475 013e 05       		.uleb128 0x5
 1476 013f 49       		.uleb128 0x49
 1477 0140 13       		.uleb128 0x13
 1478 0141 3F       		.uleb128 0x3f
 1479 0142 19       		.uleb128 0x19
 1480 0143 3C       		.uleb128 0x3c
 1481 0144 19       		.uleb128 0x19
 1482 0145 00       		.byte	0
 1483 0146 00       		.byte	0
 1484 0147 18       		.uleb128 0x18
 1485 0148 35       		.uleb128 0x35
 1486 0149 00       		.byte	0
 1487 014a 49       		.uleb128 0x49
 1488 014b 13       		.uleb128 0x13
 1489 014c 00       		.byte	0
 1490 014d 00       		.byte	0
 1491 014e 19       		.uleb128 0x19
 1492 014f 2E       		.uleb128 0x2e
 1493 0150 00       		.byte	0
 1494 0151 3F       		.uleb128 0x3f
 1495 0152 19       		.uleb128 0x19
 1496 0153 3C       		.uleb128 0x3c
 1497 0154 19       		.uleb128 0x19
 1498 0155 6E       		.uleb128 0x6e
 1499 0156 0E       		.uleb128 0xe
 1500 0157 03       		.uleb128 0x3
 1501 0158 0E       		.uleb128 0xe
 1502 0159 3A       		.uleb128 0x3a
 1503 015a 0B       		.uleb128 0xb
 1504 015b 3B       		.uleb128 0x3b
 1505 015c 0B       		.uleb128 0xb
 1506 015d 00       		.byte	0
 1507 015e 00       		.byte	0
 1508 015f 00       		.byte	0
 1509              		.section	.debug_loc,"",%progbits
 1510              	.Ldebug_loc0:
 1511              	.LLST0:
 1512 0000 00000000 		.4byte	.LVL0
 1513 0004 08000000 		.4byte	.LVL1
 1514 0008 0200     		.2byte	0x2
 1515 000a 30       		.byte	0x30
 1516 000b 9F       		.byte	0x9f
 1517 000c 08000000 		.4byte	.LVL1
 1518 0010 12000000 		.4byte	.LVL2
 1519 0014 0100     		.2byte	0x1
 1520 0016 50       		.byte	0x50
 1521 0017 14000000 		.4byte	.LVL3
 1522 001b 2A000000 		.4byte	.LVL7
 1523 001f 0100     		.2byte	0x1
 1524 0021 50       		.byte	0x50
 1525 0022 00000000 		.4byte	0
 1526 0026 00000000 		.4byte	0
 1527              	.LLST1:
 1528 002a 00000000 		.4byte	.LVL0
ARM GAS  C:\Users\BASILE~1.BER\AppData\Local\Temp\ccHVrrq2.s 			page 31


 1529 002e 08000000 		.4byte	.LVL1
 1530 0032 0200     		.2byte	0x2
 1531 0034 30       		.byte	0x30
 1532 0035 9F       		.byte	0x9f
 1533 0036 08000000 		.4byte	.LVL1
 1534 003a 1C000000 		.4byte	.LVL4
 1535 003e 0100     		.2byte	0x1
 1536 0040 51       		.byte	0x51
 1537 0041 1E000000 		.4byte	.LVL5
 1538 0045 2A000000 		.4byte	.LVL7
 1539 0049 0100     		.2byte	0x1
 1540 004b 51       		.byte	0x51
 1541 004c 2A000000 		.4byte	.LVL7
 1542 0050 30000000 		.4byte	.LFE64
 1543 0054 0100     		.2byte	0x1
 1544 0056 50       		.byte	0x50
 1545 0057 00000000 		.4byte	0
 1546 005b 00000000 		.4byte	0
 1547              	.LLST2:
 1548 005f 00000000 		.4byte	.LVL0
 1549 0063 08000000 		.4byte	.LVL1
 1550 0067 0200     		.2byte	0x2
 1551 0069 30       		.byte	0x30
 1552 006a 9F       		.byte	0x9f
 1553 006b 08000000 		.4byte	.LVL1
 1554 006f 30000000 		.4byte	.LFE64
 1555 0073 0100     		.2byte	0x1
 1556 0075 53       		.byte	0x53
 1557 0076 00000000 		.4byte	0
 1558 007a 00000000 		.4byte	0
 1559              	.LLST3:
 1560 007e 00000000 		.4byte	.LVL8
 1561 0082 04000000 		.4byte	.LVL9
 1562 0086 0200     		.2byte	0x2
 1563 0088 33       		.byte	0x33
 1564 0089 9F       		.byte	0x9f
 1565 008a 04000000 		.4byte	.LVL9
 1566 008e 1A000000 		.4byte	.LVL10
 1567 0092 0100     		.2byte	0x1
 1568 0094 53       		.byte	0x53
 1569 0095 1E000000 		.4byte	.LVL11
 1570 0099 26000000 		.4byte	.LVL12
 1571 009d 0100     		.2byte	0x1
 1572 009f 53       		.byte	0x53
 1573 00a0 2A000000 		.4byte	.LVL13
 1574 00a4 32000000 		.4byte	.LVL14
 1575 00a8 0100     		.2byte	0x1
 1576 00aa 53       		.byte	0x53
 1577 00ab 36000000 		.4byte	.LVL15
 1578 00af 3E000000 		.4byte	.LVL16
 1579 00b3 0100     		.2byte	0x1
 1580 00b5 53       		.byte	0x53
 1581 00b6 42000000 		.4byte	.LVL17
 1582 00ba 48000000 		.4byte	.LVL19
 1583 00be 0100     		.2byte	0x1
 1584 00c0 53       		.byte	0x53
 1585 00c1 00000000 		.4byte	0
ARM GAS  C:\Users\BASILE~1.BER\AppData\Local\Temp\ccHVrrq2.s 			page 32


 1586 00c5 00000000 		.4byte	0
 1587              	.LLST4:
 1588 00c9 48000000 		.4byte	.LVL19
 1589 00cd 4C000000 		.4byte	.LVL20
 1590 00d1 0200     		.2byte	0x2
 1591 00d3 34       		.byte	0x34
 1592 00d4 9F       		.byte	0x9f
 1593 00d5 4C000000 		.4byte	.LVL20
 1594 00d9 64000000 		.4byte	.LVL21
 1595 00dd 0100     		.2byte	0x1
 1596 00df 53       		.byte	0x53
 1597 00e0 68000000 		.4byte	.LVL22
 1598 00e4 70000000 		.4byte	.LVL23
 1599 00e8 0100     		.2byte	0x1
 1600 00ea 53       		.byte	0x53
 1601 00eb 74000000 		.4byte	.LVL24
 1602 00ef 7C000000 		.4byte	.LVL25
 1603 00f3 0100     		.2byte	0x1
 1604 00f5 53       		.byte	0x53
 1605 00f6 80000000 		.4byte	.LVL26
 1606 00fa 88000000 		.4byte	.LVL27
 1607 00fe 0100     		.2byte	0x1
 1608 0100 53       		.byte	0x53
 1609 0101 8C000000 		.4byte	.LVL28
 1610 0105 A4000000 		.4byte	.LFE65
 1611 0109 0100     		.2byte	0x1
 1612 010b 53       		.byte	0x53
 1613 010c 00000000 		.4byte	0
 1614 0110 00000000 		.4byte	0
 1615              	.LLST5:
 1616 0114 00000000 		.4byte	.LVL30
 1617 0118 08000000 		.4byte	.LVL32
 1618 011c 0100     		.2byte	0x1
 1619 011e 50       		.byte	0x50
 1620 011f 08000000 		.4byte	.LVL32
 1621 0123 34000000 		.4byte	.LFE66
 1622 0127 0400     		.2byte	0x4
 1623 0129 F3       		.byte	0xf3
 1624 012a 01       		.uleb128 0x1
 1625 012b 50       		.byte	0x50
 1626 012c 9F       		.byte	0x9f
 1627 012d 00000000 		.4byte	0
 1628 0131 00000000 		.4byte	0
 1629              	.LLST6:
 1630 0135 04000000 		.4byte	.LVL31
 1631 0139 08000000 		.4byte	.LVL32
 1632 013d 0200     		.2byte	0x2
 1633 013f 30       		.byte	0x30
 1634 0140 9F       		.byte	0x9f
 1635 0141 08000000 		.4byte	.LVL32
 1636 0145 2E000000 		.4byte	.LVL36
 1637 0149 0100     		.2byte	0x1
 1638 014b 54       		.byte	0x54
 1639 014c 00000000 		.4byte	0
 1640 0150 00000000 		.4byte	0
 1641              	.LLST7:
 1642 0154 12000000 		.4byte	.LVL34
ARM GAS  C:\Users\BASILE~1.BER\AppData\Local\Temp\ccHVrrq2.s 			page 33


 1643 0158 28000000 		.4byte	.LVL35
 1644 015c 0100     		.2byte	0x1
 1645 015e 50       		.byte	0x50
 1646 015f 00000000 		.4byte	0
 1647 0163 00000000 		.4byte	0
 1648              	.LLST8:
 1649 0167 02000000 		.4byte	.LVL37
 1650 016b 0E000000 		.4byte	.LVL38
 1651 016f 0200     		.2byte	0x2
 1652 0171 30       		.byte	0x30
 1653 0172 9F       		.byte	0x9f
 1654 0173 0E000000 		.4byte	.LVL38
 1655 0177 2C000000 		.4byte	.LVL44
 1656 017b 0100     		.2byte	0x1
 1657 017d 56       		.byte	0x56
 1658 017e 2E000000 		.4byte	.LVL45
 1659 0182 9A000000 		.4byte	.LVL67
 1660 0186 0100     		.2byte	0x1
 1661 0188 56       		.byte	0x56
 1662 0189 00000000 		.4byte	0
 1663 018d 00000000 		.4byte	0
 1664              	.LLST9:
 1665 0191 02000000 		.4byte	.LVL37
 1666 0195 0E000000 		.4byte	.LVL38
 1667 0199 0200     		.2byte	0x2
 1668 019b 30       		.byte	0x30
 1669 019c 9F       		.byte	0x9f
 1670 019d 0E000000 		.4byte	.LVL38
 1671 01a1 22000000 		.4byte	.LVL42
 1672 01a5 0100     		.2byte	0x1
 1673 01a7 51       		.byte	0x51
 1674 01a8 24000000 		.4byte	.LVL43
 1675 01ac 36000000 		.4byte	.LVL47
 1676 01b0 0100     		.2byte	0x1
 1677 01b2 51       		.byte	0x51
 1678 01b3 00000000 		.4byte	0
 1679 01b7 00000000 		.4byte	0
 1680              	.LLST10:
 1681 01bb 02000000 		.4byte	.LVL37
 1682 01bf 0E000000 		.4byte	.LVL38
 1683 01c3 0200     		.2byte	0x2
 1684 01c5 30       		.byte	0x30
 1685 01c6 9F       		.byte	0x9f
 1686 01c7 0E000000 		.4byte	.LVL38
 1687 01cb 1A000000 		.4byte	.LVL40
 1688 01cf 0100     		.2byte	0x1
 1689 01d1 50       		.byte	0x50
 1690 01d2 1A000000 		.4byte	.LVL40
 1691 01d6 1C000000 		.4byte	.LVL41
 1692 01da 0100     		.2byte	0x1
 1693 01dc 52       		.byte	0x52
 1694 01dd 1C000000 		.4byte	.LVL41
 1695 01e1 38000000 		.4byte	.LVL48
 1696 01e5 0100     		.2byte	0x1
 1697 01e7 50       		.byte	0x50
 1698 01e8 00000000 		.4byte	0
 1699 01ec 00000000 		.4byte	0
ARM GAS  C:\Users\BASILE~1.BER\AppData\Local\Temp\ccHVrrq2.s 			page 34


 1700              	.LLST11:
 1701 01f0 02000000 		.4byte	.LVL37
 1702 01f4 0E000000 		.4byte	.LVL38
 1703 01f8 0200     		.2byte	0x2
 1704 01fa 31       		.byte	0x31
 1705 01fb 9F       		.byte	0x9f
 1706 01fc 0E000000 		.4byte	.LVL38
 1707 0200 18000000 		.4byte	.LVL39
 1708 0204 0100     		.2byte	0x1
 1709 0206 54       		.byte	0x54
 1710 0207 1A000000 		.4byte	.LVL40
 1711 020b 5A000000 		.4byte	.LVL53
 1712 020f 0100     		.2byte	0x1
 1713 0211 54       		.byte	0x54
 1714 0212 6A000000 		.4byte	.LVL57
 1715 0216 6E000000 		.4byte	.LVL58
 1716 021a 0100     		.2byte	0x1
 1717 021c 54       		.byte	0x54
 1718 021d 00000000 		.4byte	0
 1719 0221 00000000 		.4byte	0
 1720              	.LLST12:
 1721 0225 02000000 		.4byte	.LVL37
 1722 0229 0E000000 		.4byte	.LVL38
 1723 022d 0200     		.2byte	0x2
 1724 022f 30       		.byte	0x30
 1725 0230 9F       		.byte	0x9f
 1726 0231 0E000000 		.4byte	.LVL38
 1727 0235 3B000000 		.4byte	.LVL49-1
 1728 0239 0100     		.2byte	0x1
 1729 023b 53       		.byte	0x53
 1730 023c 00000000 		.4byte	0
 1731 0240 00000000 		.4byte	0
 1732              	.LLST13:
 1733 0244 5A000000 		.4byte	.LVL53
 1734 0248 6A000000 		.4byte	.LVL57
 1735 024c 0100     		.2byte	0x1
 1736 024e 54       		.byte	0x54
 1737 024f 6E000000 		.4byte	.LVL58
 1738 0253 84000000 		.4byte	.LVL62
 1739 0257 0100     		.2byte	0x1
 1740 0259 54       		.byte	0x54
 1741 025a 86000000 		.4byte	.LVL63
 1742 025e 9A000000 		.4byte	.LVL67
 1743 0262 0100     		.2byte	0x1
 1744 0264 54       		.byte	0x54
 1745 0265 00000000 		.4byte	0
 1746 0269 00000000 		.4byte	0
 1747              	.LLST14:
 1748 026d 5A000000 		.4byte	.LVL53
 1749 0271 6A000000 		.4byte	.LVL57
 1750 0275 0100     		.2byte	0x1
 1751 0277 55       		.byte	0x55
 1752 0278 6E000000 		.4byte	.LVL58
 1753 027c 9A000000 		.4byte	.LVL67
 1754 0280 0100     		.2byte	0x1
 1755 0282 55       		.byte	0x55
 1756 0283 00000000 		.4byte	0
ARM GAS  C:\Users\BASILE~1.BER\AppData\Local\Temp\ccHVrrq2.s 			page 35


 1757 0287 00000000 		.4byte	0
 1758              	.LLST15:
 1759 028b 78000000 		.4byte	.LVL59
 1760 028f 88000000 		.4byte	.LVL64
 1761 0293 0100     		.2byte	0x1
 1762 0295 53       		.byte	0x53
 1763 0296 8A000000 		.4byte	.LVL65
 1764 029a A8000000 		.4byte	.LFE67
 1765 029e 0100     		.2byte	0x1
 1766 02a0 53       		.byte	0x53
 1767 02a1 00000000 		.4byte	0
 1768 02a5 00000000 		.4byte	0
 1769              	.LLST16:
 1770 02a9 7C000000 		.4byte	.LVL60
 1771 02ad 80000000 		.4byte	.LVL61
 1772 02b1 0600     		.2byte	0x6
 1773 02b3 74       		.byte	0x74
 1774 02b4 00       		.sleb128 0
 1775 02b5 72       		.byte	0x72
 1776 02b6 00       		.sleb128 0
 1777 02b7 1A       		.byte	0x1a
 1778 02b8 9F       		.byte	0x9f
 1779 02b9 80000000 		.4byte	.LVL61
 1780 02bd 84000000 		.4byte	.LVL62
 1781 02c1 0B00     		.2byte	0xb
 1782 02c3 74       		.byte	0x74
 1783 02c4 00       		.sleb128 0
 1784 02c5 03       		.byte	0x3
 1785 02c6 00000000 		.4byte	DataOrgineel
 1786 02ca 94       		.byte	0x94
 1787 02cb 01       		.byte	0x1
 1788 02cc 1A       		.byte	0x1a
 1789 02cd 9F       		.byte	0x9f
 1790 02ce 96000000 		.4byte	.LVL66
 1791 02d2 9A000000 		.4byte	.LVL67
 1792 02d6 0B00     		.2byte	0xb
 1793 02d8 74       		.byte	0x74
 1794 02d9 00       		.sleb128 0
 1795 02da 03       		.byte	0x3
 1796 02db 00000000 		.4byte	DataOrgineel
 1797 02df 94       		.byte	0x94
 1798 02e0 01       		.byte	0x1
 1799 02e1 1A       		.byte	0x1a
 1800 02e2 9F       		.byte	0x9f
 1801 02e3 00000000 		.4byte	0
 1802 02e7 00000000 		.4byte	0
 1803              	.LLST17:
 1804 02eb 00000000 		.4byte	.LVL68
 1805 02ef 14000000 		.4byte	.LVL69
 1806 02f3 0100     		.2byte	0x1
 1807 02f5 50       		.byte	0x50
 1808 02f6 14000000 		.4byte	.LVL69
 1809 02fa 16000000 		.4byte	.LVL70
 1810 02fe 0400     		.2byte	0x4
 1811 0300 F3       		.byte	0xf3
 1812 0301 01       		.uleb128 0x1
 1813 0302 50       		.byte	0x50
ARM GAS  C:\Users\BASILE~1.BER\AppData\Local\Temp\ccHVrrq2.s 			page 36


 1814 0303 9F       		.byte	0x9f
 1815 0304 16000000 		.4byte	.LVL70
 1816 0308 1F000000 		.4byte	.LVL72-1
 1817 030c 0100     		.2byte	0x1
 1818 030e 50       		.byte	0x50
 1819 030f 00000000 		.4byte	0
 1820 0313 00000000 		.4byte	0
 1821              		.section	.debug_aranges,"",%progbits
 1822 0000 3C000000 		.4byte	0x3c
 1823 0004 0200     		.2byte	0x2
 1824 0006 00000000 		.4byte	.Ldebug_info0
 1825 000a 04       		.byte	0x4
 1826 000b 00       		.byte	0
 1827 000c 0000     		.2byte	0
 1828 000e 0000     		.2byte	0
 1829 0010 00000000 		.4byte	.LFB64
 1830 0014 30000000 		.4byte	.LFE64-.LFB64
 1831 0018 00000000 		.4byte	.LFB65
 1832 001c A4000000 		.4byte	.LFE65-.LFB65
 1833 0020 00000000 		.4byte	.LFB66
 1834 0024 34000000 		.4byte	.LFE66-.LFB66
 1835 0028 00000000 		.4byte	.LFB67
 1836 002c A8000000 		.4byte	.LFE67-.LFB67
 1837 0030 00000000 		.4byte	.LFB63
 1838 0034 3C000000 		.4byte	.LFE63-.LFB63
 1839 0038 00000000 		.4byte	0
 1840 003c 00000000 		.4byte	0
 1841              		.section	.debug_ranges,"",%progbits
 1842              	.Ldebug_ranges0:
 1843 0000 00000000 		.4byte	.LBB2
 1844 0004 02000000 		.4byte	.LBE2
 1845 0008 06000000 		.4byte	.LBB3
 1846 000c 24000000 		.4byte	.LBE3
 1847 0010 00000000 		.4byte	0
 1848 0014 00000000 		.4byte	0
 1849 0018 02000000 		.4byte	.LBB8
 1850 001c 04000000 		.4byte	.LBE8
 1851 0020 0C000000 		.4byte	.LBB9
 1852 0024 34000000 		.4byte	.LBE9
 1853 0028 00000000 		.4byte	0
 1854 002c 00000000 		.4byte	0
 1855 0030 5A000000 		.4byte	.LBB10
 1856 0034 6A000000 		.4byte	.LBE10
 1857 0038 6E000000 		.4byte	.LBB17
 1858 003c 92000000 		.4byte	.LBE17
 1859 0040 94000000 		.4byte	.LBB18
 1860 0044 98000000 		.4byte	.LBE18
 1861 0048 00000000 		.4byte	0
 1862 004c 00000000 		.4byte	0
 1863 0050 5A000000 		.4byte	.LBB11
 1864 0054 6A000000 		.4byte	.LBE11
 1865 0058 6E000000 		.4byte	.LBB12
 1866 005c 78000000 		.4byte	.LBE12
 1867 0060 00000000 		.4byte	0
 1868 0064 00000000 		.4byte	0
 1869 0068 78000000 		.4byte	.LBB13
 1870 006c 92000000 		.4byte	.LBE13
ARM GAS  C:\Users\BASILE~1.BER\AppData\Local\Temp\ccHVrrq2.s 			page 37


 1871 0070 94000000 		.4byte	.LBB16
 1872 0074 98000000 		.4byte	.LBE16
 1873 0078 00000000 		.4byte	0
 1874 007c 00000000 		.4byte	0
 1875 0080 78000000 		.4byte	.LBB14
 1876 0084 86000000 		.4byte	.LBE14
 1877 0088 96000000 		.4byte	.LBB15
 1878 008c 98000000 		.4byte	.LBE15
 1879 0090 00000000 		.4byte	0
 1880 0094 00000000 		.4byte	0
 1881 0098 00000000 		.4byte	.LFB64
 1882 009c 30000000 		.4byte	.LFE64
 1883 00a0 00000000 		.4byte	.LFB65
 1884 00a4 A4000000 		.4byte	.LFE65
 1885 00a8 00000000 		.4byte	.LFB66
 1886 00ac 34000000 		.4byte	.LFE66
 1887 00b0 00000000 		.4byte	.LFB67
 1888 00b4 A8000000 		.4byte	.LFE67
 1889 00b8 00000000 		.4byte	.LFB63
 1890 00bc 3C000000 		.4byte	.LFE63
 1891 00c0 00000000 		.4byte	0
 1892 00c4 00000000 		.4byte	0
 1893              		.section	.debug_line,"",%progbits
 1894              	.Ldebug_line0:
 1895 0000 B2020000 		.section	.debug_str,"MS",%progbits,1
 1895      02006C01 
 1895      00000201 
 1895      FB0E0D00 
 1895      01010101 
 1896              	.LASF22:
 1897 0000 506C6161 		.ascii	"PlaatsIRWaardenInArray\000"
 1897      74734952 
 1897      57616172 
 1897      64656E49 
 1897      6E417272 
 1898              	.LASF18:
 1899 0017 74656C6C 		.ascii	"teller\000"
 1899      657200
 1900              	.LASF27:
 1901 001e 74657374 		.ascii	"test\000"
 1901      00
 1902              	.LASF50:
 1903 0023 4C43445F 		.ascii	"LCD_PrintInt16\000"
 1903      5072696E 
 1903      74496E74 
 1903      313600
 1904              	.LASF45:
 1905 0032 54776565 		.ascii	"TweedeLijnGedetecteerd\000"
 1905      64654C69 
 1905      6A6E4765 
 1905      64657465 
 1905      63746565 
 1906              	.LASF29:
 1907 0049 76616C75 		.ascii	"value\000"
 1907      6500
 1908              	.LASF9:
 1909 004f 5F5F696E 		.ascii	"__int32_t\000"
ARM GAS  C:\Users\BASILE~1.BER\AppData\Local\Temp\ccHVrrq2.s 			page 38


 1909      7433325F 
 1909      7400
 1910              	.LASF36:
 1911 0059 6D656469 		.ascii	"mediaan\000"
 1911      61616E00 
 1912              	.LASF52:
 1913 0061 52616365 		.ascii	"RaceLogica.c\000"
 1913      4C6F6769 
 1913      63612E63 
 1913      00
 1914              	.LASF39:
 1915 006e 61766755 		.ascii	"avgUS2\000"
 1915      533200
 1916              	.LASF24:
 1917 0075 6C616174 		.ascii	"laatsteWaarde\000"
 1917      73746557 
 1917      61617264 
 1917      6500
 1918              	.LASF31:
 1919 0083 70776D4D 		.ascii	"pwmMotorLinks\000"
 1919      6F746F72 
 1919      4C696E6B 
 1919      7300
 1920              	.LASF28:
 1921 0091 416E616C 		.ascii	"AnalyseerData\000"
 1921      79736565 
 1921      72446174 
 1921      6100
 1922              	.LASF37:
 1923 009f 73656C65 		.ascii	"selectUS\000"
 1923      63745553 
 1923      00
 1924              	.LASF13:
 1925 00a8 666C6F61 		.ascii	"float\000"
 1925      7400
 1926              	.LASF30:
 1927 00ae 64617461 		.ascii	"data\000"
 1927      00
 1928              	.LASF1:
 1929 00b3 756E7369 		.ascii	"unsigned char\000"
 1929      676E6564 
 1929      20636861 
 1929      7200
 1930              	.LASF26:
 1931 00c1 636F6D70 		.ascii	"compareValue\000"
 1931      61726556 
 1931      616C7565 
 1931      00
 1932              	.LASF44:
 1933 00ce 49524469 		.ascii	"IRDigitaleWaarden\000"
 1933      67697461 
 1933      6C655761 
 1933      61726465 
 1933      6E00
 1934              	.LASF38:
 1935 00e0 61766755 		.ascii	"avgUS1\000"
 1935      533100
ARM GAS  C:\Users\BASILE~1.BER\AppData\Local\Temp\ccHVrrq2.s 			page 39


 1936              	.LASF5:
 1937 00e7 6C6F6E67 		.ascii	"long unsigned int\000"
 1937      20756E73 
 1937      69676E65 
 1937      6420696E 
 1937      7400
 1938              	.LASF19:
 1939 00f9 64696B73 		.ascii	"diksteLijn\000"
 1939      74654C69 
 1939      6A6E00
 1940              	.LASF40:
 1941 0104 61766755 		.ascii	"avgUS3\000"
 1941      533300
 1942              	.LASF42:
 1943 010b 49544D5F 		.ascii	"ITM_RxBuffer\000"
 1943      52784275 
 1943      66666572 
 1943      00
 1944              	.LASF34:
 1945 0118 49524472 		.ascii	"IRDrempel\000"
 1945      656D7065 
 1945      6C00
 1946              	.LASF14:
 1947 0122 646F7562 		.ascii	"double\000"
 1947      6C6500
 1948              	.LASF46:
 1949 0129 44617461 		.ascii	"Data\000"
 1949      00
 1950              	.LASF12:
 1951 012e 75696E74 		.ascii	"uint16\000"
 1951      313600
 1952              	.LASF32:
 1953 0135 70776D4D 		.ascii	"pwmMotorRechts\000"
 1953      6F746F72 
 1953      52656368 
 1953      747300
 1954              	.LASF8:
 1955 0144 756E7369 		.ascii	"unsigned int\000"
 1955      676E6564 
 1955      20696E74 
 1955      00
 1956              	.LASF21:
 1957 0151 73747575 		.ascii	"stuurMotorenBij\000"
 1957      724D6F74 
 1957      6F72656E 
 1957      42696A00 
 1958              	.LASF7:
 1959 0161 6C6F6E67 		.ascii	"long long unsigned int\000"
 1959      206C6F6E 
 1959      6720756E 
 1959      7369676E 
 1959      65642069 
 1960              	.LASF49:
 1961 0178 4C43445F 		.ascii	"LCD_Position\000"
 1961      506F7369 
 1961      74696F6E 
 1961      00
ARM GAS  C:\Users\BASILE~1.BER\AppData\Local\Temp\ccHVrrq2.s 			page 40


 1962              	.LASF33:
 1963 0185 49525761 		.ascii	"IRWaarden\000"
 1963      61726465 
 1963      6E00
 1964              	.LASF0:
 1965 018f 7369676E 		.ascii	"signed char\000"
 1965      65642063 
 1965      68617200 
 1966              	.LASF51:
 1967 019b 474E5520 		.ascii	"GNU C11 5.4.1 20160609 (release) [ARM/embedded-5-br"
 1967      43313120 
 1967      352E342E 
 1967      31203230 
 1967      31363036 
 1968 01ce 616E6368 		.ascii	"anch revision 237715] -mcpu=cortex-m3 -mthumb -g -O"
 1968      20726576 
 1968      6973696F 
 1968      6E203233 
 1968      37373135 
 1969 0201 67202D66 		.ascii	"g -ffunction-sections -ffat-lto-objects\000"
 1969      66756E63 
 1969      74696F6E 
 1969      2D736563 
 1969      74696F6E 
 1970              	.LASF10:
 1971 0229 696E7433 		.ascii	"int32_t\000"
 1971      325F7400 
 1972              	.LASF17:
 1973 0231 73697A65 		.ascii	"sizetype\000"
 1973      74797065 
 1973      00
 1974              	.LASF47:
 1975 023a 44617461 		.ascii	"DataOrgineel\000"
 1975      4F726769 
 1975      6E65656C 
 1975      00
 1976              	.LASF6:
 1977 0247 6C6F6E67 		.ascii	"long long int\000"
 1977      206C6F6E 
 1977      6720696E 
 1977      7400
 1978              	.LASF15:
 1979 0255 63686172 		.ascii	"char\000"
 1979      00
 1980              	.LASF23:
 1981 025a 746D7057 		.ascii	"tmpWaarde\000"
 1981      61617264 
 1981      6500
 1982              	.LASF20:
 1983 0264 62657061 		.ascii	"bepaalLijnDikte\000"
 1983      616C4C69 
 1983      6A6E4469 
 1983      6B746500 
 1984              	.LASF43:
 1985 0274 49527365 		.ascii	"IRsensorGewicht\000"
 1985      6E736F72 
 1985      47657769 
ARM GAS  C:\Users\BASILE~1.BER\AppData\Local\Temp\ccHVrrq2.s 			page 41


 1985      63687400 
 1986              	.LASF48:
 1987 0284 6578706F 		.ascii	"exponent\000"
 1987      6E656E74 
 1987      00
 1988              	.LASF2:
 1989 028d 73686F72 		.ascii	"short int\000"
 1989      7420696E 
 1989      7400
 1990              	.LASF11:
 1991 0297 75696E74 		.ascii	"uint8\000"
 1991      3800
 1992              	.LASF25:
 1993 029d 61616E74 		.ascii	"aantalWaardeWisselingen\000"
 1993      616C5761 
 1993      61726465 
 1993      57697373 
 1993      656C696E 
 1994              	.LASF4:
 1995 02b5 6C6F6E67 		.ascii	"long int\000"
 1995      20696E74 
 1995      00
 1996              	.LASF16:
 1997 02be 6C6F6E67 		.ascii	"long double\000"
 1997      20646F75 
 1997      626C6500 
 1998              	.LASF35:
 1999 02ca 54657374 		.ascii	"TestGetal\000"
 1999      47657461 
 1999      6C00
 2000              	.LASF3:
 2001 02d4 73686F72 		.ascii	"short unsigned int\000"
 2001      7420756E 
 2001      7369676E 
 2001      65642069 
 2001      6E7400
 2002              	.LASF54:
 2003 02e7 43686563 		.ascii	"CheckVoor2eLijn\000"
 2003      6B566F6F 
 2003      7232654C 
 2003      696A6E00 
 2004              	.LASF41:
 2005 02f7 626F6F6C 		.ascii	"boolSelect\000"
 2005      53656C65 
 2005      637400
 2006              	.LASF53:
 2007 0302 433A5C55 		.ascii	"C:\\Users\\basile.berckmoes\\Documents\\GitHub\\Rob"
 2007      73657273 
 2007      5C626173 
 2007      696C652E 
 2007      62657263 
 2008 0330 6F74436F 		.ascii	"otComp2ELO\\Software\\PSoc\\Roadster\\RoadsterRACEM"
 2008      6D703245 
 2008      4C4F5C53 
 2008      6F667477 
 2008      6172655C 
 2009 035f 4F44455C 		.ascii	"ODE\\Roadster1.0.cydsn\000"
ARM GAS  C:\Users\BASILE~1.BER\AppData\Local\Temp\ccHVrrq2.s 			page 42


 2009      526F6164 
 2009      73746572 
 2009      312E302E 
 2009      63796473 
 2010              		.ident	"GCC: (GNU Tools for ARM Embedded Processors) 5.4.1 20160609 (release) [ARM/embedded-5-bran
