ARM GAS  C:\Users\BASILE~1.BER\AppData\Local\Temp\ccxfLYtz.s 			page 1


   1              		.syntax unified
   2              		.cpu cortex-m3
   3              		.fpu softvfp
   4              		.eabi_attribute 20, 1
   5              		.eabi_attribute 21, 1
   6              		.eabi_attribute 23, 3
   7              		.eabi_attribute 24, 1
   8              		.eabi_attribute 25, 1
   9              		.eabi_attribute 26, 1
  10              		.eabi_attribute 30, 1
  11              		.eabi_attribute 34, 1
  12              		.eabi_attribute 18, 4
  13              		.thumb
  14              		.syntax unified
  15              		.file	"Sensoren.c"
  16              		.text
  17              	.Ltext0:
  18              		.cfi_sections	.debug_frame
  19              		.section	.text.IRSensoren,"ax",%progbits
  20              		.align	2
  21              		.global	IRSensoren
  22              		.thumb
  23              		.thumb_func
  24              		.type	IRSensoren, %function
  25              	IRSensoren:
  26              	.LFB63:
  27              		.file 1 "Sensoren.c"
   1:Sensoren.c    **** /* ========================================
   2:Sensoren.c    ****  *
   3:Sensoren.c    ****  * Copyright YOUR COMPANY, THE YEAR
   4:Sensoren.c    ****  * All Rights Reserved
   5:Sensoren.c    ****  * UNPUBLISHED, LICENSED SOFTWARE.
   6:Sensoren.c    ****  *
   7:Sensoren.c    ****  * CONFIDENTIAL AND PROPRIETARY INFORMATION
   8:Sensoren.c    ****  * WHICH IS THE PROPERTY OF your company.
   9:Sensoren.c    ****  *
  10:Sensoren.c    ****  * ========================================
  11:Sensoren.c    **** */
  12:Sensoren.c    **** #include "projectMain.h"
  13:Sensoren.c    **** #include "project.h"
  14:Sensoren.c    **** 
  15:Sensoren.c    **** //Interupt "end of conversion" van SAR_ADC 
  16:Sensoren.c    **** CY_ISR(IRSensoren)
  17:Sensoren.c    **** {
  28              		.loc 1 17 0
  29              		.cfi_startproc
  30              		@ args = 0, pretend = 0, frame = 0
  31              		@ frame_needed = 0, uses_anonymous_args = 0
  32 0000 10B5     		push	{r4, lr}
  33              		.cfi_def_cfa_offset 8
  34              		.cfi_offset 4, -8
  35              		.cfi_offset 14, -4
  18:Sensoren.c    **** 	//uint8 tmpWaarden = IRWaarden;
  19:Sensoren.c    **** 	IRWaarden = 0;
  36              		.loc 1 19 0
  37 0002 0024     		movs	r4, #0
  38 0004 0B4B     		ldr	r3, .L6
ARM GAS  C:\Users\BASILE~1.BER\AppData\Local\Temp\ccxfLYtz.s 			page 2


  39 0006 1C70     		strb	r4, [r3]
  40              	.LVL0:
  41              	.LBB2:
  20:Sensoren.c    ****     for(int i = 0; i < 8; i++)
  42              		.loc 1 20 0
  43 0008 10E0     		b	.L2
  44              	.LVL1:
  45              	.L4:
  21:Sensoren.c    ****     {
  22:Sensoren.c    **** 	    if (ADC_IR_GetResult16(i) > IRDrempel)
  46              		.loc 1 22 0
  47 000a A0B2     		uxth	r0, r4
  48 000c FFF7FEFF 		bl	ADC_IR_GetResult16
  49              	.LVL2:
  50 0010 094B     		ldr	r3, .L6+4
  51 0012 1B78     		ldrb	r3, [r3]	@ zero_extendqisi2
  52 0014 9842     		cmp	r0, r3
  53 0016 08DD     		ble	.L3
  54              	.LBB3:
  23:Sensoren.c    **** 	    {
  24:Sensoren.c    **** 	        uint8 tmpWaarde = exponent(2,i); 
  55              		.loc 1 24 0
  56 0018 2146     		mov	r1, r4
  57 001a 0220     		movs	r0, #2
  58 001c FFF7FEFF 		bl	exponent
  59              	.LVL3:
  60 0020 C0B2     		uxtb	r0, r0
  61              	.LVL4:
  25:Sensoren.c    **** 	        IRWaarden = IRWaarden | tmpWaarde;
  62              		.loc 1 25 0
  63 0022 044A     		ldr	r2, .L6
  64 0024 1378     		ldrb	r3, [r2]	@ zero_extendqisi2
  65 0026 1843     		orrs	r0, r0, r3
  66              	.LVL5:
  67 0028 1070     		strb	r0, [r2]
  68              	.L3:
  69              	.LBE3:
  20:Sensoren.c    ****     {
  70              		.loc 1 20 0 discriminator 2
  71 002a 0134     		adds	r4, r4, #1
  72              	.LVL6:
  73              	.L2:
  20:Sensoren.c    ****     {
  74              		.loc 1 20 0 is_stmt 0 discriminator 1
  75 002c 072C     		cmp	r4, #7
  76 002e ECDD     		ble	.L4
  77              	.LBE2:
  26:Sensoren.c    **** 	    }   
  27:Sensoren.c    ****     }
  28:Sensoren.c    ****     //IRWaarden =~IRWaarden;
  29:Sensoren.c    **** }
  78              		.loc 1 29 0 is_stmt 1
  79 0030 10BD     		pop	{r4, pc}
  80              	.LVL7:
  81              	.L7:
  82 0032 00BF     		.align	2
  83              	.L6:
ARM GAS  C:\Users\BASILE~1.BER\AppData\Local\Temp\ccxfLYtz.s 			page 3


  84 0034 00000000 		.word	IRWaarden
  85 0038 00000000 		.word	IRDrempel
  86              		.cfi_endproc
  87              	.LFE63:
  88              		.size	IRSensoren, .-IRSensoren
  89              		.section	.text.readUSValue,"ax",%progbits
  90              		.align	2
  91              		.global	readUSValue
  92              		.thumb
  93              		.thumb_func
  94              		.type	readUSValue, %function
  95              	readUSValue:
  96              	.LFB64:
  30:Sensoren.c    **** 
  31:Sensoren.c    **** uint16 readUSValue(void)
  32:Sensoren.c    **** {
  97              		.loc 1 32 0
  98              		.cfi_startproc
  99              		@ args = 0, pretend = 0, frame = 0
 100              		@ frame_needed = 0, uses_anonymous_args = 0
 101 0000 08B5     		push	{r3, lr}
 102              		.cfi_def_cfa_offset 8
 103              		.cfi_offset 3, -8
 104              		.cfi_offset 14, -4
  33:Sensoren.c    **** 	while(statusEcho_Read() == 0)
 105              		.loc 1 33 0
 106 0002 08E0     		b	.L9
 107              	.L10:
  34:Sensoren.c    **** 		{
  35:Sensoren.c    **** 			TriggerReg_Write(1);
 108              		.loc 1 35 0
 109 0004 0120     		movs	r0, #1
 110 0006 FFF7FEFF 		bl	TriggerReg_Write
 111              	.LVL8:
  36:Sensoren.c    **** 			CyDelayUs(10);
 112              		.loc 1 36 0
 113 000a 0A20     		movs	r0, #10
 114 000c FFF7FEFF 		bl	CyDelayUs
 115              	.LVL9:
  37:Sensoren.c    **** 			TriggerReg_Write(0);
 116              		.loc 1 37 0
 117 0010 0020     		movs	r0, #0
 118 0012 FFF7FEFF 		bl	TriggerReg_Write
 119              	.LVL10:
 120              	.L9:
  33:Sensoren.c    **** 		{
 121              		.loc 1 33 0
 122 0016 FFF7FEFF 		bl	statusEcho_Read
 123              	.LVL11:
 124 001a 0028     		cmp	r0, #0
 125 001c F2D0     		beq	.L10
 126              	.L11:
  38:Sensoren.c    **** 		}
  39:Sensoren.c    **** 	while(statusEcho_Read() == 1){}
 127              		.loc 1 39 0 discriminator 1
 128 001e FFF7FEFF 		bl	statusEcho_Read
 129              	.LVL12:
ARM GAS  C:\Users\BASILE~1.BER\AppData\Local\Temp\ccxfLYtz.s 			page 4


 130 0022 0128     		cmp	r0, #1
 131 0024 FBD0     		beq	.L11
  40:Sensoren.c    **** 	return TimerUS_ReadCounter();
 132              		.loc 1 40 0
 133 0026 FFF7FEFF 		bl	TimerUS_ReadCounter
 134              	.LVL13:
  41:Sensoren.c    **** }
 135              		.loc 1 41 0
 136 002a 08BD     		pop	{r3, pc}
 137              		.cfi_endproc
 138              	.LFE64:
 139              		.size	readUSValue, .-readUSValue
 140              		.section	.text.schuifRegister,"ax",%progbits
 141              		.align	2
 142              		.global	schuifRegister
 143              		.thumb
 144              		.thumb_func
 145              		.type	schuifRegister, %function
 146              	schuifRegister:
 147              	.LFB65:
  42:Sensoren.c    **** 
  43:Sensoren.c    **** void schuifRegister(uint16 array[], uint16 newValue)
  44:Sensoren.c    **** {
 148              		.loc 1 44 0
 149              		.cfi_startproc
 150              		@ args = 0, pretend = 0, frame = 0
 151              		@ frame_needed = 0, uses_anonymous_args = 0
 152              		@ link register save eliminated.
 153              	.LVL14:
 154 0000 10B4     		push	{r4}
 155              		.cfi_def_cfa_offset 4
 156              		.cfi_offset 4, -4
 157              	.LVL15:
 158              	.LBB4:
  45:Sensoren.c    **** 	for(int i = 3; i >= 0; i--)
 159              		.loc 1 45 0
 160 0002 0323     		movs	r3, #3
 161 0004 06E0     		b	.L14
 162              	.LVL16:
 163              	.L15:
 164              	.LBB5:
  46:Sensoren.c    **** 	{
  47:Sensoren.c    **** 		uint16 tmpvalue = avgUS1[i];
 165              		.loc 1 47 0 discriminator 3
 166 0006 064A     		ldr	r2, .L17
 167 0008 32F81340 		ldrh	r4, [r2, r3, lsl #1]
 168              	.LVL17:
  48:Sensoren.c    **** 		array[i + 1] = tmpvalue;
 169              		.loc 1 48 0 discriminator 3
 170 000c 5A1C     		adds	r2, r3, #1
 171 000e 20F81240 		strh	r4, [r0, r2, lsl #1]	@ movhi
 172              	.LBE5:
  45:Sensoren.c    **** 	for(int i = 3; i >= 0; i--)
 173              		.loc 1 45 0 discriminator 3
 174 0012 013B     		subs	r3, r3, #1
 175              	.LVL18:
 176              	.L14:
ARM GAS  C:\Users\BASILE~1.BER\AppData\Local\Temp\ccxfLYtz.s 			page 5


  45:Sensoren.c    **** 	for(int i = 3; i >= 0; i--)
 177              		.loc 1 45 0 is_stmt 0 discriminator 1
 178 0014 002B     		cmp	r3, #0
 179 0016 F6DA     		bge	.L15
 180              	.LBE4:
  49:Sensoren.c    **** 	}
  50:Sensoren.c    **** 	array[0] = newValue;
 181              		.loc 1 50 0 is_stmt 1
 182 0018 0180     		strh	r1, [r0]	@ movhi
  51:Sensoren.c    **** }
 183              		.loc 1 51 0
 184 001a 10BC     		pop	{r4}
 185              		.cfi_restore 4
 186              		.cfi_def_cfa_offset 0
 187 001c 7047     		bx	lr
 188              	.L18:
 189 001e 00BF     		.align	2
 190              	.L17:
 191 0020 00000000 		.word	avgUS1
 192              		.cfi_endproc
 193              	.LFE65:
 194              		.size	schuifRegister, .-schuifRegister
 195              		.section	.text.berekenMediaan,"ax",%progbits
 196              		.align	2
 197              		.global	berekenMediaan
 198              		.thumb
 199              		.thumb_func
 200              		.type	berekenMediaan, %function
 201              	berekenMediaan:
 202              	.LFB66:
  52:Sensoren.c    **** 
  53:Sensoren.c    **** void berekenMediaan(uint16 array[]) 
  54:Sensoren.c    **** { 
 203              		.loc 1 54 0
 204              		.cfi_startproc
 205              		@ args = 0, pretend = 0, frame = 16
 206              		@ frame_needed = 0, uses_anonymous_args = 0
 207              		@ link register save eliminated.
 208              	.LVL19:
 209 0000 10B4     		push	{r4}
 210              		.cfi_def_cfa_offset 4
 211              		.cfi_offset 4, -4
 212 0002 85B0     		sub	sp, sp, #20
 213              		.cfi_def_cfa_offset 24
 214 0004 0446     		mov	r4, r0
  55:Sensoren.c    **** 	//uint16 tmp = 0;
  56:Sensoren.c    **** 	uint16 tmpArray[] = {UINT16_MAX,UINT16_MAX,UINT16_MAX,UINT16_MAX,UINT16_MAX};
 215              		.loc 1 56 0
 216 0006 134A     		ldr	r2, .L26
 217 0008 01AB     		add	r3, sp, #4
 218 000a 1068     		ldr	r0, [r2]	@ unaligned
 219              	.LVL20:
 220 000c 5168     		ldr	r1, [r2, #4]	@ unaligned
 221 000e 03C3     		stmia	r3!, {r0, r1}
 222 0010 1289     		ldrh	r2, [r2, #8]	@ unaligned
 223 0012 1A80     		strh	r2, [r3]	@ unaligned
 224              	.LVL21:
ARM GAS  C:\Users\BASILE~1.BER\AppData\Local\Temp\ccxfLYtz.s 			page 6


 225              	.LBB6:
  57:Sensoren.c    **** 	for(int i = 0; i < 5; i++)
 226              		.loc 1 57 0
 227 0014 0021     		movs	r1, #0
 228 0016 13E0     		b	.L20
 229              	.LVL22:
 230              	.L22:
 231              	.LBB7:
  58:Sensoren.c    **** 	{
  59:Sensoren.c    **** 		for(int j = 0; j < 5; j++) 
  60:Sensoren.c    **** 		{
  61:Sensoren.c    **** 			if (array[j] < tmpArray[i]) tmpArray[i] = array[j];
 232              		.loc 1 61 0
 233 0018 34F81320 		ldrh	r2, [r4, r3, lsl #1]
 234 001c 04A8     		add	r0, sp, #16
 235 001e 00EB4100 		add	r0, r0, r1, lsl #1
 236 0022 30F80C0C 		ldrh	r0, [r0, #-12]
 237 0026 8242     		cmp	r2, r0
 238 0028 04D2     		bcs	.L21
 239              		.loc 1 61 0 is_stmt 0 discriminator 1
 240 002a 04A8     		add	r0, sp, #16
 241 002c 00EB4100 		add	r0, r0, r1, lsl #1
 242 0030 20F80C2C 		strh	r2, [r0, #-12]	@ movhi
 243              	.L21:
  59:Sensoren.c    **** 		{
 244              		.loc 1 59 0 is_stmt 1 discriminator 2
 245 0034 0133     		adds	r3, r3, #1
 246              	.LVL23:
 247 0036 00E0     		b	.L23
 248              	.LVL24:
 249              	.L24:
 250              	.LBE7:
 251 0038 0023     		movs	r3, #0
 252              	.L23:
 253              	.LVL25:
 254              	.LBB8:
  59:Sensoren.c    **** 		{
 255              		.loc 1 59 0 is_stmt 0 discriminator 1
 256 003a 042B     		cmp	r3, #4
 257 003c ECDD     		ble	.L22
 258              	.LBE8:
  57:Sensoren.c    **** 	for(int i = 0; i < 5; i++)
 259              		.loc 1 57 0 is_stmt 1 discriminator 2
 260 003e 0131     		adds	r1, r1, #1
 261              	.LVL26:
 262              	.L20:
  57:Sensoren.c    **** 	for(int i = 0; i < 5; i++)
 263              		.loc 1 57 0 is_stmt 0 discriminator 1
 264 0040 0429     		cmp	r1, #4
 265 0042 F9DD     		ble	.L24
 266              	.LBE6:
  62:Sensoren.c    **** 		}
  63:Sensoren.c    **** 	}
  64:Sensoren.c    **** 	mediaan = tmpArray[3];
 267              		.loc 1 64 0 is_stmt 1
 268 0044 BDF80A20 		ldrh	r2, [sp, #10]
 269 0048 034B     		ldr	r3, .L26+4
ARM GAS  C:\Users\BASILE~1.BER\AppData\Local\Temp\ccxfLYtz.s 			page 7


 270 004a 1A80     		strh	r2, [r3]	@ movhi
  65:Sensoren.c    **** }  
 271              		.loc 1 65 0
 272 004c 05B0     		add	sp, sp, #20
 273              		.cfi_def_cfa_offset 4
 274              		@ sp needed
 275 004e 10BC     		pop	{r4}
 276              		.cfi_restore 4
 277              		.cfi_def_cfa_offset 0
 278              	.LVL27:
 279 0050 7047     		bx	lr
 280              	.L27:
 281 0052 00BF     		.align	2
 282              	.L26:
 283 0054 00000000 		.word	.LANCHOR0
 284 0058 00000000 		.word	mediaan
 285              		.cfi_endproc
 286              	.LFE66:
 287              		.size	berekenMediaan, .-berekenMediaan
 288              		.comm	boolSelect,1,1
 289              		.comm	avgUS3,10,4
 290              		.comm	avgUS2,10,4
 291              		.comm	avgUS1,10,4
 292              		.comm	selectUS,1,1
 293              		.comm	mediaan,2,2
 294              		.comm	TestGetal,1,1
 295              		.comm	IRDrempel,1,1
 296              		.comm	IRWaarden,1,1
 297              		.comm	pwmMotorRechts,1,1
 298              		.comm	pwmMotorLinks,1,1
 299              		.section	.rodata
 300              		.align	2
 301              		.set	.LANCHOR0,. + 0
 302              	.LC0:
 303 0000 FFFF     		.short	-1
 304 0002 FFFF     		.short	-1
 305 0004 FFFF     		.short	-1
 306 0006 FFFF     		.short	-1
 307 0008 FFFF     		.short	-1
 308              		.text
 309              	.Letext0:
 310              		.file 2 "c:\\program files (x86)\\cypress\\psoc creator\\4.1\\psoc creator\\import\\gnu\\arm\\5.4.
 311              		.file 3 "c:\\program files (x86)\\cypress\\psoc creator\\4.1\\psoc creator\\import\\gnu\\arm\\5.4.
 312              		.file 4 "Generated_Source\\PSoC5/cytypes.h"
 313              		.file 5 "projectMain.h"
 314              		.file 6 "Generated_Source\\PSoC5/core_cm3.h"
 315              		.file 7 "Generated_Source\\PSoC5/ADC_IR.h"
 316              		.file 8 "Generated_Source\\PSoC5/TriggerReg.h"
 317              		.file 9 "Generated_Source\\PSoC5/CyLib.h"
 318              		.file 10 "Generated_Source\\PSoC5/statusEcho.h"
 319              		.file 11 "Generated_Source\\PSoC5/TimerUS.h"
 320              		.section	.debug_info,"",%progbits
 321              	.Ldebug_info0:
 322 0000 77030000 		.4byte	0x377
 323 0004 0400     		.2byte	0x4
 324 0006 00000000 		.4byte	.Ldebug_abbrev0
 325 000a 04       		.byte	0x4
ARM GAS  C:\Users\BASILE~1.BER\AppData\Local\Temp\ccxfLYtz.s 			page 8


 326 000b 01       		.uleb128 0x1
 327 000c 85000000 		.4byte	.LASF44
 328 0010 0C       		.byte	0xc
 329 0011 78020000 		.4byte	.LASF45
 330 0015 97020000 		.4byte	.LASF46
 331 0019 18000000 		.4byte	.Ldebug_ranges0+0x18
 332 001d 00000000 		.4byte	0
 333 0021 00000000 		.4byte	.Ldebug_line0
 334 0025 02       		.uleb128 0x2
 335 0026 01       		.byte	0x1
 336 0027 06       		.byte	0x6
 337 0028 E2010000 		.4byte	.LASF0
 338 002c 02       		.uleb128 0x2
 339 002d 01       		.byte	0x1
 340 002e 08       		.byte	0x8
 341 002f 77000000 		.4byte	.LASF1
 342 0033 02       		.uleb128 0x2
 343 0034 02       		.byte	0x2
 344 0035 05       		.byte	0x5
 345 0036 77010000 		.4byte	.LASF2
 346 003a 02       		.uleb128 0x2
 347 003b 02       		.byte	0x2
 348 003c 07       		.byte	0x7
 349 003d 39010000 		.4byte	.LASF3
 350 0041 03       		.uleb128 0x3
 351 0042 0F000000 		.4byte	.LASF9
 352 0046 02       		.byte	0x2
 353 0047 3F       		.byte	0x3f
 354 0048 4C000000 		.4byte	0x4c
 355 004c 02       		.uleb128 0x2
 356 004d 04       		.byte	0x4
 357 004e 05       		.byte	0x5
 358 004f 59020000 		.4byte	.LASF4
 359 0053 02       		.uleb128 0x2
 360 0054 04       		.byte	0x4
 361 0055 07       		.byte	0x7
 362 0056 27010000 		.4byte	.LASF5
 363 005a 02       		.uleb128 0x2
 364 005b 08       		.byte	0x8
 365 005c 05       		.byte	0x5
 366 005d 24020000 		.4byte	.LASF6
 367 0061 02       		.uleb128 0x2
 368 0062 08       		.byte	0x8
 369 0063 07       		.byte	0x7
 370 0064 C1010000 		.4byte	.LASF7
 371 0068 04       		.uleb128 0x4
 372 0069 04       		.byte	0x4
 373 006a 05       		.byte	0x5
 374 006b 696E7400 		.ascii	"int\000"
 375 006f 02       		.uleb128 0x2
 376 0070 04       		.byte	0x4
 377 0071 07       		.byte	0x7
 378 0072 B4010000 		.4byte	.LASF8
 379 0076 03       		.uleb128 0x3
 380 0077 02020000 		.4byte	.LASF10
 381 007b 03       		.byte	0x3
 382 007c 2C       		.byte	0x2c
ARM GAS  C:\Users\BASILE~1.BER\AppData\Local\Temp\ccxfLYtz.s 			page 9


 383 007d 41000000 		.4byte	0x41
 384 0081 05       		.uleb128 0x5
 385 0082 53020000 		.4byte	.LASF11
 386 0086 04       		.byte	0x4
 387 0087 9201     		.2byte	0x192
 388 0089 2C000000 		.4byte	0x2c
 389 008d 05       		.uleb128 0x5
 390 008e 70010000 		.4byte	.LASF12
 391 0092 04       		.byte	0x4
 392 0093 9301     		.2byte	0x193
 393 0095 3A000000 		.4byte	0x3a
 394 0099 02       		.uleb128 0x2
 395 009a 04       		.byte	0x4
 396 009b 04       		.byte	0x4
 397 009c 71000000 		.4byte	.LASF13
 398 00a0 02       		.uleb128 0x2
 399 00a1 08       		.byte	0x8
 400 00a2 04       		.byte	0x4
 401 00a3 69010000 		.4byte	.LASF14
 402 00a7 02       		.uleb128 0x2
 403 00a8 01       		.byte	0x1
 404 00a9 08       		.byte	0x8
 405 00aa 32020000 		.4byte	.LASF15
 406 00ae 02       		.uleb128 0x2
 407 00af 08       		.byte	0x8
 408 00b0 04       		.byte	0x4
 409 00b1 62020000 		.4byte	.LASF16
 410 00b5 02       		.uleb128 0x2
 411 00b6 04       		.byte	0x4
 412 00b7 07       		.byte	0x7
 413 00b8 0A020000 		.4byte	.LASF17
 414 00bc 06       		.uleb128 0x6
 415 00bd 13010000 		.4byte	.LASF19
 416 00c1 01       		.byte	0x1
 417 00c2 10       		.byte	0x10
 418 00c3 00000000 		.4byte	.LFB63
 419 00c7 3C000000 		.4byte	.LFE63-.LFB63
 420 00cb 01       		.uleb128 0x1
 421 00cc 9C       		.byte	0x9c
 422 00cd 2B010000 		.4byte	0x12b
 423 00d1 07       		.uleb128 0x7
 424 00d2 08000000 		.4byte	.LBB2
 425 00d6 28000000 		.4byte	.LBE2-.LBB2
 426 00da 08       		.uleb128 0x8
 427 00db 6900     		.ascii	"i\000"
 428 00dd 01       		.byte	0x1
 429 00de 14       		.byte	0x14
 430 00df 68000000 		.4byte	0x68
 431 00e3 00000000 		.4byte	.LLST0
 432 00e7 09       		.uleb128 0x9
 433 00e8 18000000 		.4byte	.LBB3
 434 00ec 12000000 		.4byte	.LBE3-.LBB3
 435 00f0 19010000 		.4byte	0x119
 436 00f4 0A       		.uleb128 0xa
 437 00f5 37020000 		.4byte	.LASF18
 438 00f9 01       		.byte	0x1
 439 00fa 18       		.byte	0x18
ARM GAS  C:\Users\BASILE~1.BER\AppData\Local\Temp\ccxfLYtz.s 			page 10


 440 00fb 81000000 		.4byte	0x81
 441 00ff 1F000000 		.4byte	.LLST1
 442 0103 0B       		.uleb128 0xb
 443 0104 20000000 		.4byte	.LVL3
 444 0108 38030000 		.4byte	0x338
 445 010c 0C       		.uleb128 0xc
 446 010d 01       		.uleb128 0x1
 447 010e 50       		.byte	0x50
 448 010f 01       		.uleb128 0x1
 449 0110 32       		.byte	0x32
 450 0111 0C       		.uleb128 0xc
 451 0112 01       		.uleb128 0x1
 452 0113 51       		.byte	0x51
 453 0114 02       		.uleb128 0x2
 454 0115 74       		.byte	0x74
 455 0116 00       		.sleb128 0
 456 0117 00       		.byte	0
 457 0118 00       		.byte	0
 458 0119 0B       		.uleb128 0xb
 459 011a 10000000 		.4byte	.LVL2
 460 011e 43030000 		.4byte	0x343
 461 0122 0C       		.uleb128 0xc
 462 0123 01       		.uleb128 0x1
 463 0124 50       		.byte	0x50
 464 0125 02       		.uleb128 0x2
 465 0126 74       		.byte	0x74
 466 0127 00       		.sleb128 0
 467 0128 00       		.byte	0
 468 0129 00       		.byte	0
 469 012a 00       		.byte	0
 470 012b 0D       		.uleb128 0xd
 471 012c 21000000 		.4byte	.LASF47
 472 0130 01       		.byte	0x1
 473 0131 1F       		.byte	0x1f
 474 0132 8D000000 		.4byte	0x8d
 475 0136 00000000 		.4byte	.LFB64
 476 013a 2C000000 		.4byte	.LFE64-.LFB64
 477 013e 01       		.uleb128 0x1
 478 013f 9C       		.byte	0x9c
 479 0140 99010000 		.4byte	0x199
 480 0144 0E       		.uleb128 0xe
 481 0145 0A000000 		.4byte	.LVL8
 482 0149 4E030000 		.4byte	0x34e
 483 014d 57010000 		.4byte	0x157
 484 0151 0C       		.uleb128 0xc
 485 0152 01       		.uleb128 0x1
 486 0153 50       		.byte	0x50
 487 0154 01       		.uleb128 0x1
 488 0155 31       		.byte	0x31
 489 0156 00       		.byte	0
 490 0157 0E       		.uleb128 0xe
 491 0158 10000000 		.4byte	.LVL9
 492 015c 59030000 		.4byte	0x359
 493 0160 6A010000 		.4byte	0x16a
 494 0164 0C       		.uleb128 0xc
 495 0165 01       		.uleb128 0x1
 496 0166 50       		.byte	0x50
ARM GAS  C:\Users\BASILE~1.BER\AppData\Local\Temp\ccxfLYtz.s 			page 11


 497 0167 01       		.uleb128 0x1
 498 0168 3A       		.byte	0x3a
 499 0169 00       		.byte	0
 500 016a 0E       		.uleb128 0xe
 501 016b 16000000 		.4byte	.LVL10
 502 016f 4E030000 		.4byte	0x34e
 503 0173 7D010000 		.4byte	0x17d
 504 0177 0C       		.uleb128 0xc
 505 0178 01       		.uleb128 0x1
 506 0179 50       		.byte	0x50
 507 017a 01       		.uleb128 0x1
 508 017b 30       		.byte	0x30
 509 017c 00       		.byte	0
 510 017d 0F       		.uleb128 0xf
 511 017e 1A000000 		.4byte	.LVL11
 512 0182 64030000 		.4byte	0x364
 513 0186 0F       		.uleb128 0xf
 514 0187 22000000 		.4byte	.LVL12
 515 018b 64030000 		.4byte	0x364
 516 018f 0F       		.uleb128 0xf
 517 0190 2A000000 		.4byte	.LVL13
 518 0194 6F030000 		.4byte	0x36f
 519 0198 00       		.byte	0
 520 0199 06       		.uleb128 0x6
 521 019a 59000000 		.4byte	.LASF20
 522 019e 01       		.byte	0x1
 523 019f 2B       		.byte	0x2b
 524 01a0 00000000 		.4byte	.LFB65
 525 01a4 24000000 		.4byte	.LFE65-.LFB65
 526 01a8 01       		.uleb128 0x1
 527 01a9 9C       		.byte	0x9c
 528 01aa F9010000 		.4byte	0x1f9
 529 01ae 10       		.uleb128 0x10
 530 01af 4C010000 		.4byte	.LASF21
 531 01b3 01       		.byte	0x1
 532 01b4 2B       		.byte	0x2b
 533 01b5 F9010000 		.4byte	0x1f9
 534 01b9 01       		.uleb128 0x1
 535 01ba 50       		.byte	0x50
 536 01bb 10       		.uleb128 0x10
 537 01bc 4A020000 		.4byte	.LASF22
 538 01c0 01       		.byte	0x1
 539 01c1 2B       		.byte	0x2b
 540 01c2 8D000000 		.4byte	0x8d
 541 01c6 01       		.uleb128 0x1
 542 01c7 51       		.byte	0x51
 543 01c8 07       		.uleb128 0x7
 544 01c9 02000000 		.4byte	.LBB4
 545 01cd 16000000 		.4byte	.LBE4-.LBB4
 546 01d1 08       		.uleb128 0x8
 547 01d2 6900     		.ascii	"i\000"
 548 01d4 01       		.byte	0x1
 549 01d5 2D       		.byte	0x2d
 550 01d6 68000000 		.4byte	0x68
 551 01da 32000000 		.4byte	.LLST2
 552 01de 07       		.uleb128 0x7
 553 01df 06000000 		.4byte	.LBB5
ARM GAS  C:\Users\BASILE~1.BER\AppData\Local\Temp\ccxfLYtz.s 			page 12


 554 01e3 0C000000 		.4byte	.LBE5-.LBB5
 555 01e7 0A       		.uleb128 0xa
 556 01e8 8E020000 		.4byte	.LASF23
 557 01ec 01       		.byte	0x1
 558 01ed 2F       		.byte	0x2f
 559 01ee 8D000000 		.4byte	0x8d
 560 01f2 51000000 		.4byte	.LLST3
 561 01f6 00       		.byte	0
 562 01f7 00       		.byte	0
 563 01f8 00       		.byte	0
 564 01f9 11       		.uleb128 0x11
 565 01fa 04       		.byte	0x4
 566 01fb 8D000000 		.4byte	0x8d
 567 01ff 06       		.uleb128 0x6
 568 0200 00000000 		.4byte	.LASF24
 569 0204 01       		.byte	0x1
 570 0205 35       		.byte	0x35
 571 0206 00000000 		.4byte	.LFB66
 572 020a 5C000000 		.4byte	.LFE66-.LFB66
 573 020e 01       		.uleb128 0x1
 574 020f 9C       		.byte	0x9c
 575 0210 5C020000 		.4byte	0x25c
 576 0214 12       		.uleb128 0x12
 577 0215 4C010000 		.4byte	.LASF21
 578 0219 01       		.byte	0x1
 579 021a 35       		.byte	0x35
 580 021b F9010000 		.4byte	0x1f9
 581 021f 64000000 		.4byte	.LLST4
 582 0223 13       		.uleb128 0x13
 583 0224 1E010000 		.4byte	.LASF25
 584 0228 01       		.byte	0x1
 585 0229 38       		.byte	0x38
 586 022a 5C020000 		.4byte	0x25c
 587 022e 02       		.uleb128 0x2
 588 022f 91       		.byte	0x91
 589 0230 6C       		.sleb128 -20
 590 0231 07       		.uleb128 0x7
 591 0232 14000000 		.4byte	.LBB6
 592 0236 30000000 		.4byte	.LBE6-.LBB6
 593 023a 08       		.uleb128 0x8
 594 023b 6900     		.ascii	"i\000"
 595 023d 01       		.byte	0x1
 596 023e 39       		.byte	0x39
 597 023f 68000000 		.4byte	0x68
 598 0243 90000000 		.4byte	.LLST5
 599 0247 14       		.uleb128 0x14
 600 0248 00000000 		.4byte	.Ldebug_ranges0+0
 601 024c 08       		.uleb128 0x8
 602 024d 6A00     		.ascii	"j\000"
 603 024f 01       		.byte	0x1
 604 0250 3B       		.byte	0x3b
 605 0251 68000000 		.4byte	0x68
 606 0255 AF000000 		.4byte	.LLST6
 607 0259 00       		.byte	0
 608 025a 00       		.byte	0
 609 025b 00       		.byte	0
 610 025c 15       		.uleb128 0x15
ARM GAS  C:\Users\BASILE~1.BER\AppData\Local\Temp\ccxfLYtz.s 			page 13


 611 025d 8D000000 		.4byte	0x8d
 612 0261 6C020000 		.4byte	0x26c
 613 0265 16       		.uleb128 0x16
 614 0266 B5000000 		.4byte	0xb5
 615 026a 04       		.byte	0x4
 616 026b 00       		.byte	0
 617 026c 17       		.uleb128 0x17
 618 026d 4B000000 		.4byte	.LASF26
 619 0271 05       		.byte	0x5
 620 0272 18       		.byte	0x18
 621 0273 81000000 		.4byte	0x81
 622 0277 05       		.uleb128 0x5
 623 0278 03       		.byte	0x3
 624 0279 00000000 		.4byte	pwmMotorLinks
 625 027d 17       		.uleb128 0x17
 626 027e A5010000 		.4byte	.LASF27
 627 0282 05       		.byte	0x5
 628 0283 19       		.byte	0x19
 629 0284 81000000 		.4byte	0x81
 630 0288 05       		.uleb128 0x5
 631 0289 03       		.byte	0x3
 632 028a 00000000 		.4byte	pwmMotorRechts
 633 028e 17       		.uleb128 0x17
 634 028f D8010000 		.4byte	.LASF28
 635 0293 05       		.byte	0x5
 636 0294 22       		.byte	0x22
 637 0295 81000000 		.4byte	0x81
 638 0299 05       		.uleb128 0x5
 639 029a 03       		.byte	0x3
 640 029b 00000000 		.4byte	IRWaarden
 641 029f 17       		.uleb128 0x17
 642 02a0 5F010000 		.4byte	.LASF29
 643 02a4 05       		.byte	0x5
 644 02a5 23       		.byte	0x23
 645 02a6 81000000 		.4byte	0x81
 646 02aa 05       		.uleb128 0x5
 647 02ab 03       		.byte	0x3
 648 02ac 00000000 		.4byte	IRDrempel
 649 02b0 17       		.uleb128 0x17
 650 02b1 6E020000 		.4byte	.LASF30
 651 02b5 05       		.byte	0x5
 652 02b6 28       		.byte	0x28
 653 02b7 81000000 		.4byte	0x81
 654 02bb 05       		.uleb128 0x5
 655 02bc 03       		.byte	0x3
 656 02bd 00000000 		.4byte	TestGetal
 657 02c1 17       		.uleb128 0x17
 658 02c2 19000000 		.4byte	.LASF31
 659 02c6 05       		.byte	0x5
 660 02c7 2B       		.byte	0x2b
 661 02c8 8D000000 		.4byte	0x8d
 662 02cc 05       		.uleb128 0x5
 663 02cd 03       		.byte	0x3
 664 02ce 00000000 		.4byte	mediaan
 665 02d2 17       		.uleb128 0x17
 666 02d3 68000000 		.4byte	.LASF32
 667 02d7 05       		.byte	0x5
ARM GAS  C:\Users\BASILE~1.BER\AppData\Local\Temp\ccxfLYtz.s 			page 14


 668 02d8 2C       		.byte	0x2c
 669 02d9 81000000 		.4byte	0x81
 670 02dd 05       		.uleb128 0x5
 671 02de 03       		.byte	0x3
 672 02df 00000000 		.4byte	selectUS
 673 02e3 17       		.uleb128 0x17
 674 02e4 8B010000 		.4byte	.LASF33
 675 02e8 05       		.byte	0x5
 676 02e9 2E       		.byte	0x2e
 677 02ea 5C020000 		.4byte	0x25c
 678 02ee 05       		.uleb128 0x5
 679 02ef 03       		.byte	0x3
 680 02f0 00000000 		.4byte	avgUS1
 681 02f4 17       		.uleb128 0x17
 682 02f5 3D000000 		.4byte	.LASF34
 683 02f9 05       		.byte	0x5
 684 02fa 2F       		.byte	0x2f
 685 02fb 5C020000 		.4byte	0x25c
 686 02ff 05       		.uleb128 0x5
 687 0300 03       		.byte	0x3
 688 0301 00000000 		.4byte	avgUS2
 689 0305 17       		.uleb128 0x17
 690 0306 44000000 		.4byte	.LASF35
 691 030a 05       		.byte	0x5
 692 030b 30       		.byte	0x30
 693 030c 5C020000 		.4byte	0x25c
 694 0310 05       		.uleb128 0x5
 695 0311 03       		.byte	0x3
 696 0312 00000000 		.4byte	avgUS3
 697 0316 17       		.uleb128 0x17
 698 0317 83020000 		.4byte	.LASF36
 699 031b 05       		.byte	0x5
 700 031c 43       		.byte	0x43
 701 031d 81000000 		.4byte	0x81
 702 0321 05       		.uleb128 0x5
 703 0322 03       		.byte	0x3
 704 0323 00000000 		.4byte	boolSelect
 705 0327 18       		.uleb128 0x18
 706 0328 52010000 		.4byte	.LASF37
 707 032c 06       		.byte	0x6
 708 032d 1207     		.2byte	0x712
 709 032f 33030000 		.4byte	0x333
 710 0333 19       		.uleb128 0x19
 711 0334 76000000 		.4byte	0x76
 712 0338 1A       		.uleb128 0x1a
 713 0339 41020000 		.4byte	.LASF38
 714 033d 41020000 		.4byte	.LASF38
 715 0341 05       		.byte	0x5
 716 0342 3E       		.byte	0x3e
 717 0343 1A       		.uleb128 0x1a
 718 0344 92010000 		.4byte	.LASF39
 719 0348 92010000 		.4byte	.LASF39
 720 034c 07       		.byte	0x7
 721 034d 35       		.byte	0x35
 722 034e 1A       		.uleb128 0x1a
 723 034f 13020000 		.4byte	.LASF40
 724 0353 13020000 		.4byte	.LASF40
ARM GAS  C:\Users\BASILE~1.BER\AppData\Local\Temp\ccxfLYtz.s 			page 15


 725 0357 08       		.byte	0x8
 726 0358 2F       		.byte	0x2f
 727 0359 1A       		.uleb128 0x1a
 728 035a 81010000 		.4byte	.LASF41
 729 035e 81010000 		.4byte	.LASF41
 730 0362 09       		.byte	0x9
 731 0363 77       		.byte	0x77
 732 0364 1A       		.uleb128 0x1a
 733 0365 2D000000 		.4byte	.LASF42
 734 0369 2D000000 		.4byte	.LASF42
 735 036d 0A       		.byte	0xa
 736 036e 30       		.byte	0x30
 737 036f 1A       		.uleb128 0x1a
 738 0370 EE010000 		.4byte	.LASF43
 739 0374 EE010000 		.4byte	.LASF43
 740 0378 0B       		.byte	0xb
 741 0379 69       		.byte	0x69
 742 037a 00       		.byte	0
 743              		.section	.debug_abbrev,"",%progbits
 744              	.Ldebug_abbrev0:
 745 0000 01       		.uleb128 0x1
 746 0001 11       		.uleb128 0x11
 747 0002 01       		.byte	0x1
 748 0003 25       		.uleb128 0x25
 749 0004 0E       		.uleb128 0xe
 750 0005 13       		.uleb128 0x13
 751 0006 0B       		.uleb128 0xb
 752 0007 03       		.uleb128 0x3
 753 0008 0E       		.uleb128 0xe
 754 0009 1B       		.uleb128 0x1b
 755 000a 0E       		.uleb128 0xe
 756 000b 55       		.uleb128 0x55
 757 000c 17       		.uleb128 0x17
 758 000d 11       		.uleb128 0x11
 759 000e 01       		.uleb128 0x1
 760 000f 10       		.uleb128 0x10
 761 0010 17       		.uleb128 0x17
 762 0011 00       		.byte	0
 763 0012 00       		.byte	0
 764 0013 02       		.uleb128 0x2
 765 0014 24       		.uleb128 0x24
 766 0015 00       		.byte	0
 767 0016 0B       		.uleb128 0xb
 768 0017 0B       		.uleb128 0xb
 769 0018 3E       		.uleb128 0x3e
 770 0019 0B       		.uleb128 0xb
 771 001a 03       		.uleb128 0x3
 772 001b 0E       		.uleb128 0xe
 773 001c 00       		.byte	0
 774 001d 00       		.byte	0
 775 001e 03       		.uleb128 0x3
 776 001f 16       		.uleb128 0x16
 777 0020 00       		.byte	0
 778 0021 03       		.uleb128 0x3
 779 0022 0E       		.uleb128 0xe
 780 0023 3A       		.uleb128 0x3a
 781 0024 0B       		.uleb128 0xb
ARM GAS  C:\Users\BASILE~1.BER\AppData\Local\Temp\ccxfLYtz.s 			page 16


 782 0025 3B       		.uleb128 0x3b
 783 0026 0B       		.uleb128 0xb
 784 0027 49       		.uleb128 0x49
 785 0028 13       		.uleb128 0x13
 786 0029 00       		.byte	0
 787 002a 00       		.byte	0
 788 002b 04       		.uleb128 0x4
 789 002c 24       		.uleb128 0x24
 790 002d 00       		.byte	0
 791 002e 0B       		.uleb128 0xb
 792 002f 0B       		.uleb128 0xb
 793 0030 3E       		.uleb128 0x3e
 794 0031 0B       		.uleb128 0xb
 795 0032 03       		.uleb128 0x3
 796 0033 08       		.uleb128 0x8
 797 0034 00       		.byte	0
 798 0035 00       		.byte	0
 799 0036 05       		.uleb128 0x5
 800 0037 16       		.uleb128 0x16
 801 0038 00       		.byte	0
 802 0039 03       		.uleb128 0x3
 803 003a 0E       		.uleb128 0xe
 804 003b 3A       		.uleb128 0x3a
 805 003c 0B       		.uleb128 0xb
 806 003d 3B       		.uleb128 0x3b
 807 003e 05       		.uleb128 0x5
 808 003f 49       		.uleb128 0x49
 809 0040 13       		.uleb128 0x13
 810 0041 00       		.byte	0
 811 0042 00       		.byte	0
 812 0043 06       		.uleb128 0x6
 813 0044 2E       		.uleb128 0x2e
 814 0045 01       		.byte	0x1
 815 0046 3F       		.uleb128 0x3f
 816 0047 19       		.uleb128 0x19
 817 0048 03       		.uleb128 0x3
 818 0049 0E       		.uleb128 0xe
 819 004a 3A       		.uleb128 0x3a
 820 004b 0B       		.uleb128 0xb
 821 004c 3B       		.uleb128 0x3b
 822 004d 0B       		.uleb128 0xb
 823 004e 27       		.uleb128 0x27
 824 004f 19       		.uleb128 0x19
 825 0050 11       		.uleb128 0x11
 826 0051 01       		.uleb128 0x1
 827 0052 12       		.uleb128 0x12
 828 0053 06       		.uleb128 0x6
 829 0054 40       		.uleb128 0x40
 830 0055 18       		.uleb128 0x18
 831 0056 9742     		.uleb128 0x2117
 832 0058 19       		.uleb128 0x19
 833 0059 01       		.uleb128 0x1
 834 005a 13       		.uleb128 0x13
 835 005b 00       		.byte	0
 836 005c 00       		.byte	0
 837 005d 07       		.uleb128 0x7
 838 005e 0B       		.uleb128 0xb
ARM GAS  C:\Users\BASILE~1.BER\AppData\Local\Temp\ccxfLYtz.s 			page 17


 839 005f 01       		.byte	0x1
 840 0060 11       		.uleb128 0x11
 841 0061 01       		.uleb128 0x1
 842 0062 12       		.uleb128 0x12
 843 0063 06       		.uleb128 0x6
 844 0064 00       		.byte	0
 845 0065 00       		.byte	0
 846 0066 08       		.uleb128 0x8
 847 0067 34       		.uleb128 0x34
 848 0068 00       		.byte	0
 849 0069 03       		.uleb128 0x3
 850 006a 08       		.uleb128 0x8
 851 006b 3A       		.uleb128 0x3a
 852 006c 0B       		.uleb128 0xb
 853 006d 3B       		.uleb128 0x3b
 854 006e 0B       		.uleb128 0xb
 855 006f 49       		.uleb128 0x49
 856 0070 13       		.uleb128 0x13
 857 0071 02       		.uleb128 0x2
 858 0072 17       		.uleb128 0x17
 859 0073 00       		.byte	0
 860 0074 00       		.byte	0
 861 0075 09       		.uleb128 0x9
 862 0076 0B       		.uleb128 0xb
 863 0077 01       		.byte	0x1
 864 0078 11       		.uleb128 0x11
 865 0079 01       		.uleb128 0x1
 866 007a 12       		.uleb128 0x12
 867 007b 06       		.uleb128 0x6
 868 007c 01       		.uleb128 0x1
 869 007d 13       		.uleb128 0x13
 870 007e 00       		.byte	0
 871 007f 00       		.byte	0
 872 0080 0A       		.uleb128 0xa
 873 0081 34       		.uleb128 0x34
 874 0082 00       		.byte	0
 875 0083 03       		.uleb128 0x3
 876 0084 0E       		.uleb128 0xe
 877 0085 3A       		.uleb128 0x3a
 878 0086 0B       		.uleb128 0xb
 879 0087 3B       		.uleb128 0x3b
 880 0088 0B       		.uleb128 0xb
 881 0089 49       		.uleb128 0x49
 882 008a 13       		.uleb128 0x13
 883 008b 02       		.uleb128 0x2
 884 008c 17       		.uleb128 0x17
 885 008d 00       		.byte	0
 886 008e 00       		.byte	0
 887 008f 0B       		.uleb128 0xb
 888 0090 898201   		.uleb128 0x4109
 889 0093 01       		.byte	0x1
 890 0094 11       		.uleb128 0x11
 891 0095 01       		.uleb128 0x1
 892 0096 31       		.uleb128 0x31
 893 0097 13       		.uleb128 0x13
 894 0098 00       		.byte	0
 895 0099 00       		.byte	0
ARM GAS  C:\Users\BASILE~1.BER\AppData\Local\Temp\ccxfLYtz.s 			page 18


 896 009a 0C       		.uleb128 0xc
 897 009b 8A8201   		.uleb128 0x410a
 898 009e 00       		.byte	0
 899 009f 02       		.uleb128 0x2
 900 00a0 18       		.uleb128 0x18
 901 00a1 9142     		.uleb128 0x2111
 902 00a3 18       		.uleb128 0x18
 903 00a4 00       		.byte	0
 904 00a5 00       		.byte	0
 905 00a6 0D       		.uleb128 0xd
 906 00a7 2E       		.uleb128 0x2e
 907 00a8 01       		.byte	0x1
 908 00a9 3F       		.uleb128 0x3f
 909 00aa 19       		.uleb128 0x19
 910 00ab 03       		.uleb128 0x3
 911 00ac 0E       		.uleb128 0xe
 912 00ad 3A       		.uleb128 0x3a
 913 00ae 0B       		.uleb128 0xb
 914 00af 3B       		.uleb128 0x3b
 915 00b0 0B       		.uleb128 0xb
 916 00b1 27       		.uleb128 0x27
 917 00b2 19       		.uleb128 0x19
 918 00b3 49       		.uleb128 0x49
 919 00b4 13       		.uleb128 0x13
 920 00b5 11       		.uleb128 0x11
 921 00b6 01       		.uleb128 0x1
 922 00b7 12       		.uleb128 0x12
 923 00b8 06       		.uleb128 0x6
 924 00b9 40       		.uleb128 0x40
 925 00ba 18       		.uleb128 0x18
 926 00bb 9742     		.uleb128 0x2117
 927 00bd 19       		.uleb128 0x19
 928 00be 01       		.uleb128 0x1
 929 00bf 13       		.uleb128 0x13
 930 00c0 00       		.byte	0
 931 00c1 00       		.byte	0
 932 00c2 0E       		.uleb128 0xe
 933 00c3 898201   		.uleb128 0x4109
 934 00c6 01       		.byte	0x1
 935 00c7 11       		.uleb128 0x11
 936 00c8 01       		.uleb128 0x1
 937 00c9 31       		.uleb128 0x31
 938 00ca 13       		.uleb128 0x13
 939 00cb 01       		.uleb128 0x1
 940 00cc 13       		.uleb128 0x13
 941 00cd 00       		.byte	0
 942 00ce 00       		.byte	0
 943 00cf 0F       		.uleb128 0xf
 944 00d0 898201   		.uleb128 0x4109
 945 00d3 00       		.byte	0
 946 00d4 11       		.uleb128 0x11
 947 00d5 01       		.uleb128 0x1
 948 00d6 31       		.uleb128 0x31
 949 00d7 13       		.uleb128 0x13
 950 00d8 00       		.byte	0
 951 00d9 00       		.byte	0
 952 00da 10       		.uleb128 0x10
ARM GAS  C:\Users\BASILE~1.BER\AppData\Local\Temp\ccxfLYtz.s 			page 19


 953 00db 05       		.uleb128 0x5
 954 00dc 00       		.byte	0
 955 00dd 03       		.uleb128 0x3
 956 00de 0E       		.uleb128 0xe
 957 00df 3A       		.uleb128 0x3a
 958 00e0 0B       		.uleb128 0xb
 959 00e1 3B       		.uleb128 0x3b
 960 00e2 0B       		.uleb128 0xb
 961 00e3 49       		.uleb128 0x49
 962 00e4 13       		.uleb128 0x13
 963 00e5 02       		.uleb128 0x2
 964 00e6 18       		.uleb128 0x18
 965 00e7 00       		.byte	0
 966 00e8 00       		.byte	0
 967 00e9 11       		.uleb128 0x11
 968 00ea 0F       		.uleb128 0xf
 969 00eb 00       		.byte	0
 970 00ec 0B       		.uleb128 0xb
 971 00ed 0B       		.uleb128 0xb
 972 00ee 49       		.uleb128 0x49
 973 00ef 13       		.uleb128 0x13
 974 00f0 00       		.byte	0
 975 00f1 00       		.byte	0
 976 00f2 12       		.uleb128 0x12
 977 00f3 05       		.uleb128 0x5
 978 00f4 00       		.byte	0
 979 00f5 03       		.uleb128 0x3
 980 00f6 0E       		.uleb128 0xe
 981 00f7 3A       		.uleb128 0x3a
 982 00f8 0B       		.uleb128 0xb
 983 00f9 3B       		.uleb128 0x3b
 984 00fa 0B       		.uleb128 0xb
 985 00fb 49       		.uleb128 0x49
 986 00fc 13       		.uleb128 0x13
 987 00fd 02       		.uleb128 0x2
 988 00fe 17       		.uleb128 0x17
 989 00ff 00       		.byte	0
 990 0100 00       		.byte	0
 991 0101 13       		.uleb128 0x13
 992 0102 34       		.uleb128 0x34
 993 0103 00       		.byte	0
 994 0104 03       		.uleb128 0x3
 995 0105 0E       		.uleb128 0xe
 996 0106 3A       		.uleb128 0x3a
 997 0107 0B       		.uleb128 0xb
 998 0108 3B       		.uleb128 0x3b
 999 0109 0B       		.uleb128 0xb
 1000 010a 49       		.uleb128 0x49
 1001 010b 13       		.uleb128 0x13
 1002 010c 02       		.uleb128 0x2
 1003 010d 18       		.uleb128 0x18
 1004 010e 00       		.byte	0
 1005 010f 00       		.byte	0
 1006 0110 14       		.uleb128 0x14
 1007 0111 0B       		.uleb128 0xb
 1008 0112 01       		.byte	0x1
 1009 0113 55       		.uleb128 0x55
ARM GAS  C:\Users\BASILE~1.BER\AppData\Local\Temp\ccxfLYtz.s 			page 20


 1010 0114 17       		.uleb128 0x17
 1011 0115 00       		.byte	0
 1012 0116 00       		.byte	0
 1013 0117 15       		.uleb128 0x15
 1014 0118 01       		.uleb128 0x1
 1015 0119 01       		.byte	0x1
 1016 011a 49       		.uleb128 0x49
 1017 011b 13       		.uleb128 0x13
 1018 011c 01       		.uleb128 0x1
 1019 011d 13       		.uleb128 0x13
 1020 011e 00       		.byte	0
 1021 011f 00       		.byte	0
 1022 0120 16       		.uleb128 0x16
 1023 0121 21       		.uleb128 0x21
 1024 0122 00       		.byte	0
 1025 0123 49       		.uleb128 0x49
 1026 0124 13       		.uleb128 0x13
 1027 0125 2F       		.uleb128 0x2f
 1028 0126 0B       		.uleb128 0xb
 1029 0127 00       		.byte	0
 1030 0128 00       		.byte	0
 1031 0129 17       		.uleb128 0x17
 1032 012a 34       		.uleb128 0x34
 1033 012b 00       		.byte	0
 1034 012c 03       		.uleb128 0x3
 1035 012d 0E       		.uleb128 0xe
 1036 012e 3A       		.uleb128 0x3a
 1037 012f 0B       		.uleb128 0xb
 1038 0130 3B       		.uleb128 0x3b
 1039 0131 0B       		.uleb128 0xb
 1040 0132 49       		.uleb128 0x49
 1041 0133 13       		.uleb128 0x13
 1042 0134 3F       		.uleb128 0x3f
 1043 0135 19       		.uleb128 0x19
 1044 0136 02       		.uleb128 0x2
 1045 0137 18       		.uleb128 0x18
 1046 0138 00       		.byte	0
 1047 0139 00       		.byte	0
 1048 013a 18       		.uleb128 0x18
 1049 013b 34       		.uleb128 0x34
 1050 013c 00       		.byte	0
 1051 013d 03       		.uleb128 0x3
 1052 013e 0E       		.uleb128 0xe
 1053 013f 3A       		.uleb128 0x3a
 1054 0140 0B       		.uleb128 0xb
 1055 0141 3B       		.uleb128 0x3b
 1056 0142 05       		.uleb128 0x5
 1057 0143 49       		.uleb128 0x49
 1058 0144 13       		.uleb128 0x13
 1059 0145 3F       		.uleb128 0x3f
 1060 0146 19       		.uleb128 0x19
 1061 0147 3C       		.uleb128 0x3c
 1062 0148 19       		.uleb128 0x19
 1063 0149 00       		.byte	0
 1064 014a 00       		.byte	0
 1065 014b 19       		.uleb128 0x19
 1066 014c 35       		.uleb128 0x35
ARM GAS  C:\Users\BASILE~1.BER\AppData\Local\Temp\ccxfLYtz.s 			page 21


 1067 014d 00       		.byte	0
 1068 014e 49       		.uleb128 0x49
 1069 014f 13       		.uleb128 0x13
 1070 0150 00       		.byte	0
 1071 0151 00       		.byte	0
 1072 0152 1A       		.uleb128 0x1a
 1073 0153 2E       		.uleb128 0x2e
 1074 0154 00       		.byte	0
 1075 0155 3F       		.uleb128 0x3f
 1076 0156 19       		.uleb128 0x19
 1077 0157 3C       		.uleb128 0x3c
 1078 0158 19       		.uleb128 0x19
 1079 0159 6E       		.uleb128 0x6e
 1080 015a 0E       		.uleb128 0xe
 1081 015b 03       		.uleb128 0x3
 1082 015c 0E       		.uleb128 0xe
 1083 015d 3A       		.uleb128 0x3a
 1084 015e 0B       		.uleb128 0xb
 1085 015f 3B       		.uleb128 0x3b
 1086 0160 0B       		.uleb128 0xb
 1087 0161 00       		.byte	0
 1088 0162 00       		.byte	0
 1089 0163 00       		.byte	0
 1090              		.section	.debug_loc,"",%progbits
 1091              	.Ldebug_loc0:
 1092              	.LLST0:
 1093 0000 08000000 		.4byte	.LVL0
 1094 0004 0A000000 		.4byte	.LVL1
 1095 0008 0200     		.2byte	0x2
 1096 000a 30       		.byte	0x30
 1097 000b 9F       		.byte	0x9f
 1098 000c 0A000000 		.4byte	.LVL1
 1099 0010 32000000 		.4byte	.LVL7
 1100 0014 0100     		.2byte	0x1
 1101 0016 54       		.byte	0x54
 1102 0017 00000000 		.4byte	0
 1103 001b 00000000 		.4byte	0
 1104              	.LLST1:
 1105 001f 22000000 		.4byte	.LVL4
 1106 0023 28000000 		.4byte	.LVL5
 1107 0027 0100     		.2byte	0x1
 1108 0029 50       		.byte	0x50
 1109 002a 00000000 		.4byte	0
 1110 002e 00000000 		.4byte	0
 1111              	.LLST2:
 1112 0032 02000000 		.4byte	.LVL15
 1113 0036 06000000 		.4byte	.LVL16
 1114 003a 0200     		.2byte	0x2
 1115 003c 33       		.byte	0x33
 1116 003d 9F       		.byte	0x9f
 1117 003e 06000000 		.4byte	.LVL16
 1118 0042 24000000 		.4byte	.LFE65
 1119 0046 0100     		.2byte	0x1
 1120 0048 53       		.byte	0x53
 1121 0049 00000000 		.4byte	0
 1122 004d 00000000 		.4byte	0
 1123              	.LLST3:
ARM GAS  C:\Users\BASILE~1.BER\AppData\Local\Temp\ccxfLYtz.s 			page 22


 1124 0051 0C000000 		.4byte	.LVL17
 1125 0055 14000000 		.4byte	.LVL18
 1126 0059 0100     		.2byte	0x1
 1127 005b 54       		.byte	0x54
 1128 005c 00000000 		.4byte	0
 1129 0060 00000000 		.4byte	0
 1130              	.LLST4:
 1131 0064 00000000 		.4byte	.LVL19
 1132 0068 0C000000 		.4byte	.LVL20
 1133 006c 0100     		.2byte	0x1
 1134 006e 50       		.byte	0x50
 1135 006f 0C000000 		.4byte	.LVL20
 1136 0073 50000000 		.4byte	.LVL27
 1137 0077 0100     		.2byte	0x1
 1138 0079 54       		.byte	0x54
 1139 007a 50000000 		.4byte	.LVL27
 1140 007e 5C000000 		.4byte	.LFE66
 1141 0082 0400     		.2byte	0x4
 1142 0084 F3       		.byte	0xf3
 1143 0085 01       		.uleb128 0x1
 1144 0086 50       		.byte	0x50
 1145 0087 9F       		.byte	0x9f
 1146 0088 00000000 		.4byte	0
 1147 008c 00000000 		.4byte	0
 1148              	.LLST5:
 1149 0090 14000000 		.4byte	.LVL21
 1150 0094 18000000 		.4byte	.LVL22
 1151 0098 0200     		.2byte	0x2
 1152 009a 30       		.byte	0x30
 1153 009b 9F       		.byte	0x9f
 1154 009c 18000000 		.4byte	.LVL22
 1155 00a0 5C000000 		.4byte	.LFE66
 1156 00a4 0100     		.2byte	0x1
 1157 00a6 51       		.byte	0x51
 1158 00a7 00000000 		.4byte	0
 1159 00ab 00000000 		.4byte	0
 1160              	.LLST6:
 1161 00af 18000000 		.4byte	.LVL22
 1162 00b3 38000000 		.4byte	.LVL24
 1163 00b7 0100     		.2byte	0x1
 1164 00b9 53       		.byte	0x53
 1165 00ba 3A000000 		.4byte	.LVL25
 1166 00be 40000000 		.4byte	.LVL26
 1167 00c2 0100     		.2byte	0x1
 1168 00c4 53       		.byte	0x53
 1169 00c5 00000000 		.4byte	0
 1170 00c9 00000000 		.4byte	0
 1171              		.section	.debug_aranges,"",%progbits
 1172 0000 34000000 		.4byte	0x34
 1173 0004 0200     		.2byte	0x2
 1174 0006 00000000 		.4byte	.Ldebug_info0
 1175 000a 04       		.byte	0x4
 1176 000b 00       		.byte	0
 1177 000c 0000     		.2byte	0
 1178 000e 0000     		.2byte	0
 1179 0010 00000000 		.4byte	.LFB63
 1180 0014 3C000000 		.4byte	.LFE63-.LFB63
ARM GAS  C:\Users\BASILE~1.BER\AppData\Local\Temp\ccxfLYtz.s 			page 23


 1181 0018 00000000 		.4byte	.LFB64
 1182 001c 2C000000 		.4byte	.LFE64-.LFB64
 1183 0020 00000000 		.4byte	.LFB65
 1184 0024 24000000 		.4byte	.LFE65-.LFB65
 1185 0028 00000000 		.4byte	.LFB66
 1186 002c 5C000000 		.4byte	.LFE66-.LFB66
 1187 0030 00000000 		.4byte	0
 1188 0034 00000000 		.4byte	0
 1189              		.section	.debug_ranges,"",%progbits
 1190              	.Ldebug_ranges0:
 1191 0000 18000000 		.4byte	.LBB7
 1192 0004 38000000 		.4byte	.LBE7
 1193 0008 3A000000 		.4byte	.LBB8
 1194 000c 3E000000 		.4byte	.LBE8
 1195 0010 00000000 		.4byte	0
 1196 0014 00000000 		.4byte	0
 1197 0018 00000000 		.4byte	.LFB63
 1198 001c 3C000000 		.4byte	.LFE63
 1199 0020 00000000 		.4byte	.LFB64
 1200 0024 2C000000 		.4byte	.LFE64
 1201 0028 00000000 		.4byte	.LFB65
 1202 002c 24000000 		.4byte	.LFE65
 1203 0030 00000000 		.4byte	.LFB66
 1204 0034 5C000000 		.4byte	.LFE66
 1205 0038 00000000 		.4byte	0
 1206 003c 00000000 		.4byte	0
 1207              		.section	.debug_line,"",%progbits
 1208              	.Ldebug_line0:
 1209 0000 44020000 		.section	.debug_str,"MS",%progbits,1
 1209      0200A501 
 1209      00000201 
 1209      FB0E0D00 
 1209      01010101 
 1210              	.LASF24:
 1211 0000 62657265 		.ascii	"berekenMediaan\000"
 1211      6B656E4D 
 1211      65646961 
 1211      616E00
 1212              	.LASF9:
 1213 000f 5F5F696E 		.ascii	"__int32_t\000"
 1213      7433325F 
 1213      7400
 1214              	.LASF31:
 1215 0019 6D656469 		.ascii	"mediaan\000"
 1215      61616E00 
 1216              	.LASF47:
 1217 0021 72656164 		.ascii	"readUSValue\000"
 1217      55535661 
 1217      6C756500 
 1218              	.LASF42:
 1219 002d 73746174 		.ascii	"statusEcho_Read\000"
 1219      75734563 
 1219      686F5F52 
 1219      65616400 
 1220              	.LASF34:
 1221 003d 61766755 		.ascii	"avgUS2\000"
 1221      533200
ARM GAS  C:\Users\BASILE~1.BER\AppData\Local\Temp\ccxfLYtz.s 			page 24


 1222              	.LASF35:
 1223 0044 61766755 		.ascii	"avgUS3\000"
 1223      533300
 1224              	.LASF26:
 1225 004b 70776D4D 		.ascii	"pwmMotorLinks\000"
 1225      6F746F72 
 1225      4C696E6B 
 1225      7300
 1226              	.LASF20:
 1227 0059 73636875 		.ascii	"schuifRegister\000"
 1227      69665265 
 1227      67697374 
 1227      657200
 1228              	.LASF32:
 1229 0068 73656C65 		.ascii	"selectUS\000"
 1229      63745553 
 1229      00
 1230              	.LASF13:
 1231 0071 666C6F61 		.ascii	"float\000"
 1231      7400
 1232              	.LASF1:
 1233 0077 756E7369 		.ascii	"unsigned char\000"
 1233      676E6564 
 1233      20636861 
 1233      7200
 1234              	.LASF44:
 1235 0085 474E5520 		.ascii	"GNU C11 5.4.1 20160609 (release) [ARM/embedded-5-br"
 1235      43313120 
 1235      352E342E 
 1235      31203230 
 1235      31363036 
 1236 00b8 616E6368 		.ascii	"anch revision 237715] -mcpu=cortex-m3 -mthumb -g -O"
 1236      20726576 
 1236      6973696F 
 1236      6E203233 
 1236      37373135 
 1237 00eb 67202D66 		.ascii	"g -ffunction-sections -ffat-lto-objects\000"
 1237      66756E63 
 1237      74696F6E 
 1237      2D736563 
 1237      74696F6E 
 1238              	.LASF19:
 1239 0113 49525365 		.ascii	"IRSensoren\000"
 1239      6E736F72 
 1239      656E00
 1240              	.LASF25:
 1241 011e 746D7041 		.ascii	"tmpArray\000"
 1241      72726179 
 1241      00
 1242              	.LASF5:
 1243 0127 6C6F6E67 		.ascii	"long unsigned int\000"
 1243      20756E73 
 1243      69676E65 
 1243      6420696E 
 1243      7400
 1244              	.LASF3:
 1245 0139 73686F72 		.ascii	"short unsigned int\000"
ARM GAS  C:\Users\BASILE~1.BER\AppData\Local\Temp\ccxfLYtz.s 			page 25


 1245      7420756E 
 1245      7369676E 
 1245      65642069 
 1245      6E7400
 1246              	.LASF21:
 1247 014c 61727261 		.ascii	"array\000"
 1247      7900
 1248              	.LASF37:
 1249 0152 49544D5F 		.ascii	"ITM_RxBuffer\000"
 1249      52784275 
 1249      66666572 
 1249      00
 1250              	.LASF29:
 1251 015f 49524472 		.ascii	"IRDrempel\000"
 1251      656D7065 
 1251      6C00
 1252              	.LASF14:
 1253 0169 646F7562 		.ascii	"double\000"
 1253      6C6500
 1254              	.LASF12:
 1255 0170 75696E74 		.ascii	"uint16\000"
 1255      313600
 1256              	.LASF2:
 1257 0177 73686F72 		.ascii	"short int\000"
 1257      7420696E 
 1257      7400
 1258              	.LASF41:
 1259 0181 43794465 		.ascii	"CyDelayUs\000"
 1259      6C617955 
 1259      7300
 1260              	.LASF33:
 1261 018b 61766755 		.ascii	"avgUS1\000"
 1261      533100
 1262              	.LASF39:
 1263 0192 4144435F 		.ascii	"ADC_IR_GetResult16\000"
 1263      49525F47 
 1263      65745265 
 1263      73756C74 
 1263      313600
 1264              	.LASF27:
 1265 01a5 70776D4D 		.ascii	"pwmMotorRechts\000"
 1265      6F746F72 
 1265      52656368 
 1265      747300
 1266              	.LASF8:
 1267 01b4 756E7369 		.ascii	"unsigned int\000"
 1267      676E6564 
 1267      20696E74 
 1267      00
 1268              	.LASF7:
 1269 01c1 6C6F6E67 		.ascii	"long long unsigned int\000"
 1269      206C6F6E 
 1269      6720756E 
 1269      7369676E 
 1269      65642069 
 1270              	.LASF28:
 1271 01d8 49525761 		.ascii	"IRWaarden\000"
ARM GAS  C:\Users\BASILE~1.BER\AppData\Local\Temp\ccxfLYtz.s 			page 26


 1271      61726465 
 1271      6E00
 1272              	.LASF0:
 1273 01e2 7369676E 		.ascii	"signed char\000"
 1273      65642063 
 1273      68617200 
 1274              	.LASF43:
 1275 01ee 54696D65 		.ascii	"TimerUS_ReadCounter\000"
 1275      7255535F 
 1275      52656164 
 1275      436F756E 
 1275      74657200 
 1276              	.LASF10:
 1277 0202 696E7433 		.ascii	"int32_t\000"
 1277      325F7400 
 1278              	.LASF17:
 1279 020a 73697A65 		.ascii	"sizetype\000"
 1279      74797065 
 1279      00
 1280              	.LASF40:
 1281 0213 54726967 		.ascii	"TriggerReg_Write\000"
 1281      67657252 
 1281      65675F57 
 1281      72697465 
 1281      00
 1282              	.LASF6:
 1283 0224 6C6F6E67 		.ascii	"long long int\000"
 1283      206C6F6E 
 1283      6720696E 
 1283      7400
 1284              	.LASF15:
 1285 0232 63686172 		.ascii	"char\000"
 1285      00
 1286              	.LASF18:
 1287 0237 746D7057 		.ascii	"tmpWaarde\000"
 1287      61617264 
 1287      6500
 1288              	.LASF38:
 1289 0241 6578706F 		.ascii	"exponent\000"
 1289      6E656E74 
 1289      00
 1290              	.LASF22:
 1291 024a 6E657756 		.ascii	"newValue\000"
 1291      616C7565 
 1291      00
 1292              	.LASF11:
 1293 0253 75696E74 		.ascii	"uint8\000"
 1293      3800
 1294              	.LASF4:
 1295 0259 6C6F6E67 		.ascii	"long int\000"
 1295      20696E74 
 1295      00
 1296              	.LASF16:
 1297 0262 6C6F6E67 		.ascii	"long double\000"
 1297      20646F75 
 1297      626C6500 
 1298              	.LASF30:
ARM GAS  C:\Users\BASILE~1.BER\AppData\Local\Temp\ccxfLYtz.s 			page 27


 1299 026e 54657374 		.ascii	"TestGetal\000"
 1299      47657461 
 1299      6C00
 1300              	.LASF45:
 1301 0278 53656E73 		.ascii	"Sensoren.c\000"
 1301      6F72656E 
 1301      2E6300
 1302              	.LASF36:
 1303 0283 626F6F6C 		.ascii	"boolSelect\000"
 1303      53656C65 
 1303      637400
 1304              	.LASF23:
 1305 028e 746D7076 		.ascii	"tmpvalue\000"
 1305      616C7565 
 1305      00
 1306              	.LASF46:
 1307 0297 433A5C55 		.ascii	"C:\\Users\\basile.berckmoes\\Documents\\GitHub\\Rob"
 1307      73657273 
 1307      5C626173 
 1307      696C652E 
 1307      62657263 
 1308 02c5 6F74436F 		.ascii	"otComp2ELO\\Software\\PSoc\\Roadster\\RoadsterRACEM"
 1308      6D703245 
 1308      4C4F5C53 
 1308      6F667477 
 1308      6172655C 
 1309 02f4 4F44455C 		.ascii	"ODE\\Roadster1.0.cydsn\000"
 1309      526F6164 
 1309      73746572 
 1309      312E302E 
 1309      63796473 
 1310              		.ident	"GCC: (GNU Tools for ARM Embedded Processors) 5.4.1 20160609 (release) [ARM/embedded-5-bran
