ARM GAS  C:\Users\BASILE~1.BER\AppData\Local\Temp\ccY4DWY4.s 			page 1


   1              		.syntax unified
   2              		.cpu cortex-m3
   3              		.fpu softvfp
   4              		.eabi_attribute 20, 1
   5              		.eabi_attribute 21, 1
   6              		.eabi_attribute 23, 3
   7              		.eabi_attribute 24, 1
   8              		.eabi_attribute 25, 1
   9              		.eabi_attribute 26, 1
  10              		.eabi_attribute 30, 1
  11              		.eabi_attribute 34, 1
  12              		.eabi_attribute 18, 4
  13              		.thumb
  14              		.syntax unified
  15              		.file	"BleCommunicatie.c"
  16              		.text
  17              	.Ltext0:
  18              		.cfi_sections	.debug_frame
  19              		.section	.text.sendBleData,"ax",%progbits
  20              		.align	2
  21              		.global	sendBleData
  22              		.thumb
  23              		.thumb_func
  24              		.type	sendBleData, %function
  25              	sendBleData:
  26              	.LFB64:
  27              		.file 1 "BleCommunicatie.c"
   1:BleCommunicatie.c **** /* ========================================
   2:BleCommunicatie.c ****  *
   3:BleCommunicatie.c ****  * Copyright YOUR COMPANY, THE YEAR
   4:BleCommunicatie.c ****  * All Rights Reserved
   5:BleCommunicatie.c ****  * UNPUBLISHED, LICENSED SOFTWARE.
   6:BleCommunicatie.c ****  *
   7:BleCommunicatie.c ****  * CONFIDENTIAL AND PROPRIETARY INFORMATION
   8:BleCommunicatie.c ****  * WHICH IS THE PROPERTY OF your company.
   9:BleCommunicatie.c ****  *
  10:BleCommunicatie.c ****  * ========================================
  11:BleCommunicatie.c **** */
  12:BleCommunicatie.c **** 
  13:BleCommunicatie.c **** #include "projectMain.h"
  14:BleCommunicatie.c **** #include "project.h"
  15:BleCommunicatie.c **** #include <string.h>
  16:BleCommunicatie.c **** //#include <stdlib.h> //atoi
  17:BleCommunicatie.c **** #include <stdio.h> 
  18:BleCommunicatie.c **** #include <myUART.h>
  19:BleCommunicatie.c ****  
  20:BleCommunicatie.c **** //Timer gestuurde interupt zodat data om de zoveel tijd verstuurd wordt via bluetooth
  21:BleCommunicatie.c **** CY_ISR(sendBleData)
  22:BleCommunicatie.c **** {
  28              		.loc 1 22 0
  29              		.cfi_startproc
  30              		@ args = 0, pretend = 0, frame = 16
  31              		@ frame_needed = 0, uses_anonymous_args = 0
  32 0000 00B5     		push	{lr}
  33              		.cfi_def_cfa_offset 4
  34              		.cfi_offset 14, -4
  35 0002 85B0     		sub	sp, sp, #20
ARM GAS  C:\Users\BASILE~1.BER\AppData\Local\Temp\ccY4DWY4.s 			page 2


  36              		.cfi_def_cfa_offset 24
  23:BleCommunicatie.c ****     //Buffer
  24:BleCommunicatie.c **** 	char strBuffer[10];
  25:BleCommunicatie.c **** 	LED1_Write(~LED1_Read());
  37              		.loc 1 25 0
  38 0004 FFF7FEFF 		bl	LED1_Read
  39              	.LVL0:
  40 0008 C043     		mvns	r0, r0
  41 000a C0B2     		uxtb	r0, r0
  42 000c FFF7FEFF 		bl	LED1_Write
  43              	.LVL1:
  26:BleCommunicatie.c ****     
  27:BleCommunicatie.c **** 	sprintf(strBuffer, "T/%X/\r", 77); 
  44              		.loc 1 27 0
  45 0010 4D22     		movs	r2, #77
  46 0012 0549     		ldr	r1, .L3
  47 0014 01A8     		add	r0, sp, #4
  48 0016 FFF7FEFF 		bl	sprintf
  49              	.LVL2:
  28:BleCommunicatie.c **** 	BleUart_PutString(strBuffer);
  50              		.loc 1 28 0
  51 001a 01A8     		add	r0, sp, #4
  52 001c FFF7FEFF 		bl	BleUart_PutString
  53              	.LVL3:
  29:BleCommunicatie.c **** }
  54              		.loc 1 29 0
  55 0020 05B0     		add	sp, sp, #20
  56              		.cfi_def_cfa_offset 4
  57              		@ sp needed
  58 0022 5DF804FB 		ldr	pc, [sp], #4
  59              	.L4:
  60 0026 00BF     		.align	2
  61              	.L3:
  62 0028 00000000 		.word	.LC0
  63              		.cfi_endproc
  64              	.LFE64:
  65              		.size	sendBleData, .-sendBleData
  66              		.section	.text.HexToDec,"ax",%progbits
  67              		.align	2
  68              		.global	HexToDec
  69              		.thumb
  70              		.thumb_func
  71              		.type	HexToDec, %function
  72              	HexToDec:
  73              	.LFB67:
  30:BleCommunicatie.c **** 
  31:BleCommunicatie.c **** void ProcessCommandMsg(void)
  32:BleCommunicatie.c **** {
  33:BleCommunicatie.c ****     LCD_ClearDisplay();
  34:BleCommunicatie.c ****     char hexBuffer[2];
  35:BleCommunicatie.c ****     //Voorbeeld commando R/FF/
  36:BleCommunicatie.c ****     //RB.cmd is de eerste waarde dus in dit voorbeeld R
  37:BleCommunicatie.c ****     //RB.valstr = alles wat erna komt dus /FF/
  38:BleCommunicatie.c **** 
  39:BleCommunicatie.c **** 	if (RB.cmd == 'X')
  40:BleCommunicatie.c **** 	{  
  41:BleCommunicatie.c **** 		ValueX = getCMDValue('/', RB.valstr, hexBuffer);
ARM GAS  C:\Users\BASILE~1.BER\AppData\Local\Temp\ccY4DWY4.s 			page 3


  42:BleCommunicatie.c **** 	} 
  43:BleCommunicatie.c **** 	else if (RB.cmd == 'Y')
  44:BleCommunicatie.c **** 	{
  45:BleCommunicatie.c **** 		ValueY = getCMDValue('/', RB.valstr, hexBuffer);
  46:BleCommunicatie.c **** 	}
  47:BleCommunicatie.c **** 	else if (RB.cmd == 'M')
  48:BleCommunicatie.c **** 	{
  49:BleCommunicatie.c **** 		uint8 enable = getCMDValue('/', RB.valstr, hexBuffer);
  50:BleCommunicatie.c **** 		ENA_Write(enable);
  51:BleCommunicatie.c **** 		ENB_Write(enable);
  52:BleCommunicatie.c **** 	}
  53:BleCommunicatie.c **** }
  54:BleCommunicatie.c **** 
  55:BleCommunicatie.c **** //methode die een waarde uit een commando haalt
  56:BleCommunicatie.c **** //delimiter zijn de karakters waar de waarde tussen staat 
  57:BleCommunicatie.c **** //bvb delimiter is '/' en commando is R/FF/ dan is de return FF
  58:BleCommunicatie.c **** uint8 getCMDValue(char delimiter, char str[], char hexBuffer[])
  59:BleCommunicatie.c **** {
  60:BleCommunicatie.c ****     if (strlen(str) == 4)
  61:BleCommunicatie.c ****     {
  62:BleCommunicatie.c ****         for (uint i = 0; i < strlen(str); i++)
  63:BleCommunicatie.c **** 		{
  64:BleCommunicatie.c **** 			if (str[i] == delimiter && str[i+3] == delimiter)
  65:BleCommunicatie.c **** 			{
  66:BleCommunicatie.c **** 				hexBuffer[0] = str[i+1];
  67:BleCommunicatie.c **** 				hexBuffer[1] = str[i+2];
  68:BleCommunicatie.c ****                    
  69:BleCommunicatie.c **** 			}    
  70:BleCommunicatie.c **** 		}
  71:BleCommunicatie.c ****     } 
  72:BleCommunicatie.c ****     else if (strlen(str) == 3)
  73:BleCommunicatie.c ****     {
  74:BleCommunicatie.c ****         for (uint i = 0; i < strlen(str); i++)
  75:BleCommunicatie.c **** 		{
  76:BleCommunicatie.c **** 			if (str[i] == delimiter && str[i+2] == delimiter)
  77:BleCommunicatie.c **** 			{
  78:BleCommunicatie.c **** 				hexBuffer[0] = str[0];
  79:BleCommunicatie.c **** 				hexBuffer[1] = str[i+1];
  80:BleCommunicatie.c ****                    
  81:BleCommunicatie.c **** 			}    
  82:BleCommunicatie.c **** 		}
  83:BleCommunicatie.c ****     }
  84:BleCommunicatie.c **** 	return HexToDec(hexBuffer);
  85:BleCommunicatie.c **** }
  86:BleCommunicatie.c **** 
  87:BleCommunicatie.c **** //Zet een getal om van HEX naar dec
  88:BleCommunicatie.c **** uint8 HexToDec(char hexVal[])
  89:BleCommunicatie.c **** {
  74              		.loc 1 89 0
  75              		.cfi_startproc
  76              		@ args = 0, pretend = 0, frame = 0
  77              		@ frame_needed = 0, uses_anonymous_args = 0
  78              	.LVL4:
  79 0000 38B5     		push	{r3, r4, r5, lr}
  80              		.cfi_def_cfa_offset 16
  81              		.cfi_offset 3, -16
  82              		.cfi_offset 4, -12
ARM GAS  C:\Users\BASILE~1.BER\AppData\Local\Temp\ccY4DWY4.s 			page 4


  83              		.cfi_offset 5, -8
  84              		.cfi_offset 14, -4
  85 0002 0446     		mov	r4, r0
  90:BleCommunicatie.c **** 	uint8 len = strlen(hexVal);
  86              		.loc 1 90 0
  87 0004 FFF7FEFF 		bl	strlen
  88              	.LVL5:
  89              	.LBB2:
  91:BleCommunicatie.c **** 	uint base = 1;
  92:BleCommunicatie.c **** 	uint dec_val =0;
  93:BleCommunicatie.c **** 	for (int i=len-1; i>=0; i--)
  90              		.loc 1 93 0
  91 0008 C0B2     		uxtb	r0, r0
  92 000a 421E     		subs	r2, r0, #1
  93              	.LVL6:
  94              	.LBE2:
  92:BleCommunicatie.c **** 	for (int i=len-1; i>=0; i--)
  95              		.loc 1 92 0
  96 000c 0020     		movs	r0, #0
  97              	.LVL7:
  91:BleCommunicatie.c **** 	uint base = 1;
  98              		.loc 1 91 0
  99 000e 0125     		movs	r5, #1
 100              	.LBB3:
 101              		.loc 1 93 0
 102 0010 14E0     		b	.L6
 103              	.LVL8:
 104              	.L9:
  94:BleCommunicatie.c **** 	{
  95:BleCommunicatie.c **** 		if (hexVal[i] >= '0' && hexVal[i] <='9')
 105              		.loc 1 95 0
 106 0012 A35C     		ldrb	r3, [r4, r2]	@ zero_extendqisi2
 107 0014 A3F13001 		sub	r1, r3, #48
 108 0018 C9B2     		uxtb	r1, r1
 109 001a 0929     		cmp	r1, #9
 110 001c 04D8     		bhi	.L7
  96:BleCommunicatie.c **** 		{
  97:BleCommunicatie.c **** 		 dec_val += (hexVal[i] - 48) * base;
 111              		.loc 1 97 0
 112 001e 303B     		subs	r3, r3, #48
 113 0020 05FB0300 		mla	r0, r5, r3, r0
 114              	.LVL9:
  98:BleCommunicatie.c **** 		 base = base*16;   
 115              		.loc 1 98 0
 116 0024 2D01     		lsls	r5, r5, #4
 117              	.LVL10:
 118 0026 08E0     		b	.L8
 119              	.L7:
  99:BleCommunicatie.c **** 		} else if (hexVal[i]>='A' && hexVal[i]<='F')
 120              		.loc 1 99 0
 121 0028 A3F14101 		sub	r1, r3, #65
 122 002c C9B2     		uxtb	r1, r1
 123 002e 0529     		cmp	r1, #5
 124 0030 03D8     		bhi	.L8
 100:BleCommunicatie.c **** 		{
 101:BleCommunicatie.c **** 			dec_val += (hexVal[i] - 55)*base;
 125              		.loc 1 101 0
ARM GAS  C:\Users\BASILE~1.BER\AppData\Local\Temp\ccY4DWY4.s 			page 5


 126 0032 373B     		subs	r3, r3, #55
 127 0034 05FB0300 		mla	r0, r5, r3, r0
 128              	.LVL11:
 102:BleCommunicatie.c **** 			base = base*16;
 129              		.loc 1 102 0
 130 0038 2D01     		lsls	r5, r5, #4
 131              	.LVL12:
 132              	.L8:
  93:BleCommunicatie.c **** 	{
 133              		.loc 1 93 0 discriminator 2
 134 003a 013A     		subs	r2, r2, #1
 135              	.LVL13:
 136              	.L6:
  93:BleCommunicatie.c **** 	{
 137              		.loc 1 93 0 is_stmt 0 discriminator 1
 138 003c 002A     		cmp	r2, #0
 139 003e E8DA     		bge	.L9
 140              	.LBE3:
 103:BleCommunicatie.c **** 		}
 104:BleCommunicatie.c **** 	}
 105:BleCommunicatie.c **** 	return dec_val;
 106:BleCommunicatie.c **** }
 141              		.loc 1 106 0 is_stmt 1
 142 0040 C0B2     		uxtb	r0, r0
 143              	.LVL14:
 144 0042 38BD     		pop	{r3, r4, r5, pc}
 145              		.cfi_endproc
 146              	.LFE67:
 147              		.size	HexToDec, .-HexToDec
 148              		.section	.text.getCMDValue,"ax",%progbits
 149              		.align	2
 150              		.global	getCMDValue
 151              		.thumb
 152              		.thumb_func
 153              		.type	getCMDValue, %function
 154              	getCMDValue:
 155              	.LFB66:
  59:BleCommunicatie.c ****     if (strlen(str) == 4)
 156              		.loc 1 59 0
 157              		.cfi_startproc
 158              		@ args = 0, pretend = 0, frame = 0
 159              		@ frame_needed = 0, uses_anonymous_args = 0
 160              	.LVL15:
 161 0000 F8B5     		push	{r3, r4, r5, r6, r7, lr}
 162              		.cfi_def_cfa_offset 24
 163              		.cfi_offset 3, -24
 164              		.cfi_offset 4, -20
 165              		.cfi_offset 5, -16
 166              		.cfi_offset 6, -12
 167              		.cfi_offset 7, -8
 168              		.cfi_offset 14, -4
 169 0002 0646     		mov	r6, r0
 170 0004 0C46     		mov	r4, r1
 171 0006 1746     		mov	r7, r2
  60:BleCommunicatie.c ****     {
 172              		.loc 1 60 0
 173 0008 0846     		mov	r0, r1
ARM GAS  C:\Users\BASILE~1.BER\AppData\Local\Temp\ccY4DWY4.s 			page 6


 174              	.LVL16:
 175 000a FFF7FEFF 		bl	strlen
 176              	.LVL17:
 177 000e 0428     		cmp	r0, #4
 178 0010 15D1     		bne	.L22
 179 0012 0DE0     		b	.L20
 180              	.LVL18:
 181              	.L15:
 182              	.LBB4:
  64:BleCommunicatie.c **** 			{
 183              		.loc 1 64 0
 184 0014 635D     		ldrb	r3, [r4, r5]	@ zero_extendqisi2
 185 0016 B342     		cmp	r3, r6
 186 0018 08D1     		bne	.L14
  64:BleCommunicatie.c **** 			{
 187              		.loc 1 64 0 is_stmt 0 discriminator 1
 188 001a EB1C     		adds	r3, r5, #3
 189 001c E35C     		ldrb	r3, [r4, r3]	@ zero_extendqisi2
 190 001e 9E42     		cmp	r6, r3
 191 0020 04D1     		bne	.L14
  66:BleCommunicatie.c **** 				hexBuffer[1] = str[i+2];
 192              		.loc 1 66 0 is_stmt 1
 193 0022 6319     		adds	r3, r4, r5
 194 0024 5A78     		ldrb	r2, [r3, #1]	@ zero_extendqisi2
 195 0026 3A70     		strb	r2, [r7]
  67:BleCommunicatie.c ****                    
 196              		.loc 1 67 0
 197 0028 9B78     		ldrb	r3, [r3, #2]	@ zero_extendqisi2
 198 002a 7B70     		strb	r3, [r7, #1]
 199              	.L14:
  62:BleCommunicatie.c **** 		{
 200              		.loc 1 62 0 discriminator 2
 201 002c 0135     		adds	r5, r5, #1
 202              	.LVL19:
 203 002e 00E0     		b	.L12
 204              	.LVL20:
 205              	.L20:
 206              	.LBE4:
 207 0030 0025     		movs	r5, #0
 208              	.L12:
 209              	.LVL21:
 210              	.LBB5:
  62:BleCommunicatie.c **** 		{
 211              		.loc 1 62 0 is_stmt 0 discriminator 1
 212 0032 2046     		mov	r0, r4
 213 0034 FFF7FEFF 		bl	strlen
 214              	.LVL22:
 215 0038 8542     		cmp	r5, r0
 216 003a EBD3     		bcc	.L15
 217 003c 16E0     		b	.L16
 218              	.LVL23:
 219              	.L22:
 220              	.LBE5:
  72:BleCommunicatie.c ****     {
 221              		.loc 1 72 0 is_stmt 1
 222 003e 0328     		cmp	r0, #3
 223 0040 14D1     		bne	.L16
ARM GAS  C:\Users\BASILE~1.BER\AppData\Local\Temp\ccY4DWY4.s 			page 7


 224 0042 0DE0     		b	.L21
 225              	.LVL24:
 226              	.L19:
 227              	.LBB6:
  76:BleCommunicatie.c **** 			{
 228              		.loc 1 76 0
 229 0044 635D     		ldrb	r3, [r4, r5]	@ zero_extendqisi2
 230 0046 9E42     		cmp	r6, r3
 231 0048 08D1     		bne	.L18
  76:BleCommunicatie.c **** 			{
 232              		.loc 1 76 0 is_stmt 0 discriminator 1
 233 004a AB1C     		adds	r3, r5, #2
 234 004c E35C     		ldrb	r3, [r4, r3]	@ zero_extendqisi2
 235 004e 9E42     		cmp	r6, r3
 236 0050 04D1     		bne	.L18
  78:BleCommunicatie.c **** 				hexBuffer[1] = str[i+1];
 237              		.loc 1 78 0 is_stmt 1
 238 0052 2378     		ldrb	r3, [r4]	@ zero_extendqisi2
 239 0054 3B70     		strb	r3, [r7]
  79:BleCommunicatie.c ****                    
 240              		.loc 1 79 0
 241 0056 6319     		adds	r3, r4, r5
 242 0058 5B78     		ldrb	r3, [r3, #1]	@ zero_extendqisi2
 243 005a 7B70     		strb	r3, [r7, #1]
 244              	.L18:
  74:BleCommunicatie.c **** 		{
 245              		.loc 1 74 0 discriminator 2
 246 005c 0135     		adds	r5, r5, #1
 247              	.LVL25:
 248 005e 00E0     		b	.L17
 249              	.LVL26:
 250              	.L21:
 251              	.LBE6:
 252 0060 0025     		movs	r5, #0
 253              	.L17:
 254              	.LVL27:
 255              	.LBB7:
  74:BleCommunicatie.c **** 		{
 256              		.loc 1 74 0 is_stmt 0 discriminator 1
 257 0062 2046     		mov	r0, r4
 258 0064 FFF7FEFF 		bl	strlen
 259              	.LVL28:
 260 0068 8542     		cmp	r5, r0
 261 006a EBD3     		bcc	.L19
 262              	.LVL29:
 263              	.L16:
 264              	.LBE7:
  84:BleCommunicatie.c **** }
 265              		.loc 1 84 0 is_stmt 1
 266 006c 3846     		mov	r0, r7
 267 006e FFF7FEFF 		bl	HexToDec
 268              	.LVL30:
  85:BleCommunicatie.c **** 
 269              		.loc 1 85 0
 270 0072 F8BD     		pop	{r3, r4, r5, r6, r7, pc}
 271              		.cfi_endproc
 272              	.LFE66:
ARM GAS  C:\Users\BASILE~1.BER\AppData\Local\Temp\ccY4DWY4.s 			page 8


 273              		.size	getCMDValue, .-getCMDValue
 274              		.section	.text.ProcessCommandMsg,"ax",%progbits
 275              		.align	2
 276              		.global	ProcessCommandMsg
 277              		.thumb
 278              		.thumb_func
 279              		.type	ProcessCommandMsg, %function
 280              	ProcessCommandMsg:
 281              	.LFB65:
  32:BleCommunicatie.c ****     LCD_ClearDisplay();
 282              		.loc 1 32 0
 283              		.cfi_startproc
 284              		@ args = 0, pretend = 0, frame = 8
 285              		@ frame_needed = 0, uses_anonymous_args = 0
 286 0000 10B5     		push	{r4, lr}
 287              		.cfi_def_cfa_offset 8
 288              		.cfi_offset 4, -8
 289              		.cfi_offset 14, -4
 290 0002 82B0     		sub	sp, sp, #8
 291              		.cfi_def_cfa_offset 16
  33:BleCommunicatie.c ****     char hexBuffer[2];
 292              		.loc 1 33 0
 293 0004 0120     		movs	r0, #1
 294 0006 FFF7FEFF 		bl	LCD_WriteControl
 295              	.LVL31:
  39:BleCommunicatie.c **** 	{  
 296              		.loc 1 39 0
 297 000a 124B     		ldr	r3, .L29
 298 000c 1B78     		ldrb	r3, [r3]	@ zero_extendqisi2
 299 000e 582B     		cmp	r3, #88
 300 0010 07D1     		bne	.L25
  41:BleCommunicatie.c **** 	} 
 301              		.loc 1 41 0
 302 0012 01AA     		add	r2, sp, #4
 303 0014 1049     		ldr	r1, .L29+4
 304 0016 2F20     		movs	r0, #47
 305 0018 FFF7FEFF 		bl	getCMDValue
 306              	.LVL32:
 307 001c 0F4B     		ldr	r3, .L29+8
 308 001e 1870     		strb	r0, [r3]
 309 0020 16E0     		b	.L24
 310              	.L25:
  43:BleCommunicatie.c **** 	{
 311              		.loc 1 43 0
 312 0022 592B     		cmp	r3, #89
 313 0024 07D1     		bne	.L27
  45:BleCommunicatie.c **** 	}
 314              		.loc 1 45 0
 315 0026 01AA     		add	r2, sp, #4
 316 0028 0B49     		ldr	r1, .L29+4
 317 002a 2F20     		movs	r0, #47
 318 002c FFF7FEFF 		bl	getCMDValue
 319              	.LVL33:
 320 0030 0B4B     		ldr	r3, .L29+12
 321 0032 1870     		strb	r0, [r3]
 322 0034 0CE0     		b	.L24
 323              	.L27:
ARM GAS  C:\Users\BASILE~1.BER\AppData\Local\Temp\ccY4DWY4.s 			page 9


  47:BleCommunicatie.c **** 	{
 324              		.loc 1 47 0
 325 0036 4D2B     		cmp	r3, #77
 326 0038 0AD1     		bne	.L24
 327              	.LBB8:
  49:BleCommunicatie.c **** 		ENA_Write(enable);
 328              		.loc 1 49 0
 329 003a 01AA     		add	r2, sp, #4
 330 003c 0649     		ldr	r1, .L29+4
 331 003e 2F20     		movs	r0, #47
 332 0040 FFF7FEFF 		bl	getCMDValue
 333              	.LVL34:
 334 0044 0446     		mov	r4, r0
 335              	.LVL35:
  50:BleCommunicatie.c **** 		ENB_Write(enable);
 336              		.loc 1 50 0
 337 0046 FFF7FEFF 		bl	ENA_Write
 338              	.LVL36:
  51:BleCommunicatie.c **** 	}
 339              		.loc 1 51 0
 340 004a 2046     		mov	r0, r4
 341 004c FFF7FEFF 		bl	ENB_Write
 342              	.LVL37:
 343              	.L24:
 344              	.LBE8:
  53:BleCommunicatie.c **** 
 345              		.loc 1 53 0
 346 0050 02B0     		add	sp, sp, #8
 347              		.cfi_def_cfa_offset 8
 348              		@ sp needed
 349 0052 10BD     		pop	{r4, pc}
 350              	.L30:
 351              		.align	2
 352              	.L29:
 353 0054 00000000 		.word	RB
 354 0058 01000000 		.word	RB+1
 355 005c 00000000 		.word	ValueX
 356 0060 00000000 		.word	ValueY
 357              		.cfi_endproc
 358              	.LFE65:
 359              		.size	ProcessCommandMsg, .-ProcessCommandMsg
 360              		.comm	RB,20,4
 361              		.comm	ValueY,1,1
 362              		.comm	ValueX,1,1
 363              		.comm	pwmMotorRechts,1,1
 364              		.comm	pwmMotorLinks,1,1
 365              		.comm	strMsg1,64,4
 366              		.section	.rodata.str1.4,"aMS",%progbits,1
 367              		.align	2
 368              	.LC0:
 369 0000 542F2558 		.ascii	"T/%X/\015\000"
 369      2F0D00
 370              		.text
 371              	.Letext0:
 372              		.file 2 "c:\\program files (x86)\\cypress\\psoc creator\\4.2\\psoc creator\\import\\gnu\\arm\\5.4.
 373              		.file 3 "c:\\program files (x86)\\cypress\\psoc creator\\4.2\\psoc creator\\import\\gnu\\arm\\5.4.
 374              		.file 4 "Generated_Source\\PSoC5/cytypes.h"
ARM GAS  C:\Users\BASILE~1.BER\AppData\Local\Temp\ccY4DWY4.s 			page 10


 375              		.file 5 "c:\\program files (x86)\\cypress\\psoc creator\\4.2\\psoc creator\\import\\gnu\\arm\\5.4.
 376              		.file 6 "projectMain.h"
 377              		.file 7 "Generated_Source\\PSoC5/core_cm3.h"
 378              		.file 8 "Generated_Source\\PSoC5/LED1.h"
 379              		.file 9 "c:\\program files (x86)\\cypress\\psoc creator\\4.2\\psoc creator\\import\\gnu\\arm\\5.4.
 380              		.file 10 "Generated_Source\\PSoC5/BleUart.h"
 381              		.file 11 "c:\\program files (x86)\\cypress\\psoc creator\\4.2\\psoc creator\\import\\gnu\\arm\\5.4
 382              		.file 12 "Generated_Source\\PSoC5/ENA.h"
 383              		.file 13 "Generated_Source\\PSoC5/ENB.h"
 384              		.file 14 "Generated_Source\\PSoC5/LCD.h"
 385              		.file 15 "./myUART.h"
 386              		.section	.debug_info,"",%progbits
 387              	.Ldebug_info0:
 388 0000 94040000 		.4byte	0x494
 389 0004 0400     		.2byte	0x4
 390 0006 00000000 		.4byte	.Ldebug_abbrev0
 391 000a 04       		.byte	0x4
 392 000b 01       		.uleb128 0x1
 393 000c 98000000 		.4byte	.LASF44
 394 0010 0C       		.byte	0xc
 395 0011 15000000 		.4byte	.LASF45
 396 0015 32010000 		.4byte	.LASF46
 397 0019 48000000 		.4byte	.Ldebug_ranges0+0x48
 398 001d 00000000 		.4byte	0
 399 0021 00000000 		.4byte	.Ldebug_line0
 400 0025 02       		.uleb128 0x2
 401 0026 01       		.byte	0x1
 402 0027 06       		.byte	0x6
 403 0028 85000000 		.4byte	.LASF0
 404 002c 02       		.uleb128 0x2
 405 002d 01       		.byte	0x1
 406 002e 08       		.byte	0x8
 407 002f D1010000 		.4byte	.LASF1
 408 0033 02       		.uleb128 0x2
 409 0034 02       		.byte	0x2
 410 0035 05       		.byte	0x5
 411 0036 96020000 		.4byte	.LASF2
 412 003a 02       		.uleb128 0x2
 413 003b 02       		.byte	0x2
 414 003c 07       		.byte	0x7
 415 003d 3B000000 		.4byte	.LASF3
 416 0041 03       		.uleb128 0x3
 417 0042 27000000 		.4byte	.LASF9
 418 0046 02       		.byte	0x2
 419 0047 3F       		.byte	0x3f
 420 0048 4C000000 		.4byte	0x4c
 421 004c 02       		.uleb128 0x2
 422 004d 04       		.byte	0x4
 423 004e 05       		.byte	0x5
 424 004f A6020000 		.4byte	.LASF4
 425 0053 02       		.uleb128 0x2
 426 0054 04       		.byte	0x4
 427 0055 07       		.byte	0x7
 428 0056 43020000 		.4byte	.LASF5
 429 005a 02       		.uleb128 0x2
 430 005b 08       		.byte	0x8
 431 005c 05       		.byte	0x5
ARM GAS  C:\Users\BASILE~1.BER\AppData\Local\Temp\ccY4DWY4.s 			page 11


 432 005d 72020000 		.4byte	.LASF6
 433 0061 02       		.uleb128 0x2
 434 0062 08       		.byte	0x8
 435 0063 07       		.byte	0x7
 436 0064 12020000 		.4byte	.LASF7
 437 0068 04       		.uleb128 0x4
 438 0069 04       		.byte	0x4
 439 006a 05       		.byte	0x5
 440 006b 696E7400 		.ascii	"int\000"
 441 006f 02       		.uleb128 0x2
 442 0070 04       		.byte	0x4
 443 0071 07       		.byte	0x7
 444 0072 56000000 		.4byte	.LASF8
 445 0076 03       		.uleb128 0x3
 446 0077 55020000 		.4byte	.LASF10
 447 007b 03       		.byte	0x3
 448 007c 2C       		.byte	0x2c
 449 007d 41000000 		.4byte	0x41
 450 0081 05       		.uleb128 0x5
 451 0082 A0020000 		.4byte	.LASF11
 452 0086 04       		.byte	0x4
 453 0087 E401     		.2byte	0x1e4
 454 0089 2C000000 		.4byte	0x2c
 455 008d 02       		.uleb128 0x2
 456 008e 04       		.byte	0x4
 457 008f 04       		.byte	0x4
 458 0090 7F000000 		.4byte	.LASF12
 459 0094 02       		.uleb128 0x2
 460 0095 08       		.byte	0x8
 461 0096 04       		.byte	0x4
 462 0097 C2020000 		.4byte	.LASF13
 463 009b 02       		.uleb128 0x2
 464 009c 01       		.byte	0x1
 465 009d 08       		.byte	0x8
 466 009e 80020000 		.4byte	.LASF14
 467 00a2 02       		.uleb128 0x2
 468 00a3 08       		.byte	0x8
 469 00a4 04       		.byte	0x4
 470 00a5 AF020000 		.4byte	.LASF15
 471 00a9 02       		.uleb128 0x2
 472 00aa 04       		.byte	0x4
 473 00ab 07       		.byte	0x7
 474 00ac 69020000 		.4byte	.LASF16
 475 00b0 06       		.uleb128 0x6
 476 00b1 04       		.byte	0x4
 477 00b2 9B000000 		.4byte	0x9b
 478 00b6 03       		.uleb128 0x3
 479 00b7 F7010000 		.4byte	.LASF17
 480 00bb 05       		.byte	0x5
 481 00bc 6C       		.byte	0x6c
 482 00bd 6F000000 		.4byte	0x6f
 483 00c1 07       		.uleb128 0x7
 484 00c2 14       		.byte	0x14
 485 00c3 0F       		.byte	0xf
 486 00c4 23       		.byte	0x23
 487 00c5 E2000000 		.4byte	0xe2
 488 00c9 08       		.uleb128 0x8
ARM GAS  C:\Users\BASILE~1.BER\AppData\Local\Temp\ccY4DWY4.s 			page 12


 489 00ca 636D6400 		.ascii	"cmd\000"
 490 00ce 0F       		.byte	0xf
 491 00cf 24       		.byte	0x24
 492 00d0 9B000000 		.4byte	0x9b
 493 00d4 00       		.byte	0
 494 00d5 09       		.uleb128 0x9
 495 00d6 91000000 		.4byte	.LASF18
 496 00da 0F       		.byte	0xf
 497 00db 25       		.byte	0x25
 498 00dc E2000000 		.4byte	0xe2
 499 00e0 01       		.byte	0x1
 500 00e1 00       		.byte	0
 501 00e2 0A       		.uleb128 0xa
 502 00e3 9B000000 		.4byte	0x9b
 503 00e7 F2000000 		.4byte	0xf2
 504 00eb 0B       		.uleb128 0xb
 505 00ec A9000000 		.4byte	0xa9
 506 00f0 12       		.byte	0x12
 507 00f1 00       		.byte	0
 508 00f2 0C       		.uleb128 0xc
 509 00f3 75000000 		.4byte	.LASF47
 510 00f7 14       		.byte	0x14
 511 00f8 0F       		.byte	0xf
 512 00f9 21       		.byte	0x21
 513 00fa 0F010000 		.4byte	0x10f
 514 00fe 0D       		.uleb128 0xd
 515 00ff 6F000000 		.4byte	.LASF48
 516 0103 0F       		.byte	0xf
 517 0104 22       		.byte	0x22
 518 0105 0F010000 		.4byte	0x10f
 519 0109 0E       		.uleb128 0xe
 520 010a C1000000 		.4byte	0xc1
 521 010e 00       		.byte	0
 522 010f 0A       		.uleb128 0xa
 523 0110 9B000000 		.4byte	0x9b
 524 0114 1F010000 		.4byte	0x11f
 525 0118 0B       		.uleb128 0xb
 526 0119 A9000000 		.4byte	0xa9
 527 011d 13       		.byte	0x13
 528 011e 00       		.byte	0
 529 011f 0F       		.uleb128 0xf
 530 0120 63000000 		.4byte	.LASF27
 531 0124 01       		.byte	0x1
 532 0125 15       		.byte	0x15
 533 0126 00000000 		.4byte	.LFB64
 534 012a 2C000000 		.4byte	.LFE64-.LFB64
 535 012e 01       		.uleb128 0x1
 536 012f 9C       		.byte	0x9c
 537 0130 88010000 		.4byte	0x188
 538 0134 10       		.uleb128 0x10
 539 0135 0B000000 		.4byte	.LASF19
 540 0139 01       		.byte	0x1
 541 013a 18       		.byte	0x18
 542 013b 88010000 		.4byte	0x188
 543 013f 02       		.uleb128 0x2
 544 0140 91       		.byte	0x91
 545 0141 6C       		.sleb128 -20
ARM GAS  C:\Users\BASILE~1.BER\AppData\Local\Temp\ccY4DWY4.s 			page 13


 546 0142 11       		.uleb128 0x11
 547 0143 08000000 		.4byte	.LVL0
 548 0147 3F040000 		.4byte	0x43f
 549 014b 11       		.uleb128 0x11
 550 014c 10000000 		.4byte	.LVL1
 551 0150 4A040000 		.4byte	0x44a
 552 0154 12       		.uleb128 0x12
 553 0155 1A000000 		.4byte	.LVL2
 554 0159 55040000 		.4byte	0x455
 555 015d 77010000 		.4byte	0x177
 556 0161 13       		.uleb128 0x13
 557 0162 01       		.uleb128 0x1
 558 0163 50       		.byte	0x50
 559 0164 02       		.uleb128 0x2
 560 0165 91       		.byte	0x91
 561 0166 6C       		.sleb128 -20
 562 0167 13       		.uleb128 0x13
 563 0168 01       		.uleb128 0x1
 564 0169 51       		.byte	0x51
 565 016a 05       		.uleb128 0x5
 566 016b 03       		.byte	0x3
 567 016c 00000000 		.4byte	.LC0
 568 0170 13       		.uleb128 0x13
 569 0171 01       		.uleb128 0x1
 570 0172 52       		.byte	0x52
 571 0173 02       		.uleb128 0x2
 572 0174 08       		.byte	0x8
 573 0175 4D       		.byte	0x4d
 574 0176 00       		.byte	0
 575 0177 14       		.uleb128 0x14
 576 0178 20000000 		.4byte	.LVL3
 577 017c 60040000 		.4byte	0x460
 578 0180 13       		.uleb128 0x13
 579 0181 01       		.uleb128 0x1
 580 0182 50       		.byte	0x50
 581 0183 02       		.uleb128 0x2
 582 0184 91       		.byte	0x91
 583 0185 6C       		.sleb128 -20
 584 0186 00       		.byte	0
 585 0187 00       		.byte	0
 586 0188 0A       		.uleb128 0xa
 587 0189 9B000000 		.4byte	0x9b
 588 018d 98010000 		.4byte	0x198
 589 0191 0B       		.uleb128 0xb
 590 0192 A9000000 		.4byte	0xa9
 591 0196 09       		.byte	0x9
 592 0197 00       		.byte	0
 593 0198 15       		.uleb128 0x15
 594 0199 BE010000 		.4byte	.LASF22
 595 019d 01       		.byte	0x1
 596 019e 58       		.byte	0x58
 597 019f 81000000 		.4byte	0x81
 598 01a3 00000000 		.4byte	.LFB67
 599 01a7 44000000 		.4byte	.LFE67-.LFB67
 600 01ab 01       		.uleb128 0x1
 601 01ac 9C       		.byte	0x9c
 602 01ad 13020000 		.4byte	0x213
ARM GAS  C:\Users\BASILE~1.BER\AppData\Local\Temp\ccY4DWY4.s 			page 14


 603 01b1 16       		.uleb128 0x16
 604 01b2 BB020000 		.4byte	.LASF24
 605 01b6 01       		.byte	0x1
 606 01b7 58       		.byte	0x58
 607 01b8 B0000000 		.4byte	0xb0
 608 01bc 00000000 		.4byte	.LLST0
 609 01c0 17       		.uleb128 0x17
 610 01c1 6C656E00 		.ascii	"len\000"
 611 01c5 01       		.byte	0x1
 612 01c6 5A       		.byte	0x5a
 613 01c7 81000000 		.4byte	0x81
 614 01cb 1E000000 		.4byte	.LLST1
 615 01cf 18       		.uleb128 0x18
 616 01d0 26010000 		.4byte	.LASF20
 617 01d4 01       		.byte	0x1
 618 01d5 5B       		.byte	0x5b
 619 01d6 B6000000 		.4byte	0xb6
 620 01da 3E000000 		.4byte	.LLST2
 621 01de 18       		.uleb128 0x18
 622 01df 4E000000 		.4byte	.LASF21
 623 01e3 01       		.byte	0x1
 624 01e4 5C       		.byte	0x5c
 625 01e5 B6000000 		.4byte	0xb6
 626 01e9 5D000000 		.4byte	.LLST3
 627 01ed 19       		.uleb128 0x19
 628 01ee 00000000 		.4byte	.Ldebug_ranges0+0
 629 01f2 02020000 		.4byte	0x202
 630 01f6 1A       		.uleb128 0x1a
 631 01f7 6900     		.ascii	"i\000"
 632 01f9 01       		.byte	0x1
 633 01fa 5D       		.byte	0x5d
 634 01fb 68000000 		.4byte	0x68
 635 01ff 01       		.uleb128 0x1
 636 0200 52       		.byte	0x52
 637 0201 00       		.byte	0
 638 0202 14       		.uleb128 0x14
 639 0203 08000000 		.4byte	.LVL5
 640 0207 6B040000 		.4byte	0x46b
 641 020b 13       		.uleb128 0x13
 642 020c 01       		.uleb128 0x1
 643 020d 50       		.byte	0x50
 644 020e 02       		.uleb128 0x2
 645 020f 74       		.byte	0x74
 646 0210 00       		.sleb128 0
 647 0211 00       		.byte	0
 648 0212 00       		.byte	0
 649 0213 15       		.uleb128 0x15
 650 0214 5D020000 		.4byte	.LASF23
 651 0218 01       		.byte	0x1
 652 0219 3A       		.byte	0x3a
 653 021a 81000000 		.4byte	0x81
 654 021e 00000000 		.4byte	.LFB66
 655 0222 74000000 		.4byte	.LFE66-.LFB66
 656 0226 01       		.uleb128 0x1
 657 0227 9C       		.byte	0x9c
 658 0228 CC020000 		.4byte	0x2cc
 659 022c 16       		.uleb128 0x16
ARM GAS  C:\Users\BASILE~1.BER\AppData\Local\Temp\ccY4DWY4.s 			page 15


 660 022d C7010000 		.4byte	.LASF25
 661 0231 01       		.byte	0x1
 662 0232 3A       		.byte	0x3a
 663 0233 9B000000 		.4byte	0x9b
 664 0237 7C000000 		.4byte	.LLST4
 665 023b 1B       		.uleb128 0x1b
 666 023c 73747200 		.ascii	"str\000"
 667 0240 01       		.byte	0x1
 668 0241 3A       		.byte	0x3a
 669 0242 B0000000 		.4byte	0xb0
 670 0246 9D000000 		.4byte	.LLST5
 671 024a 16       		.uleb128 0x16
 672 024b 31000000 		.4byte	.LASF26
 673 024f 01       		.byte	0x1
 674 0250 3A       		.byte	0x3a
 675 0251 B0000000 		.4byte	0xb0
 676 0255 BB000000 		.4byte	.LLST6
 677 0259 19       		.uleb128 0x19
 678 025a 18000000 		.4byte	.Ldebug_ranges0+0x18
 679 025e 80020000 		.4byte	0x280
 680 0262 17       		.uleb128 0x17
 681 0263 6900     		.ascii	"i\000"
 682 0265 01       		.byte	0x1
 683 0266 3E       		.byte	0x3e
 684 0267 B6000000 		.4byte	0xb6
 685 026b D9000000 		.4byte	.LLST7
 686 026f 14       		.uleb128 0x14
 687 0270 38000000 		.4byte	.LVL22
 688 0274 6B040000 		.4byte	0x46b
 689 0278 13       		.uleb128 0x13
 690 0279 01       		.uleb128 0x1
 691 027a 50       		.byte	0x50
 692 027b 02       		.uleb128 0x2
 693 027c 74       		.byte	0x74
 694 027d 00       		.sleb128 0
 695 027e 00       		.byte	0
 696 027f 00       		.byte	0
 697 0280 19       		.uleb128 0x19
 698 0281 30000000 		.4byte	.Ldebug_ranges0+0x30
 699 0285 A7020000 		.4byte	0x2a7
 700 0289 17       		.uleb128 0x17
 701 028a 6900     		.ascii	"i\000"
 702 028c 01       		.byte	0x1
 703 028d 4A       		.byte	0x4a
 704 028e B6000000 		.4byte	0xb6
 705 0292 F7000000 		.4byte	.LLST8
 706 0296 14       		.uleb128 0x14
 707 0297 68000000 		.4byte	.LVL28
 708 029b 6B040000 		.4byte	0x46b
 709 029f 13       		.uleb128 0x13
 710 02a0 01       		.uleb128 0x1
 711 02a1 50       		.byte	0x50
 712 02a2 02       		.uleb128 0x2
 713 02a3 74       		.byte	0x74
 714 02a4 00       		.sleb128 0
 715 02a5 00       		.byte	0
 716 02a6 00       		.byte	0
ARM GAS  C:\Users\BASILE~1.BER\AppData\Local\Temp\ccY4DWY4.s 			page 16


 717 02a7 12       		.uleb128 0x12
 718 02a8 0E000000 		.4byte	.LVL17
 719 02ac 6B040000 		.4byte	0x46b
 720 02b0 BB020000 		.4byte	0x2bb
 721 02b4 13       		.uleb128 0x13
 722 02b5 01       		.uleb128 0x1
 723 02b6 50       		.byte	0x50
 724 02b7 02       		.uleb128 0x2
 725 02b8 74       		.byte	0x74
 726 02b9 00       		.sleb128 0
 727 02ba 00       		.byte	0
 728 02bb 14       		.uleb128 0x14
 729 02bc 72000000 		.4byte	.LVL30
 730 02c0 98010000 		.4byte	0x198
 731 02c4 13       		.uleb128 0x13
 732 02c5 01       		.uleb128 0x1
 733 02c6 50       		.byte	0x50
 734 02c7 02       		.uleb128 0x2
 735 02c8 77       		.byte	0x77
 736 02c9 00       		.sleb128 0
 737 02ca 00       		.byte	0
 738 02cb 00       		.byte	0
 739 02cc 0F       		.uleb128 0xf
 740 02cd D7020000 		.4byte	.LASF28
 741 02d1 01       		.byte	0x1
 742 02d2 1F       		.byte	0x1f
 743 02d3 00000000 		.4byte	.LFB65
 744 02d7 64000000 		.4byte	.LFE65-.LFB65
 745 02db 01       		.uleb128 0x1
 746 02dc 9C       		.byte	0x9c
 747 02dd A9030000 		.4byte	0x3a9
 748 02e1 10       		.uleb128 0x10
 749 02e2 31000000 		.4byte	.LASF26
 750 02e6 01       		.byte	0x1
 751 02e7 22       		.byte	0x22
 752 02e8 A9030000 		.4byte	0x3a9
 753 02ec 02       		.uleb128 0x2
 754 02ed 91       		.byte	0x91
 755 02ee 74       		.sleb128 -12
 756 02ef 1C       		.uleb128 0x1c
 757 02f0 3A000000 		.4byte	.LBB8
 758 02f4 16000000 		.4byte	.LBE8-.LBB8
 759 02f8 53030000 		.4byte	0x353
 760 02fc 18       		.uleb128 0x18
 761 02fd 2B010000 		.4byte	.LASF29
 762 0301 01       		.byte	0x1
 763 0302 31       		.byte	0x31
 764 0303 81000000 		.4byte	0x81
 765 0307 15010000 		.4byte	.LLST9
 766 030b 12       		.uleb128 0x12
 767 030c 44000000 		.4byte	.LVL34
 768 0310 13020000 		.4byte	0x213
 769 0314 2E030000 		.4byte	0x32e
 770 0318 13       		.uleb128 0x13
 771 0319 01       		.uleb128 0x1
 772 031a 50       		.byte	0x50
 773 031b 02       		.uleb128 0x2
ARM GAS  C:\Users\BASILE~1.BER\AppData\Local\Temp\ccY4DWY4.s 			page 17


 774 031c 08       		.byte	0x8
 775 031d 2F       		.byte	0x2f
 776 031e 13       		.uleb128 0x13
 777 031f 01       		.uleb128 0x1
 778 0320 51       		.byte	0x51
 779 0321 05       		.uleb128 0x5
 780 0322 03       		.byte	0x3
 781 0323 01000000 		.4byte	RB+1
 782 0327 13       		.uleb128 0x13
 783 0328 01       		.uleb128 0x1
 784 0329 52       		.byte	0x52
 785 032a 02       		.uleb128 0x2
 786 032b 91       		.byte	0x91
 787 032c 74       		.sleb128 -12
 788 032d 00       		.byte	0
 789 032e 12       		.uleb128 0x12
 790 032f 4A000000 		.4byte	.LVL36
 791 0333 76040000 		.4byte	0x476
 792 0337 42030000 		.4byte	0x342
 793 033b 13       		.uleb128 0x13
 794 033c 01       		.uleb128 0x1
 795 033d 50       		.byte	0x50
 796 033e 02       		.uleb128 0x2
 797 033f 74       		.byte	0x74
 798 0340 00       		.sleb128 0
 799 0341 00       		.byte	0
 800 0342 14       		.uleb128 0x14
 801 0343 50000000 		.4byte	.LVL37
 802 0347 81040000 		.4byte	0x481
 803 034b 13       		.uleb128 0x13
 804 034c 01       		.uleb128 0x1
 805 034d 50       		.byte	0x50
 806 034e 02       		.uleb128 0x2
 807 034f 74       		.byte	0x74
 808 0350 00       		.sleb128 0
 809 0351 00       		.byte	0
 810 0352 00       		.byte	0
 811 0353 12       		.uleb128 0x12
 812 0354 0A000000 		.4byte	.LVL31
 813 0358 8C040000 		.4byte	0x48c
 814 035c 66030000 		.4byte	0x366
 815 0360 13       		.uleb128 0x13
 816 0361 01       		.uleb128 0x1
 817 0362 50       		.byte	0x50
 818 0363 01       		.uleb128 0x1
 819 0364 31       		.byte	0x31
 820 0365 00       		.byte	0
 821 0366 12       		.uleb128 0x12
 822 0367 1C000000 		.4byte	.LVL32
 823 036b 13020000 		.4byte	0x213
 824 036f 89030000 		.4byte	0x389
 825 0373 13       		.uleb128 0x13
 826 0374 01       		.uleb128 0x1
 827 0375 50       		.byte	0x50
 828 0376 02       		.uleb128 0x2
 829 0377 08       		.byte	0x8
 830 0378 2F       		.byte	0x2f
ARM GAS  C:\Users\BASILE~1.BER\AppData\Local\Temp\ccY4DWY4.s 			page 18


 831 0379 13       		.uleb128 0x13
 832 037a 01       		.uleb128 0x1
 833 037b 51       		.byte	0x51
 834 037c 05       		.uleb128 0x5
 835 037d 03       		.byte	0x3
 836 037e 01000000 		.4byte	RB+1
 837 0382 13       		.uleb128 0x13
 838 0383 01       		.uleb128 0x1
 839 0384 52       		.byte	0x52
 840 0385 02       		.uleb128 0x2
 841 0386 91       		.byte	0x91
 842 0387 74       		.sleb128 -12
 843 0388 00       		.byte	0
 844 0389 14       		.uleb128 0x14
 845 038a 30000000 		.4byte	.LVL33
 846 038e 13020000 		.4byte	0x213
 847 0392 13       		.uleb128 0x13
 848 0393 01       		.uleb128 0x1
 849 0394 50       		.byte	0x50
 850 0395 02       		.uleb128 0x2
 851 0396 08       		.byte	0x8
 852 0397 2F       		.byte	0x2f
 853 0398 13       		.uleb128 0x13
 854 0399 01       		.uleb128 0x1
 855 039a 51       		.byte	0x51
 856 039b 05       		.uleb128 0x5
 857 039c 03       		.byte	0x3
 858 039d 01000000 		.4byte	RB+1
 859 03a1 13       		.uleb128 0x13
 860 03a2 01       		.uleb128 0x1
 861 03a3 52       		.byte	0x52
 862 03a4 02       		.uleb128 0x2
 863 03a5 91       		.byte	0x91
 864 03a6 74       		.sleb128 -12
 865 03a7 00       		.byte	0
 866 03a8 00       		.byte	0
 867 03a9 0A       		.uleb128 0xa
 868 03aa 9B000000 		.4byte	0x9b
 869 03ae B9030000 		.4byte	0x3b9
 870 03b2 0B       		.uleb128 0xb
 871 03b3 A9000000 		.4byte	0xa9
 872 03b7 01       		.byte	0x1
 873 03b8 00       		.byte	0
 874 03b9 0A       		.uleb128 0xa
 875 03ba 9B000000 		.4byte	0x9b
 876 03be C9030000 		.4byte	0x3c9
 877 03c2 0B       		.uleb128 0xb
 878 03c3 A9000000 		.4byte	0xa9
 879 03c7 3F       		.byte	0x3f
 880 03c8 00       		.byte	0
 881 03c9 1D       		.uleb128 0x1d
 882 03ca 29020000 		.4byte	.LASF30
 883 03ce 06       		.byte	0x6
 884 03cf 15       		.byte	0x15
 885 03d0 B9030000 		.4byte	0x3b9
 886 03d4 05       		.uleb128 0x5
 887 03d5 03       		.byte	0x3
ARM GAS  C:\Users\BASILE~1.BER\AppData\Local\Temp\ccY4DWY4.s 			page 19


 888 03d6 00000000 		.4byte	strMsg1
 889 03da 1D       		.uleb128 0x1d
 890 03db C9020000 		.4byte	.LASF31
 891 03df 06       		.byte	0x6
 892 03e0 20       		.byte	0x20
 893 03e1 81000000 		.4byte	0x81
 894 03e5 05       		.uleb128 0x5
 895 03e6 03       		.byte	0x3
 896 03e7 00000000 		.4byte	pwmMotorLinks
 897 03eb 1D       		.uleb128 0x1d
 898 03ec FC010000 		.4byte	.LASF32
 899 03f0 06       		.byte	0x6
 900 03f1 21       		.byte	0x21
 901 03f2 81000000 		.4byte	0x81
 902 03f6 05       		.uleb128 0x5
 903 03f7 03       		.byte	0x3
 904 03f8 00000000 		.4byte	pwmMotorRechts
 905 03fc 1D       		.uleb128 0x1d
 906 03fd DF010000 		.4byte	.LASF33
 907 0401 06       		.byte	0x6
 908 0402 23       		.byte	0x23
 909 0403 81000000 		.4byte	0x81
 910 0407 05       		.uleb128 0x5
 911 0408 03       		.byte	0x3
 912 0409 00000000 		.4byte	ValueX
 913 040d 1D       		.uleb128 0x1d
 914 040e E6010000 		.4byte	.LASF34
 915 0412 06       		.byte	0x6
 916 0413 24       		.byte	0x24
 917 0414 81000000 		.4byte	0x81
 918 0418 05       		.uleb128 0x5
 919 0419 03       		.byte	0x3
 920 041a 00000000 		.4byte	ValueY
 921 041e 1E       		.uleb128 0x1e
 922 041f B1010000 		.4byte	.LASF35
 923 0423 07       		.byte	0x7
 924 0424 1207     		.2byte	0x712
 925 0426 2A040000 		.4byte	0x42a
 926 042a 1F       		.uleb128 0x1f
 927 042b 76000000 		.4byte	0x76
 928 042f 20       		.uleb128 0x20
 929 0430 524200   		.ascii	"RB\000"
 930 0433 0F       		.byte	0xf
 931 0434 27       		.byte	0x27
 932 0435 F2000000 		.4byte	0xf2
 933 0439 05       		.uleb128 0x5
 934 043a 03       		.byte	0x3
 935 043b 00000000 		.4byte	RB
 936 043f 21       		.uleb128 0x21
 937 0440 9D010000 		.4byte	.LASF36
 938 0444 9D010000 		.4byte	.LASF36
 939 0448 08       		.byte	0x8
 940 0449 29       		.byte	0x29
 941 044a 21       		.uleb128 0x21
 942 044b 00000000 		.4byte	.LASF37
 943 044f 00000000 		.4byte	.LASF37
 944 0453 08       		.byte	0x8
ARM GAS  C:\Users\BASILE~1.BER\AppData\Local\Temp\ccY4DWY4.s 			page 20


 945 0454 26       		.byte	0x26
 946 0455 21       		.uleb128 0x21
 947 0456 E9020000 		.4byte	.LASF38
 948 045a E9020000 		.4byte	.LASF38
 949 045e 09       		.byte	0x9
 950 045f E7       		.byte	0xe7
 951 0460 21       		.uleb128 0x21
 952 0461 31020000 		.4byte	.LASF39
 953 0465 31020000 		.4byte	.LASF39
 954 0469 0A       		.byte	0xa
 955 046a 8B       		.byte	0x8b
 956 046b 21       		.uleb128 0x21
 957 046c 0B020000 		.4byte	.LASF40
 958 0470 0B020000 		.4byte	.LASF40
 959 0474 0B       		.byte	0xb
 960 0475 21       		.byte	0x21
 961 0476 21       		.uleb128 0x21
 962 0477 A7010000 		.4byte	.LASF41
 963 047b A7010000 		.4byte	.LASF41
 964 047f 0C       		.byte	0xc
 965 0480 26       		.byte	0x26
 966 0481 21       		.uleb128 0x21
 967 0482 ED010000 		.4byte	.LASF42
 968 0486 ED010000 		.4byte	.LASF42
 969 048a 0D       		.byte	0xd
 970 048b 26       		.byte	0x26
 971 048c 21       		.uleb128 0x21
 972 048d 85020000 		.4byte	.LASF43
 973 0491 85020000 		.4byte	.LASF43
 974 0495 0E       		.byte	0xe
 975 0496 3A       		.byte	0x3a
 976 0497 00       		.byte	0
 977              		.section	.debug_abbrev,"",%progbits
 978              	.Ldebug_abbrev0:
 979 0000 01       		.uleb128 0x1
 980 0001 11       		.uleb128 0x11
 981 0002 01       		.byte	0x1
 982 0003 25       		.uleb128 0x25
 983 0004 0E       		.uleb128 0xe
 984 0005 13       		.uleb128 0x13
 985 0006 0B       		.uleb128 0xb
 986 0007 03       		.uleb128 0x3
 987 0008 0E       		.uleb128 0xe
 988 0009 1B       		.uleb128 0x1b
 989 000a 0E       		.uleb128 0xe
 990 000b 55       		.uleb128 0x55
 991 000c 17       		.uleb128 0x17
 992 000d 11       		.uleb128 0x11
 993 000e 01       		.uleb128 0x1
 994 000f 10       		.uleb128 0x10
 995 0010 17       		.uleb128 0x17
 996 0011 00       		.byte	0
 997 0012 00       		.byte	0
 998 0013 02       		.uleb128 0x2
 999 0014 24       		.uleb128 0x24
 1000 0015 00       		.byte	0
 1001 0016 0B       		.uleb128 0xb
ARM GAS  C:\Users\BASILE~1.BER\AppData\Local\Temp\ccY4DWY4.s 			page 21


 1002 0017 0B       		.uleb128 0xb
 1003 0018 3E       		.uleb128 0x3e
 1004 0019 0B       		.uleb128 0xb
 1005 001a 03       		.uleb128 0x3
 1006 001b 0E       		.uleb128 0xe
 1007 001c 00       		.byte	0
 1008 001d 00       		.byte	0
 1009 001e 03       		.uleb128 0x3
 1010 001f 16       		.uleb128 0x16
 1011 0020 00       		.byte	0
 1012 0021 03       		.uleb128 0x3
 1013 0022 0E       		.uleb128 0xe
 1014 0023 3A       		.uleb128 0x3a
 1015 0024 0B       		.uleb128 0xb
 1016 0025 3B       		.uleb128 0x3b
 1017 0026 0B       		.uleb128 0xb
 1018 0027 49       		.uleb128 0x49
 1019 0028 13       		.uleb128 0x13
 1020 0029 00       		.byte	0
 1021 002a 00       		.byte	0
 1022 002b 04       		.uleb128 0x4
 1023 002c 24       		.uleb128 0x24
 1024 002d 00       		.byte	0
 1025 002e 0B       		.uleb128 0xb
 1026 002f 0B       		.uleb128 0xb
 1027 0030 3E       		.uleb128 0x3e
 1028 0031 0B       		.uleb128 0xb
 1029 0032 03       		.uleb128 0x3
 1030 0033 08       		.uleb128 0x8
 1031 0034 00       		.byte	0
 1032 0035 00       		.byte	0
 1033 0036 05       		.uleb128 0x5
 1034 0037 16       		.uleb128 0x16
 1035 0038 00       		.byte	0
 1036 0039 03       		.uleb128 0x3
 1037 003a 0E       		.uleb128 0xe
 1038 003b 3A       		.uleb128 0x3a
 1039 003c 0B       		.uleb128 0xb
 1040 003d 3B       		.uleb128 0x3b
 1041 003e 05       		.uleb128 0x5
 1042 003f 49       		.uleb128 0x49
 1043 0040 13       		.uleb128 0x13
 1044 0041 00       		.byte	0
 1045 0042 00       		.byte	0
 1046 0043 06       		.uleb128 0x6
 1047 0044 0F       		.uleb128 0xf
 1048 0045 00       		.byte	0
 1049 0046 0B       		.uleb128 0xb
 1050 0047 0B       		.uleb128 0xb
 1051 0048 49       		.uleb128 0x49
 1052 0049 13       		.uleb128 0x13
 1053 004a 00       		.byte	0
 1054 004b 00       		.byte	0
 1055 004c 07       		.uleb128 0x7
 1056 004d 13       		.uleb128 0x13
 1057 004e 01       		.byte	0x1
 1058 004f 0B       		.uleb128 0xb
ARM GAS  C:\Users\BASILE~1.BER\AppData\Local\Temp\ccY4DWY4.s 			page 22


 1059 0050 0B       		.uleb128 0xb
 1060 0051 3A       		.uleb128 0x3a
 1061 0052 0B       		.uleb128 0xb
 1062 0053 3B       		.uleb128 0x3b
 1063 0054 0B       		.uleb128 0xb
 1064 0055 01       		.uleb128 0x1
 1065 0056 13       		.uleb128 0x13
 1066 0057 00       		.byte	0
 1067 0058 00       		.byte	0
 1068 0059 08       		.uleb128 0x8
 1069 005a 0D       		.uleb128 0xd
 1070 005b 00       		.byte	0
 1071 005c 03       		.uleb128 0x3
 1072 005d 08       		.uleb128 0x8
 1073 005e 3A       		.uleb128 0x3a
 1074 005f 0B       		.uleb128 0xb
 1075 0060 3B       		.uleb128 0x3b
 1076 0061 0B       		.uleb128 0xb
 1077 0062 49       		.uleb128 0x49
 1078 0063 13       		.uleb128 0x13
 1079 0064 38       		.uleb128 0x38
 1080 0065 0B       		.uleb128 0xb
 1081 0066 00       		.byte	0
 1082 0067 00       		.byte	0
 1083 0068 09       		.uleb128 0x9
 1084 0069 0D       		.uleb128 0xd
 1085 006a 00       		.byte	0
 1086 006b 03       		.uleb128 0x3
 1087 006c 0E       		.uleb128 0xe
 1088 006d 3A       		.uleb128 0x3a
 1089 006e 0B       		.uleb128 0xb
 1090 006f 3B       		.uleb128 0x3b
 1091 0070 0B       		.uleb128 0xb
 1092 0071 49       		.uleb128 0x49
 1093 0072 13       		.uleb128 0x13
 1094 0073 38       		.uleb128 0x38
 1095 0074 0B       		.uleb128 0xb
 1096 0075 00       		.byte	0
 1097 0076 00       		.byte	0
 1098 0077 0A       		.uleb128 0xa
 1099 0078 01       		.uleb128 0x1
 1100 0079 01       		.byte	0x1
 1101 007a 49       		.uleb128 0x49
 1102 007b 13       		.uleb128 0x13
 1103 007c 01       		.uleb128 0x1
 1104 007d 13       		.uleb128 0x13
 1105 007e 00       		.byte	0
 1106 007f 00       		.byte	0
 1107 0080 0B       		.uleb128 0xb
 1108 0081 21       		.uleb128 0x21
 1109 0082 00       		.byte	0
 1110 0083 49       		.uleb128 0x49
 1111 0084 13       		.uleb128 0x13
 1112 0085 2F       		.uleb128 0x2f
 1113 0086 0B       		.uleb128 0xb
 1114 0087 00       		.byte	0
 1115 0088 00       		.byte	0
ARM GAS  C:\Users\BASILE~1.BER\AppData\Local\Temp\ccY4DWY4.s 			page 23


 1116 0089 0C       		.uleb128 0xc
 1117 008a 17       		.uleb128 0x17
 1118 008b 01       		.byte	0x1
 1119 008c 03       		.uleb128 0x3
 1120 008d 0E       		.uleb128 0xe
 1121 008e 0B       		.uleb128 0xb
 1122 008f 0B       		.uleb128 0xb
 1123 0090 3A       		.uleb128 0x3a
 1124 0091 0B       		.uleb128 0xb
 1125 0092 3B       		.uleb128 0x3b
 1126 0093 0B       		.uleb128 0xb
 1127 0094 01       		.uleb128 0x1
 1128 0095 13       		.uleb128 0x13
 1129 0096 00       		.byte	0
 1130 0097 00       		.byte	0
 1131 0098 0D       		.uleb128 0xd
 1132 0099 0D       		.uleb128 0xd
 1133 009a 00       		.byte	0
 1134 009b 03       		.uleb128 0x3
 1135 009c 0E       		.uleb128 0xe
 1136 009d 3A       		.uleb128 0x3a
 1137 009e 0B       		.uleb128 0xb
 1138 009f 3B       		.uleb128 0x3b
 1139 00a0 0B       		.uleb128 0xb
 1140 00a1 49       		.uleb128 0x49
 1141 00a2 13       		.uleb128 0x13
 1142 00a3 00       		.byte	0
 1143 00a4 00       		.byte	0
 1144 00a5 0E       		.uleb128 0xe
 1145 00a6 0D       		.uleb128 0xd
 1146 00a7 00       		.byte	0
 1147 00a8 49       		.uleb128 0x49
 1148 00a9 13       		.uleb128 0x13
 1149 00aa 00       		.byte	0
 1150 00ab 00       		.byte	0
 1151 00ac 0F       		.uleb128 0xf
 1152 00ad 2E       		.uleb128 0x2e
 1153 00ae 01       		.byte	0x1
 1154 00af 3F       		.uleb128 0x3f
 1155 00b0 19       		.uleb128 0x19
 1156 00b1 03       		.uleb128 0x3
 1157 00b2 0E       		.uleb128 0xe
 1158 00b3 3A       		.uleb128 0x3a
 1159 00b4 0B       		.uleb128 0xb
 1160 00b5 3B       		.uleb128 0x3b
 1161 00b6 0B       		.uleb128 0xb
 1162 00b7 27       		.uleb128 0x27
 1163 00b8 19       		.uleb128 0x19
 1164 00b9 11       		.uleb128 0x11
 1165 00ba 01       		.uleb128 0x1
 1166 00bb 12       		.uleb128 0x12
 1167 00bc 06       		.uleb128 0x6
 1168 00bd 40       		.uleb128 0x40
 1169 00be 18       		.uleb128 0x18
 1170 00bf 9742     		.uleb128 0x2117
 1171 00c1 19       		.uleb128 0x19
 1172 00c2 01       		.uleb128 0x1
ARM GAS  C:\Users\BASILE~1.BER\AppData\Local\Temp\ccY4DWY4.s 			page 24


 1173 00c3 13       		.uleb128 0x13
 1174 00c4 00       		.byte	0
 1175 00c5 00       		.byte	0
 1176 00c6 10       		.uleb128 0x10
 1177 00c7 34       		.uleb128 0x34
 1178 00c8 00       		.byte	0
 1179 00c9 03       		.uleb128 0x3
 1180 00ca 0E       		.uleb128 0xe
 1181 00cb 3A       		.uleb128 0x3a
 1182 00cc 0B       		.uleb128 0xb
 1183 00cd 3B       		.uleb128 0x3b
 1184 00ce 0B       		.uleb128 0xb
 1185 00cf 49       		.uleb128 0x49
 1186 00d0 13       		.uleb128 0x13
 1187 00d1 02       		.uleb128 0x2
 1188 00d2 18       		.uleb128 0x18
 1189 00d3 00       		.byte	0
 1190 00d4 00       		.byte	0
 1191 00d5 11       		.uleb128 0x11
 1192 00d6 898201   		.uleb128 0x4109
 1193 00d9 00       		.byte	0
 1194 00da 11       		.uleb128 0x11
 1195 00db 01       		.uleb128 0x1
 1196 00dc 31       		.uleb128 0x31
 1197 00dd 13       		.uleb128 0x13
 1198 00de 00       		.byte	0
 1199 00df 00       		.byte	0
 1200 00e0 12       		.uleb128 0x12
 1201 00e1 898201   		.uleb128 0x4109
 1202 00e4 01       		.byte	0x1
 1203 00e5 11       		.uleb128 0x11
 1204 00e6 01       		.uleb128 0x1
 1205 00e7 31       		.uleb128 0x31
 1206 00e8 13       		.uleb128 0x13
 1207 00e9 01       		.uleb128 0x1
 1208 00ea 13       		.uleb128 0x13
 1209 00eb 00       		.byte	0
 1210 00ec 00       		.byte	0
 1211 00ed 13       		.uleb128 0x13
 1212 00ee 8A8201   		.uleb128 0x410a
 1213 00f1 00       		.byte	0
 1214 00f2 02       		.uleb128 0x2
 1215 00f3 18       		.uleb128 0x18
 1216 00f4 9142     		.uleb128 0x2111
 1217 00f6 18       		.uleb128 0x18
 1218 00f7 00       		.byte	0
 1219 00f8 00       		.byte	0
 1220 00f9 14       		.uleb128 0x14
 1221 00fa 898201   		.uleb128 0x4109
 1222 00fd 01       		.byte	0x1
 1223 00fe 11       		.uleb128 0x11
 1224 00ff 01       		.uleb128 0x1
 1225 0100 31       		.uleb128 0x31
 1226 0101 13       		.uleb128 0x13
 1227 0102 00       		.byte	0
 1228 0103 00       		.byte	0
 1229 0104 15       		.uleb128 0x15
ARM GAS  C:\Users\BASILE~1.BER\AppData\Local\Temp\ccY4DWY4.s 			page 25


 1230 0105 2E       		.uleb128 0x2e
 1231 0106 01       		.byte	0x1
 1232 0107 3F       		.uleb128 0x3f
 1233 0108 19       		.uleb128 0x19
 1234 0109 03       		.uleb128 0x3
 1235 010a 0E       		.uleb128 0xe
 1236 010b 3A       		.uleb128 0x3a
 1237 010c 0B       		.uleb128 0xb
 1238 010d 3B       		.uleb128 0x3b
 1239 010e 0B       		.uleb128 0xb
 1240 010f 27       		.uleb128 0x27
 1241 0110 19       		.uleb128 0x19
 1242 0111 49       		.uleb128 0x49
 1243 0112 13       		.uleb128 0x13
 1244 0113 11       		.uleb128 0x11
 1245 0114 01       		.uleb128 0x1
 1246 0115 12       		.uleb128 0x12
 1247 0116 06       		.uleb128 0x6
 1248 0117 40       		.uleb128 0x40
 1249 0118 18       		.uleb128 0x18
 1250 0119 9742     		.uleb128 0x2117
 1251 011b 19       		.uleb128 0x19
 1252 011c 01       		.uleb128 0x1
 1253 011d 13       		.uleb128 0x13
 1254 011e 00       		.byte	0
 1255 011f 00       		.byte	0
 1256 0120 16       		.uleb128 0x16
 1257 0121 05       		.uleb128 0x5
 1258 0122 00       		.byte	0
 1259 0123 03       		.uleb128 0x3
 1260 0124 0E       		.uleb128 0xe
 1261 0125 3A       		.uleb128 0x3a
 1262 0126 0B       		.uleb128 0xb
 1263 0127 3B       		.uleb128 0x3b
 1264 0128 0B       		.uleb128 0xb
 1265 0129 49       		.uleb128 0x49
 1266 012a 13       		.uleb128 0x13
 1267 012b 02       		.uleb128 0x2
 1268 012c 17       		.uleb128 0x17
 1269 012d 00       		.byte	0
 1270 012e 00       		.byte	0
 1271 012f 17       		.uleb128 0x17
 1272 0130 34       		.uleb128 0x34
 1273 0131 00       		.byte	0
 1274 0132 03       		.uleb128 0x3
 1275 0133 08       		.uleb128 0x8
 1276 0134 3A       		.uleb128 0x3a
 1277 0135 0B       		.uleb128 0xb
 1278 0136 3B       		.uleb128 0x3b
 1279 0137 0B       		.uleb128 0xb
 1280 0138 49       		.uleb128 0x49
 1281 0139 13       		.uleb128 0x13
 1282 013a 02       		.uleb128 0x2
 1283 013b 17       		.uleb128 0x17
 1284 013c 00       		.byte	0
 1285 013d 00       		.byte	0
 1286 013e 18       		.uleb128 0x18
ARM GAS  C:\Users\BASILE~1.BER\AppData\Local\Temp\ccY4DWY4.s 			page 26


 1287 013f 34       		.uleb128 0x34
 1288 0140 00       		.byte	0
 1289 0141 03       		.uleb128 0x3
 1290 0142 0E       		.uleb128 0xe
 1291 0143 3A       		.uleb128 0x3a
 1292 0144 0B       		.uleb128 0xb
 1293 0145 3B       		.uleb128 0x3b
 1294 0146 0B       		.uleb128 0xb
 1295 0147 49       		.uleb128 0x49
 1296 0148 13       		.uleb128 0x13
 1297 0149 02       		.uleb128 0x2
 1298 014a 17       		.uleb128 0x17
 1299 014b 00       		.byte	0
 1300 014c 00       		.byte	0
 1301 014d 19       		.uleb128 0x19
 1302 014e 0B       		.uleb128 0xb
 1303 014f 01       		.byte	0x1
 1304 0150 55       		.uleb128 0x55
 1305 0151 17       		.uleb128 0x17
 1306 0152 01       		.uleb128 0x1
 1307 0153 13       		.uleb128 0x13
 1308 0154 00       		.byte	0
 1309 0155 00       		.byte	0
 1310 0156 1A       		.uleb128 0x1a
 1311 0157 34       		.uleb128 0x34
 1312 0158 00       		.byte	0
 1313 0159 03       		.uleb128 0x3
 1314 015a 08       		.uleb128 0x8
 1315 015b 3A       		.uleb128 0x3a
 1316 015c 0B       		.uleb128 0xb
 1317 015d 3B       		.uleb128 0x3b
 1318 015e 0B       		.uleb128 0xb
 1319 015f 49       		.uleb128 0x49
 1320 0160 13       		.uleb128 0x13
 1321 0161 02       		.uleb128 0x2
 1322 0162 18       		.uleb128 0x18
 1323 0163 00       		.byte	0
 1324 0164 00       		.byte	0
 1325 0165 1B       		.uleb128 0x1b
 1326 0166 05       		.uleb128 0x5
 1327 0167 00       		.byte	0
 1328 0168 03       		.uleb128 0x3
 1329 0169 08       		.uleb128 0x8
 1330 016a 3A       		.uleb128 0x3a
 1331 016b 0B       		.uleb128 0xb
 1332 016c 3B       		.uleb128 0x3b
 1333 016d 0B       		.uleb128 0xb
 1334 016e 49       		.uleb128 0x49
 1335 016f 13       		.uleb128 0x13
 1336 0170 02       		.uleb128 0x2
 1337 0171 17       		.uleb128 0x17
 1338 0172 00       		.byte	0
 1339 0173 00       		.byte	0
 1340 0174 1C       		.uleb128 0x1c
 1341 0175 0B       		.uleb128 0xb
 1342 0176 01       		.byte	0x1
 1343 0177 11       		.uleb128 0x11
ARM GAS  C:\Users\BASILE~1.BER\AppData\Local\Temp\ccY4DWY4.s 			page 27


 1344 0178 01       		.uleb128 0x1
 1345 0179 12       		.uleb128 0x12
 1346 017a 06       		.uleb128 0x6
 1347 017b 01       		.uleb128 0x1
 1348 017c 13       		.uleb128 0x13
 1349 017d 00       		.byte	0
 1350 017e 00       		.byte	0
 1351 017f 1D       		.uleb128 0x1d
 1352 0180 34       		.uleb128 0x34
 1353 0181 00       		.byte	0
 1354 0182 03       		.uleb128 0x3
 1355 0183 0E       		.uleb128 0xe
 1356 0184 3A       		.uleb128 0x3a
 1357 0185 0B       		.uleb128 0xb
 1358 0186 3B       		.uleb128 0x3b
 1359 0187 0B       		.uleb128 0xb
 1360 0188 49       		.uleb128 0x49
 1361 0189 13       		.uleb128 0x13
 1362 018a 3F       		.uleb128 0x3f
 1363 018b 19       		.uleb128 0x19
 1364 018c 02       		.uleb128 0x2
 1365 018d 18       		.uleb128 0x18
 1366 018e 00       		.byte	0
 1367 018f 00       		.byte	0
 1368 0190 1E       		.uleb128 0x1e
 1369 0191 34       		.uleb128 0x34
 1370 0192 00       		.byte	0
 1371 0193 03       		.uleb128 0x3
 1372 0194 0E       		.uleb128 0xe
 1373 0195 3A       		.uleb128 0x3a
 1374 0196 0B       		.uleb128 0xb
 1375 0197 3B       		.uleb128 0x3b
 1376 0198 05       		.uleb128 0x5
 1377 0199 49       		.uleb128 0x49
 1378 019a 13       		.uleb128 0x13
 1379 019b 3F       		.uleb128 0x3f
 1380 019c 19       		.uleb128 0x19
 1381 019d 3C       		.uleb128 0x3c
 1382 019e 19       		.uleb128 0x19
 1383 019f 00       		.byte	0
 1384 01a0 00       		.byte	0
 1385 01a1 1F       		.uleb128 0x1f
 1386 01a2 35       		.uleb128 0x35
 1387 01a3 00       		.byte	0
 1388 01a4 49       		.uleb128 0x49
 1389 01a5 13       		.uleb128 0x13
 1390 01a6 00       		.byte	0
 1391 01a7 00       		.byte	0
 1392 01a8 20       		.uleb128 0x20
 1393 01a9 34       		.uleb128 0x34
 1394 01aa 00       		.byte	0
 1395 01ab 03       		.uleb128 0x3
 1396 01ac 08       		.uleb128 0x8
 1397 01ad 3A       		.uleb128 0x3a
 1398 01ae 0B       		.uleb128 0xb
 1399 01af 3B       		.uleb128 0x3b
 1400 01b0 0B       		.uleb128 0xb
ARM GAS  C:\Users\BASILE~1.BER\AppData\Local\Temp\ccY4DWY4.s 			page 28


 1401 01b1 49       		.uleb128 0x49
 1402 01b2 13       		.uleb128 0x13
 1403 01b3 3F       		.uleb128 0x3f
 1404 01b4 19       		.uleb128 0x19
 1405 01b5 02       		.uleb128 0x2
 1406 01b6 18       		.uleb128 0x18
 1407 01b7 00       		.byte	0
 1408 01b8 00       		.byte	0
 1409 01b9 21       		.uleb128 0x21
 1410 01ba 2E       		.uleb128 0x2e
 1411 01bb 00       		.byte	0
 1412 01bc 3F       		.uleb128 0x3f
 1413 01bd 19       		.uleb128 0x19
 1414 01be 3C       		.uleb128 0x3c
 1415 01bf 19       		.uleb128 0x19
 1416 01c0 6E       		.uleb128 0x6e
 1417 01c1 0E       		.uleb128 0xe
 1418 01c2 03       		.uleb128 0x3
 1419 01c3 0E       		.uleb128 0xe
 1420 01c4 3A       		.uleb128 0x3a
 1421 01c5 0B       		.uleb128 0xb
 1422 01c6 3B       		.uleb128 0x3b
 1423 01c7 0B       		.uleb128 0xb
 1424 01c8 00       		.byte	0
 1425 01c9 00       		.byte	0
 1426 01ca 00       		.byte	0
 1427              		.section	.debug_loc,"",%progbits
 1428              	.Ldebug_loc0:
 1429              	.LLST0:
 1430 0000 00000000 		.4byte	.LVL4
 1431 0004 07000000 		.4byte	.LVL5-1
 1432 0008 0100     		.2byte	0x1
 1433 000a 50       		.byte	0x50
 1434 000b 07000000 		.4byte	.LVL5-1
 1435 000f 44000000 		.4byte	.LFE67
 1436 0013 0100     		.2byte	0x1
 1437 0015 54       		.byte	0x54
 1438 0016 00000000 		.4byte	0
 1439 001a 00000000 		.4byte	0
 1440              	.LLST1:
 1441 001e 08000000 		.4byte	.LVL5
 1442 0022 0E000000 		.4byte	.LVL7
 1443 0026 0100     		.2byte	0x1
 1444 0028 50       		.byte	0x50
 1445 0029 0E000000 		.4byte	.LVL7
 1446 002d 12000000 		.4byte	.LVL8
 1447 0031 0300     		.2byte	0x3
 1448 0033 72       		.byte	0x72
 1449 0034 01       		.sleb128 1
 1450 0035 9F       		.byte	0x9f
 1451 0036 00000000 		.4byte	0
 1452 003a 00000000 		.4byte	0
 1453              	.LLST2:
 1454 003e 08000000 		.4byte	.LVL5
 1455 0042 12000000 		.4byte	.LVL8
 1456 0046 0200     		.2byte	0x2
 1457 0048 31       		.byte	0x31
ARM GAS  C:\Users\BASILE~1.BER\AppData\Local\Temp\ccY4DWY4.s 			page 29


 1458 0049 9F       		.byte	0x9f
 1459 004a 12000000 		.4byte	.LVL8
 1460 004e 44000000 		.4byte	.LFE67
 1461 0052 0100     		.2byte	0x1
 1462 0054 55       		.byte	0x55
 1463 0055 00000000 		.4byte	0
 1464 0059 00000000 		.4byte	0
 1465              	.LLST3:
 1466 005d 08000000 		.4byte	.LVL5
 1467 0061 12000000 		.4byte	.LVL8
 1468 0065 0200     		.2byte	0x2
 1469 0067 30       		.byte	0x30
 1470 0068 9F       		.byte	0x9f
 1471 0069 12000000 		.4byte	.LVL8
 1472 006d 42000000 		.4byte	.LVL14
 1473 0071 0100     		.2byte	0x1
 1474 0073 50       		.byte	0x50
 1475 0074 00000000 		.4byte	0
 1476 0078 00000000 		.4byte	0
 1477              	.LLST4:
 1478 007c 00000000 		.4byte	.LVL15
 1479 0080 0A000000 		.4byte	.LVL16
 1480 0084 0100     		.2byte	0x1
 1481 0086 50       		.byte	0x50
 1482 0087 0A000000 		.4byte	.LVL16
 1483 008b 74000000 		.4byte	.LFE66
 1484 008f 0400     		.2byte	0x4
 1485 0091 F3       		.byte	0xf3
 1486 0092 01       		.uleb128 0x1
 1487 0093 50       		.byte	0x50
 1488 0094 9F       		.byte	0x9f
 1489 0095 00000000 		.4byte	0
 1490 0099 00000000 		.4byte	0
 1491              	.LLST5:
 1492 009d 00000000 		.4byte	.LVL15
 1493 00a1 0D000000 		.4byte	.LVL17-1
 1494 00a5 0100     		.2byte	0x1
 1495 00a7 51       		.byte	0x51
 1496 00a8 0D000000 		.4byte	.LVL17-1
 1497 00ac 74000000 		.4byte	.LFE66
 1498 00b0 0100     		.2byte	0x1
 1499 00b2 54       		.byte	0x54
 1500 00b3 00000000 		.4byte	0
 1501 00b7 00000000 		.4byte	0
 1502              	.LLST6:
 1503 00bb 00000000 		.4byte	.LVL15
 1504 00bf 0D000000 		.4byte	.LVL17-1
 1505 00c3 0100     		.2byte	0x1
 1506 00c5 52       		.byte	0x52
 1507 00c6 0D000000 		.4byte	.LVL17-1
 1508 00ca 74000000 		.4byte	.LFE66
 1509 00ce 0100     		.2byte	0x1
 1510 00d0 57       		.byte	0x57
 1511 00d1 00000000 		.4byte	0
 1512 00d5 00000000 		.4byte	0
 1513              	.LLST7:
 1514 00d9 14000000 		.4byte	.LVL18
ARM GAS  C:\Users\BASILE~1.BER\AppData\Local\Temp\ccY4DWY4.s 			page 30


 1515 00dd 30000000 		.4byte	.LVL20
 1516 00e1 0100     		.2byte	0x1
 1517 00e3 55       		.byte	0x55
 1518 00e4 32000000 		.4byte	.LVL21
 1519 00e8 3E000000 		.4byte	.LVL23
 1520 00ec 0100     		.2byte	0x1
 1521 00ee 55       		.byte	0x55
 1522 00ef 00000000 		.4byte	0
 1523 00f3 00000000 		.4byte	0
 1524              	.LLST8:
 1525 00f7 44000000 		.4byte	.LVL24
 1526 00fb 60000000 		.4byte	.LVL26
 1527 00ff 0100     		.2byte	0x1
 1528 0101 55       		.byte	0x55
 1529 0102 62000000 		.4byte	.LVL27
 1530 0106 6C000000 		.4byte	.LVL29
 1531 010a 0100     		.2byte	0x1
 1532 010c 55       		.byte	0x55
 1533 010d 00000000 		.4byte	0
 1534 0111 00000000 		.4byte	0
 1535              	.LLST9:
 1536 0115 46000000 		.4byte	.LVL35
 1537 0119 50000000 		.4byte	.LVL37
 1538 011d 0100     		.2byte	0x1
 1539 011f 54       		.byte	0x54
 1540 0120 00000000 		.4byte	0
 1541 0124 00000000 		.4byte	0
 1542              		.section	.debug_aranges,"",%progbits
 1543 0000 34000000 		.4byte	0x34
 1544 0004 0200     		.2byte	0x2
 1545 0006 00000000 		.4byte	.Ldebug_info0
 1546 000a 04       		.byte	0x4
 1547 000b 00       		.byte	0
 1548 000c 0000     		.2byte	0
 1549 000e 0000     		.2byte	0
 1550 0010 00000000 		.4byte	.LFB64
 1551 0014 2C000000 		.4byte	.LFE64-.LFB64
 1552 0018 00000000 		.4byte	.LFB67
 1553 001c 44000000 		.4byte	.LFE67-.LFB67
 1554 0020 00000000 		.4byte	.LFB66
 1555 0024 74000000 		.4byte	.LFE66-.LFB66
 1556 0028 00000000 		.4byte	.LFB65
 1557 002c 64000000 		.4byte	.LFE65-.LFB65
 1558 0030 00000000 		.4byte	0
 1559 0034 00000000 		.4byte	0
 1560              		.section	.debug_ranges,"",%progbits
 1561              	.Ldebug_ranges0:
 1562 0000 08000000 		.4byte	.LBB2
 1563 0004 0C000000 		.4byte	.LBE2
 1564 0008 10000000 		.4byte	.LBB3
 1565 000c 40000000 		.4byte	.LBE3
 1566 0010 00000000 		.4byte	0
 1567 0014 00000000 		.4byte	0
 1568 0018 14000000 		.4byte	.LBB4
 1569 001c 30000000 		.4byte	.LBE4
 1570 0020 32000000 		.4byte	.LBB5
 1571 0024 3E000000 		.4byte	.LBE5
ARM GAS  C:\Users\BASILE~1.BER\AppData\Local\Temp\ccY4DWY4.s 			page 31


 1572 0028 00000000 		.4byte	0
 1573 002c 00000000 		.4byte	0
 1574 0030 44000000 		.4byte	.LBB6
 1575 0034 60000000 		.4byte	.LBE6
 1576 0038 62000000 		.4byte	.LBB7
 1577 003c 6C000000 		.4byte	.LBE7
 1578 0040 00000000 		.4byte	0
 1579 0044 00000000 		.4byte	0
 1580 0048 00000000 		.4byte	.LFB64
 1581 004c 2C000000 		.4byte	.LFE64
 1582 0050 00000000 		.4byte	.LFB67
 1583 0054 44000000 		.4byte	.LFE67
 1584 0058 00000000 		.4byte	.LFB66
 1585 005c 74000000 		.4byte	.LFE66
 1586 0060 00000000 		.4byte	.LFB65
 1587 0064 64000000 		.4byte	.LFE65
 1588 0068 00000000 		.4byte	0
 1589 006c 00000000 		.4byte	0
 1590              		.section	.debug_line,"",%progbits
 1591              	.Ldebug_line0:
 1592 0000 D3020000 		.section	.debug_str,"MS",%progbits,1
 1592      02003202 
 1592      00000201 
 1592      FB0E0D00 
 1592      01010101 
 1593              	.LASF37:
 1594 0000 4C454431 		.ascii	"LED1_Write\000"
 1594      5F577269 
 1594      746500
 1595              	.LASF19:
 1596 000b 73747242 		.ascii	"strBuffer\000"
 1596      75666665 
 1596      7200
 1597              	.LASF45:
 1598 0015 426C6543 		.ascii	"BleCommunicatie.c\000"
 1598      6F6D6D75 
 1598      6E696361 
 1598      7469652E 
 1598      6300
 1599              	.LASF9:
 1600 0027 5F5F696E 		.ascii	"__int32_t\000"
 1600      7433325F 
 1600      7400
 1601              	.LASF26:
 1602 0031 68657842 		.ascii	"hexBuffer\000"
 1602      75666665 
 1602      7200
 1603              	.LASF3:
 1604 003b 73686F72 		.ascii	"short unsigned int\000"
 1604      7420756E 
 1604      7369676E 
 1604      65642069 
 1604      6E7400
 1605              	.LASF21:
 1606 004e 6465635F 		.ascii	"dec_val\000"
 1606      76616C00 
 1607              	.LASF8:
ARM GAS  C:\Users\BASILE~1.BER\AppData\Local\Temp\ccY4DWY4.s 			page 32


 1608 0056 756E7369 		.ascii	"unsigned int\000"
 1608      676E6564 
 1608      20696E74 
 1608      00
 1609              	.LASF27:
 1610 0063 73656E64 		.ascii	"sendBleData\000"
 1610      426C6544 
 1610      61746100 
 1611              	.LASF48:
 1612 006f 52785374 		.ascii	"RxStr\000"
 1612      7200
 1613              	.LASF47:
 1614 0075 54527842 		.ascii	"TRxBuffer\000"
 1614      75666665 
 1614      7200
 1615              	.LASF12:
 1616 007f 666C6F61 		.ascii	"float\000"
 1616      7400
 1617              	.LASF0:
 1618 0085 7369676E 		.ascii	"signed char\000"
 1618      65642063 
 1618      68617200 
 1619              	.LASF18:
 1620 0091 76616C73 		.ascii	"valstr\000"
 1620      747200
 1621              	.LASF44:
 1622 0098 474E5520 		.ascii	"GNU C11 5.4.1 20160609 (release) [ARM/embedded-5-br"
 1622      43313120 
 1622      352E342E 
 1622      31203230 
 1622      31363036 
 1623 00cb 616E6368 		.ascii	"anch revision 237715] -mcpu=cortex-m3 -mthumb -g -O"
 1623      20726576 
 1623      6973696F 
 1623      6E203233 
 1623      37373135 
 1624 00fe 67202D66 		.ascii	"g -ffunction-sections -ffat-lto-objects\000"
 1624      66756E63 
 1624      74696F6E 
 1624      2D736563 
 1624      74696F6E 
 1625              	.LASF20:
 1626 0126 62617365 		.ascii	"base\000"
 1626      00
 1627              	.LASF29:
 1628 012b 656E6162 		.ascii	"enable\000"
 1628      6C6500
 1629              	.LASF46:
 1630 0132 433A5C55 		.ascii	"C:\\Users\\basile.berckmoes\\Documents\\GitHub\\Rob"
 1630      73657273 
 1630      5C626173 
 1630      696C652E 
 1630      62657263 
 1631 0160 6F74436F 		.ascii	"otComp2ELO\\Software\\PSoc\\Roadster\\Roadster\\Roa"
 1631      6D703245 
 1631      4C4F5C53 
 1631      6F667477 
ARM GAS  C:\Users\BASILE~1.BER\AppData\Local\Temp\ccY4DWY4.s 			page 33


 1631      6172655C 
 1632 018e 64737465 		.ascii	"dster1.0.cydsn\000"
 1632      72312E30 
 1632      2E637964 
 1632      736E00
 1633              	.LASF36:
 1634 019d 4C454431 		.ascii	"LED1_Read\000"
 1634      5F526561 
 1634      6400
 1635              	.LASF41:
 1636 01a7 454E415F 		.ascii	"ENA_Write\000"
 1636      57726974 
 1636      6500
 1637              	.LASF35:
 1638 01b1 49544D5F 		.ascii	"ITM_RxBuffer\000"
 1638      52784275 
 1638      66666572 
 1638      00
 1639              	.LASF22:
 1640 01be 48657854 		.ascii	"HexToDec\000"
 1640      6F446563 
 1640      00
 1641              	.LASF25:
 1642 01c7 64656C69 		.ascii	"delimiter\000"
 1642      6D697465 
 1642      7200
 1643              	.LASF1:
 1644 01d1 756E7369 		.ascii	"unsigned char\000"
 1644      676E6564 
 1644      20636861 
 1644      7200
 1645              	.LASF33:
 1646 01df 56616C75 		.ascii	"ValueX\000"
 1646      655800
 1647              	.LASF34:
 1648 01e6 56616C75 		.ascii	"ValueY\000"
 1648      655900
 1649              	.LASF42:
 1650 01ed 454E425F 		.ascii	"ENB_Write\000"
 1650      57726974 
 1650      6500
 1651              	.LASF17:
 1652 01f7 75696E74 		.ascii	"uint\000"
 1652      00
 1653              	.LASF32:
 1654 01fc 70776D4D 		.ascii	"pwmMotorRechts\000"
 1654      6F746F72 
 1654      52656368 
 1654      747300
 1655              	.LASF40:
 1656 020b 7374726C 		.ascii	"strlen\000"
 1656      656E00
 1657              	.LASF7:
 1658 0212 6C6F6E67 		.ascii	"long long unsigned int\000"
 1658      206C6F6E 
 1658      6720756E 
 1658      7369676E 
ARM GAS  C:\Users\BASILE~1.BER\AppData\Local\Temp\ccY4DWY4.s 			page 34


 1658      65642069 
 1659              	.LASF30:
 1660 0229 7374724D 		.ascii	"strMsg1\000"
 1660      73673100 
 1661              	.LASF39:
 1662 0231 426C6555 		.ascii	"BleUart_PutString\000"
 1662      6172745F 
 1662      50757453 
 1662      7472696E 
 1662      6700
 1663              	.LASF5:
 1664 0243 6C6F6E67 		.ascii	"long unsigned int\000"
 1664      20756E73 
 1664      69676E65 
 1664      6420696E 
 1664      7400
 1665              	.LASF10:
 1666 0255 696E7433 		.ascii	"int32_t\000"
 1666      325F7400 
 1667              	.LASF23:
 1668 025d 67657443 		.ascii	"getCMDValue\000"
 1668      4D445661 
 1668      6C756500 
 1669              	.LASF16:
 1670 0269 73697A65 		.ascii	"sizetype\000"
 1670      74797065 
 1670      00
 1671              	.LASF6:
 1672 0272 6C6F6E67 		.ascii	"long long int\000"
 1672      206C6F6E 
 1672      6720696E 
 1672      7400
 1673              	.LASF14:
 1674 0280 63686172 		.ascii	"char\000"
 1674      00
 1675              	.LASF43:
 1676 0285 4C43445F 		.ascii	"LCD_WriteControl\000"
 1676      57726974 
 1676      65436F6E 
 1676      74726F6C 
 1676      00
 1677              	.LASF2:
 1678 0296 73686F72 		.ascii	"short int\000"
 1678      7420696E 
 1678      7400
 1679              	.LASF11:
 1680 02a0 75696E74 		.ascii	"uint8\000"
 1680      3800
 1681              	.LASF4:
 1682 02a6 6C6F6E67 		.ascii	"long int\000"
 1682      20696E74 
 1682      00
 1683              	.LASF15:
 1684 02af 6C6F6E67 		.ascii	"long double\000"
 1684      20646F75 
 1684      626C6500 
 1685              	.LASF24:
ARM GAS  C:\Users\BASILE~1.BER\AppData\Local\Temp\ccY4DWY4.s 			page 35


 1686 02bb 68657856 		.ascii	"hexVal\000"
 1686      616C00
 1687              	.LASF13:
 1688 02c2 646F7562 		.ascii	"double\000"
 1688      6C6500
 1689              	.LASF31:
 1690 02c9 70776D4D 		.ascii	"pwmMotorLinks\000"
 1690      6F746F72 
 1690      4C696E6B 
 1690      7300
 1691              	.LASF28:
 1692 02d7 50726F63 		.ascii	"ProcessCommandMsg\000"
 1692      65737343 
 1692      6F6D6D61 
 1692      6E644D73 
 1692      6700
 1693              	.LASF38:
 1694 02e9 73707269 		.ascii	"sprintf\000"
 1694      6E746600 
 1695              		.ident	"GCC: (GNU Tools for ARM Embedded Processors) 5.4.1 20160609 (release) [ARM/embedded-5-bran
