ARM GAS  C:\Users\BASILE~1.BER\AppData\Local\Temp\ccUG8ckg.s 			page 1


   1              		.syntax unified
   2              		.cpu cortex-m3
   3              		.fpu softvfp
   4              		.eabi_attribute 20, 1
   5              		.eabi_attribute 21, 1
   6              		.eabi_attribute 23, 3
   7              		.eabi_attribute 24, 1
   8              		.eabi_attribute 25, 1
   9              		.eabi_attribute 26, 1
  10              		.eabi_attribute 30, 1
  11              		.eabi_attribute 34, 1
  12              		.eabi_attribute 18, 4
  13              		.thumb
  14              		.syntax unified
  15              		.file	"cymetadata.c"
  16              		.text
  17              	.Ltext0:
  18              		.cfi_sections	.debug_frame
  19              		.global	cy_metadata
  20              		.global	cy_meta_flashprotect
  21              		.global	cy_meta_wonvl
  22              		.global	cy_meta_custnvl
  23              		.global	cy_meta_configecc
  24              		.section	.cyconfigecc,"a",%progbits
  25              		.align	2
  26              		.type	cy_meta_configecc, %object
  27              		.size	cy_meta_configecc, 1132
  28              	cy_meta_configecc:
  29 0000 02       		.byte	2
  30 0001 52       		.byte	82
  31 0002 00       		.byte	0
  32 0003 40       		.byte	64
  33 0004 01       		.byte	1
  34 0005 64       		.byte	100
  35 0006 00       		.byte	0
  36 0007 40       		.byte	64
  37 0008 03       		.byte	3
  38 0009 65       		.byte	101
  39 000a 00       		.byte	0
  40 000b 40       		.byte	64
  41 000c 4D       		.byte	77
  42 000d 08       		.byte	8
  43 000e 01       		.byte	1
  44 000f 40       		.byte	64
  45 0010 37       		.byte	55
  46 0011 09       		.byte	9
  47 0012 01       		.byte	1
  48 0013 40       		.byte	64
  49 0014 01       		.byte	1
  50 0015 15       		.byte	21
  51 0016 01       		.byte	1
  52 0017 40       		.byte	64
  53 0018 58       		.byte	88
  54 0019 18       		.byte	24
  55 001a 01       		.byte	1
  56 001b 40       		.byte	64
  57 001c 44       		.byte	68
ARM GAS  C:\Users\BASILE~1.BER\AppData\Local\Temp\ccUG8ckg.s 			page 2


  58 001d 19       		.byte	25
  59 001e 01       		.byte	1
  60 001f 40       		.byte	64
  61 0020 5D       		.byte	93
  62 0021 1A       		.byte	26
  63 0022 01       		.byte	1
  64 0023 40       		.byte	64
  65 0024 47       		.byte	71
  66 0025 1B       		.byte	27
  67 0026 01       		.byte	1
  68 0027 40       		.byte	64
  69 0028 02       		.byte	2
  70 0029 40       		.byte	64
  71 002a 01       		.byte	1
  72 002b 40       		.byte	64
  73 002c 01       		.byte	1
  74 002d 41       		.byte	65
  75 002e 01       		.byte	1
  76 002f 40       		.byte	64
  77 0030 01       		.byte	1
  78 0031 42       		.byte	66
  79 0032 01       		.byte	1
  80 0033 40       		.byte	64
  81 0034 01       		.byte	1
  82 0035 43       		.byte	67
  83 0036 01       		.byte	1
  84 0037 40       		.byte	64
  85 0038 02       		.byte	2
  86 0039 47       		.byte	71
  87 003a 01       		.byte	1
  88 003b 40       		.byte	64
  89 003c 01       		.byte	1
  90 003d 48       		.byte	72
  91 003e 01       		.byte	1
  92 003f 40       		.byte	64
  93 0040 03       		.byte	3
  94 0041 49       		.byte	73
  95 0042 01       		.byte	1
  96 0043 40       		.byte	64
  97 0044 0C       		.byte	12
  98 0045 4C       		.byte	76
  99 0046 01       		.byte	1
 100 0047 40       		.byte	64
 101 0048 0A       		.byte	10
 102 0049 4D       		.byte	77
 103 004a 01       		.byte	1
 104 004b 40       		.byte	64
 105 004c 04       		.byte	4
 106 004d 50       		.byte	80
 107 004e 01       		.byte	1
 108 004f 40       		.byte	64
 109 0050 01       		.byte	1
 110 0051 51       		.byte	81
 111 0052 01       		.byte	1
 112 0053 40       		.byte	64
 113 0054 08       		.byte	8
 114 0055 50       		.byte	80
ARM GAS  C:\Users\BASILE~1.BER\AppData\Local\Temp\ccUG8ckg.s 			page 3


 115 0056 09       		.byte	9
 116 0057 10       		.byte	16
 117 0058 88       		.byte	-120
 118 0059 72       		.byte	114
 119 005a 89       		.byte	-119
 120 005b 0F       		.byte	15
 121 005c 8A       		.byte	-118
 122 005d 0F       		.byte	15
 123 005e 8B       		.byte	-117
 124 005f 38       		.byte	56
 125 0060 01       		.byte	1
 126 0061 10       		.byte	16
 127 0062 02       		.byte	2
 128 0063 20       		.byte	32
 129 0064 04       		.byte	4
 130 0065 07       		.byte	7
 131 0066 05       		.byte	5
 132 0067 08       		.byte	8
 133 0068 06       		.byte	6
 134 0069 18       		.byte	24
 135 006a 08       		.byte	8
 136 006b 08       		.byte	8
 137 006c 09       		.byte	9
 138 006d E7       		.byte	-25
 139 006e 0B       		.byte	11
 140 006f 18       		.byte	24
 141 0070 0C       		.byte	12
 142 0071 1A       		.byte	26
 143 0072 0E       		.byte	14
 144 0073 05       		.byte	5
 145 0074 0F       		.byte	15
 146 0075 E3       		.byte	-29
 147 0076 10       		.byte	16
 148 0077 1F       		.byte	31
 149 0078 11       		.byte	17
 150 0079 3C       		.byte	60
 151 007a 13       		.byte	19
 152 007b C2       		.byte	-62
 153 007c 15       		.byte	21
 154 007d 80       		.byte	-128
 155 007e 19       		.byte	25
 156 007f 44       		.byte	68
 157 0080 1A       		.byte	26
 158 0081 20       		.byte	32
 159 0082 1C       		.byte	28
 160 0083 1A       		.byte	26
 161 0084 1E       		.byte	30
 162 0085 05       		.byte	5
 163 0086 1F       		.byte	31
 164 0087 04       		.byte	4
 165 0088 21       		.byte	33
 166 0089 DC       		.byte	-36
 167 008a 22       		.byte	34
 168 008b 04       		.byte	4
 169 008c 23       		.byte	35
 170 008d 21       		.byte	33
 171 008e 25       		.byte	37
ARM GAS  C:\Users\BASILE~1.BER\AppData\Local\Temp\ccUG8ckg.s 			page 4


 172 008f C0       		.byte	-64
 173 0090 28       		.byte	40
 174 0091 18       		.byte	24
 175 0092 29       		.byte	41
 176 0093 18       		.byte	24
 177 0094 2C       		.byte	44
 178 0095 10       		.byte	16
 179 0096 2D       		.byte	45
 180 0097 FF       		.byte	-1
 181 0098 30       		.byte	48
 182 0099 01       		.byte	1
 183 009a 31       		.byte	49
 184 009b 1F       		.byte	31
 185 009c 32       		.byte	50
 186 009d 20       		.byte	32
 187 009e 33       		.byte	51
 188 009f D8       		.byte	-40
 189 00a0 34       		.byte	52
 190 00a1 02       		.byte	2
 191 00a2 35       		.byte	53
 192 00a3 38       		.byte	56
 193 00a4 36       		.byte	54
 194 00a5 1C       		.byte	28
 195 00a6 38       		.byte	56
 196 00a7 02       		.byte	2
 197 00a8 3A       		.byte	58
 198 00a9 80       		.byte	-128
 199 00aa 3B       		.byte	59
 200 00ab 0A       		.byte	10
 201 00ac 3E       		.byte	62
 202 00ad 14       		.byte	20
 203 00ae 40       		.byte	64
 204 00af 03       		.byte	3
 205 00b0 45       		.byte	69
 206 00b1 04       		.byte	4
 207 00b2 49       		.byte	73
 208 00b3 FF       		.byte	-1
 209 00b4 4A       		.byte	74
 210 00b5 07       		.byte	7
 211 00b6 4B       		.byte	75
 212 00b7 FF       		.byte	-1
 213 00b8 4C       		.byte	76
 214 00b9 40       		.byte	64
 215 00ba 4D       		.byte	77
 216 00bb 20       		.byte	32
 217 00bc 4E       		.byte	78
 218 00bd F0       		.byte	-16
 219 00be 4F       		.byte	79
 220 00bf 05       		.byte	5
 221 00c0 50       		.byte	80
 222 00c1 08       		.byte	8
 223 00c2 56       		.byte	86
 224 00c3 02       		.byte	2
 225 00c4 57       		.byte	87
 226 00c5 12       		.byte	18
 227 00c6 58       		.byte	88
 228 00c7 04       		.byte	4
ARM GAS  C:\Users\BASILE~1.BER\AppData\Local\Temp\ccUG8ckg.s 			page 5


 229 00c8 59       		.byte	89
 230 00c9 04       		.byte	4
 231 00ca 5A       		.byte	90
 232 00cb 04       		.byte	4
 233 00cc 5B       		.byte	91
 234 00cd 04       		.byte	4
 235 00ce 5F       		.byte	95
 236 00cf 01       		.byte	1
 237 00d0 60       		.byte	96
 238 00d1 40       		.byte	64
 239 00d2 61       		.byte	97
 240 00d3 A8       		.byte	-88
 241 00d4 62       		.byte	98
 242 00d5 40       		.byte	64
 243 00d6 63       		.byte	99
 244 00d7 20       		.byte	32
 245 00d8 8D       		.byte	-115
 246 00d9 01       		.byte	1
 247 00da 8E       		.byte	-114
 248 00db 01       		.byte	1
 249 00dc 8F       		.byte	-113
 250 00dd 02       		.byte	2
 251 00de 92       		.byte	-110
 252 00df 01       		.byte	1
 253 00e0 9B       		.byte	-101
 254 00e1 03       		.byte	3
 255 00e2 A0       		.byte	-96
 256 00e3 02       		.byte	2
 257 00e4 B2       		.byte	-78
 258 00e5 02       		.byte	2
 259 00e6 B3       		.byte	-77
 260 00e7 02       		.byte	2
 261 00e8 B4       		.byte	-76
 262 00e9 01       		.byte	1
 263 00ea B5       		.byte	-75
 264 00eb 01       		.byte	1
 265 00ec BA       		.byte	-70
 266 00ed 02       		.byte	2
 267 00ee BE       		.byte	-66
 268 00ef 14       		.byte	20
 269 00f0 BF       		.byte	-65
 270 00f1 14       		.byte	20
 271 00f2 D8       		.byte	-40
 272 00f3 04       		.byte	4
 273 00f4 D9       		.byte	-39
 274 00f5 04       		.byte	4
 275 00f6 DB       		.byte	-37
 276 00f7 04       		.byte	4
 277 00f8 DF       		.byte	-33
 278 00f9 01       		.byte	1
 279 00fa 03       		.byte	3
 280 00fb 01       		.byte	1
 281 00fc 05       		.byte	5
 282 00fd 41       		.byte	65
 283 00fe 07       		.byte	7
 284 00ff 14       		.byte	20
 285 0100 0A       		.byte	10
ARM GAS  C:\Users\BASILE~1.BER\AppData\Local\Temp\ccUG8ckg.s 			page 6


 286 0101 80       		.byte	-128
 287 0102 0E       		.byte	14
 288 0103 42       		.byte	66
 289 0104 0F       		.byte	15
 290 0105 08       		.byte	8
 291 0106 10       		.byte	16
 292 0107 80       		.byte	-128
 293 0108 16       		.byte	22
 294 0109 81       		.byte	-127
 295 010a 17       		.byte	23
 296 010b 20       		.byte	32
 297 010c 18       		.byte	24
 298 010d 04       		.byte	4
 299 010e 19       		.byte	25
 300 010f 04       		.byte	4
 301 0110 1A       		.byte	26
 302 0111 40       		.byte	64
 303 0112 1D       		.byte	29
 304 0113 41       		.byte	65
 305 0114 1E       		.byte	30
 306 0115 04       		.byte	4
 307 0116 1F       		.byte	31
 308 0117 44       		.byte	68
 309 0118 22       		.byte	34
 310 0119 04       		.byte	4
 311 011a 23       		.byte	35
 312 011b 04       		.byte	4
 313 011c 24       		.byte	36
 314 011d 10       		.byte	16
 315 011e 25       		.byte	37
 316 011f 10       		.byte	16
 317 0120 26       		.byte	38
 318 0121 01       		.byte	1
 319 0122 27       		.byte	39
 320 0123 10       		.byte	16
 321 0124 2C       		.byte	44
 322 0125 08       		.byte	8
 323 0126 2E       		.byte	46
 324 0127 40       		.byte	64
 325 0128 2F       		.byte	47
 326 0129 50       		.byte	80
 327 012a 32       		.byte	50
 328 012b 20       		.byte	32
 329 012c 36       		.byte	54
 330 012d 11       		.byte	17
 331 012e 37       		.byte	55
 332 012f 48       		.byte	72
 333 0130 39       		.byte	57
 334 0131 80       		.byte	-128
 335 0132 3C       		.byte	60
 336 0133 50       		.byte	80
 337 0134 3E       		.byte	62
 338 0135 8A       		.byte	-118
 339 0136 40       		.byte	64
 340 0137 80       		.byte	-128
 341 0138 42       		.byte	66
 342 0139 40       		.byte	64
ARM GAS  C:\Users\BASILE~1.BER\AppData\Local\Temp\ccUG8ckg.s 			page 7


 343 013a 45       		.byte	69
 344 013b 08       		.byte	8
 345 013c 4E       		.byte	78
 346 013d 10       		.byte	16
 347 013e 57       		.byte	87
 348 013f 40       		.byte	64
 349 0140 5E       		.byte	94
 350 0141 04       		.byte	4
 351 0142 69       		.byte	105
 352 0143 80       		.byte	-128
 353 0144 6B       		.byte	107
 354 0145 01       		.byte	1
 355 0146 6D       		.byte	109
 356 0147 50       		.byte	80
 357 0148 6E       		.byte	110
 358 0149 08       		.byte	8
 359 014a 74       		.byte	116
 360 014b 08       		.byte	8
 361 014c 76       		.byte	118
 362 014d 0B       		.byte	11
 363 014e 77       		.byte	119
 364 014f 24       		.byte	36
 365 0150 80       		.byte	-128
 366 0151 04       		.byte	4
 367 0152 86       		.byte	-122
 368 0153 04       		.byte	4
 369 0154 C0       		.byte	-64
 370 0155 F1       		.byte	-15
 371 0156 C2       		.byte	-62
 372 0157 D8       		.byte	-40
 373 0158 C4       		.byte	-60
 374 0159 D8       		.byte	-40
 375 015a CA       		.byte	-54
 376 015b F0       		.byte	-16
 377 015c CC       		.byte	-52
 378 015d F4       		.byte	-12
 379 015e CE       		.byte	-50
 380 015f F8       		.byte	-8
 381 0160 D0       		.byte	-48
 382 0161 40       		.byte	64
 383 0162 D6       		.byte	-42
 384 0163 40       		.byte	64
 385 0164 E0       		.byte	-32
 386 0165 04       		.byte	4
 387 0166 E4       		.byte	-28
 388 0167 08       		.byte	8
 389 0168 E6       		.byte	-26
 390 0169 02       		.byte	2
 391 016a 00       		.byte	0
 392 016b 4F       		.byte	79
 393 016c 01       		.byte	1
 394 016d 02       		.byte	2
 395 016e 02       		.byte	2
 396 016f 10       		.byte	16
 397 0170 03       		.byte	3
 398 0171 08       		.byte	8
 399 0172 04       		.byte	4
ARM GAS  C:\Users\BASILE~1.BER\AppData\Local\Temp\ccUG8ckg.s 			page 8


 400 0173 4F       		.byte	79
 401 0174 06       		.byte	6
 402 0175 30       		.byte	48
 403 0176 0B       		.byte	11
 404 0177 01       		.byte	1
 405 0178 0F       		.byte	15
 406 0179 06       		.byte	6
 407 017a 12       		.byte	18
 408 017b 55       		.byte	85
 409 017c 13       		.byte	19
 410 017d 06       		.byte	6
 411 017e 15       		.byte	21
 412 017f 04       		.byte	4
 413 0180 18       		.byte	24
 414 0181 0C       		.byte	12
 415 0182 19       		.byte	25
 416 0183 06       		.byte	6
 417 0184 1A       		.byte	26
 418 0185 50       		.byte	80
 419 0186 1D       		.byte	29
 420 0187 06       		.byte	6
 421 0188 22       		.byte	34
 422 0189 20       		.byte	32
 423 018a 23       		.byte	35
 424 018b 06       		.byte	6
 425 018c 25       		.byte	37
 426 018d 06       		.byte	6
 427 018e 28       		.byte	40
 428 018f 2A       		.byte	42
 429 0190 2A       		.byte	42
 430 0191 50       		.byte	80
 431 0192 2B       		.byte	43
 432 0193 01       		.byte	1
 433 0194 30       		.byte	48
 434 0195 40       		.byte	64
 435 0196 31       		.byte	49
 436 0197 08       		.byte	8
 437 0198 32       		.byte	50
 438 0199 03       		.byte	3
 439 019a 33       		.byte	51
 440 019b 01       		.byte	1
 441 019c 34       		.byte	52
 442 019d 3C       		.byte	60
 443 019e 37       		.byte	55
 444 019f 06       		.byte	6
 445 01a0 38       		.byte	56
 446 01a1 08       		.byte	8
 447 01a2 3A       		.byte	58
 448 01a3 20       		.byte	32
 449 01a4 3E       		.byte	62
 450 01a5 05       		.byte	5
 451 01a6 3F       		.byte	63
 452 01a7 04       		.byte	4
 453 01a8 58       		.byte	88
 454 01a9 04       		.byte	4
 455 01aa 59       		.byte	89
 456 01ab 04       		.byte	4
ARM GAS  C:\Users\BASILE~1.BER\AppData\Local\Temp\ccUG8ckg.s 			page 9


 457 01ac 5F       		.byte	95
 458 01ad 01       		.byte	1
 459 01ae 80       		.byte	-128
 460 01af 0C       		.byte	12
 461 01b0 82       		.byte	-126
 462 01b1 11       		.byte	17
 463 01b2 83       		.byte	-125
 464 01b3 1C       		.byte	28
 465 01b4 84       		.byte	-124
 466 01b5 10       		.byte	16
 467 01b6 85       		.byte	-123
 468 01b7 21       		.byte	33
 469 01b8 86       		.byte	-122
 470 01b9 0C       		.byte	12
 471 01ba 87       		.byte	-121
 472 01bb 16       		.byte	22
 473 01bc 88       		.byte	-120
 474 01bd 20       		.byte	32
 475 01be 8A       		.byte	-118
 476 01bf 03       		.byte	3
 477 01c0 8C       		.byte	-116
 478 01c1 09       		.byte	9
 479 01c2 8D       		.byte	-115
 480 01c3 80       		.byte	-128
 481 01c4 8E       		.byte	-114
 482 01c5 10       		.byte	16
 483 01c6 94       		.byte	-108
 484 01c7 10       		.byte	16
 485 01c8 95       		.byte	-107
 486 01c9 1C       		.byte	28
 487 01ca 97       		.byte	-105
 488 01cb 23       		.byte	35
 489 01cc 9B       		.byte	-101
 490 01cd 08       		.byte	8
 491 01ce 9F       		.byte	-97
 492 01cf 80       		.byte	-128
 493 01d0 A1       		.byte	-95
 494 01d1 40       		.byte	64
 495 01d2 A3       		.byte	-93
 496 01d3 03       		.byte	3
 497 01d4 A4       		.byte	-92
 498 01d5 14       		.byte	20
 499 01d6 A8       		.byte	-88
 500 01d7 1C       		.byte	28
 501 01d8 AA       		.byte	-86
 502 01d9 02       		.byte	2
 503 01da AD       		.byte	-83
 504 01db 21       		.byte	33
 505 01dc AF       		.byte	-81
 506 01dd 0E       		.byte	14
 507 01de B1       		.byte	-79
 508 01df 60       		.byte	96
 509 01e0 B2       		.byte	-78
 510 01e1 1F       		.byte	31
 511 01e2 B3       		.byte	-77
 512 01e3 0F       		.byte	15
 513 01e4 B5       		.byte	-75
ARM GAS  C:\Users\BASILE~1.BER\AppData\Local\Temp\ccUG8ckg.s 			page 10


 514 01e5 80       		.byte	-128
 515 01e6 B6       		.byte	-74
 516 01e7 20       		.byte	32
 517 01e8 B7       		.byte	-73
 518 01e9 1A       		.byte	26
 519 01ea B9       		.byte	-71
 520 01eb 02       		.byte	2
 521 01ec BB       		.byte	-69
 522 01ed 88       		.byte	-120
 523 01ee BE       		.byte	-66
 524 01ef 40       		.byte	64
 525 01f0 BF       		.byte	-65
 526 01f1 10       		.byte	16
 527 01f2 C0       		.byte	-64
 528 01f3 25       		.byte	37
 529 01f4 C1       		.byte	-63
 530 01f5 01       		.byte	1
 531 01f6 C5       		.byte	-59
 532 01f7 EB       		.byte	-21
 533 01f8 C6       		.byte	-58
 534 01f9 C0       		.byte	-64
 535 01fa C8       		.byte	-56
 536 01fb 0B       		.byte	11
 537 01fc C9       		.byte	-55
 538 01fd FF       		.byte	-1
 539 01fe CA       		.byte	-54
 540 01ff FF       		.byte	-1
 541 0200 CB       		.byte	-53
 542 0201 FF       		.byte	-1
 543 0202 CE       		.byte	-50
 544 0203 F0       		.byte	-16
 545 0204 CF       		.byte	-49
 546 0205 44       		.byte	68
 547 0206 D0       		.byte	-48
 548 0207 0C       		.byte	12
 549 0208 D4       		.byte	-44
 550 0209 01       		.byte	1
 551 020a D8       		.byte	-40
 552 020b 04       		.byte	4
 553 020c D9       		.byte	-39
 554 020d 04       		.byte	4
 555 020e DA       		.byte	-38
 556 020f 04       		.byte	4
 557 0210 DB       		.byte	-37
 558 0211 04       		.byte	4
 559 0212 DF       		.byte	-33
 560 0213 01       		.byte	1
 561 0214 E6       		.byte	-26
 562 0215 C0       		.byte	-64
 563 0216 EA       		.byte	-22
 564 0217 40       		.byte	64
 565 0218 EB       		.byte	-21
 566 0219 02       		.byte	2
 567 021a 00       		.byte	0
 568 021b 95       		.byte	-107
 569 021c 04       		.byte	4
 570 021d 05       		.byte	5
ARM GAS  C:\Users\BASILE~1.BER\AppData\Local\Temp\ccUG8ckg.s 			page 11


 571 021e 0A       		.byte	10
 572 021f 20       		.byte	32
 573 0220 0C       		.byte	12
 574 0221 10       		.byte	16
 575 0222 0D       		.byte	13
 576 0223 10       		.byte	16
 577 0224 0F       		.byte	15
 578 0225 C0       		.byte	-64
 579 0226 10       		.byte	16
 580 0227 20       		.byte	32
 581 0228 13       		.byte	19
 582 0229 20       		.byte	32
 583 022a 15       		.byte	21
 584 022b 02       		.byte	2
 585 022c 17       		.byte	23
 586 022d 20       		.byte	32
 587 022e 18       		.byte	24
 588 022f 12       		.byte	18
 589 0230 1C       		.byte	28
 590 0231 04       		.byte	4
 591 0232 1D       		.byte	29
 592 0233 08       		.byte	8
 593 0234 1E       		.byte	30
 594 0235 40       		.byte	64
 595 0236 20       		.byte	32
 596 0237 81       		.byte	-127
 597 0238 21       		.byte	33
 598 0239 01       		.byte	1
 599 023a 22       		.byte	34
 600 023b 04       		.byte	4
 601 023c 23       		.byte	35
 602 023d 24       		.byte	36
 603 023e 25       		.byte	37
 604 023f 04       		.byte	4
 605 0240 27       		.byte	39
 606 0241 42       		.byte	66
 607 0242 28       		.byte	40
 608 0243 02       		.byte	2
 609 0244 2B       		.byte	43
 610 0245 40       		.byte	64
 611 0246 2F       		.byte	47
 612 0247 58       		.byte	88
 613 0248 32       		.byte	50
 614 0249 54       		.byte	84
 615 024a 34       		.byte	52
 616 024b 80       		.byte	-128
 617 024c 36       		.byte	54
 618 024d 01       		.byte	1
 619 024e 37       		.byte	55
 620 024f 18       		.byte	24
 621 0250 38       		.byte	56
 622 0251 04       		.byte	4
 623 0252 39       		.byte	57
 624 0253 82       		.byte	-126
 625 0254 3C       		.byte	60
 626 0255 40       		.byte	64
 627 0256 3D       		.byte	61
ARM GAS  C:\Users\BASILE~1.BER\AppData\Local\Temp\ccUG8ckg.s 			page 12


 628 0257 20       		.byte	32
 629 0258 3E       		.byte	62
 630 0259 02       		.byte	2
 631 025a 3F       		.byte	63
 632 025b 20       		.byte	32
 633 025c 40       		.byte	64
 634 025d 07       		.byte	7
 635 025e 48       		.byte	72
 636 025f A0       		.byte	-96
 637 0260 49       		.byte	73
 638 0261 01       		.byte	1
 639 0262 4B       		.byte	75
 640 0263 40       		.byte	64
 641 0264 51       		.byte	81
 642 0265 10       		.byte	16
 643 0266 58       		.byte	88
 644 0267 10       		.byte	16
 645 0268 59       		.byte	89
 646 0269 05       		.byte	5
 647 026a 5A       		.byte	90
 648 026b 40       		.byte	64
 649 026c 91       		.byte	-111
 650 026d D0       		.byte	-48
 651 026e 92       		.byte	-110
 652 026f 20       		.byte	32
 653 0270 93       		.byte	-109
 654 0271 88       		.byte	-120
 655 0272 94       		.byte	-108
 656 0273 40       		.byte	64
 657 0274 96       		.byte	-106
 658 0275 80       		.byte	-128
 659 0276 97       		.byte	-105
 660 0277 20       		.byte	32
 661 0278 98       		.byte	-104
 662 0279 80       		.byte	-128
 663 027a 99       		.byte	-103
 664 027b 04       		.byte	4
 665 027c 9B       		.byte	-101
 666 027d 10       		.byte	16
 667 027e 9F       		.byte	-97
 668 027f 48       		.byte	72
 669 0280 A1       		.byte	-95
 670 0281 10       		.byte	16
 671 0282 A2       		.byte	-94
 672 0283 05       		.byte	5
 673 0284 A3       		.byte	-93
 674 0285 40       		.byte	64
 675 0286 A4       		.byte	-92
 676 0287 80       		.byte	-128
 677 0288 A5       		.byte	-91
 678 0289 08       		.byte	8
 679 028a A6       		.byte	-90
 680 028b 30       		.byte	48
 681 028c A7       		.byte	-89
 682 028d 04       		.byte	4
 683 028e B3       		.byte	-77
 684 028f 04       		.byte	4
ARM GAS  C:\Users\BASILE~1.BER\AppData\Local\Temp\ccUG8ckg.s 			page 13


 685 0290 C0       		.byte	-64
 686 0291 3F       		.byte	63
 687 0292 C2       		.byte	-62
 688 0293 54       		.byte	84
 689 0294 C4       		.byte	-60
 690 0295 56       		.byte	86
 691 0296 CA       		.byte	-54
 692 0297 E9       		.byte	-23
 693 0298 CC       		.byte	-52
 694 0299 FE       		.byte	-2
 695 029a CE       		.byte	-50
 696 029b BB       		.byte	-69
 697 029c D0       		.byte	-48
 698 029d 0C       		.byte	12
 699 029e D2       		.byte	-46
 700 029f 08       		.byte	8
 701 02a0 D6       		.byte	-42
 702 02a1 0F       		.byte	15
 703 02a2 13       		.byte	19
 704 02a3 0D       		.byte	13
 705 02a4 17       		.byte	23
 706 02a5 01       		.byte	1
 707 02a6 1C       		.byte	28
 708 02a7 01       		.byte	1
 709 02a8 1F       		.byte	31
 710 02a9 08       		.byte	8
 711 02aa 27       		.byte	39
 712 02ab 04       		.byte	4
 713 02ac 2A       		.byte	42
 714 02ad 03       		.byte	3
 715 02ae 2F       		.byte	47
 716 02af 02       		.byte	2
 717 02b0 31       		.byte	49
 718 02b1 02       		.byte	2
 719 02b2 33       		.byte	51
 720 02b3 04       		.byte	4
 721 02b4 34       		.byte	52
 722 02b5 01       		.byte	1
 723 02b6 35       		.byte	53
 724 02b7 08       		.byte	8
 725 02b8 36       		.byte	54
 726 02b9 02       		.byte	2
 727 02ba 37       		.byte	55
 728 02bb 01       		.byte	1
 729 02bc 3F       		.byte	63
 730 02bd 04       		.byte	4
 731 02be 40       		.byte	64
 732 02bf 50       		.byte	80
 733 02c0 41       		.byte	65
 734 02c1 03       		.byte	3
 735 02c2 45       		.byte	69
 736 02c3 D2       		.byte	-46
 737 02c4 46       		.byte	70
 738 02c5 01       		.byte	1
 739 02c6 47       		.byte	71
 740 02c7 05       		.byte	5
 741 02c8 48       		.byte	72
ARM GAS  C:\Users\BASILE~1.BER\AppData\Local\Temp\ccUG8ckg.s 			page 14


 742 02c9 17       		.byte	23
 743 02ca 49       		.byte	73
 744 02cb FF       		.byte	-1
 745 02cc 4A       		.byte	74
 746 02cd FF       		.byte	-1
 747 02ce 4B       		.byte	75
 748 02cf FF       		.byte	-1
 749 02d0 4D       		.byte	77
 750 02d1 A0       		.byte	-96
 751 02d2 4F       		.byte	79
 752 02d3 04       		.byte	4
 753 02d4 50       		.byte	80
 754 02d5 18       		.byte	24
 755 02d6 52       		.byte	82
 756 02d7 80       		.byte	-128
 757 02d8 54       		.byte	84
 758 02d9 07       		.byte	7
 759 02da 58       		.byte	88
 760 02db 04       		.byte	4
 761 02dc 59       		.byte	89
 762 02dd 04       		.byte	4
 763 02de 5A       		.byte	90
 764 02df 04       		.byte	4
 765 02e0 5B       		.byte	91
 766 02e1 04       		.byte	4
 767 02e2 5C       		.byte	92
 768 02e3 11       		.byte	17
 769 02e4 5D       		.byte	93
 770 02e5 11       		.byte	17
 771 02e6 5F       		.byte	95
 772 02e7 01       		.byte	1
 773 02e8 60       		.byte	96
 774 02e9 40       		.byte	64
 775 02ea 62       		.byte	98
 776 02eb C0       		.byte	-64
 777 02ec 64       		.byte	100
 778 02ed 40       		.byte	64
 779 02ee 65       		.byte	101
 780 02ef 40       		.byte	64
 781 02f0 66       		.byte	102
 782 02f1 C0       		.byte	-64
 783 02f2 68       		.byte	104
 784 02f3 C0       		.byte	-64
 785 02f4 6A       		.byte	106
 786 02f5 C0       		.byte	-64
 787 02f6 6C       		.byte	108
 788 02f7 C0       		.byte	-64
 789 02f8 6E       		.byte	110
 790 02f9 C0       		.byte	-64
 791 02fa 84       		.byte	-124
 792 02fb 20       		.byte	32
 793 02fc 86       		.byte	-122
 794 02fd C4       		.byte	-60
 795 02fe 88       		.byte	-120
 796 02ff 82       		.byte	-126
 797 0300 89       		.byte	-119
 798 0301 01       		.byte	1
ARM GAS  C:\Users\BASILE~1.BER\AppData\Local\Temp\ccUG8ckg.s 			page 15


 799 0302 8A       		.byte	-118
 800 0303 29       		.byte	41
 801 0304 94       		.byte	-108
 802 0305 41       		.byte	65
 803 0306 96       		.byte	-106
 804 0307 2A       		.byte	42
 805 0308 98       		.byte	-104
 806 0309 F3       		.byte	-13
 807 030a A3       		.byte	-93
 808 030b 03       		.byte	3
 809 030c A8       		.byte	-88
 810 030d F3       		.byte	-13
 811 030e AC       		.byte	-84
 812 030f 10       		.byte	16
 813 0310 B0       		.byte	-80
 814 0311 10       		.byte	16
 815 0312 B1       		.byte	-79
 816 0313 01       		.byte	1
 817 0314 B2       		.byte	-78
 818 0315 03       		.byte	3
 819 0316 B4       		.byte	-76
 820 0317 E0       		.byte	-32
 821 0318 B5       		.byte	-75
 822 0319 02       		.byte	2
 823 031a B6       		.byte	-74
 824 031b 0C       		.byte	12
 825 031c BE       		.byte	-66
 826 031d 40       		.byte	64
 827 031e C0       		.byte	-64
 828 031f 25       		.byte	37
 829 0320 C1       		.byte	-63
 830 0321 04       		.byte	4
 831 0322 C2       		.byte	-62
 832 0323 06       		.byte	6
 833 0324 C4       		.byte	-60
 834 0325 01       		.byte	1
 835 0326 C5       		.byte	-59
 836 0327 0E       		.byte	14
 837 0328 C7       		.byte	-57
 838 0329 0C       		.byte	12
 839 032a C8       		.byte	-56
 840 032b 11       		.byte	17
 841 032c C9       		.byte	-55
 842 032d FF       		.byte	-1
 843 032e CA       		.byte	-54
 844 032f FF       		.byte	-1
 845 0330 CB       		.byte	-53
 846 0331 FF       		.byte	-1
 847 0332 CC       		.byte	-52
 848 0333 62       		.byte	98
 849 0334 CD       		.byte	-51
 850 0335 A0       		.byte	-96
 851 0336 CE       		.byte	-50
 852 0337 F0       		.byte	-16
 853 0338 CF       		.byte	-49
 854 0339 41       		.byte	65
 855 033a D0       		.byte	-48
ARM GAS  C:\Users\BASILE~1.BER\AppData\Local\Temp\ccUG8ckg.s 			page 16


 856 033b 0C       		.byte	12
 857 033c D4       		.byte	-44
 858 033d 18       		.byte	24
 859 033e D6       		.byte	-42
 860 033f 04       		.byte	4
 861 0340 D8       		.byte	-40
 862 0341 04       		.byte	4
 863 0342 D9       		.byte	-39
 864 0343 04       		.byte	4
 865 0344 DA       		.byte	-38
 866 0345 04       		.byte	4
 867 0346 DB       		.byte	-37
 868 0347 04       		.byte	4
 869 0348 DC       		.byte	-36
 870 0349 10       		.byte	16
 871 034a DF       		.byte	-33
 872 034b 01       		.byte	1
 873 034c E6       		.byte	-26
 874 034d 40       		.byte	64
 875 034e E7       		.byte	-25
 876 034f 02       		.byte	2
 877 0350 E9       		.byte	-23
 878 0351 10       		.byte	16
 879 0352 EA       		.byte	-22
 880 0353 30       		.byte	48
 881 0354 EB       		.byte	-21
 882 0355 10       		.byte	16
 883 0356 ED       		.byte	-19
 884 0357 10       		.byte	16
 885 0358 EE       		.byte	-18
 886 0359 10       		.byte	16
 887 035a EF       		.byte	-17
 888 035b 12       		.byte	18
 889 035c 04       		.byte	4
 890 035d 14       		.byte	20
 891 035e 07       		.byte	7
 892 035f 08       		.byte	8
 893 0360 0A       		.byte	10
 894 0361 01       		.byte	1
 895 0362 0E       		.byte	14
 896 0363 28       		.byte	40
 897 0364 12       		.byte	18
 898 0365 04       		.byte	4
 899 0366 15       		.byte	21
 900 0367 50       		.byte	80
 901 0368 19       		.byte	25
 902 0369 10       		.byte	16
 903 036a 1A       		.byte	26
 904 036b 01       		.byte	1
 905 036c 1C       		.byte	28
 906 036d 54       		.byte	84
 907 036e 1D       		.byte	29
 908 036f 80       		.byte	-128
 909 0370 1E       		.byte	30
 910 0371 40       		.byte	64
 911 0372 1F       		.byte	31
 912 0373 10       		.byte	16
ARM GAS  C:\Users\BASILE~1.BER\AppData\Local\Temp\ccUG8ckg.s 			page 17


 913 0374 22       		.byte	34
 914 0375 67       		.byte	103
 915 0376 25       		.byte	37
 916 0377 10       		.byte	16
 917 0378 27       		.byte	39
 918 0379 80       		.byte	-128
 919 037a 28       		.byte	40
 920 037b 20       		.byte	32
 921 037c 29       		.byte	41
 922 037d 08       		.byte	8
 923 037e 2A       		.byte	42
 924 037f 80       		.byte	-128
 925 0380 2C       		.byte	44
 926 0381 80       		.byte	-128
 927 0382 30       		.byte	48
 928 0383 80       		.byte	-128
 929 0384 32       		.byte	50
 930 0385 09       		.byte	9
 931 0386 3D       		.byte	61
 932 0387 20       		.byte	32
 933 0388 3E       		.byte	62
 934 0389 40       		.byte	64
 935 038a 3F       		.byte	63
 936 038b 80       		.byte	-128
 937 038c 40       		.byte	64
 938 038d 20       		.byte	32
 939 038e 44       		.byte	68
 940 038f 80       		.byte	-128
 941 0390 45       		.byte	69
 942 0391 80       		.byte	-128
 943 0392 47       		.byte	71
 944 0393 10       		.byte	16
 945 0394 49       		.byte	73
 946 0395 09       		.byte	9
 947 0396 4A       		.byte	74
 948 0397 02       		.byte	2
 949 0398 4F       		.byte	79
 950 0399 A8       		.byte	-88
 951 039a 50       		.byte	80
 952 039b 80       		.byte	-128
 953 039c 52       		.byte	82
 954 039d 0C       		.byte	12
 955 039e 57       		.byte	87
 956 039f 08       		.byte	8
 957 03a0 59       		.byte	89
 958 03a1 11       		.byte	17
 959 03a2 5A       		.byte	90
 960 03a3 08       		.byte	8
 961 03a4 5B       		.byte	91
 962 03a5 80       		.byte	-128
 963 03a6 5F       		.byte	95
 964 03a7 02       		.byte	2
 965 03a8 65       		.byte	101
 966 03a9 80       		.byte	-128
 967 03aa 67       		.byte	103
 968 03ab 48       		.byte	72
 969 03ac 72       		.byte	114
ARM GAS  C:\Users\BASILE~1.BER\AppData\Local\Temp\ccUG8ckg.s 			page 18


 970 03ad 80       		.byte	-128
 971 03ae 87       		.byte	-121
 972 03af 40       		.byte	64
 973 03b0 8A       		.byte	-118
 974 03b1 12       		.byte	18
 975 03b2 91       		.byte	-111
 976 03b3 50       		.byte	80
 977 03b4 93       		.byte	-109
 978 03b5 08       		.byte	8
 979 03b6 94       		.byte	-108
 980 03b7 40       		.byte	64
 981 03b8 96       		.byte	-106
 982 03b9 80       		.byte	-128
 983 03ba 97       		.byte	-105
 984 03bb 20       		.byte	32
 985 03bc 98       		.byte	-104
 986 03bd 80       		.byte	-128
 987 03be 99       		.byte	-103
 988 03bf 80       		.byte	-128
 989 03c0 9B       		.byte	-101
 990 03c1 12       		.byte	18
 991 03c2 9E       		.byte	-98
 992 03c3 02       		.byte	2
 993 03c4 9F       		.byte	-97
 994 03c5 08       		.byte	8
 995 03c6 A2       		.byte	-94
 996 03c7 04       		.byte	4
 997 03c8 A3       		.byte	-93
 998 03c9 10       		.byte	16
 999 03ca A6       		.byte	-90
 1000 03cb 30       		.byte	48
 1001 03cc A7       		.byte	-89
 1002 03cd 0C       		.byte	12
 1003 03ce AF       		.byte	-81
 1004 03cf 04       		.byte	4
 1005 03d0 B4       		.byte	-76
 1006 03d1 01       		.byte	1
 1007 03d2 B5       		.byte	-75
 1008 03d3 84       		.byte	-124
 1009 03d4 C0       		.byte	-64
 1010 03d5 60       		.byte	96
 1011 03d6 C2       		.byte	-62
 1012 03d7 61       		.byte	97
 1013 03d8 C4       		.byte	-60
 1014 03d9 C2       		.byte	-62
 1015 03da CA       		.byte	-54
 1016 03db 8A       		.byte	-118
 1017 03dc CC       		.byte	-52
 1018 03dd 0B       		.byte	11
 1019 03de CE       		.byte	-50
 1020 03df 20       		.byte	32
 1021 03e0 D0       		.byte	-48
 1022 03e1 B2       		.byte	-78
 1023 03e2 D2       		.byte	-46
 1024 03e3 38       		.byte	56
 1025 03e4 D6       		.byte	-42
 1026 03e5 8F       		.byte	-113
ARM GAS  C:\Users\BASILE~1.BER\AppData\Local\Temp\ccUG8ckg.s 			page 19


 1027 03e6 D8       		.byte	-40
 1028 03e7 B0       		.byte	-80
 1029 03e8 E8       		.byte	-24
 1030 03e9 02       		.byte	2
 1031 03ea 32       		.byte	50
 1032 03eb 20       		.byte	32
 1033 03ec CC       		.byte	-52
 1034 03ed 10       		.byte	16
 1035 03ee A6       		.byte	-90
 1036 03ef 20       		.byte	32
 1037 03f0 A6       		.byte	-90
 1038 03f1 20       		.byte	32
 1039 03f2 A6       		.byte	-90
 1040 03f3 20       		.byte	32
 1041 03f4 83       		.byte	-125
 1042 03f5 08       		.byte	8
 1043 03f6 87       		.byte	-121
 1044 03f7 04       		.byte	4
 1045 03f8 A6       		.byte	-90
 1046 03f9 20       		.byte	32
 1047 03fa 86       		.byte	-122
 1048 03fb 20       		.byte	32
 1049 03fc A6       		.byte	-90
 1050 03fd 20       		.byte	32
 1051 03fe E6       		.byte	-26
 1052 03ff 40       		.byte	64
 1053 0400 51       		.byte	81
 1054 0401 10       		.byte	16
 1055 0402 5B       		.byte	91
 1056 0403 01       		.byte	1
 1057 0404 5F       		.byte	95
 1058 0405 08       		.byte	8
 1059 0406 67       		.byte	103
 1060 0407 08       		.byte	8
 1061 0408 91       		.byte	-111
 1062 0409 20       		.byte	32
 1063 040a 93       		.byte	-109
 1064 040b 08       		.byte	8
 1065 040c 9B       		.byte	-101
 1066 040d 08       		.byte	8
 1067 040e B1       		.byte	-79
 1068 040f 10       		.byte	16
 1069 0410 D4       		.byte	-44
 1070 0411 04       		.byte	4
 1071 0412 D6       		.byte	-42
 1072 0413 03       		.byte	3
 1073 0414 D8       		.byte	-40
 1074 0415 01       		.byte	1
 1075 0416 EC       		.byte	-20
 1076 0417 04       		.byte	4
 1077 0418 14       		.byte	20
 1078 0419 40       		.byte	64
 1079 041a 7C       		.byte	124
 1080 041b 40       		.byte	64
 1081 041c 88       		.byte	-120
 1082 041d 40       		.byte	64
 1083 041e 90       		.byte	-112
ARM GAS  C:\Users\BASILE~1.BER\AppData\Local\Temp\ccUG8ckg.s 			page 20


 1084 041f 40       		.byte	64
 1085 0420 AF       		.byte	-81
 1086 0421 01       		.byte	1
 1087 0422 B4       		.byte	-76
 1088 0423 40       		.byte	64
 1089 0424 C4       		.byte	-60
 1090 0425 04       		.byte	4
 1091 0426 DE       		.byte	-34
 1092 0427 04       		.byte	4
 1093 0428 E2       		.byte	-30
 1094 0429 01       		.byte	1
 1095 042a E8       		.byte	-24
 1096 042b 02       		.byte	2
 1097 042c 00       		.byte	0
 1098 042d 01       		.byte	1
 1099 042e 0C       		.byte	12
 1100 042f 01       		.byte	1
 1101 0430 10       		.byte	16
 1102 0431 03       		.byte	3
 1103 0432 1C       		.byte	28
 1104 0433 03       		.byte	3
 1105 0434 00       		.byte	0
 1106 0435 03       		.byte	3
 1107 0436 00       		.byte	0
 1108 0437 00       		.byte	0
 1109 0438 40       		.byte	64
 1110 0439 40       		.byte	64
 1111 043a 00       		.byte	0
 1112 043b 00       		.byte	0
 1113 043c 80       		.byte	-128
 1114 043d 00       		.byte	0
 1115 043e 00       		.byte	0
 1116 043f 00       		.byte	0
 1117 0440 A0       		.byte	-96
 1118 0441 50       		.byte	80
 1119 0442 50       		.byte	80
 1120 0443 00       		.byte	0
 1121 0444 40       		.byte	64
 1122 0445 00       		.byte	0
 1123 0446 00       		.byte	0
 1124 0447 50       		.byte	80
 1125 0448 00       		.byte	0
 1126 0449 A0       		.byte	-96
 1127 044a 00       		.byte	0
 1128 044b 50       		.byte	80
 1129 044c 50       		.byte	80
 1130 044d 00       		.byte	0
 1131 044e 00       		.byte	0
 1132 044f 00       		.byte	0
 1133 0450 00       		.byte	0
 1134 0451 FC       		.byte	-4
 1135 0452 78       		.byte	120
 1136 0453 00       		.byte	0
 1137 0454 78       		.byte	120
 1138 0455 00       		.byte	0
 1139 0456 00       		.byte	0
 1140 0457 00       		.byte	0
ARM GAS  C:\Users\BASILE~1.BER\AppData\Local\Temp\ccUG8ckg.s 			page 21


 1141 0458 00       		.byte	0
 1142 0459 7F       		.byte	127
 1143 045a 7F       		.byte	127
 1144 045b 00       		.byte	0
 1145 045c 00       		.byte	0
 1146 045d 00       		.byte	0
 1147 045e 00       		.byte	0
 1148 045f 00       		.byte	0
 1149 0460 20       		.byte	32
 1150 0461 00       		.byte	0
 1151 0462 00       		.byte	0
 1152 0463 3F       		.byte	63
 1153 0464 1F       		.byte	31
 1154 0465 00       		.byte	0
 1155 0466 00       		.byte	0
 1156 0467 00       		.byte	0
 1157 0468 00       		.byte	0
 1158 0469 00       		.byte	0
 1159 046a 00       		.byte	0
 1160 046b 00       		.byte	0
 1161              		.section	.cywolatch,"a",%progbits
 1162              		.align	2
 1163              		.type	cy_meta_wonvl, %object
 1164              		.size	cy_meta_wonvl, 4
 1165              	cy_meta_wonvl:
 1166 0000 BC       		.byte	-68
 1167 0001 90       		.byte	-112
 1168 0002 AC       		.byte	-84
 1169 0003 AF       		.byte	-81
 1170              		.section	.cycustnvl,"a",%progbits
 1171              		.align	2
 1172              		.type	cy_meta_custnvl, %object
 1173              		.size	cy_meta_custnvl, 4
 1174              	cy_meta_custnvl:
 1175 0000 00       		.byte	0
 1176 0001 00       		.byte	0
 1177 0002 40       		.byte	64
 1178 0003 07       		.byte	7
 1179              		.section	.cymeta,"a",%progbits
 1180              		.align	2
 1181              		.type	cy_metadata, %object
 1182              		.size	cy_metadata, 12
 1183              	cy_metadata:
 1184 0000 00       		.byte	0
 1185 0001 01       		.byte	1
 1186 0002 2E       		.byte	46
 1187 0003 16       		.byte	22
 1188 0004 10       		.byte	16
 1189 0005 69       		.byte	105
 1190 0006 00       		.byte	0
 1191 0007 01       		.byte	1
 1192 0008 00       		.byte	0
 1193 0009 00       		.byte	0
 1194 000a 00       		.byte	0
 1195 000b 00       		.byte	0
 1196              		.section	.cyflashprotect,"a",%progbits
 1197              		.align	2
ARM GAS  C:\Users\BASILE~1.BER\AppData\Local\Temp\ccUG8ckg.s 			page 22


 1198              		.type	cy_meta_flashprotect, %object
 1199              		.size	cy_meta_flashprotect, 256
 1200              	cy_meta_flashprotect:
 1201 0000 00000000 		.space	256
 1201      00000000 
 1201      00000000 
 1201      00000000 
 1201      00000000 
 1202              		.text
 1203              	.Letext0:
 1204              		.file 1 "c:\\program files (x86)\\cypress\\psoc creator\\4.2\\psoc creator\\import\\gnu\\arm\\5.4.
 1205              		.file 2 "c:\\program files (x86)\\cypress\\psoc creator\\4.2\\psoc creator\\import\\gnu\\arm\\5.4.
 1206              		.file 3 "Generated_Source\\PSoC5\\cymetadata.c"
 1207              		.section	.debug_info,"",%progbits
 1208              	.Ldebug_info0:
 1209 0000 32010000 		.4byte	0x132
 1210 0004 0400     		.2byte	0x4
 1211 0006 00000000 		.4byte	.Ldebug_abbrev0
 1212 000a 04       		.byte	0x4
 1213 000b 01       		.uleb128 0x1
 1214 000c 24000000 		.4byte	.LASF17
 1215 0010 0C       		.byte	0xc
 1216 0011 E9010000 		.4byte	.LASF18
 1217 0015 D7000000 		.4byte	.LASF19
 1218 0019 00000000 		.4byte	.Ldebug_line0
 1219 001d 02       		.uleb128 0x2
 1220 001e 01       		.byte	0x1
 1221 001f 06       		.byte	0x6
 1222 0020 DD010000 		.4byte	.LASF0
 1223 0024 03       		.uleb128 0x3
 1224 0025 00000000 		.4byte	.LASF9
 1225 0029 01       		.byte	0x1
 1226 002a 1D       		.byte	0x1d
 1227 002b 2F000000 		.4byte	0x2f
 1228 002f 02       		.uleb128 0x2
 1229 0030 01       		.byte	0x1
 1230 0031 08       		.byte	0x8
 1231 0032 16000000 		.4byte	.LASF1
 1232 0036 02       		.uleb128 0x2
 1233 0037 02       		.byte	0x2
 1234 0038 05       		.byte	0x5
 1235 0039 CA010000 		.4byte	.LASF2
 1236 003d 02       		.uleb128 0x2
 1237 003e 02       		.byte	0x2
 1238 003f 07       		.byte	0x7
 1239 0040 C4000000 		.4byte	.LASF3
 1240 0044 02       		.uleb128 0x2
 1241 0045 04       		.byte	0x4
 1242 0046 05       		.byte	0x5
 1243 0047 D4010000 		.4byte	.LASF4
 1244 004b 02       		.uleb128 0x2
 1245 004c 04       		.byte	0x4
 1246 004d 07       		.byte	0x7
 1247 004e B2000000 		.4byte	.LASF5
 1248 0052 02       		.uleb128 0x2
 1249 0053 08       		.byte	0x8
 1250 0054 05       		.byte	0x5
ARM GAS  C:\Users\BASILE~1.BER\AppData\Local\Temp\ccUG8ckg.s 			page 23


 1251 0055 BC010000 		.4byte	.LASF6
 1252 0059 02       		.uleb128 0x2
 1253 005a 08       		.byte	0x8
 1254 005b 07       		.byte	0x7
 1255 005c 71010000 		.4byte	.LASF7
 1256 0060 04       		.uleb128 0x4
 1257 0061 04       		.byte	0x4
 1258 0062 05       		.byte	0x5
 1259 0063 696E7400 		.ascii	"int\000"
 1260 0067 02       		.uleb128 0x2
 1261 0068 04       		.byte	0x4
 1262 0069 07       		.byte	0x7
 1263 006a 64010000 		.4byte	.LASF8
 1264 006e 03       		.uleb128 0x3
 1265 006f 88010000 		.4byte	.LASF10
 1266 0073 02       		.byte	0x2
 1267 0074 18       		.byte	0x18
 1268 0075 24000000 		.4byte	0x24
 1269 0079 05       		.uleb128 0x5
 1270 007a 91000000 		.4byte	0x91
 1271 007e 8A000000 		.4byte	0x8a
 1272 0082 06       		.uleb128 0x6
 1273 0083 8A000000 		.4byte	0x8a
 1274 0087 6B04     		.2byte	0x46b
 1275 0089 00       		.byte	0
 1276 008a 02       		.uleb128 0x2
 1277 008b 04       		.byte	0x4
 1278 008c 07       		.byte	0x7
 1279 008d B3010000 		.4byte	.LASF11
 1280 0091 07       		.uleb128 0x7
 1281 0092 6E000000 		.4byte	0x6e
 1282 0096 08       		.uleb128 0x8
 1283 0097 52010000 		.4byte	.LASF12
 1284 009b 03       		.byte	0x3
 1285 009c 1F       		.byte	0x1f
 1286 009d A7000000 		.4byte	0xa7
 1287 00a1 05       		.uleb128 0x5
 1288 00a2 03       		.byte	0x3
 1289 00a3 00000000 		.4byte	cy_meta_configecc
 1290 00a7 07       		.uleb128 0x7
 1291 00a8 79000000 		.4byte	0x79
 1292 00ac 05       		.uleb128 0x5
 1293 00ad 91000000 		.4byte	0x91
 1294 00b1 BC000000 		.4byte	0xbc
 1295 00b5 09       		.uleb128 0x9
 1296 00b6 8A000000 		.4byte	0x8a
 1297 00ba 03       		.byte	0x3
 1298 00bb 00       		.byte	0
 1299 00bc 08       		.uleb128 0x8
 1300 00bd 42010000 		.4byte	.LASF13
 1301 00c1 03       		.byte	0x3
 1302 00c2 BA       		.byte	0xba
 1303 00c3 CD000000 		.4byte	0xcd
 1304 00c7 05       		.uleb128 0x5
 1305 00c8 03       		.byte	0x3
 1306 00c9 00000000 		.4byte	cy_meta_custnvl
 1307 00cd 07       		.uleb128 0x7
ARM GAS  C:\Users\BASILE~1.BER\AppData\Local\Temp\ccUG8ckg.s 			page 24


 1308 00ce AC000000 		.4byte	0xac
 1309 00d2 08       		.uleb128 0x8
 1310 00d3 A5010000 		.4byte	.LASF14
 1311 00d7 03       		.byte	0x3
 1312 00d8 C8       		.byte	0xc8
 1313 00d9 E3000000 		.4byte	0xe3
 1314 00dd 05       		.uleb128 0x5
 1315 00de 03       		.byte	0x3
 1316 00df 00000000 		.4byte	cy_meta_wonvl
 1317 00e3 07       		.uleb128 0x7
 1318 00e4 AC000000 		.4byte	0xac
 1319 00e8 05       		.uleb128 0x5
 1320 00e9 91000000 		.4byte	0x91
 1321 00ed F8000000 		.4byte	0xf8
 1322 00f1 09       		.uleb128 0x9
 1323 00f2 8A000000 		.4byte	0x8a
 1324 00f6 FF       		.byte	0xff
 1325 00f7 00       		.byte	0
 1326 00f8 08       		.uleb128 0x8
 1327 00f9 90010000 		.4byte	.LASF15
 1328 00fd 03       		.byte	0x3
 1329 00fe D6       		.byte	0xd6
 1330 00ff 09010000 		.4byte	0x109
 1331 0103 05       		.uleb128 0x5
 1332 0104 03       		.byte	0x3
 1333 0105 00000000 		.4byte	cy_meta_flashprotect
 1334 0109 07       		.uleb128 0x7
 1335 010a E8000000 		.4byte	0xe8
 1336 010e 05       		.uleb128 0x5
 1337 010f 91000000 		.4byte	0x91
 1338 0113 1E010000 		.4byte	0x11e
 1339 0117 09       		.uleb128 0x9
 1340 0118 8A000000 		.4byte	0x8a
 1341 011c 0B       		.byte	0xb
 1342 011d 00       		.byte	0
 1343 011e 0A       		.uleb128 0xa
 1344 011f 0A000000 		.4byte	.LASF16
 1345 0123 03       		.byte	0x3
 1346 0124 0301     		.2byte	0x103
 1347 0126 30010000 		.4byte	0x130
 1348 012a 05       		.uleb128 0x5
 1349 012b 03       		.byte	0x3
 1350 012c 00000000 		.4byte	cy_metadata
 1351 0130 07       		.uleb128 0x7
 1352 0131 0E010000 		.4byte	0x10e
 1353 0135 00       		.byte	0
 1354              		.section	.debug_abbrev,"",%progbits
 1355              	.Ldebug_abbrev0:
 1356 0000 01       		.uleb128 0x1
 1357 0001 11       		.uleb128 0x11
 1358 0002 01       		.byte	0x1
 1359 0003 25       		.uleb128 0x25
 1360 0004 0E       		.uleb128 0xe
 1361 0005 13       		.uleb128 0x13
 1362 0006 0B       		.uleb128 0xb
 1363 0007 03       		.uleb128 0x3
 1364 0008 0E       		.uleb128 0xe
ARM GAS  C:\Users\BASILE~1.BER\AppData\Local\Temp\ccUG8ckg.s 			page 25


 1365 0009 1B       		.uleb128 0x1b
 1366 000a 0E       		.uleb128 0xe
 1367 000b 10       		.uleb128 0x10
 1368 000c 17       		.uleb128 0x17
 1369 000d 00       		.byte	0
 1370 000e 00       		.byte	0
 1371 000f 02       		.uleb128 0x2
 1372 0010 24       		.uleb128 0x24
 1373 0011 00       		.byte	0
 1374 0012 0B       		.uleb128 0xb
 1375 0013 0B       		.uleb128 0xb
 1376 0014 3E       		.uleb128 0x3e
 1377 0015 0B       		.uleb128 0xb
 1378 0016 03       		.uleb128 0x3
 1379 0017 0E       		.uleb128 0xe
 1380 0018 00       		.byte	0
 1381 0019 00       		.byte	0
 1382 001a 03       		.uleb128 0x3
 1383 001b 16       		.uleb128 0x16
 1384 001c 00       		.byte	0
 1385 001d 03       		.uleb128 0x3
 1386 001e 0E       		.uleb128 0xe
 1387 001f 3A       		.uleb128 0x3a
 1388 0020 0B       		.uleb128 0xb
 1389 0021 3B       		.uleb128 0x3b
 1390 0022 0B       		.uleb128 0xb
 1391 0023 49       		.uleb128 0x49
 1392 0024 13       		.uleb128 0x13
 1393 0025 00       		.byte	0
 1394 0026 00       		.byte	0
 1395 0027 04       		.uleb128 0x4
 1396 0028 24       		.uleb128 0x24
 1397 0029 00       		.byte	0
 1398 002a 0B       		.uleb128 0xb
 1399 002b 0B       		.uleb128 0xb
 1400 002c 3E       		.uleb128 0x3e
 1401 002d 0B       		.uleb128 0xb
 1402 002e 03       		.uleb128 0x3
 1403 002f 08       		.uleb128 0x8
 1404 0030 00       		.byte	0
 1405 0031 00       		.byte	0
 1406 0032 05       		.uleb128 0x5
 1407 0033 01       		.uleb128 0x1
 1408 0034 01       		.byte	0x1
 1409 0035 49       		.uleb128 0x49
 1410 0036 13       		.uleb128 0x13
 1411 0037 01       		.uleb128 0x1
 1412 0038 13       		.uleb128 0x13
 1413 0039 00       		.byte	0
 1414 003a 00       		.byte	0
 1415 003b 06       		.uleb128 0x6
 1416 003c 21       		.uleb128 0x21
 1417 003d 00       		.byte	0
 1418 003e 49       		.uleb128 0x49
 1419 003f 13       		.uleb128 0x13
 1420 0040 2F       		.uleb128 0x2f
 1421 0041 05       		.uleb128 0x5
ARM GAS  C:\Users\BASILE~1.BER\AppData\Local\Temp\ccUG8ckg.s 			page 26


 1422 0042 00       		.byte	0
 1423 0043 00       		.byte	0
 1424 0044 07       		.uleb128 0x7
 1425 0045 26       		.uleb128 0x26
 1426 0046 00       		.byte	0
 1427 0047 49       		.uleb128 0x49
 1428 0048 13       		.uleb128 0x13
 1429 0049 00       		.byte	0
 1430 004a 00       		.byte	0
 1431 004b 08       		.uleb128 0x8
 1432 004c 34       		.uleb128 0x34
 1433 004d 00       		.byte	0
 1434 004e 03       		.uleb128 0x3
 1435 004f 0E       		.uleb128 0xe
 1436 0050 3A       		.uleb128 0x3a
 1437 0051 0B       		.uleb128 0xb
 1438 0052 3B       		.uleb128 0x3b
 1439 0053 0B       		.uleb128 0xb
 1440 0054 49       		.uleb128 0x49
 1441 0055 13       		.uleb128 0x13
 1442 0056 3F       		.uleb128 0x3f
 1443 0057 19       		.uleb128 0x19
 1444 0058 02       		.uleb128 0x2
 1445 0059 18       		.uleb128 0x18
 1446 005a 00       		.byte	0
 1447 005b 00       		.byte	0
 1448 005c 09       		.uleb128 0x9
 1449 005d 21       		.uleb128 0x21
 1450 005e 00       		.byte	0
 1451 005f 49       		.uleb128 0x49
 1452 0060 13       		.uleb128 0x13
 1453 0061 2F       		.uleb128 0x2f
 1454 0062 0B       		.uleb128 0xb
 1455 0063 00       		.byte	0
 1456 0064 00       		.byte	0
 1457 0065 0A       		.uleb128 0xa
 1458 0066 34       		.uleb128 0x34
 1459 0067 00       		.byte	0
 1460 0068 03       		.uleb128 0x3
 1461 0069 0E       		.uleb128 0xe
 1462 006a 3A       		.uleb128 0x3a
 1463 006b 0B       		.uleb128 0xb
 1464 006c 3B       		.uleb128 0x3b
 1465 006d 05       		.uleb128 0x5
 1466 006e 49       		.uleb128 0x49
 1467 006f 13       		.uleb128 0x13
 1468 0070 3F       		.uleb128 0x3f
 1469 0071 19       		.uleb128 0x19
 1470 0072 02       		.uleb128 0x2
 1471 0073 18       		.uleb128 0x18
 1472 0074 00       		.byte	0
 1473 0075 00       		.byte	0
 1474 0076 00       		.byte	0
 1475              		.section	.debug_aranges,"",%progbits
 1476 0000 14000000 		.4byte	0x14
 1477 0004 0200     		.2byte	0x2
 1478 0006 00000000 		.4byte	.Ldebug_info0
ARM GAS  C:\Users\BASILE~1.BER\AppData\Local\Temp\ccUG8ckg.s 			page 27


 1479 000a 04       		.byte	0x4
 1480 000b 00       		.byte	0
 1481 000c 0000     		.2byte	0
 1482 000e 0000     		.2byte	0
 1483 0010 00000000 		.4byte	0
 1484 0014 00000000 		.4byte	0
 1485              		.section	.debug_line,"",%progbits
 1486              	.Ldebug_line0:
 1487 0000 3D010000 		.section	.debug_str,"MS",%progbits,1
 1487      02003701 
 1487      00000201 
 1487      FB0E0D00 
 1487      01010101 
 1488              	.LASF9:
 1489 0000 5F5F7569 		.ascii	"__uint8_t\000"
 1489      6E74385F 
 1489      7400
 1490              	.LASF16:
 1491 000a 63795F6D 		.ascii	"cy_metadata\000"
 1491      65746164 
 1491      61746100 
 1492              	.LASF1:
 1493 0016 756E7369 		.ascii	"unsigned char\000"
 1493      676E6564 
 1493      20636861 
 1493      7200
 1494              	.LASF17:
 1495 0024 474E5520 		.ascii	"GNU C11 5.4.1 20160609 (release) [ARM/embedded-5-br"
 1495      43313120 
 1495      352E342E 
 1495      31203230 
 1495      31363036 
 1496 0057 616E6368 		.ascii	"anch revision 237715] -mcpu=cortex-m3 -mthumb -g -O"
 1496      20726576 
 1496      6973696F 
 1496      6E203233 
 1496      37373135 
 1497 008a 67202D66 		.ascii	"g -ffunction-sections -ffat-lto-objects\000"
 1497      66756E63 
 1497      74696F6E 
 1497      2D736563 
 1497      74696F6E 
 1498              	.LASF5:
 1499 00b2 6C6F6E67 		.ascii	"long unsigned int\000"
 1499      20756E73 
 1499      69676E65 
 1499      6420696E 
 1499      7400
 1500              	.LASF3:
 1501 00c4 73686F72 		.ascii	"short unsigned int\000"
 1501      7420756E 
 1501      7369676E 
 1501      65642069 
 1501      6E7400
 1502              	.LASF19:
 1503 00d7 433A5C55 		.ascii	"C:\\Users\\basile.berckmoes\\Documents\\GitHub\\Rob"
 1503      73657273 
ARM GAS  C:\Users\BASILE~1.BER\AppData\Local\Temp\ccUG8ckg.s 			page 28


 1503      5C626173 
 1503      696C652E 
 1503      62657263 
 1504 0105 6F74436F 		.ascii	"otComp2ELO\\Software\\PSoc\\Roadster\\Roadster\\Roa"
 1504      6D703245 
 1504      4C4F5C53 
 1504      6F667477 
 1504      6172655C 
 1505 0133 64737465 		.ascii	"dster1.0.cydsn\000"
 1505      72312E30 
 1505      2E637964 
 1505      736E00
 1506              	.LASF13:
 1507 0142 63795F6D 		.ascii	"cy_meta_custnvl\000"
 1507      6574615F 
 1507      63757374 
 1507      6E766C00 
 1508              	.LASF12:
 1509 0152 63795F6D 		.ascii	"cy_meta_configecc\000"
 1509      6574615F 
 1509      636F6E66 
 1509      69676563 
 1509      6300
 1510              	.LASF8:
 1511 0164 756E7369 		.ascii	"unsigned int\000"
 1511      676E6564 
 1511      20696E74 
 1511      00
 1512              	.LASF7:
 1513 0171 6C6F6E67 		.ascii	"long long unsigned int\000"
 1513      206C6F6E 
 1513      6720756E 
 1513      7369676E 
 1513      65642069 
 1514              	.LASF10:
 1515 0188 75696E74 		.ascii	"uint8_t\000"
 1515      385F7400 
 1516              	.LASF15:
 1517 0190 63795F6D 		.ascii	"cy_meta_flashprotect\000"
 1517      6574615F 
 1517      666C6173 
 1517      6870726F 
 1517      74656374 
 1518              	.LASF14:
 1519 01a5 63795F6D 		.ascii	"cy_meta_wonvl\000"
 1519      6574615F 
 1519      776F6E76 
 1519      6C00
 1520              	.LASF11:
 1521 01b3 73697A65 		.ascii	"sizetype\000"
 1521      74797065 
 1521      00
 1522              	.LASF6:
 1523 01bc 6C6F6E67 		.ascii	"long long int\000"
 1523      206C6F6E 
 1523      6720696E 
 1523      7400
ARM GAS  C:\Users\BASILE~1.BER\AppData\Local\Temp\ccUG8ckg.s 			page 29


 1524              	.LASF2:
 1525 01ca 73686F72 		.ascii	"short int\000"
 1525      7420696E 
 1525      7400
 1526              	.LASF4:
 1527 01d4 6C6F6E67 		.ascii	"long int\000"
 1527      20696E74 
 1527      00
 1528              	.LASF0:
 1529 01dd 7369676E 		.ascii	"signed char\000"
 1529      65642063 
 1529      68617200 
 1530              	.LASF18:
 1531 01e9 47656E65 		.ascii	"Generated_Source\\PSoC5\\cymetadata.c\000"
 1531      72617465 
 1531      645F536F 
 1531      75726365 
 1531      5C50536F 
 1532              		.ident	"GCC: (GNU Tools for ARM Embedded Processors) 5.4.1 20160609 (release) [ARM/embedded-5-bran
