#***************************************************************************

#sjplacer

#Version:            1.1

#Build Date:         Jul 19 2017 14:31:00

#File Generated:     Apr 21 2018 14:45:20

#Purpose:            

#Copyright (C) 2010-2011 by Softjin Technologies Pvt Ltd. All rights reserved.

#***************************************************************************

Executing : C:\Program Files (x86)\Cypress\PSoC Creator\4.1\PSoC Creator\bin/sjplacer.exe --proj-name Roadster1.0 --netlist-vh2 Roadster1.0_p.vh2 --arch p35_udb4x6 --arch-file C:\Program Files (x86)\Cypress\PSoC Creator\4.1\PSoC Creator\dev\arch/udbdsi_4x6_24.cydata --ip-file C:\Program Files (x86)\Cypress\PSoC Creator\4.1\PSoC Creator\dev\psoc5/psoc5lp/ip_blocks.cydata --rrg-file C:\Program Files (x86)\Cypress\PSoC Creator\4.1\PSoC Creator\dev\psoc5/psoc5lp/route_arch-rrg.cydata --irq-file C:\Program Files (x86)\Cypress\PSoC Creator\4.1\PSoC Creator\dev\psoc5/psoc5lp/irqconn.cydata --drq-file C:\Program Files (x86)\Cypress\PSoC Creator\4.1\PSoC Creator\dev\psoc5/psoc5lp/dmaconn.cydata --dsi-conn-file C:\Program Files (x86)\Cypress\PSoC Creator\4.1\PSoC Creator\dev\psoc5/psoc5lp/dsiconn.cydata --pins-file pins_68-QFN.xml --lib-file Roadster1.0_p.lib --sdc-file Roadster1.0.sdc --io-pcf Roadster1.0.pci --outdir .

		Softjin Techologies Placer, Version 1.1

Build Date : Jul 19 2017	14:29:55

D2004: Option and Settings Summary
=============================================================
Netlist vh2 file          - Roadster1.0_p.vh2
Architecture file         - C:\Program Files (x86)\Cypress\PSoC Creator\4.1\PSoC Creator\dev\arch/udbdsi_4x6_24.cydata
Package                   - 
Defparam file             - 
SDC file                  - Roadster1.0.sdc
Output directory          - .
Timing library            - Roadster1.0_p.lib
IO Placement file         - Roadster1.0.pci

D2050: Starting reading inputs for placer
=============================================================
D2065: Reading netlist file : "Roadster1.0_p.vh2"
D2065: Reading arch file : "C:\Program Files (x86)\Cypress\PSoC Creator\4.1\PSoC Creator\dev\arch/udbdsi_4x6_24.cydata"
D2051: Reading of inputs for placer completed successfully

D2053: Starting placement of the design
=============================================================

Phase 2
Phase 3

Design Statistics after Packing
    Number of Combinational MCs 	:	14
    Number of Sequential MCs    	:	97
    Number of DPs               	:	4
    Number of Controls          	:	5
    Number of Status            	:	4
    Number of SyncCells         	:	1
    Number of count7cells       	:	2

Device Utilization Summary after Packing
    Macrocells                  :	111/192
    UDBS                        :	16/24
    IOs                         :	33/72


D2088: Phase 3, elapsed time : 0.0 (sec)

Phase 4
D2088: Phase 4, elapsed time : 0.0 (sec)

Phase 5
D2088: Phase 5, elapsed time : 0.0 (sec)

Phase 6

######################################################################
Placement Timing Summary

The timing summary is based on estimated routing delays after
placement. For final timing report, please carry out the timing
analysis after routing.
======================================================================

######################################################################
                     Clock Summary 
======================================================================
Number of clocks: 13
Clock: ADC_IR_IntClock      | Frequency:  34.1 MHz | Target:   1.0 MHz
Clock: ADC_IR_IntClock(routed) | Frequency: N/A       | Target:   1.0 MHz
Clock: BleUart_IntClock     | Frequency:  48.8 MHz | Target:   0.3 MHz
Clock: Clock_1              | Frequency:  58.6 MHz | Target:   0.0 MHz
Clock: Clock_3              | Frequency: N/A       | Target:   0.0 MHz
Clock: CyBUS_CLK            | Frequency:  48.9 MHz | Target:  24.0 MHz
Clock: CyBUS_CLK(fixed-function) | Frequency: N/A       | Target:  24.0 MHz
Clock: CyILO                | Frequency: N/A       | Target:   0.0 MHz
Clock: CyIMO                | Frequency: N/A       | Target:   3.0 MHz
Clock: CyMASTER_CLK         | Frequency: N/A       | Target:  24.0 MHz
Clock: CyPLL_OUT            | Frequency: N/A       | Target:  24.0 MHz
Clock: timer_clock_1        | Frequency: N/A       | Target:   0.1 MHz
Clock: timer_clock_1(fixed-function) | Frequency: N/A       | Target:   0.1 MHz

======================================================================
                     End of Clock Summary
######################################################################

D2088: Phase 6, elapsed time : 0.1 (sec)

Phase 7
######################################################################
                     Clock Summary 
======================================================================
Number of clocks: 13
Clock: ADC_IR_IntClock      | Frequency:   5.5 MHz | Target:   1.0 MHz
Clock: ADC_IR_IntClock(routed) | Frequency: N/A       | Target:   1.0 MHz
Clock: BleUart_IntClock     | Frequency:   1.4 MHz | Target:   0.3 MHz
Clock: Clock_1              | Frequency:  58.6 MHz | Target:   0.0 MHz
Clock: Clock_3              | Frequency: N/A       | Target:   0.0 MHz
Clock: CyBUS_CLK            | Frequency:   1.4 MHz | Target:  24.0 MHz
Clock: CyBUS_CLK(fixed-function) | Frequency: N/A       | Target:  24.0 MHz
Clock: CyILO                | Frequency: N/A       | Target:   0.0 MHz
Clock: CyIMO                | Frequency: N/A       | Target:   3.0 MHz
Clock: CyMASTER_CLK         | Frequency: N/A       | Target:  24.0 MHz
Clock: CyPLL_OUT            | Frequency: N/A       | Target:  24.0 MHz
Clock: timer_clock_1        | Frequency: N/A       | Target:   0.1 MHz
Clock: timer_clock_1(fixed-function) | Frequency: N/A       | Target:   0.1 MHz

======================================================================
                     End of Clock Summary
######################################################################
D2088: Phase 7, elapsed time : 3.0 (sec)

Final Design Statistics
    Number of Combinational MCs 	:	14
    Number of Sequential MCs    	:	97
    Number of DPs               	:	4
    Number of Controls          	:	5
    Number of Status            	:	4
    Number of SyncCells         	:	1
    Number of count7cells       	:	2
    Number of IOs       	:	33

Device Utilization Summary
    Macrocells                  :	111/192
    IOs                         :	33/72



######################################################################
Placement Timing Summary

The timing summary is based on estimated routing delays after
placement. For final timing report, please carry out the timing
analysis after routing.
======================================================================


######################################################################
                     Clock Summary 
======================================================================
Number of clocks: 13
Clock: ADC_IR_IntClock      | Frequency:   5.9 MHz | Target:   1.0 MHz
Clock: ADC_IR_IntClock(routed) | Frequency: N/A       | Target:   1.0 MHz
Clock: BleUart_IntClock     | Frequency:   1.4 MHz | Target:   0.3 MHz
Clock: Clock_1              | Frequency:  85.3 MHz | Target:   0.0 MHz
Clock: Clock_3              | Frequency: N/A       | Target:   0.0 MHz
Clock: CyBUS_CLK            | Frequency:   1.4 MHz | Target:  24.0 MHz
Clock: CyBUS_CLK(fixed-function) | Frequency: N/A       | Target:  24.0 MHz
Clock: CyILO                | Frequency: N/A       | Target:   0.0 MHz
Clock: CyIMO                | Frequency: N/A       | Target:   3.0 MHz
Clock: CyMASTER_CLK         | Frequency: N/A       | Target:  24.0 MHz
Clock: CyPLL_OUT            | Frequency: N/A       | Target:  24.0 MHz
Clock: timer_clock_1        | Frequency: N/A       | Target:   0.1 MHz
Clock: timer_clock_1(fixed-function) | Frequency: N/A       | Target:   0.1 MHz

======================================================================
                     End of Clock Summary
######################################################################

Phase 8
D2088: Phase 8, elapsed time : 0.0 (sec)

D2054: Placement of the design completed successfully

I2076: Total run-time: 3.9 sec.

